Determining if the pthread_create exist failed with the following output:
Change Dir: /home/mikel/workspace/ros/PacBot/PacBot/Brian/checker/build/CMakeFiles/CMakeTmp

Run Build Command:/usr/bin/make "cmTryCompileExec4265136087/fast"
make[1]: Entering directory `/home/mikel/workspace/ros/PacBot/PacBot/Brian/checker/build/CMakeFiles/CMakeTmp'
/usr/bin/make -f CMakeFiles/cmTryCompileExec4265136087.dir/build.make CMakeFiles/cmTryCompileExec4265136087.dir/build
make[2]: Entering directory `/home/mikel/workspace/ros/PacBot/PacBot/Brian/checker/build/CMakeFiles/CMakeTmp'
/usr/bin/cmake -E cmake_progress_report /home/mikel/workspace/ros/PacBot/PacBot/Brian/checker/build/CMakeFiles/CMakeTmp/CMakeFiles 1
Building C object CMakeFiles/cmTryCompileExec4265136087.dir/CheckSymbolExists.c.o
/usr/bin/cc    -o CMakeFiles/cmTryCompileExec4265136087.dir/CheckSymbolExists.c.o   -c /home/mikel/workspace/ros/PacBot/PacBot/Brian/checker/build/CMakeFiles/CMakeTmp/CheckSymbolExists.c
Linking C executable cmTryCompileExec4265136087
/usr/bin/cmake -E cmake_link_script CMakeFiles/cmTryCompileExec4265136087.dir/link.txt --verbose=1
/usr/bin/cc         CMakeFiles/cmTryCompileExec4265136087.dir/CheckSymbolExists.c.o  -o cmTryCompileExec4265136087 -rdynamic 
CMakeFiles/cmTryCompileExec4265136087.dir/CheckSymbolExists.c.o: In function `main':
CheckSymbolExists.c:(.text+0x16): undefined reference to `pthread_create'
collect2: error: ld returned 1 exit status
make[2]: *** [cmTryCompileExec4265136087] Error 1
make[2]: Leaving directory `/home/mikel/workspace/ros/PacBot/PacBot/Brian/checker/build/CMakeFiles/CMakeTmp'
make[1]: Leaving directory `/home/mikel/workspace/ros/PacBot/PacBot/Brian/checker/build/CMakeFiles/CMakeTmp'
make[1]: *** [cmTryCompileExec4265136087/fast] Error 2

File /home/mikel/workspace/ros/PacBot/PacBot/Brian/checker/build/CMakeFiles/CMakeTmp/CheckSymbolExists.c:
/* */
#include <pthread.h>

int main(int argc, char** argv)
{
  (void)argv;
#ifndef pthread_create
  return ((int*)(&pthread_create))[argc];
#else
  (void)argc;
  return 0;
#endif
}

Determining if the function pthread_create exists in the pthreads failed with the following output:
Change Dir: /home/mikel/workspace/ros/PacBot/PacBot/Brian/checker/build/CMakeFiles/CMakeTmp

Run Build Command:/usr/bin/make "cmTryCompileExec821013481/fast"
make[1]: Entering directory `/home/mikel/workspace/ros/PacBot/PacBot/Brian/checker/build/CMakeFiles/CMakeTmp'
/usr/bin/make -f CMakeFiles/cmTryCompileExec821013481.dir/build.make CMakeFiles/cmTryCompileExec821013481.dir/build
make[2]: Entering directory `/home/mikel/workspace/ros/PacBot/PacBot/Brian/checker/build/CMakeFiles/CMakeTmp'
/usr/bin/cmake -E cmake_progress_report /home/mikel/workspace/ros/PacBot/PacBot/Brian/checker/build/CMakeFiles/CMakeTmp/CMakeFiles 1
Building C object CMakeFiles/cmTryCompileExec821013481.dir/CheckFunctionExists.c.o
/usr/bin/cc   -DCHECK_FUNCTION_EXISTS=pthread_create   -o CMakeFiles/cmTryCompileExec821013481.dir/CheckFunctionExists.c.o   -c /usr/share/cmake-2.8/Modules/CheckFunctionExists.c
Linking C executable cmTryCompileExec821013481
/usr/bin/cmake -E cmake_link_script CMakeFiles/cmTryCompileExec821013481.dir/link.txt --verbose=1
/usr/bin/cc     -DCHECK_FUNCTION_EXISTS=pthread_create    CMakeFiles/cmTryCompileExec821013481.dir/CheckFunctionExists.c.o  -o cmTryCompileExec821013481 -rdynamic -lpthreads 
/usr/bin/ld: cannot find -lpthreads
collect2: error: ld returned 1 exit status
make[2]: *** [cmTryCompileExec821013481] Error 1
make[2]: Leaving directory `/home/mikel/workspace/ros/PacBot/PacBot/Brian/checker/build/CMakeFiles/CMakeTmp'
make[1]: *** [cmTryCompileExec821013481/fast] Error 2
make[1]: Leaving directory `/home/mikel/workspace/ros/PacBot/PacBot/Brian/checker/build/CMakeFiles/CMakeTmp'


