ARM GAS  /tmp/cc7KrCgG.s 			page 1


   1              		.syntax unified
   2              		.cpu cortex-m4
   3              		.eabi_attribute 27, 3
   4              		.eabi_attribute 28, 1
   5              		.fpu fpv4-sp-d16
   6              		.eabi_attribute 20, 1
   7              		.eabi_attribute 21, 1
   8              		.eabi_attribute 23, 3
   9              		.eabi_attribute 24, 1
  10              		.eabi_attribute 25, 1
  11              		.eabi_attribute 26, 1
  12              		.eabi_attribute 30, 2
  13              		.eabi_attribute 34, 1
  14              		.eabi_attribute 18, 4
  15              		.thumb
  16              		.file	"board.c"
  17              		.text
  18              	.Ltext0:
  19              		.cfi_sections	.debug_frame
  20              		.section	.text.__early_init,"ax",%progbits
  21              		.align	2
  22              		.p2align 4,,15
  23              		.global	__early_init
  24              		.thumb
  25              		.thumb_func
  26              		.type	__early_init, %function
  27              	__early_init:
  28              	.LFB117:
  29              		.file 1 "./src/board.c"
  30              		.loc 1 56 0
  31              		.cfi_startproc
  32              		@ args = 0, pretend = 0, frame = 0
  33              		@ frame_needed = 0, uses_anonymous_args = 0
  34              		@ link register save eliminated.
  35              		.loc 1 59 0
  36              		.loc 1 58 0
  37 0000 FFF7FEBF 		b	stm32_clock_init
  38              		.cfi_endproc
  39              	.LFE117:
  40              		.size	__early_init, .-__early_init
  41 0004 AFF30080 		.section	.text.boardInit,"ax",%progbits
  41      AFF30080 
  41      AFF30080 
  42              		.align	2
  43              		.p2align 4,,15
  44              		.global	boardInit
  45              		.thumb
  46              		.thumb_func
  47              		.type	boardInit, %function
  48              	boardInit:
  49              	.LFB118:
  50              		.loc 1 64 0
  51              		.cfi_startproc
  52              		@ args = 0, pretend = 0, frame = 0
  53              		@ frame_needed = 0, uses_anonymous_args = 0
  54              		@ link register save eliminated.
  55              		.loc 1 65 0
ARM GAS  /tmp/cc7KrCgG.s 			page 2


  56 0000 7047     		bx	lr
  57              		.cfi_endproc
  58              	.LFE118:
  59              		.size	boardInit, .-boardInit
  60              		.global	pal_default_config
  61 0002 00BFAFF3 		.section	.rodata.pal_default_config,"a",%progbits
  61      0080AFF3 
  61      0080AFF3 
  61      0080
  62              		.align	2
  63              		.type	pal_default_config, %object
  64              		.size	pal_default_config, 252
  65              	pal_default_config:
  66 0000 A2A2A22A 		.word	715301538
  67 0004 00000000 		.word	0
  68 0008 FFFFFFFF 		.word	-1
  69 000c 56040264 		.word	1677853782
  70 0010 FFFFFFFF 		.word	-1
  71 0014 02770655 		.word	1426487042
  72 0018 01AA0A00 		.word	698881
  73 001c 8022A800 		.word	11018880
  74 0020 40020000 		.word	576
  75 0024 FFFFFFFF 		.word	-1
  76 0028 15465155 		.word	1431389717
  77 002c FFFFFFFF 		.word	-1
  78 0030 00000204 		.word	67239936
  79 0034 40770000 		.word	30528
  80 0038 3DAF2002 		.word	35696445
  81 003c 00000000 		.word	0
  82 0040 FFFFFFFF 		.word	-1
  83 0044 54254554 		.word	1413817684
  84 0048 FFFFFFFF 		.word	-1
  85 004c 00000063 		.word	1660944384
  86 0050 00060600 		.word	394752
  87 0054 00014055 		.word	1430257920
  88 0058 00000000 		.word	0
  89 005c FFFFFFFF 		.word	-1
  90 0060 55501500 		.word	1396821
  91 0064 CF0F0000 		.word	4047
  92 0068 00000000 		.word	0
  93 006c 00000000 		.word	0
  94 0070 40405555 		.word	1431650368
  95 0074 00000000 		.word	0
  96 0078 FFFFFFFF 		.word	-1
  97 007c 10150000 		.word	5392
  98 0080 FFFFFFFF 		.word	-1
  99 0084 00000000 		.word	0
 100 0088 00000000 		.word	0
 101 008c 00000000 		.word	0
 102 0090 00000000 		.word	0
 103 0094 FFFFFFFF 		.word	-1
 104 0098 FFFFFFFF 		.word	-1
 105 009c FFFFFFFF 		.word	-1
 106 00a0 00000000 		.word	0
 107 00a4 00000000 		.word	0
 108 00a8 00000000 		.word	0
 109 00ac 00000000 		.word	0
ARM GAS  /tmp/cc7KrCgG.s 			page 3


 110 00b0 FFFFFFFF 		.word	-1
 111 00b4 FFFFFFFF 		.word	-1
 112 00b8 FFFFFFFF 		.word	-1
 113 00bc 00000000 		.word	0
 114 00c0 00000000 		.word	0
 115 00c4 00000000 		.word	0
 116 00c8 00000000 		.word	0
 117 00cc FFFFFFFF 		.word	-1
 118 00d0 50555555 		.word	1431655760
 119 00d4 FFFFFFFF 		.word	-1
 120 00d8 00000000 		.word	0
 121 00dc 00000000 		.word	0
 122 00e0 00000000 		.word	0
 123 00e4 00000000 		.word	0
 124 00e8 FFFFFFFF 		.word	-1
 125 00ec FFFFFFFF 		.word	-1
 126 00f0 FFFFFFFF 		.word	-1
 127 00f4 00000000 		.word	0
 128 00f8 00000000 		.word	0
 129              		.text
 130              	.Letext0:
 131              		.file 2 "/opt/arm/bin/../lib/gcc/arm-none-eabi/4.6.3/../../../../arm-none-eabi/include/stdint.h"
 132              		.file 3 "/opt/ChibiOS/ChibiOS_2.4.4/os/hal/platforms/STM32/GPIOv2/pal_lld.h"
 133              		.file 4 "/opt/ChibiOS/ChibiOS_2.4.4/os/ports/common/ARMCMx/CMSIS/include/core_cm4.h"
 134              		.section	.debug_info,"",%progbits
 135              	.Ldebug_info0:
 136 0000 E7010000 		.4byte	0x1e7
 137 0004 0200     		.2byte	0x2
 138 0006 00000000 		.4byte	.Ldebug_abbrev0
 139 000a 04       		.byte	0x4
 140 000b 01       		.uleb128 0x1
 141 000c C7000000 		.4byte	.LASF33
 142 0010 01       		.byte	0x1
 143 0011 0E000000 		.4byte	.LASF34
 144 0015 D3000000 		.4byte	.LASF35
 145 0019 00000000 		.4byte	0
 146 001d 00000000 		.4byte	0
 147 0021 00000000 		.4byte	.Ldebug_ranges0+0
 148 0025 00000000 		.4byte	.Ldebug_line0
 149 0029 02       		.uleb128 0x2
 150 002a 04       		.byte	0x4
 151 002b 05       		.byte	0x5
 152 002c 696E7400 		.ascii	"int\000"
 153 0030 03       		.uleb128 0x3
 154 0031 04       		.byte	0x4
 155 0032 07       		.byte	0x7
 156 0033 3D000000 		.4byte	.LASF0
 157 0037 03       		.uleb128 0x3
 158 0038 01       		.byte	0x1
 159 0039 06       		.byte	0x6
 160 003a 97010000 		.4byte	.LASF1
 161 003e 03       		.uleb128 0x3
 162 003f 01       		.byte	0x1
 163 0040 08       		.byte	0x8
 164 0041 76000000 		.4byte	.LASF2
 165 0045 03       		.uleb128 0x3
 166 0046 02       		.byte	0x2
ARM GAS  /tmp/cc7KrCgG.s 			page 4


 167 0047 05       		.byte	0x5
 168 0048 6E010000 		.4byte	.LASF3
 169 004c 03       		.uleb128 0x3
 170 004d 02       		.byte	0x2
 171 004e 07       		.byte	0x7
 172 004f 2A000000 		.4byte	.LASF4
 173 0053 04       		.uleb128 0x4
 174 0054 57010000 		.4byte	.LASF6
 175 0058 02       		.byte	0x2
 176 0059 4F       		.byte	0x4f
 177 005a 5E000000 		.4byte	0x5e
 178 005e 03       		.uleb128 0x3
 179 005f 04       		.byte	0x4
 180 0060 05       		.byte	0x5
 181 0061 88010000 		.4byte	.LASF5
 182 0065 04       		.uleb128 0x4
 183 0066 7F010000 		.4byte	.LASF7
 184 006a 02       		.byte	0x2
 185 006b 50       		.byte	0x50
 186 006c 70000000 		.4byte	0x70
 187 0070 03       		.uleb128 0x3
 188 0071 04       		.byte	0x4
 189 0072 07       		.byte	0x7
 190 0073 9E000000 		.4byte	.LASF8
 191 0077 03       		.uleb128 0x3
 192 0078 08       		.byte	0x8
 193 0079 05       		.byte	0x5
 194 007a 00000000 		.4byte	.LASF9
 195 007e 03       		.uleb128 0x3
 196 007f 08       		.byte	0x8
 197 0080 07       		.byte	0x7
 198 0081 58000000 		.4byte	.LASF10
 199 0085 03       		.uleb128 0x3
 200 0086 01       		.byte	0x1
 201 0087 08       		.byte	0x8
 202 0088 3B010000 		.4byte	.LASF11
 203 008c 05       		.uleb128 0x5
 204 008d 53000000 		.4byte	0x53
 205 0091 06       		.uleb128 0x6
 206 0092 1C       		.byte	0x1c
 207 0093 03       		.byte	0x3
 208 0094 AA       		.byte	0xaa
 209 0095 FC000000 		.4byte	0xfc
 210 0099 07       		.uleb128 0x7
 211 009a 91010000 		.4byte	.LASF12
 212 009e 03       		.byte	0x3
 213 009f AC       		.byte	0xac
 214 00a0 65000000 		.4byte	0x65
 215 00a4 02       		.byte	0x2
 216 00a5 23       		.byte	0x23
 217 00a6 00       		.uleb128 0
 218 00a7 07       		.uleb128 0x7
 219 00a8 4A000000 		.4byte	.LASF13
 220 00ac 03       		.byte	0x3
 221 00ad AE       		.byte	0xae
 222 00ae 65000000 		.4byte	0x65
 223 00b2 02       		.byte	0x2
ARM GAS  /tmp/cc7KrCgG.s 			page 5


 224 00b3 23       		.byte	0x23
 225 00b4 04       		.uleb128 0x4
 226 00b5 07       		.uleb128 0x7
 227 00b6 5F010000 		.4byte	.LASF14
 228 00ba 03       		.byte	0x3
 229 00bb B0       		.byte	0xb0
 230 00bc 65000000 		.4byte	0x65
 231 00c0 02       		.byte	0x2
 232 00c1 23       		.byte	0x23
 233 00c2 08       		.uleb128 0x8
 234 00c3 07       		.uleb128 0x7
 235 00c4 27010000 		.4byte	.LASF15
 236 00c8 03       		.byte	0x3
 237 00c9 B2       		.byte	0xb2
 238 00ca 65000000 		.4byte	0x65
 239 00ce 02       		.byte	0x2
 240 00cf 23       		.byte	0x23
 241 00d0 0C       		.uleb128 0xc
 242 00d1 08       		.uleb128 0x8
 243 00d2 6F647200 		.ascii	"odr\000"
 244 00d6 03       		.byte	0x3
 245 00d7 B4       		.byte	0xb4
 246 00d8 65000000 		.4byte	0x65
 247 00dc 02       		.byte	0x2
 248 00dd 23       		.byte	0x23
 249 00de 10       		.uleb128 0x10
 250 00df 07       		.uleb128 0x7
 251 00e0 B5000000 		.4byte	.LASF16
 252 00e4 03       		.byte	0x3
 253 00e5 B6       		.byte	0xb6
 254 00e6 65000000 		.4byte	0x65
 255 00ea 02       		.byte	0x2
 256 00eb 23       		.byte	0x23
 257 00ec 14       		.uleb128 0x14
 258 00ed 07       		.uleb128 0x7
 259 00ee B0000000 		.4byte	.LASF17
 260 00f2 03       		.byte	0x3
 261 00f3 B8       		.byte	0xb8
 262 00f4 65000000 		.4byte	0x65
 263 00f8 02       		.byte	0x2
 264 00f9 23       		.byte	0x23
 265 00fa 18       		.uleb128 0x18
 266 00fb 00       		.byte	0
 267 00fc 04       		.uleb128 0x4
 268 00fd 84000000 		.4byte	.LASF18
 269 0101 03       		.byte	0x3
 270 0102 B9       		.byte	0xb9
 271 0103 91000000 		.4byte	0x91
 272 0107 06       		.uleb128 0x6
 273 0108 FC       		.byte	0xfc
 274 0109 03       		.byte	0x3
 275 010a C2       		.byte	0xc2
 276 010b 92010000 		.4byte	0x192
 277 010f 07       		.uleb128 0x7
 278 0110 97000000 		.4byte	.LASF19
 279 0114 03       		.byte	0x3
 280 0115 C4       		.byte	0xc4
ARM GAS  /tmp/cc7KrCgG.s 			page 6


 281 0116 FC000000 		.4byte	0xfc
 282 011a 02       		.byte	0x2
 283 011b 23       		.byte	0x23
 284 011c 00       		.uleb128 0
 285 011d 07       		.uleb128 0x7
 286 011e 34010000 		.4byte	.LASF20
 287 0122 03       		.byte	0x3
 288 0123 C6       		.byte	0xc6
 289 0124 FC000000 		.4byte	0xfc
 290 0128 02       		.byte	0x2
 291 0129 23       		.byte	0x23
 292 012a 1C       		.uleb128 0x1c
 293 012b 07       		.uleb128 0x7
 294 012c 78010000 		.4byte	.LASF21
 295 0130 03       		.byte	0x3
 296 0131 C8       		.byte	0xc8
 297 0132 FC000000 		.4byte	0xfc
 298 0136 02       		.byte	0x2
 299 0137 23       		.byte	0x23
 300 0138 38       		.uleb128 0x38
 301 0139 07       		.uleb128 0x7
 302 013a 23000000 		.4byte	.LASF22
 303 013e 03       		.byte	0x3
 304 013f CA       		.byte	0xca
 305 0140 FC000000 		.4byte	0xfc
 306 0144 02       		.byte	0x2
 307 0145 23       		.byte	0x23
 308 0146 54       		.uleb128 0x54
 309 0147 07       		.uleb128 0x7
 310 0148 6F000000 		.4byte	.LASF23
 311 014c 03       		.byte	0x3
 312 014d CD       		.byte	0xcd
 313 014e FC000000 		.4byte	0xfc
 314 0152 02       		.byte	0x2
 315 0153 23       		.byte	0x23
 316 0154 70       		.uleb128 0x70
 317 0155 07       		.uleb128 0x7
 318 0156 2D010000 		.4byte	.LASF24
 319 015a 03       		.byte	0x3
 320 015b D1       		.byte	0xd1
 321 015c FC000000 		.4byte	0xfc
 322 0160 03       		.byte	0x3
 323 0161 23       		.byte	0x23
 324 0162 8C01     		.uleb128 0x8c
 325 0164 07       		.uleb128 0x7
 326 0165 67010000 		.4byte	.LASF25
 327 0169 03       		.byte	0x3
 328 016a D5       		.byte	0xd5
 329 016b FC000000 		.4byte	0xfc
 330 016f 03       		.byte	0x3
 331 0170 23       		.byte	0x23
 332 0171 A801     		.uleb128 0xa8
 333 0173 07       		.uleb128 0x7
 334 0174 1C000000 		.4byte	.LASF26
 335 0178 03       		.byte	0x3
 336 0179 D9       		.byte	0xd9
 337 017a FC000000 		.4byte	0xfc
ARM GAS  /tmp/cc7KrCgG.s 			page 7


 338 017e 03       		.byte	0x3
 339 017f 23       		.byte	0x23
 340 0180 C401     		.uleb128 0xc4
 341 0182 07       		.uleb128 0x7
 342 0183 51000000 		.4byte	.LASF27
 343 0187 03       		.byte	0x3
 344 0188 DD       		.byte	0xdd
 345 0189 FC000000 		.4byte	0xfc
 346 018d 03       		.byte	0x3
 347 018e 23       		.byte	0x23
 348 018f E001     		.uleb128 0xe0
 349 0191 00       		.byte	0
 350 0192 04       		.uleb128 0x4
 351 0193 0A010000 		.4byte	.LASF28
 352 0197 03       		.byte	0x3
 353 0198 DF       		.byte	0xdf
 354 0199 07010000 		.4byte	0x107
 355 019d 09       		.uleb128 0x9
 356 019e 01       		.byte	0x1
 357 019f 4A010000 		.4byte	.LASF29
 358 01a3 01       		.byte	0x1
 359 01a4 38       		.byte	0x38
 360 01a5 01       		.byte	0x1
 361 01a6 00000000 		.4byte	.LFB117
 362 01aa 04000000 		.4byte	.LFE117
 363 01ae 02       		.byte	0x2
 364 01af 7D       		.byte	0x7d
 365 01b0 00       		.sleb128 0
 366 01b1 09       		.uleb128 0x9
 367 01b2 01       		.byte	0x1
 368 01b3 40010000 		.4byte	.LASF30
 369 01b7 01       		.byte	0x1
 370 01b8 40       		.byte	0x40
 371 01b9 01       		.byte	0x1
 372 01ba 00000000 		.4byte	.LFB118
 373 01be 02000000 		.4byte	.LFE118
 374 01c2 02       		.byte	0x2
 375 01c3 7D       		.byte	0x7d
 376 01c4 00       		.sleb128 0
 377 01c5 0A       		.uleb128 0xa
 378 01c6 BA000000 		.4byte	.LASF31
 379 01ca 04       		.byte	0x4
 380 01cb 1A05     		.2byte	0x51a
 381 01cd 8C000000 		.4byte	0x8c
 382 01d1 01       		.byte	0x1
 383 01d2 01       		.byte	0x1
 384 01d3 0B       		.uleb128 0xb
 385 01d4 14010000 		.4byte	.LASF32
 386 01d8 01       		.byte	0x1
 387 01d9 25       		.byte	0x25
 388 01da E5010000 		.4byte	0x1e5
 389 01de 01       		.byte	0x1
 390 01df 05       		.byte	0x5
 391 01e0 03       		.byte	0x3
 392 01e1 00000000 		.4byte	pal_default_config
 393 01e5 0C       		.uleb128 0xc
 394 01e6 92010000 		.4byte	0x192
ARM GAS  /tmp/cc7KrCgG.s 			page 8


 395 01ea 00       		.byte	0
 396              		.section	.debug_abbrev,"",%progbits
 397              	.Ldebug_abbrev0:
 398 0000 01       		.uleb128 0x1
 399 0001 11       		.uleb128 0x11
 400 0002 01       		.byte	0x1
 401 0003 25       		.uleb128 0x25
 402 0004 0E       		.uleb128 0xe
 403 0005 13       		.uleb128 0x13
 404 0006 0B       		.uleb128 0xb
 405 0007 03       		.uleb128 0x3
 406 0008 0E       		.uleb128 0xe
 407 0009 1B       		.uleb128 0x1b
 408 000a 0E       		.uleb128 0xe
 409 000b 11       		.uleb128 0x11
 410 000c 01       		.uleb128 0x1
 411 000d 52       		.uleb128 0x52
 412 000e 01       		.uleb128 0x1
 413 000f 55       		.uleb128 0x55
 414 0010 06       		.uleb128 0x6
 415 0011 10       		.uleb128 0x10
 416 0012 06       		.uleb128 0x6
 417 0013 00       		.byte	0
 418 0014 00       		.byte	0
 419 0015 02       		.uleb128 0x2
 420 0016 24       		.uleb128 0x24
 421 0017 00       		.byte	0
 422 0018 0B       		.uleb128 0xb
 423 0019 0B       		.uleb128 0xb
 424 001a 3E       		.uleb128 0x3e
 425 001b 0B       		.uleb128 0xb
 426 001c 03       		.uleb128 0x3
 427 001d 08       		.uleb128 0x8
 428 001e 00       		.byte	0
 429 001f 00       		.byte	0
 430 0020 03       		.uleb128 0x3
 431 0021 24       		.uleb128 0x24
 432 0022 00       		.byte	0
 433 0023 0B       		.uleb128 0xb
 434 0024 0B       		.uleb128 0xb
 435 0025 3E       		.uleb128 0x3e
 436 0026 0B       		.uleb128 0xb
 437 0027 03       		.uleb128 0x3
 438 0028 0E       		.uleb128 0xe
 439 0029 00       		.byte	0
 440 002a 00       		.byte	0
 441 002b 04       		.uleb128 0x4
 442 002c 16       		.uleb128 0x16
 443 002d 00       		.byte	0
 444 002e 03       		.uleb128 0x3
 445 002f 0E       		.uleb128 0xe
 446 0030 3A       		.uleb128 0x3a
 447 0031 0B       		.uleb128 0xb
 448 0032 3B       		.uleb128 0x3b
 449 0033 0B       		.uleb128 0xb
 450 0034 49       		.uleb128 0x49
 451 0035 13       		.uleb128 0x13
ARM GAS  /tmp/cc7KrCgG.s 			page 9


 452 0036 00       		.byte	0
 453 0037 00       		.byte	0
 454 0038 05       		.uleb128 0x5
 455 0039 35       		.uleb128 0x35
 456 003a 00       		.byte	0
 457 003b 49       		.uleb128 0x49
 458 003c 13       		.uleb128 0x13
 459 003d 00       		.byte	0
 460 003e 00       		.byte	0
 461 003f 06       		.uleb128 0x6
 462 0040 13       		.uleb128 0x13
 463 0041 01       		.byte	0x1
 464 0042 0B       		.uleb128 0xb
 465 0043 0B       		.uleb128 0xb
 466 0044 3A       		.uleb128 0x3a
 467 0045 0B       		.uleb128 0xb
 468 0046 3B       		.uleb128 0x3b
 469 0047 0B       		.uleb128 0xb
 470 0048 01       		.uleb128 0x1
 471 0049 13       		.uleb128 0x13
 472 004a 00       		.byte	0
 473 004b 00       		.byte	0
 474 004c 07       		.uleb128 0x7
 475 004d 0D       		.uleb128 0xd
 476 004e 00       		.byte	0
 477 004f 03       		.uleb128 0x3
 478 0050 0E       		.uleb128 0xe
 479 0051 3A       		.uleb128 0x3a
 480 0052 0B       		.uleb128 0xb
 481 0053 3B       		.uleb128 0x3b
 482 0054 0B       		.uleb128 0xb
 483 0055 49       		.uleb128 0x49
 484 0056 13       		.uleb128 0x13
 485 0057 38       		.uleb128 0x38
 486 0058 0A       		.uleb128 0xa
 487 0059 00       		.byte	0
 488 005a 00       		.byte	0
 489 005b 08       		.uleb128 0x8
 490 005c 0D       		.uleb128 0xd
 491 005d 00       		.byte	0
 492 005e 03       		.uleb128 0x3
 493 005f 08       		.uleb128 0x8
 494 0060 3A       		.uleb128 0x3a
 495 0061 0B       		.uleb128 0xb
 496 0062 3B       		.uleb128 0x3b
 497 0063 0B       		.uleb128 0xb
 498 0064 49       		.uleb128 0x49
 499 0065 13       		.uleb128 0x13
 500 0066 38       		.uleb128 0x38
 501 0067 0A       		.uleb128 0xa
 502 0068 00       		.byte	0
 503 0069 00       		.byte	0
 504 006a 09       		.uleb128 0x9
 505 006b 2E       		.uleb128 0x2e
 506 006c 00       		.byte	0
 507 006d 3F       		.uleb128 0x3f
 508 006e 0C       		.uleb128 0xc
ARM GAS  /tmp/cc7KrCgG.s 			page 10


 509 006f 03       		.uleb128 0x3
 510 0070 0E       		.uleb128 0xe
 511 0071 3A       		.uleb128 0x3a
 512 0072 0B       		.uleb128 0xb
 513 0073 3B       		.uleb128 0x3b
 514 0074 0B       		.uleb128 0xb
 515 0075 27       		.uleb128 0x27
 516 0076 0C       		.uleb128 0xc
 517 0077 11       		.uleb128 0x11
 518 0078 01       		.uleb128 0x1
 519 0079 12       		.uleb128 0x12
 520 007a 01       		.uleb128 0x1
 521 007b 40       		.uleb128 0x40
 522 007c 0A       		.uleb128 0xa
 523 007d 00       		.byte	0
 524 007e 00       		.byte	0
 525 007f 0A       		.uleb128 0xa
 526 0080 34       		.uleb128 0x34
 527 0081 00       		.byte	0
 528 0082 03       		.uleb128 0x3
 529 0083 0E       		.uleb128 0xe
 530 0084 3A       		.uleb128 0x3a
 531 0085 0B       		.uleb128 0xb
 532 0086 3B       		.uleb128 0x3b
 533 0087 05       		.uleb128 0x5
 534 0088 49       		.uleb128 0x49
 535 0089 13       		.uleb128 0x13
 536 008a 3F       		.uleb128 0x3f
 537 008b 0C       		.uleb128 0xc
 538 008c 3C       		.uleb128 0x3c
 539 008d 0C       		.uleb128 0xc
 540 008e 00       		.byte	0
 541 008f 00       		.byte	0
 542 0090 0B       		.uleb128 0xb
 543 0091 34       		.uleb128 0x34
 544 0092 00       		.byte	0
 545 0093 03       		.uleb128 0x3
 546 0094 0E       		.uleb128 0xe
 547 0095 3A       		.uleb128 0x3a
 548 0096 0B       		.uleb128 0xb
 549 0097 3B       		.uleb128 0x3b
 550 0098 0B       		.uleb128 0xb
 551 0099 49       		.uleb128 0x49
 552 009a 13       		.uleb128 0x13
 553 009b 3F       		.uleb128 0x3f
 554 009c 0C       		.uleb128 0xc
 555 009d 02       		.uleb128 0x2
 556 009e 0A       		.uleb128 0xa
 557 009f 00       		.byte	0
 558 00a0 00       		.byte	0
 559 00a1 0C       		.uleb128 0xc
 560 00a2 26       		.uleb128 0x26
 561 00a3 00       		.byte	0
 562 00a4 49       		.uleb128 0x49
 563 00a5 13       		.uleb128 0x13
 564 00a6 00       		.byte	0
 565 00a7 00       		.byte	0
ARM GAS  /tmp/cc7KrCgG.s 			page 11


 566 00a8 00       		.byte	0
 567              		.section	.debug_aranges,"",%progbits
 568 0000 24000000 		.4byte	0x24
 569 0004 0200     		.2byte	0x2
 570 0006 00000000 		.4byte	.Ldebug_info0
 571 000a 04       		.byte	0x4
 572 000b 00       		.byte	0
 573 000c 0000     		.2byte	0
 574 000e 0000     		.2byte	0
 575 0010 00000000 		.4byte	.LFB117
 576 0014 04000000 		.4byte	.LFE117-.LFB117
 577 0018 00000000 		.4byte	.LFB118
 578 001c 02000000 		.4byte	.LFE118-.LFB118
 579 0020 00000000 		.4byte	0
 580 0024 00000000 		.4byte	0
 581              		.section	.debug_ranges,"",%progbits
 582              	.Ldebug_ranges0:
 583 0000 00000000 		.4byte	.LFB117
 584 0004 04000000 		.4byte	.LFE117
 585 0008 00000000 		.4byte	.LFB118
 586 000c 02000000 		.4byte	.LFE118
 587 0010 00000000 		.4byte	0
 588 0014 00000000 		.4byte	0
 589              		.section	.debug_line,"",%progbits
 590              	.Ldebug_line0:
 591 0000 39010000 		.section	.debug_str,"MS",%progbits,1
 591      02001201 
 591      00000201 
 591      FB0E0D00 
 591      01010101 
 592              	.LASF9:
 593 0000 6C6F6E67 		.ascii	"long long int\000"
 593      206C6F6E 
 593      6720696E 
 593      7400
 594              	.LASF34:
 595 000e 2E2F7372 		.ascii	"./src/board.c\000"
 595      632F626F 
 595      6172642E 
 595      6300
 596              	.LASF26:
 597 001c 50484461 		.ascii	"PHData\000"
 597      746100
 598              	.LASF22:
 599 0023 50444461 		.ascii	"PDData\000"
 599      746100
 600              	.LASF4:
 601 002a 73686F72 		.ascii	"short unsigned int\000"
 601      7420756E 
 601      7369676E 
 601      65642069 
 601      6E7400
 602              	.LASF0:
 603 003d 756E7369 		.ascii	"unsigned int\000"
 603      676E6564 
 603      20696E74 
 603      00
ARM GAS  /tmp/cc7KrCgG.s 			page 12


 604              	.LASF13:
 605 004a 6F747970 		.ascii	"otyper\000"
 605      657200
 606              	.LASF27:
 607 0051 50494461 		.ascii	"PIData\000"
 607      746100
 608              	.LASF10:
 609 0058 6C6F6E67 		.ascii	"long long unsigned int\000"
 609      206C6F6E 
 609      6720756E 
 609      7369676E 
 609      65642069 
 610              	.LASF23:
 611 006f 50454461 		.ascii	"PEData\000"
 611      746100
 612              	.LASF2:
 613 0076 756E7369 		.ascii	"unsigned char\000"
 613      676E6564 
 613      20636861 
 613      7200
 614              	.LASF18:
 615 0084 73746D33 		.ascii	"stm32_gpio_setup_t\000"
 615      325F6770 
 615      696F5F73 
 615      65747570 
 615      5F7400
 616              	.LASF19:
 617 0097 50414461 		.ascii	"PAData\000"
 617      746100
 618              	.LASF8:
 619 009e 6C6F6E67 		.ascii	"long unsigned int\000"
 619      20756E73 
 619      69676E65 
 619      6420696E 
 619      7400
 620              	.LASF17:
 621 00b0 61667268 		.ascii	"afrh\000"
 621      00
 622              	.LASF16:
 623 00b5 6166726C 		.ascii	"afrl\000"
 623      00
 624              	.LASF31:
 625 00ba 49544D5F 		.ascii	"ITM_RxBuffer\000"
 625      52784275 
 625      66666572 
 625      00
 626              	.LASF33:
 627 00c7 474E5520 		.ascii	"GNU C 4.6.3\000"
 627      4320342E 
 627      362E3300 
 628              	.LASF35:
 629 00d3 2F686F6D 		.ascii	"/home/mikel/workspace/ros/PacBot/PacBot/FirmwareWit"
 629      652F6D69 
 629      6B656C2F 
 629      776F726B 
 629      73706163 
 630 0106 68495200 		.ascii	"hIR\000"
ARM GAS  /tmp/cc7KrCgG.s 			page 13


 631              	.LASF28:
 632 010a 50414C43 		.ascii	"PALConfig\000"
 632      6F6E6669 
 632      6700
 633              	.LASF32:
 634 0114 70616C5F 		.ascii	"pal_default_config\000"
 634      64656661 
 634      756C745F 
 634      636F6E66 
 634      696700
 635              	.LASF15:
 636 0127 70757064 		.ascii	"pupdr\000"
 636      7200
 637              	.LASF24:
 638 012d 50464461 		.ascii	"PFData\000"
 638      746100
 639              	.LASF20:
 640 0134 50424461 		.ascii	"PBData\000"
 640      746100
 641              	.LASF11:
 642 013b 63686172 		.ascii	"char\000"
 642      00
 643              	.LASF30:
 644 0140 626F6172 		.ascii	"boardInit\000"
 644      64496E69 
 644      7400
 645              	.LASF29:
 646 014a 5F5F6561 		.ascii	"__early_init\000"
 646      726C795F 
 646      696E6974 
 646      00
 647              	.LASF6:
 648 0157 696E7433 		.ascii	"int32_t\000"
 648      325F7400 
 649              	.LASF14:
 650 015f 6F737065 		.ascii	"ospeedr\000"
 650      65647200 
 651              	.LASF25:
 652 0167 50474461 		.ascii	"PGData\000"
 652      746100
 653              	.LASF3:
 654 016e 73686F72 		.ascii	"short int\000"
 654      7420696E 
 654      7400
 655              	.LASF21:
 656 0178 50434461 		.ascii	"PCData\000"
 656      746100
 657              	.LASF7:
 658 017f 75696E74 		.ascii	"uint32_t\000"
 658      33325F74 
 658      00
 659              	.LASF5:
 660 0188 6C6F6E67 		.ascii	"long int\000"
 660      20696E74 
 660      00
 661              	.LASF12:
 662 0191 6D6F6465 		.ascii	"moder\000"
ARM GAS  /tmp/cc7KrCgG.s 			page 14


 662      7200
 663              	.LASF1:
 664 0197 7369676E 		.ascii	"signed char\000"
 664      65642063 
 664      68617200 
 665              		.ident	"GCC: (Sourcery CodeBench Lite 2012.03-56) 4.6.3"
ARM GAS  /tmp/cc7KrCgG.s 			page 15


DEFINED SYMBOLS
                            *ABS*:00000000 board.c
     /tmp/cc7KrCgG.s:21     .text.__early_init:00000000 $t
     /tmp/cc7KrCgG.s:27     .text.__early_init:00000000 __early_init
     /tmp/cc7KrCgG.s:42     .text.boardInit:00000000 $t
     /tmp/cc7KrCgG.s:48     .text.boardInit:00000000 boardInit
     /tmp/cc7KrCgG.s:65     .rodata.pal_default_config:00000000 pal_default_config
     /tmp/cc7KrCgG.s:62     .rodata.pal_default_config:00000000 $d
                     .debug_frame:00000010 $d

UNDEFINED SYMBOLS
stm32_clock_init
