ARM GAS  /tmp/ccYFxY3c.s 			page 1


   1              		.syntax unified
   2              		.cpu cortex-m4
   3              		.eabi_attribute 27, 3
   4              		.eabi_attribute 28, 1
   5              		.fpu fpv4-sp-d16
   6              		.eabi_attribute 20, 1
   7              		.eabi_attribute 21, 1
   8              		.eabi_attribute 23, 3
   9              		.eabi_attribute 24, 1
  10              		.eabi_attribute 25, 1
  11              		.eabi_attribute 26, 1
  12              		.eabi_attribute 30, 2
  13              		.eabi_attribute 34, 1
  14              		.eabi_attribute 18, 4
  15              		.thumb
  16              		.file	"chcore_v7m.c"
  17              		.text
  18              	.Ltext0:
  19              		.cfi_sections	.debug_frame
  20              		.section	.text._port_switch_from_isr,"ax",%progbits
  21              		.align	2
  22              		.p2align 4,,15
  23              		.global	_port_switch_from_isr
  24              		.thumb
  25              		.thumb_func
  26              		.type	_port_switch_from_isr, %function
  27              	_port_switch_from_isr:
  28              	.LFB11:
  29              		.file 1 "/opt/ChibiOS/ChibiOS_2.4.4/os/ports/GCC/ARMCMx/chcore_v7m.c"
  30              		.loc 1 207 0
  31              		.cfi_startproc
  32              		@ Naked Function: prologue and epilogue provided by programmer.
  33              		@ args = 0, pretend = 0, frame = 0
  34              		@ frame_needed = 0, uses_anonymous_args = 0
  35              		.loc 1 210 0
  36 0000 FFF7FEFF 		bl	chSchDoReschedule
  37              		.loc 1 212 0
  38              	@ 212 "/opt/ChibiOS/ChibiOS_2.4.4/os/ports/GCC/ARMCMx/chcore_v7m.c" 1
  39              		_port_exit_from_isr:
  40              	@ 0 "" 2
  41              		.loc 1 214 0
  42              	@ 214 "/opt/ChibiOS/ChibiOS_2.4.4/os/ports/GCC/ARMCMx/chcore_v7m.c" 1
  43 0004 00DF     		svc     #0
  44              	@ 0 "" 2
  45              		.loc 1 221 0
  46              		.thumb
  47              		.cfi_endproc
  48              	.LFE11:
  49              		.size	_port_switch_from_isr, .-_port_switch_from_isr
  50 0006 00BFAFF3 		.section	.text.SVCallVector,"ax",%progbits
  50      0080AFF3 
  50      0080
  51              		.align	2
  52              		.p2align 4,,15
  53              		.global	SVCallVector
  54              		.thumb
  55              		.thumb_func
ARM GAS  /tmp/ccYFxY3c.s 			page 2


  56              		.type	SVCallVector, %function
  57              	SVCallVector:
  58              	.LFB8:
  59              		.loc 1 65 0
  60              		.cfi_startproc
  61              		@ args = 0, pretend = 0, frame = 0
  62              		@ frame_needed = 0, uses_anonymous_args = 0
  63              		@ link register save eliminated.
  64              		.loc 1 69 0
  65              	@ 69 "/opt/ChibiOS/ChibiOS_2.4.4/os/ports/GCC/ARMCMx/chcore_v7m.c" 1
  66 0000 EFF30983 		mrs     r3, PSP
  67              	@ 0 "" 2
  68              	.LVL0:
  69              		.loc 1 73 0
  70              		.thumb
  71 0004 2033     		adds	r3, r3, #32
  72              	.LVL1:
  73              		.loc 1 80 0
  74              	@ 80 "/opt/ChibiOS/ChibiOS_2.4.4/os/ports/GCC/ARMCMx/chcore_v7m.c" 1
  75 0006 83F30988 		msr     PSP, r3
  76              	@ 0 "" 2
  77              		.thumb
  78              	.LBB2:
  79              		.loc 1 81 0
  80 000a 0023     		movs	r3, #0
  81              	.LVL2:
  82              	@ 81 "/opt/ChibiOS/ChibiOS_2.4.4/os/ports/GCC/ARMCMx/chcore_v7m.c" 1
  83 000c 83F31188 		msr     BASEPRI, r3
  84              	@ 0 "" 2
  85              	.LVL3:
  86              		.thumb
  87              	.LBE2:
  88              		.loc 1 82 0
  89 0010 7047     		bx	lr
  90              		.cfi_endproc
  91              	.LFE8:
  92              		.size	SVCallVector, .-SVCallVector
  93 0012 00BFAFF3 		.section	.text._port_init,"ax",%progbits
  93      0080AFF3 
  93      0080AFF3 
  93      0080
  94              		.align	2
  95              		.p2align 4,,15
  96              		.global	_port_init
  97              		.thumb
  98              		.thumb_func
  99              		.type	_port_init, %function
 100              	_port_init:
 101              	.LFB9:
 102              		.loc 1 118 0
 103              		.cfi_startproc
 104              		@ args = 0, pretend = 0, frame = 0
 105              		@ frame_needed = 0, uses_anonymous_args = 0
 106 0000 08B5     		push	{r3, lr}
 107              	.LCFI0:
 108              		.cfi_def_cfa_offset 8
 109              		.cfi_offset 14, -4
ARM GAS  /tmp/ccYFxY3c.s 			page 3


 110              		.cfi_offset 3, -8
 111              		.loc 1 121 0
 112 0002 4FF46D43 		mov	r3, #60672
 113 0006 CEF20003 		movt	r3, 57344
 114              		.loc 1 122 0
 115 000a 0022     		movs	r2, #0
 116 000c C0F2FA52 		movt	r2, 1530
 117              		.loc 1 121 0
 118 0010 0021     		movs	r1, #0
 119 0012 9960     		str	r1, [r3, #8]
 120              		.loc 1 125 0
 121 0014 0720     		movs	r0, #7
 122 0016 1021     		movs	r1, #16
 123              		.loc 1 122 0
 124 0018 DA60     		str	r2, [r3, #12]
 125              		.loc 1 125 0
 126 001a FFF7FEFF 		bl	nvicSetSystemHandlerPriority
 127              		.loc 1 127 0
 128 001e 0A20     		movs	r0, #10
 129 0020 4FF40071 		mov	r1, #512
 130 0024 FFF7FEFF 		bl	nvicSetSystemHandlerPriority
 131              		.loc 1 129 0
 132 0028 0B20     		movs	r0, #11
 133 002a 8021     		movs	r1, #128
 134              		.loc 1 131 0
 135 002c BDE80840 		pop	{r3, lr}
 136              		.loc 1 129 0
 137 0030 FFF7FEBF 		b	nvicSetSystemHandlerPriority
 138              		.cfi_endproc
 139              	.LFE9:
 140              		.size	_port_init, .-_port_init
 141 0034 AFF30080 		.section	.text._port_irq_epilogue,"ax",%progbits
 141      AFF30080 
 141      AFF30080 
 142              		.align	2
 143              		.p2align 4,,15
 144              		.global	_port_irq_epilogue
 145              		.thumb
 146              		.thumb_func
 147              		.type	_port_irq_epilogue, %function
 148              	_port_irq_epilogue:
 149              	.LFB10:
 150              		.loc 1 148 0
 151              		.cfi_startproc
 152              		@ args = 0, pretend = 0, frame = 0
 153              		@ frame_needed = 0, uses_anonymous_args = 0
 154              		@ link register save eliminated.
 155              	.LBB3:
 156              		.loc 1 150 0
 157 0000 2023     		movs	r3, #32
 158              	.LVL4:
 159              	@ 150 "/opt/ChibiOS/ChibiOS_2.4.4/os/ports/GCC/ARMCMx/chcore_v7m.c" 1
 160 0002 83F31188 		msr     BASEPRI, r3
 161              	@ 0 "" 2
 162              	.LVL5:
 163              		.thumb
 164              	.LBE3:
ARM GAS  /tmp/ccYFxY3c.s 			page 4


 165              		.loc 1 151 0
 166 0006 4FF46D40 		mov	r0, #60672
 167 000a CEF20000 		movt	r0, 57344
 168 000e 4368     		ldr	r3, [r0, #4]
 169              	.LVL6:
 170 0010 13F40063 		ands	r3, r3, #2048
 171 0014 1FD0     		beq	.L5
 172              	.LBB4:
 173              		.loc 1 155 0
 174              	@ 155 "/opt/ChibiOS/ChibiOS_2.4.4/os/ports/GCC/ARMCMx/chcore_v7m.c" 1
 175 0016 EFF30982 		mrs     r2, PSP
 176              	@ 0 "" 2
 177              	.LVL7:
 178              		.loc 1 159 0
 179              		.thumb
 180 001a A2F1200C 		sub	ip, r2, #32
 181              		.loc 1 160 0
 182              	@ 160 "/opt/ChibiOS/ChibiOS_2.4.4/os/ports/GCC/ARMCMx/chcore_v7m.c" 1
 183 001e 8CF30988 		msr     PSP, ip
 184              	@ 0 "" 2
 185              		.loc 1 165 0
 186              		.thumb
 187 0022 40F20003 		movw	r3, #:lower16:rlist
 188 0026 C0F20003 		movt	r3, #:upper16:rlist
 189              		.loc 1 161 0
 190 002a 4FF08070 		mov	r0, #16777216
 191              		.loc 1 165 0
 192 002e 9969     		ldr	r1, [r3, #24]
 193              		.loc 1 161 0
 194 0030 42F8040C 		str	r0, [r2, #-4]
 195              		.loc 1 165 0
 196 0034 91B1     		cbz	r1, .L6
 197              		.loc 1 165 0 is_stmt 0 discriminator 1
 198 0036 1868     		ldr	r0, [r3, #0]
 199 0038 DB69     		ldr	r3, [r3, #28]
 200 003a 8168     		ldr	r1, [r0, #8]
 201 003c 9B68     		ldr	r3, [r3, #8]
 202 003e 9942     		cmp	r1, r3
 203 0040 94BF     		ite	ls
 204 0042 0023     		movls	r3, #0
 205 0044 0123     		movhi	r3, #1
 206 0046 9BB1     		cbz	r3, .L8
 207              	.L11:
 208              		.loc 1 167 0 is_stmt 1
 209 0048 40F20001 		movw	r1, #:lower16:_port_switch_from_isr
 210 004c C0F20001 		movt	r1, #:upper16:_port_switch_from_isr
 211 0050 42F8081C 		str	r1, [r2, #-8]
 212 0054 7047     		bx	lr
 213              	.LVL8:
 214              	.L5:
 215              	.LBE4:
 216              	.LBB5:
 217              		.loc 1 197 0
 218              	@ 197 "/opt/ChibiOS/ChibiOS_2.4.4/os/ports/GCC/ARMCMx/chcore_v7m.c" 1
 219 0056 83F31188 		msr     BASEPRI, r3
 220              	@ 0 "" 2
 221              	.LVL9:
ARM GAS  /tmp/ccYFxY3c.s 			page 5


 222              		.thumb
 223 005a 7047     		bx	lr
 224              	.LVL10:
 225              	.L6:
 226              	.LBE5:
 227              	.LBB6:
 228              		.loc 1 165 0 discriminator 2
 229 005c 1868     		ldr	r0, [r3, #0]
 230 005e DB69     		ldr	r3, [r3, #28]
 231 0060 8168     		ldr	r1, [r0, #8]
 232 0062 9B68     		ldr	r3, [r3, #8]
 233 0064 9942     		cmp	r1, r3
 234 0066 34BF     		ite	cc
 235 0068 0023     		movcc	r3, #0
 236 006a 0123     		movcs	r3, #1
 237 006c 002B     		cmp	r3, #0
 238 006e EBD1     		bne	.L11
 239              	.L8:
 240              		.loc 1 176 0
 241 0070 40F20003 		movw	r3, #:lower16:_port_exit_from_isr
 242 0074 C0F20003 		movt	r3, #:upper16:_port_exit_from_isr
 243 0078 42F8083C 		str	r3, [r2, #-8]
 244 007c 7047     		bx	lr
 245              	.LBE6:
 246              		.cfi_endproc
 247              	.LFE10:
 248              		.size	_port_irq_epilogue, .-_port_irq_epilogue
 249 007e 00BF     		.section	.text.SysTickVector,"ax",%progbits
 250              		.align	2
 251              		.p2align 4,,15
 252              		.global	SysTickVector
 253              		.thumb
 254              		.thumb_func
 255              		.type	SysTickVector, %function
 256              	SysTickVector:
 257              	.LFB7:
 258              		.loc 1 47 0
 259              		.cfi_startproc
 260              		@ args = 0, pretend = 0, frame = 0
 261              		@ frame_needed = 0, uses_anonymous_args = 0
 262 0000 08B5     		push	{r3, lr}
 263              	.LCFI1:
 264              		.cfi_def_cfa_offset 8
 265              		.cfi_offset 14, -4
 266              		.cfi_offset 3, -8
 267              	.LBB7:
 268              		.loc 1 51 0
 269 0002 2023     		movs	r3, #32
 270              	.LVL11:
 271              	@ 51 "/opt/ChibiOS/ChibiOS_2.4.4/os/ports/GCC/ARMCMx/chcore_v7m.c" 1
 272 0004 83F31188 		msr     BASEPRI, r3
 273              	@ 0 "" 2
 274              	.LVL12:
 275              		.thumb
 276              	.LBE7:
 277              		.loc 1 52 0
 278 0008 FFF7FEFF 		bl	chSysTimerHandlerI
ARM GAS  /tmp/ccYFxY3c.s 			page 6


 279              	.LVL13:
 280              	.LBB8:
 281              		.loc 1 53 0
 282 000c 0023     		movs	r3, #0
 283              	.LVL14:
 284              	@ 53 "/opt/ChibiOS/ChibiOS_2.4.4/os/ports/GCC/ARMCMx/chcore_v7m.c" 1
 285 000e 83F31188 		msr     BASEPRI, r3
 286              	@ 0 "" 2
 287              	.LVL15:
 288              		.thumb
 289              	.LBE8:
 290              		.loc 1 56 0
 291 0012 BDE80840 		pop	{r3, lr}
 292              		.loc 1 55 0
 293 0016 FFF7FEBF 		b	_port_irq_epilogue
 294              	.LVL16:
 295              		.cfi_endproc
 296              	.LFE7:
 297              		.size	SysTickVector, .-SysTickVector
 298              		.section	.text._port_switch,"ax",%progbits
 299              		.align	2
 300              		.p2align 4,,15
 301              		.global	_port_switch
 302              		.thumb
 303              		.thumb_func
 304              		.type	_port_switch, %function
 305              	_port_switch:
 306              	.LFB12:
 307              		.loc 1 236 0
 308              		.cfi_startproc
 309              		@ Naked Function: prologue and epilogue provided by programmer.
 310              		@ args = 0, pretend = 0, frame = 0
 311              		@ frame_needed = 0, uses_anonymous_args = 0
 312              	.LVL17:
 313              		.loc 1 238 0
 314              	@ 238 "/opt/ChibiOS/ChibiOS_2.4.4/os/ports/GCC/ARMCMx/chcore_v7m.c" 1
 315 0000 2DE9F04F 		push    {r4, r5, r6, r7, r8, r9, r10, r11, lr}
 316              	@ 0 "" 2
 317              		.loc 1 244 0
 318              	@ 244 "/opt/ChibiOS/ChibiOS_2.4.4/os/ports/GCC/ARMCMx/chcore_v7m.c" 1
 319 0004 C1F80CD0 		str     sp, [r1, #12]                          
 320 0008 D0F80CD0 		ldr     sp, [r0, #12]
 321              	@ 0 "" 2
 322              		.loc 1 250 0
 323              	@ 250 "/opt/ChibiOS/ChibiOS_2.4.4/os/ports/GCC/ARMCMx/chcore_v7m.c" 1
 324 000c BDE8F08F 		pop     {r4, r5, r6, r7, r8, r9, r10, r11, pc}
 325              	@ 0 "" 2
 326              		.loc 1 252 0
 327              		.thumb
 328              		.cfi_endproc
 329              	.LFE12:
 330              		.size	_port_switch, .-_port_switch
 331              		.section	.text._port_thread_start,"ax",%progbits
 332              		.align	2
 333              		.p2align 4,,15
 334              		.global	_port_thread_start
 335              		.thumb
ARM GAS  /tmp/ccYFxY3c.s 			page 7


 336              		.thumb_func
 337              		.type	_port_thread_start, %function
 338              	_port_thread_start:
 339              	.LFB13:
 340              		.loc 1 259 0
 341              		.cfi_startproc
 342              		@ args = 0, pretend = 0, frame = 0
 343              		@ frame_needed = 0, uses_anonymous_args = 0
 344              		@ link register save eliminated.
 345              	.LBB9:
 346              		.loc 1 261 0
 347 0000 0023     		movs	r3, #0
 348              	.LVL18:
 349              	@ 261 "/opt/ChibiOS/ChibiOS_2.4.4/os/ports/GCC/ARMCMx/chcore_v7m.c" 1
 350 0002 83F31188 		msr     BASEPRI, r3
 351              	@ 0 "" 2
 352              	.LVL19:
 353              		.thumb
 354              	.LBE9:
 355              		.loc 1 262 0
 356              	@ 262 "/opt/ChibiOS/ChibiOS_2.4.4/os/ports/GCC/ARMCMx/chcore_v7m.c" 1
 357 0006 2846     		mov     r0, r5                                 
 358 0008 A047     		blx     r4                                     
 359 000a FFF7FEFF 		bl      chThdExit
 360              	@ 0 "" 2
 361              		.loc 1 265 0
 362              		.thumb
 363 000e 7047     		bx	lr
 364              		.cfi_endproc
 365              	.LFE13:
 366              		.size	_port_thread_start, .-_port_thread_start
 367              		.text
 368              	.Letext0:
 369              		.file 2 "/opt/arm/bin/../lib/gcc/arm-none-eabi/4.6.3/../../../../arm-none-eabi/include/stdint.h"
 370              		.file 3 "/opt/ChibiOS/ChibiOS_2.4.4/os/ports/GCC/ARMCMx/chtypes.h"
 371              		.file 4 "/opt/ChibiOS/ChibiOS_2.4.4/os/kernel/include/chlists.h"
 372              		.file 5 "/opt/ChibiOS/ChibiOS_2.4.4/os/kernel/include/chthreads.h"
 373              		.file 6 "/opt/ChibiOS/ChibiOS_2.4.4/os/ports/GCC/ARMCMx/chcore_v7m.h"
 374              		.file 7 "/opt/ChibiOS/ChibiOS_2.4.4/os/ports/common/ARMCMx/nvic.h"
 375              		.file 8 "/opt/ChibiOS/ChibiOS_2.4.4/os/kernel/include/chschd.h"
 376              		.file 9 "/opt/ChibiOS/ChibiOS_2.4.4/os/kernel/include/chmtx.h"
 377              		.section	.debug_info,"",%progbits
 378              	.Ldebug_info0:
 379 0000 D5070000 		.4byte	0x7d5
 380 0004 0200     		.2byte	0x2
 381 0006 00000000 		.4byte	.Ldebug_abbrev0
 382 000a 04       		.byte	0x4
 383 000b 01       		.uleb128 0x1
 384 000c 9C020000 		.4byte	.LASF88
 385 0010 01       		.byte	0x1
 386 0011 F2010000 		.4byte	.LASF89
 387 0015 00000000 		.4byte	0
 388 0019 00000000 		.4byte	0
 389 001d 18000000 		.4byte	.Ldebug_ranges0+0x18
 390 0021 00000000 		.4byte	.Ldebug_line0
 391 0025 02       		.uleb128 0x2
 392 0026 04       		.byte	0x4
ARM GAS  /tmp/ccYFxY3c.s 			page 8


 393 0027 05       		.byte	0x5
 394 0028 696E7400 		.ascii	"int\000"
 395 002c 03       		.uleb128 0x3
 396 002d 04       		.byte	0x4
 397 002e 07       		.byte	0x7
 398 002f C3000000 		.4byte	.LASF0
 399 0033 03       		.uleb128 0x3
 400 0034 01       		.byte	0x1
 401 0035 06       		.byte	0x6
 402 0036 5E000000 		.4byte	.LASF1
 403 003a 04       		.uleb128 0x4
 404 003b 1A030000 		.4byte	.LASF5
 405 003f 02       		.byte	0x2
 406 0040 2A       		.byte	0x2a
 407 0041 45000000 		.4byte	0x45
 408 0045 03       		.uleb128 0x3
 409 0046 01       		.byte	0x1
 410 0047 08       		.byte	0x8
 411 0048 DE010000 		.4byte	.LASF2
 412 004c 03       		.uleb128 0x3
 413 004d 02       		.byte	0x2
 414 004e 05       		.byte	0x5
 415 004f 38020000 		.4byte	.LASF3
 416 0053 03       		.uleb128 0x3
 417 0054 02       		.byte	0x2
 418 0055 07       		.byte	0x7
 419 0056 20010000 		.4byte	.LASF4
 420 005a 04       		.uleb128 0x4
 421 005b D6010000 		.4byte	.LASF6
 422 005f 02       		.byte	0x2
 423 0060 4F       		.byte	0x4f
 424 0061 65000000 		.4byte	0x65
 425 0065 03       		.uleb128 0x3
 426 0066 04       		.byte	0x4
 427 0067 05       		.byte	0x5
 428 0068 7A000000 		.4byte	.LASF7
 429 006c 04       		.uleb128 0x4
 430 006d 7E020000 		.4byte	.LASF8
 431 0071 02       		.byte	0x2
 432 0072 50       		.byte	0x50
 433 0073 77000000 		.4byte	0x77
 434 0077 03       		.uleb128 0x3
 435 0078 04       		.byte	0x4
 436 0079 07       		.byte	0x7
 437 007a EB000000 		.4byte	.LASF9
 438 007e 03       		.uleb128 0x3
 439 007f 08       		.byte	0x8
 440 0080 05       		.byte	0x5
 441 0081 50000000 		.4byte	.LASF10
 442 0085 03       		.uleb128 0x3
 443 0086 08       		.byte	0x8
 444 0087 07       		.byte	0x7
 445 0088 23000000 		.4byte	.LASF11
 446 008c 04       		.uleb128 0x4
 447 008d 62010000 		.4byte	.LASF12
 448 0091 03       		.byte	0x3
 449 0092 2F       		.byte	0x2f
ARM GAS  /tmp/ccYFxY3c.s 			page 9


 450 0093 3A000000 		.4byte	0x3a
 451 0097 04       		.uleb128 0x4
 452 0098 83000000 		.4byte	.LASF13
 453 009c 03       		.byte	0x3
 454 009d 30       		.byte	0x30
 455 009e 3A000000 		.4byte	0x3a
 456 00a2 04       		.uleb128 0x4
 457 00a3 BA010000 		.4byte	.LASF14
 458 00a7 03       		.byte	0x3
 459 00a8 31       		.byte	0x31
 460 00a9 3A000000 		.4byte	0x3a
 461 00ad 04       		.uleb128 0x4
 462 00ae CE010000 		.4byte	.LASF15
 463 00b2 03       		.byte	0x3
 464 00b3 32       		.byte	0x32
 465 00b4 6C000000 		.4byte	0x6c
 466 00b8 04       		.uleb128 0x4
 467 00b9 38010000 		.4byte	.LASF16
 468 00bd 03       		.byte	0x3
 469 00be 33       		.byte	0x33
 470 00bf 5A000000 		.4byte	0x5a
 471 00c3 04       		.uleb128 0x4
 472 00c4 76010000 		.4byte	.LASF17
 473 00c8 03       		.byte	0x3
 474 00c9 35       		.byte	0x35
 475 00ca 6C000000 		.4byte	0x6c
 476 00ce 04       		.uleb128 0x4
 477 00cf B4020000 		.4byte	.LASF18
 478 00d3 03       		.byte	0x3
 479 00d4 36       		.byte	0x36
 480 00d5 6C000000 		.4byte	0x6c
 481 00d9 04       		.uleb128 0x4
 482 00da BD000000 		.4byte	.LASF19
 483 00de 03       		.byte	0x3
 484 00df 37       		.byte	0x37
 485 00e0 5A000000 		.4byte	0x5a
 486 00e4 04       		.uleb128 0x4
 487 00e5 6C020000 		.4byte	.LASF20
 488 00e9 04       		.byte	0x4
 489 00ea 2A       		.byte	0x2a
 490 00eb EF000000 		.4byte	0xef
 491 00ef 05       		.uleb128 0x5
 492 00f0 6C020000 		.4byte	.LASF20
 493 00f4 48       		.byte	0x48
 494 00f5 05       		.byte	0x5
 495 00f6 5E       		.byte	0x5e
 496 00f7 06020000 		.4byte	0x206
 497 00fb 06       		.uleb128 0x6
 498 00fc 5D020000 		.4byte	.LASF21
 499 0100 05       		.byte	0x5
 500 0101 5F       		.byte	0x5f
 501 0102 2B020000 		.4byte	0x22b
 502 0106 02       		.byte	0x2
 503 0107 23       		.byte	0x23
 504 0108 00       		.uleb128 0
 505 0109 06       		.uleb128 0x6
 506 010a C7010000 		.4byte	.LASF22
ARM GAS  /tmp/ccYFxY3c.s 			page 10


 507 010e 05       		.byte	0x5
 508 010f 61       		.byte	0x61
 509 0110 2B020000 		.4byte	0x22b
 510 0114 02       		.byte	0x2
 511 0115 23       		.byte	0x23
 512 0116 04       		.uleb128 0x4
 513 0117 06       		.uleb128 0x6
 514 0118 49000000 		.4byte	.LASF23
 515 011c 05       		.byte	0x5
 516 011d 63       		.byte	0x63
 517 011e AD000000 		.4byte	0xad
 518 0122 02       		.byte	0x2
 519 0123 23       		.byte	0x23
 520 0124 08       		.uleb128 0x8
 521 0125 06       		.uleb128 0x6
 522 0126 4E030000 		.4byte	.LASF24
 523 012a 05       		.byte	0x5
 524 012b 64       		.byte	0x64
 525 012c 70030000 		.4byte	0x370
 526 0130 02       		.byte	0x2
 527 0131 23       		.byte	0x23
 528 0132 0C       		.uleb128 0xc
 529 0133 06       		.uleb128 0x6
 530 0134 9F000000 		.4byte	.LASF25
 531 0138 05       		.byte	0x5
 532 0139 66       		.byte	0x66
 533 013a 2B020000 		.4byte	0x22b
 534 013e 02       		.byte	0x2
 535 013f 23       		.byte	0x23
 536 0140 10       		.uleb128 0x10
 537 0141 06       		.uleb128 0x6
 538 0142 8D010000 		.4byte	.LASF26
 539 0146 05       		.byte	0x5
 540 0147 67       		.byte	0x67
 541 0148 2B020000 		.4byte	0x22b
 542 014c 02       		.byte	0x2
 543 014d 23       		.byte	0x23
 544 014e 14       		.uleb128 0x14
 545 014f 06       		.uleb128 0x6
 546 0150 34030000 		.4byte	.LASF27
 547 0154 05       		.byte	0x5
 548 0155 6E       		.byte	0x6e
 549 0156 24060000 		.4byte	0x624
 550 015a 02       		.byte	0x2
 551 015b 23       		.byte	0x23
 552 015c 18       		.uleb128 0x18
 553 015d 06       		.uleb128 0x6
 554 015e 42020000 		.4byte	.LASF28
 555 0162 05       		.byte	0x5
 556 0163 79       		.byte	0x79
 557 0164 97000000 		.4byte	0x97
 558 0168 02       		.byte	0x2
 559 0169 23       		.byte	0x23
 560 016a 1C       		.uleb128 0x1c
 561 016b 06       		.uleb128 0x6
 562 016c 64020000 		.4byte	.LASF29
 563 0170 05       		.byte	0x5
ARM GAS  /tmp/ccYFxY3c.s 			page 11


 564 0171 7D       		.byte	0x7d
 565 0172 8C000000 		.4byte	0x8c
 566 0176 02       		.byte	0x2
 567 0177 23       		.byte	0x23
 568 0178 1D       		.uleb128 0x1d
 569 0179 06       		.uleb128 0x6
 570 017a FE020000 		.4byte	.LASF30
 571 017e 05       		.byte	0x5
 572 017f 82       		.byte	0x82
 573 0180 A2000000 		.4byte	0xa2
 574 0184 02       		.byte	0x2
 575 0185 23       		.byte	0x23
 576 0186 1E       		.uleb128 0x1e
 577 0187 06       		.uleb128 0x6
 578 0188 E0020000 		.4byte	.LASF31
 579 018c 05       		.byte	0x5
 580 018d 89       		.byte	0x89
 581 018e 2C050000 		.4byte	0x52c
 582 0192 02       		.byte	0x2
 583 0193 23       		.byte	0x23
 584 0194 20       		.uleb128 0x20
 585 0195 07       		.uleb128 0x7
 586 0196 705F7500 		.ascii	"p_u\000"
 587 019a 05       		.byte	0x5
 588 019b AE       		.byte	0xae
 589 019c EF050000 		.4byte	0x5ef
 590 01a0 02       		.byte	0x2
 591 01a1 23       		.byte	0x23
 592 01a2 24       		.uleb128 0x24
 593 01a3 06       		.uleb128 0x6
 594 01a4 54030000 		.4byte	.LASF32
 595 01a8 05       		.byte	0x5
 596 01a9 B3       		.byte	0xb3
 597 01aa 53020000 		.4byte	0x253
 598 01ae 02       		.byte	0x2
 599 01af 23       		.byte	0x23
 600 01b0 28       		.uleb128 0x28
 601 01b1 06       		.uleb128 0x6
 602 01b2 F3020000 		.4byte	.LASF33
 603 01b6 05       		.byte	0x5
 604 01b7 B9       		.byte	0xb9
 605 01b8 31020000 		.4byte	0x231
 606 01bc 02       		.byte	0x2
 607 01bd 23       		.byte	0x23
 608 01be 2C       		.uleb128 0x2c
 609 01bf 06       		.uleb128 0x6
 610 01c0 00000000 		.4byte	.LASF34
 611 01c4 05       		.byte	0x5
 612 01c5 BD       		.byte	0xbd
 613 01c6 B8000000 		.4byte	0xb8
 614 01ca 02       		.byte	0x2
 615 01cb 23       		.byte	0x23
 616 01cc 34       		.uleb128 0x34
 617 01cd 06       		.uleb128 0x6
 618 01ce 73020000 		.4byte	.LASF35
 619 01d2 05       		.byte	0x5
 620 01d3 C3       		.byte	0xc3
ARM GAS  /tmp/ccYFxY3c.s 			page 12


 621 01d4 C3000000 		.4byte	0xc3
 622 01d8 02       		.byte	0x2
 623 01d9 23       		.byte	0x23
 624 01da 38       		.uleb128 0x38
 625 01db 06       		.uleb128 0x6
 626 01dc 2E020000 		.4byte	.LASF36
 627 01e0 05       		.byte	0x5
 628 01e1 CA       		.byte	0xca
 629 01e2 36060000 		.4byte	0x636
 630 01e6 02       		.byte	0x2
 631 01e7 23       		.byte	0x23
 632 01e8 3C       		.uleb128 0x3c
 633 01e9 06       		.uleb128 0x6
 634 01ea BE020000 		.4byte	.LASF37
 635 01ee 05       		.byte	0x5
 636 01ef CE       		.byte	0xce
 637 01f0 AD000000 		.4byte	0xad
 638 01f4 02       		.byte	0x2
 639 01f5 23       		.byte	0x23
 640 01f6 40       		.uleb128 0x40
 641 01f7 06       		.uleb128 0x6
 642 01f8 6A000000 		.4byte	.LASF38
 643 01fc 05       		.byte	0x5
 644 01fd D4       		.byte	0xd4
 645 01fe 69020000 		.4byte	0x269
 646 0202 02       		.byte	0x2
 647 0203 23       		.byte	0x23
 648 0204 44       		.uleb128 0x44
 649 0205 00       		.byte	0
 650 0206 08       		.uleb128 0x8
 651 0207 08       		.byte	0x8
 652 0208 04       		.byte	0x4
 653 0209 61       		.byte	0x61
 654 020a 2B020000 		.4byte	0x22b
 655 020e 06       		.uleb128 0x6
 656 020f 5D020000 		.4byte	.LASF21
 657 0213 04       		.byte	0x4
 658 0214 62       		.byte	0x62
 659 0215 2B020000 		.4byte	0x22b
 660 0219 02       		.byte	0x2
 661 021a 23       		.byte	0x23
 662 021b 00       		.uleb128 0
 663 021c 06       		.uleb128 0x6
 664 021d C7010000 		.4byte	.LASF22
 665 0221 04       		.byte	0x4
 666 0222 64       		.byte	0x64
 667 0223 2B020000 		.4byte	0x22b
 668 0227 02       		.byte	0x2
 669 0228 23       		.byte	0x23
 670 0229 04       		.uleb128 0x4
 671 022a 00       		.byte	0
 672 022b 09       		.uleb128 0x9
 673 022c 04       		.byte	0x4
 674 022d E4000000 		.4byte	0xe4
 675 0231 04       		.uleb128 0x4
 676 0232 9B010000 		.4byte	.LASF39
 677 0236 04       		.byte	0x4
ARM GAS  /tmp/ccYFxY3c.s 			page 13


 678 0237 66       		.byte	0x66
 679 0238 06020000 		.4byte	0x206
 680 023c 08       		.uleb128 0x8
 681 023d 04       		.byte	0x4
 682 023e 04       		.byte	0x4
 683 023f 6B       		.byte	0x6b
 684 0240 53020000 		.4byte	0x253
 685 0244 06       		.uleb128 0x6
 686 0245 5D020000 		.4byte	.LASF21
 687 0249 04       		.byte	0x4
 688 024a 6D       		.byte	0x6d
 689 024b 2B020000 		.4byte	0x22b
 690 024f 02       		.byte	0x2
 691 0250 23       		.byte	0x23
 692 0251 00       		.uleb128 0
 693 0252 00       		.byte	0
 694 0253 04       		.uleb128 0x4
 695 0254 6A010000 		.4byte	.LASF40
 696 0258 04       		.byte	0x4
 697 0259 70       		.byte	0x70
 698 025a 3C020000 		.4byte	0x23c
 699 025e 04       		.uleb128 0x4
 700 025f B4000000 		.4byte	.LASF41
 701 0263 06       		.byte	0x6
 702 0264 D7       		.byte	0xd7
 703 0265 69020000 		.4byte	0x269
 704 0269 0A       		.uleb128 0xa
 705 026a 04       		.byte	0x4
 706 026b 05       		.uleb128 0x5
 707 026c D7000000 		.4byte	.LASF42
 708 0270 20       		.byte	0x20
 709 0271 06       		.byte	0x6
 710 0272 DF       		.byte	0xdf
 711 0273 E3020000 		.4byte	0x2e3
 712 0277 07       		.uleb128 0x7
 713 0278 723000   		.ascii	"r0\000"
 714 027b 06       		.byte	0x6
 715 027c E0       		.byte	0xe0
 716 027d 5E020000 		.4byte	0x25e
 717 0281 02       		.byte	0x2
 718 0282 23       		.byte	0x23
 719 0283 00       		.uleb128 0
 720 0284 07       		.uleb128 0x7
 721 0285 723100   		.ascii	"r1\000"
 722 0288 06       		.byte	0x6
 723 0289 E1       		.byte	0xe1
 724 028a 5E020000 		.4byte	0x25e
 725 028e 02       		.byte	0x2
 726 028f 23       		.byte	0x23
 727 0290 04       		.uleb128 0x4
 728 0291 07       		.uleb128 0x7
 729 0292 723200   		.ascii	"r2\000"
 730 0295 06       		.byte	0x6
 731 0296 E2       		.byte	0xe2
 732 0297 5E020000 		.4byte	0x25e
 733 029b 02       		.byte	0x2
 734 029c 23       		.byte	0x23
ARM GAS  /tmp/ccYFxY3c.s 			page 14


 735 029d 08       		.uleb128 0x8
 736 029e 07       		.uleb128 0x7
 737 029f 723300   		.ascii	"r3\000"
 738 02a2 06       		.byte	0x6
 739 02a3 E3       		.byte	0xe3
 740 02a4 5E020000 		.4byte	0x25e
 741 02a8 02       		.byte	0x2
 742 02a9 23       		.byte	0x23
 743 02aa 0C       		.uleb128 0xc
 744 02ab 07       		.uleb128 0x7
 745 02ac 72313200 		.ascii	"r12\000"
 746 02b0 06       		.byte	0x6
 747 02b1 E4       		.byte	0xe4
 748 02b2 5E020000 		.4byte	0x25e
 749 02b6 02       		.byte	0x2
 750 02b7 23       		.byte	0x23
 751 02b8 10       		.uleb128 0x10
 752 02b9 06       		.uleb128 0x6
 753 02ba D0000000 		.4byte	.LASF43
 754 02be 06       		.byte	0x6
 755 02bf E5       		.byte	0xe5
 756 02c0 5E020000 		.4byte	0x25e
 757 02c4 02       		.byte	0x2
 758 02c5 23       		.byte	0x23
 759 02c6 14       		.uleb128 0x14
 760 02c7 07       		.uleb128 0x7
 761 02c8 706300   		.ascii	"pc\000"
 762 02cb 06       		.byte	0x6
 763 02cc E6       		.byte	0xe6
 764 02cd 5E020000 		.4byte	0x25e
 765 02d1 02       		.byte	0x2
 766 02d2 23       		.byte	0x23
 767 02d3 18       		.uleb128 0x18
 768 02d4 06       		.uleb128 0x6
 769 02d5 4A020000 		.4byte	.LASF44
 770 02d9 06       		.byte	0x6
 771 02da E7       		.byte	0xe7
 772 02db 5E020000 		.4byte	0x25e
 773 02df 02       		.byte	0x2
 774 02e0 23       		.byte	0x23
 775 02e1 1C       		.uleb128 0x1c
 776 02e2 00       		.byte	0
 777 02e3 05       		.uleb128 0x5
 778 02e4 EC020000 		.4byte	.LASF45
 779 02e8 24       		.byte	0x24
 780 02e9 06       		.byte	0x6
 781 02ea FE       		.byte	0xfe
 782 02eb 70030000 		.4byte	0x370
 783 02ef 0B       		.uleb128 0xb
 784 02f0 723400   		.ascii	"r4\000"
 785 02f3 06       		.byte	0x6
 786 02f4 1101     		.2byte	0x111
 787 02f6 5E020000 		.4byte	0x25e
 788 02fa 02       		.byte	0x2
 789 02fb 23       		.byte	0x23
 790 02fc 00       		.uleb128 0
 791 02fd 0B       		.uleb128 0xb
ARM GAS  /tmp/ccYFxY3c.s 			page 15


 792 02fe 723500   		.ascii	"r5\000"
 793 0301 06       		.byte	0x6
 794 0302 1201     		.2byte	0x112
 795 0304 5E020000 		.4byte	0x25e
 796 0308 02       		.byte	0x2
 797 0309 23       		.byte	0x23
 798 030a 04       		.uleb128 0x4
 799 030b 0B       		.uleb128 0xb
 800 030c 723600   		.ascii	"r6\000"
 801 030f 06       		.byte	0x6
 802 0310 1301     		.2byte	0x113
 803 0312 5E020000 		.4byte	0x25e
 804 0316 02       		.byte	0x2
 805 0317 23       		.byte	0x23
 806 0318 08       		.uleb128 0x8
 807 0319 0B       		.uleb128 0xb
 808 031a 723700   		.ascii	"r7\000"
 809 031d 06       		.byte	0x6
 810 031e 1401     		.2byte	0x114
 811 0320 5E020000 		.4byte	0x25e
 812 0324 02       		.byte	0x2
 813 0325 23       		.byte	0x23
 814 0326 0C       		.uleb128 0xc
 815 0327 0B       		.uleb128 0xb
 816 0328 723800   		.ascii	"r8\000"
 817 032b 06       		.byte	0x6
 818 032c 1501     		.2byte	0x115
 819 032e 5E020000 		.4byte	0x25e
 820 0332 02       		.byte	0x2
 821 0333 23       		.byte	0x23
 822 0334 10       		.uleb128 0x10
 823 0335 0B       		.uleb128 0xb
 824 0336 723900   		.ascii	"r9\000"
 825 0339 06       		.byte	0x6
 826 033a 1601     		.2byte	0x116
 827 033c 5E020000 		.4byte	0x25e
 828 0340 02       		.byte	0x2
 829 0341 23       		.byte	0x23
 830 0342 14       		.uleb128 0x14
 831 0343 0B       		.uleb128 0xb
 832 0344 72313000 		.ascii	"r10\000"
 833 0348 06       		.byte	0x6
 834 0349 1701     		.2byte	0x117
 835 034b 5E020000 		.4byte	0x25e
 836 034f 02       		.byte	0x2
 837 0350 23       		.byte	0x23
 838 0351 18       		.uleb128 0x18
 839 0352 0B       		.uleb128 0xb
 840 0353 72313100 		.ascii	"r11\000"
 841 0357 06       		.byte	0x6
 842 0358 1801     		.2byte	0x118
 843 035a 5E020000 		.4byte	0x25e
 844 035e 02       		.byte	0x2
 845 035f 23       		.byte	0x23
 846 0360 1C       		.uleb128 0x1c
 847 0361 0B       		.uleb128 0xb
 848 0362 6C7200   		.ascii	"lr\000"
ARM GAS  /tmp/ccYFxY3c.s 			page 16


 849 0365 06       		.byte	0x6
 850 0366 1901     		.2byte	0x119
 851 0368 5E020000 		.4byte	0x25e
 852 036c 02       		.byte	0x2
 853 036d 23       		.byte	0x23
 854 036e 20       		.uleb128 0x20
 855 036f 00       		.byte	0
 856 0370 0C       		.uleb128 0xc
 857 0371 18010000 		.4byte	.LASF46
 858 0375 04       		.byte	0x4
 859 0376 06       		.byte	0x6
 860 0377 2301     		.2byte	0x123
 861 0379 8D030000 		.4byte	0x38d
 862 037d 0B       		.uleb128 0xb
 863 037e 72313300 		.ascii	"r13\000"
 864 0382 06       		.byte	0x6
 865 0383 2401     		.2byte	0x124
 866 0385 8D030000 		.4byte	0x38d
 867 0389 02       		.byte	0x2
 868 038a 23       		.byte	0x23
 869 038b 00       		.uleb128 0
 870 038c 00       		.byte	0
 871 038d 09       		.uleb128 0x9
 872 038e 04       		.byte	0x4
 873 038f E3020000 		.4byte	0x2e3
 874 0393 0D       		.uleb128 0xd
 875 0394 77000000 		.4byte	0x77
 876 0398 08       		.uleb128 0x8
 877 0399 8C       		.byte	0x8c
 878 039a 07       		.byte	0x7
 879 039b 89       		.byte	0x89
 880 039c C8040000 		.4byte	0x4c8
 881 03a0 06       		.uleb128 0x6
 882 03a1 43000000 		.4byte	.LASF47
 883 03a5 07       		.byte	0x7
 884 03a6 8A       		.byte	0x8a
 885 03a7 93030000 		.4byte	0x393
 886 03ab 02       		.byte	0x2
 887 03ac 23       		.byte	0x23
 888 03ad 00       		.uleb128 0
 889 03ae 06       		.uleb128 0x6
 890 03af 33010000 		.4byte	.LASF48
 891 03b3 07       		.byte	0x7
 892 03b4 8B       		.byte	0x8b
 893 03b5 93030000 		.4byte	0x393
 894 03b9 02       		.byte	0x2
 895 03ba 23       		.byte	0x23
 896 03bb 04       		.uleb128 0x4
 897 03bc 06       		.uleb128 0x6
 898 03bd FD000000 		.4byte	.LASF49
 899 03c1 07       		.byte	0x7
 900 03c2 8C       		.byte	0x8c
 901 03c3 93030000 		.4byte	0x393
 902 03c7 02       		.byte	0x2
 903 03c8 23       		.byte	0x23
 904 03c9 08       		.uleb128 0x8
 905 03ca 06       		.uleb128 0x6
ARM GAS  /tmp/ccYFxY3c.s 			page 17


 906 03cb 3E010000 		.4byte	.LASF50
 907 03cf 07       		.byte	0x7
 908 03d0 8D       		.byte	0x8d
 909 03d1 93030000 		.4byte	0x393
 910 03d5 02       		.byte	0x2
 911 03d6 23       		.byte	0x23
 912 03d7 0C       		.uleb128 0xc
 913 03d8 07       		.uleb128 0x7
 914 03d9 53435200 		.ascii	"SCR\000"
 915 03dd 07       		.byte	0x7
 916 03de 8E       		.byte	0x8e
 917 03df 93030000 		.4byte	0x393
 918 03e3 02       		.byte	0x2
 919 03e4 23       		.byte	0x23
 920 03e5 10       		.uleb128 0x10
 921 03e6 07       		.uleb128 0x7
 922 03e7 43435200 		.ascii	"CCR\000"
 923 03eb 07       		.byte	0x7
 924 03ec 8F       		.byte	0x8f
 925 03ed 93030000 		.4byte	0x393
 926 03f1 02       		.byte	0x2
 927 03f2 23       		.byte	0x23
 928 03f3 14       		.uleb128 0x14
 929 03f4 06       		.uleb128 0x6
 930 03f5 E7020000 		.4byte	.LASF51
 931 03f9 07       		.byte	0x7
 932 03fa 90       		.byte	0x90
 933 03fb D8040000 		.4byte	0x4d8
 934 03ff 02       		.byte	0x2
 935 0400 23       		.byte	0x23
 936 0401 18       		.uleb128 0x18
 937 0402 06       		.uleb128 0x6
 938 0403 EC010000 		.4byte	.LASF52
 939 0407 07       		.byte	0x7
 940 0408 91       		.byte	0x91
 941 0409 93030000 		.4byte	0x393
 942 040d 02       		.byte	0x2
 943 040e 23       		.byte	0x23
 944 040f 24       		.uleb128 0x24
 945 0410 06       		.uleb128 0x6
 946 0411 88010000 		.4byte	.LASF53
 947 0415 07       		.byte	0x7
 948 0416 92       		.byte	0x92
 949 0417 93030000 		.4byte	0x393
 950 041b 02       		.byte	0x2
 951 041c 23       		.byte	0x23
 952 041d 28       		.uleb128 0x28
 953 041e 06       		.uleb128 0x6
 954 041f 41030000 		.4byte	.LASF54
 955 0423 07       		.byte	0x7
 956 0424 93       		.byte	0x93
 957 0425 93030000 		.4byte	0x393
 958 0429 02       		.byte	0x2
 959 042a 23       		.byte	0x23
 960 042b 2C       		.uleb128 0x2c
 961 042c 06       		.uleb128 0x6
 962 042d 44010000 		.4byte	.LASF55
ARM GAS  /tmp/ccYFxY3c.s 			page 18


 963 0431 07       		.byte	0x7
 964 0432 94       		.byte	0x94
 965 0433 93030000 		.4byte	0x393
 966 0437 02       		.byte	0x2
 967 0438 23       		.byte	0x23
 968 0439 30       		.uleb128 0x30
 969 043a 06       		.uleb128 0x6
 970 043b 49010000 		.4byte	.LASF56
 971 043f 07       		.byte	0x7
 972 0440 95       		.byte	0x95
 973 0441 93030000 		.4byte	0x393
 974 0445 02       		.byte	0x2
 975 0446 23       		.byte	0x23
 976 0447 34       		.uleb128 0x34
 977 0448 06       		.uleb128 0x6
 978 0449 A7000000 		.4byte	.LASF57
 979 044d 07       		.byte	0x7
 980 044e 96       		.byte	0x96
 981 044f 93030000 		.4byte	0x393
 982 0453 02       		.byte	0x2
 983 0454 23       		.byte	0x23
 984 0455 38       		.uleb128 0x38
 985 0456 06       		.uleb128 0x6
 986 0457 8F020000 		.4byte	.LASF58
 987 045b 07       		.byte	0x7
 988 045c 97       		.byte	0x97
 989 045d 93030000 		.4byte	0x393
 990 0461 02       		.byte	0x2
 991 0462 23       		.byte	0x23
 992 0463 3C       		.uleb128 0x3c
 993 0464 07       		.uleb128 0x7
 994 0465 50465200 		.ascii	"PFR\000"
 995 0469 07       		.byte	0x7
 996 046a 98       		.byte	0x98
 997 046b ED040000 		.4byte	0x4ed
 998 046f 02       		.byte	0x2
 999 0470 23       		.byte	0x23
 1000 0471 40       		.uleb128 0x40
 1001 0472 07       		.uleb128 0x7
 1002 0473 44465200 		.ascii	"DFR\000"
 1003 0477 07       		.byte	0x7
 1004 0478 99       		.byte	0x99
 1005 0479 93030000 		.4byte	0x393
 1006 047d 02       		.byte	0x2
 1007 047e 23       		.byte	0x23
 1008 047f 48       		.uleb128 0x48
 1009 0480 07       		.uleb128 0x7
 1010 0481 41445200 		.ascii	"ADR\000"
 1011 0485 07       		.byte	0x7
 1012 0486 9A       		.byte	0x9a
 1013 0487 93030000 		.4byte	0x393
 1014 048b 02       		.byte	0x2
 1015 048c 23       		.byte	0x23
 1016 048d 4C       		.uleb128 0x4c
 1017 048e 06       		.uleb128 0x6
 1018 048f 0F030000 		.4byte	.LASF59
 1019 0493 07       		.byte	0x7
ARM GAS  /tmp/ccYFxY3c.s 			page 19


 1020 0494 9B       		.byte	0x9b
 1021 0495 02050000 		.4byte	0x502
 1022 0499 02       		.byte	0x2
 1023 049a 23       		.byte	0x23
 1024 049b 50       		.uleb128 0x50
 1025 049c 07       		.uleb128 0x7
 1026 049d 53415200 		.ascii	"SAR\000"
 1027 04a1 07       		.byte	0x7
 1028 04a2 9C       		.byte	0x9c
 1029 04a3 17050000 		.4byte	0x517
 1030 04a7 02       		.byte	0x2
 1031 04a8 23       		.byte	0x23
 1032 04a9 60       		.uleb128 0x60
 1033 04aa 06       		.uleb128 0x6
 1034 04ab 94020000 		.4byte	.LASF60
 1035 04af 07       		.byte	0x7
 1036 04b0 9D       		.byte	0x9d
 1037 04b1 1C050000 		.4byte	0x51c
 1038 04b5 02       		.byte	0x2
 1039 04b6 23       		.byte	0x23
 1040 04b7 74       		.uleb128 0x74
 1041 04b8 06       		.uleb128 0x6
 1042 04b9 3B030000 		.4byte	.LASF61
 1043 04bd 07       		.byte	0x7
 1044 04be 9E       		.byte	0x9e
 1045 04bf 93030000 		.4byte	0x393
 1046 04c3 03       		.byte	0x3
 1047 04c4 23       		.byte	0x23
 1048 04c5 8801     		.uleb128 0x88
 1049 04c7 00       		.byte	0
 1050 04c8 0E       		.uleb128 0xe
 1051 04c9 77000000 		.4byte	0x77
 1052 04cd D8040000 		.4byte	0x4d8
 1053 04d1 0F       		.uleb128 0xf
 1054 04d2 2C000000 		.4byte	0x2c
 1055 04d6 02       		.byte	0x2
 1056 04d7 00       		.byte	0
 1057 04d8 0D       		.uleb128 0xd
 1058 04d9 C8040000 		.4byte	0x4c8
 1059 04dd 0E       		.uleb128 0xe
 1060 04de 77000000 		.4byte	0x77
 1061 04e2 ED040000 		.4byte	0x4ed
 1062 04e6 0F       		.uleb128 0xf
 1063 04e7 2C000000 		.4byte	0x2c
 1064 04eb 01       		.byte	0x1
 1065 04ec 00       		.byte	0
 1066 04ed 0D       		.uleb128 0xd
 1067 04ee DD040000 		.4byte	0x4dd
 1068 04f2 0E       		.uleb128 0xe
 1069 04f3 77000000 		.4byte	0x77
 1070 04f7 02050000 		.4byte	0x502
 1071 04fb 0F       		.uleb128 0xf
 1072 04fc 2C000000 		.4byte	0x2c
 1073 0500 03       		.byte	0x3
 1074 0501 00       		.byte	0
 1075 0502 0D       		.uleb128 0xd
 1076 0503 F2040000 		.4byte	0x4f2
ARM GAS  /tmp/ccYFxY3c.s 			page 20


 1077 0507 0E       		.uleb128 0xe
 1078 0508 77000000 		.4byte	0x77
 1079 050c 17050000 		.4byte	0x517
 1080 0510 0F       		.uleb128 0xf
 1081 0511 2C000000 		.4byte	0x2c
 1082 0515 04       		.byte	0x4
 1083 0516 00       		.byte	0
 1084 0517 0D       		.uleb128 0xd
 1085 0518 07050000 		.4byte	0x507
 1086 051c 0D       		.uleb128 0xd
 1087 051d 07050000 		.4byte	0x507
 1088 0521 04       		.uleb128 0x4
 1089 0522 0D000000 		.4byte	.LASF62
 1090 0526 07       		.byte	0x7
 1091 0527 9F       		.byte	0x9f
 1092 0528 98030000 		.4byte	0x398
 1093 052c 0D       		.uleb128 0xd
 1094 052d CE000000 		.4byte	0xce
 1095 0531 08       		.uleb128 0x8
 1096 0532 20       		.byte	0x20
 1097 0533 08       		.byte	0x8
 1098 0534 5E       		.byte	0x5e
 1099 0535 9C050000 		.4byte	0x59c
 1100 0539 06       		.uleb128 0x6
 1101 053a 87020000 		.4byte	.LASF63
 1102 053e 08       		.byte	0x8
 1103 053f 5F       		.byte	0x5f
 1104 0540 31020000 		.4byte	0x231
 1105 0544 02       		.byte	0x2
 1106 0545 23       		.byte	0x23
 1107 0546 00       		.uleb128 0
 1108 0547 06       		.uleb128 0x6
 1109 0548 4F020000 		.4byte	.LASF64
 1110 054c 08       		.byte	0x8
 1111 054d 60       		.byte	0x60
 1112 054e AD000000 		.4byte	0xad
 1113 0552 02       		.byte	0x2
 1114 0553 23       		.byte	0x23
 1115 0554 08       		.uleb128 0x8
 1116 0555 06       		.uleb128 0x6
 1117 0556 95010000 		.4byte	.LASF65
 1118 055a 08       		.byte	0x8
 1119 055b 62       		.byte	0x62
 1120 055c 70030000 		.4byte	0x370
 1121 0560 02       		.byte	0x2
 1122 0561 23       		.byte	0x23
 1123 0562 0C       		.uleb128 0xc
 1124 0563 06       		.uleb128 0x6
 1125 0564 AC000000 		.4byte	.LASF66
 1126 0568 08       		.byte	0x8
 1127 0569 65       		.byte	0x65
 1128 056a 2B020000 		.4byte	0x22b
 1129 056e 02       		.byte	0x2
 1130 056f 23       		.byte	0x23
 1131 0570 10       		.uleb128 0x10
 1132 0571 06       		.uleb128 0x6
 1133 0572 B2010000 		.4byte	.LASF67
ARM GAS  /tmp/ccYFxY3c.s 			page 21


 1134 0576 08       		.byte	0x8
 1135 0577 66       		.byte	0x66
 1136 0578 2B020000 		.4byte	0x22b
 1137 057c 02       		.byte	0x2
 1138 057d 23       		.byte	0x23
 1139 057e 14       		.uleb128 0x14
 1140 057f 06       		.uleb128 0x6
 1141 0580 D6020000 		.4byte	.LASF68
 1142 0584 08       		.byte	0x8
 1143 0585 6A       		.byte	0x6a
 1144 0586 D9000000 		.4byte	0xd9
 1145 058a 02       		.byte	0x2
 1146 058b 23       		.byte	0x23
 1147 058c 18       		.uleb128 0x18
 1148 058d 06       		.uleb128 0x6
 1149 058e A8010000 		.4byte	.LASF69
 1150 0592 08       		.byte	0x8
 1151 0593 6C       		.byte	0x6c
 1152 0594 2B020000 		.4byte	0x22b
 1153 0598 02       		.byte	0x2
 1154 0599 23       		.byte	0x23
 1155 059a 1C       		.uleb128 0x1c
 1156 059b 00       		.byte	0
 1157 059c 04       		.uleb128 0x4
 1158 059d 05030000 		.4byte	.LASF70
 1159 05a1 08       		.byte	0x8
 1160 05a2 6E       		.byte	0x6e
 1161 05a3 31050000 		.4byte	0x531
 1162 05a7 05       		.uleb128 0x5
 1163 05a8 82010000 		.4byte	.LASF71
 1164 05ac 10       		.byte	0x10
 1165 05ad 09       		.byte	0x9
 1166 05ae 2C       		.byte	0x2c
 1167 05af DE050000 		.4byte	0x5de
 1168 05b3 06       		.uleb128 0x6
 1169 05b4 72000000 		.4byte	.LASF72
 1170 05b8 09       		.byte	0x9
 1171 05b9 2D       		.byte	0x2d
 1172 05ba 31020000 		.4byte	0x231
 1173 05be 02       		.byte	0x2
 1174 05bf 23       		.byte	0x23
 1175 05c0 00       		.uleb128 0
 1176 05c1 06       		.uleb128 0x6
 1177 05c2 46030000 		.4byte	.LASF73
 1178 05c6 09       		.byte	0x9
 1179 05c7 2F       		.byte	0x2f
 1180 05c8 2B020000 		.4byte	0x22b
 1181 05cc 02       		.byte	0x2
 1182 05cd 23       		.byte	0x23
 1183 05ce 08       		.uleb128 0x8
 1184 05cf 06       		.uleb128 0x6
 1185 05d0 AD020000 		.4byte	.LASF74
 1186 05d4 09       		.byte	0x9
 1187 05d5 31       		.byte	0x31
 1188 05d6 DE050000 		.4byte	0x5de
 1189 05da 02       		.byte	0x2
 1190 05db 23       		.byte	0x23
ARM GAS  /tmp/ccYFxY3c.s 			page 22


 1191 05dc 0C       		.uleb128 0xc
 1192 05dd 00       		.byte	0
 1193 05de 09       		.uleb128 0x9
 1194 05df 04       		.byte	0x4
 1195 05e0 A7050000 		.4byte	0x5a7
 1196 05e4 04       		.uleb128 0x4
 1197 05e5 82010000 		.4byte	.LASF71
 1198 05e9 09       		.byte	0x9
 1199 05ea 33       		.byte	0x33
 1200 05eb A7050000 		.4byte	0x5a7
 1201 05ef 10       		.uleb128 0x10
 1202 05f0 04       		.byte	0x4
 1203 05f1 05       		.byte	0x5
 1204 05f2 90       		.byte	0x90
 1205 05f3 24060000 		.4byte	0x624
 1206 05f7 11       		.uleb128 0x11
 1207 05f8 06000000 		.4byte	.LASF75
 1208 05fc 05       		.byte	0x5
 1209 05fd 97       		.byte	0x97
 1210 05fe B8000000 		.4byte	0xb8
 1211 0602 11       		.uleb128 0x11
 1212 0603 3A000000 		.4byte	.LASF76
 1213 0607 05       		.byte	0x5
 1214 0608 9E       		.byte	0x9e
 1215 0609 B8000000 		.4byte	0xb8
 1216 060d 11       		.uleb128 0x11
 1217 060e 2D030000 		.4byte	.LASF77
 1218 0612 05       		.byte	0x5
 1219 0613 A5       		.byte	0xa5
 1220 0614 69020000 		.4byte	0x269
 1221 0618 11       		.uleb128 0x11
 1222 0619 56020000 		.4byte	.LASF78
 1223 061d 05       		.byte	0x5
 1224 061e AC       		.byte	0xac
 1225 061f C3000000 		.4byte	0xc3
 1226 0623 00       		.byte	0
 1227 0624 09       		.uleb128 0x9
 1228 0625 04       		.byte	0x4
 1229 0626 2A060000 		.4byte	0x62a
 1230 062a 12       		.uleb128 0x12
 1231 062b 2F060000 		.4byte	0x62f
 1232 062f 03       		.uleb128 0x3
 1233 0630 01       		.byte	0x1
 1234 0631 08       		.byte	0x8
 1235 0632 A8020000 		.4byte	.LASF79
 1236 0636 09       		.uleb128 0x9
 1237 0637 04       		.byte	0x4
 1238 0638 E4050000 		.4byte	0x5e4
 1239 063c 13       		.uleb128 0x13
 1240 063d 01       		.byte	0x1
 1241 063e 02010000 		.4byte	.LASF81
 1242 0642 01       		.byte	0x1
 1243 0643 CF       		.byte	0xcf
 1244 0644 01       		.byte	0x1
 1245 0645 00000000 		.4byte	.LFB11
 1246 0649 06000000 		.4byte	.LFE11
 1247 064d 02       		.byte	0x2
ARM GAS  /tmp/ccYFxY3c.s 			page 23


 1248 064e 7D       		.byte	0x7d
 1249 064f 00       		.sleb128 0
 1250 0650 14       		.uleb128 0x14
 1251 0651 01       		.byte	0x1
 1252 0652 C9020000 		.4byte	.LASF83
 1253 0656 01       		.byte	0x1
 1254 0657 41       		.byte	0x41
 1255 0658 01       		.byte	0x1
 1256 0659 00000000 		.4byte	.LFB8
 1257 065d 12000000 		.4byte	.LFE8
 1258 0661 02       		.byte	0x2
 1259 0662 7D       		.byte	0x7d
 1260 0663 00       		.sleb128 0
 1261 0664 91060000 		.4byte	0x691
 1262 0668 15       		.uleb128 0x15
 1263 0669 C2010000 		.4byte	.LASF80
 1264 066d 01       		.byte	0x1
 1265 066e 42       		.byte	0x42
 1266 066f 91060000 		.4byte	0x691
 1267 0673 00000000 		.4byte	.LLST0
 1268 0677 16       		.uleb128 0x16
 1269 0678 0A000000 		.4byte	.LBB2
 1270 067c 10000000 		.4byte	.LBE2
 1271 0680 17       		.uleb128 0x17
 1272 0681 746D7000 		.ascii	"tmp\000"
 1273 0685 01       		.byte	0x1
 1274 0686 51       		.byte	0x51
 1275 0687 6C000000 		.4byte	0x6c
 1276 068b 20000000 		.4byte	.LLST1
 1277 068f 00       		.byte	0
 1278 0690 00       		.byte	0
 1279 0691 09       		.uleb128 0x9
 1280 0692 04       		.byte	0x4
 1281 0693 6B020000 		.4byte	0x26b
 1282 0697 18       		.uleb128 0x18
 1283 0698 01       		.byte	0x1
 1284 0699 22030000 		.4byte	.LASF82
 1285 069d 01       		.byte	0x1
 1286 069e 76       		.byte	0x76
 1287 069f 01       		.byte	0x1
 1288 06a0 00000000 		.4byte	.LFB9
 1289 06a4 34000000 		.4byte	.LFE9
 1290 06a8 33000000 		.4byte	.LLST2
 1291 06ac 14       		.uleb128 0x14
 1292 06ad 01       		.byte	0x1
 1293 06ae 4F010000 		.4byte	.LASF84
 1294 06b2 01       		.byte	0x1
 1295 06b3 94       		.byte	0x94
 1296 06b4 01       		.byte	0x1
 1297 06b5 00000000 		.4byte	.LFB10
 1298 06b9 7E000000 		.4byte	.LFE10
 1299 06bd 02       		.byte	0x2
 1300 06be 7D       		.byte	0x7d
 1301 06bf 00       		.sleb128 0
 1302 06c0 14070000 		.4byte	0x714
 1303 06c4 19       		.uleb128 0x19
 1304 06c5 00000000 		.4byte	.LBB3
ARM GAS  /tmp/ccYFxY3c.s 			page 24


 1305 06c9 06000000 		.4byte	.LBE3
 1306 06cd E1060000 		.4byte	0x6e1
 1307 06d1 17       		.uleb128 0x17
 1308 06d2 746D7000 		.ascii	"tmp\000"
 1309 06d6 01       		.byte	0x1
 1310 06d7 96       		.byte	0x96
 1311 06d8 6C000000 		.4byte	0x6c
 1312 06dc 53000000 		.4byte	.LLST3
 1313 06e0 00       		.byte	0
 1314 06e1 1A       		.uleb128 0x1a
 1315 06e2 00000000 		.4byte	.Ldebug_ranges0+0
 1316 06e6 FA060000 		.4byte	0x6fa
 1317 06ea 15       		.uleb128 0x15
 1318 06eb C2010000 		.4byte	.LASF80
 1319 06ef 01       		.byte	0x1
 1320 06f0 98       		.byte	0x98
 1321 06f1 91060000 		.4byte	0x691
 1322 06f5 66000000 		.4byte	.LLST4
 1323 06f9 00       		.byte	0
 1324 06fa 16       		.uleb128 0x16
 1325 06fb 56000000 		.4byte	.LBB5
 1326 06ff 5C000000 		.4byte	.LBE5
 1327 0703 17       		.uleb128 0x17
 1328 0704 746D7000 		.ascii	"tmp\000"
 1329 0708 01       		.byte	0x1
 1330 0709 C5       		.byte	0xc5
 1331 070a 6C000000 		.4byte	0x6c
 1332 070e 86000000 		.4byte	.LLST5
 1333 0712 00       		.byte	0
 1334 0713 00       		.byte	0
 1335 0714 1B       		.uleb128 0x1b
 1336 0715 01       		.byte	0x1
 1337 0716 15000000 		.4byte	.LASF85
 1338 071a 01       		.byte	0x1
 1339 071b 2F       		.byte	0x2f
 1340 071c 01       		.byte	0x1
 1341 071d 00000000 		.4byte	.LFB7
 1342 0721 1A000000 		.4byte	.LFE7
 1343 0725 99000000 		.4byte	.LLST6
 1344 0729 64070000 		.4byte	0x764
 1345 072d 19       		.uleb128 0x19
 1346 072e 02000000 		.4byte	.LBB7
 1347 0732 08000000 		.4byte	.LBE7
 1348 0736 4A070000 		.4byte	0x74a
 1349 073a 17       		.uleb128 0x17
 1350 073b 746D7000 		.ascii	"tmp\000"
 1351 073f 01       		.byte	0x1
 1352 0740 33       		.byte	0x33
 1353 0741 6C000000 		.4byte	0x6c
 1354 0745 B9000000 		.4byte	.LLST7
 1355 0749 00       		.byte	0
 1356 074a 16       		.uleb128 0x16
 1357 074b 0C000000 		.4byte	.LBB8
 1358 074f 12000000 		.4byte	.LBE8
 1359 0753 17       		.uleb128 0x17
 1360 0754 746D7000 		.ascii	"tmp\000"
 1361 0758 01       		.byte	0x1
ARM GAS  /tmp/ccYFxY3c.s 			page 25


 1362 0759 35       		.byte	0x35
 1363 075a 6C000000 		.4byte	0x6c
 1364 075e CC000000 		.4byte	.LLST8
 1365 0762 00       		.byte	0
 1366 0763 00       		.byte	0
 1367 0764 14       		.uleb128 0x14
 1368 0765 01       		.byte	0x1
 1369 0766 DE000000 		.4byte	.LASF86
 1370 076a 01       		.byte	0x1
 1371 076b EC       		.byte	0xec
 1372 076c 01       		.byte	0x1
 1373 076d 00000000 		.4byte	.LFB12
 1374 0771 10000000 		.4byte	.LFE12
 1375 0775 02       		.byte	0x2
 1376 0776 7D       		.byte	0x7d
 1377 0777 00       		.sleb128 0
 1378 0778 97070000 		.4byte	0x797
 1379 077c 1C       		.uleb128 0x1c
 1380 077d 6E747000 		.ascii	"ntp\000"
 1381 0781 01       		.byte	0x1
 1382 0782 EC       		.byte	0xec
 1383 0783 2B020000 		.4byte	0x22b
 1384 0787 01       		.byte	0x1
 1385 0788 50       		.byte	0x50
 1386 0789 1C       		.uleb128 0x1c
 1387 078a 6F747000 		.ascii	"otp\000"
 1388 078e 01       		.byte	0x1
 1389 078f EC       		.byte	0xec
 1390 0790 2B020000 		.4byte	0x22b
 1391 0794 01       		.byte	0x1
 1392 0795 51       		.byte	0x51
 1393 0796 00       		.byte	0
 1394 0797 1D       		.uleb128 0x1d
 1395 0798 01       		.byte	0x1
 1396 0799 8C000000 		.4byte	.LASF87
 1397 079d 01       		.byte	0x1
 1398 079e 0301     		.2byte	0x103
 1399 07a0 01       		.byte	0x1
 1400 07a1 00000000 		.4byte	.LFB13
 1401 07a5 10000000 		.4byte	.LFE13
 1402 07a9 02       		.byte	0x2
 1403 07aa 7D       		.byte	0x7d
 1404 07ab 00       		.sleb128 0
 1405 07ac CB070000 		.4byte	0x7cb
 1406 07b0 16       		.uleb128 0x16
 1407 07b1 00000000 		.4byte	.LBB9
 1408 07b5 06000000 		.4byte	.LBE9
 1409 07b9 1E       		.uleb128 0x1e
 1410 07ba 746D7000 		.ascii	"tmp\000"
 1411 07be 01       		.byte	0x1
 1412 07bf 0501     		.2byte	0x105
 1413 07c1 6C000000 		.4byte	0x6c
 1414 07c5 DF000000 		.4byte	.LLST9
 1415 07c9 00       		.byte	0
 1416 07ca 00       		.byte	0
 1417 07cb 1F       		.uleb128 0x1f
 1418 07cc 14030000 		.4byte	.LASF90
ARM GAS  /tmp/ccYFxY3c.s 			page 26


 1419 07d0 08       		.byte	0x8
 1420 07d1 72       		.byte	0x72
 1421 07d2 9C050000 		.4byte	0x59c
 1422 07d6 01       		.byte	0x1
 1423 07d7 01       		.byte	0x1
 1424 07d8 00       		.byte	0
 1425              		.section	.debug_abbrev,"",%progbits
 1426              	.Ldebug_abbrev0:
 1427 0000 01       		.uleb128 0x1
 1428 0001 11       		.uleb128 0x11
 1429 0002 01       		.byte	0x1
 1430 0003 25       		.uleb128 0x25
 1431 0004 0E       		.uleb128 0xe
 1432 0005 13       		.uleb128 0x13
 1433 0006 0B       		.uleb128 0xb
 1434 0007 03       		.uleb128 0x3
 1435 0008 0E       		.uleb128 0xe
 1436 0009 11       		.uleb128 0x11
 1437 000a 01       		.uleb128 0x1
 1438 000b 52       		.uleb128 0x52
 1439 000c 01       		.uleb128 0x1
 1440 000d 55       		.uleb128 0x55
 1441 000e 06       		.uleb128 0x6
 1442 000f 10       		.uleb128 0x10
 1443 0010 06       		.uleb128 0x6
 1444 0011 00       		.byte	0
 1445 0012 00       		.byte	0
 1446 0013 02       		.uleb128 0x2
 1447 0014 24       		.uleb128 0x24
 1448 0015 00       		.byte	0
 1449 0016 0B       		.uleb128 0xb
 1450 0017 0B       		.uleb128 0xb
 1451 0018 3E       		.uleb128 0x3e
 1452 0019 0B       		.uleb128 0xb
 1453 001a 03       		.uleb128 0x3
 1454 001b 08       		.uleb128 0x8
 1455 001c 00       		.byte	0
 1456 001d 00       		.byte	0
 1457 001e 03       		.uleb128 0x3
 1458 001f 24       		.uleb128 0x24
 1459 0020 00       		.byte	0
 1460 0021 0B       		.uleb128 0xb
 1461 0022 0B       		.uleb128 0xb
 1462 0023 3E       		.uleb128 0x3e
 1463 0024 0B       		.uleb128 0xb
 1464 0025 03       		.uleb128 0x3
 1465 0026 0E       		.uleb128 0xe
 1466 0027 00       		.byte	0
 1467 0028 00       		.byte	0
 1468 0029 04       		.uleb128 0x4
 1469 002a 16       		.uleb128 0x16
 1470 002b 00       		.byte	0
 1471 002c 03       		.uleb128 0x3
 1472 002d 0E       		.uleb128 0xe
 1473 002e 3A       		.uleb128 0x3a
 1474 002f 0B       		.uleb128 0xb
 1475 0030 3B       		.uleb128 0x3b
ARM GAS  /tmp/ccYFxY3c.s 			page 27


 1476 0031 0B       		.uleb128 0xb
 1477 0032 49       		.uleb128 0x49
 1478 0033 13       		.uleb128 0x13
 1479 0034 00       		.byte	0
 1480 0035 00       		.byte	0
 1481 0036 05       		.uleb128 0x5
 1482 0037 13       		.uleb128 0x13
 1483 0038 01       		.byte	0x1
 1484 0039 03       		.uleb128 0x3
 1485 003a 0E       		.uleb128 0xe
 1486 003b 0B       		.uleb128 0xb
 1487 003c 0B       		.uleb128 0xb
 1488 003d 3A       		.uleb128 0x3a
 1489 003e 0B       		.uleb128 0xb
 1490 003f 3B       		.uleb128 0x3b
 1491 0040 0B       		.uleb128 0xb
 1492 0041 01       		.uleb128 0x1
 1493 0042 13       		.uleb128 0x13
 1494 0043 00       		.byte	0
 1495 0044 00       		.byte	0
 1496 0045 06       		.uleb128 0x6
 1497 0046 0D       		.uleb128 0xd
 1498 0047 00       		.byte	0
 1499 0048 03       		.uleb128 0x3
 1500 0049 0E       		.uleb128 0xe
 1501 004a 3A       		.uleb128 0x3a
 1502 004b 0B       		.uleb128 0xb
 1503 004c 3B       		.uleb128 0x3b
 1504 004d 0B       		.uleb128 0xb
 1505 004e 49       		.uleb128 0x49
 1506 004f 13       		.uleb128 0x13
 1507 0050 38       		.uleb128 0x38
 1508 0051 0A       		.uleb128 0xa
 1509 0052 00       		.byte	0
 1510 0053 00       		.byte	0
 1511 0054 07       		.uleb128 0x7
 1512 0055 0D       		.uleb128 0xd
 1513 0056 00       		.byte	0
 1514 0057 03       		.uleb128 0x3
 1515 0058 08       		.uleb128 0x8
 1516 0059 3A       		.uleb128 0x3a
 1517 005a 0B       		.uleb128 0xb
 1518 005b 3B       		.uleb128 0x3b
 1519 005c 0B       		.uleb128 0xb
 1520 005d 49       		.uleb128 0x49
 1521 005e 13       		.uleb128 0x13
 1522 005f 38       		.uleb128 0x38
 1523 0060 0A       		.uleb128 0xa
 1524 0061 00       		.byte	0
 1525 0062 00       		.byte	0
 1526 0063 08       		.uleb128 0x8
 1527 0064 13       		.uleb128 0x13
 1528 0065 01       		.byte	0x1
 1529 0066 0B       		.uleb128 0xb
 1530 0067 0B       		.uleb128 0xb
 1531 0068 3A       		.uleb128 0x3a
 1532 0069 0B       		.uleb128 0xb
ARM GAS  /tmp/ccYFxY3c.s 			page 28


 1533 006a 3B       		.uleb128 0x3b
 1534 006b 0B       		.uleb128 0xb
 1535 006c 01       		.uleb128 0x1
 1536 006d 13       		.uleb128 0x13
 1537 006e 00       		.byte	0
 1538 006f 00       		.byte	0
 1539 0070 09       		.uleb128 0x9
 1540 0071 0F       		.uleb128 0xf
 1541 0072 00       		.byte	0
 1542 0073 0B       		.uleb128 0xb
 1543 0074 0B       		.uleb128 0xb
 1544 0075 49       		.uleb128 0x49
 1545 0076 13       		.uleb128 0x13
 1546 0077 00       		.byte	0
 1547 0078 00       		.byte	0
 1548 0079 0A       		.uleb128 0xa
 1549 007a 0F       		.uleb128 0xf
 1550 007b 00       		.byte	0
 1551 007c 0B       		.uleb128 0xb
 1552 007d 0B       		.uleb128 0xb
 1553 007e 00       		.byte	0
 1554 007f 00       		.byte	0
 1555 0080 0B       		.uleb128 0xb
 1556 0081 0D       		.uleb128 0xd
 1557 0082 00       		.byte	0
 1558 0083 03       		.uleb128 0x3
 1559 0084 08       		.uleb128 0x8
 1560 0085 3A       		.uleb128 0x3a
 1561 0086 0B       		.uleb128 0xb
 1562 0087 3B       		.uleb128 0x3b
 1563 0088 05       		.uleb128 0x5
 1564 0089 49       		.uleb128 0x49
 1565 008a 13       		.uleb128 0x13
 1566 008b 38       		.uleb128 0x38
 1567 008c 0A       		.uleb128 0xa
 1568 008d 00       		.byte	0
 1569 008e 00       		.byte	0
 1570 008f 0C       		.uleb128 0xc
 1571 0090 13       		.uleb128 0x13
 1572 0091 01       		.byte	0x1
 1573 0092 03       		.uleb128 0x3
 1574 0093 0E       		.uleb128 0xe
 1575 0094 0B       		.uleb128 0xb
 1576 0095 0B       		.uleb128 0xb
 1577 0096 3A       		.uleb128 0x3a
 1578 0097 0B       		.uleb128 0xb
 1579 0098 3B       		.uleb128 0x3b
 1580 0099 05       		.uleb128 0x5
 1581 009a 01       		.uleb128 0x1
 1582 009b 13       		.uleb128 0x13
 1583 009c 00       		.byte	0
 1584 009d 00       		.byte	0
 1585 009e 0D       		.uleb128 0xd
 1586 009f 35       		.uleb128 0x35
 1587 00a0 00       		.byte	0
 1588 00a1 49       		.uleb128 0x49
 1589 00a2 13       		.uleb128 0x13
ARM GAS  /tmp/ccYFxY3c.s 			page 29


 1590 00a3 00       		.byte	0
 1591 00a4 00       		.byte	0
 1592 00a5 0E       		.uleb128 0xe
 1593 00a6 01       		.uleb128 0x1
 1594 00a7 01       		.byte	0x1
 1595 00a8 49       		.uleb128 0x49
 1596 00a9 13       		.uleb128 0x13
 1597 00aa 01       		.uleb128 0x1
 1598 00ab 13       		.uleb128 0x13
 1599 00ac 00       		.byte	0
 1600 00ad 00       		.byte	0
 1601 00ae 0F       		.uleb128 0xf
 1602 00af 21       		.uleb128 0x21
 1603 00b0 00       		.byte	0
 1604 00b1 49       		.uleb128 0x49
 1605 00b2 13       		.uleb128 0x13
 1606 00b3 2F       		.uleb128 0x2f
 1607 00b4 0B       		.uleb128 0xb
 1608 00b5 00       		.byte	0
 1609 00b6 00       		.byte	0
 1610 00b7 10       		.uleb128 0x10
 1611 00b8 17       		.uleb128 0x17
 1612 00b9 01       		.byte	0x1
 1613 00ba 0B       		.uleb128 0xb
 1614 00bb 0B       		.uleb128 0xb
 1615 00bc 3A       		.uleb128 0x3a
 1616 00bd 0B       		.uleb128 0xb
 1617 00be 3B       		.uleb128 0x3b
 1618 00bf 0B       		.uleb128 0xb
 1619 00c0 01       		.uleb128 0x1
 1620 00c1 13       		.uleb128 0x13
 1621 00c2 00       		.byte	0
 1622 00c3 00       		.byte	0
 1623 00c4 11       		.uleb128 0x11
 1624 00c5 0D       		.uleb128 0xd
 1625 00c6 00       		.byte	0
 1626 00c7 03       		.uleb128 0x3
 1627 00c8 0E       		.uleb128 0xe
 1628 00c9 3A       		.uleb128 0x3a
 1629 00ca 0B       		.uleb128 0xb
 1630 00cb 3B       		.uleb128 0x3b
 1631 00cc 0B       		.uleb128 0xb
 1632 00cd 49       		.uleb128 0x49
 1633 00ce 13       		.uleb128 0x13
 1634 00cf 00       		.byte	0
 1635 00d0 00       		.byte	0
 1636 00d1 12       		.uleb128 0x12
 1637 00d2 26       		.uleb128 0x26
 1638 00d3 00       		.byte	0
 1639 00d4 49       		.uleb128 0x49
 1640 00d5 13       		.uleb128 0x13
 1641 00d6 00       		.byte	0
 1642 00d7 00       		.byte	0
 1643 00d8 13       		.uleb128 0x13
 1644 00d9 2E       		.uleb128 0x2e
 1645 00da 00       		.byte	0
 1646 00db 3F       		.uleb128 0x3f
ARM GAS  /tmp/ccYFxY3c.s 			page 30


 1647 00dc 0C       		.uleb128 0xc
 1648 00dd 03       		.uleb128 0x3
 1649 00de 0E       		.uleb128 0xe
 1650 00df 3A       		.uleb128 0x3a
 1651 00e0 0B       		.uleb128 0xb
 1652 00e1 3B       		.uleb128 0x3b
 1653 00e2 0B       		.uleb128 0xb
 1654 00e3 27       		.uleb128 0x27
 1655 00e4 0C       		.uleb128 0xc
 1656 00e5 11       		.uleb128 0x11
 1657 00e6 01       		.uleb128 0x1
 1658 00e7 12       		.uleb128 0x12
 1659 00e8 01       		.uleb128 0x1
 1660 00e9 40       		.uleb128 0x40
 1661 00ea 0A       		.uleb128 0xa
 1662 00eb 00       		.byte	0
 1663 00ec 00       		.byte	0
 1664 00ed 14       		.uleb128 0x14
 1665 00ee 2E       		.uleb128 0x2e
 1666 00ef 01       		.byte	0x1
 1667 00f0 3F       		.uleb128 0x3f
 1668 00f1 0C       		.uleb128 0xc
 1669 00f2 03       		.uleb128 0x3
 1670 00f3 0E       		.uleb128 0xe
 1671 00f4 3A       		.uleb128 0x3a
 1672 00f5 0B       		.uleb128 0xb
 1673 00f6 3B       		.uleb128 0x3b
 1674 00f7 0B       		.uleb128 0xb
 1675 00f8 27       		.uleb128 0x27
 1676 00f9 0C       		.uleb128 0xc
 1677 00fa 11       		.uleb128 0x11
 1678 00fb 01       		.uleb128 0x1
 1679 00fc 12       		.uleb128 0x12
 1680 00fd 01       		.uleb128 0x1
 1681 00fe 40       		.uleb128 0x40
 1682 00ff 0A       		.uleb128 0xa
 1683 0100 01       		.uleb128 0x1
 1684 0101 13       		.uleb128 0x13
 1685 0102 00       		.byte	0
 1686 0103 00       		.byte	0
 1687 0104 15       		.uleb128 0x15
 1688 0105 34       		.uleb128 0x34
 1689 0106 00       		.byte	0
 1690 0107 03       		.uleb128 0x3
 1691 0108 0E       		.uleb128 0xe
 1692 0109 3A       		.uleb128 0x3a
 1693 010a 0B       		.uleb128 0xb
 1694 010b 3B       		.uleb128 0x3b
 1695 010c 0B       		.uleb128 0xb
 1696 010d 49       		.uleb128 0x49
 1697 010e 13       		.uleb128 0x13
 1698 010f 02       		.uleb128 0x2
 1699 0110 06       		.uleb128 0x6
 1700 0111 00       		.byte	0
 1701 0112 00       		.byte	0
 1702 0113 16       		.uleb128 0x16
 1703 0114 0B       		.uleb128 0xb
ARM GAS  /tmp/ccYFxY3c.s 			page 31


 1704 0115 01       		.byte	0x1
 1705 0116 11       		.uleb128 0x11
 1706 0117 01       		.uleb128 0x1
 1707 0118 12       		.uleb128 0x12
 1708 0119 01       		.uleb128 0x1
 1709 011a 00       		.byte	0
 1710 011b 00       		.byte	0
 1711 011c 17       		.uleb128 0x17
 1712 011d 34       		.uleb128 0x34
 1713 011e 00       		.byte	0
 1714 011f 03       		.uleb128 0x3
 1715 0120 08       		.uleb128 0x8
 1716 0121 3A       		.uleb128 0x3a
 1717 0122 0B       		.uleb128 0xb
 1718 0123 3B       		.uleb128 0x3b
 1719 0124 0B       		.uleb128 0xb
 1720 0125 49       		.uleb128 0x49
 1721 0126 13       		.uleb128 0x13
 1722 0127 02       		.uleb128 0x2
 1723 0128 06       		.uleb128 0x6
 1724 0129 00       		.byte	0
 1725 012a 00       		.byte	0
 1726 012b 18       		.uleb128 0x18
 1727 012c 2E       		.uleb128 0x2e
 1728 012d 00       		.byte	0
 1729 012e 3F       		.uleb128 0x3f
 1730 012f 0C       		.uleb128 0xc
 1731 0130 03       		.uleb128 0x3
 1732 0131 0E       		.uleb128 0xe
 1733 0132 3A       		.uleb128 0x3a
 1734 0133 0B       		.uleb128 0xb
 1735 0134 3B       		.uleb128 0x3b
 1736 0135 0B       		.uleb128 0xb
 1737 0136 27       		.uleb128 0x27
 1738 0137 0C       		.uleb128 0xc
 1739 0138 11       		.uleb128 0x11
 1740 0139 01       		.uleb128 0x1
 1741 013a 12       		.uleb128 0x12
 1742 013b 01       		.uleb128 0x1
 1743 013c 40       		.uleb128 0x40
 1744 013d 06       		.uleb128 0x6
 1745 013e 00       		.byte	0
 1746 013f 00       		.byte	0
 1747 0140 19       		.uleb128 0x19
 1748 0141 0B       		.uleb128 0xb
 1749 0142 01       		.byte	0x1
 1750 0143 11       		.uleb128 0x11
 1751 0144 01       		.uleb128 0x1
 1752 0145 12       		.uleb128 0x12
 1753 0146 01       		.uleb128 0x1
 1754 0147 01       		.uleb128 0x1
 1755 0148 13       		.uleb128 0x13
 1756 0149 00       		.byte	0
 1757 014a 00       		.byte	0
 1758 014b 1A       		.uleb128 0x1a
 1759 014c 0B       		.uleb128 0xb
 1760 014d 01       		.byte	0x1
ARM GAS  /tmp/ccYFxY3c.s 			page 32


 1761 014e 55       		.uleb128 0x55
 1762 014f 06       		.uleb128 0x6
 1763 0150 01       		.uleb128 0x1
 1764 0151 13       		.uleb128 0x13
 1765 0152 00       		.byte	0
 1766 0153 00       		.byte	0
 1767 0154 1B       		.uleb128 0x1b
 1768 0155 2E       		.uleb128 0x2e
 1769 0156 01       		.byte	0x1
 1770 0157 3F       		.uleb128 0x3f
 1771 0158 0C       		.uleb128 0xc
 1772 0159 03       		.uleb128 0x3
 1773 015a 0E       		.uleb128 0xe
 1774 015b 3A       		.uleb128 0x3a
 1775 015c 0B       		.uleb128 0xb
 1776 015d 3B       		.uleb128 0x3b
 1777 015e 0B       		.uleb128 0xb
 1778 015f 27       		.uleb128 0x27
 1779 0160 0C       		.uleb128 0xc
 1780 0161 11       		.uleb128 0x11
 1781 0162 01       		.uleb128 0x1
 1782 0163 12       		.uleb128 0x12
 1783 0164 01       		.uleb128 0x1
 1784 0165 40       		.uleb128 0x40
 1785 0166 06       		.uleb128 0x6
 1786 0167 01       		.uleb128 0x1
 1787 0168 13       		.uleb128 0x13
 1788 0169 00       		.byte	0
 1789 016a 00       		.byte	0
 1790 016b 1C       		.uleb128 0x1c
 1791 016c 05       		.uleb128 0x5
 1792 016d 00       		.byte	0
 1793 016e 03       		.uleb128 0x3
 1794 016f 08       		.uleb128 0x8
 1795 0170 3A       		.uleb128 0x3a
 1796 0171 0B       		.uleb128 0xb
 1797 0172 3B       		.uleb128 0x3b
 1798 0173 0B       		.uleb128 0xb
 1799 0174 49       		.uleb128 0x49
 1800 0175 13       		.uleb128 0x13
 1801 0176 02       		.uleb128 0x2
 1802 0177 0A       		.uleb128 0xa
 1803 0178 00       		.byte	0
 1804 0179 00       		.byte	0
 1805 017a 1D       		.uleb128 0x1d
 1806 017b 2E       		.uleb128 0x2e
 1807 017c 01       		.byte	0x1
 1808 017d 3F       		.uleb128 0x3f
 1809 017e 0C       		.uleb128 0xc
 1810 017f 03       		.uleb128 0x3
 1811 0180 0E       		.uleb128 0xe
 1812 0181 3A       		.uleb128 0x3a
 1813 0182 0B       		.uleb128 0xb
 1814 0183 3B       		.uleb128 0x3b
 1815 0184 05       		.uleb128 0x5
 1816 0185 27       		.uleb128 0x27
 1817 0186 0C       		.uleb128 0xc
ARM GAS  /tmp/ccYFxY3c.s 			page 33


 1818 0187 11       		.uleb128 0x11
 1819 0188 01       		.uleb128 0x1
 1820 0189 12       		.uleb128 0x12
 1821 018a 01       		.uleb128 0x1
 1822 018b 40       		.uleb128 0x40
 1823 018c 0A       		.uleb128 0xa
 1824 018d 01       		.uleb128 0x1
 1825 018e 13       		.uleb128 0x13
 1826 018f 00       		.byte	0
 1827 0190 00       		.byte	0
 1828 0191 1E       		.uleb128 0x1e
 1829 0192 34       		.uleb128 0x34
 1830 0193 00       		.byte	0
 1831 0194 03       		.uleb128 0x3
 1832 0195 08       		.uleb128 0x8
 1833 0196 3A       		.uleb128 0x3a
 1834 0197 0B       		.uleb128 0xb
 1835 0198 3B       		.uleb128 0x3b
 1836 0199 05       		.uleb128 0x5
 1837 019a 49       		.uleb128 0x49
 1838 019b 13       		.uleb128 0x13
 1839 019c 02       		.uleb128 0x2
 1840 019d 06       		.uleb128 0x6
 1841 019e 00       		.byte	0
 1842 019f 00       		.byte	0
 1843 01a0 1F       		.uleb128 0x1f
 1844 01a1 34       		.uleb128 0x34
 1845 01a2 00       		.byte	0
 1846 01a3 03       		.uleb128 0x3
 1847 01a4 0E       		.uleb128 0xe
 1848 01a5 3A       		.uleb128 0x3a
 1849 01a6 0B       		.uleb128 0xb
 1850 01a7 3B       		.uleb128 0x3b
 1851 01a8 0B       		.uleb128 0xb
 1852 01a9 49       		.uleb128 0x49
 1853 01aa 13       		.uleb128 0x13
 1854 01ab 3F       		.uleb128 0x3f
 1855 01ac 0C       		.uleb128 0xc
 1856 01ad 3C       		.uleb128 0x3c
 1857 01ae 0C       		.uleb128 0xc
 1858 01af 00       		.byte	0
 1859 01b0 00       		.byte	0
 1860 01b1 00       		.byte	0
 1861              		.section	.debug_loc,"",%progbits
 1862              	.Ldebug_loc0:
 1863              	.LLST0:
 1864 0000 04000000 		.4byte	.LVL0
 1865 0004 06000000 		.4byte	.LVL1
 1866 0008 0300     		.2byte	0x3
 1867 000a 73       		.byte	0x73
 1868 000b 20       		.sleb128 32
 1869 000c 9F       		.byte	0x9f
 1870 000d 06000000 		.4byte	.LVL1
 1871 0011 0C000000 		.4byte	.LVL2
 1872 0015 0100     		.2byte	0x1
 1873 0017 53       		.byte	0x53
 1874 0018 00000000 		.4byte	0
ARM GAS  /tmp/ccYFxY3c.s 			page 34


 1875 001c 00000000 		.4byte	0
 1876              	.LLST1:
 1877 0020 10000000 		.4byte	.LVL3
 1878 0024 12000000 		.4byte	.LFE8
 1879 0028 0100     		.2byte	0x1
 1880 002a 53       		.byte	0x53
 1881 002b 00000000 		.4byte	0
 1882 002f 00000000 		.4byte	0
 1883              	.LLST2:
 1884 0033 00000000 		.4byte	.LFB9
 1885 0037 02000000 		.4byte	.LCFI0
 1886 003b 0200     		.2byte	0x2
 1887 003d 7D       		.byte	0x7d
 1888 003e 00       		.sleb128 0
 1889 003f 02000000 		.4byte	.LCFI0
 1890 0043 34000000 		.4byte	.LFE9
 1891 0047 0200     		.2byte	0x2
 1892 0049 7D       		.byte	0x7d
 1893 004a 08       		.sleb128 8
 1894 004b 00000000 		.4byte	0
 1895 004f 00000000 		.4byte	0
 1896              	.LLST3:
 1897 0053 06000000 		.4byte	.LVL5
 1898 0057 10000000 		.4byte	.LVL6
 1899 005b 0100     		.2byte	0x1
 1900 005d 53       		.byte	0x53
 1901 005e 00000000 		.4byte	0
 1902 0062 00000000 		.4byte	0
 1903              	.LLST4:
 1904 0066 1A000000 		.4byte	.LVL7
 1905 006a 56000000 		.4byte	.LVL8
 1906 006e 0300     		.2byte	0x3
 1907 0070 72       		.byte	0x72
 1908 0071 60       		.sleb128 -32
 1909 0072 9F       		.byte	0x9f
 1910 0073 5C000000 		.4byte	.LVL10
 1911 0077 7E000000 		.4byte	.LFE10
 1912 007b 0100     		.2byte	0x1
 1913 007d 5C       		.byte	0x5c
 1914 007e 00000000 		.4byte	0
 1915 0082 00000000 		.4byte	0
 1916              	.LLST5:
 1917 0086 5A000000 		.4byte	.LVL9
 1918 008a 5C000000 		.4byte	.LVL10
 1919 008e 0100     		.2byte	0x1
 1920 0090 53       		.byte	0x53
 1921 0091 00000000 		.4byte	0
 1922 0095 00000000 		.4byte	0
 1923              	.LLST6:
 1924 0099 00000000 		.4byte	.LFB7
 1925 009d 02000000 		.4byte	.LCFI1
 1926 00a1 0200     		.2byte	0x2
 1927 00a3 7D       		.byte	0x7d
 1928 00a4 00       		.sleb128 0
 1929 00a5 02000000 		.4byte	.LCFI1
 1930 00a9 1A000000 		.4byte	.LFE7
 1931 00ad 0200     		.2byte	0x2
ARM GAS  /tmp/ccYFxY3c.s 			page 35


 1932 00af 7D       		.byte	0x7d
 1933 00b0 08       		.sleb128 8
 1934 00b1 00000000 		.4byte	0
 1935 00b5 00000000 		.4byte	0
 1936              	.LLST7:
 1937 00b9 08000000 		.4byte	.LVL12
 1938 00bd 0B000000 		.4byte	.LVL13-1
 1939 00c1 0100     		.2byte	0x1
 1940 00c3 53       		.byte	0x53
 1941 00c4 00000000 		.4byte	0
 1942 00c8 00000000 		.4byte	0
 1943              	.LLST8:
 1944 00cc 12000000 		.4byte	.LVL15
 1945 00d0 19000000 		.4byte	.LVL16-1
 1946 00d4 0100     		.2byte	0x1
 1947 00d6 53       		.byte	0x53
 1948 00d7 00000000 		.4byte	0
 1949 00db 00000000 		.4byte	0
 1950              	.LLST9:
 1951 00df 06000000 		.4byte	.LVL19
 1952 00e3 10000000 		.4byte	.LFE13
 1953 00e7 0100     		.2byte	0x1
 1954 00e9 53       		.byte	0x53
 1955 00ea 00000000 		.4byte	0
 1956 00ee 00000000 		.4byte	0
 1957              		.section	.debug_aranges,"",%progbits
 1958 0000 4C000000 		.4byte	0x4c
 1959 0004 0200     		.2byte	0x2
 1960 0006 00000000 		.4byte	.Ldebug_info0
 1961 000a 04       		.byte	0x4
 1962 000b 00       		.byte	0
 1963 000c 0000     		.2byte	0
 1964 000e 0000     		.2byte	0
 1965 0010 00000000 		.4byte	.LFB11
 1966 0014 06000000 		.4byte	.LFE11-.LFB11
 1967 0018 00000000 		.4byte	.LFB8
 1968 001c 12000000 		.4byte	.LFE8-.LFB8
 1969 0020 00000000 		.4byte	.LFB9
 1970 0024 34000000 		.4byte	.LFE9-.LFB9
 1971 0028 00000000 		.4byte	.LFB10
 1972 002c 7E000000 		.4byte	.LFE10-.LFB10
 1973 0030 00000000 		.4byte	.LFB7
 1974 0034 1A000000 		.4byte	.LFE7-.LFB7
 1975 0038 00000000 		.4byte	.LFB12
 1976 003c 10000000 		.4byte	.LFE12-.LFB12
 1977 0040 00000000 		.4byte	.LFB13
 1978 0044 10000000 		.4byte	.LFE13-.LFB13
 1979 0048 00000000 		.4byte	0
 1980 004c 00000000 		.4byte	0
 1981              		.section	.debug_ranges,"",%progbits
 1982              	.Ldebug_ranges0:
 1983 0000 16000000 		.4byte	.LBB4
 1984 0004 56000000 		.4byte	.LBE4
 1985 0008 5C000000 		.4byte	.LBB6
 1986 000c 7E000000 		.4byte	.LBE6
 1987 0010 00000000 		.4byte	0
 1988 0014 00000000 		.4byte	0
ARM GAS  /tmp/ccYFxY3c.s 			page 36


 1989 0018 00000000 		.4byte	.LFB11
 1990 001c 06000000 		.4byte	.LFE11
 1991 0020 00000000 		.4byte	.LFB8
 1992 0024 12000000 		.4byte	.LFE8
 1993 0028 00000000 		.4byte	.LFB9
 1994 002c 34000000 		.4byte	.LFE9
 1995 0030 00000000 		.4byte	.LFB10
 1996 0034 7E000000 		.4byte	.LFE10
 1997 0038 00000000 		.4byte	.LFB7
 1998 003c 1A000000 		.4byte	.LFE7
 1999 0040 00000000 		.4byte	.LFB12
 2000 0044 10000000 		.4byte	.LFE12
 2001 0048 00000000 		.4byte	.LFB13
 2002 004c 10000000 		.4byte	.LFE13
 2003 0050 00000000 		.4byte	0
 2004 0054 00000000 		.4byte	0
 2005              		.section	.debug_line,"",%progbits
 2006              	.Ldebug_line0:
 2007 0000 1B020000 		.section	.debug_str,"MS",%progbits,1
 2007      02006501 
 2007      00000201 
 2007      FB0E0D00 
 2007      01010101 
 2008              	.LASF34:
 2009 0000 705F6D73 		.ascii	"p_msg\000"
 2009      6700
 2010              	.LASF75:
 2011 0006 7264796D 		.ascii	"rdymsg\000"
 2011      736700
 2012              	.LASF62:
 2013 000d 434D785F 		.ascii	"CMx_SCB\000"
 2013      53434200 
 2014              	.LASF85:
 2015 0015 53797354 		.ascii	"SysTickVector\000"
 2015      69636B56 
 2015      6563746F 
 2015      7200
 2016              	.LASF11:
 2017 0023 6C6F6E67 		.ascii	"long long unsigned int\000"
 2017      206C6F6E 
 2017      6720756E 
 2017      7369676E 
 2017      65642069 
 2018              	.LASF76:
 2019 003a 65786974 		.ascii	"exitcode\000"
 2019      636F6465 
 2019      00
 2020              	.LASF47:
 2021 0043 43505549 		.ascii	"CPUID\000"
 2021      4400
 2022              	.LASF23:
 2023 0049 705F7072 		.ascii	"p_prio\000"
 2023      696F00
 2024              	.LASF10:
 2025 0050 6C6F6E67 		.ascii	"long long int\000"
 2025      206C6F6E 
 2025      6720696E 
ARM GAS  /tmp/ccYFxY3c.s 			page 37


 2025      7400
 2026              	.LASF1:
 2027 005e 7369676E 		.ascii	"signed char\000"
 2027      65642063 
 2027      68617200 
 2028              	.LASF38:
 2029 006a 705F6D70 		.ascii	"p_mpool\000"
 2029      6F6F6C00 
 2030              	.LASF72:
 2031 0072 6D5F7175 		.ascii	"m_queue\000"
 2031      65756500 
 2032              	.LASF7:
 2033 007a 6C6F6E67 		.ascii	"long int\000"
 2033      20696E74 
 2033      00
 2034              	.LASF13:
 2035 0083 74737461 		.ascii	"tstate_t\000"
 2035      74655F74 
 2035      00
 2036              	.LASF87:
 2037 008c 5F706F72 		.ascii	"_port_thread_start\000"
 2037      745F7468 
 2037      72656164 
 2037      5F737461 
 2037      727400
 2038              	.LASF25:
 2039 009f 705F6E65 		.ascii	"p_newer\000"
 2039      77657200 
 2040              	.LASF57:
 2041 00a7 42464152 		.ascii	"BFAR\000"
 2041      00
 2042              	.LASF66:
 2043 00ac 725F6E65 		.ascii	"r_newer\000"
 2043      77657200 
 2044              	.LASF41:
 2045 00b4 72656761 		.ascii	"regarm_t\000"
 2045      726D5F74 
 2045      00
 2046              	.LASF19:
 2047 00bd 636E745F 		.ascii	"cnt_t\000"
 2047      7400
 2048              	.LASF0:
 2049 00c3 756E7369 		.ascii	"unsigned int\000"
 2049      676E6564 
 2049      20696E74 
 2049      00
 2050              	.LASF43:
 2051 00d0 6C725F74 		.ascii	"lr_thd\000"
 2051      686400
 2052              	.LASF42:
 2053 00d7 65787463 		.ascii	"extctx\000"
 2053      747800
 2054              	.LASF86:
 2055 00de 5F706F72 		.ascii	"_port_switch\000"
 2055      745F7377 
 2055      69746368 
 2055      00
ARM GAS  /tmp/ccYFxY3c.s 			page 38


 2056              	.LASF9:
 2057 00eb 6C6F6E67 		.ascii	"long unsigned int\000"
 2057      20756E73 
 2057      69676E65 
 2057      6420696E 
 2057      7400
 2058              	.LASF49:
 2059 00fd 56544F52 		.ascii	"VTOR\000"
 2059      00
 2060              	.LASF81:
 2061 0102 5F706F72 		.ascii	"_port_switch_from_isr\000"
 2061      745F7377 
 2061      69746368 
 2061      5F66726F 
 2061      6D5F6973 
 2062              	.LASF46:
 2063 0118 636F6E74 		.ascii	"context\000"
 2063      65787400 
 2064              	.LASF4:
 2065 0120 73686F72 		.ascii	"short unsigned int\000"
 2065      7420756E 
 2065      7369676E 
 2065      65642069 
 2065      6E7400
 2066              	.LASF48:
 2067 0133 49435352 		.ascii	"ICSR\000"
 2067      00
 2068              	.LASF16:
 2069 0138 6D73675F 		.ascii	"msg_t\000"
 2069      7400
 2070              	.LASF50:
 2071 013e 41495243 		.ascii	"AIRCR\000"
 2071      5200
 2072              	.LASF55:
 2073 0144 44465352 		.ascii	"DFSR\000"
 2073      00
 2074              	.LASF56:
 2075 0149 4D4D4641 		.ascii	"MMFAR\000"
 2075      5200
 2076              	.LASF84:
 2077 014f 5F706F72 		.ascii	"_port_irq_epilogue\000"
 2077      745F6972 
 2077      715F6570 
 2077      696C6F67 
 2077      756500
 2078              	.LASF12:
 2079 0162 746D6F64 		.ascii	"tmode_t\000"
 2079      655F7400 
 2080              	.LASF40:
 2081 016a 54687265 		.ascii	"ThreadsList\000"
 2081      6164734C 
 2081      69737400 
 2082              	.LASF17:
 2083 0176 6576656E 		.ascii	"eventmask_t\000"
 2083      746D6173 
 2083      6B5F7400 
 2084              	.LASF71:
ARM GAS  /tmp/ccYFxY3c.s 			page 39


 2085 0182 4D757465 		.ascii	"Mutex\000"
 2085      7800
 2086              	.LASF53:
 2087 0188 43465352 		.ascii	"CFSR\000"
 2087      00
 2088              	.LASF26:
 2089 018d 705F6F6C 		.ascii	"p_older\000"
 2089      64657200 
 2090              	.LASF65:
 2091 0195 725F6374 		.ascii	"r_ctx\000"
 2091      7800
 2092              	.LASF39:
 2093 019b 54687265 		.ascii	"ThreadsQueue\000"
 2093      61647351 
 2093      75657565 
 2093      00
 2094              	.LASF69:
 2095 01a8 725F6375 		.ascii	"r_current\000"
 2095      7272656E 
 2095      7400
 2096              	.LASF67:
 2097 01b2 725F6F6C 		.ascii	"r_older\000"
 2097      64657200 
 2098              	.LASF14:
 2099 01ba 74726566 		.ascii	"trefs_t\000"
 2099      735F7400 
 2100              	.LASF80:
 2101 01c2 63747870 		.ascii	"ctxp\000"
 2101      00
 2102              	.LASF22:
 2103 01c7 705F7072 		.ascii	"p_prev\000"
 2103      657600
 2104              	.LASF15:
 2105 01ce 74707269 		.ascii	"tprio_t\000"
 2105      6F5F7400 
 2106              	.LASF6:
 2107 01d6 696E7433 		.ascii	"int32_t\000"
 2107      325F7400 
 2108              	.LASF2:
 2109 01de 756E7369 		.ascii	"unsigned char\000"
 2109      676E6564 
 2109      20636861 
 2109      7200
 2110              	.LASF52:
 2111 01ec 53484353 		.ascii	"SHCSR\000"
 2111      5200
 2112              	.LASF89:
 2113 01f2 2F6F7074 		.ascii	"/opt/ChibiOS/ChibiOS_2.4.4/os/ports/GCC/ARMCMx/chco"
 2113      2F436869 
 2113      62694F53 
 2113      2F436869 
 2113      62694F53 
 2114 0225 72655F76 		.ascii	"re_v7m.c\000"
 2114      376D2E63 
 2114      00
 2115              	.LASF36:
 2116 022e 705F6D74 		.ascii	"p_mtxlist\000"
ARM GAS  /tmp/ccYFxY3c.s 			page 40


 2116      786C6973 
 2116      7400
 2117              	.LASF3:
 2118 0238 73686F72 		.ascii	"short int\000"
 2118      7420696E 
 2118      7400
 2119              	.LASF28:
 2120 0242 705F7374 		.ascii	"p_state\000"
 2120      61746500 
 2121              	.LASF44:
 2122 024a 78707372 		.ascii	"xpsr\000"
 2122      00
 2123              	.LASF64:
 2124 024f 725F7072 		.ascii	"r_prio\000"
 2124      696F00
 2125              	.LASF78:
 2126 0256 65776D61 		.ascii	"ewmask\000"
 2126      736B00
 2127              	.LASF21:
 2128 025d 705F6E65 		.ascii	"p_next\000"
 2128      787400
 2129              	.LASF29:
 2130 0264 705F666C 		.ascii	"p_flags\000"
 2130      61677300 
 2131              	.LASF20:
 2132 026c 54687265 		.ascii	"Thread\000"
 2132      616400
 2133              	.LASF35:
 2134 0273 705F6570 		.ascii	"p_epending\000"
 2134      656E6469 
 2134      6E6700
 2135              	.LASF8:
 2136 027e 75696E74 		.ascii	"uint32_t\000"
 2136      33325F74 
 2136      00
 2137              	.LASF63:
 2138 0287 725F7175 		.ascii	"r_queue\000"
 2138      65756500 
 2139              	.LASF58:
 2140 028f 41465352 		.ascii	"AFSR\000"
 2140      00
 2141              	.LASF60:
 2142 0294 756E7573 		.ascii	"unused1\000"
 2142      65643100 
 2143              	.LASF88:
 2144 029c 474E5520 		.ascii	"GNU C 4.6.3\000"
 2144      4320342E 
 2144      362E3300 
 2145              	.LASF79:
 2146 02a8 63686172 		.ascii	"char\000"
 2146      00
 2147              	.LASF74:
 2148 02ad 6D5F6E65 		.ascii	"m_next\000"
 2148      787400
 2149              	.LASF18:
 2150 02b4 73797374 		.ascii	"systime_t\000"
 2150      696D655F 
ARM GAS  /tmp/ccYFxY3c.s 			page 41


 2150      7400
 2151              	.LASF37:
 2152 02be 705F7265 		.ascii	"p_realprio\000"
 2152      616C7072 
 2152      696F00
 2153              	.LASF83:
 2154 02c9 53564361 		.ascii	"SVCallVector\000"
 2154      6C6C5665 
 2154      63746F72 
 2154      00
 2155              	.LASF68:
 2156 02d6 725F7072 		.ascii	"r_preempt\000"
 2156      65656D70 
 2156      7400
 2157              	.LASF31:
 2158 02e0 705F7469 		.ascii	"p_time\000"
 2158      6D6500
 2159              	.LASF51:
 2160 02e7 53485052 		.ascii	"SHPR\000"
 2160      00
 2161              	.LASF45:
 2162 02ec 696E7463 		.ascii	"intctx\000"
 2162      747800
 2163              	.LASF33:
 2164 02f3 705F6D73 		.ascii	"p_msgqueue\000"
 2164      67717565 
 2164      756500
 2165              	.LASF30:
 2166 02fe 705F7265 		.ascii	"p_refs\000"
 2166      667300
 2167              	.LASF70:
 2168 0305 52656164 		.ascii	"ReadyList\000"
 2168      794C6973 
 2168      7400
 2169              	.LASF59:
 2170 030f 4D4D4652 		.ascii	"MMFR\000"
 2170      00
 2171              	.LASF90:
 2172 0314 726C6973 		.ascii	"rlist\000"
 2172      7400
 2173              	.LASF5:
 2174 031a 75696E74 		.ascii	"uint8_t\000"
 2174      385F7400 
 2175              	.LASF82:
 2176 0322 5F706F72 		.ascii	"_port_init\000"
 2176      745F696E 
 2176      697400
 2177              	.LASF77:
 2178 032d 77746F62 		.ascii	"wtobjp\000"
 2178      6A7000
 2179              	.LASF27:
 2180 0334 705F6E61 		.ascii	"p_name\000"
 2180      6D6500
 2181              	.LASF61:
 2182 033b 43504143 		.ascii	"CPACR\000"
 2182      5200
 2183              	.LASF54:
ARM GAS  /tmp/ccYFxY3c.s 			page 42


 2184 0341 48465352 		.ascii	"HFSR\000"
 2184      00
 2185              	.LASF73:
 2186 0346 6D5F6F77 		.ascii	"m_owner\000"
 2186      6E657200 
 2187              	.LASF24:
 2188 034e 705F6374 		.ascii	"p_ctx\000"
 2188      7800
 2189              	.LASF32:
 2190 0354 705F7761 		.ascii	"p_waiting\000"
 2190      6974696E 
 2190      6700
 2191              		.ident	"GCC: (Sourcery CodeBench Lite 2012.03-56) 4.6.3"
ARM GAS  /tmp/ccYFxY3c.s 			page 43


DEFINED SYMBOLS
                            *ABS*:00000000 chcore_v7m.c
     /tmp/ccYFxY3c.s:21     .text._port_switch_from_isr:00000000 $t
     /tmp/ccYFxY3c.s:27     .text._port_switch_from_isr:00000000 _port_switch_from_isr
     /tmp/ccYFxY3c.s:39     .text._port_switch_from_isr:00000004 _port_exit_from_isr
     /tmp/ccYFxY3c.s:51     .text.SVCallVector:00000000 $t
     /tmp/ccYFxY3c.s:57     .text.SVCallVector:00000000 SVCallVector
     /tmp/ccYFxY3c.s:94     .text._port_init:00000000 $t
     /tmp/ccYFxY3c.s:100    .text._port_init:00000000 _port_init
     /tmp/ccYFxY3c.s:142    .text._port_irq_epilogue:00000000 $t
     /tmp/ccYFxY3c.s:148    .text._port_irq_epilogue:00000000 _port_irq_epilogue
     /tmp/ccYFxY3c.s:250    .text.SysTickVector:00000000 $t
     /tmp/ccYFxY3c.s:256    .text.SysTickVector:00000000 SysTickVector
     /tmp/ccYFxY3c.s:299    .text._port_switch:00000000 $t
     /tmp/ccYFxY3c.s:305    .text._port_switch:00000000 _port_switch
     /tmp/ccYFxY3c.s:332    .text._port_thread_start:00000000 $t
     /tmp/ccYFxY3c.s:338    .text._port_thread_start:00000000 _port_thread_start
                     .debug_frame:00000010 $d

UNDEFINED SYMBOLS
chSchDoReschedule
nvicSetSystemHandlerPriority
rlist
chSysTimerHandlerI
chThdExit
