ARM GAS  /tmp/cc6RVjlg.s 			page 1


   1              		.syntax unified
   2              		.cpu cortex-m4
   3              		.eabi_attribute 27, 3
   4              		.eabi_attribute 28, 1
   5              		.fpu fpv4-sp-d16
   6              		.eabi_attribute 20, 1
   7              		.eabi_attribute 21, 1
   8              		.eabi_attribute 23, 3
   9              		.eabi_attribute 24, 1
  10              		.eabi_attribute 25, 1
  11              		.eabi_attribute 26, 1
  12              		.eabi_attribute 30, 2
  13              		.eabi_attribute 34, 1
  14              		.eabi_attribute 18, 4
  15              		.thumb
  16              		.file	"chheap.c"
  17              		.text
  18              	.Ltext0:
  19              		.cfi_sections	.debug_frame
  20              		.section	.text._heap_init,"ax",%progbits
  21              		.align	2
  22              		.p2align 4,,15
  23              		.global	_heap_init
  24              		.thumb
  25              		.thumb_func
  26              		.type	_heap_init, %function
  27              	_heap_init:
  28              	.LFB7:
  29              		.file 1 "/opt/ChibiOS/ChibiOS_2.4.4/os/kernel/src/chheap.c"
  30              		.loc 1 75 0
  31              		.cfi_startproc
  32              		@ args = 0, pretend = 0, frame = 0
  33              		@ frame_needed = 0, uses_anonymous_args = 0
  34              		@ link register save eliminated.
  35              		.loc 1 76 0
  36 0000 40F20003 		movw	r3, #:lower16:.LANCHOR0
  37 0004 C0F20003 		movt	r3, #:upper16:.LANCHOR0
  38 0008 40F20002 		movw	r2, #:lower16:chCoreAlloc
  39              		.loc 1 77 0
  40 000c 0021     		movs	r1, #0
  41              		.loc 1 76 0
  42 000e C0F20002 		movt	r2, #:upper16:chCoreAlloc
  43              		.loc 1 80 0
  44 0012 03F11000 		add	r0, r3, #16
  45              		.loc 1 76 0
  46 0016 1A60     		str	r2, [r3, #0]
  47              		.loc 1 77 0
  48 0018 9960     		str	r1, [r3, #8]
  49              		.loc 1 78 0
  50 001a D960     		str	r1, [r3, #12]
  51              		.loc 1 84 0
  52              		.loc 1 80 0
  53 001c FFF7FEBF 		b	chMtxInit
  54              		.cfi_endproc
  55              	.LFE7:
  56              		.size	_heap_init, .-_heap_init
  57              		.section	.text.chHeapInit,"ax",%progbits
ARM GAS  /tmp/cc6RVjlg.s 			page 2


  58              		.align	2
  59              		.p2align 4,,15
  60              		.global	chHeapInit
  61              		.thumb
  62              		.thumb_func
  63              		.type	chHeapInit, %function
  64              	chHeapInit:
  65              	.LFB8:
  66              		.loc 1 99 0
  67              		.cfi_startproc
  68              		@ args = 0, pretend = 0, frame = 0
  69              		@ frame_needed = 0, uses_anonymous_args = 0
  70              		@ link register save eliminated.
  71              	.LVL0:
  72              		.loc 1 104 0
  73 0000 0023     		movs	r3, #0
  74 0002 0360     		str	r3, [r0, #0]
  75              	.LVL1:
  76              		.loc 1 105 0
  77 0004 8160     		str	r1, [r0, #8]
  78              		.loc 1 106 0
  79 0006 C360     		str	r3, [r0, #12]
  80              		.loc 1 108 0
  81 0008 083A     		subs	r2, r2, #8
  82              	.LVL2:
  83              		.loc 1 110 0
  84 000a 1030     		adds	r0, r0, #16
  85              	.LVL3:
  86              		.loc 1 107 0
  87 000c 0B60     		str	r3, [r1, #0]
  88              		.loc 1 108 0
  89 000e 4A60     		str	r2, [r1, #4]
  90              		.loc 1 114 0
  91              		.loc 1 110 0
  92 0010 FFF7FEBF 		b	chMtxInit
  93              	.LVL4:
  94              	.LVL5:
  95              	.LVL6:
  96              	.LVL7:
  97              		.cfi_endproc
  98              	.LFE8:
  99              		.size	chHeapInit, .-chHeapInit
 100 0014 AFF30080 		.section	.text.chHeapAlloc,"ax",%progbits
 100      AFF30080 
 100      AFF30080 
 101              		.align	2
 102              		.p2align 4,,15
 103              		.global	chHeapAlloc
 104              		.thumb
 105              		.thumb_func
 106              		.type	chHeapAlloc, %function
 107              	chHeapAlloc:
 108              	.LFB9:
 109              		.loc 1 132 0
 110              		.cfi_startproc
 111              		@ args = 0, pretend = 0, frame = 0
 112              		@ frame_needed = 0, uses_anonymous_args = 0
ARM GAS  /tmp/cc6RVjlg.s 			page 3


 113              	.LVL8:
 114 0000 F8B5     		push	{r3, r4, r5, r6, r7, lr}
 115              	.LCFI0:
 116              		.cfi_def_cfa_offset 24
 117              		.cfi_offset 14, -4
 118              		.cfi_offset 7, -8
 119              		.cfi_offset 6, -12
 120              		.cfi_offset 5, -16
 121              		.cfi_offset 4, -20
 122              		.cfi_offset 3, -24
 123              		.loc 1 136 0
 124 0002 40F20004 		movw	r4, #:lower16:.LANCHOR0
 125 0006 C0F20004 		movt	r4, #:upper16:.LANCHOR0
 126 000a 0028     		cmp	r0, #0
 127 000c 18BF     		it	ne
 128 000e 0446     		movne	r4, r0
 129              		.loc 1 138 0
 130 0010 0731     		adds	r1, r1, #7
 131              	.LVL9:
 132              		.loc 1 140 0
 133 0012 04F11000 		add	r0, r4, #16
 134              	.LVL10:
 135              		.loc 1 138 0
 136 0016 21F00706 		bic	r6, r1, #7
 137              	.LVL11:
 138              		.loc 1 139 0
 139 001a 04F10805 		add	r5, r4, #8
 140              	.LVL12:
 141              		.loc 1 140 0
 142 001e FFF7FEFF 		bl	chMtxLock
 143              		.loc 1 142 0
 144 0022 00E0     		b	.L5
 145              	.LVL13:
 146              	.L11:
 147              		.loc 1 144 0
 148 0024 1D46     		mov	r5, r3
 149              	.LVL14:
 150              	.L5:
 151              		.loc 1 142 0 discriminator 1
 152 0026 2B68     		ldr	r3, [r5, #0]
 153 0028 03B3     		cbz	r3, .L14
 154              	.LVL15:
 155              		.loc 1 144 0
 156 002a 5A68     		ldr	r2, [r3, #4]
 157 002c 9642     		cmp	r6, r2
 158 002e F9D8     		bhi	.L11
 159              		.loc 1 145 0
 160 0030 06F10801 		add	r1, r6, #8
 161 0034 8A42     		cmp	r2, r1
 162 0036 16D3     		bcc	.L15
 163              		.loc 1 155 0
 164 0038 4FF6F870 		movw	r0, #65528
 165 003c CFF6FF70 		movt	r0, 65535
 166              		.loc 1 153 0
 167 0040 5F18     		adds	r7, r3, r1
 168              	.LVL16:
 169              		.loc 1 154 0
ARM GAS  /tmp/cc6RVjlg.s 			page 4


 170 0042 D3F800E0 		ldr	lr, [r3, #0]
 171              		.loc 1 155 0
 172 0046 C6EB000C 		rsb	ip, r6, r0
 173 004a 0CEB0200 		add	r0, ip, r2
 174              		.loc 1 154 0
 175 004e 43F801E0 		str	lr, [r3, r1]
 176              		.loc 1 155 0
 177 0052 7860     		str	r0, [r7, #4]
 178              		.loc 1 156 0
 179 0054 2F60     		str	r7, [r5, #0]
 180              		.loc 1 157 0
 181 0056 5E60     		str	r6, [r3, #4]
 182              	.LVL17:
 183              	.L7:
 184              		.loc 1 159 0
 185 0058 1D46     		mov	r5, r3
 186              	.LVL18:
 187 005a 45F8084B 		str	r4, [r5], #8
 188              		.loc 1 161 0
 189 005e FFF7FEFF 		bl	chMtxUnlock
 190              	.LVL19:
 191              	.L8:
 192              		.loc 1 181 0
 193 0062 2846     		mov	r0, r5
 194 0064 F8BD     		pop	{r3, r4, r5, r6, r7, pc}
 195              	.LVL20:
 196              	.L15:
 197              		.loc 1 149 0
 198 0066 1A68     		ldr	r2, [r3, #0]
 199 0068 2A60     		str	r2, [r5, #0]
 200 006a F5E7     		b	.L7
 201              	.LVL21:
 202              	.L14:
 203              		.loc 1 167 0
 204 006c FFF7FEFF 		bl	chMtxUnlock
 205              		.loc 1 171 0
 206 0070 2568     		ldr	r5, [r4, #0]
 207              	.LVL22:
 208 0072 002D     		cmp	r5, #0
 209 0074 F5D0     		beq	.L8
 210              		.loc 1 172 0
 211 0076 06F10800 		add	r0, r6, #8
 212 007a A847     		blx	r5
 213              	.LVL23:
 214              		.loc 1 173 0
 215 007c 0546     		mov	r5, r0
 216 007e 0028     		cmp	r0, #0
 217 0080 EFD0     		beq	.L8
 218              		.loc 1 177 0
 219 0082 00F10805 		add	r5, r0, #8
 220              		.loc 1 175 0
 221 0086 80E85000 		stmia	r0, {r4, r6}
 222              	.LVL24:
 223              		.loc 1 181 0
 224 008a 2846     		mov	r0, r5
 225              	.LVL25:
 226 008c F8BD     		pop	{r3, r4, r5, r6, r7, pc}
ARM GAS  /tmp/cc6RVjlg.s 			page 5


 227              		.cfi_endproc
 228              	.LFE9:
 229              		.size	chHeapAlloc, .-chHeapAlloc
 230 008e 00BF     		.section	.text.chHeapFree,"ax",%progbits
 231              		.align	2
 232              		.p2align 4,,15
 233              		.global	chHeapFree
 234              		.thumb
 235              		.thumb_func
 236              		.type	chHeapFree, %function
 237              	chHeapFree:
 238              	.LFB10:
 239              		.loc 1 194 0
 240              		.cfi_startproc
 241              		@ args = 0, pretend = 0, frame = 0
 242              		@ frame_needed = 0, uses_anonymous_args = 0
 243              	.LVL26:
 244 0000 70B5     		push	{r4, r5, r6, lr}
 245              	.LCFI1:
 246              		.cfi_def_cfa_offset 16
 247              		.cfi_offset 14, -4
 248              		.cfi_offset 6, -8
 249              		.cfi_offset 5, -12
 250              		.cfi_offset 4, -16
 251              		.loc 1 194 0
 252 0002 0646     		mov	r6, r0
 253              		.loc 1 200 0
 254 0004 A0F10804 		sub	r4, r0, #8
 255              	.LVL27:
 256              		.loc 1 201 0
 257 0008 50F8080C 		ldr	r0, [r0, #-8]
 258              	.LVL28:
 259              		.loc 1 202 0
 260 000c 00F10805 		add	r5, r0, #8
 261              	.LVL29:
 262              		.loc 1 203 0
 263 0010 1030     		adds	r0, r0, #16
 264 0012 FFF7FEFF 		bl	chMtxLock
 265              	.LVL30:
 266              		.loc 1 202 0
 267 0016 2B46     		mov	r3, r5
 268              	.LVL31:
 269              	.L24:
 270              		.loc 1 210 0
 271 0018 591B     		subs	r1, r3, r5
 272 001a 4842     		rsbs	r0, r1, #0
 273 001c 40EB0102 		adc	r2, r0, r1
 274 0020 9C42     		cmp	r4, r3
 275 0022 88BF     		it	hi
 276 0024 42F00102 		orrhi	r2, r2, #1
 277 0028 72B1     		cbz	r2, .L17
 278              	.L25:
 279              		.loc 1 211 0 discriminator 1
 280 002a 1A68     		ldr	r2, [r3, #0]
 281              		.loc 1 210 0 discriminator 1
 282 002c 72B1     		cbz	r2, .L18
 283              		.loc 1 211 0
ARM GAS  /tmp/cc6RVjlg.s 			page 6


 284 002e 9442     		cmp	r4, r2
 285 0030 0CD3     		bcc	.L18
 286 0032 1346     		mov	r3, r2
 287              	.LVL32:
 288              		.loc 1 210 0
 289 0034 591B     		subs	r1, r3, r5
 290 0036 4842     		rsbs	r0, r1, #0
 291 0038 40EB0102 		adc	r2, r0, r1
 292              	.LVL33:
 293 003c 9C42     		cmp	r4, r3
 294 003e 88BF     		it	hi
 295 0040 42F00102 		orrhi	r2, r2, #1
 296 0044 002A     		cmp	r2, #0
 297 0046 F0D1     		bne	.L25
 298              	.L17:
 299              		.loc 1 224 0
 300 0048 1B68     		ldr	r3, [r3, #0]
 301              	.LVL34:
 302 004a E5E7     		b	.L24
 303              	.LVL35:
 304              	.L18:
 305              		.loc 1 216 0
 306 004c 56F8041C 		ldr	r1, [r6, #-4]
 307              		.loc 1 213 0
 308 0050 46F8082C 		str	r2, [r6, #-8]
 309              		.loc 1 214 0
 310 0054 1C60     		str	r4, [r3, #0]
 311              		.loc 1 216 0
 312 0056 01F10802 		add	r2, r1, #8
 313 005a 56F8085C 		ldr	r5, [r6, #-8]
 314              	.LVL36:
 315 005e A018     		adds	r0, r4, r2
 316 0060 A842     		cmp	r0, r5
 317 0062 0AD0     		beq	.L26
 318              		.loc 1 221 0
 319 0064 5A68     		ldr	r2, [r3, #4]
 320 0066 02F1080E 		add	lr, r2, #8
 321 006a 03EB0E0C 		add	ip, r3, lr
 322 006e 6445     		cmp	r4, ip
 323 0070 12D0     		beq	.L27
 324              	.L21:
 325              		.loc 1 233 0
 326 0072 BDE87040 		pop	{r4, r5, r6, lr}
 327              		.loc 1 231 0
 328 0076 FFF7FEBF 		b	chMtxUnlock
 329              	.LVL37:
 330              	.L26:
 331              		.loc 1 218 0
 332 007a 4068     		ldr	r0, [r0, #4]
 333              		.loc 1 219 0
 334 007c A258     		ldr	r2, [r4, r2]
 335              		.loc 1 218 0
 336 007e 0818     		adds	r0, r1, r0
 337 0080 0830     		adds	r0, r0, #8
 338 0082 46F8040C 		str	r0, [r6, #-4]
 339              		.loc 1 219 0
 340 0086 46F8082C 		str	r2, [r6, #-8]
ARM GAS  /tmp/cc6RVjlg.s 			page 7


 341              		.loc 1 221 0
 342 008a 5A68     		ldr	r2, [r3, #4]
 343 008c 02F1080E 		add	lr, r2, #8
 344 0090 03EB0E0C 		add	ip, r3, lr
 345 0094 6445     		cmp	r4, ip
 346 0096 ECD1     		bne	.L21
 347              	.L27:
 348              		.loc 1 223 0
 349 0098 56F8040C 		ldr	r0, [r6, #-4]
 350              		.loc 1 224 0
 351 009c 56F8081C 		ldr	r1, [r6, #-8]
 352              		.loc 1 223 0
 353 00a0 1218     		adds	r2, r2, r0
 354 00a2 0832     		adds	r2, r2, #8
 355              		.loc 1 224 0
 356 00a4 83E80600 		stmia	r3, {r1, r2}
 357 00a8 E3E7     		b	.L21
 358              		.cfi_endproc
 359              	.LFE10:
 360              		.size	chHeapFree, .-chHeapFree
 361              		.section	.text.chHeapStatus,"ax",%progbits
 362              		.align	2
 363              		.p2align 4,,15
 364              		.global	chHeapStatus
 365              		.thumb
 366              		.thumb_func
 367              		.type	chHeapStatus, %function
 368              	chHeapStatus:
 369              	.LFB11:
 370              		.loc 1 250 0
 371              		.cfi_startproc
 372              		@ args = 0, pretend = 0, frame = 0
 373              		@ frame_needed = 0, uses_anonymous_args = 0
 374              	.LVL38:
 375 0000 38B5     		push	{r3, r4, r5, lr}
 376              	.LCFI2:
 377              		.cfi_def_cfa_offset 16
 378              		.cfi_offset 14, -4
 379              		.cfi_offset 5, -8
 380              		.cfi_offset 4, -12
 381              		.cfi_offset 3, -16
 382              		.loc 1 255 0
 383 0002 40F20004 		movw	r4, #:lower16:.LANCHOR0
 384 0006 C0F20004 		movt	r4, #:upper16:.LANCHOR0
 385 000a 0028     		cmp	r0, #0
 386 000c 18BF     		it	ne
 387 000e 0446     		movne	r4, r0
 388              		.loc 1 257 0
 389 0010 04F11000 		add	r0, r4, #16
 390              	.LVL39:
 391              		.loc 1 250 0
 392 0014 0D46     		mov	r5, r1
 393              		.loc 1 257 0
 394 0016 FFF7FEFF 		bl	chMtxLock
 395              	.LVL40:
 396              		.loc 1 260 0
 397 001a A368     		ldr	r3, [r4, #8]
ARM GAS  /tmp/cc6RVjlg.s 			page 8


 398              		.loc 1 259 0
 399 001c 1A46     		mov	r2, r3
 400              		.loc 1 260 0
 401 001e 1C46     		mov	r4, r3
 402 0020 3BB1     		cbz	r3, .L30
 403 0022 0022     		movs	r2, #0
 404 0024 1446     		mov	r4, r2
 405              	.LVL41:
 406              	.L31:
 407              		.loc 1 261 0 discriminator 2
 408 0026 5968     		ldr	r1, [r3, #4]
 409              		.loc 1 260 0 discriminator 2
 410 0028 1B68     		ldr	r3, [r3, #0]
 411              		.loc 1 261 0 discriminator 2
 412 002a 5218     		adds	r2, r2, r1
 413              	.LVL42:
 414              		.loc 1 260 0 discriminator 2
 415 002c 0134     		adds	r4, r4, #1
 416              	.LVL43:
 417 002e 002B     		cmp	r3, #0
 418 0030 F9D1     		bne	.L31
 419              	.LVL44:
 420              	.L30:
 421              		.loc 1 262 0
 422 0032 05B1     		cbz	r5, .L32
 423              		.loc 1 263 0
 424 0034 2A60     		str	r2, [r5, #0]
 425              	.L32:
 426              		.loc 1 265 0
 427 0036 FFF7FEFF 		bl	chMtxUnlock
 428              		.loc 1 267 0
 429 003a 2046     		mov	r0, r4
 430 003c 38BD     		pop	{r3, r4, r5, pc}
 431              		.cfi_endproc
 432              	.LFE11:
 433              		.size	chHeapStatus, .-chHeapStatus
 434 003e 00BF     		.section	.bss.default_heap,"aw",%nobits
 435              		.align	3
 436              		.set	.LANCHOR0,. + 0
 437              		.type	default_heap, %object
 438              		.size	default_heap, 32
 439              	default_heap:
 440 0000 00000000 		.space	32
 440      00000000 
 440      00000000 
 440      00000000 
 440      00000000 
 441              		.text
 442              	.Letext0:
 443              		.file 2 "/opt/arm/bin/../lib/gcc/arm-none-eabi/4.6.3/include/stddef.h"
 444              		.file 3 "/opt/arm/bin/../lib/gcc/arm-none-eabi/4.6.3/../../../../arm-none-eabi/include/stdint.h"
 445              		.file 4 "/opt/ChibiOS/ChibiOS_2.4.4/os/ports/GCC/ARMCMx/chtypes.h"
 446              		.file 5 "/opt/ChibiOS/ChibiOS_2.4.4/os/kernel/include/chlists.h"
 447              		.file 6 "/opt/ChibiOS/ChibiOS_2.4.4/os/kernel/include/chthreads.h"
 448              		.file 7 "/opt/ChibiOS/ChibiOS_2.4.4/os/ports/GCC/ARMCMx/chcore_v7m.h"
 449              		.file 8 "/opt/ChibiOS/ChibiOS_2.4.4/os/kernel/include/chmtx.h"
 450              		.file 9 "/opt/ChibiOS/ChibiOS_2.4.4/os/kernel/include/chmemcore.h"
ARM GAS  /tmp/cc6RVjlg.s 			page 9


 451              		.file 10 "/opt/ChibiOS/ChibiOS_2.4.4/os/kernel/include/chheap.h"
 452              		.section	.debug_info,"",%progbits
 453              	.Ldebug_info0:
 454 0000 30060000 		.4byte	0x630
 455 0004 0200     		.2byte	0x2
 456 0006 00000000 		.4byte	.Ldebug_abbrev0
 457 000a 04       		.byte	0x4
 458 000b 01       		.uleb128 0x1
 459 000c 31020000 		.4byte	.LASF72
 460 0010 01       		.byte	0x1
 461 0011 B1010000 		.4byte	.LASF73
 462 0015 00000000 		.4byte	0
 463 0019 00000000 		.4byte	0
 464 001d 00000000 		.4byte	.Ldebug_ranges0+0
 465 0021 00000000 		.4byte	.Ldebug_line0
 466 0025 02       		.uleb128 0x2
 467 0026 04       		.byte	0x4
 468 0027 05       		.byte	0x5
 469 0028 696E7400 		.ascii	"int\000"
 470 002c 03       		.uleb128 0x3
 471 002d 06000000 		.4byte	.LASF2
 472 0031 02       		.byte	0x2
 473 0032 D4       		.byte	0xd4
 474 0033 37000000 		.4byte	0x37
 475 0037 04       		.uleb128 0x4
 476 0038 04       		.byte	0x4
 477 0039 07       		.byte	0x7
 478 003a D2000000 		.4byte	.LASF0
 479 003e 04       		.uleb128 0x4
 480 003f 01       		.byte	0x1
 481 0040 06       		.byte	0x6
 482 0041 7C000000 		.4byte	.LASF1
 483 0045 03       		.uleb128 0x3
 484 0046 98020000 		.4byte	.LASF3
 485 004a 03       		.byte	0x3
 486 004b 2A       		.byte	0x2a
 487 004c 50000000 		.4byte	0x50
 488 0050 04       		.uleb128 0x4
 489 0051 01       		.byte	0x1
 490 0052 08       		.byte	0x8
 491 0053 87010000 		.4byte	.LASF4
 492 0057 04       		.uleb128 0x4
 493 0058 02       		.byte	0x2
 494 0059 05       		.byte	0x5
 495 005a A7010000 		.4byte	.LASF5
 496 005e 04       		.uleb128 0x4
 497 005f 02       		.byte	0x2
 498 0060 07       		.byte	0x7
 499 0061 FE000000 		.4byte	.LASF6
 500 0065 03       		.uleb128 0x3
 501 0066 7F010000 		.4byte	.LASF7
 502 006a 03       		.byte	0x3
 503 006b 4F       		.byte	0x4f
 504 006c 70000000 		.4byte	0x70
 505 0070 04       		.uleb128 0x4
 506 0071 04       		.byte	0x4
 507 0072 05       		.byte	0x5
ARM GAS  /tmp/cc6RVjlg.s 			page 10


 508 0073 A9000000 		.4byte	.LASF8
 509 0077 03       		.uleb128 0x3
 510 0078 23020000 		.4byte	.LASF9
 511 007c 03       		.byte	0x3
 512 007d 50       		.byte	0x50
 513 007e 82000000 		.4byte	0x82
 514 0082 04       		.uleb128 0x4
 515 0083 04       		.byte	0x4
 516 0084 07       		.byte	0x7
 517 0085 DF000000 		.4byte	.LASF10
 518 0089 04       		.uleb128 0x4
 519 008a 08       		.byte	0x8
 520 008b 05       		.byte	0x5
 521 008c 6E000000 		.4byte	.LASF11
 522 0090 03       		.uleb128 0x3
 523 0091 14000000 		.4byte	.LASF12
 524 0095 03       		.byte	0x3
 525 0096 78       		.byte	0x78
 526 0097 9B000000 		.4byte	0x9b
 527 009b 04       		.uleb128 0x4
 528 009c 08       		.byte	0x8
 529 009d 07       		.byte	0x7
 530 009e 2A000000 		.4byte	.LASF13
 531 00a2 03       		.uleb128 0x3
 532 00a3 17010000 		.4byte	.LASF14
 533 00a7 04       		.byte	0x4
 534 00a8 2F       		.byte	0x2f
 535 00a9 45000000 		.4byte	0x45
 536 00ad 03       		.uleb128 0x3
 537 00ae B2000000 		.4byte	.LASF15
 538 00b2 04       		.byte	0x4
 539 00b3 30       		.byte	0x30
 540 00b4 45000000 		.4byte	0x45
 541 00b8 03       		.uleb128 0x3
 542 00b9 68010000 		.4byte	.LASF16
 543 00bd 04       		.byte	0x4
 544 00be 31       		.byte	0x31
 545 00bf 45000000 		.4byte	0x45
 546 00c3 03       		.uleb128 0x3
 547 00c4 77010000 		.4byte	.LASF17
 548 00c8 04       		.byte	0x4
 549 00c9 32       		.byte	0x32
 550 00ca 77000000 		.4byte	0x77
 551 00ce 03       		.uleb128 0x3
 552 00cf 11010000 		.4byte	.LASF18
 553 00d3 04       		.byte	0x4
 554 00d4 33       		.byte	0x33
 555 00d5 65000000 		.4byte	0x65
 556 00d9 03       		.uleb128 0x3
 557 00da 2B010000 		.4byte	.LASF19
 558 00de 04       		.byte	0x4
 559 00df 35       		.byte	0x35
 560 00e0 77000000 		.4byte	0x77
 561 00e4 03       		.uleb128 0x3
 562 00e5 63020000 		.4byte	.LASF20
 563 00e9 04       		.byte	0x4
 564 00ea 36       		.byte	0x36
ARM GAS  /tmp/cc6RVjlg.s 			page 11


 565 00eb 77000000 		.4byte	0x77
 566 00ef 03       		.uleb128 0x3
 567 00f0 05020000 		.4byte	.LASF21
 568 00f4 05       		.byte	0x5
 569 00f5 2A       		.byte	0x2a
 570 00f6 FA000000 		.4byte	0xfa
 571 00fa 05       		.uleb128 0x5
 572 00fb 05020000 		.4byte	.LASF21
 573 00ff 48       		.byte	0x48
 574 0100 06       		.byte	0x6
 575 0101 5E       		.byte	0x5e
 576 0102 11020000 		.4byte	0x211
 577 0106 06       		.uleb128 0x6
 578 0107 F6010000 		.4byte	.LASF22
 579 010b 06       		.byte	0x6
 580 010c 5F       		.byte	0x5f
 581 010d 36020000 		.4byte	0x236
 582 0111 02       		.byte	0x2
 583 0112 23       		.byte	0x23
 584 0113 00       		.uleb128 0
 585 0114 06       		.uleb128 0x6
 586 0115 70010000 		.4byte	.LASF23
 587 0119 06       		.byte	0x6
 588 011a 61       		.byte	0x61
 589 011b 36020000 		.4byte	0x236
 590 011f 02       		.byte	0x2
 591 0120 23       		.byte	0x23
 592 0121 04       		.uleb128 0x4
 593 0122 06       		.uleb128 0x6
 594 0123 67000000 		.4byte	.LASF24
 595 0127 06       		.byte	0x6
 596 0128 63       		.byte	0x63
 597 0129 C3000000 		.4byte	0xc3
 598 012d 02       		.byte	0x2
 599 012e 23       		.byte	0x23
 600 012f 08       		.uleb128 0x8
 601 0130 06       		.uleb128 0x6
 602 0131 D2020000 		.4byte	.LASF25
 603 0135 06       		.byte	0x6
 604 0136 64       		.byte	0x64
 605 0137 0E030000 		.4byte	0x30e
 606 013b 02       		.byte	0x2
 607 013c 23       		.byte	0x23
 608 013d 0C       		.uleb128 0xc
 609 013e 06       		.uleb128 0x6
 610 013f BB000000 		.4byte	.LASF26
 611 0143 06       		.byte	0x6
 612 0144 66       		.byte	0x66
 613 0145 36020000 		.4byte	0x236
 614 0149 02       		.byte	0x2
 615 014a 23       		.byte	0x23
 616 014b 10       		.uleb128 0x10
 617 014c 06       		.uleb128 0x6
 618 014d 48010000 		.4byte	.LASF27
 619 0151 06       		.byte	0x6
 620 0152 67       		.byte	0x67
 621 0153 36020000 		.4byte	0x236
ARM GAS  /tmp/cc6RVjlg.s 			page 12


 622 0157 02       		.byte	0x2
 623 0158 23       		.byte	0x23
 624 0159 14       		.uleb128 0x14
 625 015a 06       		.uleb128 0x6
 626 015b B8020000 		.4byte	.LASF28
 627 015f 06       		.byte	0x6
 628 0160 6E       		.byte	0x6e
 629 0161 85040000 		.4byte	0x485
 630 0165 02       		.byte	0x2
 631 0166 23       		.byte	0x23
 632 0167 18       		.uleb128 0x18
 633 0168 06       		.uleb128 0x6
 634 0169 96000000 		.4byte	.LASF29
 635 016d 06       		.byte	0x6
 636 016e 79       		.byte	0x79
 637 016f AD000000 		.4byte	0xad
 638 0173 02       		.byte	0x2
 639 0174 23       		.byte	0x23
 640 0175 1C       		.uleb128 0x1c
 641 0176 06       		.uleb128 0x6
 642 0177 FD010000 		.4byte	.LASF30
 643 017b 06       		.byte	0x6
 644 017c 7D       		.byte	0x7d
 645 017d A2000000 		.4byte	0xa2
 646 0181 02       		.byte	0x2
 647 0182 23       		.byte	0x23
 648 0183 1D       		.uleb128 0x1d
 649 0184 06       		.uleb128 0x6
 650 0185 91020000 		.4byte	.LASF31
 651 0189 06       		.byte	0x6
 652 018a 82       		.byte	0x82
 653 018b B8000000 		.4byte	0xb8
 654 018f 02       		.byte	0x2
 655 0190 23       		.byte	0x23
 656 0191 1E       		.uleb128 0x1e
 657 0192 06       		.uleb128 0x6
 658 0193 78020000 		.4byte	.LASF32
 659 0197 06       		.byte	0x6
 660 0198 89       		.byte	0x89
 661 0199 31030000 		.4byte	0x331
 662 019d 02       		.byte	0x2
 663 019e 23       		.byte	0x23
 664 019f 20       		.uleb128 0x20
 665 01a0 07       		.uleb128 0x7
 666 01a1 705F7500 		.ascii	"p_u\000"
 667 01a5 06       		.byte	0x6
 668 01a6 AE       		.byte	0xae
 669 01a7 50040000 		.4byte	0x450
 670 01ab 02       		.byte	0x2
 671 01ac 23       		.byte	0x23
 672 01ad 24       		.uleb128 0x24
 673 01ae 06       		.uleb128 0x6
 674 01af D8020000 		.4byte	.LASF33
 675 01b3 06       		.byte	0x6
 676 01b4 B3       		.byte	0xb3
 677 01b5 5E020000 		.4byte	0x25e
 678 01b9 02       		.byte	0x2
ARM GAS  /tmp/cc6RVjlg.s 			page 13


 679 01ba 23       		.byte	0x23
 680 01bb 28       		.uleb128 0x28
 681 01bc 06       		.uleb128 0x6
 682 01bd 86020000 		.4byte	.LASF34
 683 01c1 06       		.byte	0x6
 684 01c2 B9       		.byte	0xb9
 685 01c3 3C020000 		.4byte	0x23c
 686 01c7 02       		.byte	0x2
 687 01c8 23       		.byte	0x23
 688 01c9 2C       		.uleb128 0x2c
 689 01ca 06       		.uleb128 0x6
 690 01cb 00000000 		.4byte	.LASF35
 691 01cf 06       		.byte	0x6
 692 01d0 BD       		.byte	0xbd
 693 01d1 CE000000 		.4byte	0xce
 694 01d5 02       		.byte	0x2
 695 01d6 23       		.byte	0x23
 696 01d7 34       		.uleb128 0x34
 697 01d8 06       		.uleb128 0x6
 698 01d9 18020000 		.4byte	.LASF36
 699 01dd 06       		.byte	0x6
 700 01de C3       		.byte	0xc3
 701 01df D9000000 		.4byte	0xd9
 702 01e3 02       		.byte	0x2
 703 01e4 23       		.byte	0x23
 704 01e5 38       		.uleb128 0x38
 705 01e6 06       		.uleb128 0x6
 706 01e7 9D010000 		.4byte	.LASF37
 707 01eb 06       		.byte	0x6
 708 01ec CA       		.byte	0xca
 709 01ed 97040000 		.4byte	0x497
 710 01f1 02       		.byte	0x2
 711 01f2 23       		.byte	0x23
 712 01f3 3C       		.uleb128 0x3c
 713 01f4 06       		.uleb128 0x6
 714 01f5 6D020000 		.4byte	.LASF38
 715 01f9 06       		.byte	0x6
 716 01fa CE       		.byte	0xce
 717 01fb C3000000 		.4byte	0xc3
 718 01ff 02       		.byte	0x2
 719 0200 23       		.byte	0x23
 720 0201 40       		.uleb128 0x40
 721 0202 06       		.uleb128 0x6
 722 0203 8E000000 		.4byte	.LASF39
 723 0207 06       		.byte	0x6
 724 0208 D4       		.byte	0xd4
 725 0209 74020000 		.4byte	0x274
 726 020d 02       		.byte	0x2
 727 020e 23       		.byte	0x23
 728 020f 44       		.uleb128 0x44
 729 0210 00       		.byte	0
 730 0211 08       		.uleb128 0x8
 731 0212 08       		.byte	0x8
 732 0213 05       		.byte	0x5
 733 0214 61       		.byte	0x61
 734 0215 36020000 		.4byte	0x236
 735 0219 06       		.uleb128 0x6
ARM GAS  /tmp/cc6RVjlg.s 			page 14


 736 021a F6010000 		.4byte	.LASF22
 737 021e 05       		.byte	0x5
 738 021f 62       		.byte	0x62
 739 0220 36020000 		.4byte	0x236
 740 0224 02       		.byte	0x2
 741 0225 23       		.byte	0x23
 742 0226 00       		.uleb128 0
 743 0227 06       		.uleb128 0x6
 744 0228 70010000 		.4byte	.LASF23
 745 022c 05       		.byte	0x5
 746 022d 64       		.byte	0x64
 747 022e 36020000 		.4byte	0x236
 748 0232 02       		.byte	0x2
 749 0233 23       		.byte	0x23
 750 0234 04       		.uleb128 0x4
 751 0235 00       		.byte	0
 752 0236 09       		.uleb128 0x9
 753 0237 04       		.byte	0x4
 754 0238 EF000000 		.4byte	0xef
 755 023c 03       		.uleb128 0x3
 756 023d 50010000 		.4byte	.LASF40
 757 0241 05       		.byte	0x5
 758 0242 66       		.byte	0x66
 759 0243 11020000 		.4byte	0x211
 760 0247 08       		.uleb128 0x8
 761 0248 04       		.byte	0x4
 762 0249 05       		.byte	0x5
 763 024a 6B       		.byte	0x6b
 764 024b 5E020000 		.4byte	0x25e
 765 024f 06       		.uleb128 0x6
 766 0250 F6010000 		.4byte	.LASF22
 767 0254 05       		.byte	0x5
 768 0255 6D       		.byte	0x6d
 769 0256 36020000 		.4byte	0x236
 770 025a 02       		.byte	0x2
 771 025b 23       		.byte	0x23
 772 025c 00       		.uleb128 0
 773 025d 00       		.byte	0
 774 025e 03       		.uleb128 0x3
 775 025f 1F010000 		.4byte	.LASF41
 776 0263 05       		.byte	0x5
 777 0264 70       		.byte	0x70
 778 0265 47020000 		.4byte	0x247
 779 0269 03       		.uleb128 0x3
 780 026a C3000000 		.4byte	.LASF42
 781 026e 07       		.byte	0x7
 782 026f D7       		.byte	0xd7
 783 0270 74020000 		.4byte	0x274
 784 0274 0A       		.uleb128 0xa
 785 0275 04       		.byte	0x4
 786 0276 03       		.uleb128 0x3
 787 0277 3D010000 		.4byte	.LASF43
 788 027b 07       		.byte	0x7
 789 027c DD       		.byte	0xdd
 790 027d 90000000 		.4byte	0x90
 791 0281 05       		.uleb128 0x5
 792 0282 7F020000 		.4byte	.LASF44
ARM GAS  /tmp/cc6RVjlg.s 			page 15


 793 0286 24       		.byte	0x24
 794 0287 07       		.byte	0x7
 795 0288 FE       		.byte	0xfe
 796 0289 0E030000 		.4byte	0x30e
 797 028d 0B       		.uleb128 0xb
 798 028e 723400   		.ascii	"r4\000"
 799 0291 07       		.byte	0x7
 800 0292 1101     		.2byte	0x111
 801 0294 69020000 		.4byte	0x269
 802 0298 02       		.byte	0x2
 803 0299 23       		.byte	0x23
 804 029a 00       		.uleb128 0
 805 029b 0B       		.uleb128 0xb
 806 029c 723500   		.ascii	"r5\000"
 807 029f 07       		.byte	0x7
 808 02a0 1201     		.2byte	0x112
 809 02a2 69020000 		.4byte	0x269
 810 02a6 02       		.byte	0x2
 811 02a7 23       		.byte	0x23
 812 02a8 04       		.uleb128 0x4
 813 02a9 0B       		.uleb128 0xb
 814 02aa 723600   		.ascii	"r6\000"
 815 02ad 07       		.byte	0x7
 816 02ae 1301     		.2byte	0x113
 817 02b0 69020000 		.4byte	0x269
 818 02b4 02       		.byte	0x2
 819 02b5 23       		.byte	0x23
 820 02b6 08       		.uleb128 0x8
 821 02b7 0B       		.uleb128 0xb
 822 02b8 723700   		.ascii	"r7\000"
 823 02bb 07       		.byte	0x7
 824 02bc 1401     		.2byte	0x114
 825 02be 69020000 		.4byte	0x269
 826 02c2 02       		.byte	0x2
 827 02c3 23       		.byte	0x23
 828 02c4 0C       		.uleb128 0xc
 829 02c5 0B       		.uleb128 0xb
 830 02c6 723800   		.ascii	"r8\000"
 831 02c9 07       		.byte	0x7
 832 02ca 1501     		.2byte	0x115
 833 02cc 69020000 		.4byte	0x269
 834 02d0 02       		.byte	0x2
 835 02d1 23       		.byte	0x23
 836 02d2 10       		.uleb128 0x10
 837 02d3 0B       		.uleb128 0xb
 838 02d4 723900   		.ascii	"r9\000"
 839 02d7 07       		.byte	0x7
 840 02d8 1601     		.2byte	0x116
 841 02da 69020000 		.4byte	0x269
 842 02de 02       		.byte	0x2
 843 02df 23       		.byte	0x23
 844 02e0 14       		.uleb128 0x14
 845 02e1 0B       		.uleb128 0xb
 846 02e2 72313000 		.ascii	"r10\000"
 847 02e6 07       		.byte	0x7
 848 02e7 1701     		.2byte	0x117
 849 02e9 69020000 		.4byte	0x269
ARM GAS  /tmp/cc6RVjlg.s 			page 16


 850 02ed 02       		.byte	0x2
 851 02ee 23       		.byte	0x23
 852 02ef 18       		.uleb128 0x18
 853 02f0 0B       		.uleb128 0xb
 854 02f1 72313100 		.ascii	"r11\000"
 855 02f5 07       		.byte	0x7
 856 02f6 1801     		.2byte	0x118
 857 02f8 69020000 		.4byte	0x269
 858 02fc 02       		.byte	0x2
 859 02fd 23       		.byte	0x23
 860 02fe 1C       		.uleb128 0x1c
 861 02ff 0B       		.uleb128 0xb
 862 0300 6C7200   		.ascii	"lr\000"
 863 0303 07       		.byte	0x7
 864 0304 1901     		.2byte	0x119
 865 0306 69020000 		.4byte	0x269
 866 030a 02       		.byte	0x2
 867 030b 23       		.byte	0x23
 868 030c 20       		.uleb128 0x20
 869 030d 00       		.byte	0
 870 030e 0C       		.uleb128 0xc
 871 030f F1000000 		.4byte	.LASF45
 872 0313 04       		.byte	0x4
 873 0314 07       		.byte	0x7
 874 0315 2301     		.2byte	0x123
 875 0317 2B030000 		.4byte	0x32b
 876 031b 0B       		.uleb128 0xb
 877 031c 72313300 		.ascii	"r13\000"
 878 0320 07       		.byte	0x7
 879 0321 2401     		.2byte	0x124
 880 0323 2B030000 		.4byte	0x32b
 881 0327 02       		.byte	0x2
 882 0328 23       		.byte	0x23
 883 0329 00       		.uleb128 0
 884 032a 00       		.byte	0
 885 032b 09       		.uleb128 0x9
 886 032c 04       		.byte	0x4
 887 032d 81020000 		.4byte	0x281
 888 0331 0D       		.uleb128 0xd
 889 0332 E4000000 		.4byte	0xe4
 890 0336 05       		.uleb128 0x5
 891 0337 37010000 		.4byte	.LASF46
 892 033b 10       		.byte	0x10
 893 033c 08       		.byte	0x8
 894 033d 2C       		.byte	0x2c
 895 033e 6D030000 		.4byte	0x36d
 896 0342 06       		.uleb128 0x6
 897 0343 95010000 		.4byte	.LASF47
 898 0347 08       		.byte	0x8
 899 0348 2D       		.byte	0x2d
 900 0349 3C020000 		.4byte	0x23c
 901 034d 02       		.byte	0x2
 902 034e 23       		.byte	0x23
 903 034f 00       		.uleb128 0
 904 0350 06       		.uleb128 0x6
 905 0351 CA020000 		.4byte	.LASF48
 906 0355 08       		.byte	0x8
ARM GAS  /tmp/cc6RVjlg.s 			page 17


 907 0356 2F       		.byte	0x2f
 908 0357 36020000 		.4byte	0x236
 909 035b 02       		.byte	0x2
 910 035c 23       		.byte	0x23
 911 035d 08       		.uleb128 0x8
 912 035e 06       		.uleb128 0x6
 913 035f 5C020000 		.4byte	.LASF49
 914 0363 08       		.byte	0x8
 915 0364 31       		.byte	0x31
 916 0365 6D030000 		.4byte	0x36d
 917 0369 02       		.byte	0x2
 918 036a 23       		.byte	0x23
 919 036b 0C       		.uleb128 0xc
 920 036c 00       		.byte	0
 921 036d 09       		.uleb128 0x9
 922 036e 04       		.byte	0x4
 923 036f 36030000 		.4byte	0x336
 924 0373 03       		.uleb128 0x3
 925 0374 37010000 		.4byte	.LASF46
 926 0378 08       		.byte	0x8
 927 0379 33       		.byte	0x33
 928 037a 36030000 		.4byte	0x336
 929 037e 03       		.uleb128 0x3
 930 037f 1D000000 		.4byte	.LASF50
 931 0383 09       		.byte	0x9
 932 0384 2C       		.byte	0x2c
 933 0385 89030000 		.4byte	0x389
 934 0389 09       		.uleb128 0x9
 935 038a 04       		.byte	0x4
 936 038b 8F030000 		.4byte	0x38f
 937 038f 0E       		.uleb128 0xe
 938 0390 01       		.byte	0x1
 939 0391 74020000 		.4byte	0x274
 940 0395 9F030000 		.4byte	0x39f
 941 0399 0F       		.uleb128 0xf
 942 039a 2C000000 		.4byte	0x2c
 943 039e 00       		.byte	0
 944 039f 03       		.uleb128 0x3
 945 03a0 5D010000 		.4byte	.LASF51
 946 03a4 0A       		.byte	0xa
 947 03a5 34       		.byte	0x34
 948 03a6 AA030000 		.4byte	0x3aa
 949 03aa 05       		.uleb128 0x5
 950 03ab E2020000 		.4byte	.LASF52
 951 03af 20       		.byte	0x20
 952 03b0 0A       		.byte	0xa
 953 03b1 47       		.byte	0x47
 954 03b2 E1030000 		.4byte	0x3e1
 955 03b6 06       		.uleb128 0x6
 956 03b7 A0020000 		.4byte	.LASF53
 957 03bb 0A       		.byte	0xa
 958 03bc 48       		.byte	0x48
 959 03bd 7E030000 		.4byte	0x37e
 960 03c1 02       		.byte	0x2
 961 03c2 23       		.byte	0x23
 962 03c3 00       		.uleb128 0
 963 03c4 06       		.uleb128 0x6
ARM GAS  /tmp/cc6RVjlg.s 			page 18


 964 03c5 4A000000 		.4byte	.LASF54
 965 03c9 0A       		.byte	0xa
 966 03ca 4A       		.byte	0x4a
 967 03cb 00040000 		.4byte	0x400
 968 03cf 02       		.byte	0x2
 969 03d0 23       		.byte	0x23
 970 03d1 08       		.uleb128 0x8
 971 03d2 06       		.uleb128 0x6
 972 03d3 88000000 		.4byte	.LASF55
 973 03d7 0A       		.byte	0xa
 974 03d8 4C       		.byte	0x4c
 975 03d9 73030000 		.4byte	0x373
 976 03dd 02       		.byte	0x2
 977 03de 23       		.byte	0x23
 978 03df 10       		.uleb128 0x10
 979 03e0 00       		.byte	0
 980 03e1 10       		.uleb128 0x10
 981 03e2 04       		.byte	0x4
 982 03e3 0A       		.byte	0xa
 983 03e4 3C       		.byte	0x3c
 984 03e5 00040000 		.4byte	0x400
 985 03e9 11       		.uleb128 0x11
 986 03ea 62000000 		.4byte	.LASF56
 987 03ee 0A       		.byte	0xa
 988 03ef 3D       		.byte	0x3d
 989 03f0 21040000 		.4byte	0x421
 990 03f4 11       		.uleb128 0x11
 991 03f5 2C020000 		.4byte	.LASF57
 992 03f9 0A       		.byte	0xa
 993 03fa 3E       		.byte	0x3e
 994 03fb 27040000 		.4byte	0x427
 995 03ff 00       		.byte	0
 996 0400 12       		.uleb128 0x12
 997 0401 E3010000 		.4byte	.LASF74
 998 0405 08       		.byte	0x8
 999 0406 0A       		.byte	0xa
 1000 0407 39       		.byte	0x39
 1001 0408 21040000 		.4byte	0x421
 1002 040c 11       		.uleb128 0x11
 1003 040d CC000000 		.4byte	.LASF58
 1004 0411 0A       		.byte	0xa
 1005 0412 3A       		.byte	0x3a
 1006 0413 76020000 		.4byte	0x276
 1007 0417 13       		.uleb128 0x13
 1008 0418 6800     		.ascii	"h\000"
 1009 041a 0A       		.byte	0xa
 1010 041b 41       		.byte	0x41
 1011 041c 2D040000 		.4byte	0x42d
 1012 0420 00       		.byte	0
 1013 0421 09       		.uleb128 0x9
 1014 0422 04       		.byte	0x4
 1015 0423 00040000 		.4byte	0x400
 1016 0427 09       		.uleb128 0x9
 1017 0428 04       		.byte	0x4
 1018 0429 9F030000 		.4byte	0x39f
 1019 042d 08       		.uleb128 0x8
 1020 042e 08       		.byte	0x8
ARM GAS  /tmp/cc6RVjlg.s 			page 19


 1021 042f 0A       		.byte	0xa
 1022 0430 3B       		.byte	0x3b
 1023 0431 50040000 		.4byte	0x450
 1024 0435 07       		.uleb128 0x7
 1025 0436 7500     		.ascii	"u\000"
 1026 0438 0A       		.byte	0xa
 1027 0439 3F       		.byte	0x3f
 1028 043a E1030000 		.4byte	0x3e1
 1029 043e 02       		.byte	0x2
 1030 043f 23       		.byte	0x23
 1031 0440 00       		.uleb128 0
 1032 0441 06       		.uleb128 0x6
 1033 0442 F9000000 		.4byte	.LASF59
 1034 0446 0A       		.byte	0xa
 1035 0447 40       		.byte	0x40
 1036 0448 2C000000 		.4byte	0x2c
 1037 044c 02       		.byte	0x2
 1038 044d 23       		.byte	0x23
 1039 044e 04       		.uleb128 0x4
 1040 044f 00       		.byte	0
 1041 0450 10       		.uleb128 0x10
 1042 0451 04       		.byte	0x4
 1043 0452 06       		.byte	0x6
 1044 0453 90       		.byte	0x90
 1045 0454 85040000 		.4byte	0x485
 1046 0458 11       		.uleb128 0x11
 1047 0459 0D000000 		.4byte	.LASF60
 1048 045d 06       		.byte	0x6
 1049 045e 97       		.byte	0x97
 1050 045f CE000000 		.4byte	0xce
 1051 0463 11       		.uleb128 0x11
 1052 0464 41000000 		.4byte	.LASF61
 1053 0468 06       		.byte	0x6
 1054 0469 9E       		.byte	0x9e
 1055 046a CE000000 		.4byte	0xce
 1056 046e 11       		.uleb128 0x11
 1057 046f AB020000 		.4byte	.LASF62
 1058 0473 06       		.byte	0x6
 1059 0474 A5       		.byte	0xa5
 1060 0475 74020000 		.4byte	0x274
 1061 0479 11       		.uleb128 0x11
 1062 047a EF010000 		.4byte	.LASF63
 1063 047e 06       		.byte	0x6
 1064 047f AC       		.byte	0xac
 1065 0480 D9000000 		.4byte	0xd9
 1066 0484 00       		.byte	0
 1067 0485 09       		.uleb128 0x9
 1068 0486 04       		.byte	0x4
 1069 0487 8B040000 		.4byte	0x48b
 1070 048b 14       		.uleb128 0x14
 1071 048c 90040000 		.4byte	0x490
 1072 0490 04       		.uleb128 0x4
 1073 0491 01       		.byte	0x1
 1074 0492 08       		.byte	0x8
 1075 0493 4A020000 		.4byte	.LASF64
 1076 0497 09       		.uleb128 0x9
 1077 0498 04       		.byte	0x4
ARM GAS  /tmp/cc6RVjlg.s 			page 20


 1078 0499 73030000 		.4byte	0x373
 1079 049d 15       		.uleb128 0x15
 1080 049e 01       		.byte	0x1
 1081 049f BF020000 		.4byte	.LASF75
 1082 04a3 01       		.byte	0x1
 1083 04a4 4B       		.byte	0x4b
 1084 04a5 01       		.byte	0x1
 1085 04a6 00000000 		.4byte	.LFB7
 1086 04aa 20000000 		.4byte	.LFE7
 1087 04ae 02       		.byte	0x2
 1088 04af 7D       		.byte	0x7d
 1089 04b0 00       		.sleb128 0
 1090 04b1 16       		.uleb128 0x16
 1091 04b2 01       		.byte	0x1
 1092 04b3 57000000 		.4byte	.LASF66
 1093 04b7 01       		.byte	0x1
 1094 04b8 63       		.byte	0x63
 1095 04b9 01       		.byte	0x1
 1096 04ba 00000000 		.4byte	.LFB8
 1097 04be 14000000 		.4byte	.LFE8
 1098 04c2 02       		.byte	0x2
 1099 04c3 7D       		.byte	0x7d
 1100 04c4 00       		.sleb128 0
 1101 04c5 05050000 		.4byte	0x505
 1102 04c9 17       		.uleb128 0x17
 1103 04ca 51000000 		.4byte	.LASF65
 1104 04ce 01       		.byte	0x1
 1105 04cf 63       		.byte	0x63
 1106 04d0 27040000 		.4byte	0x427
 1107 04d4 00000000 		.4byte	.LLST0
 1108 04d8 18       		.uleb128 0x18
 1109 04d9 62756600 		.ascii	"buf\000"
 1110 04dd 01       		.byte	0x1
 1111 04de 63       		.byte	0x63
 1112 04df 74020000 		.4byte	0x274
 1113 04e3 20000000 		.4byte	.LLST1
 1114 04e7 17       		.uleb128 0x17
 1115 04e8 F9000000 		.4byte	.LASF59
 1116 04ec 01       		.byte	0x1
 1117 04ed 63       		.byte	0x63
 1118 04ee 2C000000 		.4byte	0x2c
 1119 04f2 33000000 		.4byte	.LLST2
 1120 04f6 19       		.uleb128 0x19
 1121 04f7 687000   		.ascii	"hp\000"
 1122 04fa 01       		.byte	0x1
 1123 04fb 64       		.byte	0x64
 1124 04fc 21040000 		.4byte	0x421
 1125 0500 53000000 		.4byte	.LLST3
 1126 0504 00       		.byte	0
 1127 0505 1A       		.uleb128 0x1a
 1128 0506 01       		.byte	0x1
 1129 0507 0C020000 		.4byte	.LASF68
 1130 050b 01       		.byte	0x1
 1131 050c 84       		.byte	0x84
 1132 050d 01       		.byte	0x1
 1133 050e 74020000 		.4byte	0x274
 1134 0512 00000000 		.4byte	.LFB9
ARM GAS  /tmp/cc6RVjlg.s 			page 21


 1135 0516 8E000000 		.4byte	.LFE9
 1136 051a 66000000 		.4byte	.LLST4
 1137 051e 6B050000 		.4byte	0x56b
 1138 0522 17       		.uleb128 0x17
 1139 0523 51000000 		.4byte	.LASF65
 1140 0527 01       		.byte	0x1
 1141 0528 84       		.byte	0x84
 1142 0529 27040000 		.4byte	0x427
 1143 052d 86000000 		.4byte	.LLST5
 1144 0531 17       		.uleb128 0x17
 1145 0532 F9000000 		.4byte	.LASF59
 1146 0536 01       		.byte	0x1
 1147 0537 84       		.byte	0x84
 1148 0538 2C000000 		.4byte	0x2c
 1149 053c 99000000 		.4byte	.LLST6
 1150 0540 19       		.uleb128 0x19
 1151 0541 717000   		.ascii	"qp\000"
 1152 0544 01       		.byte	0x1
 1153 0545 85       		.byte	0x85
 1154 0546 21040000 		.4byte	0x421
 1155 054a C4000000 		.4byte	.LLST7
 1156 054e 19       		.uleb128 0x19
 1157 054f 687000   		.ascii	"hp\000"
 1158 0552 01       		.byte	0x1
 1159 0553 85       		.byte	0x85
 1160 0554 21040000 		.4byte	0x421
 1161 0558 E2000000 		.4byte	.LLST8
 1162 055c 19       		.uleb128 0x19
 1163 055d 667000   		.ascii	"fp\000"
 1164 0560 01       		.byte	0x1
 1165 0561 85       		.byte	0x85
 1166 0562 21040000 		.4byte	0x421
 1167 0566 47010000 		.4byte	.LLST9
 1168 056a 00       		.byte	0
 1169 056b 1B       		.uleb128 0x1b
 1170 056c 01       		.byte	0x1
 1171 056d 9E000000 		.4byte	.LASF67
 1172 0571 01       		.byte	0x1
 1173 0572 C2       		.byte	0xc2
 1174 0573 01       		.byte	0x1
 1175 0574 00000000 		.4byte	.LFB10
 1176 0578 AA000000 		.4byte	.LFE10
 1177 057c 5A010000 		.4byte	.LLST10
 1178 0580 BB050000 		.4byte	0x5bb
 1179 0584 18       		.uleb128 0x18
 1180 0585 7000     		.ascii	"p\000"
 1181 0587 01       		.byte	0x1
 1182 0588 C2       		.byte	0xc2
 1183 0589 74020000 		.4byte	0x274
 1184 058d 7A010000 		.4byte	.LLST11
 1185 0591 19       		.uleb128 0x19
 1186 0592 717000   		.ascii	"qp\000"
 1187 0595 01       		.byte	0x1
 1188 0596 C3       		.byte	0xc3
 1189 0597 21040000 		.4byte	0x421
 1190 059b 98010000 		.4byte	.LLST12
 1191 059f 1C       		.uleb128 0x1c
ARM GAS  /tmp/cc6RVjlg.s 			page 22


 1192 05a0 687000   		.ascii	"hp\000"
 1193 05a3 01       		.byte	0x1
 1194 05a4 C3       		.byte	0xc3
 1195 05a5 21040000 		.4byte	0x421
 1196 05a9 01       		.byte	0x1
 1197 05aa 54       		.byte	0x54
 1198 05ab 1D       		.uleb128 0x1d
 1199 05ac 51000000 		.4byte	.LASF65
 1200 05b0 01       		.byte	0x1
 1201 05b1 C4       		.byte	0xc4
 1202 05b2 27040000 		.4byte	0x427
 1203 05b6 E2010000 		.4byte	.LLST13
 1204 05ba 00       		.byte	0
 1205 05bb 1A       		.uleb128 0x1a
 1206 05bc 01       		.byte	0x1
 1207 05bd 4F020000 		.4byte	.LASF69
 1208 05c1 01       		.byte	0x1
 1209 05c2 FA       		.byte	0xfa
 1210 05c3 01       		.byte	0x1
 1211 05c4 2C000000 		.4byte	0x2c
 1212 05c8 00000000 		.4byte	.LFB11
 1213 05cc 3E000000 		.4byte	.LFE11
 1214 05d0 03020000 		.4byte	.LLST14
 1215 05d4 1C060000 		.4byte	0x61c
 1216 05d8 17       		.uleb128 0x17
 1217 05d9 51000000 		.4byte	.LASF65
 1218 05dd 01       		.byte	0x1
 1219 05de FA       		.byte	0xfa
 1220 05df 27040000 		.4byte	0x427
 1221 05e3 23020000 		.4byte	.LLST15
 1222 05e7 17       		.uleb128 0x17
 1223 05e8 B2020000 		.4byte	.LASF70
 1224 05ec 01       		.byte	0x1
 1225 05ed FA       		.byte	0xfa
 1226 05ee 1C060000 		.4byte	0x61c
 1227 05f2 36020000 		.4byte	.LLST16
 1228 05f6 1E       		.uleb128 0x1e
 1229 05f7 717000   		.ascii	"qp\000"
 1230 05fa 01       		.byte	0x1
 1231 05fb FB       		.byte	0xfb
 1232 05fc 21040000 		.4byte	0x421
 1233 0600 19       		.uleb128 0x19
 1234 0601 6E00     		.ascii	"n\000"
 1235 0603 01       		.byte	0x1
 1236 0604 FC       		.byte	0xfc
 1237 0605 2C000000 		.4byte	0x2c
 1238 0609 54020000 		.4byte	.LLST17
 1239 060d 19       		.uleb128 0x19
 1240 060e 737A00   		.ascii	"sz\000"
 1241 0611 01       		.byte	0x1
 1242 0612 FC       		.byte	0xfc
 1243 0613 2C000000 		.4byte	0x2c
 1244 0617 73020000 		.4byte	.LLST18
 1245 061b 00       		.byte	0
 1246 061c 09       		.uleb128 0x9
 1247 061d 04       		.byte	0x4
 1248 061e 2C000000 		.4byte	0x2c
ARM GAS  /tmp/cc6RVjlg.s 			page 23


 1249 0622 1F       		.uleb128 0x1f
 1250 0623 3D020000 		.4byte	.LASF71
 1251 0627 01       		.byte	0x1
 1252 0628 44       		.byte	0x44
 1253 0629 9F030000 		.4byte	0x39f
 1254 062d 05       		.byte	0x5
 1255 062e 03       		.byte	0x3
 1256 062f 00000000 		.4byte	default_heap
 1257 0633 00       		.byte	0
 1258              		.section	.debug_abbrev,"",%progbits
 1259              	.Ldebug_abbrev0:
 1260 0000 01       		.uleb128 0x1
 1261 0001 11       		.uleb128 0x11
 1262 0002 01       		.byte	0x1
 1263 0003 25       		.uleb128 0x25
 1264 0004 0E       		.uleb128 0xe
 1265 0005 13       		.uleb128 0x13
 1266 0006 0B       		.uleb128 0xb
 1267 0007 03       		.uleb128 0x3
 1268 0008 0E       		.uleb128 0xe
 1269 0009 11       		.uleb128 0x11
 1270 000a 01       		.uleb128 0x1
 1271 000b 52       		.uleb128 0x52
 1272 000c 01       		.uleb128 0x1
 1273 000d 55       		.uleb128 0x55
 1274 000e 06       		.uleb128 0x6
 1275 000f 10       		.uleb128 0x10
 1276 0010 06       		.uleb128 0x6
 1277 0011 00       		.byte	0
 1278 0012 00       		.byte	0
 1279 0013 02       		.uleb128 0x2
 1280 0014 24       		.uleb128 0x24
 1281 0015 00       		.byte	0
 1282 0016 0B       		.uleb128 0xb
 1283 0017 0B       		.uleb128 0xb
 1284 0018 3E       		.uleb128 0x3e
 1285 0019 0B       		.uleb128 0xb
 1286 001a 03       		.uleb128 0x3
 1287 001b 08       		.uleb128 0x8
 1288 001c 00       		.byte	0
 1289 001d 00       		.byte	0
 1290 001e 03       		.uleb128 0x3
 1291 001f 16       		.uleb128 0x16
 1292 0020 00       		.byte	0
 1293 0021 03       		.uleb128 0x3
 1294 0022 0E       		.uleb128 0xe
 1295 0023 3A       		.uleb128 0x3a
 1296 0024 0B       		.uleb128 0xb
 1297 0025 3B       		.uleb128 0x3b
 1298 0026 0B       		.uleb128 0xb
 1299 0027 49       		.uleb128 0x49
 1300 0028 13       		.uleb128 0x13
 1301 0029 00       		.byte	0
 1302 002a 00       		.byte	0
 1303 002b 04       		.uleb128 0x4
 1304 002c 24       		.uleb128 0x24
 1305 002d 00       		.byte	0
ARM GAS  /tmp/cc6RVjlg.s 			page 24


 1306 002e 0B       		.uleb128 0xb
 1307 002f 0B       		.uleb128 0xb
 1308 0030 3E       		.uleb128 0x3e
 1309 0031 0B       		.uleb128 0xb
 1310 0032 03       		.uleb128 0x3
 1311 0033 0E       		.uleb128 0xe
 1312 0034 00       		.byte	0
 1313 0035 00       		.byte	0
 1314 0036 05       		.uleb128 0x5
 1315 0037 13       		.uleb128 0x13
 1316 0038 01       		.byte	0x1
 1317 0039 03       		.uleb128 0x3
 1318 003a 0E       		.uleb128 0xe
 1319 003b 0B       		.uleb128 0xb
 1320 003c 0B       		.uleb128 0xb
 1321 003d 3A       		.uleb128 0x3a
 1322 003e 0B       		.uleb128 0xb
 1323 003f 3B       		.uleb128 0x3b
 1324 0040 0B       		.uleb128 0xb
 1325 0041 01       		.uleb128 0x1
 1326 0042 13       		.uleb128 0x13
 1327 0043 00       		.byte	0
 1328 0044 00       		.byte	0
 1329 0045 06       		.uleb128 0x6
 1330 0046 0D       		.uleb128 0xd
 1331 0047 00       		.byte	0
 1332 0048 03       		.uleb128 0x3
 1333 0049 0E       		.uleb128 0xe
 1334 004a 3A       		.uleb128 0x3a
 1335 004b 0B       		.uleb128 0xb
 1336 004c 3B       		.uleb128 0x3b
 1337 004d 0B       		.uleb128 0xb
 1338 004e 49       		.uleb128 0x49
 1339 004f 13       		.uleb128 0x13
 1340 0050 38       		.uleb128 0x38
 1341 0051 0A       		.uleb128 0xa
 1342 0052 00       		.byte	0
 1343 0053 00       		.byte	0
 1344 0054 07       		.uleb128 0x7
 1345 0055 0D       		.uleb128 0xd
 1346 0056 00       		.byte	0
 1347 0057 03       		.uleb128 0x3
 1348 0058 08       		.uleb128 0x8
 1349 0059 3A       		.uleb128 0x3a
 1350 005a 0B       		.uleb128 0xb
 1351 005b 3B       		.uleb128 0x3b
 1352 005c 0B       		.uleb128 0xb
 1353 005d 49       		.uleb128 0x49
 1354 005e 13       		.uleb128 0x13
 1355 005f 38       		.uleb128 0x38
 1356 0060 0A       		.uleb128 0xa
 1357 0061 00       		.byte	0
 1358 0062 00       		.byte	0
 1359 0063 08       		.uleb128 0x8
 1360 0064 13       		.uleb128 0x13
 1361 0065 01       		.byte	0x1
 1362 0066 0B       		.uleb128 0xb
ARM GAS  /tmp/cc6RVjlg.s 			page 25


 1363 0067 0B       		.uleb128 0xb
 1364 0068 3A       		.uleb128 0x3a
 1365 0069 0B       		.uleb128 0xb
 1366 006a 3B       		.uleb128 0x3b
 1367 006b 0B       		.uleb128 0xb
 1368 006c 01       		.uleb128 0x1
 1369 006d 13       		.uleb128 0x13
 1370 006e 00       		.byte	0
 1371 006f 00       		.byte	0
 1372 0070 09       		.uleb128 0x9
 1373 0071 0F       		.uleb128 0xf
 1374 0072 00       		.byte	0
 1375 0073 0B       		.uleb128 0xb
 1376 0074 0B       		.uleb128 0xb
 1377 0075 49       		.uleb128 0x49
 1378 0076 13       		.uleb128 0x13
 1379 0077 00       		.byte	0
 1380 0078 00       		.byte	0
 1381 0079 0A       		.uleb128 0xa
 1382 007a 0F       		.uleb128 0xf
 1383 007b 00       		.byte	0
 1384 007c 0B       		.uleb128 0xb
 1385 007d 0B       		.uleb128 0xb
 1386 007e 00       		.byte	0
 1387 007f 00       		.byte	0
 1388 0080 0B       		.uleb128 0xb
 1389 0081 0D       		.uleb128 0xd
 1390 0082 00       		.byte	0
 1391 0083 03       		.uleb128 0x3
 1392 0084 08       		.uleb128 0x8
 1393 0085 3A       		.uleb128 0x3a
 1394 0086 0B       		.uleb128 0xb
 1395 0087 3B       		.uleb128 0x3b
 1396 0088 05       		.uleb128 0x5
 1397 0089 49       		.uleb128 0x49
 1398 008a 13       		.uleb128 0x13
 1399 008b 38       		.uleb128 0x38
 1400 008c 0A       		.uleb128 0xa
 1401 008d 00       		.byte	0
 1402 008e 00       		.byte	0
 1403 008f 0C       		.uleb128 0xc
 1404 0090 13       		.uleb128 0x13
 1405 0091 01       		.byte	0x1
 1406 0092 03       		.uleb128 0x3
 1407 0093 0E       		.uleb128 0xe
 1408 0094 0B       		.uleb128 0xb
 1409 0095 0B       		.uleb128 0xb
 1410 0096 3A       		.uleb128 0x3a
 1411 0097 0B       		.uleb128 0xb
 1412 0098 3B       		.uleb128 0x3b
 1413 0099 05       		.uleb128 0x5
 1414 009a 01       		.uleb128 0x1
 1415 009b 13       		.uleb128 0x13
 1416 009c 00       		.byte	0
 1417 009d 00       		.byte	0
 1418 009e 0D       		.uleb128 0xd
 1419 009f 35       		.uleb128 0x35
ARM GAS  /tmp/cc6RVjlg.s 			page 26


 1420 00a0 00       		.byte	0
 1421 00a1 49       		.uleb128 0x49
 1422 00a2 13       		.uleb128 0x13
 1423 00a3 00       		.byte	0
 1424 00a4 00       		.byte	0
 1425 00a5 0E       		.uleb128 0xe
 1426 00a6 15       		.uleb128 0x15
 1427 00a7 01       		.byte	0x1
 1428 00a8 27       		.uleb128 0x27
 1429 00a9 0C       		.uleb128 0xc
 1430 00aa 49       		.uleb128 0x49
 1431 00ab 13       		.uleb128 0x13
 1432 00ac 01       		.uleb128 0x1
 1433 00ad 13       		.uleb128 0x13
 1434 00ae 00       		.byte	0
 1435 00af 00       		.byte	0
 1436 00b0 0F       		.uleb128 0xf
 1437 00b1 05       		.uleb128 0x5
 1438 00b2 00       		.byte	0
 1439 00b3 49       		.uleb128 0x49
 1440 00b4 13       		.uleb128 0x13
 1441 00b5 00       		.byte	0
 1442 00b6 00       		.byte	0
 1443 00b7 10       		.uleb128 0x10
 1444 00b8 17       		.uleb128 0x17
 1445 00b9 01       		.byte	0x1
 1446 00ba 0B       		.uleb128 0xb
 1447 00bb 0B       		.uleb128 0xb
 1448 00bc 3A       		.uleb128 0x3a
 1449 00bd 0B       		.uleb128 0xb
 1450 00be 3B       		.uleb128 0x3b
 1451 00bf 0B       		.uleb128 0xb
 1452 00c0 01       		.uleb128 0x1
 1453 00c1 13       		.uleb128 0x13
 1454 00c2 00       		.byte	0
 1455 00c3 00       		.byte	0
 1456 00c4 11       		.uleb128 0x11
 1457 00c5 0D       		.uleb128 0xd
 1458 00c6 00       		.byte	0
 1459 00c7 03       		.uleb128 0x3
 1460 00c8 0E       		.uleb128 0xe
 1461 00c9 3A       		.uleb128 0x3a
 1462 00ca 0B       		.uleb128 0xb
 1463 00cb 3B       		.uleb128 0x3b
 1464 00cc 0B       		.uleb128 0xb
 1465 00cd 49       		.uleb128 0x49
 1466 00ce 13       		.uleb128 0x13
 1467 00cf 00       		.byte	0
 1468 00d0 00       		.byte	0
 1469 00d1 12       		.uleb128 0x12
 1470 00d2 17       		.uleb128 0x17
 1471 00d3 01       		.byte	0x1
 1472 00d4 03       		.uleb128 0x3
 1473 00d5 0E       		.uleb128 0xe
 1474 00d6 0B       		.uleb128 0xb
 1475 00d7 0B       		.uleb128 0xb
 1476 00d8 3A       		.uleb128 0x3a
ARM GAS  /tmp/cc6RVjlg.s 			page 27


 1477 00d9 0B       		.uleb128 0xb
 1478 00da 3B       		.uleb128 0x3b
 1479 00db 0B       		.uleb128 0xb
 1480 00dc 01       		.uleb128 0x1
 1481 00dd 13       		.uleb128 0x13
 1482 00de 00       		.byte	0
 1483 00df 00       		.byte	0
 1484 00e0 13       		.uleb128 0x13
 1485 00e1 0D       		.uleb128 0xd
 1486 00e2 00       		.byte	0
 1487 00e3 03       		.uleb128 0x3
 1488 00e4 08       		.uleb128 0x8
 1489 00e5 3A       		.uleb128 0x3a
 1490 00e6 0B       		.uleb128 0xb
 1491 00e7 3B       		.uleb128 0x3b
 1492 00e8 0B       		.uleb128 0xb
 1493 00e9 49       		.uleb128 0x49
 1494 00ea 13       		.uleb128 0x13
 1495 00eb 00       		.byte	0
 1496 00ec 00       		.byte	0
 1497 00ed 14       		.uleb128 0x14
 1498 00ee 26       		.uleb128 0x26
 1499 00ef 00       		.byte	0
 1500 00f0 49       		.uleb128 0x49
 1501 00f1 13       		.uleb128 0x13
 1502 00f2 00       		.byte	0
 1503 00f3 00       		.byte	0
 1504 00f4 15       		.uleb128 0x15
 1505 00f5 2E       		.uleb128 0x2e
 1506 00f6 00       		.byte	0
 1507 00f7 3F       		.uleb128 0x3f
 1508 00f8 0C       		.uleb128 0xc
 1509 00f9 03       		.uleb128 0x3
 1510 00fa 0E       		.uleb128 0xe
 1511 00fb 3A       		.uleb128 0x3a
 1512 00fc 0B       		.uleb128 0xb
 1513 00fd 3B       		.uleb128 0x3b
 1514 00fe 0B       		.uleb128 0xb
 1515 00ff 27       		.uleb128 0x27
 1516 0100 0C       		.uleb128 0xc
 1517 0101 11       		.uleb128 0x11
 1518 0102 01       		.uleb128 0x1
 1519 0103 12       		.uleb128 0x12
 1520 0104 01       		.uleb128 0x1
 1521 0105 40       		.uleb128 0x40
 1522 0106 0A       		.uleb128 0xa
 1523 0107 00       		.byte	0
 1524 0108 00       		.byte	0
 1525 0109 16       		.uleb128 0x16
 1526 010a 2E       		.uleb128 0x2e
 1527 010b 01       		.byte	0x1
 1528 010c 3F       		.uleb128 0x3f
 1529 010d 0C       		.uleb128 0xc
 1530 010e 03       		.uleb128 0x3
 1531 010f 0E       		.uleb128 0xe
 1532 0110 3A       		.uleb128 0x3a
 1533 0111 0B       		.uleb128 0xb
ARM GAS  /tmp/cc6RVjlg.s 			page 28


 1534 0112 3B       		.uleb128 0x3b
 1535 0113 0B       		.uleb128 0xb
 1536 0114 27       		.uleb128 0x27
 1537 0115 0C       		.uleb128 0xc
 1538 0116 11       		.uleb128 0x11
 1539 0117 01       		.uleb128 0x1
 1540 0118 12       		.uleb128 0x12
 1541 0119 01       		.uleb128 0x1
 1542 011a 40       		.uleb128 0x40
 1543 011b 0A       		.uleb128 0xa
 1544 011c 01       		.uleb128 0x1
 1545 011d 13       		.uleb128 0x13
 1546 011e 00       		.byte	0
 1547 011f 00       		.byte	0
 1548 0120 17       		.uleb128 0x17
 1549 0121 05       		.uleb128 0x5
 1550 0122 00       		.byte	0
 1551 0123 03       		.uleb128 0x3
 1552 0124 0E       		.uleb128 0xe
 1553 0125 3A       		.uleb128 0x3a
 1554 0126 0B       		.uleb128 0xb
 1555 0127 3B       		.uleb128 0x3b
 1556 0128 0B       		.uleb128 0xb
 1557 0129 49       		.uleb128 0x49
 1558 012a 13       		.uleb128 0x13
 1559 012b 02       		.uleb128 0x2
 1560 012c 06       		.uleb128 0x6
 1561 012d 00       		.byte	0
 1562 012e 00       		.byte	0
 1563 012f 18       		.uleb128 0x18
 1564 0130 05       		.uleb128 0x5
 1565 0131 00       		.byte	0
 1566 0132 03       		.uleb128 0x3
 1567 0133 08       		.uleb128 0x8
 1568 0134 3A       		.uleb128 0x3a
 1569 0135 0B       		.uleb128 0xb
 1570 0136 3B       		.uleb128 0x3b
 1571 0137 0B       		.uleb128 0xb
 1572 0138 49       		.uleb128 0x49
 1573 0139 13       		.uleb128 0x13
 1574 013a 02       		.uleb128 0x2
 1575 013b 06       		.uleb128 0x6
 1576 013c 00       		.byte	0
 1577 013d 00       		.byte	0
 1578 013e 19       		.uleb128 0x19
 1579 013f 34       		.uleb128 0x34
 1580 0140 00       		.byte	0
 1581 0141 03       		.uleb128 0x3
 1582 0142 08       		.uleb128 0x8
 1583 0143 3A       		.uleb128 0x3a
 1584 0144 0B       		.uleb128 0xb
 1585 0145 3B       		.uleb128 0x3b
 1586 0146 0B       		.uleb128 0xb
 1587 0147 49       		.uleb128 0x49
 1588 0148 13       		.uleb128 0x13
 1589 0149 02       		.uleb128 0x2
 1590 014a 06       		.uleb128 0x6
ARM GAS  /tmp/cc6RVjlg.s 			page 29


 1591 014b 00       		.byte	0
 1592 014c 00       		.byte	0
 1593 014d 1A       		.uleb128 0x1a
 1594 014e 2E       		.uleb128 0x2e
 1595 014f 01       		.byte	0x1
 1596 0150 3F       		.uleb128 0x3f
 1597 0151 0C       		.uleb128 0xc
 1598 0152 03       		.uleb128 0x3
 1599 0153 0E       		.uleb128 0xe
 1600 0154 3A       		.uleb128 0x3a
 1601 0155 0B       		.uleb128 0xb
 1602 0156 3B       		.uleb128 0x3b
 1603 0157 0B       		.uleb128 0xb
 1604 0158 27       		.uleb128 0x27
 1605 0159 0C       		.uleb128 0xc
 1606 015a 49       		.uleb128 0x49
 1607 015b 13       		.uleb128 0x13
 1608 015c 11       		.uleb128 0x11
 1609 015d 01       		.uleb128 0x1
 1610 015e 12       		.uleb128 0x12
 1611 015f 01       		.uleb128 0x1
 1612 0160 40       		.uleb128 0x40
 1613 0161 06       		.uleb128 0x6
 1614 0162 01       		.uleb128 0x1
 1615 0163 13       		.uleb128 0x13
 1616 0164 00       		.byte	0
 1617 0165 00       		.byte	0
 1618 0166 1B       		.uleb128 0x1b
 1619 0167 2E       		.uleb128 0x2e
 1620 0168 01       		.byte	0x1
 1621 0169 3F       		.uleb128 0x3f
 1622 016a 0C       		.uleb128 0xc
 1623 016b 03       		.uleb128 0x3
 1624 016c 0E       		.uleb128 0xe
 1625 016d 3A       		.uleb128 0x3a
 1626 016e 0B       		.uleb128 0xb
 1627 016f 3B       		.uleb128 0x3b
 1628 0170 0B       		.uleb128 0xb
 1629 0171 27       		.uleb128 0x27
 1630 0172 0C       		.uleb128 0xc
 1631 0173 11       		.uleb128 0x11
 1632 0174 01       		.uleb128 0x1
 1633 0175 12       		.uleb128 0x12
 1634 0176 01       		.uleb128 0x1
 1635 0177 40       		.uleb128 0x40
 1636 0178 06       		.uleb128 0x6
 1637 0179 01       		.uleb128 0x1
 1638 017a 13       		.uleb128 0x13
 1639 017b 00       		.byte	0
 1640 017c 00       		.byte	0
 1641 017d 1C       		.uleb128 0x1c
 1642 017e 34       		.uleb128 0x34
 1643 017f 00       		.byte	0
 1644 0180 03       		.uleb128 0x3
 1645 0181 08       		.uleb128 0x8
 1646 0182 3A       		.uleb128 0x3a
 1647 0183 0B       		.uleb128 0xb
ARM GAS  /tmp/cc6RVjlg.s 			page 30


 1648 0184 3B       		.uleb128 0x3b
 1649 0185 0B       		.uleb128 0xb
 1650 0186 49       		.uleb128 0x49
 1651 0187 13       		.uleb128 0x13
 1652 0188 02       		.uleb128 0x2
 1653 0189 0A       		.uleb128 0xa
 1654 018a 00       		.byte	0
 1655 018b 00       		.byte	0
 1656 018c 1D       		.uleb128 0x1d
 1657 018d 34       		.uleb128 0x34
 1658 018e 00       		.byte	0
 1659 018f 03       		.uleb128 0x3
 1660 0190 0E       		.uleb128 0xe
 1661 0191 3A       		.uleb128 0x3a
 1662 0192 0B       		.uleb128 0xb
 1663 0193 3B       		.uleb128 0x3b
 1664 0194 0B       		.uleb128 0xb
 1665 0195 49       		.uleb128 0x49
 1666 0196 13       		.uleb128 0x13
 1667 0197 02       		.uleb128 0x2
 1668 0198 06       		.uleb128 0x6
 1669 0199 00       		.byte	0
 1670 019a 00       		.byte	0
 1671 019b 1E       		.uleb128 0x1e
 1672 019c 34       		.uleb128 0x34
 1673 019d 00       		.byte	0
 1674 019e 03       		.uleb128 0x3
 1675 019f 08       		.uleb128 0x8
 1676 01a0 3A       		.uleb128 0x3a
 1677 01a1 0B       		.uleb128 0xb
 1678 01a2 3B       		.uleb128 0x3b
 1679 01a3 0B       		.uleb128 0xb
 1680 01a4 49       		.uleb128 0x49
 1681 01a5 13       		.uleb128 0x13
 1682 01a6 00       		.byte	0
 1683 01a7 00       		.byte	0
 1684 01a8 1F       		.uleb128 0x1f
 1685 01a9 34       		.uleb128 0x34
 1686 01aa 00       		.byte	0
 1687 01ab 03       		.uleb128 0x3
 1688 01ac 0E       		.uleb128 0xe
 1689 01ad 3A       		.uleb128 0x3a
 1690 01ae 0B       		.uleb128 0xb
 1691 01af 3B       		.uleb128 0x3b
 1692 01b0 0B       		.uleb128 0xb
 1693 01b1 49       		.uleb128 0x49
 1694 01b2 13       		.uleb128 0x13
 1695 01b3 02       		.uleb128 0x2
 1696 01b4 0A       		.uleb128 0xa
 1697 01b5 00       		.byte	0
 1698 01b6 00       		.byte	0
 1699 01b7 00       		.byte	0
 1700              		.section	.debug_loc,"",%progbits
 1701              	.Ldebug_loc0:
 1702              	.LLST0:
 1703 0000 00000000 		.4byte	.LVL0
 1704 0004 0C000000 		.4byte	.LVL3
ARM GAS  /tmp/cc6RVjlg.s 			page 31


 1705 0008 0100     		.2byte	0x1
 1706 000a 50       		.byte	0x50
 1707 000b 0C000000 		.4byte	.LVL3
 1708 000f 13000000 		.4byte	.LVL4-1
 1709 0013 0300     		.2byte	0x3
 1710 0015 70       		.byte	0x70
 1711 0016 70       		.sleb128 -16
 1712 0017 9F       		.byte	0x9f
 1713 0018 00000000 		.4byte	0
 1714 001c 00000000 		.4byte	0
 1715              	.LLST1:
 1716 0020 00000000 		.4byte	.LVL0
 1717 0024 13000000 		.4byte	.LVL7-1
 1718 0028 0100     		.2byte	0x1
 1719 002a 51       		.byte	0x51
 1720 002b 00000000 		.4byte	0
 1721 002f 00000000 		.4byte	0
 1722              	.LLST2:
 1723 0033 00000000 		.4byte	.LVL0
 1724 0037 0A000000 		.4byte	.LVL2
 1725 003b 0100     		.2byte	0x1
 1726 003d 52       		.byte	0x52
 1727 003e 0A000000 		.4byte	.LVL2
 1728 0042 13000000 		.4byte	.LVL5-1
 1729 0046 0300     		.2byte	0x3
 1730 0048 72       		.byte	0x72
 1731 0049 08       		.sleb128 8
 1732 004a 9F       		.byte	0x9f
 1733 004b 00000000 		.4byte	0
 1734 004f 00000000 		.4byte	0
 1735              	.LLST3:
 1736 0053 04000000 		.4byte	.LVL1
 1737 0057 13000000 		.4byte	.LVL6-1
 1738 005b 0100     		.2byte	0x1
 1739 005d 51       		.byte	0x51
 1740 005e 00000000 		.4byte	0
 1741 0062 00000000 		.4byte	0
 1742              	.LLST4:
 1743 0066 00000000 		.4byte	.LFB9
 1744 006a 02000000 		.4byte	.LCFI0
 1745 006e 0200     		.2byte	0x2
 1746 0070 7D       		.byte	0x7d
 1747 0071 00       		.sleb128 0
 1748 0072 02000000 		.4byte	.LCFI0
 1749 0076 8E000000 		.4byte	.LFE9
 1750 007a 0200     		.2byte	0x2
 1751 007c 7D       		.byte	0x7d
 1752 007d 18       		.sleb128 24
 1753 007e 00000000 		.4byte	0
 1754 0082 00000000 		.4byte	0
 1755              	.LLST5:
 1756 0086 00000000 		.4byte	.LVL8
 1757 008a 16000000 		.4byte	.LVL10
 1758 008e 0100     		.2byte	0x1
 1759 0090 50       		.byte	0x50
 1760 0091 00000000 		.4byte	0
 1761 0095 00000000 		.4byte	0
ARM GAS  /tmp/cc6RVjlg.s 			page 32


 1762              	.LLST6:
 1763 0099 00000000 		.4byte	.LVL8
 1764 009d 12000000 		.4byte	.LVL9
 1765 00a1 0100     		.2byte	0x1
 1766 00a3 51       		.byte	0x51
 1767 00a4 12000000 		.4byte	.LVL9
 1768 00a8 1A000000 		.4byte	.LVL11
 1769 00ac 0300     		.2byte	0x3
 1770 00ae 71       		.byte	0x71
 1771 00af 79       		.sleb128 -7
 1772 00b0 9F       		.byte	0x9f
 1773 00b1 1A000000 		.4byte	.LVL11
 1774 00b5 8E000000 		.4byte	.LFE9
 1775 00b9 0100     		.2byte	0x1
 1776 00bb 56       		.byte	0x56
 1777 00bc 00000000 		.4byte	0
 1778 00c0 00000000 		.4byte	0
 1779              	.LLST7:
 1780 00c4 1E000000 		.4byte	.LVL12
 1781 00c8 5A000000 		.4byte	.LVL18
 1782 00cc 0100     		.2byte	0x1
 1783 00ce 55       		.byte	0x55
 1784 00cf 66000000 		.4byte	.LVL20
 1785 00d3 72000000 		.4byte	.LVL22
 1786 00d7 0100     		.2byte	0x1
 1787 00d9 55       		.byte	0x55
 1788 00da 00000000 		.4byte	0
 1789 00de 00000000 		.4byte	0
 1790              	.LLST8:
 1791 00e2 24000000 		.4byte	.LVL13
 1792 00e6 26000000 		.4byte	.LVL14
 1793 00ea 0100     		.2byte	0x1
 1794 00ec 53       		.byte	0x53
 1795 00ed 2A000000 		.4byte	.LVL15
 1796 00f1 5A000000 		.4byte	.LVL18
 1797 00f5 0200     		.2byte	0x2
 1798 00f7 75       		.byte	0x75
 1799 00f8 00       		.sleb128 0
 1800 00f9 5A000000 		.4byte	.LVL18
 1801 00fd 61000000 		.4byte	.LVL19-1
 1802 0101 0100     		.2byte	0x1
 1803 0103 53       		.byte	0x53
 1804 0104 61000000 		.4byte	.LVL19-1
 1805 0108 62000000 		.4byte	.LVL19
 1806 010c 0300     		.2byte	0x3
 1807 010e 75       		.byte	0x75
 1808 010f 78       		.sleb128 -8
 1809 0110 9F       		.byte	0x9f
 1810 0111 66000000 		.4byte	.LVL20
 1811 0115 6C000000 		.4byte	.LVL21
 1812 0119 0100     		.2byte	0x1
 1813 011b 53       		.byte	0x53
 1814 011c 7C000000 		.4byte	.LVL23
 1815 0120 8A000000 		.4byte	.LVL24
 1816 0124 0100     		.2byte	0x1
 1817 0126 50       		.byte	0x50
 1818 0127 8A000000 		.4byte	.LVL24
ARM GAS  /tmp/cc6RVjlg.s 			page 33


 1819 012b 8C000000 		.4byte	.LVL25
 1820 012f 0300     		.2byte	0x3
 1821 0131 70       		.byte	0x70
 1822 0132 08       		.sleb128 8
 1823 0133 9F       		.byte	0x9f
 1824 0134 8C000000 		.4byte	.LVL25
 1825 0138 8E000000 		.4byte	.LFE9
 1826 013c 0100     		.2byte	0x1
 1827 013e 55       		.byte	0x55
 1828 013f 00000000 		.4byte	0
 1829 0143 00000000 		.4byte	0
 1830              	.LLST9:
 1831 0147 42000000 		.4byte	.LVL16
 1832 014b 58000000 		.4byte	.LVL17
 1833 014f 0100     		.2byte	0x1
 1834 0151 57       		.byte	0x57
 1835 0152 00000000 		.4byte	0
 1836 0156 00000000 		.4byte	0
 1837              	.LLST10:
 1838 015a 00000000 		.4byte	.LFB10
 1839 015e 02000000 		.4byte	.LCFI1
 1840 0162 0200     		.2byte	0x2
 1841 0164 7D       		.byte	0x7d
 1842 0165 00       		.sleb128 0
 1843 0166 02000000 		.4byte	.LCFI1
 1844 016a AA000000 		.4byte	.LFE10
 1845 016e 0200     		.2byte	0x2
 1846 0170 7D       		.byte	0x7d
 1847 0171 10       		.sleb128 16
 1848 0172 00000000 		.4byte	0
 1849 0176 00000000 		.4byte	0
 1850              	.LLST11:
 1851 017a 00000000 		.4byte	.LVL26
 1852 017e 0C000000 		.4byte	.LVL28
 1853 0182 0100     		.2byte	0x1
 1854 0184 50       		.byte	0x50
 1855 0185 0C000000 		.4byte	.LVL28
 1856 0189 AA000000 		.4byte	.LFE10
 1857 018d 0100     		.2byte	0x1
 1858 018f 56       		.byte	0x56
 1859 0190 00000000 		.4byte	0
 1860 0194 00000000 		.4byte	0
 1861              	.LLST12:
 1862 0198 10000000 		.4byte	.LVL29
 1863 019c 18000000 		.4byte	.LVL31
 1864 01a0 0100     		.2byte	0x1
 1865 01a2 55       		.byte	0x55
 1866 01a3 18000000 		.4byte	.LVL31
 1867 01a7 34000000 		.4byte	.LVL32
 1868 01ab 0100     		.2byte	0x1
 1869 01ad 53       		.byte	0x53
 1870 01ae 34000000 		.4byte	.LVL32
 1871 01b2 3C000000 		.4byte	.LVL33
 1872 01b6 0100     		.2byte	0x1
 1873 01b8 52       		.byte	0x52
 1874 01b9 3C000000 		.4byte	.LVL33
 1875 01bd 4A000000 		.4byte	.LVL34
ARM GAS  /tmp/cc6RVjlg.s 			page 34


 1876 01c1 0100     		.2byte	0x1
 1877 01c3 53       		.byte	0x53
 1878 01c4 4C000000 		.4byte	.LVL35
 1879 01c8 79000000 		.4byte	.LVL37-1
 1880 01cc 0100     		.2byte	0x1
 1881 01ce 53       		.byte	0x53
 1882 01cf 7A000000 		.4byte	.LVL37
 1883 01d3 AA000000 		.4byte	.LFE10
 1884 01d7 0100     		.2byte	0x1
 1885 01d9 53       		.byte	0x53
 1886 01da 00000000 		.4byte	0
 1887 01de 00000000 		.4byte	0
 1888              	.LLST13:
 1889 01e2 0C000000 		.4byte	.LVL28
 1890 01e6 15000000 		.4byte	.LVL30-1
 1891 01ea 0200     		.2byte	0x2
 1892 01ec 74       		.byte	0x74
 1893 01ed 00       		.sleb128 0
 1894 01ee 15000000 		.4byte	.LVL30-1
 1895 01f2 5E000000 		.4byte	.LVL36
 1896 01f6 0300     		.2byte	0x3
 1897 01f8 75       		.byte	0x75
 1898 01f9 78       		.sleb128 -8
 1899 01fa 9F       		.byte	0x9f
 1900 01fb 00000000 		.4byte	0
 1901 01ff 00000000 		.4byte	0
 1902              	.LLST14:
 1903 0203 00000000 		.4byte	.LFB11
 1904 0207 02000000 		.4byte	.LCFI2
 1905 020b 0200     		.2byte	0x2
 1906 020d 7D       		.byte	0x7d
 1907 020e 00       		.sleb128 0
 1908 020f 02000000 		.4byte	.LCFI2
 1909 0213 3E000000 		.4byte	.LFE11
 1910 0217 0200     		.2byte	0x2
 1911 0219 7D       		.byte	0x7d
 1912 021a 10       		.sleb128 16
 1913 021b 00000000 		.4byte	0
 1914 021f 00000000 		.4byte	0
 1915              	.LLST15:
 1916 0223 00000000 		.4byte	.LVL38
 1917 0227 14000000 		.4byte	.LVL39
 1918 022b 0100     		.2byte	0x1
 1919 022d 50       		.byte	0x50
 1920 022e 00000000 		.4byte	0
 1921 0232 00000000 		.4byte	0
 1922              	.LLST16:
 1923 0236 00000000 		.4byte	.LVL38
 1924 023a 19000000 		.4byte	.LVL40-1
 1925 023e 0100     		.2byte	0x1
 1926 0240 51       		.byte	0x51
 1927 0241 19000000 		.4byte	.LVL40-1
 1928 0245 3E000000 		.4byte	.LFE11
 1929 0249 0100     		.2byte	0x1
 1930 024b 55       		.byte	0x55
 1931 024c 00000000 		.4byte	0
 1932 0250 00000000 		.4byte	0
ARM GAS  /tmp/cc6RVjlg.s 			page 35


 1933              	.LLST17:
 1934 0254 1A000000 		.4byte	.LVL40
 1935 0258 26000000 		.4byte	.LVL41
 1936 025c 0200     		.2byte	0x2
 1937 025e 30       		.byte	0x30
 1938 025f 9F       		.byte	0x9f
 1939 0260 2E000000 		.4byte	.LVL43
 1940 0264 32000000 		.4byte	.LVL44
 1941 0268 0100     		.2byte	0x1
 1942 026a 54       		.byte	0x54
 1943 026b 00000000 		.4byte	0
 1944 026f 00000000 		.4byte	0
 1945              	.LLST18:
 1946 0273 1A000000 		.4byte	.LVL40
 1947 0277 26000000 		.4byte	.LVL41
 1948 027b 0200     		.2byte	0x2
 1949 027d 30       		.byte	0x30
 1950 027e 9F       		.byte	0x9f
 1951 027f 2C000000 		.4byte	.LVL42
 1952 0283 32000000 		.4byte	.LVL44
 1953 0287 0100     		.2byte	0x1
 1954 0289 52       		.byte	0x52
 1955 028a 00000000 		.4byte	0
 1956 028e 00000000 		.4byte	0
 1957              		.section	.debug_aranges,"",%progbits
 1958 0000 3C000000 		.4byte	0x3c
 1959 0004 0200     		.2byte	0x2
 1960 0006 00000000 		.4byte	.Ldebug_info0
 1961 000a 04       		.byte	0x4
 1962 000b 00       		.byte	0
 1963 000c 0000     		.2byte	0
 1964 000e 0000     		.2byte	0
 1965 0010 00000000 		.4byte	.LFB7
 1966 0014 20000000 		.4byte	.LFE7-.LFB7
 1967 0018 00000000 		.4byte	.LFB8
 1968 001c 14000000 		.4byte	.LFE8-.LFB8
 1969 0020 00000000 		.4byte	.LFB9
 1970 0024 8E000000 		.4byte	.LFE9-.LFB9
 1971 0028 00000000 		.4byte	.LFB10
 1972 002c AA000000 		.4byte	.LFE10-.LFB10
 1973 0030 00000000 		.4byte	.LFB11
 1974 0034 3E000000 		.4byte	.LFE11-.LFB11
 1975 0038 00000000 		.4byte	0
 1976 003c 00000000 		.4byte	0
 1977              		.section	.debug_ranges,"",%progbits
 1978              	.Ldebug_ranges0:
 1979 0000 00000000 		.4byte	.LFB7
 1980 0004 20000000 		.4byte	.LFE7
 1981 0008 00000000 		.4byte	.LFB8
 1982 000c 14000000 		.4byte	.LFE8
 1983 0010 00000000 		.4byte	.LFB9
 1984 0014 8E000000 		.4byte	.LFE9
 1985 0018 00000000 		.4byte	.LFB10
 1986 001c AA000000 		.4byte	.LFE10
 1987 0020 00000000 		.4byte	.LFB11
 1988 0024 3E000000 		.4byte	.LFE11
 1989 0028 00000000 		.4byte	0
ARM GAS  /tmp/cc6RVjlg.s 			page 36


 1990 002c 00000000 		.4byte	0
 1991              		.section	.debug_line,"",%progbits
 1992              	.Ldebug_line0:
 1993 0000 7C020000 		.section	.debug_str,"MS",%progbits,1
 1993      02009D01 
 1993      00000201 
 1993      FB0E0D00 
 1993      01010101 
 1994              	.LASF35:
 1995 0000 705F6D73 		.ascii	"p_msg\000"
 1995      6700
 1996              	.LASF2:
 1997 0006 73697A65 		.ascii	"size_t\000"
 1997      5F7400
 1998              	.LASF60:
 1999 000d 7264796D 		.ascii	"rdymsg\000"
 1999      736700
 2000              	.LASF12:
 2001 0014 75696E74 		.ascii	"uint64_t\000"
 2001      36345F74 
 2001      00
 2002              	.LASF50:
 2003 001d 6D656D67 		.ascii	"memgetfunc_t\000"
 2003      65746675 
 2003      6E635F74 
 2003      00
 2004              	.LASF13:
 2005 002a 6C6F6E67 		.ascii	"long long unsigned int\000"
 2005      206C6F6E 
 2005      6720756E 
 2005      7369676E 
 2005      65642069 
 2006              	.LASF61:
 2007 0041 65786974 		.ascii	"exitcode\000"
 2007      636F6465 
 2007      00
 2008              	.LASF54:
 2009 004a 685F6672 		.ascii	"h_free\000"
 2009      656500
 2010              	.LASF65:
 2011 0051 68656170 		.ascii	"heapp\000"
 2011      7000
 2012              	.LASF66:
 2013 0057 63684865 		.ascii	"chHeapInit\000"
 2013      6170496E 
 2013      697400
 2014              	.LASF56:
 2015 0062 6E657874 		.ascii	"next\000"
 2015      00
 2016              	.LASF24:
 2017 0067 705F7072 		.ascii	"p_prio\000"
 2017      696F00
 2018              	.LASF11:
 2019 006e 6C6F6E67 		.ascii	"long long int\000"
 2019      206C6F6E 
 2019      6720696E 
 2019      7400
ARM GAS  /tmp/cc6RVjlg.s 			page 37


 2020              	.LASF1:
 2021 007c 7369676E 		.ascii	"signed char\000"
 2021      65642063 
 2021      68617200 
 2022              	.LASF55:
 2023 0088 685F6D74 		.ascii	"h_mtx\000"
 2023      7800
 2024              	.LASF39:
 2025 008e 705F6D70 		.ascii	"p_mpool\000"
 2025      6F6F6C00 
 2026              	.LASF29:
 2027 0096 705F7374 		.ascii	"p_state\000"
 2027      61746500 
 2028              	.LASF67:
 2029 009e 63684865 		.ascii	"chHeapFree\000"
 2029      61704672 
 2029      656500
 2030              	.LASF8:
 2031 00a9 6C6F6E67 		.ascii	"long int\000"
 2031      20696E74 
 2031      00
 2032              	.LASF15:
 2033 00b2 74737461 		.ascii	"tstate_t\000"
 2033      74655F74 
 2033      00
 2034              	.LASF26:
 2035 00bb 705F6E65 		.ascii	"p_newer\000"
 2035      77657200 
 2036              	.LASF42:
 2037 00c3 72656761 		.ascii	"regarm_t\000"
 2037      726D5F74 
 2037      00
 2038              	.LASF58:
 2039 00cc 616C6967 		.ascii	"align\000"
 2039      6E00
 2040              	.LASF0:
 2041 00d2 756E7369 		.ascii	"unsigned int\000"
 2041      676E6564 
 2041      20696E74 
 2041      00
 2042              	.LASF10:
 2043 00df 6C6F6E67 		.ascii	"long unsigned int\000"
 2043      20756E73 
 2043      69676E65 
 2043      6420696E 
 2043      7400
 2044              	.LASF45:
 2045 00f1 636F6E74 		.ascii	"context\000"
 2045      65787400 
 2046              	.LASF59:
 2047 00f9 73697A65 		.ascii	"size\000"
 2047      00
 2048              	.LASF6:
 2049 00fe 73686F72 		.ascii	"short unsigned int\000"
 2049      7420756E 
 2049      7369676E 
 2049      65642069 
ARM GAS  /tmp/cc6RVjlg.s 			page 38


 2049      6E7400
 2050              	.LASF18:
 2051 0111 6D73675F 		.ascii	"msg_t\000"
 2051      7400
 2052              	.LASF14:
 2053 0117 746D6F64 		.ascii	"tmode_t\000"
 2053      655F7400 
 2054              	.LASF41:
 2055 011f 54687265 		.ascii	"ThreadsList\000"
 2055      6164734C 
 2055      69737400 
 2056              	.LASF19:
 2057 012b 6576656E 		.ascii	"eventmask_t\000"
 2057      746D6173 
 2057      6B5F7400 
 2058              	.LASF46:
 2059 0137 4D757465 		.ascii	"Mutex\000"
 2059      7800
 2060              	.LASF43:
 2061 013d 73746B61 		.ascii	"stkalign_t\000"
 2061      6C69676E 
 2061      5F7400
 2062              	.LASF27:
 2063 0148 705F6F6C 		.ascii	"p_older\000"
 2063      64657200 
 2064              	.LASF40:
 2065 0150 54687265 		.ascii	"ThreadsQueue\000"
 2065      61647351 
 2065      75657565 
 2065      00
 2066              	.LASF51:
 2067 015d 4D656D6F 		.ascii	"MemoryHeap\000"
 2067      72794865 
 2067      617000
 2068              	.LASF16:
 2069 0168 74726566 		.ascii	"trefs_t\000"
 2069      735F7400 
 2070              	.LASF23:
 2071 0170 705F7072 		.ascii	"p_prev\000"
 2071      657600
 2072              	.LASF17:
 2073 0177 74707269 		.ascii	"tprio_t\000"
 2073      6F5F7400 
 2074              	.LASF7:
 2075 017f 696E7433 		.ascii	"int32_t\000"
 2075      325F7400 
 2076              	.LASF4:
 2077 0187 756E7369 		.ascii	"unsigned char\000"
 2077      676E6564 
 2077      20636861 
 2077      7200
 2078              	.LASF47:
 2079 0195 6D5F7175 		.ascii	"m_queue\000"
 2079      65756500 
 2080              	.LASF37:
 2081 019d 705F6D74 		.ascii	"p_mtxlist\000"
 2081      786C6973 
ARM GAS  /tmp/cc6RVjlg.s 			page 39


 2081      7400
 2082              	.LASF5:
 2083 01a7 73686F72 		.ascii	"short int\000"
 2083      7420696E 
 2083      7400
 2084              	.LASF73:
 2085 01b1 2F6F7074 		.ascii	"/opt/ChibiOS/ChibiOS_2.4.4/os/kernel/src/chheap.c\000"
 2085      2F436869 
 2085      62694F53 
 2085      2F436869 
 2085      62694F53 
 2086              	.LASF74:
 2087 01e3 68656170 		.ascii	"heap_header\000"
 2087      5F686561 
 2087      64657200 
 2088              	.LASF63:
 2089 01ef 65776D61 		.ascii	"ewmask\000"
 2089      736B00
 2090              	.LASF22:
 2091 01f6 705F6E65 		.ascii	"p_next\000"
 2091      787400
 2092              	.LASF30:
 2093 01fd 705F666C 		.ascii	"p_flags\000"
 2093      61677300 
 2094              	.LASF21:
 2095 0205 54687265 		.ascii	"Thread\000"
 2095      616400
 2096              	.LASF68:
 2097 020c 63684865 		.ascii	"chHeapAlloc\000"
 2097      6170416C 
 2097      6C6F6300 
 2098              	.LASF36:
 2099 0218 705F6570 		.ascii	"p_epending\000"
 2099      656E6469 
 2099      6E6700
 2100              	.LASF9:
 2101 0223 75696E74 		.ascii	"uint32_t\000"
 2101      33325F74 
 2101      00
 2102              	.LASF57:
 2103 022c 68656170 		.ascii	"heap\000"
 2103      00
 2104              	.LASF72:
 2105 0231 474E5520 		.ascii	"GNU C 4.6.3\000"
 2105      4320342E 
 2105      362E3300 
 2106              	.LASF71:
 2107 023d 64656661 		.ascii	"default_heap\000"
 2107      756C745F 
 2107      68656170 
 2107      00
 2108              	.LASF64:
 2109 024a 63686172 		.ascii	"char\000"
 2109      00
 2110              	.LASF69:
 2111 024f 63684865 		.ascii	"chHeapStatus\000"
 2111      61705374 
ARM GAS  /tmp/cc6RVjlg.s 			page 40


 2111      61747573 
 2111      00
 2112              	.LASF49:
 2113 025c 6D5F6E65 		.ascii	"m_next\000"
 2113      787400
 2114              	.LASF20:
 2115 0263 73797374 		.ascii	"systime_t\000"
 2115      696D655F 
 2115      7400
 2116              	.LASF38:
 2117 026d 705F7265 		.ascii	"p_realprio\000"
 2117      616C7072 
 2117      696F00
 2118              	.LASF32:
 2119 0278 705F7469 		.ascii	"p_time\000"
 2119      6D6500
 2120              	.LASF44:
 2121 027f 696E7463 		.ascii	"intctx\000"
 2121      747800
 2122              	.LASF34:
 2123 0286 705F6D73 		.ascii	"p_msgqueue\000"
 2123      67717565 
 2123      756500
 2124              	.LASF31:
 2125 0291 705F7265 		.ascii	"p_refs\000"
 2125      667300
 2126              	.LASF3:
 2127 0298 75696E74 		.ascii	"uint8_t\000"
 2127      385F7400 
 2128              	.LASF53:
 2129 02a0 685F7072 		.ascii	"h_provider\000"
 2129      6F766964 
 2129      657200
 2130              	.LASF62:
 2131 02ab 77746F62 		.ascii	"wtobjp\000"
 2131      6A7000
 2132              	.LASF70:
 2133 02b2 73697A65 		.ascii	"sizep\000"
 2133      7000
 2134              	.LASF28:
 2135 02b8 705F6E61 		.ascii	"p_name\000"
 2135      6D6500
 2136              	.LASF75:
 2137 02bf 5F686561 		.ascii	"_heap_init\000"
 2137      705F696E 
 2137      697400
 2138              	.LASF48:
 2139 02ca 6D5F6F77 		.ascii	"m_owner\000"
 2139      6E657200 
 2140              	.LASF25:
 2141 02d2 705F6374 		.ascii	"p_ctx\000"
 2141      7800
 2142              	.LASF33:
 2143 02d8 705F7761 		.ascii	"p_waiting\000"
 2143      6974696E 
 2143      6700
 2144              	.LASF52:
ARM GAS  /tmp/cc6RVjlg.s 			page 41


 2145 02e2 6D656D6F 		.ascii	"memory_heap\000"
 2145      72795F68 
 2145      65617000 
 2146              		.ident	"GCC: (Sourcery CodeBench Lite 2012.03-56) 4.6.3"
ARM GAS  /tmp/cc6RVjlg.s 			page 42


DEFINED SYMBOLS
                            *ABS*:00000000 chheap.c
     /tmp/cc6RVjlg.s:21     .text._heap_init:00000000 $t
     /tmp/cc6RVjlg.s:27     .text._heap_init:00000000 _heap_init
     /tmp/cc6RVjlg.s:436    .bss.default_heap:00000000 .LANCHOR0
     /tmp/cc6RVjlg.s:58     .text.chHeapInit:00000000 $t
     /tmp/cc6RVjlg.s:64     .text.chHeapInit:00000000 chHeapInit
     /tmp/cc6RVjlg.s:101    .text.chHeapAlloc:00000000 $t
     /tmp/cc6RVjlg.s:107    .text.chHeapAlloc:00000000 chHeapAlloc
     /tmp/cc6RVjlg.s:231    .text.chHeapFree:00000000 $t
     /tmp/cc6RVjlg.s:237    .text.chHeapFree:00000000 chHeapFree
     /tmp/cc6RVjlg.s:362    .text.chHeapStatus:00000000 $t
     /tmp/cc6RVjlg.s:368    .text.chHeapStatus:00000000 chHeapStatus
     /tmp/cc6RVjlg.s:435    .bss.default_heap:00000000 $d
     /tmp/cc6RVjlg.s:439    .bss.default_heap:00000000 default_heap
                     .debug_frame:00000010 $d

UNDEFINED SYMBOLS
chCoreAlloc
chMtxInit
chMtxLock
chMtxUnlock
