ARM GAS  /tmp/ccW0TEMh.s 			page 1


   1              		.syntax unified
   2              		.cpu cortex-m4
   3              		.eabi_attribute 27, 3
   4              		.eabi_attribute 28, 1
   5              		.fpu fpv4-sp-d16
   6              		.eabi_attribute 20, 1
   7              		.eabi_attribute 21, 1
   8              		.eabi_attribute 23, 3
   9              		.eabi_attribute 24, 1
  10              		.eabi_attribute 25, 1
  11              		.eabi_attribute 26, 1
  12              		.eabi_attribute 30, 2
  13              		.eabi_attribute 34, 1
  14              		.eabi_attribute 18, 4
  15              		.thumb
  16              		.file	"chmempools.c"
  17              		.text
  18              	.Ltext0:
  19              		.cfi_sections	.debug_frame
  20              		.section	.text.chPoolInit,"ax",%progbits
  21              		.align	2
  22              		.p2align 4,,15
  23              		.global	chPoolInit
  24              		.thumb
  25              		.thumb_func
  26              		.type	chPoolInit, %function
  27              	chPoolInit:
  28              	.LFB7:
  29              		.file 1 "/opt/ChibiOS/ChibiOS_2.4.4/os/kernel/src/chmempools.c"
  30              		.loc 1 61 0
  31              		.cfi_startproc
  32              		@ args = 0, pretend = 0, frame = 0
  33              		@ frame_needed = 0, uses_anonymous_args = 0
  34              		@ link register save eliminated.
  35              	.LVL0:
  36              		.loc 1 66 0
  37 0000 0731     		adds	r1, r1, #7
  38              	.LVL1:
  39 0002 21F00701 		bic	r1, r1, #7
  40              	.LVL2:
  41              		.loc 1 65 0
  42 0006 0023     		movs	r3, #0
  43 0008 0360     		str	r3, [r0, #0]
  44              		.loc 1 66 0
  45 000a 4160     		str	r1, [r0, #4]
  46              		.loc 1 67 0
  47 000c 8260     		str	r2, [r0, #8]
  48              		.loc 1 68 0
  49 000e 7047     		bx	lr
  50              		.cfi_endproc
  51              	.LFE7:
  52              		.size	chPoolInit, .-chPoolInit
  53              		.section	.text.chPoolAllocI,"ax",%progbits
  54              		.align	2
  55              		.p2align 4,,15
  56              		.global	chPoolAllocI
  57              		.thumb
ARM GAS  /tmp/ccW0TEMh.s 			page 2


  58              		.thumb_func
  59              		.type	chPoolAllocI, %function
  60              	chPoolAllocI:
  61              	.LFB8:
  62              		.loc 1 79 0
  63              		.cfi_startproc
  64              		@ args = 0, pretend = 0, frame = 0
  65              		@ frame_needed = 0, uses_anonymous_args = 0
  66              	.LVL3:
  67 0000 0246     		mov	r2, r0
  68              		.loc 1 85 0
  69 0002 0068     		ldr	r0, [r0, #0]
  70              	.LVL4:
  71              		.loc 1 79 0
  72 0004 08B5     		push	{r3, lr}
  73              	.LCFI0:
  74              		.cfi_def_cfa_offset 8
  75              		.cfi_offset 14, -4
  76              		.cfi_offset 3, -8
  77              		.loc 1 85 0
  78 0006 10B1     		cbz	r0, .L3
  79              		.loc 1 86 0
  80 0008 0368     		ldr	r3, [r0, #0]
  81 000a 1360     		str	r3, [r2, #0]
  82 000c 08BD     		pop	{r3, pc}
  83              	.L3:
  84              		.loc 1 87 0
  85 000e 9368     		ldr	r3, [r2, #8]
  86 0010 0BB1     		cbz	r3, .L4
  87              		.loc 1 88 0
  88 0012 5068     		ldr	r0, [r2, #4]
  89 0014 9847     		blx	r3
  90              	.LVL5:
  91              	.L4:
  92              		.loc 1 90 0
  93 0016 08BD     		pop	{r3, pc}
  94              		.cfi_endproc
  95              	.LFE8:
  96              		.size	chPoolAllocI, .-chPoolAllocI
  97 0018 AFF30080 		.section	.text.chPoolAlloc,"ax",%progbits
  97      AFF30080 
  98              		.align	2
  99              		.p2align 4,,15
 100              		.global	chPoolAlloc
 101              		.thumb
 102              		.thumb_func
 103              		.type	chPoolAlloc, %function
 104              	chPoolAlloc:
 105              	.LFB9:
 106              		.loc 1 101 0
 107              		.cfi_startproc
 108              		@ args = 0, pretend = 0, frame = 0
 109              		@ frame_needed = 0, uses_anonymous_args = 0
 110              	.LVL6:
 111 0000 08B5     		push	{r3, lr}
 112              	.LCFI1:
 113              		.cfi_def_cfa_offset 8
ARM GAS  /tmp/ccW0TEMh.s 			page 3


 114              		.cfi_offset 14, -4
 115              		.cfi_offset 3, -8
 116              		.loc 1 101 0
 117 0002 0246     		mov	r2, r0
 118              	.LBB10:
 119              		.loc 1 104 0
 120 0004 2023     		movs	r3, #32
 121              	.LVL7:
 122              	@ 104 "/opt/ChibiOS/ChibiOS_2.4.4/os/kernel/src/chmempools.c" 1
 123 0006 83F31188 		msr     BASEPRI, r3
 124              	@ 0 "" 2
 125              	.LVL8:
 126              		.thumb
 127              	.LBE10:
 128              	.LBB11:
 129              	.LBB12:
 130              		.loc 1 85 0
 131 000a 0068     		ldr	r0, [r0, #0]
 132              	.LVL9:
 133 000c 28B1     		cbz	r0, .L7
 134              		.loc 1 86 0
 135 000e 0368     		ldr	r3, [r0, #0]
 136              	.LVL10:
 137 0010 1360     		str	r3, [r2, #0]
 138              	.L8:
 139              	.LBE12:
 140              	.LBE11:
 141              	.LBB14:
 142              		.loc 1 106 0
 143 0012 0023     		movs	r3, #0
 144              	.LVL11:
 145              	@ 106 "/opt/ChibiOS/ChibiOS_2.4.4/os/kernel/src/chmempools.c" 1
 146 0014 83F31188 		msr     BASEPRI, r3
 147              	@ 0 "" 2
 148              	.LVL12:
 149              		.thumb
 150              	.LBE14:
 151              		.loc 1 108 0
 152 0018 08BD     		pop	{r3, pc}
 153              	.LVL13:
 154              	.L7:
 155              	.LBB15:
 156              	.LBB13:
 157              		.loc 1 87 0
 158 001a 9368     		ldr	r3, [r2, #8]
 159              	.LVL14:
 160 001c 002B     		cmp	r3, #0
 161 001e F8D0     		beq	.L8
 162              		.loc 1 88 0
 163 0020 5068     		ldr	r0, [r2, #4]
 164 0022 9847     		blx	r3
 165              	.LVL15:
 166              	.LBE13:
 167              	.LBE15:
 168              	.LBB16:
 169              		.loc 1 106 0
 170 0024 0023     		movs	r3, #0
ARM GAS  /tmp/ccW0TEMh.s 			page 4


 171              	@ 106 "/opt/ChibiOS/ChibiOS_2.4.4/os/kernel/src/chmempools.c" 1
 172 0026 83F31188 		msr     BASEPRI, r3
 173              	@ 0 "" 2
 174              	.LVL16:
 175              		.thumb
 176              	.LBE16:
 177              		.loc 1 108 0
 178 002a 08BD     		pop	{r3, pc}
 179              		.cfi_endproc
 180              	.LFE9:
 181              		.size	chPoolAlloc, .-chPoolAlloc
 182 002c AFF30080 		.section	.text.chPoolFreeI,"ax",%progbits
 183              		.align	2
 184              		.p2align 4,,15
 185              		.global	chPoolFreeI
 186              		.thumb
 187              		.thumb_func
 188              		.type	chPoolFreeI, %function
 189              	chPoolFreeI:
 190              	.LFB10:
 191              		.loc 1 122 0
 192              		.cfi_startproc
 193              		@ args = 0, pretend = 0, frame = 0
 194              		@ frame_needed = 0, uses_anonymous_args = 0
 195              		@ link register save eliminated.
 196              	.LVL17:
 197              		.loc 1 129 0
 198 0000 0368     		ldr	r3, [r0, #0]
 199 0002 0B60     		str	r3, [r1, #0]
 200              		.loc 1 130 0
 201 0004 0160     		str	r1, [r0, #0]
 202              		.loc 1 131 0
 203 0006 7047     		bx	lr
 204              		.cfi_endproc
 205              	.LFE10:
 206              		.size	chPoolFreeI, .-chPoolFreeI
 207 0008 AFF30080 		.section	.text.chPoolFree,"ax",%progbits
 207      AFF30080 
 208              		.align	2
 209              		.p2align 4,,15
 210              		.global	chPoolFree
 211              		.thumb
 212              		.thumb_func
 213              		.type	chPoolFree, %function
 214              	chPoolFree:
 215              	.LFB11:
 216              		.loc 1 145 0
 217              		.cfi_startproc
 218              		@ args = 0, pretend = 0, frame = 0
 219              		@ frame_needed = 0, uses_anonymous_args = 0
 220              		@ link register save eliminated.
 221              	.LVL18:
 222              	.LBB17:
 223              		.loc 1 147 0
 224 0000 2023     		movs	r3, #32
 225              	.LVL19:
 226              	@ 147 "/opt/ChibiOS/ChibiOS_2.4.4/os/kernel/src/chmempools.c" 1
ARM GAS  /tmp/ccW0TEMh.s 			page 5


 227 0002 83F31188 		msr     BASEPRI, r3
 228              	@ 0 "" 2
 229              	.LVL20:
 230              		.thumb
 231              	.LBE17:
 232              	.LBB18:
 233              	.LBB19:
 234              		.loc 1 129 0
 235 0006 0268     		ldr	r2, [r0, #0]
 236              	.LBE19:
 237              	.LBE18:
 238              	.LBB21:
 239              		.loc 1 149 0
 240 0008 0023     		movs	r3, #0
 241              	.LVL21:
 242              	.LBE21:
 243              	.LBB22:
 244              	.LBB20:
 245              		.loc 1 129 0
 246 000a 0A60     		str	r2, [r1, #0]
 247              		.loc 1 130 0
 248 000c 0160     		str	r1, [r0, #0]
 249              	.LBE20:
 250              	.LBE22:
 251              	.LBB23:
 252              		.loc 1 149 0
 253              	@ 149 "/opt/ChibiOS/ChibiOS_2.4.4/os/kernel/src/chmempools.c" 1
 254 000e 83F31188 		msr     BASEPRI, r3
 255              	@ 0 "" 2
 256              	.LVL22:
 257              		.thumb
 258              	.LBE23:
 259              		.loc 1 150 0
 260 0012 7047     		bx	lr
 261              		.cfi_endproc
 262              	.LFE11:
 263              		.size	chPoolFree, .-chPoolFree
 264 0014 AFF30080 		.text
 264      AFF30080 
 264      AFF30080 
 265              	.Letext0:
 266              		.file 2 "/opt/arm/bin/../lib/gcc/arm-none-eabi/4.6.3/include/stddef.h"
 267              		.file 3 "/opt/arm/bin/../lib/gcc/arm-none-eabi/4.6.3/../../../../arm-none-eabi/include/stdint.h"
 268              		.file 4 "/opt/ChibiOS/ChibiOS_2.4.4/os/kernel/include/chmemcore.h"
 269              		.file 5 "/opt/ChibiOS/ChibiOS_2.4.4/os/kernel/include/chmempools.h"
 270              		.section	.debug_info,"",%progbits
 271              	.Ldebug_info0:
 272 0000 1D030000 		.4byte	0x31d
 273 0004 0200     		.2byte	0x2
 274 0006 00000000 		.4byte	.Ldebug_abbrev0
 275 000a 04       		.byte	0x4
 276 000b 01       		.uleb128 0x1
 277 000c 61000000 		.4byte	.LASF23
 278 0010 01       		.byte	0x1
 279 0011 96000000 		.4byte	.LASF24
 280 0015 00000000 		.4byte	0
 281 0019 00000000 		.4byte	0
ARM GAS  /tmp/ccW0TEMh.s 			page 6


 282 001d 90000000 		.4byte	.Ldebug_ranges0+0x90
 283 0021 00000000 		.4byte	.Ldebug_line0
 284 0025 02       		.uleb128 0x2
 285 0026 04       		.byte	0x4
 286 0027 05       		.byte	0x5
 287 0028 696E7400 		.ascii	"int\000"
 288 002c 03       		.uleb128 0x3
 289 002d 00000000 		.4byte	.LASF6
 290 0031 02       		.byte	0x2
 291 0032 D4       		.byte	0xd4
 292 0033 37000000 		.4byte	0x37
 293 0037 04       		.uleb128 0x4
 294 0038 04       		.byte	0x4
 295 0039 07       		.byte	0x7
 296 003a D9000000 		.4byte	.LASF0
 297 003e 04       		.uleb128 0x4
 298 003f 01       		.byte	0x1
 299 0040 06       		.byte	0x6
 300 0041 59010000 		.4byte	.LASF1
 301 0045 04       		.uleb128 0x4
 302 0046 01       		.byte	0x1
 303 0047 08       		.byte	0x8
 304 0048 6D000000 		.4byte	.LASF2
 305 004c 04       		.uleb128 0x4
 306 004d 02       		.byte	0x2
 307 004e 05       		.byte	0x5
 308 004f 31010000 		.4byte	.LASF3
 309 0053 04       		.uleb128 0x4
 310 0054 02       		.byte	0x2
 311 0055 07       		.byte	0x7
 312 0056 39000000 		.4byte	.LASF4
 313 005a 04       		.uleb128 0x4
 314 005b 04       		.byte	0x4
 315 005c 05       		.byte	0x5
 316 005d 50010000 		.4byte	.LASF5
 317 0061 03       		.uleb128 0x3
 318 0062 47010000 		.4byte	.LASF7
 319 0066 03       		.byte	0x3
 320 0067 50       		.byte	0x50
 321 0068 6C000000 		.4byte	0x6c
 322 006c 04       		.uleb128 0x4
 323 006d 04       		.byte	0x4
 324 006e 07       		.byte	0x7
 325 006f 27000000 		.4byte	.LASF8
 326 0073 04       		.uleb128 0x4
 327 0074 08       		.byte	0x8
 328 0075 05       		.byte	0x5
 329 0076 05010000 		.4byte	.LASF9
 330 007a 04       		.uleb128 0x4
 331 007b 08       		.byte	0x8
 332 007c 07       		.byte	0x7
 333 007d E6000000 		.4byte	.LASF10
 334 0081 05       		.uleb128 0x5
 335 0082 04       		.byte	0x4
 336 0083 03       		.uleb128 0x3
 337 0084 18010000 		.4byte	.LASF11
 338 0088 04       		.byte	0x4
ARM GAS  /tmp/ccW0TEMh.s 			page 7


 339 0089 2C       		.byte	0x2c
 340 008a 8E000000 		.4byte	0x8e
 341 008e 06       		.uleb128 0x6
 342 008f 04       		.byte	0x4
 343 0090 94000000 		.4byte	0x94
 344 0094 07       		.uleb128 0x7
 345 0095 01       		.byte	0x1
 346 0096 81000000 		.4byte	0x81
 347 009a A4000000 		.4byte	0xa4
 348 009e 08       		.uleb128 0x8
 349 009f 2C000000 		.4byte	0x2c
 350 00a3 00       		.byte	0
 351 00a4 09       		.uleb128 0x9
 352 00a5 16000000 		.4byte	.LASF25
 353 00a9 04       		.byte	0x4
 354 00aa 05       		.byte	0x5
 355 00ab 2C       		.byte	0x2c
 356 00ac BF000000 		.4byte	0xbf
 357 00b0 0A       		.uleb128 0xa
 358 00b1 FD000000 		.4byte	.LASF12
 359 00b5 05       		.byte	0x5
 360 00b6 2D       		.byte	0x2d
 361 00b7 BF000000 		.4byte	0xbf
 362 00bb 02       		.byte	0x2
 363 00bc 23       		.byte	0x23
 364 00bd 00       		.uleb128 0
 365 00be 00       		.byte	0
 366 00bf 06       		.uleb128 0x6
 367 00c0 04       		.byte	0x4
 368 00c1 A4000000 		.4byte	0xa4
 369 00c5 0B       		.uleb128 0xb
 370 00c6 0C       		.byte	0xc
 371 00c7 05       		.byte	0x5
 372 00c8 34       		.byte	0x34
 373 00c9 F8000000 		.4byte	0xf8
 374 00cd 0A       		.uleb128 0xa
 375 00ce 65010000 		.4byte	.LASF13
 376 00d2 05       		.byte	0x5
 377 00d3 35       		.byte	0x35
 378 00d4 BF000000 		.4byte	0xbf
 379 00d8 02       		.byte	0x2
 380 00d9 23       		.byte	0x23
 381 00da 00       		.uleb128 0
 382 00db 0A       		.uleb128 0xa
 383 00dc 07000000 		.4byte	.LASF14
 384 00e0 05       		.byte	0x5
 385 00e1 36       		.byte	0x36
 386 00e2 2C000000 		.4byte	0x2c
 387 00e6 02       		.byte	0x2
 388 00e7 23       		.byte	0x23
 389 00e8 04       		.uleb128 0x4
 390 00e9 0A       		.uleb128 0xa
 391 00ea 25010000 		.4byte	.LASF15
 392 00ee 05       		.byte	0x5
 393 00ef 38       		.byte	0x38
 394 00f0 83000000 		.4byte	0x83
 395 00f4 02       		.byte	0x2
ARM GAS  /tmp/ccW0TEMh.s 			page 8


 396 00f5 23       		.byte	0x23
 397 00f6 08       		.uleb128 0x8
 398 00f7 00       		.byte	0
 399 00f8 03       		.uleb128 0x3
 400 00f9 86000000 		.4byte	.LASF16
 401 00fd 05       		.byte	0x5
 402 00fe 3A       		.byte	0x3a
 403 00ff C5000000 		.4byte	0xc5
 404 0103 04       		.uleb128 0x4
 405 0104 01       		.byte	0x1
 406 0105 08       		.byte	0x8
 407 0106 13010000 		.4byte	.LASF17
 408 010a 0C       		.uleb128 0xc
 409 010b 01       		.byte	0x1
 410 010c CC000000 		.4byte	.LASF21
 411 0110 01       		.byte	0x1
 412 0111 4F       		.byte	0x4f
 413 0112 01       		.byte	0x1
 414 0113 81000000 		.4byte	0x81
 415 0117 01       		.byte	0x1
 416 0118 32010000 		.4byte	0x132
 417 011c 0D       		.uleb128 0xd
 418 011d 6D7000   		.ascii	"mp\000"
 419 0120 01       		.byte	0x1
 420 0121 4F       		.byte	0x4f
 421 0122 32010000 		.4byte	0x132
 422 0126 0E       		.uleb128 0xe
 423 0127 91000000 		.4byte	.LASF18
 424 012b 01       		.byte	0x1
 425 012c 50       		.byte	0x50
 426 012d 81000000 		.4byte	0x81
 427 0131 00       		.byte	0
 428 0132 06       		.uleb128 0x6
 429 0133 04       		.byte	0x4
 430 0134 F8000000 		.4byte	0xf8
 431 0138 0F       		.uleb128 0xf
 432 0139 01       		.byte	0x1
 433 013a 55000000 		.4byte	.LASF26
 434 013e 01       		.byte	0x1
 435 013f 7A       		.byte	0x7a
 436 0140 01       		.byte	0x1
 437 0141 01       		.byte	0x1
 438 0142 67010000 		.4byte	0x167
 439 0146 0D       		.uleb128 0xd
 440 0147 6D7000   		.ascii	"mp\000"
 441 014a 01       		.byte	0x1
 442 014b 7A       		.byte	0x7a
 443 014c 32010000 		.4byte	0x132
 444 0150 10       		.uleb128 0x10
 445 0151 91000000 		.4byte	.LASF18
 446 0155 01       		.byte	0x1
 447 0156 7A       		.byte	0x7a
 448 0157 81000000 		.4byte	0x81
 449 015b 11       		.uleb128 0x11
 450 015c 70687000 		.ascii	"php\000"
 451 0160 01       		.byte	0x1
 452 0161 7B       		.byte	0x7b
ARM GAS  /tmp/ccW0TEMh.s 			page 9


 453 0162 BF000000 		.4byte	0xbf
 454 0166 00       		.byte	0
 455 0167 12       		.uleb128 0x12
 456 0168 01       		.byte	0x1
 457 0169 6D010000 		.4byte	.LASF27
 458 016d 01       		.byte	0x1
 459 016e 3D       		.byte	0x3d
 460 016f 01       		.byte	0x1
 461 0170 00000000 		.4byte	.LFB7
 462 0174 10000000 		.4byte	.LFE7
 463 0178 02       		.byte	0x2
 464 0179 7D       		.byte	0x7d
 465 017a 00       		.sleb128 0
 466 017b A8010000 		.4byte	0x1a8
 467 017f 13       		.uleb128 0x13
 468 0180 6D7000   		.ascii	"mp\000"
 469 0183 01       		.byte	0x1
 470 0184 3D       		.byte	0x3d
 471 0185 32010000 		.4byte	0x132
 472 0189 01       		.byte	0x1
 473 018a 50       		.byte	0x50
 474 018b 14       		.uleb128 0x14
 475 018c 22000000 		.4byte	.LASF19
 476 0190 01       		.byte	0x1
 477 0191 3D       		.byte	0x3d
 478 0192 2C000000 		.4byte	0x2c
 479 0196 00000000 		.4byte	.LLST0
 480 019a 15       		.uleb128 0x15
 481 019b 4C000000 		.4byte	.LASF20
 482 019f 01       		.byte	0x1
 483 01a0 3D       		.byte	0x3d
 484 01a1 83000000 		.4byte	0x83
 485 01a5 01       		.byte	0x1
 486 01a6 52       		.byte	0x52
 487 01a7 00       		.byte	0
 488 01a8 16       		.uleb128 0x16
 489 01a9 0A010000 		.4byte	0x10a
 490 01ad 00000000 		.4byte	.LFB8
 491 01b1 18000000 		.4byte	.LFE8
 492 01b5 20000000 		.4byte	.LLST1
 493 01b9 D0010000 		.4byte	0x1d0
 494 01bd 17       		.uleb128 0x17
 495 01be 1C010000 		.4byte	0x11c
 496 01c2 40000000 		.4byte	.LLST2
 497 01c6 18       		.uleb128 0x18
 498 01c7 26010000 		.4byte	0x126
 499 01cb 5E000000 		.4byte	.LLST3
 500 01cf 00       		.byte	0
 501 01d0 19       		.uleb128 0x19
 502 01d1 01       		.byte	0x1
 503 01d2 3B010000 		.4byte	.LASF28
 504 01d6 01       		.byte	0x1
 505 01d7 65       		.byte	0x65
 506 01d8 01       		.byte	0x1
 507 01d9 81000000 		.4byte	0x81
 508 01dd 00000000 		.4byte	.LFB9
 509 01e1 2C000000 		.4byte	.LFE9
ARM GAS  /tmp/ccW0TEMh.s 			page 10


 510 01e5 7D000000 		.4byte	.LLST4
 511 01e9 67020000 		.4byte	0x267
 512 01ed 1A       		.uleb128 0x1a
 513 01ee 6D7000   		.ascii	"mp\000"
 514 01f1 01       		.byte	0x1
 515 01f2 65       		.byte	0x65
 516 01f3 32010000 		.4byte	0x132
 517 01f7 9D000000 		.4byte	.LLST5
 518 01fb 1B       		.uleb128 0x1b
 519 01fc 91000000 		.4byte	.LASF18
 520 0200 01       		.byte	0x1
 521 0201 66       		.byte	0x66
 522 0202 81000000 		.4byte	0x81
 523 0206 01       		.byte	0x1
 524 0207 50       		.byte	0x50
 525 0208 1C       		.uleb128 0x1c
 526 0209 04000000 		.4byte	.LBB10
 527 020d 0A000000 		.4byte	.LBE10
 528 0211 25020000 		.4byte	0x225
 529 0215 1D       		.uleb128 0x1d
 530 0216 746D7000 		.ascii	"tmp\000"
 531 021a 01       		.byte	0x1
 532 021b 68       		.byte	0x68
 533 021c 61000000 		.4byte	0x61
 534 0220 BB000000 		.4byte	.LLST6
 535 0224 00       		.byte	0
 536 0225 1E       		.uleb128 0x1e
 537 0226 0A010000 		.4byte	0x10a
 538 022a 0A000000 		.4byte	.LBB11
 539 022e 00000000 		.4byte	.Ldebug_ranges0+0
 540 0232 01       		.byte	0x1
 541 0233 69       		.byte	0x69
 542 0234 51020000 		.4byte	0x251
 543 0238 17       		.uleb128 0x17
 544 0239 1C010000 		.4byte	0x11c
 545 023d D9000000 		.4byte	.LLST7
 546 0241 1F       		.uleb128 0x1f
 547 0242 18000000 		.4byte	.Ldebug_ranges0+0x18
 548 0246 18       		.uleb128 0x18
 549 0247 26010000 		.4byte	0x126
 550 024b F7000000 		.4byte	.LLST8
 551 024f 00       		.byte	0
 552 0250 00       		.byte	0
 553 0251 1F       		.uleb128 0x1f
 554 0252 30000000 		.4byte	.Ldebug_ranges0+0x30
 555 0256 1D       		.uleb128 0x1d
 556 0257 746D7000 		.ascii	"tmp\000"
 557 025b 01       		.byte	0x1
 558 025c 6A       		.byte	0x6a
 559 025d 61000000 		.4byte	0x61
 560 0261 16010000 		.4byte	.LLST9
 561 0265 00       		.byte	0
 562 0266 00       		.byte	0
 563 0267 20       		.uleb128 0x20
 564 0268 38010000 		.4byte	0x138
 565 026c 00000000 		.4byte	.LFB10
 566 0270 08000000 		.4byte	.LFE10
ARM GAS  /tmp/ccW0TEMh.s 			page 11


 567 0274 02       		.byte	0x2
 568 0275 7D       		.byte	0x7d
 569 0276 00       		.sleb128 0
 570 0277 91020000 		.4byte	0x291
 571 027b 21       		.uleb128 0x21
 572 027c 46010000 		.4byte	0x146
 573 0280 01       		.byte	0x1
 574 0281 50       		.byte	0x50
 575 0282 21       		.uleb128 0x21
 576 0283 50010000 		.4byte	0x150
 577 0287 01       		.byte	0x1
 578 0288 51       		.byte	0x51
 579 0289 22       		.uleb128 0x22
 580 028a 5B010000 		.4byte	0x15b
 581 028e 01       		.byte	0x1
 582 028f 51       		.byte	0x51
 583 0290 00       		.byte	0
 584 0291 23       		.uleb128 0x23
 585 0292 01       		.byte	0x1
 586 0293 7B000000 		.4byte	.LASF22
 587 0297 01       		.byte	0x1
 588 0298 91       		.byte	0x91
 589 0299 01       		.byte	0x1
 590 029a 00000000 		.4byte	.LFB11
 591 029e 14000000 		.4byte	.LFE11
 592 02a2 02       		.byte	0x2
 593 02a3 7D       		.byte	0x7d
 594 02a4 00       		.sleb128 0
 595 02a5 13       		.uleb128 0x13
 596 02a6 6D7000   		.ascii	"mp\000"
 597 02a9 01       		.byte	0x1
 598 02aa 91       		.byte	0x91
 599 02ab 32010000 		.4byte	0x132
 600 02af 01       		.byte	0x1
 601 02b0 50       		.byte	0x50
 602 02b1 15       		.uleb128 0x15
 603 02b2 91000000 		.4byte	.LASF18
 604 02b6 01       		.byte	0x1
 605 02b7 91       		.byte	0x91
 606 02b8 81000000 		.4byte	0x81
 607 02bc 01       		.byte	0x1
 608 02bd 51       		.byte	0x51
 609 02be 1C       		.uleb128 0x1c
 610 02bf 00000000 		.4byte	.LBB17
 611 02c3 06000000 		.4byte	.LBE17
 612 02c7 DB020000 		.4byte	0x2db
 613 02cb 1D       		.uleb128 0x1d
 614 02cc 746D7000 		.ascii	"tmp\000"
 615 02d0 01       		.byte	0x1
 616 02d1 93       		.byte	0x93
 617 02d2 61000000 		.4byte	0x61
 618 02d6 34010000 		.4byte	.LLST10
 619 02da 00       		.byte	0
 620 02db 1E       		.uleb128 0x1e
 621 02dc 38010000 		.4byte	0x138
 622 02e0 06000000 		.4byte	.LBB18
 623 02e4 48000000 		.4byte	.Ldebug_ranges0+0x48
ARM GAS  /tmp/ccW0TEMh.s 			page 12


 624 02e8 01       		.byte	0x1
 625 02e9 94       		.byte	0x94
 626 02ea 0A030000 		.4byte	0x30a
 627 02ee 21       		.uleb128 0x21
 628 02ef 50010000 		.4byte	0x150
 629 02f3 01       		.byte	0x1
 630 02f4 51       		.byte	0x51
 631 02f5 21       		.uleb128 0x21
 632 02f6 46010000 		.4byte	0x146
 633 02fa 01       		.byte	0x1
 634 02fb 50       		.byte	0x50
 635 02fc 1F       		.uleb128 0x1f
 636 02fd 60000000 		.4byte	.Ldebug_ranges0+0x60
 637 0301 22       		.uleb128 0x22
 638 0302 5B010000 		.4byte	0x15b
 639 0306 01       		.byte	0x1
 640 0307 51       		.byte	0x51
 641 0308 00       		.byte	0
 642 0309 00       		.byte	0
 643 030a 1F       		.uleb128 0x1f
 644 030b 78000000 		.4byte	.Ldebug_ranges0+0x78
 645 030f 1D       		.uleb128 0x1d
 646 0310 746D7000 		.ascii	"tmp\000"
 647 0314 01       		.byte	0x1
 648 0315 95       		.byte	0x95
 649 0316 61000000 		.4byte	0x61
 650 031a 47010000 		.4byte	.LLST11
 651 031e 00       		.byte	0
 652 031f 00       		.byte	0
 653 0320 00       		.byte	0
 654              		.section	.debug_abbrev,"",%progbits
 655              	.Ldebug_abbrev0:
 656 0000 01       		.uleb128 0x1
 657 0001 11       		.uleb128 0x11
 658 0002 01       		.byte	0x1
 659 0003 25       		.uleb128 0x25
 660 0004 0E       		.uleb128 0xe
 661 0005 13       		.uleb128 0x13
 662 0006 0B       		.uleb128 0xb
 663 0007 03       		.uleb128 0x3
 664 0008 0E       		.uleb128 0xe
 665 0009 11       		.uleb128 0x11
 666 000a 01       		.uleb128 0x1
 667 000b 52       		.uleb128 0x52
 668 000c 01       		.uleb128 0x1
 669 000d 55       		.uleb128 0x55
 670 000e 06       		.uleb128 0x6
 671 000f 10       		.uleb128 0x10
 672 0010 06       		.uleb128 0x6
 673 0011 00       		.byte	0
 674 0012 00       		.byte	0
 675 0013 02       		.uleb128 0x2
 676 0014 24       		.uleb128 0x24
 677 0015 00       		.byte	0
 678 0016 0B       		.uleb128 0xb
 679 0017 0B       		.uleb128 0xb
 680 0018 3E       		.uleb128 0x3e
ARM GAS  /tmp/ccW0TEMh.s 			page 13


 681 0019 0B       		.uleb128 0xb
 682 001a 03       		.uleb128 0x3
 683 001b 08       		.uleb128 0x8
 684 001c 00       		.byte	0
 685 001d 00       		.byte	0
 686 001e 03       		.uleb128 0x3
 687 001f 16       		.uleb128 0x16
 688 0020 00       		.byte	0
 689 0021 03       		.uleb128 0x3
 690 0022 0E       		.uleb128 0xe
 691 0023 3A       		.uleb128 0x3a
 692 0024 0B       		.uleb128 0xb
 693 0025 3B       		.uleb128 0x3b
 694 0026 0B       		.uleb128 0xb
 695 0027 49       		.uleb128 0x49
 696 0028 13       		.uleb128 0x13
 697 0029 00       		.byte	0
 698 002a 00       		.byte	0
 699 002b 04       		.uleb128 0x4
 700 002c 24       		.uleb128 0x24
 701 002d 00       		.byte	0
 702 002e 0B       		.uleb128 0xb
 703 002f 0B       		.uleb128 0xb
 704 0030 3E       		.uleb128 0x3e
 705 0031 0B       		.uleb128 0xb
 706 0032 03       		.uleb128 0x3
 707 0033 0E       		.uleb128 0xe
 708 0034 00       		.byte	0
 709 0035 00       		.byte	0
 710 0036 05       		.uleb128 0x5
 711 0037 0F       		.uleb128 0xf
 712 0038 00       		.byte	0
 713 0039 0B       		.uleb128 0xb
 714 003a 0B       		.uleb128 0xb
 715 003b 00       		.byte	0
 716 003c 00       		.byte	0
 717 003d 06       		.uleb128 0x6
 718 003e 0F       		.uleb128 0xf
 719 003f 00       		.byte	0
 720 0040 0B       		.uleb128 0xb
 721 0041 0B       		.uleb128 0xb
 722 0042 49       		.uleb128 0x49
 723 0043 13       		.uleb128 0x13
 724 0044 00       		.byte	0
 725 0045 00       		.byte	0
 726 0046 07       		.uleb128 0x7
 727 0047 15       		.uleb128 0x15
 728 0048 01       		.byte	0x1
 729 0049 27       		.uleb128 0x27
 730 004a 0C       		.uleb128 0xc
 731 004b 49       		.uleb128 0x49
 732 004c 13       		.uleb128 0x13
 733 004d 01       		.uleb128 0x1
 734 004e 13       		.uleb128 0x13
 735 004f 00       		.byte	0
 736 0050 00       		.byte	0
 737 0051 08       		.uleb128 0x8
ARM GAS  /tmp/ccW0TEMh.s 			page 14


 738 0052 05       		.uleb128 0x5
 739 0053 00       		.byte	0
 740 0054 49       		.uleb128 0x49
 741 0055 13       		.uleb128 0x13
 742 0056 00       		.byte	0
 743 0057 00       		.byte	0
 744 0058 09       		.uleb128 0x9
 745 0059 13       		.uleb128 0x13
 746 005a 01       		.byte	0x1
 747 005b 03       		.uleb128 0x3
 748 005c 0E       		.uleb128 0xe
 749 005d 0B       		.uleb128 0xb
 750 005e 0B       		.uleb128 0xb
 751 005f 3A       		.uleb128 0x3a
 752 0060 0B       		.uleb128 0xb
 753 0061 3B       		.uleb128 0x3b
 754 0062 0B       		.uleb128 0xb
 755 0063 01       		.uleb128 0x1
 756 0064 13       		.uleb128 0x13
 757 0065 00       		.byte	0
 758 0066 00       		.byte	0
 759 0067 0A       		.uleb128 0xa
 760 0068 0D       		.uleb128 0xd
 761 0069 00       		.byte	0
 762 006a 03       		.uleb128 0x3
 763 006b 0E       		.uleb128 0xe
 764 006c 3A       		.uleb128 0x3a
 765 006d 0B       		.uleb128 0xb
 766 006e 3B       		.uleb128 0x3b
 767 006f 0B       		.uleb128 0xb
 768 0070 49       		.uleb128 0x49
 769 0071 13       		.uleb128 0x13
 770 0072 38       		.uleb128 0x38
 771 0073 0A       		.uleb128 0xa
 772 0074 00       		.byte	0
 773 0075 00       		.byte	0
 774 0076 0B       		.uleb128 0xb
 775 0077 13       		.uleb128 0x13
 776 0078 01       		.byte	0x1
 777 0079 0B       		.uleb128 0xb
 778 007a 0B       		.uleb128 0xb
 779 007b 3A       		.uleb128 0x3a
 780 007c 0B       		.uleb128 0xb
 781 007d 3B       		.uleb128 0x3b
 782 007e 0B       		.uleb128 0xb
 783 007f 01       		.uleb128 0x1
 784 0080 13       		.uleb128 0x13
 785 0081 00       		.byte	0
 786 0082 00       		.byte	0
 787 0083 0C       		.uleb128 0xc
 788 0084 2E       		.uleb128 0x2e
 789 0085 01       		.byte	0x1
 790 0086 3F       		.uleb128 0x3f
 791 0087 0C       		.uleb128 0xc
 792 0088 03       		.uleb128 0x3
 793 0089 0E       		.uleb128 0xe
 794 008a 3A       		.uleb128 0x3a
ARM GAS  /tmp/ccW0TEMh.s 			page 15


 795 008b 0B       		.uleb128 0xb
 796 008c 3B       		.uleb128 0x3b
 797 008d 0B       		.uleb128 0xb
 798 008e 27       		.uleb128 0x27
 799 008f 0C       		.uleb128 0xc
 800 0090 49       		.uleb128 0x49
 801 0091 13       		.uleb128 0x13
 802 0092 20       		.uleb128 0x20
 803 0093 0B       		.uleb128 0xb
 804 0094 01       		.uleb128 0x1
 805 0095 13       		.uleb128 0x13
 806 0096 00       		.byte	0
 807 0097 00       		.byte	0
 808 0098 0D       		.uleb128 0xd
 809 0099 05       		.uleb128 0x5
 810 009a 00       		.byte	0
 811 009b 03       		.uleb128 0x3
 812 009c 08       		.uleb128 0x8
 813 009d 3A       		.uleb128 0x3a
 814 009e 0B       		.uleb128 0xb
 815 009f 3B       		.uleb128 0x3b
 816 00a0 0B       		.uleb128 0xb
 817 00a1 49       		.uleb128 0x49
 818 00a2 13       		.uleb128 0x13
 819 00a3 00       		.byte	0
 820 00a4 00       		.byte	0
 821 00a5 0E       		.uleb128 0xe
 822 00a6 34       		.uleb128 0x34
 823 00a7 00       		.byte	0
 824 00a8 03       		.uleb128 0x3
 825 00a9 0E       		.uleb128 0xe
 826 00aa 3A       		.uleb128 0x3a
 827 00ab 0B       		.uleb128 0xb
 828 00ac 3B       		.uleb128 0x3b
 829 00ad 0B       		.uleb128 0xb
 830 00ae 49       		.uleb128 0x49
 831 00af 13       		.uleb128 0x13
 832 00b0 00       		.byte	0
 833 00b1 00       		.byte	0
 834 00b2 0F       		.uleb128 0xf
 835 00b3 2E       		.uleb128 0x2e
 836 00b4 01       		.byte	0x1
 837 00b5 3F       		.uleb128 0x3f
 838 00b6 0C       		.uleb128 0xc
 839 00b7 03       		.uleb128 0x3
 840 00b8 0E       		.uleb128 0xe
 841 00b9 3A       		.uleb128 0x3a
 842 00ba 0B       		.uleb128 0xb
 843 00bb 3B       		.uleb128 0x3b
 844 00bc 0B       		.uleb128 0xb
 845 00bd 27       		.uleb128 0x27
 846 00be 0C       		.uleb128 0xc
 847 00bf 20       		.uleb128 0x20
 848 00c0 0B       		.uleb128 0xb
 849 00c1 01       		.uleb128 0x1
 850 00c2 13       		.uleb128 0x13
 851 00c3 00       		.byte	0
ARM GAS  /tmp/ccW0TEMh.s 			page 16


 852 00c4 00       		.byte	0
 853 00c5 10       		.uleb128 0x10
 854 00c6 05       		.uleb128 0x5
 855 00c7 00       		.byte	0
 856 00c8 03       		.uleb128 0x3
 857 00c9 0E       		.uleb128 0xe
 858 00ca 3A       		.uleb128 0x3a
 859 00cb 0B       		.uleb128 0xb
 860 00cc 3B       		.uleb128 0x3b
 861 00cd 0B       		.uleb128 0xb
 862 00ce 49       		.uleb128 0x49
 863 00cf 13       		.uleb128 0x13
 864 00d0 00       		.byte	0
 865 00d1 00       		.byte	0
 866 00d2 11       		.uleb128 0x11
 867 00d3 34       		.uleb128 0x34
 868 00d4 00       		.byte	0
 869 00d5 03       		.uleb128 0x3
 870 00d6 08       		.uleb128 0x8
 871 00d7 3A       		.uleb128 0x3a
 872 00d8 0B       		.uleb128 0xb
 873 00d9 3B       		.uleb128 0x3b
 874 00da 0B       		.uleb128 0xb
 875 00db 49       		.uleb128 0x49
 876 00dc 13       		.uleb128 0x13
 877 00dd 00       		.byte	0
 878 00de 00       		.byte	0
 879 00df 12       		.uleb128 0x12
 880 00e0 2E       		.uleb128 0x2e
 881 00e1 01       		.byte	0x1
 882 00e2 3F       		.uleb128 0x3f
 883 00e3 0C       		.uleb128 0xc
 884 00e4 03       		.uleb128 0x3
 885 00e5 0E       		.uleb128 0xe
 886 00e6 3A       		.uleb128 0x3a
 887 00e7 0B       		.uleb128 0xb
 888 00e8 3B       		.uleb128 0x3b
 889 00e9 0B       		.uleb128 0xb
 890 00ea 27       		.uleb128 0x27
 891 00eb 0C       		.uleb128 0xc
 892 00ec 11       		.uleb128 0x11
 893 00ed 01       		.uleb128 0x1
 894 00ee 12       		.uleb128 0x12
 895 00ef 01       		.uleb128 0x1
 896 00f0 40       		.uleb128 0x40
 897 00f1 0A       		.uleb128 0xa
 898 00f2 01       		.uleb128 0x1
 899 00f3 13       		.uleb128 0x13
 900 00f4 00       		.byte	0
 901 00f5 00       		.byte	0
 902 00f6 13       		.uleb128 0x13
 903 00f7 05       		.uleb128 0x5
 904 00f8 00       		.byte	0
 905 00f9 03       		.uleb128 0x3
 906 00fa 08       		.uleb128 0x8
 907 00fb 3A       		.uleb128 0x3a
 908 00fc 0B       		.uleb128 0xb
ARM GAS  /tmp/ccW0TEMh.s 			page 17


 909 00fd 3B       		.uleb128 0x3b
 910 00fe 0B       		.uleb128 0xb
 911 00ff 49       		.uleb128 0x49
 912 0100 13       		.uleb128 0x13
 913 0101 02       		.uleb128 0x2
 914 0102 0A       		.uleb128 0xa
 915 0103 00       		.byte	0
 916 0104 00       		.byte	0
 917 0105 14       		.uleb128 0x14
 918 0106 05       		.uleb128 0x5
 919 0107 00       		.byte	0
 920 0108 03       		.uleb128 0x3
 921 0109 0E       		.uleb128 0xe
 922 010a 3A       		.uleb128 0x3a
 923 010b 0B       		.uleb128 0xb
 924 010c 3B       		.uleb128 0x3b
 925 010d 0B       		.uleb128 0xb
 926 010e 49       		.uleb128 0x49
 927 010f 13       		.uleb128 0x13
 928 0110 02       		.uleb128 0x2
 929 0111 06       		.uleb128 0x6
 930 0112 00       		.byte	0
 931 0113 00       		.byte	0
 932 0114 15       		.uleb128 0x15
 933 0115 05       		.uleb128 0x5
 934 0116 00       		.byte	0
 935 0117 03       		.uleb128 0x3
 936 0118 0E       		.uleb128 0xe
 937 0119 3A       		.uleb128 0x3a
 938 011a 0B       		.uleb128 0xb
 939 011b 3B       		.uleb128 0x3b
 940 011c 0B       		.uleb128 0xb
 941 011d 49       		.uleb128 0x49
 942 011e 13       		.uleb128 0x13
 943 011f 02       		.uleb128 0x2
 944 0120 0A       		.uleb128 0xa
 945 0121 00       		.byte	0
 946 0122 00       		.byte	0
 947 0123 16       		.uleb128 0x16
 948 0124 2E       		.uleb128 0x2e
 949 0125 01       		.byte	0x1
 950 0126 31       		.uleb128 0x31
 951 0127 13       		.uleb128 0x13
 952 0128 11       		.uleb128 0x11
 953 0129 01       		.uleb128 0x1
 954 012a 12       		.uleb128 0x12
 955 012b 01       		.uleb128 0x1
 956 012c 40       		.uleb128 0x40
 957 012d 06       		.uleb128 0x6
 958 012e 01       		.uleb128 0x1
 959 012f 13       		.uleb128 0x13
 960 0130 00       		.byte	0
 961 0131 00       		.byte	0
 962 0132 17       		.uleb128 0x17
 963 0133 05       		.uleb128 0x5
 964 0134 00       		.byte	0
 965 0135 31       		.uleb128 0x31
ARM GAS  /tmp/ccW0TEMh.s 			page 18


 966 0136 13       		.uleb128 0x13
 967 0137 02       		.uleb128 0x2
 968 0138 06       		.uleb128 0x6
 969 0139 00       		.byte	0
 970 013a 00       		.byte	0
 971 013b 18       		.uleb128 0x18
 972 013c 34       		.uleb128 0x34
 973 013d 00       		.byte	0
 974 013e 31       		.uleb128 0x31
 975 013f 13       		.uleb128 0x13
 976 0140 02       		.uleb128 0x2
 977 0141 06       		.uleb128 0x6
 978 0142 00       		.byte	0
 979 0143 00       		.byte	0
 980 0144 19       		.uleb128 0x19
 981 0145 2E       		.uleb128 0x2e
 982 0146 01       		.byte	0x1
 983 0147 3F       		.uleb128 0x3f
 984 0148 0C       		.uleb128 0xc
 985 0149 03       		.uleb128 0x3
 986 014a 0E       		.uleb128 0xe
 987 014b 3A       		.uleb128 0x3a
 988 014c 0B       		.uleb128 0xb
 989 014d 3B       		.uleb128 0x3b
 990 014e 0B       		.uleb128 0xb
 991 014f 27       		.uleb128 0x27
 992 0150 0C       		.uleb128 0xc
 993 0151 49       		.uleb128 0x49
 994 0152 13       		.uleb128 0x13
 995 0153 11       		.uleb128 0x11
 996 0154 01       		.uleb128 0x1
 997 0155 12       		.uleb128 0x12
 998 0156 01       		.uleb128 0x1
 999 0157 40       		.uleb128 0x40
 1000 0158 06       		.uleb128 0x6
 1001 0159 01       		.uleb128 0x1
 1002 015a 13       		.uleb128 0x13
 1003 015b 00       		.byte	0
 1004 015c 00       		.byte	0
 1005 015d 1A       		.uleb128 0x1a
 1006 015e 05       		.uleb128 0x5
 1007 015f 00       		.byte	0
 1008 0160 03       		.uleb128 0x3
 1009 0161 08       		.uleb128 0x8
 1010 0162 3A       		.uleb128 0x3a
 1011 0163 0B       		.uleb128 0xb
 1012 0164 3B       		.uleb128 0x3b
 1013 0165 0B       		.uleb128 0xb
 1014 0166 49       		.uleb128 0x49
 1015 0167 13       		.uleb128 0x13
 1016 0168 02       		.uleb128 0x2
 1017 0169 06       		.uleb128 0x6
 1018 016a 00       		.byte	0
 1019 016b 00       		.byte	0
 1020 016c 1B       		.uleb128 0x1b
 1021 016d 34       		.uleb128 0x34
 1022 016e 00       		.byte	0
ARM GAS  /tmp/ccW0TEMh.s 			page 19


 1023 016f 03       		.uleb128 0x3
 1024 0170 0E       		.uleb128 0xe
 1025 0171 3A       		.uleb128 0x3a
 1026 0172 0B       		.uleb128 0xb
 1027 0173 3B       		.uleb128 0x3b
 1028 0174 0B       		.uleb128 0xb
 1029 0175 49       		.uleb128 0x49
 1030 0176 13       		.uleb128 0x13
 1031 0177 02       		.uleb128 0x2
 1032 0178 0A       		.uleb128 0xa
 1033 0179 00       		.byte	0
 1034 017a 00       		.byte	0
 1035 017b 1C       		.uleb128 0x1c
 1036 017c 0B       		.uleb128 0xb
 1037 017d 01       		.byte	0x1
 1038 017e 11       		.uleb128 0x11
 1039 017f 01       		.uleb128 0x1
 1040 0180 12       		.uleb128 0x12
 1041 0181 01       		.uleb128 0x1
 1042 0182 01       		.uleb128 0x1
 1043 0183 13       		.uleb128 0x13
 1044 0184 00       		.byte	0
 1045 0185 00       		.byte	0
 1046 0186 1D       		.uleb128 0x1d
 1047 0187 34       		.uleb128 0x34
 1048 0188 00       		.byte	0
 1049 0189 03       		.uleb128 0x3
 1050 018a 08       		.uleb128 0x8
 1051 018b 3A       		.uleb128 0x3a
 1052 018c 0B       		.uleb128 0xb
 1053 018d 3B       		.uleb128 0x3b
 1054 018e 0B       		.uleb128 0xb
 1055 018f 49       		.uleb128 0x49
 1056 0190 13       		.uleb128 0x13
 1057 0191 02       		.uleb128 0x2
 1058 0192 06       		.uleb128 0x6
 1059 0193 00       		.byte	0
 1060 0194 00       		.byte	0
 1061 0195 1E       		.uleb128 0x1e
 1062 0196 1D       		.uleb128 0x1d
 1063 0197 01       		.byte	0x1
 1064 0198 31       		.uleb128 0x31
 1065 0199 13       		.uleb128 0x13
 1066 019a 52       		.uleb128 0x52
 1067 019b 01       		.uleb128 0x1
 1068 019c 55       		.uleb128 0x55
 1069 019d 06       		.uleb128 0x6
 1070 019e 58       		.uleb128 0x58
 1071 019f 0B       		.uleb128 0xb
 1072 01a0 59       		.uleb128 0x59
 1073 01a1 0B       		.uleb128 0xb
 1074 01a2 01       		.uleb128 0x1
 1075 01a3 13       		.uleb128 0x13
 1076 01a4 00       		.byte	0
 1077 01a5 00       		.byte	0
 1078 01a6 1F       		.uleb128 0x1f
 1079 01a7 0B       		.uleb128 0xb
ARM GAS  /tmp/ccW0TEMh.s 			page 20


 1080 01a8 01       		.byte	0x1
 1081 01a9 55       		.uleb128 0x55
 1082 01aa 06       		.uleb128 0x6
 1083 01ab 00       		.byte	0
 1084 01ac 00       		.byte	0
 1085 01ad 20       		.uleb128 0x20
 1086 01ae 2E       		.uleb128 0x2e
 1087 01af 01       		.byte	0x1
 1088 01b0 31       		.uleb128 0x31
 1089 01b1 13       		.uleb128 0x13
 1090 01b2 11       		.uleb128 0x11
 1091 01b3 01       		.uleb128 0x1
 1092 01b4 12       		.uleb128 0x12
 1093 01b5 01       		.uleb128 0x1
 1094 01b6 40       		.uleb128 0x40
 1095 01b7 0A       		.uleb128 0xa
 1096 01b8 01       		.uleb128 0x1
 1097 01b9 13       		.uleb128 0x13
 1098 01ba 00       		.byte	0
 1099 01bb 00       		.byte	0
 1100 01bc 21       		.uleb128 0x21
 1101 01bd 05       		.uleb128 0x5
 1102 01be 00       		.byte	0
 1103 01bf 31       		.uleb128 0x31
 1104 01c0 13       		.uleb128 0x13
 1105 01c1 02       		.uleb128 0x2
 1106 01c2 0A       		.uleb128 0xa
 1107 01c3 00       		.byte	0
 1108 01c4 00       		.byte	0
 1109 01c5 22       		.uleb128 0x22
 1110 01c6 34       		.uleb128 0x34
 1111 01c7 00       		.byte	0
 1112 01c8 31       		.uleb128 0x31
 1113 01c9 13       		.uleb128 0x13
 1114 01ca 02       		.uleb128 0x2
 1115 01cb 0A       		.uleb128 0xa
 1116 01cc 00       		.byte	0
 1117 01cd 00       		.byte	0
 1118 01ce 23       		.uleb128 0x23
 1119 01cf 2E       		.uleb128 0x2e
 1120 01d0 01       		.byte	0x1
 1121 01d1 3F       		.uleb128 0x3f
 1122 01d2 0C       		.uleb128 0xc
 1123 01d3 03       		.uleb128 0x3
 1124 01d4 0E       		.uleb128 0xe
 1125 01d5 3A       		.uleb128 0x3a
 1126 01d6 0B       		.uleb128 0xb
 1127 01d7 3B       		.uleb128 0x3b
 1128 01d8 0B       		.uleb128 0xb
 1129 01d9 27       		.uleb128 0x27
 1130 01da 0C       		.uleb128 0xc
 1131 01db 11       		.uleb128 0x11
 1132 01dc 01       		.uleb128 0x1
 1133 01dd 12       		.uleb128 0x12
 1134 01de 01       		.uleb128 0x1
 1135 01df 40       		.uleb128 0x40
 1136 01e0 0A       		.uleb128 0xa
ARM GAS  /tmp/ccW0TEMh.s 			page 21


 1137 01e1 00       		.byte	0
 1138 01e2 00       		.byte	0
 1139 01e3 00       		.byte	0
 1140              		.section	.debug_loc,"",%progbits
 1141              	.Ldebug_loc0:
 1142              	.LLST0:
 1143 0000 00000000 		.4byte	.LVL0
 1144 0004 02000000 		.4byte	.LVL1
 1145 0008 0100     		.2byte	0x1
 1146 000a 51       		.byte	0x51
 1147 000b 02000000 		.4byte	.LVL1
 1148 000f 06000000 		.4byte	.LVL2
 1149 0013 0300     		.2byte	0x3
 1150 0015 71       		.byte	0x71
 1151 0016 79       		.sleb128 -7
 1152 0017 9F       		.byte	0x9f
 1153 0018 00000000 		.4byte	0
 1154 001c 00000000 		.4byte	0
 1155              	.LLST1:
 1156 0020 00000000 		.4byte	.LFB8
 1157 0024 06000000 		.4byte	.LCFI0
 1158 0028 0200     		.2byte	0x2
 1159 002a 7D       		.byte	0x7d
 1160 002b 00       		.sleb128 0
 1161 002c 06000000 		.4byte	.LCFI0
 1162 0030 18000000 		.4byte	.LFE8
 1163 0034 0200     		.2byte	0x2
 1164 0036 7D       		.byte	0x7d
 1165 0037 08       		.sleb128 8
 1166 0038 00000000 		.4byte	0
 1167 003c 00000000 		.4byte	0
 1168              	.LLST2:
 1169 0040 00000000 		.4byte	.LVL3
 1170 0044 04000000 		.4byte	.LVL4
 1171 0048 0100     		.2byte	0x1
 1172 004a 50       		.byte	0x50
 1173 004b 04000000 		.4byte	.LVL4
 1174 004f 15000000 		.4byte	.LVL5-1
 1175 0053 0100     		.2byte	0x1
 1176 0055 52       		.byte	0x52
 1177 0056 00000000 		.4byte	0
 1178 005a 00000000 		.4byte	0
 1179              	.LLST3:
 1180 005e 04000000 		.4byte	.LVL4
 1181 0062 15000000 		.4byte	.LVL5-1
 1182 0066 0200     		.2byte	0x2
 1183 0068 72       		.byte	0x72
 1184 0069 00       		.sleb128 0
 1185 006a 16000000 		.4byte	.LVL5
 1186 006e 18000000 		.4byte	.LFE8
 1187 0072 0100     		.2byte	0x1
 1188 0074 50       		.byte	0x50
 1189 0075 00000000 		.4byte	0
 1190 0079 00000000 		.4byte	0
 1191              	.LLST4:
 1192 007d 00000000 		.4byte	.LFB9
 1193 0081 02000000 		.4byte	.LCFI1
ARM GAS  /tmp/ccW0TEMh.s 			page 22


 1194 0085 0200     		.2byte	0x2
 1195 0087 7D       		.byte	0x7d
 1196 0088 00       		.sleb128 0
 1197 0089 02000000 		.4byte	.LCFI1
 1198 008d 2C000000 		.4byte	.LFE9
 1199 0091 0200     		.2byte	0x2
 1200 0093 7D       		.byte	0x7d
 1201 0094 08       		.sleb128 8
 1202 0095 00000000 		.4byte	0
 1203 0099 00000000 		.4byte	0
 1204              	.LLST5:
 1205 009d 00000000 		.4byte	.LVL6
 1206 00a1 0C000000 		.4byte	.LVL9
 1207 00a5 0100     		.2byte	0x1
 1208 00a7 50       		.byte	0x50
 1209 00a8 0C000000 		.4byte	.LVL9
 1210 00ac 23000000 		.4byte	.LVL15-1
 1211 00b0 0100     		.2byte	0x1
 1212 00b2 52       		.byte	0x52
 1213 00b3 00000000 		.4byte	0
 1214 00b7 00000000 		.4byte	0
 1215              	.LLST6:
 1216 00bb 0A000000 		.4byte	.LVL8
 1217 00bf 10000000 		.4byte	.LVL10
 1218 00c3 0100     		.2byte	0x1
 1219 00c5 53       		.byte	0x53
 1220 00c6 1A000000 		.4byte	.LVL13
 1221 00ca 1C000000 		.4byte	.LVL14
 1222 00ce 0100     		.2byte	0x1
 1223 00d0 53       		.byte	0x53
 1224 00d1 00000000 		.4byte	0
 1225 00d5 00000000 		.4byte	0
 1226              	.LLST7:
 1227 00d9 0A000000 		.4byte	.LVL8
 1228 00dd 0C000000 		.4byte	.LVL9
 1229 00e1 0100     		.2byte	0x1
 1230 00e3 50       		.byte	0x50
 1231 00e4 0C000000 		.4byte	.LVL9
 1232 00e8 23000000 		.4byte	.LVL15-1
 1233 00ec 0100     		.2byte	0x1
 1234 00ee 52       		.byte	0x52
 1235 00ef 00000000 		.4byte	0
 1236 00f3 00000000 		.4byte	0
 1237              	.LLST8:
 1238 00f7 0C000000 		.4byte	.LVL9
 1239 00fb 23000000 		.4byte	.LVL15-1
 1240 00ff 0200     		.2byte	0x2
 1241 0101 72       		.byte	0x72
 1242 0102 00       		.sleb128 0
 1243 0103 24000000 		.4byte	.LVL15
 1244 0107 2C000000 		.4byte	.LFE9
 1245 010b 0100     		.2byte	0x1
 1246 010d 50       		.byte	0x50
 1247 010e 00000000 		.4byte	0
 1248 0112 00000000 		.4byte	0
 1249              	.LLST9:
 1250 0116 18000000 		.4byte	.LVL12
ARM GAS  /tmp/ccW0TEMh.s 			page 23


 1251 011a 1A000000 		.4byte	.LVL13
 1252 011e 0100     		.2byte	0x1
 1253 0120 53       		.byte	0x53
 1254 0121 2A000000 		.4byte	.LVL16
 1255 0125 2C000000 		.4byte	.LFE9
 1256 0129 0100     		.2byte	0x1
 1257 012b 53       		.byte	0x53
 1258 012c 00000000 		.4byte	0
 1259 0130 00000000 		.4byte	0
 1260              	.LLST10:
 1261 0134 06000000 		.4byte	.LVL20
 1262 0138 0A000000 		.4byte	.LVL21
 1263 013c 0100     		.2byte	0x1
 1264 013e 53       		.byte	0x53
 1265 013f 00000000 		.4byte	0
 1266 0143 00000000 		.4byte	0
 1267              	.LLST11:
 1268 0147 12000000 		.4byte	.LVL22
 1269 014b 14000000 		.4byte	.LFE11
 1270 014f 0100     		.2byte	0x1
 1271 0151 53       		.byte	0x53
 1272 0152 00000000 		.4byte	0
 1273 0156 00000000 		.4byte	0
 1274              		.section	.debug_aranges,"",%progbits
 1275 0000 3C000000 		.4byte	0x3c
 1276 0004 0200     		.2byte	0x2
 1277 0006 00000000 		.4byte	.Ldebug_info0
 1278 000a 04       		.byte	0x4
 1279 000b 00       		.byte	0
 1280 000c 0000     		.2byte	0
 1281 000e 0000     		.2byte	0
 1282 0010 00000000 		.4byte	.LFB7
 1283 0014 10000000 		.4byte	.LFE7-.LFB7
 1284 0018 00000000 		.4byte	.LFB8
 1285 001c 18000000 		.4byte	.LFE8-.LFB8
 1286 0020 00000000 		.4byte	.LFB9
 1287 0024 2C000000 		.4byte	.LFE9-.LFB9
 1288 0028 00000000 		.4byte	.LFB10
 1289 002c 08000000 		.4byte	.LFE10-.LFB10
 1290 0030 00000000 		.4byte	.LFB11
 1291 0034 14000000 		.4byte	.LFE11-.LFB11
 1292 0038 00000000 		.4byte	0
 1293 003c 00000000 		.4byte	0
 1294              		.section	.debug_ranges,"",%progbits
 1295              	.Ldebug_ranges0:
 1296 0000 0A000000 		.4byte	.LBB11
 1297 0004 12000000 		.4byte	.LBE11
 1298 0008 1A000000 		.4byte	.LBB15
 1299 000c 24000000 		.4byte	.LBE15
 1300 0010 00000000 		.4byte	0
 1301 0014 00000000 		.4byte	0
 1302 0018 0A000000 		.4byte	.LBB12
 1303 001c 12000000 		.4byte	.LBE12
 1304 0020 1A000000 		.4byte	.LBB13
 1305 0024 24000000 		.4byte	.LBE13
 1306 0028 00000000 		.4byte	0
 1307 002c 00000000 		.4byte	0
ARM GAS  /tmp/ccW0TEMh.s 			page 24


 1308 0030 12000000 		.4byte	.LBB14
 1309 0034 18000000 		.4byte	.LBE14
 1310 0038 24000000 		.4byte	.LBB16
 1311 003c 2A000000 		.4byte	.LBE16
 1312 0040 00000000 		.4byte	0
 1313 0044 00000000 		.4byte	0
 1314 0048 06000000 		.4byte	.LBB18
 1315 004c 08000000 		.4byte	.LBE18
 1316 0050 0A000000 		.4byte	.LBB22
 1317 0054 0E000000 		.4byte	.LBE22
 1318 0058 00000000 		.4byte	0
 1319 005c 00000000 		.4byte	0
 1320 0060 06000000 		.4byte	.LBB19
 1321 0064 08000000 		.4byte	.LBE19
 1322 0068 0A000000 		.4byte	.LBB20
 1323 006c 0E000000 		.4byte	.LBE20
 1324 0070 00000000 		.4byte	0
 1325 0074 00000000 		.4byte	0
 1326 0078 08000000 		.4byte	.LBB21
 1327 007c 0A000000 		.4byte	.LBE21
 1328 0080 0E000000 		.4byte	.LBB23
 1329 0084 12000000 		.4byte	.LBE23
 1330 0088 00000000 		.4byte	0
 1331 008c 00000000 		.4byte	0
 1332 0090 00000000 		.4byte	.LFB7
 1333 0094 10000000 		.4byte	.LFE7
 1334 0098 00000000 		.4byte	.LFB8
 1335 009c 18000000 		.4byte	.LFE8
 1336 00a0 00000000 		.4byte	.LFB9
 1337 00a4 2C000000 		.4byte	.LFE9
 1338 00a8 00000000 		.4byte	.LFB10
 1339 00ac 08000000 		.4byte	.LFE10
 1340 00b0 00000000 		.4byte	.LFB11
 1341 00b4 14000000 		.4byte	.LFE11
 1342 00b8 00000000 		.4byte	0
 1343 00bc 00000000 		.4byte	0
 1344              		.section	.debug_line,"",%progbits
 1345              	.Ldebug_line0:
 1346 0000 B9010000 		.section	.debug_str,"MS",%progbits,1
 1346      02003201 
 1346      00000201 
 1346      FB0E0D00 
 1346      01010101 
 1347              	.LASF6:
 1348 0000 73697A65 		.ascii	"size_t\000"
 1348      5F7400
 1349              	.LASF14:
 1350 0007 6D705F6F 		.ascii	"mp_object_size\000"
 1350      626A6563 
 1350      745F7369 
 1350      7A6500
 1351              	.LASF25:
 1352 0016 706F6F6C 		.ascii	"pool_header\000"
 1352      5F686561 
 1352      64657200 
 1353              	.LASF19:
 1354 0022 73697A65 		.ascii	"size\000"
ARM GAS  /tmp/ccW0TEMh.s 			page 25


 1354      00
 1355              	.LASF8:
 1356 0027 6C6F6E67 		.ascii	"long unsigned int\000"
 1356      20756E73 
 1356      69676E65 
 1356      6420696E 
 1356      7400
 1357              	.LASF4:
 1358 0039 73686F72 		.ascii	"short unsigned int\000"
 1358      7420756E 
 1358      7369676E 
 1358      65642069 
 1358      6E7400
 1359              	.LASF20:
 1360 004c 70726F76 		.ascii	"provider\000"
 1360      69646572 
 1360      00
 1361              	.LASF26:
 1362 0055 6368506F 		.ascii	"chPoolFreeI\000"
 1362      6F6C4672 
 1362      65654900 
 1363              	.LASF23:
 1364 0061 474E5520 		.ascii	"GNU C 4.6.3\000"
 1364      4320342E 
 1364      362E3300 
 1365              	.LASF2:
 1366 006d 756E7369 		.ascii	"unsigned char\000"
 1366      676E6564 
 1366      20636861 
 1366      7200
 1367              	.LASF22:
 1368 007b 6368506F 		.ascii	"chPoolFree\000"
 1368      6F6C4672 
 1368      656500
 1369              	.LASF16:
 1370 0086 4D656D6F 		.ascii	"MemoryPool\000"
 1370      7279506F 
 1370      6F6C00
 1371              	.LASF18:
 1372 0091 6F626A70 		.ascii	"objp\000"
 1372      00
 1373              	.LASF24:
 1374 0096 2F6F7074 		.ascii	"/opt/ChibiOS/ChibiOS_2.4.4/os/kernel/src/chmempools"
 1374      2F436869 
 1374      62694F53 
 1374      2F436869 
 1374      62694F53 
 1375 00c9 2E6300   		.ascii	".c\000"
 1376              	.LASF21:
 1377 00cc 6368506F 		.ascii	"chPoolAllocI\000"
 1377      6F6C416C 
 1377      6C6F6349 
 1377      00
 1378              	.LASF0:
 1379 00d9 756E7369 		.ascii	"unsigned int\000"
 1379      676E6564 
 1379      20696E74 
ARM GAS  /tmp/ccW0TEMh.s 			page 26


 1379      00
 1380              	.LASF10:
 1381 00e6 6C6F6E67 		.ascii	"long long unsigned int\000"
 1381      206C6F6E 
 1381      6720756E 
 1381      7369676E 
 1381      65642069 
 1382              	.LASF12:
 1383 00fd 70685F6E 		.ascii	"ph_next\000"
 1383      65787400 
 1384              	.LASF9:
 1385 0105 6C6F6E67 		.ascii	"long long int\000"
 1385      206C6F6E 
 1385      6720696E 
 1385      7400
 1386              	.LASF17:
 1387 0113 63686172 		.ascii	"char\000"
 1387      00
 1388              	.LASF11:
 1389 0118 6D656D67 		.ascii	"memgetfunc_t\000"
 1389      65746675 
 1389      6E635F74 
 1389      00
 1390              	.LASF15:
 1391 0125 6D705F70 		.ascii	"mp_provider\000"
 1391      726F7669 
 1391      64657200 
 1392              	.LASF3:
 1393 0131 73686F72 		.ascii	"short int\000"
 1393      7420696E 
 1393      7400
 1394              	.LASF28:
 1395 013b 6368506F 		.ascii	"chPoolAlloc\000"
 1395      6F6C416C 
 1395      6C6F6300 
 1396              	.LASF7:
 1397 0147 75696E74 		.ascii	"uint32_t\000"
 1397      33325F74 
 1397      00
 1398              	.LASF5:
 1399 0150 6C6F6E67 		.ascii	"long int\000"
 1399      20696E74 
 1399      00
 1400              	.LASF1:
 1401 0159 7369676E 		.ascii	"signed char\000"
 1401      65642063 
 1401      68617200 
 1402              	.LASF13:
 1403 0165 6D705F6E 		.ascii	"mp_next\000"
 1403      65787400 
 1404              	.LASF27:
 1405 016d 6368506F 		.ascii	"chPoolInit\000"
 1405      6F6C496E 
 1405      697400
 1406              		.ident	"GCC: (Sourcery CodeBench Lite 2012.03-56) 4.6.3"
ARM GAS  /tmp/ccW0TEMh.s 			page 27


DEFINED SYMBOLS
                            *ABS*:00000000 chmempools.c
     /tmp/ccW0TEMh.s:21     .text.chPoolInit:00000000 $t
     /tmp/ccW0TEMh.s:27     .text.chPoolInit:00000000 chPoolInit
     /tmp/ccW0TEMh.s:54     .text.chPoolAllocI:00000000 $t
     /tmp/ccW0TEMh.s:60     .text.chPoolAllocI:00000000 chPoolAllocI
     /tmp/ccW0TEMh.s:98     .text.chPoolAlloc:00000000 $t
     /tmp/ccW0TEMh.s:104    .text.chPoolAlloc:00000000 chPoolAlloc
     /tmp/ccW0TEMh.s:183    .text.chPoolFreeI:00000000 $t
     /tmp/ccW0TEMh.s:189    .text.chPoolFreeI:00000000 chPoolFreeI
     /tmp/ccW0TEMh.s:208    .text.chPoolFree:00000000 $t
     /tmp/ccW0TEMh.s:214    .text.chPoolFree:00000000 chPoolFree
                     .debug_frame:00000010 $d

NO UNDEFINED SYMBOLS
