ARM GAS  /tmp/ccQ1YUP8.s 			page 1


   1              		.syntax unified
   2              		.cpu cortex-m4
   3              		.eabi_attribute 27, 3
   4              		.eabi_attribute 28, 1
   5              		.fpu fpv4-sp-d16
   6              		.eabi_attribute 20, 1
   7              		.eabi_attribute 21, 1
   8              		.eabi_attribute 23, 3
   9              		.eabi_attribute 24, 1
  10              		.eabi_attribute 25, 1
  11              		.eabi_attribute 26, 1
  12              		.eabi_attribute 30, 2
  13              		.eabi_attribute 34, 1
  14              		.eabi_attribute 18, 4
  15              		.thumb
  16              		.file	"chmsg.c"
  17              		.text
  18              	.Ltext0:
  19              		.cfi_sections	.debug_frame
  20              		.section	.text.chMsgSend,"ax",%progbits
  21              		.align	2
  22              		.p2align 4,,15
  23              		.global	chMsgSend
  24              		.thumb
  25              		.thumb_func
  26              		.type	chMsgSend, %function
  27              	chMsgSend:
  28              	.LFB7:
  29              		.file 1 "/opt/ChibiOS/ChibiOS_2.4.4/os/kernel/src/chmsg.c"
  30              		.loc 1 75 0
  31              		.cfi_startproc
  32              		@ args = 0, pretend = 0, frame = 0
  33              		@ frame_needed = 0, uses_anonymous_args = 0
  34              	.LVL0:
  35 0000 70B5     		push	{r4, r5, r6, lr}
  36              	.LCFI0:
  37              		.cfi_def_cfa_offset 16
  38              		.cfi_offset 14, -4
  39              		.cfi_offset 6, -8
  40              		.cfi_offset 5, -12
  41              		.cfi_offset 4, -16
  42              		.loc 1 76 0
  43 0002 40F20002 		movw	r2, #:lower16:rlist
  44 0006 C0F20002 		movt	r2, #:upper16:rlist
  45              	.LBB10:
  46              		.loc 1 80 0
  47 000a 2023     		movs	r3, #32
  48              	.LVL1:
  49              	.LBE10:
  50              		.loc 1 76 0
  51 000c D469     		ldr	r4, [r2, #28]
  52              	.LVL2:
  53              	.LBB11:
  54              		.loc 1 80 0
  55              	@ 80 "/opt/ChibiOS/ChibiOS_2.4.4/os/kernel/src/chmsg.c" 1
  56 000e 83F31188 		msr     BASEPRI, r3
  57              	@ 0 "" 2
ARM GAS  /tmp/ccQ1YUP8.s 			page 2


  58              	.LVL3:
  59              		.thumb
  60              	.LBE11:
  61              		.loc 1 82 0
  62 0012 00F12C05 		add	r5, r0, #44
  63 0016 6562     		str	r5, [r4, #36]
  64              	.LVL4:
  65              		.loc 1 84 0
  66 0018 067F     		ldrb	r6, [r0, #28]	@ zero_extendqisi2
  67              	.LBB12:
  68              	.LBB13:
  69              		.file 2 "/opt/ChibiOS/ChibiOS_2.4.4/os/kernel/include/chinline.h"
  70              		.loc 2 55 0
  71 001a 036B     		ldr	r3, [r0, #48]
  72              	.LVL5:
  73              		.loc 2 54 0
  74 001c 2560     		str	r5, [r4, #0]
  75              	.LBE13:
  76              	.LBE12:
  77              		.loc 1 84 0
  78 001e 0C2E     		cmp	r6, #12
  79              		.loc 1 81 0
  80 0020 6163     		str	r1, [r4, #52]
  81              	.LBB15:
  82              	.LBB14:
  83              		.loc 2 55 0
  84 0022 6360     		str	r3, [r4, #4]
  85              		.loc 2 56 0
  86 0024 0463     		str	r4, [r0, #48]
  87 0026 1C60     		str	r4, [r3, #0]
  88              	.LBE14:
  89              	.LBE15:
  90              		.loc 1 84 0
  91 0028 07D0     		beq	.L4
  92              		.loc 1 86 0
  93 002a 0A20     		movs	r0, #10
  94              	.LVL6:
  95 002c FFF7FEFF 		bl	chSchGoSleepS
  96              	.LVL7:
  97              		.loc 1 87 0
  98 0030 606A     		ldr	r0, [r4, #36]
  99              	.LVL8:
 100              	.LBB16:
 101              		.loc 1 88 0
 102 0032 0023     		movs	r3, #0
 103              	.LVL9:
 104              	@ 88 "/opt/ChibiOS/ChibiOS_2.4.4/os/kernel/src/chmsg.c" 1
 105 0034 83F31188 		msr     BASEPRI, r3
 106              	@ 0 "" 2
 107              	.LVL10:
 108              		.thumb
 109              	.LBE16:
 110              		.loc 1 90 0
 111 0038 70BD     		pop	{r4, r5, r6, pc}
 112              	.LVL11:
 113              	.L4:
 114              		.loc 1 85 0
ARM GAS  /tmp/ccQ1YUP8.s 			page 3


 115 003a FFF7FEFF 		bl	chSchReadyI
 116              	.LVL12:
 117              		.loc 1 86 0
 118 003e 0A20     		movs	r0, #10
 119 0040 FFF7FEFF 		bl	chSchGoSleepS
 120              		.loc 1 87 0
 121 0044 606A     		ldr	r0, [r4, #36]
 122              	.LVL13:
 123              	.LBB17:
 124              		.loc 1 88 0
 125 0046 0023     		movs	r3, #0
 126              	@ 88 "/opt/ChibiOS/ChibiOS_2.4.4/os/kernel/src/chmsg.c" 1
 127 0048 83F31188 		msr     BASEPRI, r3
 128              	@ 0 "" 2
 129              	.LVL14:
 130              		.thumb
 131              	.LBE17:
 132              		.loc 1 90 0
 133 004c 70BD     		pop	{r4, r5, r6, pc}
 134              		.cfi_endproc
 135              	.LFE7:
 136              		.size	chMsgSend, .-chMsgSend
 137 004e 00BF     		.section	.text.chMsgWait,"ax",%progbits
 138              		.align	2
 139              		.p2align 4,,15
 140              		.global	chMsgWait
 141              		.thumb
 142              		.thumb_func
 143              		.type	chMsgWait, %function
 144              	chMsgWait:
 145              	.LFB8:
 146              		.loc 1 106 0
 147              		.cfi_startproc
 148              		@ args = 0, pretend = 0, frame = 0
 149              		@ frame_needed = 0, uses_anonymous_args = 0
 150 0000 10B5     		push	{r4, lr}
 151              	.LCFI1:
 152              		.cfi_def_cfa_offset 8
 153              		.cfi_offset 14, -4
 154              		.cfi_offset 4, -8
 155              	.LBB18:
 156              		.loc 1 109 0
 157 0002 2023     		movs	r3, #32
 158              	.LVL15:
 159              	@ 109 "/opt/ChibiOS/ChibiOS_2.4.4/os/kernel/src/chmsg.c" 1
 160 0004 83F31188 		msr     BASEPRI, r3
 161              	@ 0 "" 2
 162              	.LVL16:
 163              		.thumb
 164              	.LBE18:
 165              		.loc 1 110 0
 166 0008 40F20004 		movw	r4, #:lower16:rlist
 167 000c C0F20004 		movt	r4, #:upper16:rlist
 168 0010 E369     		ldr	r3, [r4, #28]
 169              	.LVL17:
 170 0012 1A46     		mov	r2, r3
 171 0014 52F82C0F 		ldr	r0, [r2, #44]!
ARM GAS  /tmp/ccQ1YUP8.s 			page 4


 172 0018 9042     		cmp	r0, r2
 173 001a 08D0     		beq	.L7
 174              	.L6:
 175              	.LVL18:
 176              	.LBB19:
 177              	.LBB20:
 178              		.loc 2 62 0
 179 001c 0168     		ldr	r1, [r0, #0]
 180 001e D962     		str	r1, [r3, #44]
 181 0020 4A60     		str	r2, [r1, #4]
 182              	.LBE20:
 183              	.LBE19:
 184              		.loc 1 113 0
 185 0022 0B22     		movs	r2, #11
 186 0024 0277     		strb	r2, [r0, #28]
 187              	.LBB21:
 188              		.loc 1 114 0
 189 0026 0023     		movs	r3, #0
 190              	.LVL19:
 191              	@ 114 "/opt/ChibiOS/ChibiOS_2.4.4/os/kernel/src/chmsg.c" 1
 192 0028 83F31188 		msr     BASEPRI, r3
 193              	@ 0 "" 2
 194              	.LVL20:
 195              		.thumb
 196              	.LBE21:
 197              		.loc 1 116 0
 198 002c 10BD     		pop	{r4, pc}
 199              	.LVL21:
 200              	.L7:
 201              		.loc 1 111 0
 202 002e 0C20     		movs	r0, #12
 203 0030 FFF7FEFF 		bl	chSchGoSleepS
 204 0034 E369     		ldr	r3, [r4, #28]
 205 0036 1A46     		mov	r2, r3
 206 0038 52F82C0F 		ldr	r0, [r2, #44]!
 207 003c EEE7     		b	.L6
 208              		.cfi_endproc
 209              	.LFE8:
 210              		.size	chMsgWait, .-chMsgWait
 211 003e 00BF     		.section	.text.chMsgRelease,"ax",%progbits
 212              		.align	2
 213              		.p2align 4,,15
 214              		.global	chMsgRelease
 215              		.thumb
 216              		.thumb_func
 217              		.type	chMsgRelease, %function
 218              	chMsgRelease:
 219              	.LFB9:
 220              		.loc 1 128 0
 221              		.cfi_startproc
 222              		@ args = 0, pretend = 0, frame = 0
 223              		@ frame_needed = 0, uses_anonymous_args = 0
 224              	.LVL22:
 225 0000 08B5     		push	{r3, lr}
 226              	.LCFI2:
 227              		.cfi_def_cfa_offset 8
 228              		.cfi_offset 14, -4
ARM GAS  /tmp/ccQ1YUP8.s 			page 5


 229              		.cfi_offset 3, -8
 230              	.LBB22:
 231              		.loc 1 130 0
 232 0002 2023     		movs	r3, #32
 233              	.LVL23:
 234              	@ 130 "/opt/ChibiOS/ChibiOS_2.4.4/os/kernel/src/chmsg.c" 1
 235 0004 83F31188 		msr     BASEPRI, r3
 236              	@ 0 "" 2
 237              	.LVL24:
 238              		.thumb
 239              	.LBE22:
 240              		.loc 1 133 0
 241 0008 FFF7FEFF 		bl	chSchWakeupS
 242              	.LVL25:
 243              	.LBB23:
 244              		.loc 1 134 0
 245 000c 0023     		movs	r3, #0
 246              	.LVL26:
 247              	@ 134 "/opt/ChibiOS/ChibiOS_2.4.4/os/kernel/src/chmsg.c" 1
 248 000e 83F31188 		msr     BASEPRI, r3
 249              	@ 0 "" 2
 250              	.LVL27:
 251              		.thumb
 252              	.LBE23:
 253              		.loc 1 135 0
 254 0012 08BD     		pop	{r3, pc}
 255              		.cfi_endproc
 256              	.LFE9:
 257              		.size	chMsgRelease, .-chMsgRelease
 258 0014 AFF30080 		.text
 258      AFF30080 
 258      AFF30080 
 259              	.Letext0:
 260              		.file 3 "/opt/arm/bin/../lib/gcc/arm-none-eabi/4.6.3/../../../../arm-none-eabi/include/stdint.h"
 261              		.file 4 "/opt/ChibiOS/ChibiOS_2.4.4/os/ports/GCC/ARMCMx/chtypes.h"
 262              		.file 5 "/opt/ChibiOS/ChibiOS_2.4.4/os/kernel/include/chlists.h"
 263              		.file 6 "/opt/ChibiOS/ChibiOS_2.4.4/os/kernel/include/chthreads.h"
 264              		.file 7 "/opt/ChibiOS/ChibiOS_2.4.4/os/ports/GCC/ARMCMx/chcore_v7m.h"
 265              		.file 8 "/opt/ChibiOS/ChibiOS_2.4.4/os/kernel/include/chschd.h"
 266              		.file 9 "/opt/ChibiOS/ChibiOS_2.4.4/os/kernel/include/chmtx.h"
 267              		.section	.debug_info,"",%progbits
 268              	.Ldebug_info0:
 269 0000 1C060000 		.4byte	0x61c
 270 0004 0200     		.2byte	0x2
 271 0006 00000000 		.4byte	.Ldebug_abbrev0
 272 000a 04       		.byte	0x4
 273 000b 01       		.uleb128 0x1
 274 000c 00020000 		.4byte	.LASF63
 275 0010 01       		.byte	0x1
 276 0011 E0000000 		.4byte	.LASF64
 277 0015 00000000 		.4byte	0
 278 0019 00000000 		.4byte	0
 279 001d 48000000 		.4byte	.Ldebug_ranges0+0x48
 280 0021 00000000 		.4byte	.Ldebug_line0
 281 0025 02       		.uleb128 0x2
 282 0026 04       		.byte	0x4
 283 0027 05       		.byte	0x5
ARM GAS  /tmp/ccQ1YUP8.s 			page 6


 284 0028 696E7400 		.ascii	"int\000"
 285 002c 03       		.uleb128 0x3
 286 002d 04       		.byte	0x4
 287 002e 07       		.byte	0x7
 288 002f A6000000 		.4byte	.LASF0
 289 0033 03       		.uleb128 0x3
 290 0034 01       		.byte	0x1
 291 0035 06       		.byte	0x6
 292 0036 4F000000 		.4byte	.LASF1
 293 003a 04       		.uleb128 0x4
 294 003b 73020000 		.4byte	.LASF5
 295 003f 03       		.byte	0x3
 296 0040 2A       		.byte	0x2a
 297 0041 45000000 		.4byte	0x45
 298 0045 03       		.uleb128 0x3
 299 0046 01       		.byte	0x1
 300 0047 08       		.byte	0x8
 301 0048 89010000 		.4byte	.LASF2
 302 004c 03       		.uleb128 0x3
 303 004d 02       		.byte	0x2
 304 004e 05       		.byte	0x5
 305 004f A1010000 		.4byte	.LASF3
 306 0053 03       		.uleb128 0x3
 307 0054 02       		.byte	0x2
 308 0055 07       		.byte	0x7
 309 0056 CD000000 		.4byte	.LASF4
 310 005a 04       		.uleb128 0x4
 311 005b 81010000 		.4byte	.LASF6
 312 005f 03       		.byte	0x3
 313 0060 4F       		.byte	0x4f
 314 0061 65000000 		.4byte	0x65
 315 0065 03       		.uleb128 0x3
 316 0066 04       		.byte	0x4
 317 0067 05       		.byte	0x5
 318 0068 6B000000 		.4byte	.LASF7
 319 006c 04       		.uleb128 0x4
 320 006d EF010000 		.4byte	.LASF8
 321 0071 03       		.byte	0x3
 322 0072 50       		.byte	0x50
 323 0073 77000000 		.4byte	0x77
 324 0077 03       		.uleb128 0x3
 325 0078 04       		.byte	0x4
 326 0079 07       		.byte	0x7
 327 007a B3000000 		.4byte	.LASF9
 328 007e 03       		.uleb128 0x3
 329 007f 08       		.byte	0x8
 330 0080 05       		.byte	0x5
 331 0081 41000000 		.4byte	.LASF10
 332 0085 03       		.uleb128 0x3
 333 0086 08       		.byte	0x8
 334 0087 07       		.byte	0x7
 335 0088 1A000000 		.4byte	.LASF11
 336 008c 04       		.uleb128 0x4
 337 008d 17010000 		.4byte	.LASF12
 338 0091 04       		.byte	0x4
 339 0092 2F       		.byte	0x2f
 340 0093 3A000000 		.4byte	0x3a
ARM GAS  /tmp/ccQ1YUP8.s 			page 7


 341 0097 04       		.uleb128 0x4
 342 0098 7E000000 		.4byte	.LASF13
 343 009c 04       		.byte	0x4
 344 009d 30       		.byte	0x30
 345 009e 3A000000 		.4byte	0x3a
 346 00a2 04       		.uleb128 0x4
 347 00a3 6A010000 		.4byte	.LASF14
 348 00a7 04       		.byte	0x4
 349 00a8 31       		.byte	0x31
 350 00a9 3A000000 		.4byte	0x3a
 351 00ad 04       		.uleb128 0x4
 352 00ae 79010000 		.4byte	.LASF15
 353 00b2 04       		.byte	0x4
 354 00b3 32       		.byte	0x32
 355 00b4 6C000000 		.4byte	0x6c
 356 00b8 04       		.uleb128 0x4
 357 00b9 11010000 		.4byte	.LASF16
 358 00bd 04       		.byte	0x4
 359 00be 33       		.byte	0x33
 360 00bf 5A000000 		.4byte	0x5a
 361 00c3 04       		.uleb128 0x4
 362 00c4 2B010000 		.4byte	.LASF17
 363 00c8 04       		.byte	0x4
 364 00c9 35       		.byte	0x35
 365 00ca 6C000000 		.4byte	0x6c
 366 00ce 04       		.uleb128 0x4
 367 00cf 24020000 		.4byte	.LASF18
 368 00d3 04       		.byte	0x4
 369 00d4 36       		.byte	0x36
 370 00d5 6C000000 		.4byte	0x6c
 371 00d9 04       		.uleb128 0x4
 372 00da A0000000 		.4byte	.LASF19
 373 00de 04       		.byte	0x4
 374 00df 37       		.byte	0x37
 375 00e0 5A000000 		.4byte	0x5a
 376 00e4 04       		.uleb128 0x4
 377 00e5 D0010000 		.4byte	.LASF20
 378 00e9 05       		.byte	0x5
 379 00ea 2A       		.byte	0x2a
 380 00eb EF000000 		.4byte	0xef
 381 00ef 05       		.uleb128 0x5
 382 00f0 D0010000 		.4byte	.LASF20
 383 00f4 48       		.byte	0x48
 384 00f5 06       		.byte	0x6
 385 00f6 5E       		.byte	0x5e
 386 00f7 06020000 		.4byte	0x206
 387 00fb 06       		.uleb128 0x6
 388 00fc C1010000 		.4byte	.LASF21
 389 0100 06       		.byte	0x6
 390 0101 5F       		.byte	0x5f
 391 0102 2B020000 		.4byte	0x22b
 392 0106 02       		.byte	0x2
 393 0107 23       		.byte	0x23
 394 0108 00       		.uleb128 0
 395 0109 06       		.uleb128 0x6
 396 010a 72010000 		.4byte	.LASF22
 397 010e 06       		.byte	0x6
ARM GAS  /tmp/ccQ1YUP8.s 			page 8


 398 010f 61       		.byte	0x61
 399 0110 2B020000 		.4byte	0x22b
 400 0114 02       		.byte	0x2
 401 0115 23       		.byte	0x23
 402 0116 04       		.uleb128 0x4
 403 0117 06       		.uleb128 0x6
 404 0118 3A000000 		.4byte	.LASF23
 405 011c 06       		.byte	0x6
 406 011d 63       		.byte	0x63
 407 011e AD000000 		.4byte	0xad
 408 0122 02       		.byte	0x2
 409 0123 23       		.byte	0x23
 410 0124 08       		.uleb128 0x8
 411 0125 06       		.uleb128 0x6
 412 0126 9B020000 		.4byte	.LASF24
 413 012a 06       		.byte	0x6
 414 012b 64       		.byte	0x64
 415 012c F8020000 		.4byte	0x2f8
 416 0130 02       		.byte	0x2
 417 0131 23       		.byte	0x23
 418 0132 0C       		.uleb128 0xc
 419 0133 06       		.uleb128 0x6
 420 0134 87000000 		.4byte	.LASF25
 421 0138 06       		.byte	0x6
 422 0139 66       		.byte	0x66
 423 013a 2B020000 		.4byte	0x22b
 424 013e 02       		.byte	0x2
 425 013f 23       		.byte	0x23
 426 0140 10       		.uleb128 0x10
 427 0141 06       		.uleb128 0x6
 428 0142 3D010000 		.4byte	.LASF26
 429 0146 06       		.byte	0x6
 430 0147 67       		.byte	0x67
 431 0148 2B020000 		.4byte	0x22b
 432 014c 02       		.byte	0x2
 433 014d 23       		.byte	0x23
 434 014e 14       		.uleb128 0x14
 435 014f 06       		.uleb128 0x6
 436 0150 82020000 		.4byte	.LASF27
 437 0154 06       		.byte	0x6
 438 0155 6E       		.byte	0x6e
 439 0156 13040000 		.4byte	0x413
 440 015a 02       		.byte	0x2
 441 015b 23       		.byte	0x23
 442 015c 18       		.uleb128 0x18
 443 015d 06       		.uleb128 0x6
 444 015e AB010000 		.4byte	.LASF28
 445 0162 06       		.byte	0x6
 446 0163 79       		.byte	0x79
 447 0164 97000000 		.4byte	0x97
 448 0168 02       		.byte	0x2
 449 0169 23       		.byte	0x23
 450 016a 1C       		.uleb128 0x1c
 451 016b 06       		.uleb128 0x6
 452 016c C8010000 		.4byte	.LASF29
 453 0170 06       		.byte	0x6
 454 0171 7D       		.byte	0x7d
ARM GAS  /tmp/ccQ1YUP8.s 			page 9


 455 0172 8C000000 		.4byte	0x8c
 456 0176 02       		.byte	0x2
 457 0177 23       		.byte	0x23
 458 0178 1D       		.uleb128 0x1d
 459 0179 06       		.uleb128 0x6
 460 017a 5C020000 		.4byte	.LASF30
 461 017e 06       		.byte	0x6
 462 017f 82       		.byte	0x82
 463 0180 A2000000 		.4byte	0xa2
 464 0184 02       		.byte	0x2
 465 0185 23       		.byte	0x23
 466 0186 1E       		.uleb128 0x1e
 467 0187 06       		.uleb128 0x6
 468 0188 39020000 		.4byte	.LASF31
 469 018c 06       		.byte	0x6
 470 018d 89       		.byte	0x89
 471 018e 1B030000 		.4byte	0x31b
 472 0192 02       		.byte	0x2
 473 0193 23       		.byte	0x23
 474 0194 20       		.uleb128 0x20
 475 0195 07       		.uleb128 0x7
 476 0196 705F7500 		.ascii	"p_u\000"
 477 019a 06       		.byte	0x6
 478 019b AE       		.byte	0xae
 479 019c DE030000 		.4byte	0x3de
 480 01a0 02       		.byte	0x2
 481 01a1 23       		.byte	0x23
 482 01a2 24       		.uleb128 0x24
 483 01a3 06       		.uleb128 0x6
 484 01a4 A1020000 		.4byte	.LASF32
 485 01a8 06       		.byte	0x6
 486 01a9 B3       		.byte	0xb3
 487 01aa 53020000 		.4byte	0x253
 488 01ae 02       		.byte	0x2
 489 01af 23       		.byte	0x23
 490 01b0 28       		.uleb128 0x28
 491 01b1 06       		.uleb128 0x6
 492 01b2 47020000 		.4byte	.LASF33
 493 01b6 06       		.byte	0x6
 494 01b7 B9       		.byte	0xb9
 495 01b8 31020000 		.4byte	0x231
 496 01bc 02       		.byte	0x2
 497 01bd 23       		.byte	0x23
 498 01be 2C       		.uleb128 0x2c
 499 01bf 06       		.uleb128 0x6
 500 01c0 00000000 		.4byte	.LASF34
 501 01c4 06       		.byte	0x6
 502 01c5 BD       		.byte	0xbd
 503 01c6 B8000000 		.4byte	0xb8
 504 01ca 02       		.byte	0x2
 505 01cb 23       		.byte	0x23
 506 01cc 34       		.uleb128 0x34
 507 01cd 06       		.uleb128 0x6
 508 01ce E4010000 		.4byte	.LASF35
 509 01d2 06       		.byte	0x6
 510 01d3 C3       		.byte	0xc3
 511 01d4 C3000000 		.4byte	0xc3
ARM GAS  /tmp/ccQ1YUP8.s 			page 10


 512 01d8 02       		.byte	0x2
 513 01d9 23       		.byte	0x23
 514 01da 38       		.uleb128 0x38
 515 01db 06       		.uleb128 0x6
 516 01dc 97010000 		.4byte	.LASF36
 517 01e0 06       		.byte	0x6
 518 01e1 CA       		.byte	0xca
 519 01e2 25040000 		.4byte	0x425
 520 01e6 02       		.byte	0x2
 521 01e7 23       		.byte	0x23
 522 01e8 3C       		.uleb128 0x3c
 523 01e9 06       		.uleb128 0x6
 524 01ea 2E020000 		.4byte	.LASF37
 525 01ee 06       		.byte	0x6
 526 01ef CE       		.byte	0xce
 527 01f0 AD000000 		.4byte	0xad
 528 01f4 02       		.byte	0x2
 529 01f5 23       		.byte	0x23
 530 01f6 40       		.uleb128 0x40
 531 01f7 06       		.uleb128 0x6
 532 01f8 5B000000 		.4byte	.LASF38
 533 01fc 06       		.byte	0x6
 534 01fd D4       		.byte	0xd4
 535 01fe 69020000 		.4byte	0x269
 536 0202 02       		.byte	0x2
 537 0203 23       		.byte	0x23
 538 0204 44       		.uleb128 0x44
 539 0205 00       		.byte	0
 540 0206 08       		.uleb128 0x8
 541 0207 08       		.byte	0x8
 542 0208 05       		.byte	0x5
 543 0209 61       		.byte	0x61
 544 020a 2B020000 		.4byte	0x22b
 545 020e 06       		.uleb128 0x6
 546 020f C1010000 		.4byte	.LASF21
 547 0213 05       		.byte	0x5
 548 0214 62       		.byte	0x62
 549 0215 2B020000 		.4byte	0x22b
 550 0219 02       		.byte	0x2
 551 021a 23       		.byte	0x23
 552 021b 00       		.uleb128 0
 553 021c 06       		.uleb128 0x6
 554 021d 72010000 		.4byte	.LASF22
 555 0221 05       		.byte	0x5
 556 0222 64       		.byte	0x64
 557 0223 2B020000 		.4byte	0x22b
 558 0227 02       		.byte	0x2
 559 0228 23       		.byte	0x23
 560 0229 04       		.uleb128 0x4
 561 022a 00       		.byte	0
 562 022b 09       		.uleb128 0x9
 563 022c 04       		.byte	0x4
 564 022d E4000000 		.4byte	0xe4
 565 0231 04       		.uleb128 0x4
 566 0232 4B010000 		.4byte	.LASF39
 567 0236 05       		.byte	0x5
 568 0237 66       		.byte	0x66
ARM GAS  /tmp/ccQ1YUP8.s 			page 11


 569 0238 06020000 		.4byte	0x206
 570 023c 08       		.uleb128 0x8
 571 023d 04       		.byte	0x4
 572 023e 05       		.byte	0x5
 573 023f 6B       		.byte	0x6b
 574 0240 53020000 		.4byte	0x253
 575 0244 06       		.uleb128 0x6
 576 0245 C1010000 		.4byte	.LASF21
 577 0249 05       		.byte	0x5
 578 024a 6D       		.byte	0x6d
 579 024b 2B020000 		.4byte	0x22b
 580 024f 02       		.byte	0x2
 581 0250 23       		.byte	0x23
 582 0251 00       		.uleb128 0
 583 0252 00       		.byte	0
 584 0253 04       		.uleb128 0x4
 585 0254 1F010000 		.4byte	.LASF40
 586 0258 05       		.byte	0x5
 587 0259 70       		.byte	0x70
 588 025a 3C020000 		.4byte	0x23c
 589 025e 04       		.uleb128 0x4
 590 025f 97000000 		.4byte	.LASF41
 591 0263 07       		.byte	0x7
 592 0264 D7       		.byte	0xd7
 593 0265 69020000 		.4byte	0x269
 594 0269 0A       		.uleb128 0xa
 595 026a 04       		.byte	0x4
 596 026b 05       		.uleb128 0x5
 597 026c 40020000 		.4byte	.LASF42
 598 0270 24       		.byte	0x24
 599 0271 07       		.byte	0x7
 600 0272 FE       		.byte	0xfe
 601 0273 F8020000 		.4byte	0x2f8
 602 0277 0B       		.uleb128 0xb
 603 0278 723400   		.ascii	"r4\000"
 604 027b 07       		.byte	0x7
 605 027c 1101     		.2byte	0x111
 606 027e 5E020000 		.4byte	0x25e
 607 0282 02       		.byte	0x2
 608 0283 23       		.byte	0x23
 609 0284 00       		.uleb128 0
 610 0285 0B       		.uleb128 0xb
 611 0286 723500   		.ascii	"r5\000"
 612 0289 07       		.byte	0x7
 613 028a 1201     		.2byte	0x112
 614 028c 5E020000 		.4byte	0x25e
 615 0290 02       		.byte	0x2
 616 0291 23       		.byte	0x23
 617 0292 04       		.uleb128 0x4
 618 0293 0B       		.uleb128 0xb
 619 0294 723600   		.ascii	"r6\000"
 620 0297 07       		.byte	0x7
 621 0298 1301     		.2byte	0x113
 622 029a 5E020000 		.4byte	0x25e
 623 029e 02       		.byte	0x2
 624 029f 23       		.byte	0x23
 625 02a0 08       		.uleb128 0x8
ARM GAS  /tmp/ccQ1YUP8.s 			page 12


 626 02a1 0B       		.uleb128 0xb
 627 02a2 723700   		.ascii	"r7\000"
 628 02a5 07       		.byte	0x7
 629 02a6 1401     		.2byte	0x114
 630 02a8 5E020000 		.4byte	0x25e
 631 02ac 02       		.byte	0x2
 632 02ad 23       		.byte	0x23
 633 02ae 0C       		.uleb128 0xc
 634 02af 0B       		.uleb128 0xb
 635 02b0 723800   		.ascii	"r8\000"
 636 02b3 07       		.byte	0x7
 637 02b4 1501     		.2byte	0x115
 638 02b6 5E020000 		.4byte	0x25e
 639 02ba 02       		.byte	0x2
 640 02bb 23       		.byte	0x23
 641 02bc 10       		.uleb128 0x10
 642 02bd 0B       		.uleb128 0xb
 643 02be 723900   		.ascii	"r9\000"
 644 02c1 07       		.byte	0x7
 645 02c2 1601     		.2byte	0x116
 646 02c4 5E020000 		.4byte	0x25e
 647 02c8 02       		.byte	0x2
 648 02c9 23       		.byte	0x23
 649 02ca 14       		.uleb128 0x14
 650 02cb 0B       		.uleb128 0xb
 651 02cc 72313000 		.ascii	"r10\000"
 652 02d0 07       		.byte	0x7
 653 02d1 1701     		.2byte	0x117
 654 02d3 5E020000 		.4byte	0x25e
 655 02d7 02       		.byte	0x2
 656 02d8 23       		.byte	0x23
 657 02d9 18       		.uleb128 0x18
 658 02da 0B       		.uleb128 0xb
 659 02db 72313100 		.ascii	"r11\000"
 660 02df 07       		.byte	0x7
 661 02e0 1801     		.2byte	0x118
 662 02e2 5E020000 		.4byte	0x25e
 663 02e6 02       		.byte	0x2
 664 02e7 23       		.byte	0x23
 665 02e8 1C       		.uleb128 0x1c
 666 02e9 0B       		.uleb128 0xb
 667 02ea 6C7200   		.ascii	"lr\000"
 668 02ed 07       		.byte	0x7
 669 02ee 1901     		.2byte	0x119
 670 02f0 5E020000 		.4byte	0x25e
 671 02f4 02       		.byte	0x2
 672 02f5 23       		.byte	0x23
 673 02f6 20       		.uleb128 0x20
 674 02f7 00       		.byte	0
 675 02f8 0C       		.uleb128 0xc
 676 02f9 C5000000 		.4byte	.LASF43
 677 02fd 04       		.byte	0x4
 678 02fe 07       		.byte	0x7
 679 02ff 2301     		.2byte	0x123
 680 0301 15030000 		.4byte	0x315
 681 0305 0B       		.uleb128 0xb
 682 0306 72313300 		.ascii	"r13\000"
ARM GAS  /tmp/ccQ1YUP8.s 			page 13


 683 030a 07       		.byte	0x7
 684 030b 2401     		.2byte	0x124
 685 030d 15030000 		.4byte	0x315
 686 0311 02       		.byte	0x2
 687 0312 23       		.byte	0x23
 688 0313 00       		.uleb128 0
 689 0314 00       		.byte	0
 690 0315 09       		.uleb128 0x9
 691 0316 04       		.byte	0x4
 692 0317 6B020000 		.4byte	0x26b
 693 031b 0D       		.uleb128 0xd
 694 031c CE000000 		.4byte	0xce
 695 0320 08       		.uleb128 0x8
 696 0321 20       		.byte	0x20
 697 0322 08       		.byte	0x8
 698 0323 5E       		.byte	0x5e
 699 0324 8B030000 		.4byte	0x38b
 700 0328 06       		.uleb128 0x6
 701 0329 F8010000 		.4byte	.LASF44
 702 032d 08       		.byte	0x8
 703 032e 5F       		.byte	0x5f
 704 032f 31020000 		.4byte	0x231
 705 0333 02       		.byte	0x2
 706 0334 23       		.byte	0x23
 707 0335 00       		.uleb128 0
 708 0336 06       		.uleb128 0x6
 709 0337 B3010000 		.4byte	.LASF45
 710 033b 08       		.byte	0x8
 711 033c 60       		.byte	0x60
 712 033d AD000000 		.4byte	0xad
 713 0341 02       		.byte	0x2
 714 0342 23       		.byte	0x23
 715 0343 08       		.uleb128 0x8
 716 0344 06       		.uleb128 0x6
 717 0345 45010000 		.4byte	.LASF46
 718 0349 08       		.byte	0x8
 719 034a 62       		.byte	0x62
 720 034b F8020000 		.4byte	0x2f8
 721 034f 02       		.byte	0x2
 722 0350 23       		.byte	0x23
 723 0351 0C       		.uleb128 0xc
 724 0352 06       		.uleb128 0x6
 725 0353 8F000000 		.4byte	.LASF47
 726 0357 08       		.byte	0x8
 727 0358 65       		.byte	0x65
 728 0359 2B020000 		.4byte	0x22b
 729 035d 02       		.byte	0x2
 730 035e 23       		.byte	0x23
 731 035f 10       		.uleb128 0x10
 732 0360 06       		.uleb128 0x6
 733 0361 62010000 		.4byte	.LASF48
 734 0365 08       		.byte	0x8
 735 0366 66       		.byte	0x66
 736 0367 2B020000 		.4byte	0x22b
 737 036b 02       		.byte	0x2
 738 036c 23       		.byte	0x23
 739 036d 14       		.uleb128 0x14
ARM GAS  /tmp/ccQ1YUP8.s 			page 14


 740 036e 06       		.uleb128 0x6
 741 036f 89020000 		.4byte	.LASF49
 742 0373 08       		.byte	0x8
 743 0374 6A       		.byte	0x6a
 744 0375 D9000000 		.4byte	0xd9
 745 0379 02       		.byte	0x2
 746 037a 23       		.byte	0x23
 747 037b 18       		.uleb128 0x18
 748 037c 06       		.uleb128 0x6
 749 037d 58010000 		.4byte	.LASF50
 750 0381 08       		.byte	0x8
 751 0382 6C       		.byte	0x6c
 752 0383 2B020000 		.4byte	0x22b
 753 0387 02       		.byte	0x2
 754 0388 23       		.byte	0x23
 755 0389 1C       		.uleb128 0x1c
 756 038a 00       		.byte	0
 757 038b 04       		.uleb128 0x4
 758 038c 63020000 		.4byte	.LASF51
 759 0390 08       		.byte	0x8
 760 0391 6E       		.byte	0x6e
 761 0392 20030000 		.4byte	0x320
 762 0396 05       		.uleb128 0x5
 763 0397 37010000 		.4byte	.LASF52
 764 039b 10       		.byte	0x10
 765 039c 09       		.byte	0x9
 766 039d 2C       		.byte	0x2c
 767 039e CD030000 		.4byte	0x3cd
 768 03a2 06       		.uleb128 0x6
 769 03a3 63000000 		.4byte	.LASF53
 770 03a7 09       		.byte	0x9
 771 03a8 2D       		.byte	0x2d
 772 03a9 31020000 		.4byte	0x231
 773 03ad 02       		.byte	0x2
 774 03ae 23       		.byte	0x23
 775 03af 00       		.uleb128 0
 776 03b0 06       		.uleb128 0x6
 777 03b1 93020000 		.4byte	.LASF54
 778 03b5 09       		.byte	0x9
 779 03b6 2F       		.byte	0x2f
 780 03b7 2B020000 		.4byte	0x22b
 781 03bb 02       		.byte	0x2
 782 03bc 23       		.byte	0x23
 783 03bd 08       		.uleb128 0x8
 784 03be 06       		.uleb128 0x6
 785 03bf 1D020000 		.4byte	.LASF55
 786 03c3 09       		.byte	0x9
 787 03c4 31       		.byte	0x31
 788 03c5 CD030000 		.4byte	0x3cd
 789 03c9 02       		.byte	0x2
 790 03ca 23       		.byte	0x23
 791 03cb 0C       		.uleb128 0xc
 792 03cc 00       		.byte	0
 793 03cd 09       		.uleb128 0x9
 794 03ce 04       		.byte	0x4
 795 03cf 96030000 		.4byte	0x396
 796 03d3 04       		.uleb128 0x4
ARM GAS  /tmp/ccQ1YUP8.s 			page 15


 797 03d4 37010000 		.4byte	.LASF52
 798 03d8 09       		.byte	0x9
 799 03d9 33       		.byte	0x33
 800 03da 96030000 		.4byte	0x396
 801 03de 0E       		.uleb128 0xe
 802 03df 04       		.byte	0x4
 803 03e0 06       		.byte	0x6
 804 03e1 90       		.byte	0x90
 805 03e2 13040000 		.4byte	0x413
 806 03e6 0F       		.uleb128 0xf
 807 03e7 13000000 		.4byte	.LASF56
 808 03eb 06       		.byte	0x6
 809 03ec 97       		.byte	0x97
 810 03ed B8000000 		.4byte	0xb8
 811 03f1 0F       		.uleb128 0xf
 812 03f2 31000000 		.4byte	.LASF57
 813 03f6 06       		.byte	0x6
 814 03f7 9E       		.byte	0x9e
 815 03f8 B8000000 		.4byte	0xb8
 816 03fc 0F       		.uleb128 0xf
 817 03fd 7B020000 		.4byte	.LASF58
 818 0401 06       		.byte	0x6
 819 0402 A5       		.byte	0xa5
 820 0403 69020000 		.4byte	0x269
 821 0407 0F       		.uleb128 0xf
 822 0408 BA010000 		.4byte	.LASF59
 823 040c 06       		.byte	0x6
 824 040d AC       		.byte	0xac
 825 040e C3000000 		.4byte	0xc3
 826 0412 00       		.byte	0
 827 0413 09       		.uleb128 0x9
 828 0414 04       		.byte	0x4
 829 0415 19040000 		.4byte	0x419
 830 0419 10       		.uleb128 0x10
 831 041a 1E040000 		.4byte	0x41e
 832 041e 03       		.uleb128 0x3
 833 041f 01       		.byte	0x1
 834 0420 08       		.byte	0x8
 835 0421 0C020000 		.4byte	.LASF60
 836 0425 09       		.uleb128 0x9
 837 0426 04       		.byte	0x4
 838 0427 D3030000 		.4byte	0x3d3
 839 042b 11       		.uleb128 0x11
 840 042c 06000000 		.4byte	.LASF65
 841 0430 02       		.byte	0x2
 842 0431 34       		.byte	0x34
 843 0432 01       		.byte	0x1
 844 0433 03       		.byte	0x3
 845 0434 4E040000 		.4byte	0x44e
 846 0438 12       		.uleb128 0x12
 847 0439 747000   		.ascii	"tp\000"
 848 043c 02       		.byte	0x2
 849 043d 34       		.byte	0x34
 850 043e 2B020000 		.4byte	0x22b
 851 0442 12       		.uleb128 0x12
 852 0443 74717000 		.ascii	"tqp\000"
 853 0447 02       		.byte	0x2
ARM GAS  /tmp/ccQ1YUP8.s 			page 16


 854 0448 34       		.byte	0x34
 855 0449 4E040000 		.4byte	0x44e
 856 044d 00       		.byte	0
 857 044e 09       		.uleb128 0x9
 858 044f 04       		.byte	0x4
 859 0450 31020000 		.4byte	0x231
 860 0454 13       		.uleb128 0x13
 861 0455 11020000 		.4byte	.LASF66
 862 0459 02       		.byte	0x2
 863 045a 3B       		.byte	0x3b
 864 045b 01       		.byte	0x1
 865 045c 2B020000 		.4byte	0x22b
 866 0460 03       		.byte	0x3
 867 0461 7B040000 		.4byte	0x47b
 868 0465 12       		.uleb128 0x12
 869 0466 74717000 		.ascii	"tqp\000"
 870 046a 02       		.byte	0x2
 871 046b 3B       		.byte	0x3b
 872 046c 4E040000 		.4byte	0x44e
 873 0470 14       		.uleb128 0x14
 874 0471 747000   		.ascii	"tp\000"
 875 0474 02       		.byte	0x2
 876 0475 3C       		.byte	0x3c
 877 0476 2B020000 		.4byte	0x22b
 878 047a 00       		.byte	0
 879 047b 15       		.uleb128 0x15
 880 047c 01       		.byte	0x1
 881 047d 74000000 		.4byte	.LASF61
 882 0481 01       		.byte	0x1
 883 0482 4B       		.byte	0x4b
 884 0483 01       		.byte	0x1
 885 0484 B8000000 		.4byte	0xb8
 886 0488 00000000 		.4byte	.LFB7
 887 048c 4E000000 		.4byte	.LFE7
 888 0490 00000000 		.4byte	.LLST0
 889 0494 17050000 		.4byte	0x517
 890 0498 16       		.uleb128 0x16
 891 0499 747000   		.ascii	"tp\000"
 892 049c 01       		.byte	0x1
 893 049d 4B       		.byte	0x4b
 894 049e 2B020000 		.4byte	0x22b
 895 04a2 20000000 		.4byte	.LLST1
 896 04a6 16       		.uleb128 0x16
 897 04a7 6D736700 		.ascii	"msg\000"
 898 04ab 01       		.byte	0x1
 899 04ac 4B       		.byte	0x4b
 900 04ad B8000000 		.4byte	0xb8
 901 04b1 40000000 		.4byte	.LLST2
 902 04b5 17       		.uleb128 0x17
 903 04b6 63747000 		.ascii	"ctp\000"
 904 04ba 01       		.byte	0x1
 905 04bb 4C       		.byte	0x4c
 906 04bc 2B020000 		.4byte	0x22b
 907 04c0 76000000 		.4byte	.LLST3
 908 04c4 18       		.uleb128 0x18
 909 04c5 00000000 		.4byte	.Ldebug_ranges0+0
 910 04c9 DD040000 		.4byte	0x4dd
ARM GAS  /tmp/ccQ1YUP8.s 			page 17


 911 04cd 17       		.uleb128 0x17
 912 04ce 746D7000 		.ascii	"tmp\000"
 913 04d2 01       		.byte	0x1
 914 04d3 50       		.byte	0x50
 915 04d4 6C000000 		.4byte	0x6c
 916 04d8 95000000 		.4byte	.LLST4
 917 04dc 00       		.byte	0
 918 04dd 19       		.uleb128 0x19
 919 04de 2B040000 		.4byte	0x42b
 920 04e2 1A000000 		.4byte	.LBB12
 921 04e6 18000000 		.4byte	.Ldebug_ranges0+0x18
 922 04ea 01       		.byte	0x1
 923 04eb 53       		.byte	0x53
 924 04ec 01050000 		.4byte	0x501
 925 04f0 1A       		.uleb128 0x1a
 926 04f1 42040000 		.4byte	0x442
 927 04f5 01       		.byte	0x1
 928 04f6 55       		.byte	0x55
 929 04f7 1B       		.uleb128 0x1b
 930 04f8 38040000 		.4byte	0x438
 931 04fc A8000000 		.4byte	.LLST5
 932 0500 00       		.byte	0
 933 0501 1C       		.uleb128 0x1c
 934 0502 30000000 		.4byte	.Ldebug_ranges0+0x30
 935 0506 17       		.uleb128 0x17
 936 0507 746D7000 		.ascii	"tmp\000"
 937 050b 01       		.byte	0x1
 938 050c 58       		.byte	0x58
 939 050d 6C000000 		.4byte	0x6c
 940 0511 C7000000 		.4byte	.LLST6
 941 0515 00       		.byte	0
 942 0516 00       		.byte	0
 943 0517 15       		.uleb128 0x15
 944 0518 01       		.byte	0x1
 945 0519 52020000 		.4byte	.LASF62
 946 051d 01       		.byte	0x1
 947 051e 6A       		.byte	0x6a
 948 051f 01       		.byte	0x1
 949 0520 2B020000 		.4byte	0x22b
 950 0524 00000000 		.4byte	.LFB8
 951 0528 3E000000 		.4byte	.LFE8
 952 052c E5000000 		.4byte	.LLST7
 953 0530 A5050000 		.4byte	0x5a5
 954 0534 14       		.uleb128 0x14
 955 0535 747000   		.ascii	"tp\000"
 956 0538 01       		.byte	0x1
 957 0539 6B       		.byte	0x6b
 958 053a 2B020000 		.4byte	0x22b
 959 053e 1D       		.uleb128 0x1d
 960 053f 02000000 		.4byte	.LBB18
 961 0543 08000000 		.4byte	.LBE18
 962 0547 5B050000 		.4byte	0x55b
 963 054b 17       		.uleb128 0x17
 964 054c 746D7000 		.ascii	"tmp\000"
 965 0550 01       		.byte	0x1
 966 0551 6D       		.byte	0x6d
 967 0552 6C000000 		.4byte	0x6c
ARM GAS  /tmp/ccQ1YUP8.s 			page 18


 968 0556 05010000 		.4byte	.LLST8
 969 055a 00       		.byte	0
 970 055b 1E       		.uleb128 0x1e
 971 055c 54040000 		.4byte	0x454
 972 0560 1C000000 		.4byte	.LBB19
 973 0564 22000000 		.4byte	.LBE19
 974 0568 01       		.byte	0x1
 975 0569 70       		.byte	0x70
 976 056a 8B050000 		.4byte	0x58b
 977 056e 1B       		.uleb128 0x1b
 978 056f 65040000 		.4byte	0x465
 979 0573 18010000 		.4byte	.LLST9
 980 0577 1F       		.uleb128 0x1f
 981 0578 1C000000 		.4byte	.LBB20
 982 057c 22000000 		.4byte	.LBE20
 983 0580 20       		.uleb128 0x20
 984 0581 70040000 		.4byte	0x470
 985 0585 2D010000 		.4byte	.LLST10
 986 0589 00       		.byte	0
 987 058a 00       		.byte	0
 988 058b 1F       		.uleb128 0x1f
 989 058c 26000000 		.4byte	.LBB21
 990 0590 2C000000 		.4byte	.LBE21
 991 0594 17       		.uleb128 0x17
 992 0595 746D7000 		.ascii	"tmp\000"
 993 0599 01       		.byte	0x1
 994 059a 72       		.byte	0x72
 995 059b 6C000000 		.4byte	0x6c
 996 059f 40010000 		.4byte	.LLST11
 997 05a3 00       		.byte	0
 998 05a4 00       		.byte	0
 999 05a5 21       		.uleb128 0x21
 1000 05a6 01       		.byte	0x1
 1001 05a7 D7010000 		.4byte	.LASF67
 1002 05ab 01       		.byte	0x1
 1003 05ac 80       		.byte	0x80
 1004 05ad 01       		.byte	0x1
 1005 05ae 00000000 		.4byte	.LFB9
 1006 05b2 14000000 		.4byte	.LFE9
 1007 05b6 53010000 		.4byte	.LLST12
 1008 05ba 12060000 		.4byte	0x612
 1009 05be 16       		.uleb128 0x16
 1010 05bf 747000   		.ascii	"tp\000"
 1011 05c2 01       		.byte	0x1
 1012 05c3 80       		.byte	0x80
 1013 05c4 2B020000 		.4byte	0x22b
 1014 05c8 73010000 		.4byte	.LLST13
 1015 05cc 16       		.uleb128 0x16
 1016 05cd 6D736700 		.ascii	"msg\000"
 1017 05d1 01       		.byte	0x1
 1018 05d2 80       		.byte	0x80
 1019 05d3 B8000000 		.4byte	0xb8
 1020 05d7 86010000 		.4byte	.LLST14
 1021 05db 1D       		.uleb128 0x1d
 1022 05dc 02000000 		.4byte	.LBB22
 1023 05e0 08000000 		.4byte	.LBE22
 1024 05e4 F8050000 		.4byte	0x5f8
ARM GAS  /tmp/ccQ1YUP8.s 			page 19


 1025 05e8 17       		.uleb128 0x17
 1026 05e9 746D7000 		.ascii	"tmp\000"
 1027 05ed 01       		.byte	0x1
 1028 05ee 82       		.byte	0x82
 1029 05ef 6C000000 		.4byte	0x6c
 1030 05f3 99010000 		.4byte	.LLST15
 1031 05f7 00       		.byte	0
 1032 05f8 1F       		.uleb128 0x1f
 1033 05f9 0C000000 		.4byte	.LBB23
 1034 05fd 12000000 		.4byte	.LBE23
 1035 0601 17       		.uleb128 0x17
 1036 0602 746D7000 		.ascii	"tmp\000"
 1037 0606 01       		.byte	0x1
 1038 0607 86       		.byte	0x86
 1039 0608 6C000000 		.4byte	0x6c
 1040 060c AC010000 		.4byte	.LLST16
 1041 0610 00       		.byte	0
 1042 0611 00       		.byte	0
 1043 0612 22       		.uleb128 0x22
 1044 0613 6D020000 		.4byte	.LASF68
 1045 0617 08       		.byte	0x8
 1046 0618 72       		.byte	0x72
 1047 0619 8B030000 		.4byte	0x38b
 1048 061d 01       		.byte	0x1
 1049 061e 01       		.byte	0x1
 1050 061f 00       		.byte	0
 1051              		.section	.debug_abbrev,"",%progbits
 1052              	.Ldebug_abbrev0:
 1053 0000 01       		.uleb128 0x1
 1054 0001 11       		.uleb128 0x11
 1055 0002 01       		.byte	0x1
 1056 0003 25       		.uleb128 0x25
 1057 0004 0E       		.uleb128 0xe
 1058 0005 13       		.uleb128 0x13
 1059 0006 0B       		.uleb128 0xb
 1060 0007 03       		.uleb128 0x3
 1061 0008 0E       		.uleb128 0xe
 1062 0009 11       		.uleb128 0x11
 1063 000a 01       		.uleb128 0x1
 1064 000b 52       		.uleb128 0x52
 1065 000c 01       		.uleb128 0x1
 1066 000d 55       		.uleb128 0x55
 1067 000e 06       		.uleb128 0x6
 1068 000f 10       		.uleb128 0x10
 1069 0010 06       		.uleb128 0x6
 1070 0011 00       		.byte	0
 1071 0012 00       		.byte	0
 1072 0013 02       		.uleb128 0x2
 1073 0014 24       		.uleb128 0x24
 1074 0015 00       		.byte	0
 1075 0016 0B       		.uleb128 0xb
 1076 0017 0B       		.uleb128 0xb
 1077 0018 3E       		.uleb128 0x3e
 1078 0019 0B       		.uleb128 0xb
 1079 001a 03       		.uleb128 0x3
 1080 001b 08       		.uleb128 0x8
 1081 001c 00       		.byte	0
ARM GAS  /tmp/ccQ1YUP8.s 			page 20


 1082 001d 00       		.byte	0
 1083 001e 03       		.uleb128 0x3
 1084 001f 24       		.uleb128 0x24
 1085 0020 00       		.byte	0
 1086 0021 0B       		.uleb128 0xb
 1087 0022 0B       		.uleb128 0xb
 1088 0023 3E       		.uleb128 0x3e
 1089 0024 0B       		.uleb128 0xb
 1090 0025 03       		.uleb128 0x3
 1091 0026 0E       		.uleb128 0xe
 1092 0027 00       		.byte	0
 1093 0028 00       		.byte	0
 1094 0029 04       		.uleb128 0x4
 1095 002a 16       		.uleb128 0x16
 1096 002b 00       		.byte	0
 1097 002c 03       		.uleb128 0x3
 1098 002d 0E       		.uleb128 0xe
 1099 002e 3A       		.uleb128 0x3a
 1100 002f 0B       		.uleb128 0xb
 1101 0030 3B       		.uleb128 0x3b
 1102 0031 0B       		.uleb128 0xb
 1103 0032 49       		.uleb128 0x49
 1104 0033 13       		.uleb128 0x13
 1105 0034 00       		.byte	0
 1106 0035 00       		.byte	0
 1107 0036 05       		.uleb128 0x5
 1108 0037 13       		.uleb128 0x13
 1109 0038 01       		.byte	0x1
 1110 0039 03       		.uleb128 0x3
 1111 003a 0E       		.uleb128 0xe
 1112 003b 0B       		.uleb128 0xb
 1113 003c 0B       		.uleb128 0xb
 1114 003d 3A       		.uleb128 0x3a
 1115 003e 0B       		.uleb128 0xb
 1116 003f 3B       		.uleb128 0x3b
 1117 0040 0B       		.uleb128 0xb
 1118 0041 01       		.uleb128 0x1
 1119 0042 13       		.uleb128 0x13
 1120 0043 00       		.byte	0
 1121 0044 00       		.byte	0
 1122 0045 06       		.uleb128 0x6
 1123 0046 0D       		.uleb128 0xd
 1124 0047 00       		.byte	0
 1125 0048 03       		.uleb128 0x3
 1126 0049 0E       		.uleb128 0xe
 1127 004a 3A       		.uleb128 0x3a
 1128 004b 0B       		.uleb128 0xb
 1129 004c 3B       		.uleb128 0x3b
 1130 004d 0B       		.uleb128 0xb
 1131 004e 49       		.uleb128 0x49
 1132 004f 13       		.uleb128 0x13
 1133 0050 38       		.uleb128 0x38
 1134 0051 0A       		.uleb128 0xa
 1135 0052 00       		.byte	0
 1136 0053 00       		.byte	0
 1137 0054 07       		.uleb128 0x7
 1138 0055 0D       		.uleb128 0xd
ARM GAS  /tmp/ccQ1YUP8.s 			page 21


 1139 0056 00       		.byte	0
 1140 0057 03       		.uleb128 0x3
 1141 0058 08       		.uleb128 0x8
 1142 0059 3A       		.uleb128 0x3a
 1143 005a 0B       		.uleb128 0xb
 1144 005b 3B       		.uleb128 0x3b
 1145 005c 0B       		.uleb128 0xb
 1146 005d 49       		.uleb128 0x49
 1147 005e 13       		.uleb128 0x13
 1148 005f 38       		.uleb128 0x38
 1149 0060 0A       		.uleb128 0xa
 1150 0061 00       		.byte	0
 1151 0062 00       		.byte	0
 1152 0063 08       		.uleb128 0x8
 1153 0064 13       		.uleb128 0x13
 1154 0065 01       		.byte	0x1
 1155 0066 0B       		.uleb128 0xb
 1156 0067 0B       		.uleb128 0xb
 1157 0068 3A       		.uleb128 0x3a
 1158 0069 0B       		.uleb128 0xb
 1159 006a 3B       		.uleb128 0x3b
 1160 006b 0B       		.uleb128 0xb
 1161 006c 01       		.uleb128 0x1
 1162 006d 13       		.uleb128 0x13
 1163 006e 00       		.byte	0
 1164 006f 00       		.byte	0
 1165 0070 09       		.uleb128 0x9
 1166 0071 0F       		.uleb128 0xf
 1167 0072 00       		.byte	0
 1168 0073 0B       		.uleb128 0xb
 1169 0074 0B       		.uleb128 0xb
 1170 0075 49       		.uleb128 0x49
 1171 0076 13       		.uleb128 0x13
 1172 0077 00       		.byte	0
 1173 0078 00       		.byte	0
 1174 0079 0A       		.uleb128 0xa
 1175 007a 0F       		.uleb128 0xf
 1176 007b 00       		.byte	0
 1177 007c 0B       		.uleb128 0xb
 1178 007d 0B       		.uleb128 0xb
 1179 007e 00       		.byte	0
 1180 007f 00       		.byte	0
 1181 0080 0B       		.uleb128 0xb
 1182 0081 0D       		.uleb128 0xd
 1183 0082 00       		.byte	0
 1184 0083 03       		.uleb128 0x3
 1185 0084 08       		.uleb128 0x8
 1186 0085 3A       		.uleb128 0x3a
 1187 0086 0B       		.uleb128 0xb
 1188 0087 3B       		.uleb128 0x3b
 1189 0088 05       		.uleb128 0x5
 1190 0089 49       		.uleb128 0x49
 1191 008a 13       		.uleb128 0x13
 1192 008b 38       		.uleb128 0x38
 1193 008c 0A       		.uleb128 0xa
 1194 008d 00       		.byte	0
 1195 008e 00       		.byte	0
ARM GAS  /tmp/ccQ1YUP8.s 			page 22


 1196 008f 0C       		.uleb128 0xc
 1197 0090 13       		.uleb128 0x13
 1198 0091 01       		.byte	0x1
 1199 0092 03       		.uleb128 0x3
 1200 0093 0E       		.uleb128 0xe
 1201 0094 0B       		.uleb128 0xb
 1202 0095 0B       		.uleb128 0xb
 1203 0096 3A       		.uleb128 0x3a
 1204 0097 0B       		.uleb128 0xb
 1205 0098 3B       		.uleb128 0x3b
 1206 0099 05       		.uleb128 0x5
 1207 009a 01       		.uleb128 0x1
 1208 009b 13       		.uleb128 0x13
 1209 009c 00       		.byte	0
 1210 009d 00       		.byte	0
 1211 009e 0D       		.uleb128 0xd
 1212 009f 35       		.uleb128 0x35
 1213 00a0 00       		.byte	0
 1214 00a1 49       		.uleb128 0x49
 1215 00a2 13       		.uleb128 0x13
 1216 00a3 00       		.byte	0
 1217 00a4 00       		.byte	0
 1218 00a5 0E       		.uleb128 0xe
 1219 00a6 17       		.uleb128 0x17
 1220 00a7 01       		.byte	0x1
 1221 00a8 0B       		.uleb128 0xb
 1222 00a9 0B       		.uleb128 0xb
 1223 00aa 3A       		.uleb128 0x3a
 1224 00ab 0B       		.uleb128 0xb
 1225 00ac 3B       		.uleb128 0x3b
 1226 00ad 0B       		.uleb128 0xb
 1227 00ae 01       		.uleb128 0x1
 1228 00af 13       		.uleb128 0x13
 1229 00b0 00       		.byte	0
 1230 00b1 00       		.byte	0
 1231 00b2 0F       		.uleb128 0xf
 1232 00b3 0D       		.uleb128 0xd
 1233 00b4 00       		.byte	0
 1234 00b5 03       		.uleb128 0x3
 1235 00b6 0E       		.uleb128 0xe
 1236 00b7 3A       		.uleb128 0x3a
 1237 00b8 0B       		.uleb128 0xb
 1238 00b9 3B       		.uleb128 0x3b
 1239 00ba 0B       		.uleb128 0xb
 1240 00bb 49       		.uleb128 0x49
 1241 00bc 13       		.uleb128 0x13
 1242 00bd 00       		.byte	0
 1243 00be 00       		.byte	0
 1244 00bf 10       		.uleb128 0x10
 1245 00c0 26       		.uleb128 0x26
 1246 00c1 00       		.byte	0
 1247 00c2 49       		.uleb128 0x49
 1248 00c3 13       		.uleb128 0x13
 1249 00c4 00       		.byte	0
 1250 00c5 00       		.byte	0
 1251 00c6 11       		.uleb128 0x11
 1252 00c7 2E       		.uleb128 0x2e
ARM GAS  /tmp/ccQ1YUP8.s 			page 23


 1253 00c8 01       		.byte	0x1
 1254 00c9 03       		.uleb128 0x3
 1255 00ca 0E       		.uleb128 0xe
 1256 00cb 3A       		.uleb128 0x3a
 1257 00cc 0B       		.uleb128 0xb
 1258 00cd 3B       		.uleb128 0x3b
 1259 00ce 0B       		.uleb128 0xb
 1260 00cf 27       		.uleb128 0x27
 1261 00d0 0C       		.uleb128 0xc
 1262 00d1 20       		.uleb128 0x20
 1263 00d2 0B       		.uleb128 0xb
 1264 00d3 01       		.uleb128 0x1
 1265 00d4 13       		.uleb128 0x13
 1266 00d5 00       		.byte	0
 1267 00d6 00       		.byte	0
 1268 00d7 12       		.uleb128 0x12
 1269 00d8 05       		.uleb128 0x5
 1270 00d9 00       		.byte	0
 1271 00da 03       		.uleb128 0x3
 1272 00db 08       		.uleb128 0x8
 1273 00dc 3A       		.uleb128 0x3a
 1274 00dd 0B       		.uleb128 0xb
 1275 00de 3B       		.uleb128 0x3b
 1276 00df 0B       		.uleb128 0xb
 1277 00e0 49       		.uleb128 0x49
 1278 00e1 13       		.uleb128 0x13
 1279 00e2 00       		.byte	0
 1280 00e3 00       		.byte	0
 1281 00e4 13       		.uleb128 0x13
 1282 00e5 2E       		.uleb128 0x2e
 1283 00e6 01       		.byte	0x1
 1284 00e7 03       		.uleb128 0x3
 1285 00e8 0E       		.uleb128 0xe
 1286 00e9 3A       		.uleb128 0x3a
 1287 00ea 0B       		.uleb128 0xb
 1288 00eb 3B       		.uleb128 0x3b
 1289 00ec 0B       		.uleb128 0xb
 1290 00ed 27       		.uleb128 0x27
 1291 00ee 0C       		.uleb128 0xc
 1292 00ef 49       		.uleb128 0x49
 1293 00f0 13       		.uleb128 0x13
 1294 00f1 20       		.uleb128 0x20
 1295 00f2 0B       		.uleb128 0xb
 1296 00f3 01       		.uleb128 0x1
 1297 00f4 13       		.uleb128 0x13
 1298 00f5 00       		.byte	0
 1299 00f6 00       		.byte	0
 1300 00f7 14       		.uleb128 0x14
 1301 00f8 34       		.uleb128 0x34
 1302 00f9 00       		.byte	0
 1303 00fa 03       		.uleb128 0x3
 1304 00fb 08       		.uleb128 0x8
 1305 00fc 3A       		.uleb128 0x3a
 1306 00fd 0B       		.uleb128 0xb
 1307 00fe 3B       		.uleb128 0x3b
 1308 00ff 0B       		.uleb128 0xb
 1309 0100 49       		.uleb128 0x49
ARM GAS  /tmp/ccQ1YUP8.s 			page 24


 1310 0101 13       		.uleb128 0x13
 1311 0102 00       		.byte	0
 1312 0103 00       		.byte	0
 1313 0104 15       		.uleb128 0x15
 1314 0105 2E       		.uleb128 0x2e
 1315 0106 01       		.byte	0x1
 1316 0107 3F       		.uleb128 0x3f
 1317 0108 0C       		.uleb128 0xc
 1318 0109 03       		.uleb128 0x3
 1319 010a 0E       		.uleb128 0xe
 1320 010b 3A       		.uleb128 0x3a
 1321 010c 0B       		.uleb128 0xb
 1322 010d 3B       		.uleb128 0x3b
 1323 010e 0B       		.uleb128 0xb
 1324 010f 27       		.uleb128 0x27
 1325 0110 0C       		.uleb128 0xc
 1326 0111 49       		.uleb128 0x49
 1327 0112 13       		.uleb128 0x13
 1328 0113 11       		.uleb128 0x11
 1329 0114 01       		.uleb128 0x1
 1330 0115 12       		.uleb128 0x12
 1331 0116 01       		.uleb128 0x1
 1332 0117 40       		.uleb128 0x40
 1333 0118 06       		.uleb128 0x6
 1334 0119 01       		.uleb128 0x1
 1335 011a 13       		.uleb128 0x13
 1336 011b 00       		.byte	0
 1337 011c 00       		.byte	0
 1338 011d 16       		.uleb128 0x16
 1339 011e 05       		.uleb128 0x5
 1340 011f 00       		.byte	0
 1341 0120 03       		.uleb128 0x3
 1342 0121 08       		.uleb128 0x8
 1343 0122 3A       		.uleb128 0x3a
 1344 0123 0B       		.uleb128 0xb
 1345 0124 3B       		.uleb128 0x3b
 1346 0125 0B       		.uleb128 0xb
 1347 0126 49       		.uleb128 0x49
 1348 0127 13       		.uleb128 0x13
 1349 0128 02       		.uleb128 0x2
 1350 0129 06       		.uleb128 0x6
 1351 012a 00       		.byte	0
 1352 012b 00       		.byte	0
 1353 012c 17       		.uleb128 0x17
 1354 012d 34       		.uleb128 0x34
 1355 012e 00       		.byte	0
 1356 012f 03       		.uleb128 0x3
 1357 0130 08       		.uleb128 0x8
 1358 0131 3A       		.uleb128 0x3a
 1359 0132 0B       		.uleb128 0xb
 1360 0133 3B       		.uleb128 0x3b
 1361 0134 0B       		.uleb128 0xb
 1362 0135 49       		.uleb128 0x49
 1363 0136 13       		.uleb128 0x13
 1364 0137 02       		.uleb128 0x2
 1365 0138 06       		.uleb128 0x6
 1366 0139 00       		.byte	0
ARM GAS  /tmp/ccQ1YUP8.s 			page 25


 1367 013a 00       		.byte	0
 1368 013b 18       		.uleb128 0x18
 1369 013c 0B       		.uleb128 0xb
 1370 013d 01       		.byte	0x1
 1371 013e 55       		.uleb128 0x55
 1372 013f 06       		.uleb128 0x6
 1373 0140 01       		.uleb128 0x1
 1374 0141 13       		.uleb128 0x13
 1375 0142 00       		.byte	0
 1376 0143 00       		.byte	0
 1377 0144 19       		.uleb128 0x19
 1378 0145 1D       		.uleb128 0x1d
 1379 0146 01       		.byte	0x1
 1380 0147 31       		.uleb128 0x31
 1381 0148 13       		.uleb128 0x13
 1382 0149 52       		.uleb128 0x52
 1383 014a 01       		.uleb128 0x1
 1384 014b 55       		.uleb128 0x55
 1385 014c 06       		.uleb128 0x6
 1386 014d 58       		.uleb128 0x58
 1387 014e 0B       		.uleb128 0xb
 1388 014f 59       		.uleb128 0x59
 1389 0150 0B       		.uleb128 0xb
 1390 0151 01       		.uleb128 0x1
 1391 0152 13       		.uleb128 0x13
 1392 0153 00       		.byte	0
 1393 0154 00       		.byte	0
 1394 0155 1A       		.uleb128 0x1a
 1395 0156 05       		.uleb128 0x5
 1396 0157 00       		.byte	0
 1397 0158 31       		.uleb128 0x31
 1398 0159 13       		.uleb128 0x13
 1399 015a 02       		.uleb128 0x2
 1400 015b 0A       		.uleb128 0xa
 1401 015c 00       		.byte	0
 1402 015d 00       		.byte	0
 1403 015e 1B       		.uleb128 0x1b
 1404 015f 05       		.uleb128 0x5
 1405 0160 00       		.byte	0
 1406 0161 31       		.uleb128 0x31
 1407 0162 13       		.uleb128 0x13
 1408 0163 02       		.uleb128 0x2
 1409 0164 06       		.uleb128 0x6
 1410 0165 00       		.byte	0
 1411 0166 00       		.byte	0
 1412 0167 1C       		.uleb128 0x1c
 1413 0168 0B       		.uleb128 0xb
 1414 0169 01       		.byte	0x1
 1415 016a 55       		.uleb128 0x55
 1416 016b 06       		.uleb128 0x6
 1417 016c 00       		.byte	0
 1418 016d 00       		.byte	0
 1419 016e 1D       		.uleb128 0x1d
 1420 016f 0B       		.uleb128 0xb
 1421 0170 01       		.byte	0x1
 1422 0171 11       		.uleb128 0x11
 1423 0172 01       		.uleb128 0x1
ARM GAS  /tmp/ccQ1YUP8.s 			page 26


 1424 0173 12       		.uleb128 0x12
 1425 0174 01       		.uleb128 0x1
 1426 0175 01       		.uleb128 0x1
 1427 0176 13       		.uleb128 0x13
 1428 0177 00       		.byte	0
 1429 0178 00       		.byte	0
 1430 0179 1E       		.uleb128 0x1e
 1431 017a 1D       		.uleb128 0x1d
 1432 017b 01       		.byte	0x1
 1433 017c 31       		.uleb128 0x31
 1434 017d 13       		.uleb128 0x13
 1435 017e 11       		.uleb128 0x11
 1436 017f 01       		.uleb128 0x1
 1437 0180 12       		.uleb128 0x12
 1438 0181 01       		.uleb128 0x1
 1439 0182 58       		.uleb128 0x58
 1440 0183 0B       		.uleb128 0xb
 1441 0184 59       		.uleb128 0x59
 1442 0185 0B       		.uleb128 0xb
 1443 0186 01       		.uleb128 0x1
 1444 0187 13       		.uleb128 0x13
 1445 0188 00       		.byte	0
 1446 0189 00       		.byte	0
 1447 018a 1F       		.uleb128 0x1f
 1448 018b 0B       		.uleb128 0xb
 1449 018c 01       		.byte	0x1
 1450 018d 11       		.uleb128 0x11
 1451 018e 01       		.uleb128 0x1
 1452 018f 12       		.uleb128 0x12
 1453 0190 01       		.uleb128 0x1
 1454 0191 00       		.byte	0
 1455 0192 00       		.byte	0
 1456 0193 20       		.uleb128 0x20
 1457 0194 34       		.uleb128 0x34
 1458 0195 00       		.byte	0
 1459 0196 31       		.uleb128 0x31
 1460 0197 13       		.uleb128 0x13
 1461 0198 02       		.uleb128 0x2
 1462 0199 06       		.uleb128 0x6
 1463 019a 00       		.byte	0
 1464 019b 00       		.byte	0
 1465 019c 21       		.uleb128 0x21
 1466 019d 2E       		.uleb128 0x2e
 1467 019e 01       		.byte	0x1
 1468 019f 3F       		.uleb128 0x3f
 1469 01a0 0C       		.uleb128 0xc
 1470 01a1 03       		.uleb128 0x3
 1471 01a2 0E       		.uleb128 0xe
 1472 01a3 3A       		.uleb128 0x3a
 1473 01a4 0B       		.uleb128 0xb
 1474 01a5 3B       		.uleb128 0x3b
 1475 01a6 0B       		.uleb128 0xb
 1476 01a7 27       		.uleb128 0x27
 1477 01a8 0C       		.uleb128 0xc
 1478 01a9 11       		.uleb128 0x11
 1479 01aa 01       		.uleb128 0x1
 1480 01ab 12       		.uleb128 0x12
ARM GAS  /tmp/ccQ1YUP8.s 			page 27


 1481 01ac 01       		.uleb128 0x1
 1482 01ad 40       		.uleb128 0x40
 1483 01ae 06       		.uleb128 0x6
 1484 01af 01       		.uleb128 0x1
 1485 01b0 13       		.uleb128 0x13
 1486 01b1 00       		.byte	0
 1487 01b2 00       		.byte	0
 1488 01b3 22       		.uleb128 0x22
 1489 01b4 34       		.uleb128 0x34
 1490 01b5 00       		.byte	0
 1491 01b6 03       		.uleb128 0x3
 1492 01b7 0E       		.uleb128 0xe
 1493 01b8 3A       		.uleb128 0x3a
 1494 01b9 0B       		.uleb128 0xb
 1495 01ba 3B       		.uleb128 0x3b
 1496 01bb 0B       		.uleb128 0xb
 1497 01bc 49       		.uleb128 0x49
 1498 01bd 13       		.uleb128 0x13
 1499 01be 3F       		.uleb128 0x3f
 1500 01bf 0C       		.uleb128 0xc
 1501 01c0 3C       		.uleb128 0x3c
 1502 01c1 0C       		.uleb128 0xc
 1503 01c2 00       		.byte	0
 1504 01c3 00       		.byte	0
 1505 01c4 00       		.byte	0
 1506              		.section	.debug_loc,"",%progbits
 1507              	.Ldebug_loc0:
 1508              	.LLST0:
 1509 0000 00000000 		.4byte	.LFB7
 1510 0004 02000000 		.4byte	.LCFI0
 1511 0008 0200     		.2byte	0x2
 1512 000a 7D       		.byte	0x7d
 1513 000b 00       		.sleb128 0
 1514 000c 02000000 		.4byte	.LCFI0
 1515 0010 4E000000 		.4byte	.LFE7
 1516 0014 0200     		.2byte	0x2
 1517 0016 7D       		.byte	0x7d
 1518 0017 10       		.sleb128 16
 1519 0018 00000000 		.4byte	0
 1520 001c 00000000 		.4byte	0
 1521              	.LLST1:
 1522 0020 00000000 		.4byte	.LVL0
 1523 0024 2C000000 		.4byte	.LVL6
 1524 0028 0100     		.2byte	0x1
 1525 002a 50       		.byte	0x50
 1526 002b 2C000000 		.4byte	.LVL6
 1527 002f 4E000000 		.4byte	.LFE7
 1528 0033 0300     		.2byte	0x3
 1529 0035 75       		.byte	0x75
 1530 0036 54       		.sleb128 -44
 1531 0037 9F       		.byte	0x9f
 1532 0038 00000000 		.4byte	0
 1533 003c 00000000 		.4byte	0
 1534              	.LLST2:
 1535 0040 00000000 		.4byte	.LVL0
 1536 0044 2F000000 		.4byte	.LVL7-1
 1537 0048 0100     		.2byte	0x1
ARM GAS  /tmp/ccQ1YUP8.s 			page 28


 1538 004a 51       		.byte	0x51
 1539 004b 32000000 		.4byte	.LVL8
 1540 004f 3A000000 		.4byte	.LVL11
 1541 0053 0200     		.2byte	0x2
 1542 0055 74       		.byte	0x74
 1543 0056 24       		.sleb128 36
 1544 0057 3A000000 		.4byte	.LVL11
 1545 005b 3D000000 		.4byte	.LVL12-1
 1546 005f 0100     		.2byte	0x1
 1547 0061 51       		.byte	0x51
 1548 0062 46000000 		.4byte	.LVL13
 1549 0066 4E000000 		.4byte	.LFE7
 1550 006a 0200     		.2byte	0x2
 1551 006c 74       		.byte	0x74
 1552 006d 24       		.sleb128 36
 1553 006e 00000000 		.4byte	0
 1554 0072 00000000 		.4byte	0
 1555              	.LLST3:
 1556 0076 0E000000 		.4byte	.LVL2
 1557 007a 2F000000 		.4byte	.LVL7-1
 1558 007e 0200     		.2byte	0x2
 1559 0080 72       		.byte	0x72
 1560 0081 1C       		.sleb128 28
 1561 0082 2F000000 		.4byte	.LVL7-1
 1562 0086 4E000000 		.4byte	.LFE7
 1563 008a 0100     		.2byte	0x1
 1564 008c 54       		.byte	0x54
 1565 008d 00000000 		.4byte	0
 1566 0091 00000000 		.4byte	0
 1567              	.LLST4:
 1568 0095 12000000 		.4byte	.LVL3
 1569 0099 1C000000 		.4byte	.LVL5
 1570 009d 0100     		.2byte	0x1
 1571 009f 53       		.byte	0x53
 1572 00a0 00000000 		.4byte	0
 1573 00a4 00000000 		.4byte	0
 1574              	.LLST5:
 1575 00a8 18000000 		.4byte	.LVL4
 1576 00ac 2F000000 		.4byte	.LVL7-1
 1577 00b0 0200     		.2byte	0x2
 1578 00b2 72       		.byte	0x72
 1579 00b3 1C       		.sleb128 28
 1580 00b4 2F000000 		.4byte	.LVL7-1
 1581 00b8 4E000000 		.4byte	.LFE7
 1582 00bc 0100     		.2byte	0x1
 1583 00be 54       		.byte	0x54
 1584 00bf 00000000 		.4byte	0
 1585 00c3 00000000 		.4byte	0
 1586              	.LLST6:
 1587 00c7 38000000 		.4byte	.LVL10
 1588 00cb 3A000000 		.4byte	.LVL11
 1589 00cf 0100     		.2byte	0x1
 1590 00d1 53       		.byte	0x53
 1591 00d2 4C000000 		.4byte	.LVL14
 1592 00d6 4E000000 		.4byte	.LFE7
 1593 00da 0100     		.2byte	0x1
 1594 00dc 53       		.byte	0x53
ARM GAS  /tmp/ccQ1YUP8.s 			page 29


 1595 00dd 00000000 		.4byte	0
 1596 00e1 00000000 		.4byte	0
 1597              	.LLST7:
 1598 00e5 00000000 		.4byte	.LFB8
 1599 00e9 02000000 		.4byte	.LCFI1
 1600 00ed 0200     		.2byte	0x2
 1601 00ef 7D       		.byte	0x7d
 1602 00f0 00       		.sleb128 0
 1603 00f1 02000000 		.4byte	.LCFI1
 1604 00f5 3E000000 		.4byte	.LFE8
 1605 00f9 0200     		.2byte	0x2
 1606 00fb 7D       		.byte	0x7d
 1607 00fc 08       		.sleb128 8
 1608 00fd 00000000 		.4byte	0
 1609 0101 00000000 		.4byte	0
 1610              	.LLST8:
 1611 0105 08000000 		.4byte	.LVL16
 1612 0109 12000000 		.4byte	.LVL17
 1613 010d 0100     		.2byte	0x1
 1614 010f 53       		.byte	0x53
 1615 0110 00000000 		.4byte	0
 1616 0114 00000000 		.4byte	0
 1617              	.LLST9:
 1618 0118 1C000000 		.4byte	.LVL18
 1619 011c 28000000 		.4byte	.LVL19
 1620 0120 0300     		.2byte	0x3
 1621 0122 73       		.byte	0x73
 1622 0123 2C       		.sleb128 44
 1623 0124 9F       		.byte	0x9f
 1624 0125 00000000 		.4byte	0
 1625 0129 00000000 		.4byte	0
 1626              	.LLST10:
 1627 012d 1C000000 		.4byte	.LVL18
 1628 0131 2E000000 		.4byte	.LVL21
 1629 0135 0100     		.2byte	0x1
 1630 0137 50       		.byte	0x50
 1631 0138 00000000 		.4byte	0
 1632 013c 00000000 		.4byte	0
 1633              	.LLST11:
 1634 0140 2C000000 		.4byte	.LVL20
 1635 0144 2E000000 		.4byte	.LVL21
 1636 0148 0100     		.2byte	0x1
 1637 014a 53       		.byte	0x53
 1638 014b 00000000 		.4byte	0
 1639 014f 00000000 		.4byte	0
 1640              	.LLST12:
 1641 0153 00000000 		.4byte	.LFB9
 1642 0157 02000000 		.4byte	.LCFI2
 1643 015b 0200     		.2byte	0x2
 1644 015d 7D       		.byte	0x7d
 1645 015e 00       		.sleb128 0
 1646 015f 02000000 		.4byte	.LCFI2
 1647 0163 14000000 		.4byte	.LFE9
 1648 0167 0200     		.2byte	0x2
 1649 0169 7D       		.byte	0x7d
 1650 016a 08       		.sleb128 8
 1651 016b 00000000 		.4byte	0
ARM GAS  /tmp/ccQ1YUP8.s 			page 30


 1652 016f 00000000 		.4byte	0
 1653              	.LLST13:
 1654 0173 00000000 		.4byte	.LVL22
 1655 0177 0B000000 		.4byte	.LVL25-1
 1656 017b 0100     		.2byte	0x1
 1657 017d 50       		.byte	0x50
 1658 017e 00000000 		.4byte	0
 1659 0182 00000000 		.4byte	0
 1660              	.LLST14:
 1661 0186 00000000 		.4byte	.LVL22
 1662 018a 0B000000 		.4byte	.LVL25-1
 1663 018e 0100     		.2byte	0x1
 1664 0190 51       		.byte	0x51
 1665 0191 00000000 		.4byte	0
 1666 0195 00000000 		.4byte	0
 1667              	.LLST15:
 1668 0199 08000000 		.4byte	.LVL24
 1669 019d 0B000000 		.4byte	.LVL25-1
 1670 01a1 0100     		.2byte	0x1
 1671 01a3 53       		.byte	0x53
 1672 01a4 00000000 		.4byte	0
 1673 01a8 00000000 		.4byte	0
 1674              	.LLST16:
 1675 01ac 12000000 		.4byte	.LVL27
 1676 01b0 14000000 		.4byte	.LFE9
 1677 01b4 0100     		.2byte	0x1
 1678 01b6 53       		.byte	0x53
 1679 01b7 00000000 		.4byte	0
 1680 01bb 00000000 		.4byte	0
 1681              		.section	.debug_aranges,"",%progbits
 1682 0000 2C000000 		.4byte	0x2c
 1683 0004 0200     		.2byte	0x2
 1684 0006 00000000 		.4byte	.Ldebug_info0
 1685 000a 04       		.byte	0x4
 1686 000b 00       		.byte	0
 1687 000c 0000     		.2byte	0
 1688 000e 0000     		.2byte	0
 1689 0010 00000000 		.4byte	.LFB7
 1690 0014 4E000000 		.4byte	.LFE7-.LFB7
 1691 0018 00000000 		.4byte	.LFB8
 1692 001c 3E000000 		.4byte	.LFE8-.LFB8
 1693 0020 00000000 		.4byte	.LFB9
 1694 0024 14000000 		.4byte	.LFE9-.LFB9
 1695 0028 00000000 		.4byte	0
 1696 002c 00000000 		.4byte	0
 1697              		.section	.debug_ranges,"",%progbits
 1698              	.Ldebug_ranges0:
 1699 0000 0A000000 		.4byte	.LBB10
 1700 0004 0C000000 		.4byte	.LBE10
 1701 0008 0E000000 		.4byte	.LBB11
 1702 000c 12000000 		.4byte	.LBE11
 1703 0010 00000000 		.4byte	0
 1704 0014 00000000 		.4byte	0
 1705 0018 1A000000 		.4byte	.LBB12
 1706 001c 1E000000 		.4byte	.LBE12
 1707 0020 22000000 		.4byte	.LBB15
 1708 0024 28000000 		.4byte	.LBE15
ARM GAS  /tmp/ccQ1YUP8.s 			page 31


 1709 0028 00000000 		.4byte	0
 1710 002c 00000000 		.4byte	0
 1711 0030 32000000 		.4byte	.LBB16
 1712 0034 38000000 		.4byte	.LBE16
 1713 0038 46000000 		.4byte	.LBB17
 1714 003c 4C000000 		.4byte	.LBE17
 1715 0040 00000000 		.4byte	0
 1716 0044 00000000 		.4byte	0
 1717 0048 00000000 		.4byte	.LFB7
 1718 004c 4E000000 		.4byte	.LFE7
 1719 0050 00000000 		.4byte	.LFB8
 1720 0054 3E000000 		.4byte	.LFE8
 1721 0058 00000000 		.4byte	.LFB9
 1722 005c 14000000 		.4byte	.LFE9
 1723 0060 00000000 		.4byte	0
 1724 0064 00000000 		.4byte	0
 1725              		.section	.debug_line,"",%progbits
 1726              	.Ldebug_line0:
 1727 0000 CA010000 		.section	.debug_str,"MS",%progbits,1
 1727      02005B01 
 1727      00000201 
 1727      FB0E0D00 
 1727      01010101 
 1728              	.LASF34:
 1729 0000 705F6D73 		.ascii	"p_msg\000"
 1729      6700
 1730              	.LASF65:
 1731 0006 71756575 		.ascii	"queue_insert\000"
 1731      655F696E 
 1731      73657274 
 1731      00
 1732              	.LASF56:
 1733 0013 7264796D 		.ascii	"rdymsg\000"
 1733      736700
 1734              	.LASF11:
 1735 001a 6C6F6E67 		.ascii	"long long unsigned int\000"
 1735      206C6F6E 
 1735      6720756E 
 1735      7369676E 
 1735      65642069 
 1736              	.LASF57:
 1737 0031 65786974 		.ascii	"exitcode\000"
 1737      636F6465 
 1737      00
 1738              	.LASF23:
 1739 003a 705F7072 		.ascii	"p_prio\000"
 1739      696F00
 1740              	.LASF10:
 1741 0041 6C6F6E67 		.ascii	"long long int\000"
 1741      206C6F6E 
 1741      6720696E 
 1741      7400
 1742              	.LASF1:
 1743 004f 7369676E 		.ascii	"signed char\000"
 1743      65642063 
 1743      68617200 
 1744              	.LASF38:
ARM GAS  /tmp/ccQ1YUP8.s 			page 32


 1745 005b 705F6D70 		.ascii	"p_mpool\000"
 1745      6F6F6C00 
 1746              	.LASF53:
 1747 0063 6D5F7175 		.ascii	"m_queue\000"
 1747      65756500 
 1748              	.LASF7:
 1749 006b 6C6F6E67 		.ascii	"long int\000"
 1749      20696E74 
 1749      00
 1750              	.LASF61:
 1751 0074 63684D73 		.ascii	"chMsgSend\000"
 1751      6753656E 
 1751      6400
 1752              	.LASF13:
 1753 007e 74737461 		.ascii	"tstate_t\000"
 1753      74655F74 
 1753      00
 1754              	.LASF25:
 1755 0087 705F6E65 		.ascii	"p_newer\000"
 1755      77657200 
 1756              	.LASF47:
 1757 008f 725F6E65 		.ascii	"r_newer\000"
 1757      77657200 
 1758              	.LASF41:
 1759 0097 72656761 		.ascii	"regarm_t\000"
 1759      726D5F74 
 1759      00
 1760              	.LASF19:
 1761 00a0 636E745F 		.ascii	"cnt_t\000"
 1761      7400
 1762              	.LASF0:
 1763 00a6 756E7369 		.ascii	"unsigned int\000"
 1763      676E6564 
 1763      20696E74 
 1763      00
 1764              	.LASF9:
 1765 00b3 6C6F6E67 		.ascii	"long unsigned int\000"
 1765      20756E73 
 1765      69676E65 
 1765      6420696E 
 1765      7400
 1766              	.LASF43:
 1767 00c5 636F6E74 		.ascii	"context\000"
 1767      65787400 
 1768              	.LASF4:
 1769 00cd 73686F72 		.ascii	"short unsigned int\000"
 1769      7420756E 
 1769      7369676E 
 1769      65642069 
 1769      6E7400
 1770              	.LASF64:
 1771 00e0 2F6F7074 		.ascii	"/opt/ChibiOS/ChibiOS_2.4.4/os/kernel/src/chmsg.c\000"
 1771      2F436869 
 1771      62694F53 
 1771      2F436869 
 1771      62694F53 
 1772              	.LASF16:
ARM GAS  /tmp/ccQ1YUP8.s 			page 33


 1773 0111 6D73675F 		.ascii	"msg_t\000"
 1773      7400
 1774              	.LASF12:
 1775 0117 746D6F64 		.ascii	"tmode_t\000"
 1775      655F7400 
 1776              	.LASF40:
 1777 011f 54687265 		.ascii	"ThreadsList\000"
 1777      6164734C 
 1777      69737400 
 1778              	.LASF17:
 1779 012b 6576656E 		.ascii	"eventmask_t\000"
 1779      746D6173 
 1779      6B5F7400 
 1780              	.LASF52:
 1781 0137 4D757465 		.ascii	"Mutex\000"
 1781      7800
 1782              	.LASF26:
 1783 013d 705F6F6C 		.ascii	"p_older\000"
 1783      64657200 
 1784              	.LASF46:
 1785 0145 725F6374 		.ascii	"r_ctx\000"
 1785      7800
 1786              	.LASF39:
 1787 014b 54687265 		.ascii	"ThreadsQueue\000"
 1787      61647351 
 1787      75657565 
 1787      00
 1788              	.LASF50:
 1789 0158 725F6375 		.ascii	"r_current\000"
 1789      7272656E 
 1789      7400
 1790              	.LASF48:
 1791 0162 725F6F6C 		.ascii	"r_older\000"
 1791      64657200 
 1792              	.LASF14:
 1793 016a 74726566 		.ascii	"trefs_t\000"
 1793      735F7400 
 1794              	.LASF22:
 1795 0172 705F7072 		.ascii	"p_prev\000"
 1795      657600
 1796              	.LASF15:
 1797 0179 74707269 		.ascii	"tprio_t\000"
 1797      6F5F7400 
 1798              	.LASF6:
 1799 0181 696E7433 		.ascii	"int32_t\000"
 1799      325F7400 
 1800              	.LASF2:
 1801 0189 756E7369 		.ascii	"unsigned char\000"
 1801      676E6564 
 1801      20636861 
 1801      7200
 1802              	.LASF36:
 1803 0197 705F6D74 		.ascii	"p_mtxlist\000"
 1803      786C6973 
 1803      7400
 1804              	.LASF3:
 1805 01a1 73686F72 		.ascii	"short int\000"
ARM GAS  /tmp/ccQ1YUP8.s 			page 34


 1805      7420696E 
 1805      7400
 1806              	.LASF28:
 1807 01ab 705F7374 		.ascii	"p_state\000"
 1807      61746500 
 1808              	.LASF45:
 1809 01b3 725F7072 		.ascii	"r_prio\000"
 1809      696F00
 1810              	.LASF59:
 1811 01ba 65776D61 		.ascii	"ewmask\000"
 1811      736B00
 1812              	.LASF21:
 1813 01c1 705F6E65 		.ascii	"p_next\000"
 1813      787400
 1814              	.LASF29:
 1815 01c8 705F666C 		.ascii	"p_flags\000"
 1815      61677300 
 1816              	.LASF20:
 1817 01d0 54687265 		.ascii	"Thread\000"
 1817      616400
 1818              	.LASF67:
 1819 01d7 63684D73 		.ascii	"chMsgRelease\000"
 1819      6752656C 
 1819      65617365 
 1819      00
 1820              	.LASF35:
 1821 01e4 705F6570 		.ascii	"p_epending\000"
 1821      656E6469 
 1821      6E6700
 1822              	.LASF8:
 1823 01ef 75696E74 		.ascii	"uint32_t\000"
 1823      33325F74 
 1823      00
 1824              	.LASF44:
 1825 01f8 725F7175 		.ascii	"r_queue\000"
 1825      65756500 
 1826              	.LASF63:
 1827 0200 474E5520 		.ascii	"GNU C 4.6.3\000"
 1827      4320342E 
 1827      362E3300 
 1828              	.LASF60:
 1829 020c 63686172 		.ascii	"char\000"
 1829      00
 1830              	.LASF66:
 1831 0211 6669666F 		.ascii	"fifo_remove\000"
 1831      5F72656D 
 1831      6F766500 
 1832              	.LASF55:
 1833 021d 6D5F6E65 		.ascii	"m_next\000"
 1833      787400
 1834              	.LASF18:
 1835 0224 73797374 		.ascii	"systime_t\000"
 1835      696D655F 
 1835      7400
 1836              	.LASF37:
 1837 022e 705F7265 		.ascii	"p_realprio\000"
 1837      616C7072 
ARM GAS  /tmp/ccQ1YUP8.s 			page 35


 1837      696F00
 1838              	.LASF31:
 1839 0239 705F7469 		.ascii	"p_time\000"
 1839      6D6500
 1840              	.LASF42:
 1841 0240 696E7463 		.ascii	"intctx\000"
 1841      747800
 1842              	.LASF33:
 1843 0247 705F6D73 		.ascii	"p_msgqueue\000"
 1843      67717565 
 1843      756500
 1844              	.LASF62:
 1845 0252 63684D73 		.ascii	"chMsgWait\000"
 1845      67576169 
 1845      7400
 1846              	.LASF30:
 1847 025c 705F7265 		.ascii	"p_refs\000"
 1847      667300
 1848              	.LASF51:
 1849 0263 52656164 		.ascii	"ReadyList\000"
 1849      794C6973 
 1849      7400
 1850              	.LASF68:
 1851 026d 726C6973 		.ascii	"rlist\000"
 1851      7400
 1852              	.LASF5:
 1853 0273 75696E74 		.ascii	"uint8_t\000"
 1853      385F7400 
 1854              	.LASF58:
 1855 027b 77746F62 		.ascii	"wtobjp\000"
 1855      6A7000
 1856              	.LASF27:
 1857 0282 705F6E61 		.ascii	"p_name\000"
 1857      6D6500
 1858              	.LASF49:
 1859 0289 725F7072 		.ascii	"r_preempt\000"
 1859      65656D70 
 1859      7400
 1860              	.LASF54:
 1861 0293 6D5F6F77 		.ascii	"m_owner\000"
 1861      6E657200 
 1862              	.LASF24:
 1863 029b 705F6374 		.ascii	"p_ctx\000"
 1863      7800
 1864              	.LASF32:
 1865 02a1 705F7761 		.ascii	"p_waiting\000"
 1865      6974696E 
 1865      6700
 1866              		.ident	"GCC: (Sourcery CodeBench Lite 2012.03-56) 4.6.3"
ARM GAS  /tmp/ccQ1YUP8.s 			page 36


DEFINED SYMBOLS
                            *ABS*:00000000 chmsg.c
     /tmp/ccQ1YUP8.s:21     .text.chMsgSend:00000000 $t
     /tmp/ccQ1YUP8.s:27     .text.chMsgSend:00000000 chMsgSend
     /tmp/ccQ1YUP8.s:138    .text.chMsgWait:00000000 $t
     /tmp/ccQ1YUP8.s:144    .text.chMsgWait:00000000 chMsgWait
     /tmp/ccQ1YUP8.s:212    .text.chMsgRelease:00000000 $t
     /tmp/ccQ1YUP8.s:218    .text.chMsgRelease:00000000 chMsgRelease
                     .debug_frame:00000010 $d

UNDEFINED SYMBOLS
rlist
chSchGoSleepS
chSchReadyI
chSchWakeupS
