ARM GAS  /tmp/ccZMWFuP.s 			page 1


   1              		.syntax unified
   2              		.cpu cortex-m4
   3              		.eabi_attribute 27, 3
   4              		.eabi_attribute 28, 1
   5              		.fpu fpv4-sp-d16
   6              		.eabi_attribute 20, 1
   7              		.eabi_attribute 21, 1
   8              		.eabi_attribute 23, 3
   9              		.eabi_attribute 24, 1
  10              		.eabi_attribute 25, 1
  11              		.eabi_attribute 26, 1
  12              		.eabi_attribute 30, 2
  13              		.eabi_attribute 34, 1
  14              		.eabi_attribute 18, 4
  15              		.thumb
  16              		.file	"chprintf.c"
  17              		.text
  18              	.Ltext0:
  19              		.cfi_sections	.debug_frame
  20              		.section	.text.chprintf,"ax",%progbits
  21              		.align	2
  22              		.p2align 4,,15
  23              		.global	chprintf
  24              		.thumb
  25              		.thumb_func
  26              		.type	chprintf, %function
  27              	chprintf:
  28              	.LFB8:
  29              		.file 1 "/opt/ChibiOS/ChibiOS_2.4.4/os/various/chprintf.c"
  30              		.loc 1 86 0
  31              		.cfi_startproc
  32              		@ args = 4, pretend = 12, frame = 40
  33              		@ frame_needed = 0, uses_anonymous_args = 1
  34              	.LVL0:
  35 0000 0EB4     		push	{r1, r2, r3}
  36              	.LCFI0:
  37              		.cfi_def_cfa_offset 12
  38              		.cfi_offset 3, -4
  39              		.cfi_offset 2, -8
  40              		.cfi_offset 1, -12
  41 0002 2DE9F04F 		push	{r4, r5, r6, r7, r8, r9, sl, fp, lr}
  42              	.LCFI1:
  43              		.cfi_def_cfa_offset 48
  44              		.cfi_offset 14, -16
  45              		.cfi_offset 11, -20
  46              		.cfi_offset 10, -24
  47              		.cfi_offset 9, -28
  48              		.cfi_offset 8, -32
  49              		.cfi_offset 7, -36
  50              		.cfi_offset 6, -40
  51              		.cfi_offset 5, -44
  52              		.cfi_offset 4, -48
  53 0006 8AB0     		sub	sp, sp, #40
  54              	.LCFI2:
  55              		.cfi_def_cfa_offset 88
  56              		.loc 1 197 0
  57 0008 0DF11906 		add	r6, sp, #25
ARM GAS  /tmp/ccZMWFuP.s 			page 2


  58              		.loc 1 86 0
  59 000c 13A9     		add	r1, sp, #76
  60              		.loc 1 197 0
  61 000e 0196     		str	r6, [sp, #4]
  62              		.loc 1 86 0
  63 0010 0546     		mov	r5, r0
  64              		.loc 1 197 0
  65 0012 0198     		ldr	r0, [sp, #4]
  66              	.LVL1:
  67              		.loc 1 86 0
  68 0014 51F8044B 		ldr	r4, [r1], #4
  69              		.loc 1 105 0
  70 0018 0DF1180B 		add	fp, sp, #24
  71              	.LBB6:
  72              	.LBB7:
  73              		.loc 1 48 0
  74 001c 4CF6CD46 		movw	r6, #52429
  75              	.LBE7:
  76              	.LBE6:
  77              		.loc 1 160 0
  78 0020 40F20007 		movw	r7, #:lower16:.LC0
  79              		.loc 1 197 0
  80 0024 CBEB0003 		rsb	r3, fp, r0
  81              	.LBB12:
  82              	.LBB8:
  83              		.loc 1 48 0
  84 0028 CCF6CC46 		movt	r6, 52428
  85              	.LBE8:
  86              	.LBE12:
  87              		.loc 1 160 0
  88 002c C0F20007 		movt	r7, #:upper16:.LC0
  89              		.loc 1 94 0
  90 0030 0991     		str	r1, [sp, #36]
  91              		.loc 1 197 0
  92 0032 0493     		str	r3, [sp, #16]
  93              	.LBB13:
  94              	.LBB9:
  95              		.loc 1 48 0
  96 0034 0396     		str	r6, [sp, #12]
  97              	.LBE9:
  98              	.LBE13:
  99              		.loc 1 160 0
 100 0036 0297     		str	r7, [sp, #8]
 101              	.LVL2:
 102              	.L98:
 103              		.loc 1 96 0
 104 0038 2178     		ldrb	r1, [r4, #0]	@ zero_extendqisi2
 105              	.LVL3:
 106              		.loc 1 97 0
 107 003a 61B1     		cbz	r1, .L99
 108              	.LVL4:
 109              	.L117:
 110              		.loc 1 96 0
 111 003c 661C     		adds	r6, r4, #1
 112              		.loc 1 101 0
 113 003e 2529     		cmp	r1, #37
 114 0040 0ED0     		beq	.L4
ARM GAS  /tmp/ccZMWFuP.s 			page 3


 115              		.loc 1 102 0
 116 0042 2A68     		ldr	r2, [r5, #0]
 117 0044 2846     		mov	r0, r5
 118 0046 1469     		ldr	r4, [r2, #16]
 119 0048 4FF0FF32 		mov	r2, #-1
 120 004c A047     		blx	r4
 121              		.loc 1 96 0
 122 004e 3446     		mov	r4, r6
 123              	.LVL5:
 124 0050 2178     		ldrb	r1, [r4, #0]	@ zero_extendqisi2
 125              	.LVL6:
 126              		.loc 1 97 0
 127 0052 0029     		cmp	r1, #0
 128 0054 F2D1     		bne	.L117
 129              	.LVL7:
 130              	.L99:
 131              		.loc 1 222 0
 132 0056 0AB0     		add	sp, sp, #40
 133 0058 BDE8F04F 		pop	{r4, r5, r6, r7, r8, r9, sl, fp, lr}
 134 005c 03B0     		add	sp, sp, #12
 135 005e 7047     		bx	lr
 136              	.L4:
 137              	.LVL8:
 138              		.loc 1 108 0
 139 0060 6378     		ldrb	r3, [r4, #1]	@ zero_extendqisi2
 140              		.loc 1 107 0
 141 0062 0020     		movs	r0, #0
 142              		.loc 1 108 0
 143 0064 2D2B     		cmp	r3, #45
 144 0066 00F00A82 		beq	.L118
 145              	.LVL9:
 146              	.L6:
 147              		.loc 1 113 0
 148 006a 2E2B     		cmp	r3, #46
 149              		.loc 1 112 0
 150 006c 14BF     		ite	ne
 151 006e 4FF02008 		movne	r8, #32
 152              		.loc 1 114 0
 153 0072 7378     		ldrbeq	r3, [r6, #1]	@ zero_extendqisi2
 154 0074 099F     		ldr	r7, [sp, #36]
 155              		.loc 1 115 0
 156 0076 04BF     		itt	eq
 157 0078 4FF03008 		moveq	r8, #48
 158              		.loc 1 114 0
 159 007c 0136     		addeq	r6, r6, #1
 160              	.LVL10:
 161              		.loc 1 86 0
 162 007e 3446     		mov	r4, r6
 163              		.loc 1 117 0
 164 0080 4FF0000A 		mov	sl, #0
 165 0084 07E0     		b	.L10
 166              	.LVL11:
 167              	.L119:
 168              		.loc 1 123 0
 169 0086 3A78     		ldrb	r2, [r7, #0]	@ zero_extendqisi2
 170              	.LVL12:
 171 0088 0437     		adds	r7, r7, #4
ARM GAS  /tmp/ccZMWFuP.s 			page 4


 172              	.LVL13:
 173              	.L8:
 174              		.loc 1 126 0
 175 008a 0AEB8A03 		add	r3, sl, sl, lsl #2
 176 008e 02EB430A 		add	sl, r2, r3, lsl #1
 177              	.LVL14:
 178 0092 16F8013F 		ldrb	r3, [r6, #1]!	@ zero_extendqisi2
 179              	.LVL15:
 180              	.L10:
 181              		.loc 1 120 0
 182 0096 A3F13001 		sub	r1, r3, #48
 183 009a CAB2     		uxtb	r2, r1
 184              		.loc 1 119 0
 185 009c 0134     		adds	r4, r4, #1
 186              	.LVL16:
 187              		.loc 1 120 0
 188 009e 092A     		cmp	r2, #9
 189 00a0 F3D9     		bls	.L8
 190              		.loc 1 122 0
 191 00a2 2A2B     		cmp	r3, #42
 192 00a4 EFD0     		beq	.L119
 193              		.loc 1 129 0
 194 00a6 0021     		movs	r1, #0
 195 00a8 2E2B     		cmp	r3, #46
 196              		.loc 1 127 0
 197 00aa 0997     		str	r7, [sp, #36]
 198              	.LVL17:
 199              		.loc 1 129 0
 200 00ac 53D0     		beq	.L14
 201              	.LVL18:
 202              		.loc 1 143 0
 203 00ae A3F16C06 		sub	r6, r3, #108
 204 00b2 7242     		rsbs	r2, r6, #0
 205 00b4 42EB0607 		adc	r7, r2, r6
 206 00b8 4C2B     		cmp	r3, #76
 207 00ba 08BF     		it	eq
 208 00bc 47F00107 		orreq	r7, r7, #1
 209 00c0 002F     		cmp	r7, #0
 210 00c2 5DD0     		beq	.L15
 211              	.LVL19:
 212              	.L120:
 213              		.loc 1 145 0
 214 00c4 2278     		ldrb	r2, [r4, #0]	@ zero_extendqisi2
 215 00c6 002A     		cmp	r2, #0
 216 00c8 00F0DD81 		beq	.L51
 217              	.LVL20:
 218              		.loc 1 146 0
 219 00cc 1346     		mov	r3, r2
 220 00ce 0134     		adds	r4, r4, #1
 221              	.LVL21:
 222              		.loc 1 144 0
 223 00d0 0122     		movs	r2, #1
 224              	.LVL22:
 225              	.L16:
 226              		.loc 1 152 0
 227 00d2 A3F14406 		sub	r6, r3, #68
 228 00d6 342E     		cmp	r6, #52
ARM GAS  /tmp/ccZMWFuP.s 			page 5


 229 00d8 00F2CB81 		bhi	.L17
 230 00dc DFE816F0 		tbh	[pc, r6, lsl #1]
 231              	.L24:
 232 00e0 8B01     		.2byte	(.L18-.L24)/2
 233 00e2 C901     		.2byte	(.L17-.L24)/2
 234 00e4 C901     		.2byte	(.L17-.L24)/2
 235 00e6 C901     		.2byte	(.L17-.L24)/2
 236 00e8 C901     		.2byte	(.L17-.L24)/2
 237 00ea C901     		.2byte	(.L17-.L24)/2
 238 00ec C901     		.2byte	(.L17-.L24)/2
 239 00ee C901     		.2byte	(.L17-.L24)/2
 240 00f0 C901     		.2byte	(.L17-.L24)/2
 241 00f2 C901     		.2byte	(.L17-.L24)/2
 242 00f4 C901     		.2byte	(.L17-.L24)/2
 243 00f6 8901     		.2byte	(.L19-.L24)/2
 244 00f8 C901     		.2byte	(.L17-.L24)/2
 245 00fa C901     		.2byte	(.L17-.L24)/2
 246 00fc C901     		.2byte	(.L17-.L24)/2
 247 00fe C901     		.2byte	(.L17-.L24)/2
 248 0100 C901     		.2byte	(.L17-.L24)/2
 249 0102 8101     		.2byte	(.L52-.L24)/2
 250 0104 C901     		.2byte	(.L17-.L24)/2
 251 0106 C901     		.2byte	(.L17-.L24)/2
 252 0108 4701     		.2byte	(.L21-.L24)/2
 253 010a C901     		.2byte	(.L17-.L24)/2
 254 010c C901     		.2byte	(.L17-.L24)/2
 255 010e C901     		.2byte	(.L17-.L24)/2
 256 0110 C901     		.2byte	(.L17-.L24)/2
 257 0112 C901     		.2byte	(.L17-.L24)/2
 258 0114 C901     		.2byte	(.L17-.L24)/2
 259 0116 C901     		.2byte	(.L17-.L24)/2
 260 0118 C901     		.2byte	(.L17-.L24)/2
 261 011a C901     		.2byte	(.L17-.L24)/2
 262 011c C901     		.2byte	(.L17-.L24)/2
 263 011e F300     		.2byte	(.L22-.L24)/2
 264 0120 8B01     		.2byte	(.L18-.L24)/2
 265 0122 C901     		.2byte	(.L17-.L24)/2
 266 0124 C901     		.2byte	(.L17-.L24)/2
 267 0126 C901     		.2byte	(.L17-.L24)/2
 268 0128 C901     		.2byte	(.L17-.L24)/2
 269 012a C901     		.2byte	(.L17-.L24)/2
 270 012c C901     		.2byte	(.L17-.L24)/2
 271 012e C901     		.2byte	(.L17-.L24)/2
 272 0130 C901     		.2byte	(.L17-.L24)/2
 273 0132 C901     		.2byte	(.L17-.L24)/2
 274 0134 C901     		.2byte	(.L17-.L24)/2
 275 0136 8901     		.2byte	(.L19-.L24)/2
 276 0138 C901     		.2byte	(.L17-.L24)/2
 277 013a C901     		.2byte	(.L17-.L24)/2
 278 013c C901     		.2byte	(.L17-.L24)/2
 279 013e 5800     		.2byte	(.L23-.L24)/2
 280 0140 C901     		.2byte	(.L17-.L24)/2
 281 0142 8101     		.2byte	(.L52-.L24)/2
 282 0144 C901     		.2byte	(.L17-.L24)/2
 283 0146 C901     		.2byte	(.L17-.L24)/2
 284 0148 4701     		.2byte	(.L21-.L24)/2
 285              	.LVL23:
ARM GAS  /tmp/ccZMWFuP.s 			page 6


 286              	.L13:
 287              		.loc 1 135 0
 288 014a 3A78     		ldrb	r2, [r7, #0]	@ zero_extendqisi2
 289              	.LVL24:
 290 014c 0437     		adds	r7, r7, #4
 291              	.LVL25:
 292              	.L12:
 293              		.loc 1 138 0
 294 014e 01EB8109 		add	r9, r1, r1, lsl #2
 295              	.LVL26:
 296              		.loc 1 139 0
 297 0152 02EB4901 		add	r1, r2, r9, lsl #1
 298              	.LVL27:
 299              	.L14:
 300              		.loc 1 131 0
 301 0156 14F8013B 		ldrb	r3, [r4], #1	@ zero_extendqisi2
 302              	.LVL28:
 303              		.loc 1 132 0
 304 015a A3F13006 		sub	r6, r3, #48
 305 015e F2B2     		uxtb	r2, r6
 306 0160 092A     		cmp	r2, #9
 307 0162 F4D9     		bls	.L12
 308              		.loc 1 134 0
 309 0164 2A2B     		cmp	r3, #42
 310 0166 F0D0     		beq	.L13
 311              		.loc 1 143 0
 312 0168 A3F16C06 		sub	r6, r3, #108
 313 016c 7242     		rsbs	r2, r6, #0
 314              		.loc 1 134 0
 315 016e 0997     		str	r7, [sp, #36]
 316              		.loc 1 143 0
 317 0170 42EB0607 		adc	r7, r2, r6
 318 0174 4C2B     		cmp	r3, #76
 319 0176 08BF     		it	eq
 320 0178 47F00107 		orreq	r7, r7, #1
 321 017c 002F     		cmp	r7, #0
 322 017e A1D1     		bne	.L120
 323              	.LVL29:
 324              	.L15:
 325              		.loc 1 149 0
 326 0180 A3F14107 		sub	r7, r3, #65
 327 0184 FAB2     		uxtb	r2, r7
 328 0186 192A     		cmp	r2, #25
 329 0188 8CBF     		ite	hi
 330 018a 0022     		movhi	r2, #0
 331 018c 0122     		movls	r2, #1
 332              	.LVL30:
 333 018e A0E7     		b	.L16
 334              	.LVL31:
 335              	.L23:
 336              		.loc 1 159 0
 337 0190 099F     		ldr	r7, [sp, #36]
 338              		.loc 1 160 0
 339 0192 029A     		ldr	r2, [sp, #8]
 340              	.LVL32:
 341              		.loc 1 159 0
 342 0194 3B1D     		adds	r3, r7, #4
ARM GAS  /tmp/ccZMWFuP.s 			page 7


 343              	.LVL33:
 344 0196 0993     		str	r3, [sp, #36]
 345 0198 3F68     		ldr	r7, [r7, #0]
 346              	.LVL34:
 347              		.loc 1 160 0
 348 019a 002F     		cmp	r7, #0
 349 019c 08BF     		it	eq
 350 019e 1746     		moveq	r7, r2
 351              	.LVL35:
 352              		.loc 1 162 0
 353 01a0 47F6FF78 		movw	r8, #32767
 354              		.loc 1 163 0
 355 01a4 3B78     		ldrb	r3, [r7, #0]	@ zero_extendqisi2
 356              		.loc 1 162 0
 357 01a6 0029     		cmp	r1, #0
 358 01a8 08BF     		it	eq
 359 01aa 4146     		moveq	r1, r8
 360              	.LVL36:
 361              		.loc 1 163 0
 362 01ac 9946     		mov	r9, r3
 363              		.loc 1 158 0
 364 01ae 4FF02008 		mov	r8, #32
 365              		.loc 1 163 0
 366 01b2 002B     		cmp	r3, #0
 367 01b4 00F09280 		beq	.L25
 368 01b8 FB43     		mvns	r3, r7
 369              		.loc 1 86 0
 370 01ba 7918     		adds	r1, r7, r1
 371              		.loc 1 163 0
 372 01bc 7A78     		ldrb	r2, [r7, #1]	@ zero_extendqisi2
 373 01be CE18     		adds	r6, r1, r3
 374              	.LVL37:
 375 01c0 07F10109 		add	r9, r7, #1
 376 01c4 06F00106 		and	r6, r6, #1
 377 01c8 4B46     		mov	r3, r9
 378 01ca A2B1     		cbz	r2, .L103
 379 01cc 8945     		cmp	r9, r1
 380 01ce 12D0     		beq	.L103
 381 01d0 2EB1     		cbz	r6, .L29
 382 01d2 13F8012F 		ldrb	r2, [r3, #1]!	@ zero_extendqisi2
 383 01d6 09F10109 		add	r9, r9, #1
 384              	.LVL38:
 385 01da 52B9     		cbnz	r2, .L91
 386 01dc 0BE0     		b	.L103
 387              	.L29:
 388              		.loc 1 163 0 is_stmt 0 discriminator 1
 389 01de 5A78     		ldrb	r2, [r3, #1]	@ zero_extendqisi2
 390 01e0 09F10109 		add	r9, r9, #1
 391 01e4 0133     		adds	r3, r3, #1
 392 01e6 32B1     		cbz	r2, .L103
 393              		.loc 1 163 0 discriminator 2
 394 01e8 5A78     		ldrb	r2, [r3, #1]	@ zero_extendqisi2
 395 01ea 09F10109 		add	r9, r9, #1
 396 01ee 0133     		adds	r3, r3, #1
 397 01f0 0AB1     		cbz	r2, .L103
 398              	.L91:
 399              		.loc 1 163 0
ARM GAS  /tmp/ccZMWFuP.s 			page 8


 400 01f2 8945     		cmp	r9, r1
 401 01f4 F3D1     		bne	.L29
 402              	.L103:
 403 01f6 C7EB0909 		rsb	r9, r7, r9
 404              		.loc 1 201 0 is_stmt 1
 405 01fa C9EB0A02 		rsb	r2, r9, sl
 406              		.loc 1 158 0
 407 01fe 4FF02008 		mov	r8, #32
 408              	.LVL39:
 409              		.loc 1 201 0
 410 0202 22EAE27A 		bic	sl, r2, r2, asr #31
 411              	.LVL40:
 412              		.loc 1 203 0
 413 0206 0028     		cmp	r0, #0
 414 0208 6ED0     		beq	.L121
 415              	.LVL41:
 416              	.L42:
 417              		.loc 1 214 0 discriminator 1
 418 020a B9F1000F 		cmp	r9, #0
 419 020e 30DD     		ble	.L45
 420              		.loc 1 215 0
 421 0210 3E46     		mov	r6, r7
 422 0212 2868     		ldr	r0, [r5, #0]
 423 0214 16F8011B 		ldrb	r1, [r6], #1	@ zero_extendqisi2
 424 0218 0369     		ldr	r3, [r0, #16]
 425 021a FA43     		mvns	r2, r7
 426              		.loc 1 86 0
 427 021c B944     		add	r9, r7, r9
 428              	.LVL42:
 429 021e 09EB0207 		add	r7, r9, r2
 430              	.LVL43:
 431              		.loc 1 215 0
 432 0222 2846     		mov	r0, r5
 433 0224 4FF0FF32 		mov	r2, #-1
 434 0228 9847     		blx	r3
 435              		.loc 1 214 0
 436 022a 4E45     		cmp	r6, r9
 437 022c 07F00107 		and	r7, r7, #1
 438              	.LVL44:
 439 0230 1FD0     		beq	.L45
 440 0232 4FB1     		cbz	r7, .L107
 441              	.LVL45:
 442              		.loc 1 215 0
 443 0234 2868     		ldr	r0, [r5, #0]
 444 0236 16F8011B 		ldrb	r1, [r6], #1	@ zero_extendqisi2
 445 023a 0369     		ldr	r3, [r0, #16]
 446 023c 4FF0FF32 		mov	r2, #-1
 447 0240 2846     		mov	r0, r5
 448 0242 9847     		blx	r3
 449              		.loc 1 214 0
 450 0244 4E45     		cmp	r6, r9
 451 0246 14D0     		beq	.L45
 452              	.L107:
 453 0248 2746     		mov	r7, r4
 454              	.LVL46:
 455              	.L46:
 456              		.loc 1 215 0
ARM GAS  /tmp/ccZMWFuP.s 			page 9


 457 024a 3446     		mov	r4, r6
 458 024c 2A68     		ldr	r2, [r5, #0]
 459 024e 14F8011B 		ldrb	r1, [r4], #1	@ zero_extendqisi2
 460 0252 1369     		ldr	r3, [r2, #16]
 461 0254 2846     		mov	r0, r5
 462 0256 4FF0FF32 		mov	r2, #-1
 463 025a 9847     		blx	r3
 464 025c 2B68     		ldr	r3, [r5, #0]
 465 025e 7178     		ldrb	r1, [r6, #1]	@ zero_extendqisi2
 466 0260 2846     		mov	r0, r5
 467 0262 661C     		adds	r6, r4, #1
 468 0264 4FF0FF32 		mov	r2, #-1
 469 0268 1C69     		ldr	r4, [r3, #16]
 470 026a A047     		blx	r4
 471              		.loc 1 214 0
 472 026c 4E45     		cmp	r6, r9
 473 026e ECD1     		bne	.L46
 474 0270 3C46     		mov	r4, r7
 475              	.LVL47:
 476              	.L45:
 477              		.loc 1 217 0 discriminator 1
 478 0272 BAF1000F 		cmp	sl, #0
 479 0276 3FF4DFAE 		beq	.L98
 480              		.loc 1 218 0
 481 027a 2E68     		ldr	r6, [r5, #0]
 482 027c 0AF1FF3E 		add	lr, sl, #-1
 483 0280 3369     		ldr	r3, [r6, #16]
 484 0282 2846     		mov	r0, r5
 485              		.loc 1 217 0
 486 0284 7646     		mov	r6, lr
 487              		.loc 1 218 0
 488 0286 4146     		mov	r1, r8
 489 0288 4FF0FF32 		mov	r2, #-1
 490 028c 0EF00107 		and	r7, lr, #1
 491 0290 9847     		blx	r3
 492              		.loc 1 217 0
 493 0292 002E     		cmp	r6, #0
 494 0294 3FF4D0AE 		beq	.L98
 495 0298 1FB1     		cbz	r7, .L58
 496              		.loc 1 218 0
 497 029a 2A68     		ldr	r2, [r5, #0]
 498 029c 2846     		mov	r0, r5
 499 029e 1369     		ldr	r3, [r2, #16]
 500 02a0 0AE0     		b	.L113
 501              	.LVL48:
 502              	.L58:
 503 02a2 2868     		ldr	r0, [r5, #0]
 504 02a4 4146     		mov	r1, r8
 505 02a6 0369     		ldr	r3, [r0, #16]
 506 02a8 4FF0FF32 		mov	r2, #-1
 507 02ac 2846     		mov	r0, r5
 508 02ae 9847     		blx	r3
 509 02b0 2968     		ldr	r1, [r5, #0]
 510 02b2 0B69     		ldr	r3, [r1, #16]
 511              		.loc 1 219 0
 512 02b4 013E     		subs	r6, r6, #1
 513              		.loc 1 218 0
ARM GAS  /tmp/ccZMWFuP.s 			page 10


 514 02b6 2846     		mov	r0, r5
 515              	.L113:
 516 02b8 4146     		mov	r1, r8
 517 02ba 4FF0FF32 		mov	r2, #-1
 518 02be 9847     		blx	r3
 519              		.loc 1 217 0
 520 02c0 013E     		subs	r6, r6, #1
 521 02c2 EED1     		bne	.L58
 522 02c4 B8E6     		b	.L98
 523              	.LVL49:
 524              	.L22:
 525              		.loc 1 155 0
 526 02c6 099A     		ldr	r2, [sp, #36]
 527              	.LVL50:
 528 02c8 DDF81090 		ldr	r9, [sp, #16]
 529 02cc 1168     		ldr	r1, [r2, #0]
 530              	.LVL51:
 531 02ce 131D     		adds	r3, r2, #4
 532              	.LVL52:
 533 02d0 0993     		str	r3, [sp, #36]
 534 02d2 8DF81810 		strb	r1, [sp, #24]
 535              	.LVL53:
 536              		.loc 1 154 0
 537 02d6 4FF02008 		mov	r8, #32
 538              		.loc 1 106 0
 539 02da 5F46     		mov	r7, fp
 540              	.LVL54:
 541              	.L25:
 542              		.loc 1 201 0
 543 02dc C9EB0A02 		rsb	r2, r9, sl
 544              	.LVL55:
 545 02e0 22EAE27A 		bic	sl, r2, r2, asr #31
 546              	.LVL56:
 547              		.loc 1 203 0
 548 02e4 0028     		cmp	r0, #0
 549 02e6 90D1     		bne	.L42
 550              	.LVL57:
 551              	.L121:
 552              		.loc 1 204 0
 553 02e8 CAF1000A 		rsb	sl, sl, #0
 554              	.LVL58:
 555              		.loc 1 205 0
 556 02ec BAF1000F 		cmp	sl, #0
 557 02f0 8BD0     		beq	.L42
 558              		.loc 1 206 0
 559 02f2 A8F13003 		sub	r3, r8, #48
 560 02f6 D3F1000E 		rsbs	lr, r3, #0
 561 02fa 3E78     		ldrb	r6, [r7, #0]	@ zero_extendqisi2
 562 02fc 4EEB0300 		adc	r0, lr, r3
 563              	.LVL59:
 564 0300 2D2E     		cmp	r6, #45
 565 0302 14BF     		ite	ne
 566 0304 0020     		movne	r0, #0
 567 0306 00F00100 		andeq	r0, r0, #1
 568 030a 0028     		cmp	r0, #0
 569 030c 40F0CB80 		bne	.L122
 570              	.L44:
ARM GAS  /tmp/ccZMWFuP.s 			page 11


 571              		.loc 1 211 0 discriminator 1
 572 0310 2A68     		ldr	r2, [r5, #0]
 573 0312 6FEA0A0C 		mvn	ip, sl
 574 0316 1369     		ldr	r3, [r2, #16]
 575 0318 2846     		mov	r0, r5
 576 031a 4146     		mov	r1, r8
 577 031c 4FF0FF32 		mov	r2, #-1
 578 0320 0CF00106 		and	r6, ip, #1
 579              	.LVL60:
 580 0324 9847     		blx	r3
 581              	.LVL61:
 582              		.loc 1 212 0 discriminator 1
 583 0326 1AF1010A 		adds	sl, sl, #1
 584              	.LVL62:
 585 032a 3FF46EAF 		beq	.L42
 586 032e 56B1     		cbz	r6, .L59
 587              		.loc 1 211 0
 588 0330 2968     		ldr	r1, [r5, #0]
 589 0332 2846     		mov	r0, r5
 590 0334 0B69     		ldr	r3, [r1, #16]
 591 0336 4FF0FF32 		mov	r2, #-1
 592 033a 4146     		mov	r1, r8
 593 033c 9847     		blx	r3
 594              	.LVL63:
 595              		.loc 1 212 0
 596 033e 1AF1010A 		adds	sl, sl, #1
 597              	.LVL64:
 598 0342 3FF462AF 		beq	.L42
 599              	.L59:
 600              		.loc 1 211 0 discriminator 1
 601 0346 2868     		ldr	r0, [r5, #0]
 602 0348 4146     		mov	r1, r8
 603 034a 0369     		ldr	r3, [r0, #16]
 604 034c 4FF0FF32 		mov	r2, #-1
 605 0350 2846     		mov	r0, r5
 606 0352 9847     		blx	r3
 607 0354 2868     		ldr	r0, [r5, #0]
 608              		.loc 1 212 0 discriminator 1
 609 0356 0AF1010A 		add	sl, sl, #1
 610              	.LVL65:
 611              		.loc 1 211 0 discriminator 1
 612 035a 0369     		ldr	r3, [r0, #16]
 613 035c 4146     		mov	r1, r8
 614 035e 2846     		mov	r0, r5
 615 0360 4FF0FF32 		mov	r2, #-1
 616 0364 9847     		blx	r3
 617              	.LVL66:
 618              		.loc 1 212 0 discriminator 1
 619 0366 1AF1010A 		adds	sl, sl, #1
 620              	.LVL67:
 621 036a ECD1     		bne	.L59
 622 036c 4DE7     		b	.L42
 623              	.LVL68:
 624              	.L21:
 625              		.loc 1 152 0
 626 036e 1027     		movs	r7, #16
 627              	.LVL69:
ARM GAS  /tmp/ccZMWFuP.s 			page 12


 628              	.L20:
 629              		.loc 1 191 0
 630 0370 099B     		ldr	r3, [sp, #36]
 631              		.loc 1 190 0
 632 0372 002A     		cmp	r2, #0
 633 0374 39D0     		beq	.L36
 634              	.L124:
 635              		.loc 1 191 0
 636 0376 1A1D     		adds	r2, r3, #4
 637              	.LVL70:
 638 0378 1B68     		ldr	r3, [r3, #0]
 639              	.LVL71:
 640 037a 0992     		str	r2, [sp, #36]
 641              	.LVL72:
 642              	.L37:
 643              		.loc 1 193 0
 644 037c 0DF12201 		add	r1, sp, #34
 645              	.LVL73:
 646              	.L39:
 647              	.LBB14:
 648              	.LBB15:
 649              		.loc 1 48 0
 650 0380 B3FBF7FC 		udiv	ip, r3, r7
 651 0384 07FB1C39 		mls	r9, r7, ip, r3
 652              	.LVL74:
 653              		.loc 1 49 0
 654 0388 09F13006 		add	r6, r9, #48
 655              	.LVL75:
 656              		.loc 1 50 0
 657 038c 392E     		cmp	r6, #57
 658              		.loc 1 51 0
 659 038e C8BF     		it	gt
 660 0390 09F13706 		addgt	r6, r9, #55
 661              	.LVL76:
 662              		.loc 1 53 0
 663 0394 6346     		mov	r3, ip
 664              	.LVL77:
 665              		.loc 1 52 0
 666 0396 0A46     		mov	r2, r1
 667              	.LVL78:
 668 0398 01F80169 		strb	r6, [r1], #-1
 669              	.LVL79:
 670              		.loc 1 53 0
 671 039c 002B     		cmp	r3, #0
 672 039e EFD1     		bne	.L39
 673              		.loc 1 55 0
 674 03a0 0DF12301 		add	r1, sp, #35
 675 03a4 C2EB0109 		rsb	r9, r2, r1
 676              	.LVL80:
 677 03a8 6FEA0B07 		mvn	r7, fp
 678              	.LVL81:
 679              		.loc 1 86 0
 680 03ac 0BEB090C 		add	ip, fp, r9
 681              	.LVL82:
 682 03b0 0CEB0703 		add	r3, ip, r7
 683              	.LVL83:
 684 03b4 DF07     		lsls	r7, r3, #31
ARM GAS  /tmp/ccZMWFuP.s 			page 13


 685              	.LBE15:
 686              	.LBE14:
 687              		.loc 1 105 0
 688 03b6 5946     		mov	r1, fp
 689 03b8 0CD5     		bpl	.L41
 690              	.LVL84:
 691              	.LBB17:
 692              	.LBB16:
 693              		.loc 1 57 0
 694 03ba 8BF80060 		strb	r6, [fp, #0]
 695 03be 0DF11901 		add	r1, sp, #25
 696              	.LVL85:
 697              		.loc 1 58 0
 698 03c2 12F8016F 		ldrb	r6, [r2, #1]!	@ zero_extendqisi2
 699 03c6 05E0     		b	.L41
 700              	.LVL86:
 701              	.L123:
 702 03c8 5778     		ldrb	r7, [r2, #1]	@ zero_extendqisi2
 703              	.LVL87:
 704 03ca 561C     		adds	r6, r2, #1
 705              		.loc 1 57 0
 706 03cc 4F70     		strb	r7, [r1, #1]
 707              		.loc 1 58 0
 708 03ce 7678     		ldrb	r6, [r6, #1]	@ zero_extendqisi2
 709 03d0 0232     		adds	r2, r2, #2
 710              		.loc 1 57 0
 711 03d2 591C     		adds	r1, r3, #1
 712              	.LVL88:
 713              	.L41:
 714 03d4 0B46     		mov	r3, r1
 715 03d6 03F8016B 		strb	r6, [r3], #1
 716              		.loc 1 58 0
 717 03da 6345     		cmp	r3, ip
 718 03dc F4D1     		bne	.L123
 719              	.LBE16:
 720              	.LBE17:
 721              		.loc 1 106 0
 722 03de 5F46     		mov	r7, fp
 723              		.loc 1 198 0
 724 03e0 7CE7     		b	.L25
 725              	.LVL89:
 726              	.L52:
 727              		.loc 1 152 0
 728 03e2 0A27     		movs	r7, #10
 729              	.LVL90:
 730              		.loc 1 191 0
 731 03e4 099B     		ldr	r3, [sp, #36]
 732              		.loc 1 190 0
 733 03e6 002A     		cmp	r2, #0
 734 03e8 C5D1     		bne	.L124
 735              	.L36:
 736              		.loc 1 193 0
 737 03ea 1E1D     		adds	r6, r3, #4
 738 03ec 1B68     		ldr	r3, [r3, #0]
 739              	.LVL91:
 740 03ee 0996     		str	r6, [sp, #36]
 741 03f0 C4E7     		b	.L37
ARM GAS  /tmp/ccZMWFuP.s 			page 14


 742              	.LVL92:
 743              	.L19:
 744 03f2 0827     		movs	r7, #8
 745 03f4 BCE7     		b	.L20
 746              	.LVL93:
 747              	.L18:
 748              		.loc 1 169 0
 749 03f6 099B     		ldr	r3, [sp, #36]
 750              	.LVL94:
 751              		.loc 1 168 0
 752 03f8 002A     		cmp	r2, #0
 753 03fa 46D1     		bne	.L125
 754              		.loc 1 171 0
 755 03fc 1F1D     		adds	r7, r3, #4
 756 03fe 1B68     		ldr	r3, [r3, #0]
 757              	.LVL95:
 758 0400 0997     		str	r7, [sp, #36]
 759              		.loc 1 172 0
 760 0402 002B     		cmp	r3, #0
 761              		.loc 1 105 0
 762 0404 A8BF     		it	ge
 763 0406 DC46     		movge	ip, fp
 764              		.loc 1 172 0
 765 0408 46DB     		blt	.L126
 766              	.LVL96:
 767              	.L32:
 768              	.LBB18:
 769              	.LBB10:
 770              		.loc 1 46 0
 771 040a 0CF10B07 		add	r7, ip, #11
 772              	.LVL97:
 773              		.loc 1 86 0
 774 040e DDF80C90 		ldr	r9, [sp, #12]
 775 0412 3946     		mov	r1, r7
 776              	.LVL98:
 777              	.L33:
 778              		.loc 1 48 0
 779 0414 A9FB0362 		umull	r6, r2, r9, r3
 780 0418 D208     		lsrs	r2, r2, #3
 781 041a 02EB8206 		add	r6, r2, r2, lsl #2
 782 041e A3EB4606 		sub	r6, r3, r6, lsl #1
 783              	.LVL99:
 784              		.loc 1 86 0
 785 0422 0139     		subs	r1, r1, #1
 786              	.LVL100:
 787              		.loc 1 49 0
 788 0424 3036     		adds	r6, r6, #48
 789              		.loc 1 53 0
 790 0426 1346     		mov	r3, r2
 791              		.loc 1 52 0
 792 0428 0E70     		strb	r6, [r1, #0]
 793              		.loc 1 53 0
 794 042a 002A     		cmp	r2, #0
 795 042c F2D1     		bne	.L33
 796              		.loc 1 55 0
 797 042e 7A1A     		subs	r2, r7, r1
 798              	.LVL101:
ARM GAS  /tmp/ccZMWFuP.s 			page 15


 799              		.loc 1 86 0
 800 0430 0CEB0209 		add	r9, ip, r2
 801 0434 6FEA0C07 		mvn	r7, ip
 802 0438 09EB0703 		add	r3, r9, r7
 803              	.LVL102:
 804 043c DB07     		lsls	r3, r3, #31
 805              		.loc 1 55 0
 806 043e 0592     		str	r2, [sp, #20]
 807              	.LVL103:
 808              	.LBE10:
 809              	.LBE18:
 810              		.loc 1 86 0
 811 0440 6246     		mov	r2, ip
 812              	.LVL104:
 813 0442 0BD5     		bpl	.L35
 814              	.LVL105:
 815              	.LBB19:
 816              	.LBB11:
 817              		.loc 1 57 0
 818 0444 6246     		mov	r2, ip
 819 0446 02F8016B 		strb	r6, [r2], #1
 820              	.LVL106:
 821              		.loc 1 58 0
 822 044a 11F8016F 		ldrb	r6, [r1, #1]!	@ zero_extendqisi2
 823 044e 05E0     		b	.L35
 824              	.L127:
 825 0450 4F78     		ldrb	r7, [r1, #1]	@ zero_extendqisi2
 826              	.LVL107:
 827 0452 4E1C     		adds	r6, r1, #1
 828              		.loc 1 57 0
 829 0454 5770     		strb	r7, [r2, #1]
 830              		.loc 1 58 0
 831 0456 7678     		ldrb	r6, [r6, #1]	@ zero_extendqisi2
 832 0458 0231     		adds	r1, r1, #2
 833              		.loc 1 57 0
 834 045a 5A1C     		adds	r2, r3, #1
 835              	.LVL108:
 836              	.L35:
 837 045c 1346     		mov	r3, r2
 838 045e 03F8016B 		strb	r6, [r3], #1
 839              		.loc 1 58 0
 840 0462 4B45     		cmp	r3, r9
 841 0464 F4D1     		bne	.L127
 842              	.LVL109:
 843              		.loc 1 176 0
 844 0466 0599     		ldr	r1, [sp, #20]
 845 0468 8C44     		add	ip, ip, r1
 846              		.loc 1 58 0
 847 046a CBEB0C09 		rsb	r9, fp, ip
 848              	.LBE11:
 849              	.LBE19:
 850              		.loc 1 106 0
 851 046e 5F46     		mov	r7, fp
 852              		.loc 1 177 0
 853 0470 34E7     		b	.L25
 854              	.LVL110:
 855              	.L17:
ARM GAS  /tmp/ccZMWFuP.s 			page 16


 856              		.loc 1 197 0
 857 0472 8DF81830 		strb	r3, [sp, #24]
 858              	.LVL111:
 859 0476 DDF81090 		ldr	r9, [sp, #16]
 860              		.loc 1 106 0
 861 047a 5F46     		mov	r7, fp
 862 047c 2EE7     		b	.L25
 863              	.LVL112:
 864              	.L118:
 865              		.loc 1 109 0
 866 047e A61C     		adds	r6, r4, #2
 867              	.LVL113:
 868 0480 A378     		ldrb	r3, [r4, #2]	@ zero_extendqisi2
 869              		.loc 1 110 0
 870 0482 0120     		movs	r0, #1
 871 0484 F1E5     		b	.L6
 872              	.LVL114:
 873              	.L51:
 874              		.loc 1 144 0
 875 0486 0122     		movs	r2, #1
 876 0488 23E6     		b	.L16
 877              	.LVL115:
 878              	.L125:
 879              		.loc 1 169 0
 880 048a 191D     		adds	r1, r3, #4
 881              	.LVL116:
 882 048c 1B68     		ldr	r3, [r3, #0]
 883              	.LVL117:
 884 048e 0991     		str	r1, [sp, #36]
 885              		.loc 1 172 0
 886 0490 002B     		cmp	r3, #0
 887              		.loc 1 105 0
 888 0492 A8BF     		it	ge
 889 0494 DC46     		movge	ip, fp
 890              		.loc 1 172 0
 891 0496 B8DA     		bge	.L32
 892              	.LVL118:
 893              	.L126:
 894              		.loc 1 173 0
 895 0498 2D26     		movs	r6, #45
 896              	.LVL119:
 897 049a 8DF81860 		strb	r6, [sp, #24]
 898              	.LVL120:
 899              		.loc 1 174 0
 900 049e 5B42     		negs	r3, r3
 901              	.LVL121:
 902              		.loc 1 173 0
 903 04a0 0DF1190C 		add	ip, sp, #25
 904 04a4 B1E7     		b	.L32
 905              	.LVL122:
 906              	.L122:
 907              		.loc 1 207 0
 908 04a6 2968     		ldr	r1, [r5, #0]
 909 04a8 2846     		mov	r0, r5
 910 04aa 0E69     		ldr	r6, [r1, #16]
 911 04ac 4FF0FF32 		mov	r2, #-1
 912 04b0 2D21     		movs	r1, #45
ARM GAS  /tmp/ccZMWFuP.s 			page 17


 913 04b2 B047     		blx	r6
 914 04b4 0137     		adds	r7, r7, #1
 915              	.LVL123:
 916              		.loc 1 208 0
 917 04b6 09F1FF39 		add	r9, r9, #-1
 918              	.LVL124:
 919 04ba 29E7     		b	.L44
 920              		.cfi_endproc
 921              	.LFE8:
 922              		.size	chprintf, .-chprintf
 923 04bc AFF30080 		.section	.rodata.str1.4,"aMS",%progbits,1
 924              		.align	2
 925              	.LC0:
 926 0000 286E756C 		.ascii	"(null)\000"
 926      6C2900
 927 0007 00       		.text
 928              	.Letext0:
 929              		.file 2 "/opt/arm/bin/../lib/gcc/arm-none-eabi/4.6.3/include/stdarg.h"
 930              		.file 3 "/opt/arm/bin/../lib/gcc/arm-none-eabi/4.6.3/include/stddef.h"
 931              		.file 4 "/opt/arm/bin/../lib/gcc/arm-none-eabi/4.6.3/../../../../arm-none-eabi/include/stdint.h"
 932              		.file 5 "/opt/ChibiOS/ChibiOS_2.4.4/os/ports/GCC/ARMCMx/chtypes.h"
 933              		.file 6 "<built-in>"
 934              		.file 7 "/opt/ChibiOS/ChibiOS_2.4.4/os/kernel/include/chioch.h"
 935              		.section	.debug_info,"",%progbits
 936              	.Ldebug_info0:
 937 0000 63040000 		.4byte	0x463
 938 0004 0200     		.2byte	0x2
 939 0006 00000000 		.4byte	.Ldebug_abbrev0
 940 000a 04       		.byte	0x4
 941 000b 01       		.uleb128 0x1
 942 000c A9010000 		.4byte	.LASF35
 943 0010 01       		.byte	0x1
 944 0011 07000000 		.4byte	.LASF36
 945 0015 AB000000 		.4byte	.LASF37
 946 0019 00000000 		.4byte	0
 947 001d 00000000 		.4byte	0
 948 0021 90000000 		.4byte	.Ldebug_ranges0+0x90
 949 0025 00000000 		.4byte	.Ldebug_line0
 950 0029 02       		.uleb128 0x2
 951 002a F9000000 		.4byte	.LASF0
 952 002e 02       		.byte	0x2
 953 002f 28       		.byte	0x28
 954 0030 34000000 		.4byte	0x34
 955 0034 03       		.uleb128 0x3
 956 0035 77010000 		.4byte	.LASF19
 957 0039 04       		.byte	0x4
 958 003a 06       		.byte	0x6
 959 003b 00       		.byte	0
 960 003c 4E000000 		.4byte	0x4e
 961 0040 04       		.uleb128 0x4
 962 0041 40010000 		.4byte	.LASF38
 963 0045 4E000000 		.4byte	0x4e
 964 0049 02       		.byte	0x2
 965 004a 23       		.byte	0x23
 966 004b 00       		.uleb128 0
 967 004c 01       		.byte	0x1
 968 004d 00       		.byte	0
ARM GAS  /tmp/ccZMWFuP.s 			page 18


 969 004e 05       		.uleb128 0x5
 970 004f 04       		.byte	0x4
 971 0050 02       		.uleb128 0x2
 972 0051 5E000000 		.4byte	.LASF1
 973 0055 02       		.byte	0x2
 974 0056 66       		.byte	0x66
 975 0057 29000000 		.4byte	0x29
 976 005b 06       		.uleb128 0x6
 977 005c 04       		.byte	0x4
 978 005d 05       		.byte	0x5
 979 005e 696E7400 		.ascii	"int\000"
 980 0062 02       		.uleb128 0x2
 981 0063 00000000 		.4byte	.LASF2
 982 0067 03       		.byte	0x3
 983 0068 D4       		.byte	0xd4
 984 0069 6D000000 		.4byte	0x6d
 985 006d 07       		.uleb128 0x7
 986 006e 04       		.byte	0x4
 987 006f 07       		.byte	0x7
 988 0070 14010000 		.4byte	.LASF3
 989 0074 07       		.uleb128 0x7
 990 0075 01       		.byte	0x1
 991 0076 06       		.byte	0x6
 992 0077 E1010000 		.4byte	.LASF4
 993 007b 02       		.uleb128 0x2
 994 007c 38010000 		.4byte	.LASF5
 995 0080 04       		.byte	0x4
 996 0081 2A       		.byte	0x2a
 997 0082 86000000 		.4byte	0x86
 998 0086 07       		.uleb128 0x7
 999 0087 01       		.byte	0x1
 1000 0088 08       		.byte	0x8
 1001 0089 66000000 		.4byte	.LASF6
 1002 008d 07       		.uleb128 0x7
 1003 008e 02       		.byte	0x2
 1004 008f 05       		.byte	0x5
 1005 0090 B5010000 		.4byte	.LASF7
 1006 0094 07       		.uleb128 0x7
 1007 0095 02       		.byte	0x2
 1008 0096 07       		.byte	0x7
 1009 0097 8C000000 		.4byte	.LASF8
 1010 009b 02       		.uleb128 0x2
 1011 009c 68010000 		.4byte	.LASF9
 1012 00a0 04       		.byte	0x4
 1013 00a1 4F       		.byte	0x4f
 1014 00a2 A6000000 		.4byte	0xa6
 1015 00a6 07       		.uleb128 0x7
 1016 00a7 04       		.byte	0x4
 1017 00a8 05       		.byte	0x5
 1018 00a9 D8010000 		.4byte	.LASF10
 1019 00ad 02       		.uleb128 0x2
 1020 00ae CF010000 		.4byte	.LASF11
 1021 00b2 04       		.byte	0x4
 1022 00b3 50       		.byte	0x50
 1023 00b4 B8000000 		.4byte	0xb8
 1024 00b8 07       		.uleb128 0x7
 1025 00b9 04       		.byte	0x4
ARM GAS  /tmp/ccZMWFuP.s 			page 19


 1026 00ba 07       		.byte	0x7
 1027 00bb 7A000000 		.4byte	.LASF12
 1028 00bf 07       		.uleb128 0x7
 1029 00c0 08       		.byte	0x8
 1030 00c1 05       		.byte	0x5
 1031 00c2 81010000 		.4byte	.LASF13
 1032 00c6 07       		.uleb128 0x7
 1033 00c7 08       		.byte	0x8
 1034 00c8 07       		.byte	0x7
 1035 00c9 21010000 		.4byte	.LASF14
 1036 00cd 02       		.uleb128 0x2
 1037 00ce 50000000 		.4byte	.LASF15
 1038 00d2 05       		.byte	0x5
 1039 00d3 2E       		.byte	0x2e
 1040 00d4 9B000000 		.4byte	0x9b
 1041 00d8 02       		.uleb128 0x2
 1042 00d9 53010000 		.4byte	.LASF16
 1043 00dd 05       		.byte	0x5
 1044 00de 33       		.byte	0x33
 1045 00df 9B000000 		.4byte	0x9b
 1046 00e3 02       		.uleb128 0x2
 1047 00e4 38000000 		.4byte	.LASF17
 1048 00e8 05       		.byte	0x5
 1049 00e9 36       		.byte	0x36
 1050 00ea AD000000 		.4byte	0xad
 1051 00ee 08       		.uleb128 0x8
 1052 00ef 04       		.byte	0x4
 1053 00f0 F4000000 		.4byte	0xf4
 1054 00f4 09       		.uleb128 0x9
 1055 00f5 F9000000 		.4byte	0xf9
 1056 00f9 07       		.uleb128 0x7
 1057 00fa 01       		.byte	0x1
 1058 00fb 08       		.byte	0x8
 1059 00fc 99010000 		.4byte	.LASF18
 1060 0100 08       		.uleb128 0x8
 1061 0101 04       		.byte	0x4
 1062 0102 7B000000 		.4byte	0x7b
 1063 0106 0A       		.uleb128 0xa
 1064 0107 01       		.byte	0x1
 1065 0108 62000000 		.4byte	0x62
 1066 010c 20010000 		.4byte	0x120
 1067 0110 0B       		.uleb128 0xb
 1068 0111 4E000000 		.4byte	0x4e
 1069 0115 0B       		.uleb128 0xb
 1070 0116 20010000 		.4byte	0x120
 1071 011a 0B       		.uleb128 0xb
 1072 011b 62000000 		.4byte	0x62
 1073 011f 00       		.byte	0
 1074 0120 08       		.uleb128 0x8
 1075 0121 04       		.byte	0x4
 1076 0122 26010000 		.4byte	0x126
 1077 0126 09       		.uleb128 0x9
 1078 0127 7B000000 		.4byte	0x7b
 1079 012b 08       		.uleb128 0x8
 1080 012c 04       		.byte	0x4
 1081 012d 06010000 		.4byte	0x106
 1082 0131 0A       		.uleb128 0xa
ARM GAS  /tmp/ccZMWFuP.s 			page 20


 1083 0132 01       		.byte	0x1
 1084 0133 62000000 		.4byte	0x62
 1085 0137 4B010000 		.4byte	0x14b
 1086 013b 0B       		.uleb128 0xb
 1087 013c 4E000000 		.4byte	0x4e
 1088 0140 0B       		.uleb128 0xb
 1089 0141 00010000 		.4byte	0x100
 1090 0145 0B       		.uleb128 0xb
 1091 0146 62000000 		.4byte	0x62
 1092 014a 00       		.byte	0
 1093 014b 08       		.uleb128 0x8
 1094 014c 04       		.byte	0x4
 1095 014d 31010000 		.4byte	0x131
 1096 0151 03       		.uleb128 0x3
 1097 0152 59010000 		.4byte	.LASF20
 1098 0156 20       		.byte	0x20
 1099 0157 07       		.byte	0x7
 1100 0158 51       		.byte	0x51
 1101 0159 CE010000 		.4byte	0x1ce
 1102 015d 0C       		.uleb128 0xc
 1103 015e 9F000000 		.4byte	.LASF21
 1104 0162 07       		.byte	0x7
 1105 0163 52       		.byte	0x52
 1106 0164 2B010000 		.4byte	0x12b
 1107 0168 02       		.byte	0x2
 1108 0169 23       		.byte	0x23
 1109 016a 00       		.uleb128 0
 1110 016b 0C       		.uleb128 0xc
 1111 016c 08010000 		.4byte	.LASF22
 1112 0170 07       		.byte	0x7
 1113 0171 52       		.byte	0x52
 1114 0172 4B010000 		.4byte	0x14b
 1115 0176 02       		.byte	0x2
 1116 0177 23       		.byte	0x23
 1117 0178 04       		.uleb128 0x4
 1118 0179 0C       		.uleb128 0xc
 1119 017a EB000000 		.4byte	.LASF23
 1120 017e 07       		.byte	0x7
 1121 017f 52       		.byte	0x52
 1122 0180 DE010000 		.4byte	0x1de
 1123 0184 02       		.byte	0x2
 1124 0185 23       		.byte	0x23
 1125 0186 08       		.uleb128 0x8
 1126 0187 0C       		.uleb128 0xc
 1127 0188 45010000 		.4byte	.LASF24
 1128 018c 07       		.byte	0x7
 1129 018d 52       		.byte	0x52
 1130 018e DE010000 		.4byte	0x1de
 1131 0192 02       		.byte	0x2
 1132 0193 23       		.byte	0x23
 1133 0194 0C       		.uleb128 0xc
 1134 0195 0D       		.uleb128 0xd
 1135 0196 70757400 		.ascii	"put\000"
 1136 019a 07       		.byte	0x7
 1137 019b 52       		.byte	0x52
 1138 019c FE010000 		.4byte	0x1fe
 1139 01a0 02       		.byte	0x2
ARM GAS  /tmp/ccZMWFuP.s 			page 21


 1140 01a1 23       		.byte	0x23
 1141 01a2 10       		.uleb128 0x10
 1142 01a3 0D       		.uleb128 0xd
 1143 01a4 67657400 		.ascii	"get\000"
 1144 01a8 07       		.byte	0x7
 1145 01a9 52       		.byte	0x52
 1146 01aa 19020000 		.4byte	0x219
 1147 01ae 02       		.byte	0x2
 1148 01af 23       		.byte	0x23
 1149 01b0 14       		.uleb128 0x14
 1150 01b1 0C       		.uleb128 0xc
 1151 01b2 57000000 		.4byte	.LASF25
 1152 01b6 07       		.byte	0x7
 1153 01b7 52       		.byte	0x52
 1154 01b8 3E020000 		.4byte	0x23e
 1155 01bc 02       		.byte	0x2
 1156 01bd 23       		.byte	0x23
 1157 01be 18       		.uleb128 0x18
 1158 01bf 0C       		.uleb128 0xc
 1159 01c0 74000000 		.4byte	.LASF26
 1160 01c4 07       		.byte	0x7
 1161 01c5 52       		.byte	0x52
 1162 01c6 63020000 		.4byte	0x263
 1163 01ca 02       		.byte	0x2
 1164 01cb 23       		.byte	0x23
 1165 01cc 1C       		.uleb128 0x1c
 1166 01cd 00       		.byte	0
 1167 01ce 0A       		.uleb128 0xa
 1168 01cf 01       		.byte	0x1
 1169 01d0 CD000000 		.4byte	0xcd
 1170 01d4 DE010000 		.4byte	0x1de
 1171 01d8 0B       		.uleb128 0xb
 1172 01d9 4E000000 		.4byte	0x4e
 1173 01dd 00       		.byte	0
 1174 01de 08       		.uleb128 0x8
 1175 01df 04       		.byte	0x4
 1176 01e0 CE010000 		.4byte	0x1ce
 1177 01e4 0A       		.uleb128 0xa
 1178 01e5 01       		.byte	0x1
 1179 01e6 D8000000 		.4byte	0xd8
 1180 01ea FE010000 		.4byte	0x1fe
 1181 01ee 0B       		.uleb128 0xb
 1182 01ef 4E000000 		.4byte	0x4e
 1183 01f3 0B       		.uleb128 0xb
 1184 01f4 7B000000 		.4byte	0x7b
 1185 01f8 0B       		.uleb128 0xb
 1186 01f9 E3000000 		.4byte	0xe3
 1187 01fd 00       		.byte	0
 1188 01fe 08       		.uleb128 0x8
 1189 01ff 04       		.byte	0x4
 1190 0200 E4010000 		.4byte	0x1e4
 1191 0204 0A       		.uleb128 0xa
 1192 0205 01       		.byte	0x1
 1193 0206 D8000000 		.4byte	0xd8
 1194 020a 19020000 		.4byte	0x219
 1195 020e 0B       		.uleb128 0xb
 1196 020f 4E000000 		.4byte	0x4e
ARM GAS  /tmp/ccZMWFuP.s 			page 22


 1197 0213 0B       		.uleb128 0xb
 1198 0214 E3000000 		.4byte	0xe3
 1199 0218 00       		.byte	0
 1200 0219 08       		.uleb128 0x8
 1201 021a 04       		.byte	0x4
 1202 021b 04020000 		.4byte	0x204
 1203 021f 0A       		.uleb128 0xa
 1204 0220 01       		.byte	0x1
 1205 0221 62000000 		.4byte	0x62
 1206 0225 3E020000 		.4byte	0x23e
 1207 0229 0B       		.uleb128 0xb
 1208 022a 4E000000 		.4byte	0x4e
 1209 022e 0B       		.uleb128 0xb
 1210 022f 20010000 		.4byte	0x120
 1211 0233 0B       		.uleb128 0xb
 1212 0234 62000000 		.4byte	0x62
 1213 0238 0B       		.uleb128 0xb
 1214 0239 E3000000 		.4byte	0xe3
 1215 023d 00       		.byte	0
 1216 023e 08       		.uleb128 0x8
 1217 023f 04       		.byte	0x4
 1218 0240 1F020000 		.4byte	0x21f
 1219 0244 0A       		.uleb128 0xa
 1220 0245 01       		.byte	0x1
 1221 0246 62000000 		.4byte	0x62
 1222 024a 63020000 		.4byte	0x263
 1223 024e 0B       		.uleb128 0xb
 1224 024f 4E000000 		.4byte	0x4e
 1225 0253 0B       		.uleb128 0xb
 1226 0254 00010000 		.4byte	0x100
 1227 0258 0B       		.uleb128 0xb
 1228 0259 62000000 		.4byte	0x62
 1229 025d 0B       		.uleb128 0xb
 1230 025e E3000000 		.4byte	0xe3
 1231 0262 00       		.byte	0
 1232 0263 08       		.uleb128 0x8
 1233 0264 04       		.byte	0x4
 1234 0265 44020000 		.4byte	0x244
 1235 0269 0E       		.uleb128 0xe
 1236 026a 04       		.byte	0x4
 1237 026b 07       		.byte	0x7
 1238 026c 5C       		.byte	0x5c
 1239 026d 80020000 		.4byte	0x280
 1240 0271 0D       		.uleb128 0xd
 1241 0272 766D7400 		.ascii	"vmt\000"
 1242 0276 07       		.byte	0x7
 1243 0277 5E       		.byte	0x5e
 1244 0278 80020000 		.4byte	0x280
 1245 027c 02       		.byte	0x2
 1246 027d 23       		.byte	0x23
 1247 027e 00       		.uleb128 0
 1248 027f 00       		.byte	0
 1249 0280 08       		.uleb128 0x8
 1250 0281 04       		.byte	0x4
 1251 0282 86020000 		.4byte	0x286
 1252 0286 09       		.uleb128 0x9
 1253 0287 51010000 		.4byte	0x151
ARM GAS  /tmp/ccZMWFuP.s 			page 23


 1254 028b 02       		.uleb128 0x2
 1255 028c F2010000 		.4byte	.LASF27
 1256 0290 07       		.byte	0x7
 1257 0291 60       		.byte	0x60
 1258 0292 69020000 		.4byte	0x269
 1259 0296 0F       		.uleb128 0xf
 1260 0297 ED010000 		.4byte	.LASF39
 1261 029b 01       		.byte	0x1
 1262 029c 2A       		.byte	0x2a
 1263 029d 01       		.byte	0x1
 1264 029e D9020000 		.4byte	0x2d9
 1265 02a2 01       		.byte	0x1
 1266 02a3 D9020000 		.4byte	0x2d9
 1267 02a7 10       		.uleb128 0x10
 1268 02a8 7000     		.ascii	"p\000"
 1269 02aa 01       		.byte	0x1
 1270 02ab 2A       		.byte	0x2a
 1271 02ac D9020000 		.4byte	0x2d9
 1272 02b0 10       		.uleb128 0x10
 1273 02b1 6E756D00 		.ascii	"num\000"
 1274 02b5 01       		.byte	0x1
 1275 02b6 2A       		.byte	0x2a
 1276 02b7 A6000000 		.4byte	0xa6
 1277 02bb 11       		.uleb128 0x11
 1278 02bc 4A000000 		.4byte	.LASF28
 1279 02c0 01       		.byte	0x1
 1280 02c1 2A       		.byte	0x2a
 1281 02c2 6D000000 		.4byte	0x6d
 1282 02c6 12       		.uleb128 0x12
 1283 02c7 6900     		.ascii	"i\000"
 1284 02c9 01       		.byte	0x1
 1285 02ca 2B       		.byte	0x2b
 1286 02cb 5B000000 		.4byte	0x5b
 1287 02cf 12       		.uleb128 0x12
 1288 02d0 7100     		.ascii	"q\000"
 1289 02d2 01       		.byte	0x1
 1290 02d3 2C       		.byte	0x2c
 1291 02d4 D9020000 		.4byte	0x2d9
 1292 02d8 00       		.byte	0
 1293 02d9 08       		.uleb128 0x8
 1294 02da 04       		.byte	0x4
 1295 02db F9000000 		.4byte	0xf9
 1296 02df 13       		.uleb128 0x13
 1297 02e0 01       		.byte	0x1
 1298 02e1 E2000000 		.4byte	.LASF40
 1299 02e5 01       		.byte	0x1
 1300 02e6 56       		.byte	0x56
 1301 02e7 01       		.byte	0x1
 1302 02e8 00000000 		.4byte	.LFB8
 1303 02ec BC040000 		.4byte	.LFE8
 1304 02f0 00000000 		.4byte	.LLST0
 1305 02f4 54040000 		.4byte	0x454
 1306 02f8 14       		.uleb128 0x14
 1307 02f9 63687000 		.ascii	"chp\000"
 1308 02fd 01       		.byte	0x1
 1309 02fe 56       		.byte	0x56
 1310 02ff 54040000 		.4byte	0x454
ARM GAS  /tmp/ccZMWFuP.s 			page 24


 1311 0303 39000000 		.4byte	.LLST1
 1312 0307 14       		.uleb128 0x14
 1313 0308 666D7400 		.ascii	"fmt\000"
 1314 030c 01       		.byte	0x1
 1315 030d 56       		.byte	0x56
 1316 030e EE000000 		.4byte	0xee
 1317 0312 57000000 		.4byte	.LLST2
 1318 0316 15       		.uleb128 0x15
 1319 0317 16       		.uleb128 0x16
 1320 0318 617000   		.ascii	"ap\000"
 1321 031b 01       		.byte	0x1
 1322 031c 57       		.byte	0x57
 1323 031d 50000000 		.4byte	0x50
 1324 0321 02       		.byte	0x2
 1325 0322 91       		.byte	0x91
 1326 0323 4C       		.sleb128 -52
 1327 0324 17       		.uleb128 0x17
 1328 0325 70010000 		.4byte	.LASF29
 1329 0329 01       		.byte	0x1
 1330 032a 58       		.byte	0x58
 1331 032b 5A040000 		.4byte	0x45a
 1332 032f 02       		.byte	0x2
 1333 0330 91       		.byte	0x91
 1334 0331 40       		.sleb128 -64
 1335 0332 18       		.uleb128 0x18
 1336 0333 7000     		.ascii	"p\000"
 1337 0335 01       		.byte	0x1
 1338 0336 59       		.byte	0x59
 1339 0337 D9020000 		.4byte	0x2d9
 1340 033b F5000000 		.4byte	.LLST3
 1341 033f 18       		.uleb128 0x18
 1342 0340 7300     		.ascii	"s\000"
 1343 0342 01       		.byte	0x1
 1344 0343 59       		.byte	0x59
 1345 0344 D9020000 		.4byte	0x2d9
 1346 0348 71010000 		.4byte	.LLST4
 1347 034c 18       		.uleb128 0x18
 1348 034d 6300     		.ascii	"c\000"
 1349 034f 01       		.byte	0x1
 1350 0350 59       		.byte	0x59
 1351 0351 F9000000 		.4byte	0xf9
 1352 0355 C8010000 		.4byte	.LLST5
 1353 0359 19       		.uleb128 0x19
 1354 035a 0D010000 		.4byte	.LASF30
 1355 035e 01       		.byte	0x1
 1356 035f 59       		.byte	0x59
 1357 0360 F9000000 		.4byte	0xf9
 1358 0364 B9020000 		.4byte	.LLST6
 1359 0368 18       		.uleb128 0x18
 1360 0369 6900     		.ascii	"i\000"
 1361 036b 01       		.byte	0x1
 1362 036c 5A       		.byte	0x5a
 1363 036d 5B000000 		.4byte	0x5b
 1364 0371 1F030000 		.4byte	.LLST7
 1365 0375 19       		.uleb128 0x19
 1366 0376 8F010000 		.4byte	.LASF31
 1367 037a 01       		.byte	0x1
ARM GAS  /tmp/ccZMWFuP.s 			page 25


 1368 037b 5A       		.byte	0x5a
 1369 037c 5B000000 		.4byte	0x5b
 1370 0380 55030000 		.4byte	.LLST8
 1371 0384 19       		.uleb128 0x19
 1372 0385 A5000000 		.4byte	.LASF32
 1373 0389 01       		.byte	0x1
 1374 038a 5A       		.byte	0x5a
 1375 038b 5B000000 		.4byte	0x5b
 1376 038f C5030000 		.4byte	.LLST9
 1377 0393 19       		.uleb128 0x19
 1378 0394 42000000 		.4byte	.LASF33
 1379 0398 01       		.byte	0x1
 1380 0399 5B       		.byte	0x5b
 1381 039a CD000000 		.4byte	0xcd
 1382 039e 86040000 		.4byte	.LLST10
 1383 03a2 19       		.uleb128 0x19
 1384 03a3 9E010000 		.4byte	.LASF34
 1385 03a7 01       		.byte	0x1
 1386 03a8 5B       		.byte	0x5b
 1387 03a9 CD000000 		.4byte	0xcd
 1388 03ad F3040000 		.4byte	.LLST11
 1389 03b1 18       		.uleb128 0x18
 1390 03b2 6C00     		.ascii	"l\000"
 1391 03b4 01       		.byte	0x1
 1392 03b5 5C       		.byte	0x5c
 1393 03b6 A6000000 		.4byte	0xa6
 1394 03ba 4B050000 		.4byte	.LLST12
 1395 03be 1A       		.uleb128 0x1a
 1396 03bf BF010000 		.4byte	.LASF41
 1397 03c3 01       		.byte	0x1
 1398 03c4 BD       		.byte	0xbd
 1399 03c5 70030000 		.4byte	.L20
 1400 03c9 1B       		.uleb128 0x1b
 1401 03ca 96020000 		.4byte	0x296
 1402 03ce 1C000000 		.4byte	.LBB6
 1403 03d2 00000000 		.4byte	.Ldebug_ranges0+0
 1404 03d6 01       		.byte	0x1
 1405 03d7 B0       		.byte	0xb0
 1406 03d8 10040000 		.4byte	0x410
 1407 03dc 1C       		.uleb128 0x1c
 1408 03dd BB020000 		.4byte	0x2bb
 1409 03e1 A8050000 		.4byte	.LLST13
 1410 03e5 1C       		.uleb128 0x1c
 1411 03e6 B0020000 		.4byte	0x2b0
 1412 03ea BC050000 		.4byte	.LLST14
 1413 03ee 1C       		.uleb128 0x1c
 1414 03ef A7020000 		.4byte	0x2a7
 1415 03f3 E5050000 		.4byte	.LLST15
 1416 03f7 1D       		.uleb128 0x1d
 1417 03f8 30000000 		.4byte	.Ldebug_ranges0+0x30
 1418 03fc 1E       		.uleb128 0x1e
 1419 03fd C6020000 		.4byte	0x2c6
 1420 0401 0E060000 		.4byte	.LLST16
 1421 0405 1E       		.uleb128 0x1e
 1422 0406 CF020000 		.4byte	0x2cf
 1423 040a 48060000 		.4byte	.LLST17
 1424 040e 00       		.byte	0
ARM GAS  /tmp/ccZMWFuP.s 			page 26


 1425 040f 00       		.byte	0
 1426 0410 1F       		.uleb128 0x1f
 1427 0411 96020000 		.4byte	0x296
 1428 0415 80030000 		.4byte	.LBB14
 1429 0419 60000000 		.4byte	.Ldebug_ranges0+0x60
 1430 041d 01       		.byte	0x1
 1431 041e C2       		.byte	0xc2
 1432 041f 1C       		.uleb128 0x1c
 1433 0420 BB020000 		.4byte	0x2bb
 1434 0424 66060000 		.4byte	.LLST18
 1435 0428 1C       		.uleb128 0x1c
 1436 0429 B0020000 		.4byte	0x2b0
 1437 042d 79060000 		.4byte	.LLST19
 1438 0431 1C       		.uleb128 0x1c
 1439 0432 A7020000 		.4byte	0x2a7
 1440 0436 A2060000 		.4byte	.LLST20
 1441 043a 1D       		.uleb128 0x1d
 1442 043b 78000000 		.4byte	.Ldebug_ranges0+0x78
 1443 043f 1E       		.uleb128 0x1e
 1444 0440 C6020000 		.4byte	0x2c6
 1445 0444 D8060000 		.4byte	.LLST21
 1446 0448 1E       		.uleb128 0x1e
 1447 0449 CF020000 		.4byte	0x2cf
 1448 044d 01070000 		.4byte	.LLST22
 1449 0451 00       		.byte	0
 1450 0452 00       		.byte	0
 1451 0453 00       		.byte	0
 1452 0454 08       		.uleb128 0x8
 1453 0455 04       		.byte	0x4
 1454 0456 8B020000 		.4byte	0x28b
 1455 045a 20       		.uleb128 0x20
 1456 045b F9000000 		.4byte	0xf9
 1457 045f 21       		.uleb128 0x21
 1458 0460 6D000000 		.4byte	0x6d
 1459 0464 0B       		.byte	0xb
 1460 0465 00       		.byte	0
 1461 0466 00       		.byte	0
 1462              		.section	.debug_abbrev,"",%progbits
 1463              	.Ldebug_abbrev0:
 1464 0000 01       		.uleb128 0x1
 1465 0001 11       		.uleb128 0x11
 1466 0002 01       		.byte	0x1
 1467 0003 25       		.uleb128 0x25
 1468 0004 0E       		.uleb128 0xe
 1469 0005 13       		.uleb128 0x13
 1470 0006 0B       		.uleb128 0xb
 1471 0007 03       		.uleb128 0x3
 1472 0008 0E       		.uleb128 0xe
 1473 0009 1B       		.uleb128 0x1b
 1474 000a 0E       		.uleb128 0xe
 1475 000b 11       		.uleb128 0x11
 1476 000c 01       		.uleb128 0x1
 1477 000d 52       		.uleb128 0x52
 1478 000e 01       		.uleb128 0x1
 1479 000f 55       		.uleb128 0x55
 1480 0010 06       		.uleb128 0x6
 1481 0011 10       		.uleb128 0x10
ARM GAS  /tmp/ccZMWFuP.s 			page 27


 1482 0012 06       		.uleb128 0x6
 1483 0013 00       		.byte	0
 1484 0014 00       		.byte	0
 1485 0015 02       		.uleb128 0x2
 1486 0016 16       		.uleb128 0x16
 1487 0017 00       		.byte	0
 1488 0018 03       		.uleb128 0x3
 1489 0019 0E       		.uleb128 0xe
 1490 001a 3A       		.uleb128 0x3a
 1491 001b 0B       		.uleb128 0xb
 1492 001c 3B       		.uleb128 0x3b
 1493 001d 0B       		.uleb128 0xb
 1494 001e 49       		.uleb128 0x49
 1495 001f 13       		.uleb128 0x13
 1496 0020 00       		.byte	0
 1497 0021 00       		.byte	0
 1498 0022 03       		.uleb128 0x3
 1499 0023 13       		.uleb128 0x13
 1500 0024 01       		.byte	0x1
 1501 0025 03       		.uleb128 0x3
 1502 0026 0E       		.uleb128 0xe
 1503 0027 0B       		.uleb128 0xb
 1504 0028 0B       		.uleb128 0xb
 1505 0029 3A       		.uleb128 0x3a
 1506 002a 0B       		.uleb128 0xb
 1507 002b 3B       		.uleb128 0x3b
 1508 002c 0B       		.uleb128 0xb
 1509 002d 01       		.uleb128 0x1
 1510 002e 13       		.uleb128 0x13
 1511 002f 00       		.byte	0
 1512 0030 00       		.byte	0
 1513 0031 04       		.uleb128 0x4
 1514 0032 0D       		.uleb128 0xd
 1515 0033 00       		.byte	0
 1516 0034 03       		.uleb128 0x3
 1517 0035 0E       		.uleb128 0xe
 1518 0036 49       		.uleb128 0x49
 1519 0037 13       		.uleb128 0x13
 1520 0038 38       		.uleb128 0x38
 1521 0039 0A       		.uleb128 0xa
 1522 003a 34       		.uleb128 0x34
 1523 003b 0C       		.uleb128 0xc
 1524 003c 00       		.byte	0
 1525 003d 00       		.byte	0
 1526 003e 05       		.uleb128 0x5
 1527 003f 0F       		.uleb128 0xf
 1528 0040 00       		.byte	0
 1529 0041 0B       		.uleb128 0xb
 1530 0042 0B       		.uleb128 0xb
 1531 0043 00       		.byte	0
 1532 0044 00       		.byte	0
 1533 0045 06       		.uleb128 0x6
 1534 0046 24       		.uleb128 0x24
 1535 0047 00       		.byte	0
 1536 0048 0B       		.uleb128 0xb
 1537 0049 0B       		.uleb128 0xb
 1538 004a 3E       		.uleb128 0x3e
ARM GAS  /tmp/ccZMWFuP.s 			page 28


 1539 004b 0B       		.uleb128 0xb
 1540 004c 03       		.uleb128 0x3
 1541 004d 08       		.uleb128 0x8
 1542 004e 00       		.byte	0
 1543 004f 00       		.byte	0
 1544 0050 07       		.uleb128 0x7
 1545 0051 24       		.uleb128 0x24
 1546 0052 00       		.byte	0
 1547 0053 0B       		.uleb128 0xb
 1548 0054 0B       		.uleb128 0xb
 1549 0055 3E       		.uleb128 0x3e
 1550 0056 0B       		.uleb128 0xb
 1551 0057 03       		.uleb128 0x3
 1552 0058 0E       		.uleb128 0xe
 1553 0059 00       		.byte	0
 1554 005a 00       		.byte	0
 1555 005b 08       		.uleb128 0x8
 1556 005c 0F       		.uleb128 0xf
 1557 005d 00       		.byte	0
 1558 005e 0B       		.uleb128 0xb
 1559 005f 0B       		.uleb128 0xb
 1560 0060 49       		.uleb128 0x49
 1561 0061 13       		.uleb128 0x13
 1562 0062 00       		.byte	0
 1563 0063 00       		.byte	0
 1564 0064 09       		.uleb128 0x9
 1565 0065 26       		.uleb128 0x26
 1566 0066 00       		.byte	0
 1567 0067 49       		.uleb128 0x49
 1568 0068 13       		.uleb128 0x13
 1569 0069 00       		.byte	0
 1570 006a 00       		.byte	0
 1571 006b 0A       		.uleb128 0xa
 1572 006c 15       		.uleb128 0x15
 1573 006d 01       		.byte	0x1
 1574 006e 27       		.uleb128 0x27
 1575 006f 0C       		.uleb128 0xc
 1576 0070 49       		.uleb128 0x49
 1577 0071 13       		.uleb128 0x13
 1578 0072 01       		.uleb128 0x1
 1579 0073 13       		.uleb128 0x13
 1580 0074 00       		.byte	0
 1581 0075 00       		.byte	0
 1582 0076 0B       		.uleb128 0xb
 1583 0077 05       		.uleb128 0x5
 1584 0078 00       		.byte	0
 1585 0079 49       		.uleb128 0x49
 1586 007a 13       		.uleb128 0x13
 1587 007b 00       		.byte	0
 1588 007c 00       		.byte	0
 1589 007d 0C       		.uleb128 0xc
 1590 007e 0D       		.uleb128 0xd
 1591 007f 00       		.byte	0
 1592 0080 03       		.uleb128 0x3
 1593 0081 0E       		.uleb128 0xe
 1594 0082 3A       		.uleb128 0x3a
 1595 0083 0B       		.uleb128 0xb
ARM GAS  /tmp/ccZMWFuP.s 			page 29


 1596 0084 3B       		.uleb128 0x3b
 1597 0085 0B       		.uleb128 0xb
 1598 0086 49       		.uleb128 0x49
 1599 0087 13       		.uleb128 0x13
 1600 0088 38       		.uleb128 0x38
 1601 0089 0A       		.uleb128 0xa
 1602 008a 00       		.byte	0
 1603 008b 00       		.byte	0
 1604 008c 0D       		.uleb128 0xd
 1605 008d 0D       		.uleb128 0xd
 1606 008e 00       		.byte	0
 1607 008f 03       		.uleb128 0x3
 1608 0090 08       		.uleb128 0x8
 1609 0091 3A       		.uleb128 0x3a
 1610 0092 0B       		.uleb128 0xb
 1611 0093 3B       		.uleb128 0x3b
 1612 0094 0B       		.uleb128 0xb
 1613 0095 49       		.uleb128 0x49
 1614 0096 13       		.uleb128 0x13
 1615 0097 38       		.uleb128 0x38
 1616 0098 0A       		.uleb128 0xa
 1617 0099 00       		.byte	0
 1618 009a 00       		.byte	0
 1619 009b 0E       		.uleb128 0xe
 1620 009c 13       		.uleb128 0x13
 1621 009d 01       		.byte	0x1
 1622 009e 0B       		.uleb128 0xb
 1623 009f 0B       		.uleb128 0xb
 1624 00a0 3A       		.uleb128 0x3a
 1625 00a1 0B       		.uleb128 0xb
 1626 00a2 3B       		.uleb128 0x3b
 1627 00a3 0B       		.uleb128 0xb
 1628 00a4 01       		.uleb128 0x1
 1629 00a5 13       		.uleb128 0x13
 1630 00a6 00       		.byte	0
 1631 00a7 00       		.byte	0
 1632 00a8 0F       		.uleb128 0xf
 1633 00a9 2E       		.uleb128 0x2e
 1634 00aa 01       		.byte	0x1
 1635 00ab 03       		.uleb128 0x3
 1636 00ac 0E       		.uleb128 0xe
 1637 00ad 3A       		.uleb128 0x3a
 1638 00ae 0B       		.uleb128 0xb
 1639 00af 3B       		.uleb128 0x3b
 1640 00b0 0B       		.uleb128 0xb
 1641 00b1 27       		.uleb128 0x27
 1642 00b2 0C       		.uleb128 0xc
 1643 00b3 49       		.uleb128 0x49
 1644 00b4 13       		.uleb128 0x13
 1645 00b5 20       		.uleb128 0x20
 1646 00b6 0B       		.uleb128 0xb
 1647 00b7 01       		.uleb128 0x1
 1648 00b8 13       		.uleb128 0x13
 1649 00b9 00       		.byte	0
 1650 00ba 00       		.byte	0
 1651 00bb 10       		.uleb128 0x10
 1652 00bc 05       		.uleb128 0x5
ARM GAS  /tmp/ccZMWFuP.s 			page 30


 1653 00bd 00       		.byte	0
 1654 00be 03       		.uleb128 0x3
 1655 00bf 08       		.uleb128 0x8
 1656 00c0 3A       		.uleb128 0x3a
 1657 00c1 0B       		.uleb128 0xb
 1658 00c2 3B       		.uleb128 0x3b
 1659 00c3 0B       		.uleb128 0xb
 1660 00c4 49       		.uleb128 0x49
 1661 00c5 13       		.uleb128 0x13
 1662 00c6 00       		.byte	0
 1663 00c7 00       		.byte	0
 1664 00c8 11       		.uleb128 0x11
 1665 00c9 05       		.uleb128 0x5
 1666 00ca 00       		.byte	0
 1667 00cb 03       		.uleb128 0x3
 1668 00cc 0E       		.uleb128 0xe
 1669 00cd 3A       		.uleb128 0x3a
 1670 00ce 0B       		.uleb128 0xb
 1671 00cf 3B       		.uleb128 0x3b
 1672 00d0 0B       		.uleb128 0xb
 1673 00d1 49       		.uleb128 0x49
 1674 00d2 13       		.uleb128 0x13
 1675 00d3 00       		.byte	0
 1676 00d4 00       		.byte	0
 1677 00d5 12       		.uleb128 0x12
 1678 00d6 34       		.uleb128 0x34
 1679 00d7 00       		.byte	0
 1680 00d8 03       		.uleb128 0x3
 1681 00d9 08       		.uleb128 0x8
 1682 00da 3A       		.uleb128 0x3a
 1683 00db 0B       		.uleb128 0xb
 1684 00dc 3B       		.uleb128 0x3b
 1685 00dd 0B       		.uleb128 0xb
 1686 00de 49       		.uleb128 0x49
 1687 00df 13       		.uleb128 0x13
 1688 00e0 00       		.byte	0
 1689 00e1 00       		.byte	0
 1690 00e2 13       		.uleb128 0x13
 1691 00e3 2E       		.uleb128 0x2e
 1692 00e4 01       		.byte	0x1
 1693 00e5 3F       		.uleb128 0x3f
 1694 00e6 0C       		.uleb128 0xc
 1695 00e7 03       		.uleb128 0x3
 1696 00e8 0E       		.uleb128 0xe
 1697 00e9 3A       		.uleb128 0x3a
 1698 00ea 0B       		.uleb128 0xb
 1699 00eb 3B       		.uleb128 0x3b
 1700 00ec 0B       		.uleb128 0xb
 1701 00ed 27       		.uleb128 0x27
 1702 00ee 0C       		.uleb128 0xc
 1703 00ef 11       		.uleb128 0x11
 1704 00f0 01       		.uleb128 0x1
 1705 00f1 12       		.uleb128 0x12
 1706 00f2 01       		.uleb128 0x1
 1707 00f3 40       		.uleb128 0x40
 1708 00f4 06       		.uleb128 0x6
 1709 00f5 01       		.uleb128 0x1
ARM GAS  /tmp/ccZMWFuP.s 			page 31


 1710 00f6 13       		.uleb128 0x13
 1711 00f7 00       		.byte	0
 1712 00f8 00       		.byte	0
 1713 00f9 14       		.uleb128 0x14
 1714 00fa 05       		.uleb128 0x5
 1715 00fb 00       		.byte	0
 1716 00fc 03       		.uleb128 0x3
 1717 00fd 08       		.uleb128 0x8
 1718 00fe 3A       		.uleb128 0x3a
 1719 00ff 0B       		.uleb128 0xb
 1720 0100 3B       		.uleb128 0x3b
 1721 0101 0B       		.uleb128 0xb
 1722 0102 49       		.uleb128 0x49
 1723 0103 13       		.uleb128 0x13
 1724 0104 02       		.uleb128 0x2
 1725 0105 06       		.uleb128 0x6
 1726 0106 00       		.byte	0
 1727 0107 00       		.byte	0
 1728 0108 15       		.uleb128 0x15
 1729 0109 18       		.uleb128 0x18
 1730 010a 00       		.byte	0
 1731 010b 00       		.byte	0
 1732 010c 00       		.byte	0
 1733 010d 16       		.uleb128 0x16
 1734 010e 34       		.uleb128 0x34
 1735 010f 00       		.byte	0
 1736 0110 03       		.uleb128 0x3
 1737 0111 08       		.uleb128 0x8
 1738 0112 3A       		.uleb128 0x3a
 1739 0113 0B       		.uleb128 0xb
 1740 0114 3B       		.uleb128 0x3b
 1741 0115 0B       		.uleb128 0xb
 1742 0116 49       		.uleb128 0x49
 1743 0117 13       		.uleb128 0x13
 1744 0118 02       		.uleb128 0x2
 1745 0119 0A       		.uleb128 0xa
 1746 011a 00       		.byte	0
 1747 011b 00       		.byte	0
 1748 011c 17       		.uleb128 0x17
 1749 011d 34       		.uleb128 0x34
 1750 011e 00       		.byte	0
 1751 011f 03       		.uleb128 0x3
 1752 0120 0E       		.uleb128 0xe
 1753 0121 3A       		.uleb128 0x3a
 1754 0122 0B       		.uleb128 0xb
 1755 0123 3B       		.uleb128 0x3b
 1756 0124 0B       		.uleb128 0xb
 1757 0125 49       		.uleb128 0x49
 1758 0126 13       		.uleb128 0x13
 1759 0127 02       		.uleb128 0x2
 1760 0128 0A       		.uleb128 0xa
 1761 0129 00       		.byte	0
 1762 012a 00       		.byte	0
 1763 012b 18       		.uleb128 0x18
 1764 012c 34       		.uleb128 0x34
 1765 012d 00       		.byte	0
 1766 012e 03       		.uleb128 0x3
ARM GAS  /tmp/ccZMWFuP.s 			page 32


 1767 012f 08       		.uleb128 0x8
 1768 0130 3A       		.uleb128 0x3a
 1769 0131 0B       		.uleb128 0xb
 1770 0132 3B       		.uleb128 0x3b
 1771 0133 0B       		.uleb128 0xb
 1772 0134 49       		.uleb128 0x49
 1773 0135 13       		.uleb128 0x13
 1774 0136 02       		.uleb128 0x2
 1775 0137 06       		.uleb128 0x6
 1776 0138 00       		.byte	0
 1777 0139 00       		.byte	0
 1778 013a 19       		.uleb128 0x19
 1779 013b 34       		.uleb128 0x34
 1780 013c 00       		.byte	0
 1781 013d 03       		.uleb128 0x3
 1782 013e 0E       		.uleb128 0xe
 1783 013f 3A       		.uleb128 0x3a
 1784 0140 0B       		.uleb128 0xb
 1785 0141 3B       		.uleb128 0x3b
 1786 0142 0B       		.uleb128 0xb
 1787 0143 49       		.uleb128 0x49
 1788 0144 13       		.uleb128 0x13
 1789 0145 02       		.uleb128 0x2
 1790 0146 06       		.uleb128 0x6
 1791 0147 00       		.byte	0
 1792 0148 00       		.byte	0
 1793 0149 1A       		.uleb128 0x1a
 1794 014a 0A       		.uleb128 0xa
 1795 014b 00       		.byte	0
 1796 014c 03       		.uleb128 0x3
 1797 014d 0E       		.uleb128 0xe
 1798 014e 3A       		.uleb128 0x3a
 1799 014f 0B       		.uleb128 0xb
 1800 0150 3B       		.uleb128 0x3b
 1801 0151 0B       		.uleb128 0xb
 1802 0152 11       		.uleb128 0x11
 1803 0153 01       		.uleb128 0x1
 1804 0154 00       		.byte	0
 1805 0155 00       		.byte	0
 1806 0156 1B       		.uleb128 0x1b
 1807 0157 1D       		.uleb128 0x1d
 1808 0158 01       		.byte	0x1
 1809 0159 31       		.uleb128 0x31
 1810 015a 13       		.uleb128 0x13
 1811 015b 52       		.uleb128 0x52
 1812 015c 01       		.uleb128 0x1
 1813 015d 55       		.uleb128 0x55
 1814 015e 06       		.uleb128 0x6
 1815 015f 58       		.uleb128 0x58
 1816 0160 0B       		.uleb128 0xb
 1817 0161 59       		.uleb128 0x59
 1818 0162 0B       		.uleb128 0xb
 1819 0163 01       		.uleb128 0x1
 1820 0164 13       		.uleb128 0x13
 1821 0165 00       		.byte	0
 1822 0166 00       		.byte	0
 1823 0167 1C       		.uleb128 0x1c
ARM GAS  /tmp/ccZMWFuP.s 			page 33


 1824 0168 05       		.uleb128 0x5
 1825 0169 00       		.byte	0
 1826 016a 31       		.uleb128 0x31
 1827 016b 13       		.uleb128 0x13
 1828 016c 02       		.uleb128 0x2
 1829 016d 06       		.uleb128 0x6
 1830 016e 00       		.byte	0
 1831 016f 00       		.byte	0
 1832 0170 1D       		.uleb128 0x1d
 1833 0171 0B       		.uleb128 0xb
 1834 0172 01       		.byte	0x1
 1835 0173 55       		.uleb128 0x55
 1836 0174 06       		.uleb128 0x6
 1837 0175 00       		.byte	0
 1838 0176 00       		.byte	0
 1839 0177 1E       		.uleb128 0x1e
 1840 0178 34       		.uleb128 0x34
 1841 0179 00       		.byte	0
 1842 017a 31       		.uleb128 0x31
 1843 017b 13       		.uleb128 0x13
 1844 017c 02       		.uleb128 0x2
 1845 017d 06       		.uleb128 0x6
 1846 017e 00       		.byte	0
 1847 017f 00       		.byte	0
 1848 0180 1F       		.uleb128 0x1f
 1849 0181 1D       		.uleb128 0x1d
 1850 0182 01       		.byte	0x1
 1851 0183 31       		.uleb128 0x31
 1852 0184 13       		.uleb128 0x13
 1853 0185 52       		.uleb128 0x52
 1854 0186 01       		.uleb128 0x1
 1855 0187 55       		.uleb128 0x55
 1856 0188 06       		.uleb128 0x6
 1857 0189 58       		.uleb128 0x58
 1858 018a 0B       		.uleb128 0xb
 1859 018b 59       		.uleb128 0x59
 1860 018c 0B       		.uleb128 0xb
 1861 018d 00       		.byte	0
 1862 018e 00       		.byte	0
 1863 018f 20       		.uleb128 0x20
 1864 0190 01       		.uleb128 0x1
 1865 0191 01       		.byte	0x1
 1866 0192 49       		.uleb128 0x49
 1867 0193 13       		.uleb128 0x13
 1868 0194 00       		.byte	0
 1869 0195 00       		.byte	0
 1870 0196 21       		.uleb128 0x21
 1871 0197 21       		.uleb128 0x21
 1872 0198 00       		.byte	0
 1873 0199 49       		.uleb128 0x49
 1874 019a 13       		.uleb128 0x13
 1875 019b 2F       		.uleb128 0x2f
 1876 019c 0B       		.uleb128 0xb
 1877 019d 00       		.byte	0
 1878 019e 00       		.byte	0
 1879 019f 00       		.byte	0
 1880              		.section	.debug_loc,"",%progbits
ARM GAS  /tmp/ccZMWFuP.s 			page 34


 1881              	.Ldebug_loc0:
 1882              	.LLST0:
 1883 0000 00000000 		.4byte	.LFB8
 1884 0004 02000000 		.4byte	.LCFI0
 1885 0008 0200     		.2byte	0x2
 1886 000a 7D       		.byte	0x7d
 1887 000b 00       		.sleb128 0
 1888 000c 02000000 		.4byte	.LCFI0
 1889 0010 06000000 		.4byte	.LCFI1
 1890 0014 0200     		.2byte	0x2
 1891 0016 7D       		.byte	0x7d
 1892 0017 0C       		.sleb128 12
 1893 0018 06000000 		.4byte	.LCFI1
 1894 001c 08000000 		.4byte	.LCFI2
 1895 0020 0200     		.2byte	0x2
 1896 0022 7D       		.byte	0x7d
 1897 0023 30       		.sleb128 48
 1898 0024 08000000 		.4byte	.LCFI2
 1899 0028 BC040000 		.4byte	.LFE8
 1900 002c 0300     		.2byte	0x3
 1901 002e 7D       		.byte	0x7d
 1902 002f D800     		.sleb128 88
 1903 0031 00000000 		.4byte	0
 1904 0035 00000000 		.4byte	0
 1905              	.LLST1:
 1906 0039 00000000 		.4byte	.LVL0
 1907 003d 14000000 		.4byte	.LVL1
 1908 0041 0100     		.2byte	0x1
 1909 0043 50       		.byte	0x50
 1910 0044 14000000 		.4byte	.LVL1
 1911 0048 BC040000 		.4byte	.LFE8
 1912 004c 0100     		.2byte	0x1
 1913 004e 55       		.byte	0x55
 1914 004f 00000000 		.4byte	0
 1915 0053 00000000 		.4byte	0
 1916              	.LLST2:
 1917 0057 00000000 		.4byte	.LVL0
 1918 005b 38000000 		.4byte	.LVL2
 1919 005f 0200     		.2byte	0x2
 1920 0061 91       		.byte	0x91
 1921 0062 74       		.sleb128 -12
 1922 0063 38000000 		.4byte	.LVL2
 1923 0067 3A000000 		.4byte	.LVL3
 1924 006b 0100     		.2byte	0x1
 1925 006d 54       		.byte	0x54
 1926 006e 3A000000 		.4byte	.LVL3
 1927 0072 3C000000 		.4byte	.LVL4
 1928 0076 0300     		.2byte	0x3
 1929 0078 74       		.byte	0x74
 1930 0079 01       		.sleb128 1
 1931 007a 9F       		.byte	0x9f
 1932 007b 50000000 		.4byte	.LVL5
 1933 007f 52000000 		.4byte	.LVL6
 1934 0083 0100     		.2byte	0x1
 1935 0085 56       		.byte	0x56
 1936 0086 52000000 		.4byte	.LVL6
 1937 008a 56000000 		.4byte	.LVL7
ARM GAS  /tmp/ccZMWFuP.s 			page 35


 1938 008e 0300     		.2byte	0x3
 1939 0090 76       		.byte	0x76
 1940 0091 01       		.sleb128 1
 1941 0092 9F       		.byte	0x9f
 1942 0093 6A000000 		.4byte	.LVL9
 1943 0097 7E000000 		.4byte	.LVL10
 1944 009b 0300     		.2byte	0x3
 1945 009d 76       		.byte	0x76
 1946 009e 01       		.sleb128 1
 1947 009f 9F       		.byte	0x9f
 1948 00a0 7E000000 		.4byte	.LVL10
 1949 00a4 86000000 		.4byte	.LVL11
 1950 00a8 0100     		.2byte	0x1
 1951 00aa 56       		.byte	0x56
 1952 00ab 86000000 		.4byte	.LVL11
 1953 00af 56010000 		.4byte	.LVL27
 1954 00b3 0100     		.2byte	0x1
 1955 00b5 54       		.byte	0x54
 1956 00b6 5A010000 		.4byte	.LVL28
 1957 00ba 4A020000 		.4byte	.LVL46
 1958 00be 0100     		.2byte	0x1
 1959 00c0 54       		.byte	0x54
 1960 00c1 4A020000 		.4byte	.LVL46
 1961 00c5 72020000 		.4byte	.LVL47
 1962 00c9 0100     		.2byte	0x1
 1963 00cb 57       		.byte	0x57
 1964 00cc 72020000 		.4byte	.LVL47
 1965 00d0 7E040000 		.4byte	.LVL112
 1966 00d4 0100     		.2byte	0x1
 1967 00d6 54       		.byte	0x54
 1968 00d7 80040000 		.4byte	.LVL113
 1969 00db 86040000 		.4byte	.LVL114
 1970 00df 0100     		.2byte	0x1
 1971 00e1 56       		.byte	0x56
 1972 00e2 86040000 		.4byte	.LVL114
 1973 00e6 BC040000 		.4byte	.LFE8
 1974 00ea 0100     		.2byte	0x1
 1975 00ec 54       		.byte	0x54
 1976 00ed 00000000 		.4byte	0
 1977 00f1 00000000 		.4byte	0
 1978              	.LLST3:
 1979 00f5 60000000 		.4byte	.LVL8
 1980 00f9 AC010000 		.4byte	.LVL36
 1981 00fd 0100     		.2byte	0x1
 1982 00ff 5B       		.byte	0x5b
 1983 0100 AC010000 		.4byte	.LVL36
 1984 0104 DA010000 		.4byte	.LVL38
 1985 0108 0100     		.2byte	0x1
 1986 010a 57       		.byte	0x57
 1987 010b C6020000 		.4byte	.LVL49
 1988 010f D6020000 		.4byte	.LVL53
 1989 0113 0100     		.2byte	0x1
 1990 0115 5B       		.byte	0x5b
 1991 0116 D6020000 		.4byte	.LVL53
 1992 011a DC020000 		.4byte	.LVL54
 1993 011e 0300     		.2byte	0x3
 1994 0120 91       		.byte	0x91
ARM GAS  /tmp/ccZMWFuP.s 			page 36


 1995 0121 947F     		.sleb128 -108
 1996 0123 6E030000 		.4byte	.LVL68
 1997 0127 0A040000 		.4byte	.LVL96
 1998 012b 0100     		.2byte	0x1
 1999 012d 5B       		.byte	0x5b
 2000 012e 0A040000 		.4byte	.LVL96
 2001 0132 66040000 		.4byte	.LVL109
 2002 0136 0100     		.2byte	0x1
 2003 0138 5C       		.byte	0x5c
 2004 0139 72040000 		.4byte	.LVL110
 2005 013d 76040000 		.4byte	.LVL111
 2006 0141 0100     		.2byte	0x1
 2007 0143 5B       		.byte	0x5b
 2008 0144 76040000 		.4byte	.LVL111
 2009 0148 7E040000 		.4byte	.LVL112
 2010 014c 0300     		.2byte	0x3
 2011 014e 91       		.byte	0x91
 2012 014f 947F     		.sleb128 -108
 2013 0151 7E040000 		.4byte	.LVL112
 2014 0155 9E040000 		.4byte	.LVL120
 2015 0159 0100     		.2byte	0x1
 2016 015b 5B       		.byte	0x5b
 2017 015c 9E040000 		.4byte	.LVL120
 2018 0160 A6040000 		.4byte	.LVL122
 2019 0164 0300     		.2byte	0x3
 2020 0166 91       		.byte	0x91
 2021 0167 947F     		.sleb128 -108
 2022 0169 00000000 		.4byte	0
 2023 016d 00000000 		.4byte	0
 2024              	.LLST4:
 2025 0171 60000000 		.4byte	.LVL8
 2026 0175 9A010000 		.4byte	.LVL34
 2027 0179 0100     		.2byte	0x1
 2028 017b 5B       		.byte	0x5b
 2029 017c A0010000 		.4byte	.LVL35
 2030 0180 22020000 		.4byte	.LVL43
 2031 0184 0100     		.2byte	0x1
 2032 0186 57       		.byte	0x57
 2033 0187 22020000 		.4byte	.LVL43
 2034 018b 34020000 		.4byte	.LVL45
 2035 018f 0300     		.2byte	0x3
 2036 0191 76       		.byte	0x76
 2037 0192 7F       		.sleb128 -1
 2038 0193 9F       		.byte	0x9f
 2039 0194 C6020000 		.4byte	.LVL49
 2040 0198 DC020000 		.4byte	.LVL54
 2041 019c 0100     		.2byte	0x1
 2042 019e 5B       		.byte	0x5b
 2043 019f DC020000 		.4byte	.LVL54
 2044 01a3 24030000 		.4byte	.LVL60
 2045 01a7 0100     		.2byte	0x1
 2046 01a9 57       		.byte	0x57
 2047 01aa 6E030000 		.4byte	.LVL68
 2048 01ae A6040000 		.4byte	.LVL122
 2049 01b2 0100     		.2byte	0x1
 2050 01b4 5B       		.byte	0x5b
 2051 01b5 A6040000 		.4byte	.LVL122
ARM GAS  /tmp/ccZMWFuP.s 			page 37


 2052 01b9 BC040000 		.4byte	.LFE8
 2053 01bd 0100     		.2byte	0x1
 2054 01bf 57       		.byte	0x57
 2055 01c0 00000000 		.4byte	0
 2056 01c4 00000000 		.4byte	0
 2057              	.LLST5:
 2058 01c8 3A000000 		.4byte	.LVL3
 2059 01cc 3C000000 		.4byte	.LVL4
 2060 01d0 0100     		.2byte	0x1
 2061 01d2 51       		.byte	0x51
 2062 01d3 52000000 		.4byte	.LVL6
 2063 01d7 56000000 		.4byte	.LVL7
 2064 01db 0100     		.2byte	0x1
 2065 01dd 51       		.byte	0x51
 2066 01de 86000000 		.4byte	.LVL11
 2067 01e2 88000000 		.4byte	.LVL12
 2068 01e6 0100     		.2byte	0x1
 2069 01e8 53       		.byte	0x53
 2070 01e9 88000000 		.4byte	.LVL12
 2071 01ed 96000000 		.4byte	.LVL15
 2072 01f1 0100     		.2byte	0x1
 2073 01f3 52       		.byte	0x52
 2074 01f4 96000000 		.4byte	.LVL15
 2075 01f8 C4000000 		.4byte	.LVL19
 2076 01fc 0100     		.2byte	0x1
 2077 01fe 53       		.byte	0x53
 2078 01ff CC000000 		.4byte	.LVL20
 2079 0203 D2000000 		.4byte	.LVL22
 2080 0207 0100     		.2byte	0x1
 2081 0209 52       		.byte	0x52
 2082 020a D2000000 		.4byte	.LVL22
 2083 020e 4C010000 		.4byte	.LVL24
 2084 0212 0100     		.2byte	0x1
 2085 0214 53       		.byte	0x53
 2086 0215 4C010000 		.4byte	.LVL24
 2087 0219 56010000 		.4byte	.LVL27
 2088 021d 0100     		.2byte	0x1
 2089 021f 52       		.byte	0x52
 2090 0220 5A010000 		.4byte	.LVL28
 2091 0224 80010000 		.4byte	.LVL29
 2092 0228 0100     		.2byte	0x1
 2093 022a 53       		.byte	0x53
 2094 022b 90010000 		.4byte	.LVL31
 2095 022f 96010000 		.4byte	.LVL33
 2096 0233 0100     		.2byte	0x1
 2097 0235 53       		.byte	0x53
 2098 0236 96010000 		.4byte	.LVL33
 2099 023a C0010000 		.4byte	.LVL37
 2100 023e 0400     		.2byte	0x4
 2101 0240 76       		.byte	0x76
 2102 0241 C400     		.sleb128 68
 2103 0243 9F       		.byte	0x9f
 2104 0244 C6020000 		.4byte	.LVL49
 2105 0248 D0020000 		.4byte	.LVL52
 2106 024c 0100     		.2byte	0x1
 2107 024e 53       		.byte	0x53
 2108 024f D0020000 		.4byte	.LVL52
ARM GAS  /tmp/ccZMWFuP.s 			page 38


 2109 0253 DC020000 		.4byte	.LVL54
 2110 0257 0400     		.2byte	0x4
 2111 0259 76       		.byte	0x76
 2112 025a C400     		.sleb128 68
 2113 025c 9F       		.byte	0x9f
 2114 025d 6E030000 		.4byte	.LVL68
 2115 0261 70030000 		.4byte	.LVL69
 2116 0265 0100     		.2byte	0x1
 2117 0267 53       		.byte	0x53
 2118 0268 E2030000 		.4byte	.LVL89
 2119 026c E4030000 		.4byte	.LVL90
 2120 0270 0100     		.2byte	0x1
 2121 0272 53       		.byte	0x53
 2122 0273 F2030000 		.4byte	.LVL92
 2123 0277 F6030000 		.4byte	.LVL93
 2124 027b 0200     		.2byte	0x2
 2125 027d 38       		.byte	0x38
 2126 027e 9F       		.byte	0x9f
 2127 027f F6030000 		.4byte	.LVL93
 2128 0283 F8030000 		.4byte	.LVL94
 2129 0287 0100     		.2byte	0x1
 2130 0289 53       		.byte	0x53
 2131 028a F8030000 		.4byte	.LVL94
 2132 028e 0A040000 		.4byte	.LVL96
 2133 0292 0400     		.2byte	0x4
 2134 0294 76       		.byte	0x76
 2135 0295 C400     		.sleb128 68
 2136 0297 9F       		.byte	0x9f
 2137 0298 72040000 		.4byte	.LVL110
 2138 029c 7E040000 		.4byte	.LVL112
 2139 02a0 0100     		.2byte	0x1
 2140 02a2 53       		.byte	0x53
 2141 02a3 8A040000 		.4byte	.LVL115
 2142 02a7 9A040000 		.4byte	.LVL119
 2143 02ab 0400     		.2byte	0x4
 2144 02ad 76       		.byte	0x76
 2145 02ae C400     		.sleb128 68
 2146 02b0 9F       		.byte	0x9f
 2147 02b1 00000000 		.4byte	0
 2148 02b5 00000000 		.4byte	0
 2149              	.LLST6:
 2150 02b9 6A000000 		.4byte	.LVL9
 2151 02bd 7E000000 		.4byte	.LVL10
 2152 02c1 0300     		.2byte	0x3
 2153 02c3 08       		.byte	0x8
 2154 02c4 30       		.byte	0x30
 2155 02c5 9F       		.byte	0x9f
 2156 02c6 7E000000 		.4byte	.LVL10
 2157 02ca 90010000 		.4byte	.LVL31
 2158 02ce 0100     		.2byte	0x1
 2159 02d0 58       		.byte	0x58
 2160 02d1 90010000 		.4byte	.LVL31
 2161 02d5 02020000 		.4byte	.LVL39
 2162 02d9 0300     		.2byte	0x3
 2163 02db 08       		.byte	0x8
 2164 02dc 20       		.byte	0x20
 2165 02dd 9F       		.byte	0x9f
ARM GAS  /tmp/ccZMWFuP.s 			page 39


 2166 02de 02020000 		.4byte	.LVL39
 2167 02e2 0A020000 		.4byte	.LVL41
 2168 02e6 0100     		.2byte	0x1
 2169 02e8 58       		.byte	0x58
 2170 02e9 C6020000 		.4byte	.LVL49
 2171 02ed DC020000 		.4byte	.LVL54
 2172 02f1 0300     		.2byte	0x3
 2173 02f3 08       		.byte	0x8
 2174 02f4 20       		.byte	0x20
 2175 02f5 9F       		.byte	0x9f
 2176 02f6 DC020000 		.4byte	.LVL54
 2177 02fa E8020000 		.4byte	.LVL57
 2178 02fe 0100     		.2byte	0x1
 2179 0300 58       		.byte	0x58
 2180 0301 6E030000 		.4byte	.LVL68
 2181 0305 7E040000 		.4byte	.LVL112
 2182 0309 0100     		.2byte	0x1
 2183 030b 58       		.byte	0x58
 2184 030c 86040000 		.4byte	.LVL114
 2185 0310 A6040000 		.4byte	.LVL122
 2186 0314 0100     		.2byte	0x1
 2187 0316 58       		.byte	0x58
 2188 0317 00000000 		.4byte	0
 2189 031b 00000000 		.4byte	0
 2190              	.LLST7:
 2191 031f 02020000 		.4byte	.LVL39
 2192 0323 0A020000 		.4byte	.LVL41
 2193 0327 0100     		.2byte	0x1
 2194 0329 59       		.byte	0x59
 2195 032a 0A020000 		.4byte	.LVL41
 2196 032e 1E020000 		.4byte	.LVL42
 2197 0332 0300     		.2byte	0x3
 2198 0334 79       		.byte	0x79
 2199 0335 7F       		.sleb128 -1
 2200 0336 9F       		.byte	0x9f
 2201 0337 DC020000 		.4byte	.LVL54
 2202 033b 24030000 		.4byte	.LVL60
 2203 033f 0100     		.2byte	0x1
 2204 0341 59       		.byte	0x59
 2205 0342 A6040000 		.4byte	.LVL122
 2206 0346 BC040000 		.4byte	.LFE8
 2207 034a 0100     		.2byte	0x1
 2208 034c 59       		.byte	0x59
 2209 034d 00000000 		.4byte	0
 2210 0351 00000000 		.4byte	0
 2211              	.LLST8:
 2212 0355 AC000000 		.4byte	.LVL17
 2213 0359 AE000000 		.4byte	.LVL18
 2214 035d 0200     		.2byte	0x2
 2215 035f 30       		.byte	0x30
 2216 0360 9F       		.byte	0x9f
 2217 0361 AE000000 		.4byte	.LVL18
 2218 0365 52010000 		.4byte	.LVL26
 2219 0369 0100     		.2byte	0x1
 2220 036b 51       		.byte	0x51
 2221 036c 52010000 		.4byte	.LVL26
 2222 0370 56010000 		.4byte	.LVL27
ARM GAS  /tmp/ccZMWFuP.s 			page 40


 2223 0374 0500     		.2byte	0x5
 2224 0376 79       		.byte	0x79
 2225 0377 00       		.sleb128 0
 2226 0378 31       		.byte	0x31
 2227 0379 24       		.byte	0x24
 2228 037a 9F       		.byte	0x9f
 2229 037b 56010000 		.4byte	.LVL27
 2230 037f AC010000 		.4byte	.LVL36
 2231 0383 0100     		.2byte	0x1
 2232 0385 51       		.byte	0x51
 2233 0386 C6020000 		.4byte	.LVL49
 2234 038a CE020000 		.4byte	.LVL51
 2235 038e 0100     		.2byte	0x1
 2236 0390 51       		.byte	0x51
 2237 0391 6E030000 		.4byte	.LVL68
 2238 0395 80030000 		.4byte	.LVL73
 2239 0399 0100     		.2byte	0x1
 2240 039b 51       		.byte	0x51
 2241 039c E2030000 		.4byte	.LVL89
 2242 03a0 0A040000 		.4byte	.LVL96
 2243 03a4 0100     		.2byte	0x1
 2244 03a6 51       		.byte	0x51
 2245 03a7 72040000 		.4byte	.LVL110
 2246 03ab 7E040000 		.4byte	.LVL112
 2247 03af 0100     		.2byte	0x1
 2248 03b1 51       		.byte	0x51
 2249 03b2 86040000 		.4byte	.LVL114
 2250 03b6 8C040000 		.4byte	.LVL116
 2251 03ba 0100     		.2byte	0x1
 2252 03bc 51       		.byte	0x51
 2253 03bd 00000000 		.4byte	0
 2254 03c1 00000000 		.4byte	0
 2255              	.LLST9:
 2256 03c5 7E000000 		.4byte	.LVL10
 2257 03c9 86000000 		.4byte	.LVL11
 2258 03cd 0200     		.2byte	0x2
 2259 03cf 30       		.byte	0x30
 2260 03d0 9F       		.byte	0x9f
 2261 03d1 86000000 		.4byte	.LVL11
 2262 03d5 02020000 		.4byte	.LVL39
 2263 03d9 0100     		.2byte	0x1
 2264 03db 5A       		.byte	0x5a
 2265 03dc 02020000 		.4byte	.LVL39
 2266 03e0 06020000 		.4byte	.LVL40
 2267 03e4 0100     		.2byte	0x1
 2268 03e6 52       		.byte	0x52
 2269 03e7 06020000 		.4byte	.LVL40
 2270 03eb 30020000 		.4byte	.LVL44
 2271 03ef 0100     		.2byte	0x1
 2272 03f1 5A       		.byte	0x5a
 2273 03f2 72020000 		.4byte	.LVL47
 2274 03f6 A2020000 		.4byte	.LVL48
 2275 03fa 0100     		.2byte	0x1
 2276 03fc 5A       		.byte	0x5a
 2277 03fd C6020000 		.4byte	.LVL49
 2278 0401 E0020000 		.4byte	.LVL55
 2279 0405 0100     		.2byte	0x1
ARM GAS  /tmp/ccZMWFuP.s 			page 41


 2280 0407 5A       		.byte	0x5a
 2281 0408 E0020000 		.4byte	.LVL55
 2282 040c E4020000 		.4byte	.LVL56
 2283 0410 0100     		.2byte	0x1
 2284 0412 52       		.byte	0x52
 2285 0413 E4020000 		.4byte	.LVL56
 2286 0417 26030000 		.4byte	.LVL61
 2287 041b 0100     		.2byte	0x1
 2288 041d 5A       		.byte	0x5a
 2289 041e 26030000 		.4byte	.LVL61
 2290 0422 2A030000 		.4byte	.LVL62
 2291 0426 0300     		.2byte	0x3
 2292 0428 7A       		.byte	0x7a
 2293 0429 01       		.sleb128 1
 2294 042a 9F       		.byte	0x9f
 2295 042b 2A030000 		.4byte	.LVL62
 2296 042f 3E030000 		.4byte	.LVL63
 2297 0433 0100     		.2byte	0x1
 2298 0435 5A       		.byte	0x5a
 2299 0436 3E030000 		.4byte	.LVL63
 2300 043a 42030000 		.4byte	.LVL64
 2301 043e 0300     		.2byte	0x3
 2302 0440 7A       		.byte	0x7a
 2303 0441 01       		.sleb128 1
 2304 0442 9F       		.byte	0x9f
 2305 0443 42030000 		.4byte	.LVL64
 2306 0447 5A030000 		.4byte	.LVL65
 2307 044b 0100     		.2byte	0x1
 2308 044d 5A       		.byte	0x5a
 2309 044e 5A030000 		.4byte	.LVL65
 2310 0452 66030000 		.4byte	.LVL66
 2311 0456 0300     		.2byte	0x3
 2312 0458 7A       		.byte	0x7a
 2313 0459 7F       		.sleb128 -1
 2314 045a 9F       		.byte	0x9f
 2315 045b 66030000 		.4byte	.LVL66
 2316 045f 6A030000 		.4byte	.LVL67
 2317 0463 0300     		.2byte	0x3
 2318 0465 7A       		.byte	0x7a
 2319 0466 01       		.sleb128 1
 2320 0467 9F       		.byte	0x9f
 2321 0468 6A030000 		.4byte	.LVL67
 2322 046c 7E040000 		.4byte	.LVL112
 2323 0470 0100     		.2byte	0x1
 2324 0472 5A       		.byte	0x5a
 2325 0473 86040000 		.4byte	.LVL114
 2326 0477 BC040000 		.4byte	.LFE8
 2327 047b 0100     		.2byte	0x1
 2328 047d 5A       		.byte	0x5a
 2329 047e 00000000 		.4byte	0
 2330 0482 00000000 		.4byte	0
 2331              	.LLST10:
 2332 0486 C4000000 		.4byte	.LVL19
 2333 048a D2000000 		.4byte	.LVL22
 2334 048e 0200     		.2byte	0x2
 2335 0490 31       		.byte	0x31
 2336 0491 9F       		.byte	0x9f
ARM GAS  /tmp/ccZMWFuP.s 			page 42


 2337 0492 D2000000 		.4byte	.LVL22
 2338 0496 4A010000 		.4byte	.LVL23
 2339 049a 0100     		.2byte	0x1
 2340 049c 52       		.byte	0x52
 2341 049d 8E010000 		.4byte	.LVL30
 2342 04a1 94010000 		.4byte	.LVL32
 2343 04a5 0100     		.2byte	0x1
 2344 04a7 52       		.byte	0x52
 2345 04a8 C6020000 		.4byte	.LVL49
 2346 04ac C8020000 		.4byte	.LVL50
 2347 04b0 0100     		.2byte	0x1
 2348 04b2 52       		.byte	0x52
 2349 04b3 6E030000 		.4byte	.LVL68
 2350 04b7 78030000 		.4byte	.LVL70
 2351 04bb 0100     		.2byte	0x1
 2352 04bd 52       		.byte	0x52
 2353 04be E2030000 		.4byte	.LVL89
 2354 04c2 14040000 		.4byte	.LVL98
 2355 04c6 0100     		.2byte	0x1
 2356 04c8 52       		.byte	0x52
 2357 04c9 72040000 		.4byte	.LVL110
 2358 04cd 7E040000 		.4byte	.LVL112
 2359 04d1 0100     		.2byte	0x1
 2360 04d3 52       		.byte	0x52
 2361 04d4 86040000 		.4byte	.LVL114
 2362 04d8 8A040000 		.4byte	.LVL115
 2363 04dc 0200     		.2byte	0x2
 2364 04de 31       		.byte	0x31
 2365 04df 9F       		.byte	0x9f
 2366 04e0 8A040000 		.4byte	.LVL115
 2367 04e4 A6040000 		.4byte	.LVL122
 2368 04e8 0100     		.2byte	0x1
 2369 04ea 52       		.byte	0x52
 2370 04eb 00000000 		.4byte	0
 2371 04ef 00000000 		.4byte	0
 2372              	.LLST11:
 2373 04f3 60000000 		.4byte	.LVL8
 2374 04f7 6A000000 		.4byte	.LVL9
 2375 04fb 0200     		.2byte	0x2
 2376 04fd 30       		.byte	0x30
 2377 04fe 9F       		.byte	0x9f
 2378 04ff 6A000000 		.4byte	.LVL9
 2379 0503 0A020000 		.4byte	.LVL41
 2380 0507 0100     		.2byte	0x1
 2381 0509 50       		.byte	0x50
 2382 050a C6020000 		.4byte	.LVL49
 2383 050e 00030000 		.4byte	.LVL59
 2384 0512 0100     		.2byte	0x1
 2385 0514 50       		.byte	0x50
 2386 0515 6E030000 		.4byte	.LVL68
 2387 0519 7E040000 		.4byte	.LVL112
 2388 051d 0100     		.2byte	0x1
 2389 051f 50       		.byte	0x50
 2390 0520 7E040000 		.4byte	.LVL112
 2391 0524 80040000 		.4byte	.LVL113
 2392 0528 0200     		.2byte	0x2
 2393 052a 30       		.byte	0x30
ARM GAS  /tmp/ccZMWFuP.s 			page 43


 2394 052b 9F       		.byte	0x9f
 2395 052c 80040000 		.4byte	.LVL113
 2396 0530 86040000 		.4byte	.LVL114
 2397 0534 0200     		.2byte	0x2
 2398 0536 31       		.byte	0x31
 2399 0537 9F       		.byte	0x9f
 2400 0538 86040000 		.4byte	.LVL114
 2401 053c A6040000 		.4byte	.LVL122
 2402 0540 0100     		.2byte	0x1
 2403 0542 50       		.byte	0x50
 2404 0543 00000000 		.4byte	0
 2405 0547 00000000 		.4byte	0
 2406              	.LLST12:
 2407 054b 7A030000 		.4byte	.LVL71
 2408 054f 7C030000 		.4byte	.LVL72
 2409 0553 0200     		.2byte	0x2
 2410 0555 72       		.byte	0x72
 2411 0556 7C       		.sleb128 -4
 2412 0557 7C030000 		.4byte	.LVL72
 2413 055b 80030000 		.4byte	.LVL73
 2414 055f 0100     		.2byte	0x1
 2415 0561 53       		.byte	0x53
 2416 0562 EE030000 		.4byte	.LVL91
 2417 0566 F2030000 		.4byte	.LVL92
 2418 056a 0200     		.2byte	0x2
 2419 056c 76       		.byte	0x76
 2420 056d 7C       		.sleb128 -4
 2421 056e 00040000 		.4byte	.LVL95
 2422 0572 0A040000 		.4byte	.LVL96
 2423 0576 0400     		.2byte	0x4
 2424 0578 91       		.byte	0x91
 2425 0579 B47F     		.sleb128 -76
 2426 057b 06       		.byte	0x6
 2427 057c 0A040000 		.4byte	.LVL96
 2428 0580 14040000 		.4byte	.LVL98
 2429 0584 0100     		.2byte	0x1
 2430 0586 53       		.byte	0x53
 2431 0587 8E040000 		.4byte	.LVL117
 2432 058b 98040000 		.4byte	.LVL118
 2433 058f 0400     		.2byte	0x4
 2434 0591 91       		.byte	0x91
 2435 0592 B47F     		.sleb128 -76
 2436 0594 06       		.byte	0x6
 2437 0595 98040000 		.4byte	.LVL118
 2438 0599 A6040000 		.4byte	.LVL122
 2439 059d 0100     		.2byte	0x1
 2440 059f 53       		.byte	0x53
 2441 05a0 00000000 		.4byte	0
 2442 05a4 00000000 		.4byte	0
 2443              	.LLST13:
 2444 05a8 0A040000 		.4byte	.LVL96
 2445 05ac 72040000 		.4byte	.LVL110
 2446 05b0 0200     		.2byte	0x2
 2447 05b2 3A       		.byte	0x3a
 2448 05b3 9F       		.byte	0x9f
 2449 05b4 00000000 		.4byte	0
 2450 05b8 00000000 		.4byte	0
ARM GAS  /tmp/ccZMWFuP.s 			page 44


 2451              	.LLST14:
 2452 05bc 0A040000 		.4byte	.LVL96
 2453 05c0 24040000 		.4byte	.LVL100
 2454 05c4 0100     		.2byte	0x1
 2455 05c6 53       		.byte	0x53
 2456 05c7 24040000 		.4byte	.LVL100
 2457 05cb 30040000 		.4byte	.LVL101
 2458 05cf 0100     		.2byte	0x1
 2459 05d1 52       		.byte	0x52
 2460 05d2 30040000 		.4byte	.LVL101
 2461 05d6 3C040000 		.4byte	.LVL102
 2462 05da 0100     		.2byte	0x1
 2463 05dc 53       		.byte	0x53
 2464 05dd 00000000 		.4byte	0
 2465 05e1 00000000 		.4byte	0
 2466              	.LLST15:
 2467 05e5 0A040000 		.4byte	.LVL96
 2468 05e9 4A040000 		.4byte	.LVL106
 2469 05ed 0100     		.2byte	0x1
 2470 05ef 5C       		.byte	0x5c
 2471 05f0 4A040000 		.4byte	.LVL106
 2472 05f4 52040000 		.4byte	.LVL107
 2473 05f8 0100     		.2byte	0x1
 2474 05fa 52       		.byte	0x52
 2475 05fb 5C040000 		.4byte	.LVL108
 2476 05ff 72040000 		.4byte	.LVL110
 2477 0603 0100     		.2byte	0x1
 2478 0605 52       		.byte	0x52
 2479 0606 00000000 		.4byte	0
 2480 060a 00000000 		.4byte	0
 2481              	.LLST16:
 2482 060e 22040000 		.4byte	.LVL99
 2483 0612 30040000 		.4byte	.LVL101
 2484 0616 0300     		.2byte	0x3
 2485 0618 72       		.byte	0x72
 2486 0619 30       		.sleb128 48
 2487 061a 9F       		.byte	0x9f
 2488 061b 30040000 		.4byte	.LVL101
 2489 061f 3C040000 		.4byte	.LVL102
 2490 0623 0300     		.2byte	0x3
 2491 0625 73       		.byte	0x73
 2492 0626 30       		.sleb128 48
 2493 0627 9F       		.byte	0x9f
 2494 0628 40040000 		.4byte	.LVL103
 2495 062c 42040000 		.4byte	.LVL104
 2496 0630 0100     		.2byte	0x1
 2497 0632 52       		.byte	0x52
 2498 0633 42040000 		.4byte	.LVL104
 2499 0637 44040000 		.4byte	.LVL105
 2500 063b 0300     		.2byte	0x3
 2501 063d 91       		.byte	0x91
 2502 063e A47F     		.sleb128 -92
 2503 0640 00000000 		.4byte	0
 2504 0644 00000000 		.4byte	0
 2505              	.LLST17:
 2506 0648 0E040000 		.4byte	.LVL97
 2507 064c 14040000 		.4byte	.LVL98
ARM GAS  /tmp/ccZMWFuP.s 			page 45


 2508 0650 0100     		.2byte	0x1
 2509 0652 57       		.byte	0x57
 2510 0653 24040000 		.4byte	.LVL100
 2511 0657 44040000 		.4byte	.LVL105
 2512 065b 0100     		.2byte	0x1
 2513 065d 51       		.byte	0x51
 2514 065e 00000000 		.4byte	0
 2515 0662 00000000 		.4byte	0
 2516              	.LLST18:
 2517 0666 7C030000 		.4byte	.LVL72
 2518 066a AC030000 		.4byte	.LVL81
 2519 066e 0100     		.2byte	0x1
 2520 0670 57       		.byte	0x57
 2521 0671 00000000 		.4byte	0
 2522 0675 00000000 		.4byte	0
 2523              	.LLST19:
 2524 0679 7C030000 		.4byte	.LVL72
 2525 067d 96030000 		.4byte	.LVL77
 2526 0681 0100     		.2byte	0x1
 2527 0683 53       		.byte	0x53
 2528 0684 98030000 		.4byte	.LVL78
 2529 0688 B0030000 		.4byte	.LVL82
 2530 068c 0100     		.2byte	0x1
 2531 068e 5C       		.byte	0x5c
 2532 068f B0030000 		.4byte	.LVL82
 2533 0693 B4030000 		.4byte	.LVL83
 2534 0697 0100     		.2byte	0x1
 2535 0699 53       		.byte	0x53
 2536 069a 00000000 		.4byte	0
 2537 069e 00000000 		.4byte	0
 2538              	.LLST20:
 2539 06a2 7C030000 		.4byte	.LVL72
 2540 06a6 C2030000 		.4byte	.LVL85
 2541 06aa 0100     		.2byte	0x1
 2542 06ac 5B       		.byte	0x5b
 2543 06ad C2030000 		.4byte	.LVL85
 2544 06b1 C8030000 		.4byte	.LVL86
 2545 06b5 0300     		.2byte	0x3
 2546 06b7 91       		.byte	0x91
 2547 06b8 947F     		.sleb128 -108
 2548 06ba C8030000 		.4byte	.LVL86
 2549 06be CA030000 		.4byte	.LVL87
 2550 06c2 0100     		.2byte	0x1
 2551 06c4 51       		.byte	0x51
 2552 06c5 D4030000 		.4byte	.LVL88
 2553 06c9 E2030000 		.4byte	.LVL89
 2554 06cd 0100     		.2byte	0x1
 2555 06cf 51       		.byte	0x51
 2556 06d0 00000000 		.4byte	0
 2557 06d4 00000000 		.4byte	0
 2558              	.LLST21:
 2559 06d8 88030000 		.4byte	.LVL74
 2560 06dc 8C030000 		.4byte	.LVL75
 2561 06e0 0100     		.2byte	0x1
 2562 06e2 59       		.byte	0x59
 2563 06e3 8C030000 		.4byte	.LVL75
 2564 06e7 A8030000 		.4byte	.LVL80
ARM GAS  /tmp/ccZMWFuP.s 			page 46


 2565 06eb 0100     		.2byte	0x1
 2566 06ed 56       		.byte	0x56
 2567 06ee A8030000 		.4byte	.LVL80
 2568 06f2 BA030000 		.4byte	.LVL84
 2569 06f6 0100     		.2byte	0x1
 2570 06f8 59       		.byte	0x59
 2571 06f9 00000000 		.4byte	0
 2572 06fd 00000000 		.4byte	0
 2573              	.LLST22:
 2574 0701 7C030000 		.4byte	.LVL72
 2575 0705 80030000 		.4byte	.LVL73
 2576 0709 0400     		.2byte	0x4
 2577 070b 91       		.byte	0x91
 2578 070c B37F     		.sleb128 -77
 2579 070e 9F       		.byte	0x9f
 2580 070f 98030000 		.4byte	.LVL78
 2581 0713 9C030000 		.4byte	.LVL79
 2582 0717 0100     		.2byte	0x1
 2583 0719 51       		.byte	0x51
 2584 071a 9C030000 		.4byte	.LVL79
 2585 071e BA030000 		.4byte	.LVL84
 2586 0722 0100     		.2byte	0x1
 2587 0724 52       		.byte	0x52
 2588 0725 00000000 		.4byte	0
 2589 0729 00000000 		.4byte	0
 2590              		.section	.debug_aranges,"",%progbits
 2591 0000 1C000000 		.4byte	0x1c
 2592 0004 0200     		.2byte	0x2
 2593 0006 00000000 		.4byte	.Ldebug_info0
 2594 000a 04       		.byte	0x4
 2595 000b 00       		.byte	0
 2596 000c 0000     		.2byte	0
 2597 000e 0000     		.2byte	0
 2598 0010 00000000 		.4byte	.LFB8
 2599 0014 BC040000 		.4byte	.LFE8-.LFB8
 2600 0018 00000000 		.4byte	0
 2601 001c 00000000 		.4byte	0
 2602              		.section	.debug_ranges,"",%progbits
 2603              	.Ldebug_ranges0:
 2604 0000 1C000000 		.4byte	.LBB6
 2605 0004 20000000 		.4byte	.LBE6
 2606 0008 28000000 		.4byte	.LBB12
 2607 000c 2C000000 		.4byte	.LBE12
 2608 0010 34000000 		.4byte	.LBB13
 2609 0014 36000000 		.4byte	.LBE13
 2610 0018 0A040000 		.4byte	.LBB18
 2611 001c 40040000 		.4byte	.LBE18
 2612 0020 44040000 		.4byte	.LBB19
 2613 0024 6E040000 		.4byte	.LBE19
 2614 0028 00000000 		.4byte	0
 2615 002c 00000000 		.4byte	0
 2616 0030 1C000000 		.4byte	.LBB7
 2617 0034 20000000 		.4byte	.LBE7
 2618 0038 28000000 		.4byte	.LBB8
 2619 003c 2C000000 		.4byte	.LBE8
 2620 0040 34000000 		.4byte	.LBB9
 2621 0044 36000000 		.4byte	.LBE9
ARM GAS  /tmp/ccZMWFuP.s 			page 47


 2622 0048 0A040000 		.4byte	.LBB10
 2623 004c 40040000 		.4byte	.LBE10
 2624 0050 44040000 		.4byte	.LBB11
 2625 0054 6E040000 		.4byte	.LBE11
 2626 0058 00000000 		.4byte	0
 2627 005c 00000000 		.4byte	0
 2628 0060 80030000 		.4byte	.LBB14
 2629 0064 B6030000 		.4byte	.LBE14
 2630 0068 BA030000 		.4byte	.LBB17
 2631 006c DE030000 		.4byte	.LBE17
 2632 0070 00000000 		.4byte	0
 2633 0074 00000000 		.4byte	0
 2634 0078 80030000 		.4byte	.LBB15
 2635 007c B6030000 		.4byte	.LBE15
 2636 0080 BA030000 		.4byte	.LBB16
 2637 0084 DE030000 		.4byte	.LBE16
 2638 0088 00000000 		.4byte	0
 2639 008c 00000000 		.4byte	0
 2640 0090 00000000 		.4byte	.LFB8
 2641 0094 BC040000 		.4byte	.LFE8
 2642 0098 00000000 		.4byte	0
 2643 009c 00000000 		.4byte	0
 2644              		.section	.debug_line,"",%progbits
 2645              	.Ldebug_line0:
 2646 0000 1A030000 		.section	.debug_str,"MS",%progbits,1
 2646      02007001 
 2646      00000201 
 2646      FB0E0D00 
 2646      01010101 
 2647              	.LASF2:
 2648 0000 73697A65 		.ascii	"size_t\000"
 2648      5F7400
 2649              	.LASF36:
 2650 0007 2F6F7074 		.ascii	"/opt/ChibiOS/ChibiOS_2.4.4/os/various/chprintf.c\000"
 2650      2F436869 
 2650      62694F53 
 2650      2F436869 
 2650      62694F53 
 2651              	.LASF17:
 2652 0038 73797374 		.ascii	"systime_t\000"
 2652      696D655F 
 2652      7400
 2653              	.LASF33:
 2654 0042 69735F6C 		.ascii	"is_long\000"
 2654      6F6E6700 
 2655              	.LASF28:
 2656 004a 72616469 		.ascii	"radix\000"
 2656      7800
 2657              	.LASF15:
 2658 0050 626F6F6C 		.ascii	"bool_t\000"
 2658      5F7400
 2659              	.LASF25:
 2660 0057 77726974 		.ascii	"writet\000"
 2660      657400
 2661              	.LASF1:
 2662 005e 76615F6C 		.ascii	"va_list\000"
 2662      69737400 
ARM GAS  /tmp/ccZMWFuP.s 			page 48


 2663              	.LASF6:
 2664 0066 756E7369 		.ascii	"unsigned char\000"
 2664      676E6564 
 2664      20636861 
 2664      7200
 2665              	.LASF26:
 2666 0074 72656164 		.ascii	"readt\000"
 2666      7400
 2667              	.LASF12:
 2668 007a 6C6F6E67 		.ascii	"long unsigned int\000"
 2668      20756E73 
 2668      69676E65 
 2668      6420696E 
 2668      7400
 2669              	.LASF8:
 2670 008c 73686F72 		.ascii	"short unsigned int\000"
 2670      7420756E 
 2670      7369676E 
 2670      65642069 
 2670      6E7400
 2671              	.LASF21:
 2672 009f 77726974 		.ascii	"write\000"
 2672      6500
 2673              	.LASF32:
 2674 00a5 77696474 		.ascii	"width\000"
 2674      6800
 2675              	.LASF37:
 2676 00ab 2F686F6D 		.ascii	"/home/mikel/workspace/ros/PacBot/PacBot/FirmwareWit"
 2676      652F6D69 
 2676      6B656C2F 
 2676      776F726B 
 2676      73706163 
 2677 00de 68495200 		.ascii	"hIR\000"
 2678              	.LASF40:
 2679 00e2 63687072 		.ascii	"chprintf\000"
 2679      696E7466 
 2679      00
 2680              	.LASF23:
 2681 00eb 70757477 		.ascii	"putwouldblock\000"
 2681      6F756C64 
 2681      626C6F63 
 2681      6B00
 2682              	.LASF0:
 2683 00f9 5F5F676E 		.ascii	"__gnuc_va_list\000"
 2683      75635F76 
 2683      615F6C69 
 2683      737400
 2684              	.LASF22:
 2685 0108 72656164 		.ascii	"read\000"
 2685      00
 2686              	.LASF30:
 2687 010d 66696C6C 		.ascii	"filler\000"
 2687      657200
 2688              	.LASF3:
 2689 0114 756E7369 		.ascii	"unsigned int\000"
 2689      676E6564 
 2689      20696E74 
ARM GAS  /tmp/ccZMWFuP.s 			page 49


 2689      00
 2690              	.LASF14:
 2691 0121 6C6F6E67 		.ascii	"long long unsigned int\000"
 2691      206C6F6E 
 2691      6720756E 
 2691      7369676E 
 2691      65642069 
 2692              	.LASF5:
 2693 0138 75696E74 		.ascii	"uint8_t\000"
 2693      385F7400 
 2694              	.LASF38:
 2695 0140 5F5F6170 		.ascii	"__ap\000"
 2695      00
 2696              	.LASF24:
 2697 0145 67657477 		.ascii	"getwouldblock\000"
 2697      6F756C64 
 2697      626C6F63 
 2697      6B00
 2698              	.LASF16:
 2699 0153 6D73675F 		.ascii	"msg_t\000"
 2699      7400
 2700              	.LASF20:
 2701 0159 42617365 		.ascii	"BaseChannelVMT\000"
 2701      4368616E 
 2701      6E656C56 
 2701      4D5400
 2702              	.LASF9:
 2703 0168 696E7433 		.ascii	"int32_t\000"
 2703      325F7400 
 2704              	.LASF29:
 2705 0170 746D7062 		.ascii	"tmpbuf\000"
 2705      756600
 2706              	.LASF19:
 2707 0177 5F5F7661 		.ascii	"__va_list\000"
 2707      5F6C6973 
 2707      7400
 2708              	.LASF13:
 2709 0181 6C6F6E67 		.ascii	"long long int\000"
 2709      206C6F6E 
 2709      6720696E 
 2709      7400
 2710              	.LASF31:
 2711 018f 70726563 		.ascii	"precision\000"
 2711      6973696F 
 2711      6E00
 2712              	.LASF18:
 2713 0199 63686172 		.ascii	"char\000"
 2713      00
 2714              	.LASF34:
 2715 019e 6C656674 		.ascii	"left_align\000"
 2715      5F616C69 
 2715      676E00
 2716              	.LASF35:
 2717 01a9 474E5520 		.ascii	"GNU C 4.6.3\000"
 2717      4320342E 
 2717      362E3300 
 2718              	.LASF7:
ARM GAS  /tmp/ccZMWFuP.s 			page 50


 2719 01b5 73686F72 		.ascii	"short int\000"
 2719      7420696E 
 2719      7400
 2720              	.LASF41:
 2721 01bf 756E7369 		.ascii	"unsigned_common\000"
 2721      676E6564 
 2721      5F636F6D 
 2721      6D6F6E00 
 2722              	.LASF11:
 2723 01cf 75696E74 		.ascii	"uint32_t\000"
 2723      33325F74 
 2723      00
 2724              	.LASF10:
 2725 01d8 6C6F6E67 		.ascii	"long int\000"
 2725      20696E74 
 2725      00
 2726              	.LASF4:
 2727 01e1 7369676E 		.ascii	"signed char\000"
 2727      65642063 
 2727      68617200 
 2728              	.LASF39:
 2729 01ed 6C746F61 		.ascii	"ltoa\000"
 2729      00
 2730              	.LASF27:
 2731 01f2 42617365 		.ascii	"BaseChannel\000"
 2731      4368616E 
 2731      6E656C00 
 2732              		.ident	"GCC: (Sourcery CodeBench Lite 2012.03-56) 4.6.3"
ARM GAS  /tmp/ccZMWFuP.s 			page 51


DEFINED SYMBOLS
                            *ABS*:00000000 chprintf.c
     /tmp/ccZMWFuP.s:21     .text.chprintf:00000000 $t
     /tmp/ccZMWFuP.s:27     .text.chprintf:00000000 chprintf
     /tmp/ccZMWFuP.s:925    .rodata.str1.4:00000000 .LC0
     /tmp/ccZMWFuP.s:232    .text.chprintf:000000e0 $d
     /tmp/ccZMWFuP.s:288    .text.chprintf:0000014a $t
     /tmp/ccZMWFuP.s:924    .rodata.str1.4:00000000 $d
                     .debug_frame:00000010 $d

NO UNDEFINED SYMBOLS
