ARM GAS  /tmp/ccELwcOK.s 			page 1


   1              		.syntax unified
   2              		.cpu cortex-m4
   3              		.eabi_attribute 27, 3
   4              		.eabi_attribute 28, 1
   5              		.fpu fpv4-sp-d16
   6              		.eabi_attribute 20, 1
   7              		.eabi_attribute 21, 1
   8              		.eabi_attribute 23, 3
   9              		.eabi_attribute 24, 1
  10              		.eabi_attribute 25, 1
  11              		.eabi_attribute 26, 1
  12              		.eabi_attribute 30, 2
  13              		.eabi_attribute 34, 1
  14              		.eabi_attribute 18, 4
  15              		.thumb
  16              		.file	"chregistry.c"
  17              		.text
  18              	.Ltext0:
  19              		.cfi_sections	.debug_frame
  20              		.section	.text.chRegFirstThread,"ax",%progbits
  21              		.align	2
  22              		.p2align 4,,15
  23              		.global	chRegFirstThread
  24              		.thumb
  25              		.thumb_func
  26              		.type	chRegFirstThread, %function
  27              	chRegFirstThread:
  28              	.LFB7:
  29              		.file 1 "/opt/ChibiOS/ChibiOS_2.4.4/os/kernel/src/chregistry.c"
  30              		.loc 1 113 0
  31              		.cfi_startproc
  32              		@ args = 0, pretend = 0, frame = 0
  33              		@ frame_needed = 0, uses_anonymous_args = 0
  34              		@ link register save eliminated.
  35              	.LBB2:
  36              		.loc 1 116 0
  37 0000 2023     		movs	r3, #32
  38              	.LVL0:
  39              	@ 116 "/opt/ChibiOS/ChibiOS_2.4.4/os/kernel/src/chregistry.c" 1
  40 0002 83F31188 		msr     BASEPRI, r3
  41              	@ 0 "" 2
  42              	.LVL1:
  43              		.thumb
  44              	.LBE2:
  45              		.loc 1 117 0
  46 0006 40F20000 		movw	r0, #:lower16:rlist
  47 000a C0F20000 		movt	r0, #:upper16:rlist
  48              	.LBB3:
  49              		.loc 1 121 0
  50 000e 0023     		movs	r3, #0
  51              	.LVL2:
  52              	.LBE3:
  53              		.loc 1 117 0
  54 0010 0069     		ldr	r0, [r0, #16]
  55              	.LVL3:
  56              		.loc 1 119 0
  57 0012 817F     		ldrb	r1, [r0, #30]	@ zero_extendqisi2
ARM GAS  /tmp/ccELwcOK.s 			page 2


  58 0014 4A1C     		adds	r2, r1, #1
  59 0016 8277     		strb	r2, [r0, #30]
  60              	.LBB4:
  61              		.loc 1 121 0
  62              	@ 121 "/opt/ChibiOS/ChibiOS_2.4.4/os/kernel/src/chregistry.c" 1
  63 0018 83F31188 		msr     BASEPRI, r3
  64              	@ 0 "" 2
  65              	.LVL4:
  66              		.thumb
  67              	.LBE4:
  68              		.loc 1 123 0
  69 001c 7047     		bx	lr
  70              		.cfi_endproc
  71              	.LFE7:
  72              		.size	chRegFirstThread, .-chRegFirstThread
  73 001e 00BF     		.section	.text.chRegNextThread,"ax",%progbits
  74              		.align	2
  75              		.p2align 4,,15
  76              		.global	chRegNextThread
  77              		.thumb
  78              		.thumb_func
  79              		.type	chRegNextThread, %function
  80              	chRegNextThread:
  81              	.LFB8:
  82              		.loc 1 136 0
  83              		.cfi_startproc
  84              		@ args = 0, pretend = 0, frame = 0
  85              		@ frame_needed = 0, uses_anonymous_args = 0
  86              	.LVL5:
  87 0000 10B5     		push	{r4, lr}
  88              	.LCFI0:
  89              		.cfi_def_cfa_offset 8
  90              		.cfi_offset 14, -4
  91              		.cfi_offset 4, -8
  92              	.LBB5:
  93              		.loc 1 139 0
  94 0002 2023     		movs	r3, #32
  95              	.LVL6:
  96              	@ 139 "/opt/ChibiOS/ChibiOS_2.4.4/os/kernel/src/chregistry.c" 1
  97 0004 83F31188 		msr     BASEPRI, r3
  98              	@ 0 "" 2
  99              	.LVL7:
 100              		.thumb
 101              	.LBE5:
 102              		.loc 1 141 0
 103 0008 40F20003 		movw	r3, #:lower16:rlist
 104              	.LVL8:
 105              		.loc 1 140 0
 106 000c 0469     		ldr	r4, [r0, #16]
 107              	.LVL9:
 108              		.loc 1 141 0
 109 000e C0F20003 		movt	r3, #:upper16:rlist
 110 0012 9C42     		cmp	r4, r3
 111 0014 09D0     		beq	.L4
 112              	.LVL10:
 113              		.loc 1 147 0
 114 0016 A27F     		ldrb	r2, [r4, #30]	@ zero_extendqisi2
ARM GAS  /tmp/ccELwcOK.s 			page 3


 115 0018 511C     		adds	r1, r2, #1
 116 001a A177     		strb	r1, [r4, #30]
 117              	.LVL11:
 118              	.L3:
 119              	.LBB6:
 120              		.loc 1 150 0
 121 001c 0023     		movs	r3, #0
 122              	.LVL12:
 123              	@ 150 "/opt/ChibiOS/ChibiOS_2.4.4/os/kernel/src/chregistry.c" 1
 124 001e 83F31188 		msr     BASEPRI, r3
 125              	@ 0 "" 2
 126              	.LVL13:
 127              		.thumb
 128              	.LBE6:
 129              		.loc 1 152 0
 130 0022 FFF7FEFF 		bl	chThdRelease
 131              	.LVL14:
 132              		.loc 1 155 0
 133 0026 2046     		mov	r0, r4
 134 0028 10BD     		pop	{r4, pc}
 135              	.LVL15:
 136              	.L4:
 137              		.loc 1 142 0
 138 002a 0024     		movs	r4, #0
 139              	.LVL16:
 140 002c F6E7     		b	.L3
 141              		.cfi_endproc
 142              	.LFE8:
 143              		.size	chRegNextThread, .-chRegNextThread
 144              		.global	ch_debug
 145 002e 00BF     		.section	.rodata.ch_debug,"a",%progbits
 146              		.align	2
 147              		.type	ch_debug, %object
 148              		.size	ch_debug, 22
 149              	ch_debug:
 150 0000 6D61696E 		.ascii	"main"
 151 0004 00       		.byte	0
 152 0005 16       		.byte	22
 153 0006 0411     		.short	4356
 154 0008 04       		.byte	4
 155 0009 04       		.byte	4
 156 000a 48       		.byte	72
 157 000b 08       		.byte	8
 158 000c 0C       		.byte	12
 159 000d 10       		.byte	16
 160 000e 14       		.byte	20
 161 000f 18       		.byte	24
 162 0010 00       		.byte	0
 163 0011 1C       		.byte	28
 164 0012 1D       		.byte	29
 165 0013 1E       		.byte	30
 166 0014 00       		.byte	0
 167 0015 20       		.byte	32
 168 0016 0000     		.text
 169              	.Letext0:
 170              		.file 2 "/opt/arm/bin/../lib/gcc/arm-none-eabi/4.6.3/include/stddef.h"
 171              		.file 3 "/opt/arm/bin/../lib/gcc/arm-none-eabi/4.6.3/../../../../arm-none-eabi/include/stdint.h"
ARM GAS  /tmp/ccELwcOK.s 			page 4


 172              		.file 4 "/opt/ChibiOS/ChibiOS_2.4.4/os/ports/GCC/ARMCMx/chtypes.h"
 173              		.file 5 "/opt/ChibiOS/ChibiOS_2.4.4/os/kernel/include/chlists.h"
 174              		.file 6 "/opt/ChibiOS/ChibiOS_2.4.4/os/kernel/include/chthreads.h"
 175              		.file 7 "/opt/ChibiOS/ChibiOS_2.4.4/os/ports/GCC/ARMCMx/chcore_v7m.h"
 176              		.file 8 "/opt/ChibiOS/ChibiOS_2.4.4/os/kernel/include/chschd.h"
 177              		.file 9 "/opt/ChibiOS/ChibiOS_2.4.4/os/kernel/include/chmtx.h"
 178              		.file 10 "/opt/ChibiOS/ChibiOS_2.4.4/os/kernel/include/chregistry.h"
 179              		.section	.debug_info,"",%progbits
 180              	.Ldebug_info0:
 181 0000 4C060000 		.4byte	0x64c
 182 0004 0200     		.2byte	0x2
 183 0006 00000000 		.4byte	.Ldebug_abbrev0
 184 000a 04       		.byte	0x4
 185 000b 01       		.uleb128 0x1
 186 000c DB020000 		.4byte	.LASF86
 187 0010 01       		.byte	0x1
 188 0011 38000000 		.4byte	.LASF87
 189 0015 00000000 		.4byte	0
 190 0019 00000000 		.4byte	0
 191 001d 18000000 		.4byte	.Ldebug_ranges0+0x18
 192 0021 00000000 		.4byte	.Ldebug_line0
 193 0025 02       		.uleb128 0x2
 194 0026 04       		.byte	0x4
 195 0027 05       		.byte	0x5
 196 0028 696E7400 		.ascii	"int\000"
 197 002c 03       		.uleb128 0x3
 198 002d 13000000 		.4byte	.LASF2
 199 0031 02       		.byte	0x2
 200 0032 D4       		.byte	0xd4
 201 0033 37000000 		.4byte	0x37
 202 0037 04       		.uleb128 0x4
 203 0038 04       		.byte	0x4
 204 0039 07       		.byte	0x7
 205 003a 43010000 		.4byte	.LASF0
 206 003e 04       		.uleb128 0x4
 207 003f 01       		.byte	0x1
 208 0040 06       		.byte	0x6
 209 0041 B8000000 		.4byte	.LASF1
 210 0045 03       		.uleb128 0x3
 211 0046 53030000 		.4byte	.LASF3
 212 004a 03       		.byte	0x3
 213 004b 2A       		.byte	0x2a
 214 004c 50000000 		.4byte	0x50
 215 0050 04       		.uleb128 0x4
 216 0051 01       		.byte	0x1
 217 0052 08       		.byte	0x8
 218 0053 3D020000 		.4byte	.LASF4
 219 0057 04       		.uleb128 0x4
 220 0058 02       		.byte	0x2
 221 0059 05       		.byte	0x5
 222 005a 55020000 		.4byte	.LASF5
 223 005e 03       		.uleb128 0x3
 224 005f 11010000 		.4byte	.LASF6
 225 0063 03       		.byte	0x3
 226 0064 36       		.byte	0x36
 227 0065 69000000 		.4byte	0x69
 228 0069 04       		.uleb128 0x4
ARM GAS  /tmp/ccELwcOK.s 			page 5


 229 006a 02       		.byte	0x2
 230 006b 07       		.byte	0x7
 231 006c 73010000 		.4byte	.LASF7
 232 0070 03       		.uleb128 0x3
 233 0071 35020000 		.4byte	.LASF8
 234 0075 03       		.byte	0x3
 235 0076 4F       		.byte	0x4f
 236 0077 7B000000 		.4byte	0x7b
 237 007b 04       		.uleb128 0x4
 238 007c 04       		.byte	0x4
 239 007d 05       		.byte	0x5
 240 007e FF000000 		.4byte	.LASF9
 241 0082 03       		.uleb128 0x3
 242 0083 BE020000 		.4byte	.LASF10
 243 0087 03       		.byte	0x3
 244 0088 50       		.byte	0x50
 245 0089 8D000000 		.4byte	0x8d
 246 008d 04       		.uleb128 0x4
 247 008e 04       		.byte	0x4
 248 008f 07       		.byte	0x7
 249 0090 50010000 		.4byte	.LASF11
 250 0094 04       		.uleb128 0x4
 251 0095 08       		.byte	0x8
 252 0096 05       		.byte	0x5
 253 0097 AA000000 		.4byte	.LASF12
 254 009b 04       		.uleb128 0x4
 255 009c 08       		.byte	0x8
 256 009d 07       		.byte	0x7
 257 009e 21000000 		.4byte	.LASF13
 258 00a2 03       		.uleb128 0x3
 259 00a3 8C010000 		.4byte	.LASF14
 260 00a7 04       		.byte	0x4
 261 00a8 2F       		.byte	0x2f
 262 00a9 45000000 		.4byte	0x45
 263 00ad 03       		.uleb128 0x3
 264 00ae 08010000 		.4byte	.LASF15
 265 00b2 04       		.byte	0x4
 266 00b3 30       		.byte	0x30
 267 00b4 45000000 		.4byte	0x45
 268 00b8 03       		.uleb128 0x3
 269 00b9 13020000 		.4byte	.LASF16
 270 00bd 04       		.byte	0x4
 271 00be 31       		.byte	0x31
 272 00bf 45000000 		.4byte	0x45
 273 00c3 03       		.uleb128 0x3
 274 00c4 2D020000 		.4byte	.LASF17
 275 00c8 04       		.byte	0x4
 276 00c9 32       		.byte	0x32
 277 00ca 82000000 		.4byte	0x82
 278 00ce 03       		.uleb128 0x3
 279 00cf 86010000 		.4byte	.LASF18
 280 00d3 04       		.byte	0x4
 281 00d4 33       		.byte	0x33
 282 00d5 70000000 		.4byte	0x70
 283 00d9 03       		.uleb128 0x3
 284 00da A0010000 		.4byte	.LASF19
 285 00de 04       		.byte	0x4
ARM GAS  /tmp/ccELwcOK.s 			page 6


 286 00df 35       		.byte	0x35
 287 00e0 82000000 		.4byte	0x82
 288 00e4 03       		.uleb128 0x3
 289 00e5 03030000 		.4byte	.LASF20
 290 00e9 04       		.byte	0x4
 291 00ea 36       		.byte	0x36
 292 00eb 82000000 		.4byte	0x82
 293 00ef 03       		.uleb128 0x3
 294 00f0 3D010000 		.4byte	.LASF21
 295 00f4 04       		.byte	0x4
 296 00f5 37       		.byte	0x37
 297 00f6 70000000 		.4byte	0x70
 298 00fa 03       		.uleb128 0x3
 299 00fb 9F020000 		.4byte	.LASF22
 300 00ff 05       		.byte	0x5
 301 0100 2A       		.byte	0x2a
 302 0101 05010000 		.4byte	0x105
 303 0105 05       		.uleb128 0x5
 304 0106 9F020000 		.4byte	.LASF22
 305 010a 48       		.byte	0x48
 306 010b 06       		.byte	0x6
 307 010c 5E       		.byte	0x5e
 308 010d 1C020000 		.4byte	0x21c
 309 0111 06       		.uleb128 0x6
 310 0112 81020000 		.4byte	.LASF23
 311 0116 06       		.byte	0x6
 312 0117 5F       		.byte	0x5f
 313 0118 41020000 		.4byte	0x241
 314 011c 02       		.byte	0x2
 315 011d 23       		.byte	0x23
 316 011e 00       		.uleb128 0
 317 011f 06       		.uleb128 0x6
 318 0120 26020000 		.4byte	.LASF24
 319 0124 06       		.byte	0x6
 320 0125 61       		.byte	0x61
 321 0126 41020000 		.4byte	0x241
 322 012a 02       		.byte	0x2
 323 012b 23       		.byte	0x23
 324 012c 04       		.uleb128 0x4
 325 012d 06       		.uleb128 0x6
 326 012e 96000000 		.4byte	.LASF25
 327 0132 06       		.byte	0x6
 328 0133 63       		.byte	0x63
 329 0134 C3000000 		.4byte	0xc3
 330 0138 02       		.byte	0x2
 331 0139 23       		.byte	0x23
 332 013a 08       		.uleb128 0x8
 333 013b 06       		.uleb128 0x6
 334 013c 86030000 		.4byte	.LASF26
 335 0140 06       		.byte	0x6
 336 0141 64       		.byte	0x64
 337 0142 0E030000 		.4byte	0x30e
 338 0146 02       		.byte	0x2
 339 0147 23       		.byte	0x23
 340 0148 0C       		.uleb128 0xc
 341 0149 06       		.uleb128 0x6
 342 014a 24010000 		.4byte	.LASF27
ARM GAS  /tmp/ccELwcOK.s 			page 7


 343 014e 06       		.byte	0x6
 344 014f 66       		.byte	0x66
 345 0150 41020000 		.4byte	0x241
 346 0154 02       		.byte	0x2
 347 0155 23       		.byte	0x23
 348 0156 10       		.uleb128 0x10
 349 0157 06       		.uleb128 0x6
 350 0158 DE010000 		.4byte	.LASF28
 351 015c 06       		.byte	0x6
 352 015d 67       		.byte	0x67
 353 015e 41020000 		.4byte	0x241
 354 0162 02       		.byte	0x2
 355 0163 23       		.byte	0x23
 356 0164 14       		.uleb128 0x14
 357 0165 06       		.uleb128 0x6
 358 0166 62030000 		.4byte	.LASF29
 359 016a 06       		.byte	0x6
 360 016b 6E       		.byte	0x6e
 361 016c 29040000 		.4byte	0x429
 362 0170 02       		.byte	0x2
 363 0171 23       		.byte	0x23
 364 0172 18       		.uleb128 0x18
 365 0173 06       		.uleb128 0x6
 366 0174 5F020000 		.4byte	.LASF30
 367 0178 06       		.byte	0x6
 368 0179 79       		.byte	0x79
 369 017a AD000000 		.4byte	0xad
 370 017e 02       		.byte	0x2
 371 017f 23       		.byte	0x23
 372 0180 1C       		.uleb128 0x1c
 373 0181 06       		.uleb128 0x6
 374 0182 97020000 		.4byte	.LASF31
 375 0186 06       		.byte	0x6
 376 0187 7D       		.byte	0x7d
 377 0188 A2000000 		.4byte	0xa2
 378 018c 02       		.byte	0x2
 379 018d 23       		.byte	0x23
 380 018e 1D       		.uleb128 0x1d
 381 018f 06       		.uleb128 0x6
 382 0190 3C030000 		.4byte	.LASF32
 383 0194 06       		.byte	0x6
 384 0195 82       		.byte	0x82
 385 0196 B8000000 		.4byte	0xb8
 386 019a 02       		.byte	0x2
 387 019b 23       		.byte	0x23
 388 019c 1E       		.uleb128 0x1e
 389 019d 06       		.uleb128 0x6
 390 019e 18030000 		.4byte	.LASF33
 391 01a2 06       		.byte	0x6
 392 01a3 89       		.byte	0x89
 393 01a4 31030000 		.4byte	0x331
 394 01a8 02       		.byte	0x2
 395 01a9 23       		.byte	0x23
 396 01aa 20       		.uleb128 0x20
 397 01ab 07       		.uleb128 0x7
 398 01ac 705F7500 		.ascii	"p_u\000"
 399 01b0 06       		.byte	0x6
ARM GAS  /tmp/ccELwcOK.s 			page 8


 400 01b1 AE       		.byte	0xae
 401 01b2 F4030000 		.4byte	0x3f4
 402 01b6 02       		.byte	0x2
 403 01b7 23       		.byte	0x23
 404 01b8 24       		.uleb128 0x24
 405 01b9 06       		.uleb128 0x6
 406 01ba 8C030000 		.4byte	.LASF34
 407 01be 06       		.byte	0x6
 408 01bf B3       		.byte	0xb3
 409 01c0 69020000 		.4byte	0x269
 410 01c4 02       		.byte	0x2
 411 01c5 23       		.byte	0x23
 412 01c6 28       		.uleb128 0x28
 413 01c7 06       		.uleb128 0x6
 414 01c8 26030000 		.4byte	.LASF35
 415 01cc 06       		.byte	0x6
 416 01cd B9       		.byte	0xb9
 417 01ce 47020000 		.4byte	0x247
 418 01d2 02       		.byte	0x2
 419 01d3 23       		.byte	0x23
 420 01d4 2C       		.uleb128 0x2c
 421 01d5 06       		.uleb128 0x6
 422 01d6 0D000000 		.4byte	.LASF36
 423 01da 06       		.byte	0x6
 424 01db BD       		.byte	0xbd
 425 01dc CE000000 		.4byte	0xce
 426 01e0 02       		.byte	0x2
 427 01e1 23       		.byte	0x23
 428 01e2 34       		.uleb128 0x34
 429 01e3 06       		.uleb128 0x6
 430 01e4 B3020000 		.4byte	.LASF37
 431 01e8 06       		.byte	0x6
 432 01e9 C3       		.byte	0xc3
 433 01ea D9000000 		.4byte	0xd9
 434 01ee 02       		.byte	0x2
 435 01ef 23       		.byte	0x23
 436 01f0 38       		.uleb128 0x38
 437 01f1 06       		.uleb128 0x6
 438 01f2 4B020000 		.4byte	.LASF38
 439 01f6 06       		.byte	0x6
 440 01f7 CA       		.byte	0xca
 441 01f8 3B040000 		.4byte	0x43b
 442 01fc 02       		.byte	0x2
 443 01fd 23       		.byte	0x23
 444 01fe 3C       		.uleb128 0x3c
 445 01ff 06       		.uleb128 0x6
 446 0200 0D030000 		.4byte	.LASF39
 447 0204 06       		.byte	0x6
 448 0205 CE       		.byte	0xce
 449 0206 C3000000 		.4byte	0xc3
 450 020a 02       		.byte	0x2
 451 020b 23       		.byte	0x23
 452 020c 40       		.uleb128 0x40
 453 020d 06       		.uleb128 0x6
 454 020e E1000000 		.4byte	.LASF40
 455 0212 06       		.byte	0x6
 456 0213 D4       		.byte	0xd4
ARM GAS  /tmp/ccELwcOK.s 			page 9


 457 0214 7F020000 		.4byte	0x27f
 458 0218 02       		.byte	0x2
 459 0219 23       		.byte	0x23
 460 021a 44       		.uleb128 0x44
 461 021b 00       		.byte	0
 462 021c 08       		.uleb128 0x8
 463 021d 08       		.byte	0x8
 464 021e 05       		.byte	0x5
 465 021f 61       		.byte	0x61
 466 0220 41020000 		.4byte	0x241
 467 0224 06       		.uleb128 0x6
 468 0225 81020000 		.4byte	.LASF23
 469 0229 05       		.byte	0x5
 470 022a 62       		.byte	0x62
 471 022b 41020000 		.4byte	0x241
 472 022f 02       		.byte	0x2
 473 0230 23       		.byte	0x23
 474 0231 00       		.uleb128 0
 475 0232 06       		.uleb128 0x6
 476 0233 26020000 		.4byte	.LASF24
 477 0237 05       		.byte	0x5
 478 0238 64       		.byte	0x64
 479 0239 41020000 		.4byte	0x241
 480 023d 02       		.byte	0x2
 481 023e 23       		.byte	0x23
 482 023f 04       		.uleb128 0x4
 483 0240 00       		.byte	0
 484 0241 09       		.uleb128 0x9
 485 0242 04       		.byte	0x4
 486 0243 FA000000 		.4byte	0xfa
 487 0247 03       		.uleb128 0x3
 488 0248 EC010000 		.4byte	.LASF41
 489 024c 05       		.byte	0x5
 490 024d 66       		.byte	0x66
 491 024e 1C020000 		.4byte	0x21c
 492 0252 08       		.uleb128 0x8
 493 0253 04       		.byte	0x4
 494 0254 05       		.byte	0x5
 495 0255 6B       		.byte	0x6b
 496 0256 69020000 		.4byte	0x269
 497 025a 06       		.uleb128 0x6
 498 025b 81020000 		.4byte	.LASF23
 499 025f 05       		.byte	0x5
 500 0260 6D       		.byte	0x6d
 501 0261 41020000 		.4byte	0x241
 502 0265 02       		.byte	0x2
 503 0266 23       		.byte	0x23
 504 0267 00       		.uleb128 0
 505 0268 00       		.byte	0
 506 0269 03       		.uleb128 0x3
 507 026a 94010000 		.4byte	.LASF42
 508 026e 05       		.byte	0x5
 509 026f 70       		.byte	0x70
 510 0270 52020000 		.4byte	0x252
 511 0274 03       		.uleb128 0x3
 512 0275 34010000 		.4byte	.LASF43
 513 0279 07       		.byte	0x7
ARM GAS  /tmp/ccELwcOK.s 			page 10


 514 027a D7       		.byte	0xd7
 515 027b 7F020000 		.4byte	0x27f
 516 027f 0A       		.uleb128 0xa
 517 0280 04       		.byte	0x4
 518 0281 05       		.uleb128 0x5
 519 0282 1F030000 		.4byte	.LASF44
 520 0286 24       		.byte	0x24
 521 0287 07       		.byte	0x7
 522 0288 FE       		.byte	0xfe
 523 0289 0E030000 		.4byte	0x30e
 524 028d 0B       		.uleb128 0xb
 525 028e 723400   		.ascii	"r4\000"
 526 0291 07       		.byte	0x7
 527 0292 1101     		.2byte	0x111
 528 0294 74020000 		.4byte	0x274
 529 0298 02       		.byte	0x2
 530 0299 23       		.byte	0x23
 531 029a 00       		.uleb128 0
 532 029b 0B       		.uleb128 0xb
 533 029c 723500   		.ascii	"r5\000"
 534 029f 07       		.byte	0x7
 535 02a0 1201     		.2byte	0x112
 536 02a2 74020000 		.4byte	0x274
 537 02a6 02       		.byte	0x2
 538 02a7 23       		.byte	0x23
 539 02a8 04       		.uleb128 0x4
 540 02a9 0B       		.uleb128 0xb
 541 02aa 723600   		.ascii	"r6\000"
 542 02ad 07       		.byte	0x7
 543 02ae 1301     		.2byte	0x113
 544 02b0 74020000 		.4byte	0x274
 545 02b4 02       		.byte	0x2
 546 02b5 23       		.byte	0x23
 547 02b6 08       		.uleb128 0x8
 548 02b7 0B       		.uleb128 0xb
 549 02b8 723700   		.ascii	"r7\000"
 550 02bb 07       		.byte	0x7
 551 02bc 1401     		.2byte	0x114
 552 02be 74020000 		.4byte	0x274
 553 02c2 02       		.byte	0x2
 554 02c3 23       		.byte	0x23
 555 02c4 0C       		.uleb128 0xc
 556 02c5 0B       		.uleb128 0xb
 557 02c6 723800   		.ascii	"r8\000"
 558 02c9 07       		.byte	0x7
 559 02ca 1501     		.2byte	0x115
 560 02cc 74020000 		.4byte	0x274
 561 02d0 02       		.byte	0x2
 562 02d1 23       		.byte	0x23
 563 02d2 10       		.uleb128 0x10
 564 02d3 0B       		.uleb128 0xb
 565 02d4 723900   		.ascii	"r9\000"
 566 02d7 07       		.byte	0x7
 567 02d8 1601     		.2byte	0x116
 568 02da 74020000 		.4byte	0x274
 569 02de 02       		.byte	0x2
 570 02df 23       		.byte	0x23
ARM GAS  /tmp/ccELwcOK.s 			page 11


 571 02e0 14       		.uleb128 0x14
 572 02e1 0B       		.uleb128 0xb
 573 02e2 72313000 		.ascii	"r10\000"
 574 02e6 07       		.byte	0x7
 575 02e7 1701     		.2byte	0x117
 576 02e9 74020000 		.4byte	0x274
 577 02ed 02       		.byte	0x2
 578 02ee 23       		.byte	0x23
 579 02ef 18       		.uleb128 0x18
 580 02f0 0B       		.uleb128 0xb
 581 02f1 72313100 		.ascii	"r11\000"
 582 02f5 07       		.byte	0x7
 583 02f6 1801     		.2byte	0x118
 584 02f8 74020000 		.4byte	0x274
 585 02fc 02       		.byte	0x2
 586 02fd 23       		.byte	0x23
 587 02fe 1C       		.uleb128 0x1c
 588 02ff 0B       		.uleb128 0xb
 589 0300 6C7200   		.ascii	"lr\000"
 590 0303 07       		.byte	0x7
 591 0304 1901     		.2byte	0x119
 592 0306 74020000 		.4byte	0x274
 593 030a 02       		.byte	0x2
 594 030b 23       		.byte	0x23
 595 030c 20       		.uleb128 0x20
 596 030d 00       		.byte	0
 597 030e 0C       		.uleb128 0xc
 598 030f 6B010000 		.4byte	.LASF45
 599 0313 04       		.byte	0x4
 600 0314 07       		.byte	0x7
 601 0315 2301     		.2byte	0x123
 602 0317 2B030000 		.4byte	0x32b
 603 031b 0B       		.uleb128 0xb
 604 031c 72313300 		.ascii	"r13\000"
 605 0320 07       		.byte	0x7
 606 0321 2401     		.2byte	0x124
 607 0323 2B030000 		.4byte	0x32b
 608 0327 02       		.byte	0x2
 609 0328 23       		.byte	0x23
 610 0329 00       		.uleb128 0
 611 032a 00       		.byte	0
 612 032b 09       		.uleb128 0x9
 613 032c 04       		.byte	0x4
 614 032d 81020000 		.4byte	0x281
 615 0331 0D       		.uleb128 0xd
 616 0332 E4000000 		.4byte	0xe4
 617 0336 08       		.uleb128 0x8
 618 0337 20       		.byte	0x20
 619 0338 08       		.byte	0x8
 620 0339 5E       		.byte	0x5e
 621 033a A1030000 		.4byte	0x3a1
 622 033e 06       		.uleb128 0x6
 623 033f D3020000 		.4byte	.LASF46
 624 0343 08       		.byte	0x8
 625 0344 5F       		.byte	0x5f
 626 0345 47020000 		.4byte	0x247
 627 0349 02       		.byte	0x2
ARM GAS  /tmp/ccELwcOK.s 			page 12


 628 034a 23       		.byte	0x23
 629 034b 00       		.uleb128 0
 630 034c 06       		.uleb128 0x6
 631 034d 73020000 		.4byte	.LASF47
 632 0351 08       		.byte	0x8
 633 0352 60       		.byte	0x60
 634 0353 C3000000 		.4byte	0xc3
 635 0357 02       		.byte	0x2
 636 0358 23       		.byte	0x23
 637 0359 08       		.uleb128 0x8
 638 035a 06       		.uleb128 0x6
 639 035b E6010000 		.4byte	.LASF48
 640 035f 08       		.byte	0x8
 641 0360 62       		.byte	0x62
 642 0361 0E030000 		.4byte	0x30e
 643 0365 02       		.byte	0x2
 644 0366 23       		.byte	0x23
 645 0367 0C       		.uleb128 0xc
 646 0368 06       		.uleb128 0x6
 647 0369 2C010000 		.4byte	.LASF49
 648 036d 08       		.byte	0x8
 649 036e 65       		.byte	0x65
 650 036f 41020000 		.4byte	0x241
 651 0373 02       		.byte	0x2
 652 0374 23       		.byte	0x23
 653 0375 10       		.uleb128 0x10
 654 0376 06       		.uleb128 0x6
 655 0377 0B020000 		.4byte	.LASF50
 656 037b 08       		.byte	0x8
 657 037c 66       		.byte	0x66
 658 037d 41020000 		.4byte	0x241
 659 0381 02       		.byte	0x2
 660 0382 23       		.byte	0x23
 661 0383 14       		.uleb128 0x14
 662 0384 06       		.uleb128 0x6
 663 0385 74030000 		.4byte	.LASF51
 664 0389 08       		.byte	0x8
 665 038a 6A       		.byte	0x6a
 666 038b EF000000 		.4byte	0xef
 667 038f 02       		.byte	0x2
 668 0390 23       		.byte	0x23
 669 0391 18       		.uleb128 0x18
 670 0392 06       		.uleb128 0x6
 671 0393 01020000 		.4byte	.LASF52
 672 0397 08       		.byte	0x8
 673 0398 6C       		.byte	0x6c
 674 0399 41020000 		.4byte	0x241
 675 039d 02       		.byte	0x2
 676 039e 23       		.byte	0x23
 677 039f 1C       		.uleb128 0x1c
 678 03a0 00       		.byte	0
 679 03a1 03       		.uleb128 0x3
 680 03a2 43030000 		.4byte	.LASF53
 681 03a6 08       		.byte	0x8
 682 03a7 6E       		.byte	0x6e
 683 03a8 36030000 		.4byte	0x336
 684 03ac 05       		.uleb128 0x5
ARM GAS  /tmp/ccELwcOK.s 			page 13


 685 03ad AC010000 		.4byte	.LASF54
 686 03b1 10       		.byte	0x10
 687 03b2 09       		.byte	0x9
 688 03b3 2C       		.byte	0x2c
 689 03b4 E3030000 		.4byte	0x3e3
 690 03b8 06       		.uleb128 0x6
 691 03b9 E9000000 		.4byte	.LASF55
 692 03bd 09       		.byte	0x9
 693 03be 2D       		.byte	0x2d
 694 03bf 47020000 		.4byte	0x247
 695 03c3 02       		.byte	0x2
 696 03c4 23       		.byte	0x23
 697 03c5 00       		.uleb128 0
 698 03c6 06       		.uleb128 0x6
 699 03c7 7E030000 		.4byte	.LASF56
 700 03cb 09       		.byte	0x9
 701 03cc 2F       		.byte	0x2f
 702 03cd 41020000 		.4byte	0x241
 703 03d1 02       		.byte	0x2
 704 03d2 23       		.byte	0x23
 705 03d3 08       		.uleb128 0x8
 706 03d4 06       		.uleb128 0x6
 707 03d5 FC020000 		.4byte	.LASF57
 708 03d9 09       		.byte	0x9
 709 03da 31       		.byte	0x31
 710 03db E3030000 		.4byte	0x3e3
 711 03df 02       		.byte	0x2
 712 03e0 23       		.byte	0x23
 713 03e1 0C       		.uleb128 0xc
 714 03e2 00       		.byte	0
 715 03e3 09       		.uleb128 0x9
 716 03e4 04       		.byte	0x4
 717 03e5 AC030000 		.4byte	0x3ac
 718 03e9 03       		.uleb128 0x3
 719 03ea AC010000 		.4byte	.LASF54
 720 03ee 09       		.byte	0x9
 721 03ef 33       		.byte	0x33
 722 03f0 AC030000 		.4byte	0x3ac
 723 03f4 0E       		.uleb128 0xe
 724 03f5 04       		.byte	0x4
 725 03f6 06       		.byte	0x6
 726 03f7 90       		.byte	0x90
 727 03f8 29040000 		.4byte	0x429
 728 03fc 0F       		.uleb128 0xf
 729 03fd 1A000000 		.4byte	.LASF58
 730 0401 06       		.byte	0x6
 731 0402 97       		.byte	0x97
 732 0403 CE000000 		.4byte	0xce
 733 0407 0F       		.uleb128 0xf
 734 0408 7C000000 		.4byte	.LASF59
 735 040c 06       		.byte	0x6
 736 040d 9E       		.byte	0x9e
 737 040e CE000000 		.4byte	0xce
 738 0412 0F       		.uleb128 0xf
 739 0413 5B030000 		.4byte	.LASF60
 740 0417 06       		.byte	0x6
 741 0418 A5       		.byte	0xa5
ARM GAS  /tmp/ccELwcOK.s 			page 14


 742 0419 7F020000 		.4byte	0x27f
 743 041d 0F       		.uleb128 0xf
 744 041e 7A020000 		.4byte	.LASF61
 745 0422 06       		.byte	0x6
 746 0423 AC       		.byte	0xac
 747 0424 D9000000 		.4byte	0xd9
 748 0428 00       		.byte	0
 749 0429 09       		.uleb128 0x9
 750 042a 04       		.byte	0x4
 751 042b 2F040000 		.4byte	0x42f
 752 042f 10       		.uleb128 0x10
 753 0430 34040000 		.4byte	0x434
 754 0434 04       		.uleb128 0x4
 755 0435 01       		.byte	0x1
 756 0436 08       		.byte	0x8
 757 0437 E7020000 		.4byte	.LASF62
 758 043b 09       		.uleb128 0x9
 759 043c 04       		.byte	0x4
 760 043d E9030000 		.4byte	0x3e9
 761 0441 08       		.uleb128 0x8
 762 0442 16       		.byte	0x16
 763 0443 0A       		.byte	0xa
 764 0444 2C       		.byte	0x2c
 765 0445 46050000 		.4byte	0x546
 766 0449 06       		.uleb128 0x6
 767 044a F1000000 		.4byte	.LASF63
 768 044e 0A       		.byte	0xa
 769 044f 2D       		.byte	0x2d
 770 0450 46050000 		.4byte	0x546
 771 0454 02       		.byte	0x2
 772 0455 23       		.byte	0x23
 773 0456 00       		.uleb128 0
 774 0457 06       		.uleb128 0x6
 775 0458 B2010000 		.4byte	.LASF64
 776 045c 0A       		.byte	0xa
 777 045d 2E       		.byte	0x2e
 778 045e 45000000 		.4byte	0x45
 779 0462 02       		.byte	0x2
 780 0463 23       		.byte	0x23
 781 0464 04       		.uleb128 0x4
 782 0465 06       		.uleb128 0x6
 783 0466 F9010000 		.4byte	.LASF65
 784 046a 0A       		.byte	0xa
 785 046b 2F       		.byte	0x2f
 786 046c 45000000 		.4byte	0x45
 787 0470 02       		.byte	0x2
 788 0471 23       		.byte	0x23
 789 0472 05       		.uleb128 0x5
 790 0473 06       		.uleb128 0x6
 791 0474 69030000 		.4byte	.LASF66
 792 0478 0A       		.byte	0xa
 793 0479 30       		.byte	0x30
 794 047a 5E000000 		.4byte	0x5e
 795 047e 02       		.byte	0x2
 796 047f 23       		.byte	0x23
 797 0480 06       		.uleb128 0x6
 798 0481 06       		.uleb128 0x6
ARM GAS  /tmp/ccELwcOK.s 			page 15


 799 0482 1B020000 		.4byte	.LASF67
 800 0486 0A       		.byte	0xa
 801 0487 31       		.byte	0x31
 802 0488 45000000 		.4byte	0x45
 803 048c 02       		.byte	0x2
 804 048d 23       		.byte	0x23
 805 048e 08       		.uleb128 0x8
 806 048f 06       		.uleb128 0x6
 807 0490 C6010000 		.4byte	.LASF68
 808 0494 0A       		.byte	0xa
 809 0495 32       		.byte	0x32
 810 0496 45000000 		.4byte	0x45
 811 049a 02       		.byte	0x2
 812 049b 23       		.byte	0x23
 813 049c 09       		.uleb128 0x9
 814 049d 06       		.uleb128 0x6
 815 049e 6E000000 		.4byte	.LASF69
 816 04a2 0A       		.byte	0xa
 817 04a3 33       		.byte	0x33
 818 04a4 45000000 		.4byte	0x45
 819 04a8 02       		.byte	0x2
 820 04a9 23       		.byte	0x23
 821 04aa 0A       		.uleb128 0xa
 822 04ab 06       		.uleb128 0x6
 823 04ac C7020000 		.4byte	.LASF70
 824 04b0 0A       		.byte	0xa
 825 04b1 34       		.byte	0x34
 826 04b2 45000000 		.4byte	0x45
 827 04b6 02       		.byte	0x2
 828 04b7 23       		.byte	0x23
 829 04b8 0B       		.uleb128 0xb
 830 04b9 06       		.uleb128 0x6
 831 04ba 31030000 		.4byte	.LASF71
 832 04be 0A       		.byte	0xa
 833 04bf 35       		.byte	0x35
 834 04c0 45000000 		.4byte	0x45
 835 04c4 02       		.byte	0x2
 836 04c5 23       		.byte	0x23
 837 04c6 0C       		.uleb128 0xc
 838 04c7 06       		.uleb128 0x6
 839 04c8 A6020000 		.4byte	.LASF72
 840 04cc 0A       		.byte	0xa
 841 04cd 36       		.byte	0x36
 842 04ce 45000000 		.4byte	0x45
 843 04d2 02       		.byte	0x2
 844 04d3 23       		.byte	0x23
 845 04d4 0D       		.uleb128 0xd
 846 04d5 06       		.uleb128 0x6
 847 04d6 00000000 		.4byte	.LASF73
 848 04da 0A       		.byte	0xa
 849 04db 37       		.byte	0x37
 850 04dc 45000000 		.4byte	0x45
 851 04e0 02       		.byte	0x2
 852 04e1 23       		.byte	0x23
 853 04e2 0E       		.uleb128 0xe
 854 04e3 06       		.uleb128 0x6
 855 04e4 D2010000 		.4byte	.LASF74
ARM GAS  /tmp/ccELwcOK.s 			page 16


 856 04e8 0A       		.byte	0xa
 857 04e9 38       		.byte	0x38
 858 04ea 45000000 		.4byte	0x45
 859 04ee 02       		.byte	0x2
 860 04ef 23       		.byte	0x23
 861 04f0 0F       		.uleb128 0xf
 862 04f1 06       		.uleb128 0x6
 863 04f2 C4000000 		.4byte	.LASF75
 864 04f6 0A       		.byte	0xa
 865 04f7 39       		.byte	0x39
 866 04f8 45000000 		.4byte	0x45
 867 04fc 02       		.byte	0x2
 868 04fd 23       		.byte	0x23
 869 04fe 10       		.uleb128 0x10
 870 04ff 06       		.uleb128 0x6
 871 0500 9D000000 		.4byte	.LASF76
 872 0504 0A       		.byte	0xa
 873 0505 3B       		.byte	0x3b
 874 0506 45000000 		.4byte	0x45
 875 050a 02       		.byte	0x2
 876 050b 23       		.byte	0x23
 877 050c 11       		.uleb128 0x11
 878 050d 06       		.uleb128 0x6
 879 050e D4000000 		.4byte	.LASF77
 880 0512 0A       		.byte	0xa
 881 0513 3C       		.byte	0x3c
 882 0514 45000000 		.4byte	0x45
 883 0518 02       		.byte	0x2
 884 0519 23       		.byte	0x23
 885 051a 12       		.uleb128 0x12
 886 051b 06       		.uleb128 0x6
 887 051c BA010000 		.4byte	.LASF78
 888 0520 0A       		.byte	0xa
 889 0521 3D       		.byte	0x3d
 890 0522 45000000 		.4byte	0x45
 891 0526 02       		.byte	0x2
 892 0527 23       		.byte	0x23
 893 0528 13       		.uleb128 0x13
 894 0529 06       		.uleb128 0x6
 895 052a 88020000 		.4byte	.LASF79
 896 052e 0A       		.byte	0xa
 897 052f 3E       		.byte	0x3e
 898 0530 45000000 		.4byte	0x45
 899 0534 02       		.byte	0x2
 900 0535 23       		.byte	0x23
 901 0536 14       		.uleb128 0x14
 902 0537 06       		.uleb128 0x6
 903 0538 67020000 		.4byte	.LASF80
 904 053c 0A       		.byte	0xa
 905 053d 40       		.byte	0x40
 906 053e 45000000 		.4byte	0x45
 907 0542 02       		.byte	0x2
 908 0543 23       		.byte	0x23
 909 0544 15       		.uleb128 0x15
 910 0545 00       		.byte	0
 911 0546 11       		.uleb128 0x11
 912 0547 34040000 		.4byte	0x434
ARM GAS  /tmp/ccELwcOK.s 			page 17


 913 054b 56050000 		.4byte	0x556
 914 054f 12       		.uleb128 0x12
 915 0550 37000000 		.4byte	0x37
 916 0554 03       		.byte	0x3
 917 0555 00       		.byte	0
 918 0556 03       		.uleb128 0x3
 919 0557 1A010000 		.4byte	.LASF81
 920 055b 0A       		.byte	0xa
 921 055c 41       		.byte	0x41
 922 055d 41040000 		.4byte	0x441
 923 0561 13       		.uleb128 0x13
 924 0562 01       		.byte	0x1
 925 0563 85000000 		.4byte	.LASF82
 926 0567 01       		.byte	0x1
 927 0568 71       		.byte	0x71
 928 0569 01       		.byte	0x1
 929 056a 41020000 		.4byte	0x241
 930 056e 00000000 		.4byte	.LFB7
 931 0572 1E000000 		.4byte	.LFE7
 932 0576 02       		.byte	0x2
 933 0577 7D       		.byte	0x7d
 934 0578 00       		.sleb128 0
 935 0579 BA050000 		.4byte	0x5ba
 936 057d 14       		.uleb128 0x14
 937 057e 747000   		.ascii	"tp\000"
 938 0581 01       		.byte	0x1
 939 0582 72       		.byte	0x72
 940 0583 41020000 		.4byte	0x241
 941 0587 15       		.uleb128 0x15
 942 0588 00000000 		.4byte	.LBB2
 943 058c 06000000 		.4byte	.LBE2
 944 0590 A4050000 		.4byte	0x5a4
 945 0594 16       		.uleb128 0x16
 946 0595 746D7000 		.ascii	"tmp\000"
 947 0599 01       		.byte	0x1
 948 059a 74       		.byte	0x74
 949 059b 82000000 		.4byte	0x82
 950 059f 00000000 		.4byte	.LLST0
 951 05a3 00       		.byte	0
 952 05a4 17       		.uleb128 0x17
 953 05a5 00000000 		.4byte	.Ldebug_ranges0+0
 954 05a9 16       		.uleb128 0x16
 955 05aa 746D7000 		.ascii	"tmp\000"
 956 05ae 01       		.byte	0x1
 957 05af 79       		.byte	0x79
 958 05b0 82000000 		.4byte	0x82
 959 05b4 13000000 		.4byte	.LLST1
 960 05b8 00       		.byte	0
 961 05b9 00       		.byte	0
 962 05ba 18       		.uleb128 0x18
 963 05bb 01       		.byte	0x1
 964 05bc EC020000 		.4byte	.LASF83
 965 05c0 01       		.byte	0x1
 966 05c1 88       		.byte	0x88
 967 05c2 01       		.byte	0x1
 968 05c3 41020000 		.4byte	0x241
 969 05c7 00000000 		.4byte	.LFB8
ARM GAS  /tmp/ccELwcOK.s 			page 18


 970 05cb 2E000000 		.4byte	.LFE8
 971 05cf 26000000 		.4byte	.LLST2
 972 05d3 2B060000 		.4byte	0x62b
 973 05d7 19       		.uleb128 0x19
 974 05d8 747000   		.ascii	"tp\000"
 975 05db 01       		.byte	0x1
 976 05dc 88       		.byte	0x88
 977 05dd 41020000 		.4byte	0x241
 978 05e1 46000000 		.4byte	.LLST3
 979 05e5 16       		.uleb128 0x16
 980 05e6 6E747000 		.ascii	"ntp\000"
 981 05ea 01       		.byte	0x1
 982 05eb 89       		.byte	0x89
 983 05ec 41020000 		.4byte	0x241
 984 05f0 6F000000 		.4byte	.LLST4
 985 05f4 15       		.uleb128 0x15
 986 05f5 02000000 		.4byte	.LBB5
 987 05f9 08000000 		.4byte	.LBE5
 988 05fd 11060000 		.4byte	0x611
 989 0601 16       		.uleb128 0x16
 990 0602 746D7000 		.ascii	"tmp\000"
 991 0606 01       		.byte	0x1
 992 0607 8B       		.byte	0x8b
 993 0608 82000000 		.4byte	0x82
 994 060c 9A000000 		.4byte	.LLST5
 995 0610 00       		.byte	0
 996 0611 1A       		.uleb128 0x1a
 997 0612 1C000000 		.4byte	.LBB6
 998 0616 22000000 		.4byte	.LBE6
 999 061a 16       		.uleb128 0x16
 1000 061b 746D7000 		.ascii	"tmp\000"
 1001 061f 01       		.byte	0x1
 1002 0620 96       		.byte	0x96
 1003 0621 82000000 		.4byte	0x82
 1004 0625 AD000000 		.4byte	.LLST6
 1005 0629 00       		.byte	0
 1006 062a 00       		.byte	0
 1007 062b 1B       		.uleb128 0x1b
 1008 062c 4D030000 		.4byte	.LASF84
 1009 0630 08       		.byte	0x8
 1010 0631 72       		.byte	0x72
 1011 0632 A1030000 		.4byte	0x3a1
 1012 0636 01       		.byte	0x1
 1013 0637 01       		.byte	0x1
 1014 0638 1C       		.uleb128 0x1c
 1015 0639 62010000 		.4byte	.LASF85
 1016 063d 01       		.byte	0x1
 1017 063e 42       		.byte	0x42
 1018 063f 4A060000 		.4byte	0x64a
 1019 0643 01       		.byte	0x1
 1020 0644 05       		.byte	0x5
 1021 0645 03       		.byte	0x3
 1022 0646 00000000 		.4byte	ch_debug
 1023 064a 10       		.uleb128 0x10
 1024 064b 56050000 		.4byte	0x556
 1025 064f 00       		.byte	0
 1026              		.section	.debug_abbrev,"",%progbits
ARM GAS  /tmp/ccELwcOK.s 			page 19


 1027              	.Ldebug_abbrev0:
 1028 0000 01       		.uleb128 0x1
 1029 0001 11       		.uleb128 0x11
 1030 0002 01       		.byte	0x1
 1031 0003 25       		.uleb128 0x25
 1032 0004 0E       		.uleb128 0xe
 1033 0005 13       		.uleb128 0x13
 1034 0006 0B       		.uleb128 0xb
 1035 0007 03       		.uleb128 0x3
 1036 0008 0E       		.uleb128 0xe
 1037 0009 11       		.uleb128 0x11
 1038 000a 01       		.uleb128 0x1
 1039 000b 52       		.uleb128 0x52
 1040 000c 01       		.uleb128 0x1
 1041 000d 55       		.uleb128 0x55
 1042 000e 06       		.uleb128 0x6
 1043 000f 10       		.uleb128 0x10
 1044 0010 06       		.uleb128 0x6
 1045 0011 00       		.byte	0
 1046 0012 00       		.byte	0
 1047 0013 02       		.uleb128 0x2
 1048 0014 24       		.uleb128 0x24
 1049 0015 00       		.byte	0
 1050 0016 0B       		.uleb128 0xb
 1051 0017 0B       		.uleb128 0xb
 1052 0018 3E       		.uleb128 0x3e
 1053 0019 0B       		.uleb128 0xb
 1054 001a 03       		.uleb128 0x3
 1055 001b 08       		.uleb128 0x8
 1056 001c 00       		.byte	0
 1057 001d 00       		.byte	0
 1058 001e 03       		.uleb128 0x3
 1059 001f 16       		.uleb128 0x16
 1060 0020 00       		.byte	0
 1061 0021 03       		.uleb128 0x3
 1062 0022 0E       		.uleb128 0xe
 1063 0023 3A       		.uleb128 0x3a
 1064 0024 0B       		.uleb128 0xb
 1065 0025 3B       		.uleb128 0x3b
 1066 0026 0B       		.uleb128 0xb
 1067 0027 49       		.uleb128 0x49
 1068 0028 13       		.uleb128 0x13
 1069 0029 00       		.byte	0
 1070 002a 00       		.byte	0
 1071 002b 04       		.uleb128 0x4
 1072 002c 24       		.uleb128 0x24
 1073 002d 00       		.byte	0
 1074 002e 0B       		.uleb128 0xb
 1075 002f 0B       		.uleb128 0xb
 1076 0030 3E       		.uleb128 0x3e
 1077 0031 0B       		.uleb128 0xb
 1078 0032 03       		.uleb128 0x3
 1079 0033 0E       		.uleb128 0xe
 1080 0034 00       		.byte	0
 1081 0035 00       		.byte	0
 1082 0036 05       		.uleb128 0x5
 1083 0037 13       		.uleb128 0x13
ARM GAS  /tmp/ccELwcOK.s 			page 20


 1084 0038 01       		.byte	0x1
 1085 0039 03       		.uleb128 0x3
 1086 003a 0E       		.uleb128 0xe
 1087 003b 0B       		.uleb128 0xb
 1088 003c 0B       		.uleb128 0xb
 1089 003d 3A       		.uleb128 0x3a
 1090 003e 0B       		.uleb128 0xb
 1091 003f 3B       		.uleb128 0x3b
 1092 0040 0B       		.uleb128 0xb
 1093 0041 01       		.uleb128 0x1
 1094 0042 13       		.uleb128 0x13
 1095 0043 00       		.byte	0
 1096 0044 00       		.byte	0
 1097 0045 06       		.uleb128 0x6
 1098 0046 0D       		.uleb128 0xd
 1099 0047 00       		.byte	0
 1100 0048 03       		.uleb128 0x3
 1101 0049 0E       		.uleb128 0xe
 1102 004a 3A       		.uleb128 0x3a
 1103 004b 0B       		.uleb128 0xb
 1104 004c 3B       		.uleb128 0x3b
 1105 004d 0B       		.uleb128 0xb
 1106 004e 49       		.uleb128 0x49
 1107 004f 13       		.uleb128 0x13
 1108 0050 38       		.uleb128 0x38
 1109 0051 0A       		.uleb128 0xa
 1110 0052 00       		.byte	0
 1111 0053 00       		.byte	0
 1112 0054 07       		.uleb128 0x7
 1113 0055 0D       		.uleb128 0xd
 1114 0056 00       		.byte	0
 1115 0057 03       		.uleb128 0x3
 1116 0058 08       		.uleb128 0x8
 1117 0059 3A       		.uleb128 0x3a
 1118 005a 0B       		.uleb128 0xb
 1119 005b 3B       		.uleb128 0x3b
 1120 005c 0B       		.uleb128 0xb
 1121 005d 49       		.uleb128 0x49
 1122 005e 13       		.uleb128 0x13
 1123 005f 38       		.uleb128 0x38
 1124 0060 0A       		.uleb128 0xa
 1125 0061 00       		.byte	0
 1126 0062 00       		.byte	0
 1127 0063 08       		.uleb128 0x8
 1128 0064 13       		.uleb128 0x13
 1129 0065 01       		.byte	0x1
 1130 0066 0B       		.uleb128 0xb
 1131 0067 0B       		.uleb128 0xb
 1132 0068 3A       		.uleb128 0x3a
 1133 0069 0B       		.uleb128 0xb
 1134 006a 3B       		.uleb128 0x3b
 1135 006b 0B       		.uleb128 0xb
 1136 006c 01       		.uleb128 0x1
 1137 006d 13       		.uleb128 0x13
 1138 006e 00       		.byte	0
 1139 006f 00       		.byte	0
 1140 0070 09       		.uleb128 0x9
ARM GAS  /tmp/ccELwcOK.s 			page 21


 1141 0071 0F       		.uleb128 0xf
 1142 0072 00       		.byte	0
 1143 0073 0B       		.uleb128 0xb
 1144 0074 0B       		.uleb128 0xb
 1145 0075 49       		.uleb128 0x49
 1146 0076 13       		.uleb128 0x13
 1147 0077 00       		.byte	0
 1148 0078 00       		.byte	0
 1149 0079 0A       		.uleb128 0xa
 1150 007a 0F       		.uleb128 0xf
 1151 007b 00       		.byte	0
 1152 007c 0B       		.uleb128 0xb
 1153 007d 0B       		.uleb128 0xb
 1154 007e 00       		.byte	0
 1155 007f 00       		.byte	0
 1156 0080 0B       		.uleb128 0xb
 1157 0081 0D       		.uleb128 0xd
 1158 0082 00       		.byte	0
 1159 0083 03       		.uleb128 0x3
 1160 0084 08       		.uleb128 0x8
 1161 0085 3A       		.uleb128 0x3a
 1162 0086 0B       		.uleb128 0xb
 1163 0087 3B       		.uleb128 0x3b
 1164 0088 05       		.uleb128 0x5
 1165 0089 49       		.uleb128 0x49
 1166 008a 13       		.uleb128 0x13
 1167 008b 38       		.uleb128 0x38
 1168 008c 0A       		.uleb128 0xa
 1169 008d 00       		.byte	0
 1170 008e 00       		.byte	0
 1171 008f 0C       		.uleb128 0xc
 1172 0090 13       		.uleb128 0x13
 1173 0091 01       		.byte	0x1
 1174 0092 03       		.uleb128 0x3
 1175 0093 0E       		.uleb128 0xe
 1176 0094 0B       		.uleb128 0xb
 1177 0095 0B       		.uleb128 0xb
 1178 0096 3A       		.uleb128 0x3a
 1179 0097 0B       		.uleb128 0xb
 1180 0098 3B       		.uleb128 0x3b
 1181 0099 05       		.uleb128 0x5
 1182 009a 01       		.uleb128 0x1
 1183 009b 13       		.uleb128 0x13
 1184 009c 00       		.byte	0
 1185 009d 00       		.byte	0
 1186 009e 0D       		.uleb128 0xd
 1187 009f 35       		.uleb128 0x35
 1188 00a0 00       		.byte	0
 1189 00a1 49       		.uleb128 0x49
 1190 00a2 13       		.uleb128 0x13
 1191 00a3 00       		.byte	0
 1192 00a4 00       		.byte	0
 1193 00a5 0E       		.uleb128 0xe
 1194 00a6 17       		.uleb128 0x17
 1195 00a7 01       		.byte	0x1
 1196 00a8 0B       		.uleb128 0xb
 1197 00a9 0B       		.uleb128 0xb
ARM GAS  /tmp/ccELwcOK.s 			page 22


 1198 00aa 3A       		.uleb128 0x3a
 1199 00ab 0B       		.uleb128 0xb
 1200 00ac 3B       		.uleb128 0x3b
 1201 00ad 0B       		.uleb128 0xb
 1202 00ae 01       		.uleb128 0x1
 1203 00af 13       		.uleb128 0x13
 1204 00b0 00       		.byte	0
 1205 00b1 00       		.byte	0
 1206 00b2 0F       		.uleb128 0xf
 1207 00b3 0D       		.uleb128 0xd
 1208 00b4 00       		.byte	0
 1209 00b5 03       		.uleb128 0x3
 1210 00b6 0E       		.uleb128 0xe
 1211 00b7 3A       		.uleb128 0x3a
 1212 00b8 0B       		.uleb128 0xb
 1213 00b9 3B       		.uleb128 0x3b
 1214 00ba 0B       		.uleb128 0xb
 1215 00bb 49       		.uleb128 0x49
 1216 00bc 13       		.uleb128 0x13
 1217 00bd 00       		.byte	0
 1218 00be 00       		.byte	0
 1219 00bf 10       		.uleb128 0x10
 1220 00c0 26       		.uleb128 0x26
 1221 00c1 00       		.byte	0
 1222 00c2 49       		.uleb128 0x49
 1223 00c3 13       		.uleb128 0x13
 1224 00c4 00       		.byte	0
 1225 00c5 00       		.byte	0
 1226 00c6 11       		.uleb128 0x11
 1227 00c7 01       		.uleb128 0x1
 1228 00c8 01       		.byte	0x1
 1229 00c9 49       		.uleb128 0x49
 1230 00ca 13       		.uleb128 0x13
 1231 00cb 01       		.uleb128 0x1
 1232 00cc 13       		.uleb128 0x13
 1233 00cd 00       		.byte	0
 1234 00ce 00       		.byte	0
 1235 00cf 12       		.uleb128 0x12
 1236 00d0 21       		.uleb128 0x21
 1237 00d1 00       		.byte	0
 1238 00d2 49       		.uleb128 0x49
 1239 00d3 13       		.uleb128 0x13
 1240 00d4 2F       		.uleb128 0x2f
 1241 00d5 0B       		.uleb128 0xb
 1242 00d6 00       		.byte	0
 1243 00d7 00       		.byte	0
 1244 00d8 13       		.uleb128 0x13
 1245 00d9 2E       		.uleb128 0x2e
 1246 00da 01       		.byte	0x1
 1247 00db 3F       		.uleb128 0x3f
 1248 00dc 0C       		.uleb128 0xc
 1249 00dd 03       		.uleb128 0x3
 1250 00de 0E       		.uleb128 0xe
 1251 00df 3A       		.uleb128 0x3a
 1252 00e0 0B       		.uleb128 0xb
 1253 00e1 3B       		.uleb128 0x3b
 1254 00e2 0B       		.uleb128 0xb
ARM GAS  /tmp/ccELwcOK.s 			page 23


 1255 00e3 27       		.uleb128 0x27
 1256 00e4 0C       		.uleb128 0xc
 1257 00e5 49       		.uleb128 0x49
 1258 00e6 13       		.uleb128 0x13
 1259 00e7 11       		.uleb128 0x11
 1260 00e8 01       		.uleb128 0x1
 1261 00e9 12       		.uleb128 0x12
 1262 00ea 01       		.uleb128 0x1
 1263 00eb 40       		.uleb128 0x40
 1264 00ec 0A       		.uleb128 0xa
 1265 00ed 01       		.uleb128 0x1
 1266 00ee 13       		.uleb128 0x13
 1267 00ef 00       		.byte	0
 1268 00f0 00       		.byte	0
 1269 00f1 14       		.uleb128 0x14
 1270 00f2 34       		.uleb128 0x34
 1271 00f3 00       		.byte	0
 1272 00f4 03       		.uleb128 0x3
 1273 00f5 08       		.uleb128 0x8
 1274 00f6 3A       		.uleb128 0x3a
 1275 00f7 0B       		.uleb128 0xb
 1276 00f8 3B       		.uleb128 0x3b
 1277 00f9 0B       		.uleb128 0xb
 1278 00fa 49       		.uleb128 0x49
 1279 00fb 13       		.uleb128 0x13
 1280 00fc 00       		.byte	0
 1281 00fd 00       		.byte	0
 1282 00fe 15       		.uleb128 0x15
 1283 00ff 0B       		.uleb128 0xb
 1284 0100 01       		.byte	0x1
 1285 0101 11       		.uleb128 0x11
 1286 0102 01       		.uleb128 0x1
 1287 0103 12       		.uleb128 0x12
 1288 0104 01       		.uleb128 0x1
 1289 0105 01       		.uleb128 0x1
 1290 0106 13       		.uleb128 0x13
 1291 0107 00       		.byte	0
 1292 0108 00       		.byte	0
 1293 0109 16       		.uleb128 0x16
 1294 010a 34       		.uleb128 0x34
 1295 010b 00       		.byte	0
 1296 010c 03       		.uleb128 0x3
 1297 010d 08       		.uleb128 0x8
 1298 010e 3A       		.uleb128 0x3a
 1299 010f 0B       		.uleb128 0xb
 1300 0110 3B       		.uleb128 0x3b
 1301 0111 0B       		.uleb128 0xb
 1302 0112 49       		.uleb128 0x49
 1303 0113 13       		.uleb128 0x13
 1304 0114 02       		.uleb128 0x2
 1305 0115 06       		.uleb128 0x6
 1306 0116 00       		.byte	0
 1307 0117 00       		.byte	0
 1308 0118 17       		.uleb128 0x17
 1309 0119 0B       		.uleb128 0xb
 1310 011a 01       		.byte	0x1
 1311 011b 55       		.uleb128 0x55
ARM GAS  /tmp/ccELwcOK.s 			page 24


 1312 011c 06       		.uleb128 0x6
 1313 011d 00       		.byte	0
 1314 011e 00       		.byte	0
 1315 011f 18       		.uleb128 0x18
 1316 0120 2E       		.uleb128 0x2e
 1317 0121 01       		.byte	0x1
 1318 0122 3F       		.uleb128 0x3f
 1319 0123 0C       		.uleb128 0xc
 1320 0124 03       		.uleb128 0x3
 1321 0125 0E       		.uleb128 0xe
 1322 0126 3A       		.uleb128 0x3a
 1323 0127 0B       		.uleb128 0xb
 1324 0128 3B       		.uleb128 0x3b
 1325 0129 0B       		.uleb128 0xb
 1326 012a 27       		.uleb128 0x27
 1327 012b 0C       		.uleb128 0xc
 1328 012c 49       		.uleb128 0x49
 1329 012d 13       		.uleb128 0x13
 1330 012e 11       		.uleb128 0x11
 1331 012f 01       		.uleb128 0x1
 1332 0130 12       		.uleb128 0x12
 1333 0131 01       		.uleb128 0x1
 1334 0132 40       		.uleb128 0x40
 1335 0133 06       		.uleb128 0x6
 1336 0134 01       		.uleb128 0x1
 1337 0135 13       		.uleb128 0x13
 1338 0136 00       		.byte	0
 1339 0137 00       		.byte	0
 1340 0138 19       		.uleb128 0x19
 1341 0139 05       		.uleb128 0x5
 1342 013a 00       		.byte	0
 1343 013b 03       		.uleb128 0x3
 1344 013c 08       		.uleb128 0x8
 1345 013d 3A       		.uleb128 0x3a
 1346 013e 0B       		.uleb128 0xb
 1347 013f 3B       		.uleb128 0x3b
 1348 0140 0B       		.uleb128 0xb
 1349 0141 49       		.uleb128 0x49
 1350 0142 13       		.uleb128 0x13
 1351 0143 02       		.uleb128 0x2
 1352 0144 06       		.uleb128 0x6
 1353 0145 00       		.byte	0
 1354 0146 00       		.byte	0
 1355 0147 1A       		.uleb128 0x1a
 1356 0148 0B       		.uleb128 0xb
 1357 0149 01       		.byte	0x1
 1358 014a 11       		.uleb128 0x11
 1359 014b 01       		.uleb128 0x1
 1360 014c 12       		.uleb128 0x12
 1361 014d 01       		.uleb128 0x1
 1362 014e 00       		.byte	0
 1363 014f 00       		.byte	0
 1364 0150 1B       		.uleb128 0x1b
 1365 0151 34       		.uleb128 0x34
 1366 0152 00       		.byte	0
 1367 0153 03       		.uleb128 0x3
 1368 0154 0E       		.uleb128 0xe
ARM GAS  /tmp/ccELwcOK.s 			page 25


 1369 0155 3A       		.uleb128 0x3a
 1370 0156 0B       		.uleb128 0xb
 1371 0157 3B       		.uleb128 0x3b
 1372 0158 0B       		.uleb128 0xb
 1373 0159 49       		.uleb128 0x49
 1374 015a 13       		.uleb128 0x13
 1375 015b 3F       		.uleb128 0x3f
 1376 015c 0C       		.uleb128 0xc
 1377 015d 3C       		.uleb128 0x3c
 1378 015e 0C       		.uleb128 0xc
 1379 015f 00       		.byte	0
 1380 0160 00       		.byte	0
 1381 0161 1C       		.uleb128 0x1c
 1382 0162 34       		.uleb128 0x34
 1383 0163 00       		.byte	0
 1384 0164 03       		.uleb128 0x3
 1385 0165 0E       		.uleb128 0xe
 1386 0166 3A       		.uleb128 0x3a
 1387 0167 0B       		.uleb128 0xb
 1388 0168 3B       		.uleb128 0x3b
 1389 0169 0B       		.uleb128 0xb
 1390 016a 49       		.uleb128 0x49
 1391 016b 13       		.uleb128 0x13
 1392 016c 3F       		.uleb128 0x3f
 1393 016d 0C       		.uleb128 0xc
 1394 016e 02       		.uleb128 0x2
 1395 016f 0A       		.uleb128 0xa
 1396 0170 00       		.byte	0
 1397 0171 00       		.byte	0
 1398 0172 00       		.byte	0
 1399              		.section	.debug_loc,"",%progbits
 1400              	.Ldebug_loc0:
 1401              	.LLST0:
 1402 0000 06000000 		.4byte	.LVL1
 1403 0004 10000000 		.4byte	.LVL2
 1404 0008 0100     		.2byte	0x1
 1405 000a 53       		.byte	0x53
 1406 000b 00000000 		.4byte	0
 1407 000f 00000000 		.4byte	0
 1408              	.LLST1:
 1409 0013 1C000000 		.4byte	.LVL4
 1410 0017 1E000000 		.4byte	.LFE7
 1411 001b 0100     		.2byte	0x1
 1412 001d 53       		.byte	0x53
 1413 001e 00000000 		.4byte	0
 1414 0022 00000000 		.4byte	0
 1415              	.LLST2:
 1416 0026 00000000 		.4byte	.LFB8
 1417 002a 02000000 		.4byte	.LCFI0
 1418 002e 0200     		.2byte	0x2
 1419 0030 7D       		.byte	0x7d
 1420 0031 00       		.sleb128 0
 1421 0032 02000000 		.4byte	.LCFI0
 1422 0036 2E000000 		.4byte	.LFE8
 1423 003a 0200     		.2byte	0x2
 1424 003c 7D       		.byte	0x7d
 1425 003d 08       		.sleb128 8
ARM GAS  /tmp/ccELwcOK.s 			page 26


 1426 003e 00000000 		.4byte	0
 1427 0042 00000000 		.4byte	0
 1428              	.LLST3:
 1429 0046 00000000 		.4byte	.LVL5
 1430 004a 16000000 		.4byte	.LVL10
 1431 004e 0100     		.2byte	0x1
 1432 0050 50       		.byte	0x50
 1433 0051 1C000000 		.4byte	.LVL11
 1434 0055 25000000 		.4byte	.LVL14-1
 1435 0059 0100     		.2byte	0x1
 1436 005b 50       		.byte	0x50
 1437 005c 2A000000 		.4byte	.LVL15
 1438 0060 2E000000 		.4byte	.LFE8
 1439 0064 0100     		.2byte	0x1
 1440 0066 50       		.byte	0x50
 1441 0067 00000000 		.4byte	0
 1442 006b 00000000 		.4byte	0
 1443              	.LLST4:
 1444 006f 0E000000 		.4byte	.LVL9
 1445 0073 1C000000 		.4byte	.LVL11
 1446 0077 0200     		.2byte	0x2
 1447 0079 70       		.byte	0x70
 1448 007a 10       		.sleb128 16
 1449 007b 1C000000 		.4byte	.LVL11
 1450 007f 2C000000 		.4byte	.LVL16
 1451 0083 0100     		.2byte	0x1
 1452 0085 54       		.byte	0x54
 1453 0086 2C000000 		.4byte	.LVL16
 1454 008a 2E000000 		.4byte	.LFE8
 1455 008e 0200     		.2byte	0x2
 1456 0090 70       		.byte	0x70
 1457 0091 10       		.sleb128 16
 1458 0092 00000000 		.4byte	0
 1459 0096 00000000 		.4byte	0
 1460              	.LLST5:
 1461 009a 08000000 		.4byte	.LVL7
 1462 009e 0C000000 		.4byte	.LVL8
 1463 00a2 0100     		.2byte	0x1
 1464 00a4 53       		.byte	0x53
 1465 00a5 00000000 		.4byte	0
 1466 00a9 00000000 		.4byte	0
 1467              	.LLST6:
 1468 00ad 22000000 		.4byte	.LVL13
 1469 00b1 25000000 		.4byte	.LVL14-1
 1470 00b5 0100     		.2byte	0x1
 1471 00b7 53       		.byte	0x53
 1472 00b8 00000000 		.4byte	0
 1473 00bc 00000000 		.4byte	0
 1474              		.section	.debug_aranges,"",%progbits
 1475 0000 24000000 		.4byte	0x24
 1476 0004 0200     		.2byte	0x2
 1477 0006 00000000 		.4byte	.Ldebug_info0
 1478 000a 04       		.byte	0x4
 1479 000b 00       		.byte	0
 1480 000c 0000     		.2byte	0
 1481 000e 0000     		.2byte	0
 1482 0010 00000000 		.4byte	.LFB7
ARM GAS  /tmp/ccELwcOK.s 			page 27


 1483 0014 1E000000 		.4byte	.LFE7-.LFB7
 1484 0018 00000000 		.4byte	.LFB8
 1485 001c 2E000000 		.4byte	.LFE8-.LFB8
 1486 0020 00000000 		.4byte	0
 1487 0024 00000000 		.4byte	0
 1488              		.section	.debug_ranges,"",%progbits
 1489              	.Ldebug_ranges0:
 1490 0000 0E000000 		.4byte	.LBB3
 1491 0004 10000000 		.4byte	.LBE3
 1492 0008 18000000 		.4byte	.LBB4
 1493 000c 1C000000 		.4byte	.LBE4
 1494 0010 00000000 		.4byte	0
 1495 0014 00000000 		.4byte	0
 1496 0018 00000000 		.4byte	.LFB7
 1497 001c 1E000000 		.4byte	.LFE7
 1498 0020 00000000 		.4byte	.LFB8
 1499 0024 2E000000 		.4byte	.LFE8
 1500 0028 00000000 		.4byte	0
 1501 002c 00000000 		.4byte	0
 1502              		.section	.debug_line,"",%progbits
 1503              	.Ldebug_line0:
 1504 0000 DA010000 		.section	.debug_str,"MS",%progbits,1
 1504      0200A201 
 1504      00000201 
 1504      FB0E0D00 
 1504      01010101 
 1505              	.LASF73:
 1506 0000 63665F6F 		.ascii	"cf_off_older\000"
 1506      66665F6F 
 1506      6C646572 
 1506      00
 1507              	.LASF36:
 1508 000d 705F6D73 		.ascii	"p_msg\000"
 1508      6700
 1509              	.LASF2:
 1510 0013 73697A65 		.ascii	"size_t\000"
 1510      5F7400
 1511              	.LASF58:
 1512 001a 7264796D 		.ascii	"rdymsg\000"
 1512      736700
 1513              	.LASF13:
 1514 0021 6C6F6E67 		.ascii	"long long unsigned int\000"
 1514      206C6F6E 
 1514      6720756E 
 1514      7369676E 
 1514      65642069 
 1515              	.LASF87:
 1516 0038 2F6F7074 		.ascii	"/opt/ChibiOS/ChibiOS_2.4.4/os/kernel/src/chregistry"
 1516      2F436869 
 1516      62694F53 
 1516      2F436869 
 1516      62694F53 
 1517 006b 2E6300   		.ascii	".c\000"
 1518              	.LASF69:
 1519 006e 63685F74 		.ascii	"ch_threadsize\000"
 1519      68726561 
 1519      6473697A 
ARM GAS  /tmp/ccELwcOK.s 			page 28


 1519      6500
 1520              	.LASF59:
 1521 007c 65786974 		.ascii	"exitcode\000"
 1521      636F6465 
 1521      00
 1522              	.LASF82:
 1523 0085 63685265 		.ascii	"chRegFirstThread\000"
 1523      67466972 
 1523      73745468 
 1523      72656164 
 1523      00
 1524              	.LASF25:
 1525 0096 705F7072 		.ascii	"p_prio\000"
 1525      696F00
 1526              	.LASF76:
 1527 009d 63665F6F 		.ascii	"cf_off_state\000"
 1527      66665F73 
 1527      74617465 
 1527      00
 1528              	.LASF12:
 1529 00aa 6C6F6E67 		.ascii	"long long int\000"
 1529      206C6F6E 
 1529      6720696E 
 1529      7400
 1530              	.LASF1:
 1531 00b8 7369676E 		.ascii	"signed char\000"
 1531      65642063 
 1531      68617200 
 1532              	.LASF75:
 1533 00c4 63665F6F 		.ascii	"cf_off_stklimit\000"
 1533      66665F73 
 1533      746B6C69 
 1533      6D697400 
 1534              	.LASF77:
 1535 00d4 63665F6F 		.ascii	"cf_off_flags\000"
 1535      66665F66 
 1535      6C616773 
 1535      00
 1536              	.LASF40:
 1537 00e1 705F6D70 		.ascii	"p_mpool\000"
 1537      6F6F6C00 
 1538              	.LASF55:
 1539 00e9 6D5F7175 		.ascii	"m_queue\000"
 1539      65756500 
 1540              	.LASF63:
 1541 00f1 63685F69 		.ascii	"ch_identifier\000"
 1541      64656E74 
 1541      69666965 
 1541      7200
 1542              	.LASF9:
 1543 00ff 6C6F6E67 		.ascii	"long int\000"
 1543      20696E74 
 1543      00
 1544              	.LASF15:
 1545 0108 74737461 		.ascii	"tstate_t\000"
 1545      74655F74 
 1545      00
ARM GAS  /tmp/ccELwcOK.s 			page 29


 1546              	.LASF6:
 1547 0111 75696E74 		.ascii	"uint16_t\000"
 1547      31365F74 
 1547      00
 1548              	.LASF81:
 1549 011a 63686465 		.ascii	"chdebug_t\000"
 1549      6275675F 
 1549      7400
 1550              	.LASF27:
 1551 0124 705F6E65 		.ascii	"p_newer\000"
 1551      77657200 
 1552              	.LASF49:
 1553 012c 725F6E65 		.ascii	"r_newer\000"
 1553      77657200 
 1554              	.LASF43:
 1555 0134 72656761 		.ascii	"regarm_t\000"
 1555      726D5F74 
 1555      00
 1556              	.LASF21:
 1557 013d 636E745F 		.ascii	"cnt_t\000"
 1557      7400
 1558              	.LASF0:
 1559 0143 756E7369 		.ascii	"unsigned int\000"
 1559      676E6564 
 1559      20696E74 
 1559      00
 1560              	.LASF11:
 1561 0150 6C6F6E67 		.ascii	"long unsigned int\000"
 1561      20756E73 
 1561      69676E65 
 1561      6420696E 
 1561      7400
 1562              	.LASF85:
 1563 0162 63685F64 		.ascii	"ch_debug\000"
 1563      65627567 
 1563      00
 1564              	.LASF45:
 1565 016b 636F6E74 		.ascii	"context\000"
 1565      65787400 
 1566              	.LASF7:
 1567 0173 73686F72 		.ascii	"short unsigned int\000"
 1567      7420756E 
 1567      7369676E 
 1567      65642069 
 1567      6E7400
 1568              	.LASF18:
 1569 0186 6D73675F 		.ascii	"msg_t\000"
 1569      7400
 1570              	.LASF14:
 1571 018c 746D6F64 		.ascii	"tmode_t\000"
 1571      655F7400 
 1572              	.LASF42:
 1573 0194 54687265 		.ascii	"ThreadsList\000"
 1573      6164734C 
 1573      69737400 
 1574              	.LASF19:
 1575 01a0 6576656E 		.ascii	"eventmask_t\000"
ARM GAS  /tmp/ccELwcOK.s 			page 30


 1575      746D6173 
 1575      6B5F7400 
 1576              	.LASF54:
 1577 01ac 4D757465 		.ascii	"Mutex\000"
 1577      7800
 1578              	.LASF64:
 1579 01b2 63685F7A 		.ascii	"ch_zero\000"
 1579      65726F00 
 1580              	.LASF78:
 1581 01ba 63665F6F 		.ascii	"cf_off_refs\000"
 1581      66665F72 
 1581      65667300 
 1582              	.LASF68:
 1583 01c6 63685F74 		.ascii	"ch_timesize\000"
 1583      696D6573 
 1583      697A6500 
 1584              	.LASF74:
 1585 01d2 63665F6F 		.ascii	"cf_off_name\000"
 1585      66665F6E 
 1585      616D6500 
 1586              	.LASF28:
 1587 01de 705F6F6C 		.ascii	"p_older\000"
 1587      64657200 
 1588              	.LASF48:
 1589 01e6 725F6374 		.ascii	"r_ctx\000"
 1589      7800
 1590              	.LASF41:
 1591 01ec 54687265 		.ascii	"ThreadsQueue\000"
 1591      61647351 
 1591      75657565 
 1591      00
 1592              	.LASF65:
 1593 01f9 63685F73 		.ascii	"ch_size\000"
 1593      697A6500 
 1594              	.LASF52:
 1595 0201 725F6375 		.ascii	"r_current\000"
 1595      7272656E 
 1595      7400
 1596              	.LASF50:
 1597 020b 725F6F6C 		.ascii	"r_older\000"
 1597      64657200 
 1598              	.LASF16:
 1599 0213 74726566 		.ascii	"trefs_t\000"
 1599      735F7400 
 1600              	.LASF67:
 1601 021b 63685F70 		.ascii	"ch_ptrsize\000"
 1601      74727369 
 1601      7A6500
 1602              	.LASF24:
 1603 0226 705F7072 		.ascii	"p_prev\000"
 1603      657600
 1604              	.LASF17:
 1605 022d 74707269 		.ascii	"tprio_t\000"
 1605      6F5F7400 
 1606              	.LASF8:
 1607 0235 696E7433 		.ascii	"int32_t\000"
 1607      325F7400 
ARM GAS  /tmp/ccELwcOK.s 			page 31


 1608              	.LASF4:
 1609 023d 756E7369 		.ascii	"unsigned char\000"
 1609      676E6564 
 1609      20636861 
 1609      7200
 1610              	.LASF38:
 1611 024b 705F6D74 		.ascii	"p_mtxlist\000"
 1611      786C6973 
 1611      7400
 1612              	.LASF5:
 1613 0255 73686F72 		.ascii	"short int\000"
 1613      7420696E 
 1613      7400
 1614              	.LASF30:
 1615 025f 705F7374 		.ascii	"p_state\000"
 1615      61746500 
 1616              	.LASF80:
 1617 0267 63665F6F 		.ascii	"cf_off_time\000"
 1617      66665F74 
 1617      696D6500 
 1618              	.LASF47:
 1619 0273 725F7072 		.ascii	"r_prio\000"
 1619      696F00
 1620              	.LASF61:
 1621 027a 65776D61 		.ascii	"ewmask\000"
 1621      736B00
 1622              	.LASF23:
 1623 0281 705F6E65 		.ascii	"p_next\000"
 1623      787400
 1624              	.LASF79:
 1625 0288 63665F6F 		.ascii	"cf_off_preempt\000"
 1625      66665F70 
 1625      7265656D 
 1625      707400
 1626              	.LASF31:
 1627 0297 705F666C 		.ascii	"p_flags\000"
 1627      61677300 
 1628              	.LASF22:
 1629 029f 54687265 		.ascii	"Thread\000"
 1629      616400
 1630              	.LASF72:
 1631 02a6 63665F6F 		.ascii	"cf_off_newer\000"
 1631      66665F6E 
 1631      65776572 
 1631      00
 1632              	.LASF37:
 1633 02b3 705F6570 		.ascii	"p_epending\000"
 1633      656E6469 
 1633      6E6700
 1634              	.LASF10:
 1635 02be 75696E74 		.ascii	"uint32_t\000"
 1635      33325F74 
 1635      00
 1636              	.LASF70:
 1637 02c7 63665F6F 		.ascii	"cf_off_prio\000"
 1637      66665F70 
 1637      72696F00 
ARM GAS  /tmp/ccELwcOK.s 			page 32


 1638              	.LASF46:
 1639 02d3 725F7175 		.ascii	"r_queue\000"
 1639      65756500 
 1640              	.LASF86:
 1641 02db 474E5520 		.ascii	"GNU C 4.6.3\000"
 1641      4320342E 
 1641      362E3300 
 1642              	.LASF62:
 1643 02e7 63686172 		.ascii	"char\000"
 1643      00
 1644              	.LASF83:
 1645 02ec 63685265 		.ascii	"chRegNextThread\000"
 1645      674E6578 
 1645      74546872 
 1645      65616400 
 1646              	.LASF57:
 1647 02fc 6D5F6E65 		.ascii	"m_next\000"
 1647      787400
 1648              	.LASF20:
 1649 0303 73797374 		.ascii	"systime_t\000"
 1649      696D655F 
 1649      7400
 1650              	.LASF39:
 1651 030d 705F7265 		.ascii	"p_realprio\000"
 1651      616C7072 
 1651      696F00
 1652              	.LASF33:
 1653 0318 705F7469 		.ascii	"p_time\000"
 1653      6D6500
 1654              	.LASF44:
 1655 031f 696E7463 		.ascii	"intctx\000"
 1655      747800
 1656              	.LASF35:
 1657 0326 705F6D73 		.ascii	"p_msgqueue\000"
 1657      67717565 
 1657      756500
 1658              	.LASF71:
 1659 0331 63665F6F 		.ascii	"cf_off_ctx\000"
 1659      66665F63 
 1659      747800
 1660              	.LASF32:
 1661 033c 705F7265 		.ascii	"p_refs\000"
 1661      667300
 1662              	.LASF53:
 1663 0343 52656164 		.ascii	"ReadyList\000"
 1663      794C6973 
 1663      7400
 1664              	.LASF84:
 1665 034d 726C6973 		.ascii	"rlist\000"
 1665      7400
 1666              	.LASF3:
 1667 0353 75696E74 		.ascii	"uint8_t\000"
 1667      385F7400 
 1668              	.LASF60:
 1669 035b 77746F62 		.ascii	"wtobjp\000"
 1669      6A7000
 1670              	.LASF29:
ARM GAS  /tmp/ccELwcOK.s 			page 33


 1671 0362 705F6E61 		.ascii	"p_name\000"
 1671      6D6500
 1672              	.LASF66:
 1673 0369 63685F76 		.ascii	"ch_version\000"
 1673      65727369 
 1673      6F6E00
 1674              	.LASF51:
 1675 0374 725F7072 		.ascii	"r_preempt\000"
 1675      65656D70 
 1675      7400
 1676              	.LASF56:
 1677 037e 6D5F6F77 		.ascii	"m_owner\000"
 1677      6E657200 
 1678              	.LASF26:
 1679 0386 705F6374 		.ascii	"p_ctx\000"
 1679      7800
 1680              	.LASF34:
 1681 038c 705F7761 		.ascii	"p_waiting\000"
 1681      6974696E 
 1681      6700
 1682              		.ident	"GCC: (Sourcery CodeBench Lite 2012.03-56) 4.6.3"
ARM GAS  /tmp/ccELwcOK.s 			page 34


DEFINED SYMBOLS
                            *ABS*:00000000 chregistry.c
     /tmp/ccELwcOK.s:21     .text.chRegFirstThread:00000000 $t
     /tmp/ccELwcOK.s:27     .text.chRegFirstThread:00000000 chRegFirstThread
     /tmp/ccELwcOK.s:74     .text.chRegNextThread:00000000 $t
     /tmp/ccELwcOK.s:80     .text.chRegNextThread:00000000 chRegNextThread
     /tmp/ccELwcOK.s:149    .rodata.ch_debug:00000000 ch_debug
     /tmp/ccELwcOK.s:146    .rodata.ch_debug:00000000 $d
                     .debug_frame:00000010 $d

UNDEFINED SYMBOLS
rlist
chThdRelease
