ARM GAS  /tmp/ccARx6LG.s 			page 1


   1              		.syntax unified
   2              		.cpu cortex-m4
   3              		.eabi_attribute 27, 3
   4              		.eabi_attribute 28, 1
   5              		.fpu fpv4-sp-d16
   6              		.eabi_attribute 20, 1
   7              		.eabi_attribute 21, 1
   8              		.eabi_attribute 23, 3
   9              		.eabi_attribute 24, 1
  10              		.eabi_attribute 25, 1
  11              		.eabi_attribute 26, 1
  12              		.eabi_attribute 30, 2
  13              		.eabi_attribute 34, 1
  14              		.eabi_attribute 18, 4
  15              		.thumb
  16              		.file	"chsprintf.c"
  17              		.text
  18              	.Ltext0:
  19              		.cfi_sections	.debug_frame
  20              		.section	.text.chsprintf,"ax",%progbits
  21              		.align	2
  22              		.p2align 4,,15
  23              		.global	chsprintf
  24              		.thumb
  25              		.thumb_func
  26              		.type	chsprintf, %function
  27              	chsprintf:
  28              	.LFB118:
  29              		.file 1 "./src/chsprintf.c"
  30              		.loc 1 79 0
  31              		.cfi_startproc
  32              		@ args = 4, pretend = 12, frame = 40
  33              		@ frame_needed = 0, uses_anonymous_args = 1
  34              		@ link register save eliminated.
  35              	.LVL0:
  36 0000 0EB4     		push	{r1, r2, r3}
  37              	.LCFI0:
  38              		.cfi_def_cfa_offset 12
  39              		.cfi_offset 3, -4
  40              		.cfi_offset 2, -8
  41              		.cfi_offset 1, -12
  42 0002 2DE9F00F 		push	{r4, r5, r6, r7, r8, r9, sl, fp}
  43              	.LCFI1:
  44              		.cfi_def_cfa_offset 44
  45              		.cfi_offset 11, -16
  46              		.cfi_offset 10, -20
  47              		.cfi_offset 9, -24
  48              		.cfi_offset 8, -28
  49              		.cfi_offset 7, -32
  50              		.cfi_offset 6, -36
  51              		.cfi_offset 5, -40
  52              		.cfi_offset 4, -44
  53 0006 8BB0     		sub	sp, sp, #44
  54              	.LCFI2:
  55              		.cfi_def_cfa_offset 88
  56              		.loc 1 189 0
  57 0008 0DF11902 		add	r2, sp, #25
ARM GAS  /tmp/ccARx6LG.s 			page 2


  58              		.loc 1 79 0
  59 000c 13A9     		add	r1, sp, #76
  60              		.loc 1 189 0
  61 000e 0192     		str	r2, [sp, #4]
  62 0010 019E     		ldr	r6, [sp, #4]
  63              		.loc 1 79 0
  64 0012 51F8044B 		ldr	r4, [r1], #4
  65              		.loc 1 98 0
  66 0016 06AB     		add	r3, sp, #24
  67              		.loc 1 152 0
  68 0018 40F20005 		movw	r5, #:lower16:.LC0
  69              	.LBB6:
  70              	.LBB7:
  71              		.loc 1 41 0
  72 001c 4CF6CD42 		movw	r2, #52429
  73              	.LBE7:
  74              	.LBE6:
  75              		.loc 1 189 0
  76 0020 F61A     		subs	r6, r6, r3
  77              	.LBB12:
  78              	.LBB13:
  79              		.loc 1 48 0
  80 0022 0DF12307 		add	r7, sp, #35
  81              	.LBE13:
  82              	.LBE12:
  83              		.loc 1 152 0
  84 0026 C0F20005 		movt	r5, #:upper16:.LC0
  85              		.loc 1 87 0
  86 002a 0991     		str	r1, [sp, #36]
  87              		.loc 1 189 0
  88 002c 0496     		str	r6, [sp, #16]
  89              	.LBB18:
  90              	.LBB14:
  91              		.loc 1 48 0
  92 002e 0097     		str	r7, [sp, #0]
  93              	.LBE14:
  94              	.LBE18:
  95              	.LBB19:
  96              	.LBB8:
  97              		.loc 1 41 0
  98 0030 CCF6CC42 		movt	r2, 52428
  99              	.LBE8:
 100              	.LBE19:
 101              		.loc 1 152 0
 102 0034 0395     		str	r5, [sp, #12]
 103              	.LVL1:
 104              	.L96:
 105              		.loc 1 89 0
 106 0036 2578     		ldrb	r5, [r4, #0]	@ zero_extendqisi2
 107              	.LVL2:
 108              		.loc 1 90 0
 109 0038 002D     		cmp	r5, #0
 110 003a 00F0A780 		beq	.L95
 111              		.loc 1 89 0
 112 003e 611C     		adds	r1, r4, #1
 113              		.loc 1 94 0
 114 0040 252D     		cmp	r5, #37
ARM GAS  /tmp/ccARx6LG.s 			page 3


 115              		.loc 1 95 0
 116 0042 1CBF     		itt	ne
 117 0044 00F8015B 		strbne	r5, [r0], #1
 118              	.LVL3:
 119              		.loc 1 89 0
 120 0048 0C46     		movne	r4, r1
 121              	.LVL4:
 122              		.loc 1 94 0
 123 004a F4D1     		bne	.L96
 124              	.LVL5:
 125              		.loc 1 101 0
 126 004c 6678     		ldrb	r6, [r4, #1]	@ zero_extendqisi2
 127 004e 2D2E     		cmp	r6, #45
 128              		.loc 1 100 0
 129 0050 18BF     		it	ne
 130 0052 4FF0000B 		movne	fp, #0
 131              		.loc 1 101 0
 132 0056 00F0A280 		beq	.L115
 133              	.LVL6:
 134              	.L6:
 135              		.loc 1 105 0
 136 005a 2025     		movs	r5, #32
 137              	.LVL7:
 138              		.loc 1 106 0
 139 005c 2E2E     		cmp	r6, #46
 140 005e 00F09A80 		beq	.L116
 141              	.LVL8:
 142              	.L7:
 143              		.loc 1 107 0
 144 0062 DDF82490 		ldr	r9, [sp, #36]
 145 0066 8C46     		mov	ip, r1
 146              		.loc 1 110 0
 147 0068 0024     		movs	r4, #0
 148 006a 09E0     		b	.L10
 149              	.LVL9:
 150              	.L117:
 151              		.loc 1 116 0
 152 006c 99F80070 		ldrb	r7, [r9, #0]	@ zero_extendqisi2
 153              	.LVL10:
 154 0070 09F10409 		add	r9, r9, #4
 155              	.LVL11:
 156              	.L8:
 157              		.loc 1 119 0
 158 0074 04EB8404 		add	r4, r4, r4, lsl #2
 159              	.LVL12:
 160 0078 1CF8016F 		ldrb	r6, [ip, #1]!	@ zero_extendqisi2
 161 007c 07EB4404 		add	r4, r7, r4, lsl #1
 162              	.LVL13:
 163              	.L10:
 164              		.loc 1 113 0
 165 0080 A6F13007 		sub	r7, r6, #48
 166 0084 FFB2     		uxtb	r7, r7
 167              		.loc 1 112 0
 168 0086 0131     		adds	r1, r1, #1
 169              	.LVL14:
 170              		.loc 1 113 0
 171 0088 092F     		cmp	r7, #9
ARM GAS  /tmp/ccARx6LG.s 			page 4


 172 008a F3D9     		bls	.L8
 173              		.loc 1 115 0
 174 008c 2A2E     		cmp	r6, #42
 175 008e EDD0     		beq	.L117
 176              		.loc 1 122 0
 177 0090 2E2E     		cmp	r6, #46
 178              		.loc 1 120 0
 179 0092 CDF82490 		str	r9, [sp, #36]
 180              	.LVL15:
 181              		.loc 1 122 0
 182 0096 4FF00008 		mov	r8, #0
 183 009a 56D0     		beq	.L14
 184              	.LVL16:
 185              		.loc 1 136 0
 186 009c A6F16C07 		sub	r7, r6, #108
 187 00a0 D7F10009 		rsbs	r9, r7, #0
 188 00a4 49EB0707 		adc	r7, r9, r7
 189 00a8 4C2E     		cmp	r6, #76
 190 00aa 08BF     		it	eq
 191 00ac 47F00107 		orreq	r7, r7, #1
 192 00b0 002F     		cmp	r7, #0
 193 00b2 62D0     		beq	.L15
 194              	.LVL17:
 195              	.L118:
 196              		.loc 1 138 0
 197 00b4 0F78     		ldrb	r7, [r1, #0]	@ zero_extendqisi2
 198 00b6 002F     		cmp	r7, #0
 199 00b8 76D0     		beq	.L52
 200              	.LVL18:
 201              		.loc 1 139 0
 202 00ba 3E46     		mov	r6, r7
 203 00bc 0131     		adds	r1, r1, #1
 204              	.LVL19:
 205              		.loc 1 137 0
 206 00be 0127     		movs	r7, #1
 207              	.LVL20:
 208              	.L16:
 209              		.loc 1 144 0
 210 00c0 A6F1440C 		sub	ip, r6, #68
 211 00c4 BCF1340F 		cmp	ip, #52
 212 00c8 00F2C281 		bhi	.L17
 213 00cc DFE81CF0 		tbh	[pc, ip, lsl #1]
 214              	.L24:
 215 00d0 7801     		.2byte	(.L18-.L24)/2
 216 00d2 C001     		.2byte	(.L17-.L24)/2
 217 00d4 C001     		.2byte	(.L17-.L24)/2
 218 00d6 C001     		.2byte	(.L17-.L24)/2
 219 00d8 C001     		.2byte	(.L17-.L24)/2
 220 00da C001     		.2byte	(.L17-.L24)/2
 221 00dc C001     		.2byte	(.L17-.L24)/2
 222 00de C001     		.2byte	(.L17-.L24)/2
 223 00e0 C001     		.2byte	(.L17-.L24)/2
 224 00e2 C001     		.2byte	(.L17-.L24)/2
 225 00e4 C001     		.2byte	(.L17-.L24)/2
 226 00e6 7501     		.2byte	(.L19-.L24)/2
 227 00e8 C001     		.2byte	(.L17-.L24)/2
 228 00ea C001     		.2byte	(.L17-.L24)/2
ARM GAS  /tmp/ccARx6LG.s 			page 5


 229 00ec C001     		.2byte	(.L17-.L24)/2
 230 00ee C001     		.2byte	(.L17-.L24)/2
 231 00f0 C001     		.2byte	(.L17-.L24)/2
 232 00f2 6C01     		.2byte	(.L53-.L24)/2
 233 00f4 C001     		.2byte	(.L17-.L24)/2
 234 00f6 C001     		.2byte	(.L17-.L24)/2
 235 00f8 2C01     		.2byte	(.L21-.L24)/2
 236 00fa C001     		.2byte	(.L17-.L24)/2
 237 00fc C001     		.2byte	(.L17-.L24)/2
 238 00fe C001     		.2byte	(.L17-.L24)/2
 239 0100 C001     		.2byte	(.L17-.L24)/2
 240 0102 C001     		.2byte	(.L17-.L24)/2
 241 0104 C001     		.2byte	(.L17-.L24)/2
 242 0106 C001     		.2byte	(.L17-.L24)/2
 243 0108 C001     		.2byte	(.L17-.L24)/2
 244 010a C001     		.2byte	(.L17-.L24)/2
 245 010c C001     		.2byte	(.L17-.L24)/2
 246 010e AC00     		.2byte	(.L22-.L24)/2
 247 0110 7801     		.2byte	(.L18-.L24)/2
 248 0112 C001     		.2byte	(.L17-.L24)/2
 249 0114 C001     		.2byte	(.L17-.L24)/2
 250 0116 C001     		.2byte	(.L17-.L24)/2
 251 0118 C001     		.2byte	(.L17-.L24)/2
 252 011a C001     		.2byte	(.L17-.L24)/2
 253 011c C001     		.2byte	(.L17-.L24)/2
 254 011e C001     		.2byte	(.L17-.L24)/2
 255 0120 C001     		.2byte	(.L17-.L24)/2
 256 0122 C001     		.2byte	(.L17-.L24)/2
 257 0124 C001     		.2byte	(.L17-.L24)/2
 258 0126 7501     		.2byte	(.L19-.L24)/2
 259 0128 C001     		.2byte	(.L17-.L24)/2
 260 012a C001     		.2byte	(.L17-.L24)/2
 261 012c C001     		.2byte	(.L17-.L24)/2
 262 012e 6E00     		.2byte	(.L23-.L24)/2
 263 0130 C001     		.2byte	(.L17-.L24)/2
 264 0132 6C01     		.2byte	(.L53-.L24)/2
 265 0134 C001     		.2byte	(.L17-.L24)/2
 266 0136 C001     		.2byte	(.L17-.L24)/2
 267 0138 2C01     		.2byte	(.L21-.L24)/2
 268              	.LVL21:
 269              	.L13:
 270              		.loc 1 128 0
 271 013a 99F80070 		ldrb	r7, [r9, #0]	@ zero_extendqisi2
 272              	.LVL22:
 273 013e 09F10409 		add	r9, r9, #4
 274              	.LVL23:
 275              	.L12:
 276              		.loc 1 131 0
 277 0142 08EB8806 		add	r6, r8, r8, lsl #2
 278              	.LVL24:
 279              		.loc 1 132 0
 280 0146 07EB4608 		add	r8, r7, r6, lsl #1
 281              	.LVL25:
 282              	.L14:
 283              		.loc 1 124 0
 284 014a 11F8016B 		ldrb	r6, [r1], #1	@ zero_extendqisi2
 285              	.LVL26:
ARM GAS  /tmp/ccARx6LG.s 			page 6


 286              		.loc 1 125 0
 287 014e A6F1300C 		sub	ip, r6, #48
 288 0152 5FFA8CF7 		uxtb	r7, ip
 289 0156 092F     		cmp	r7, #9
 290 0158 F3D9     		bls	.L12
 291              		.loc 1 127 0
 292 015a 2A2E     		cmp	r6, #42
 293 015c EDD0     		beq	.L13
 294              		.loc 1 136 0
 295 015e A6F16C07 		sub	r7, r6, #108
 296              		.loc 1 127 0
 297 0162 CDF82490 		str	r9, [sp, #36]
 298              		.loc 1 136 0
 299 0166 D7F10009 		rsbs	r9, r7, #0
 300 016a 49EB0707 		adc	r7, r9, r7
 301 016e 4C2E     		cmp	r6, #76
 302 0170 08BF     		it	eq
 303 0172 47F00107 		orreq	r7, r7, #1
 304 0176 002F     		cmp	r7, #0
 305 0178 9CD1     		bne	.L118
 306              	.LVL27:
 307              	.L15:
 308              		.loc 1 141 0
 309 017a A6F1410C 		sub	ip, r6, #65
 310 017e 5FFA8CF7 		uxtb	r7, ip
 311 0182 192F     		cmp	r7, #25
 312 0184 8CBF     		ite	hi
 313 0186 0027     		movhi	r7, #0
 314 0188 0127     		movls	r7, #1
 315              	.LVL28:
 316 018a 99E7     		b	.L16
 317              	.LVL29:
 318              	.L95:
 319              		.loc 1 215 0
 320 018c 0BB0     		add	sp, sp, #44
 321 018e BDE8F00F 		pop	{r4, r5, r6, r7, r8, r9, sl, fp}
 322 0192 03B0     		add	sp, sp, #12
 323 0194 7047     		bx	lr
 324              	.LVL30:
 325              	.L116:
 326              		.loc 1 107 0
 327 0196 4E78     		ldrb	r6, [r1, #1]	@ zero_extendqisi2
 328              		.loc 1 108 0
 329 0198 3025     		movs	r5, #48
 330              		.loc 1 107 0
 331 019a 0131     		adds	r1, r1, #1
 332              	.LVL31:
 333 019c 61E7     		b	.L7
 334              	.LVL32:
 335              	.L115:
 336              		.loc 1 102 0
 337 019e A11C     		adds	r1, r4, #2
 338              	.LVL33:
 339 01a0 A678     		ldrb	r6, [r4, #2]	@ zero_extendqisi2
 340              		.loc 1 103 0
 341 01a2 4FF0010B 		mov	fp, #1
 342 01a6 58E7     		b	.L6
ARM GAS  /tmp/ccARx6LG.s 			page 7


 343              	.LVL34:
 344              	.L52:
 345              		.loc 1 137 0
 346 01a8 0127     		movs	r7, #1
 347 01aa 89E7     		b	.L16
 348              	.LVL35:
 349              	.L23:
 350              		.loc 1 151 0
 351 01ac 099D     		ldr	r5, [sp, #36]
 352              		.loc 1 152 0
 353 01ae 039F     		ldr	r7, [sp, #12]
 354              	.LVL36:
 355              		.loc 1 151 0
 356 01b0 2E1D     		adds	r6, r5, #4
 357              	.LVL37:
 358 01b2 0996     		str	r6, [sp, #36]
 359 01b4 2E68     		ldr	r6, [r5, #0]
 360              	.LVL38:
 361              		.loc 1 152 0
 362 01b6 002E     		cmp	r6, #0
 363 01b8 08BF     		it	eq
 364 01ba 3E46     		moveq	r6, r7
 365              	.LVL39:
 366              		.loc 1 154 0
 367 01bc 47F6FF77 		movw	r7, #32767
 368              		.loc 1 155 0
 369 01c0 3578     		ldrb	r5, [r6, #0]	@ zero_extendqisi2
 370              		.loc 1 154 0
 371 01c2 B8F1000F 		cmp	r8, #0
 372 01c6 08BF     		it	eq
 373 01c8 B846     		moveq	r8, r7
 374              	.LVL40:
 375              		.loc 1 155 0
 376 01ca 002D     		cmp	r5, #0
 377 01cc 00F06381 		beq	.L56
 378 01d0 F543     		mvns	r5, r6
 379              		.loc 1 79 0
 380 01d2 B044     		add	r8, r6, r8
 381              		.loc 1 155 0
 382 01d4 96F801C0 		ldrb	ip, [r6, #1]	@ zero_extendqisi2
 383              	.LVL41:
 384 01d8 08EB0507 		add	r7, r8, r5
 385 01dc 751C     		adds	r5, r6, #1
 386 01de 07F00109 		and	r9, r7, #1
 387 01e2 2F46     		mov	r7, r5
 388 01e4 BCF1000F 		cmp	ip, #0
 389 01e8 1AD0     		beq	.L103
 390 01ea 4545     		cmp	r5, r8
 391 01ec 18D0     		beq	.L103
 392 01ee B9F1000F 		cmp	r9, #0
 393 01f2 07D0     		beq	.L111
 394 01f4 17F801CF 		ldrb	ip, [r7, #1]!	@ zero_extendqisi2
 395 01f8 0135     		adds	r5, r5, #1
 396              	.LVL42:
 397 01fa BCF1000F 		cmp	ip, #0
 398 01fe 0FD0     		beq	.L103
 399 0200 4545     		cmp	r5, r8
ARM GAS  /tmp/ccARx6LG.s 			page 8


 400 0202 0DD0     		beq	.L103
 401              	.L111:
 402 0204 9446     		mov	ip, r2
 403 0206 05E0     		b	.L29
 404              	.L28:
 405              		.loc 1 155 0 is_stmt 0 discriminator 2
 406 0208 7A78     		ldrb	r2, [r7, #1]	@ zero_extendqisi2
 407 020a 0135     		adds	r5, r5, #1
 408 020c 0137     		adds	r7, r7, #1
 409 020e 32B1     		cbz	r2, .L113
 410              		.loc 1 155 0
 411 0210 4545     		cmp	r5, r8
 412 0212 04D0     		beq	.L113
 413              	.L29:
 414              		.loc 1 155 0 discriminator 1
 415 0214 7A78     		ldrb	r2, [r7, #1]	@ zero_extendqisi2
 416 0216 0135     		adds	r5, r5, #1
 417 0218 0137     		adds	r7, r7, #1
 418 021a 002A     		cmp	r2, #0
 419 021c F4D1     		bne	.L28
 420              	.L113:
 421 021e 6246     		mov	r2, ip
 422              	.L103:
 423              		.loc 1 155 0
 424 0220 C6EB050C 		rsb	ip, r6, r5
 425              		.loc 1 150 0 is_stmt 1
 426 0224 2025     		movs	r5, #32
 427 0226 09E0     		b	.L25
 428              	.LVL43:
 429              	.L22:
 430              		.loc 1 147 0
 431 0228 099D     		ldr	r5, [sp, #36]
 432 022a DDF810C0 		ldr	ip, [sp, #16]
 433 022e 2E68     		ldr	r6, [r5, #0]
 434              	.LVL44:
 435 0230 0435     		adds	r5, r5, #4
 436 0232 0995     		str	r5, [sp, #36]
 437 0234 8DF81860 		strb	r6, [sp, #24]
 438              	.LVL45:
 439              		.loc 1 146 0
 440 0238 2025     		movs	r5, #32
 441              		.loc 1 99 0
 442 023a 1E46     		mov	r6, r3
 443              	.LVL46:
 444              	.L25:
 445              		.loc 1 193 0
 446 023c CCEB0404 		rsb	r4, ip, r4
 447              	.LVL47:
 448 0240 24EAE474 		bic	r4, r4, r4, asr #31
 449              	.LVL48:
 450              		.loc 1 195 0
 451 0244 BBF1000F 		cmp	fp, #0
 452 0248 2BD1     		bne	.L42
 453              		.loc 1 196 0
 454 024a 6442     		negs	r4, r4
 455              	.LVL49:
 456              		.loc 1 197 0
ARM GAS  /tmp/ccARx6LG.s 			page 9


 457 024c 4CB3     		cbz	r4, .L42
 458              		.loc 1 198 0
 459 024e 302D     		cmp	r5, #48
 460 0250 96F80080 		ldrb	r8, [r6, #0]	@ zero_extendqisi2
 461 0254 14BF     		ite	ne
 462 0256 0027     		movne	r7, #0
 463 0258 0127     		moveq	r7, #1
 464 025a B8F12D0F 		cmp	r8, #45
 465 025e 14BF     		ite	ne
 466 0260 0027     		movne	r7, #0
 467 0262 07F00107 		andeq	r7, r7, #1
 468 0266 2FB1     		cbz	r7, .L43
 469              		.loc 1 199 0
 470 0268 2D27     		movs	r7, #45
 471 026a 00F8017B 		strb	r7, [r0], #1
 472              	.LVL50:
 473 026e 0136     		adds	r6, r6, #1
 474              	.LVL51:
 475              		.loc 1 200 0
 476 0270 0CF1FF3C 		add	ip, ip, #-1
 477              	.LVL52:
 478              	.L43:
 479              		.loc 1 203 0 discriminator 1
 480 0274 0746     		mov	r7, r0
 481 0276 001B     		subs	r0, r0, r4
 482              	.LVL53:
 483 0278 07F8015B 		strb	r5, [r7], #1
 484              	.LVL54:
 485 027c 6FEA0408 		mvn	r8, r4
 486              		.loc 1 204 0 discriminator 1
 487 0280 8742     		cmp	r7, r0
 488 0282 08F00104 		and	r4, r8, #1
 489              	.LVL55:
 490 0286 0BD0     		beq	.L100
 491 0288 1CB1     		cbz	r4, .L44
 492              		.loc 1 203 0
 493 028a 07F8015B 		strb	r5, [r7], #1
 494              		.loc 1 204 0
 495 028e 8742     		cmp	r7, r0
 496 0290 06D0     		beq	.L100
 497              	.L44:
 498              		.loc 1 203 0 discriminator 1
 499 0292 3C46     		mov	r4, r7
 500 0294 04F8015B 		strb	r5, [r4], #1
 501 0298 7D70     		strb	r5, [r7, #1]
 502 029a 671C     		adds	r7, r4, #1
 503              		.loc 1 204 0 discriminator 1
 504 029c 8742     		cmp	r7, r0
 505 029e F8D1     		bne	.L44
 506              	.L100:
 507              		.loc 1 79 0
 508 02a0 0024     		movs	r4, #0
 509              	.L42:
 510              	.LVL56:
 511              		.loc 1 206 0 discriminator 1
 512 02a2 BCF1000F 		cmp	ip, #0
 513 02a6 20DD     		ble	.L45
ARM GAS  /tmp/ccARx6LG.s 			page 10


 514              		.loc 1 207 0
 515 02a8 0746     		mov	r7, r0
 516 02aa 16F8018B 		ldrb	r8, [r6], #1	@ zero_extendqisi2
 517              	.LVL57:
 518 02ae 07F8018B 		strb	r8, [r7], #1
 519              	.LVL58:
 520              		.loc 1 79 0
 521 02b2 8444     		add	ip, r0, ip
 522 02b4 C043     		mvns	r0, r0
 523              	.LVL59:
 524 02b6 6044     		add	r0, ip, r0
 525              		.loc 1 206 0
 526 02b8 6745     		cmp	r7, ip
 527 02ba 00F00100 		and	r0, r0, #1
 528 02be 13D0     		beq	.L101
 529 02c0 28B1     		cbz	r0, .L46
 530              		.loc 1 207 0
 531 02c2 16F8018B 		ldrb	r8, [r6], #1	@ zero_extendqisi2
 532 02c6 07F8018B 		strb	r8, [r7], #1
 533              	.LVL60:
 534              		.loc 1 206 0
 535 02ca 6745     		cmp	r7, ip
 536 02cc 0CD0     		beq	.L101
 537              	.L46:
 538              		.loc 1 207 0
 539 02ce 3046     		mov	r0, r6
 540 02d0 B846     		mov	r8, r7
 541 02d2 10F8019B 		ldrb	r9, [r0], #1	@ zero_extendqisi2
 542 02d6 08F8019B 		strb	r9, [r8], #1
 543 02da 7678     		ldrb	r6, [r6, #1]	@ zero_extendqisi2
 544 02dc 7E70     		strb	r6, [r7, #1]
 545 02de 08F10107 		add	r7, r8, #1
 546 02e2 461C     		adds	r6, r0, #1
 547              		.loc 1 206 0
 548 02e4 6745     		cmp	r7, ip
 549 02e6 F2D1     		bne	.L46
 550              	.L101:
 551 02e8 6046     		mov	r0, ip
 552              	.L45:
 553              	.LVL61:
 554              		.loc 1 209 0 discriminator 1
 555 02ea BCB1     		cbz	r4, .L47
 556              		.loc 1 210 0
 557 02ec 0646     		mov	r6, r0
 558              		.loc 1 79 0
 559 02ee 0419     		adds	r4, r0, r4
 560              	.LVL62:
 561              		.loc 1 210 0
 562 02f0 06F8015B 		strb	r5, [r6], #1
 563 02f4 C043     		mvns	r0, r0
 564              	.LVL63:
 565 02f6 04EB000C 		add	ip, r4, r0
 566              		.loc 1 209 0
 567 02fa A642     		cmp	r6, r4
 568 02fc 0CF00100 		and	r0, ip, #1
 569 0300 0BD0     		beq	.L102
 570 0302 18B1     		cbz	r0, .L48
ARM GAS  /tmp/ccARx6LG.s 			page 11


 571              		.loc 1 210 0
 572 0304 06F8015B 		strb	r5, [r6], #1
 573              	.LVL64:
 574              		.loc 1 209 0
 575 0308 A642     		cmp	r6, r4
 576 030a 06D0     		beq	.L102
 577              	.L48:
 578              		.loc 1 210 0
 579 030c 3046     		mov	r0, r6
 580 030e 00F8015B 		strb	r5, [r0], #1
 581 0312 7570     		strb	r5, [r6, #1]
 582 0314 461C     		adds	r6, r0, #1
 583              		.loc 1 209 0
 584 0316 A642     		cmp	r6, r4
 585 0318 F8D1     		bne	.L48
 586              	.L102:
 587 031a 2046     		mov	r0, r4
 588              	.L47:
 589              		.loc 1 213 0
 590 031c 4FF00008 		mov	r8, #0
 591 0320 80F80080 		strb	r8, [r0, #0]
 592 0324 0C46     		mov	r4, r1
 593 0326 86E6     		b	.L96
 594              	.LVL65:
 595              	.L21:
 596              		.loc 1 144 0
 597 0328 4FF01009 		mov	r9, #16
 598              	.LVL66:
 599              	.L20:
 600              		.loc 1 183 0
 601 032c 099E     		ldr	r6, [sp, #36]
 602              		.loc 1 182 0
 603 032e 002F     		cmp	r7, #0
 604 0330 3FD0     		beq	.L36
 605              	.L120:
 606              		.loc 1 183 0
 607 0332 371D     		adds	r7, r6, #4
 608              	.LVL67:
 609 0334 3668     		ldr	r6, [r6, #0]
 610              	.LVL68:
 611 0336 0997     		str	r7, [sp, #36]
 612              	.LVL69:
 613              	.L37:
 614              		.loc 1 185 0
 615 0338 0DF1220C 		add	ip, sp, #34
 616              	.LVL70:
 617              	.L39:
 618              	.LBB20:
 619              	.LBB15:
 620              		.loc 1 41 0
 621 033c B6FBF9FA 		udiv	sl, r6, r9
 622 0340 09FB1A66 		mls	r6, r9, sl, r6
 623              	.LVL71:
 624              		.loc 1 42 0
 625 0344 06F13008 		add	r8, r6, #48
 626              	.LVL72:
 627              		.loc 1 43 0
ARM GAS  /tmp/ccARx6LG.s 			page 12


 628 0348 B8F1390F 		cmp	r8, #57
 629              		.loc 1 44 0
 630 034c C8BF     		it	gt
 631 034e 06F13708 		addgt	r8, r6, #55
 632              	.LVL73:
 633              		.loc 1 46 0
 634 0352 5646     		mov	r6, sl
 635              		.loc 1 45 0
 636 0354 6746     		mov	r7, ip
 637              	.LVL74:
 638 0356 0CF80189 		strb	r8, [ip], #-1
 639              	.LVL75:
 640              		.loc 1 46 0
 641 035a 002E     		cmp	r6, #0
 642 035c EED1     		bne	.L39
 643              		.loc 1 48 0
 644 035e DDF800A0 		ldr	sl, [sp, #0]
 645              	.LVL76:
 646 0362 C7EB0A0C 		rsb	ip, r7, sl
 647              		.loc 1 79 0
 648 0366 03EB0C0A 		add	sl, r3, ip
 649 036a DE43     		mvns	r6, r3
 650              	.LVL77:
 651 036c 0AEB0609 		add	r9, sl, r6
 652              	.LVL78:
 653 0370 5FEAC976 		lsls	r6, r9, #31
 654              		.loc 1 48 0
 655 0374 CDF808C0 		str	ip, [sp, #8]
 656              	.LVL79:
 657              	.LBE15:
 658              	.LBE20:
 659              		.loc 1 98 0
 660 0378 9C46     		mov	ip, r3
 661              	.LVL80:
 662 037a 6FD4     		bmi	.L99
 663 037c 8946     		mov	r9, r1
 664 037e 09E0     		b	.L41
 665              	.LVL81:
 666              	.L119:
 667              	.LBB21:
 668              	.LBB16:
 669              		.loc 1 51 0
 670 0380 97F80180 		ldrb	r8, [r7, #1]	@ zero_extendqisi2
 671              	.LVL82:
 672 0384 7E1C     		adds	r6, r7, #1
 673              		.loc 1 50 0
 674 0386 8CF80180 		strb	r8, [ip, #1]
 675              		.loc 1 51 0
 676 038a 96F80180 		ldrb	r8, [r6, #1]	@ zero_extendqisi2
 677 038e 0237     		adds	r7, r7, #2
 678              		.loc 1 50 0
 679 0390 01F1010C 		add	ip, r1, #1
 680              	.LVL83:
 681              	.L41:
 682 0394 6146     		mov	r1, ip
 683 0396 01F8018B 		strb	r8, [r1], #1
 684              		.loc 1 51 0
ARM GAS  /tmp/ccARx6LG.s 			page 13


 685 039a 5145     		cmp	r1, sl
 686 039c F0D1     		bne	.L119
 687              	.LVL84:
 688 039e 4946     		mov	r1, r9
 689 03a0 DDF808C0 		ldr	ip, [sp, #8]
 690              	.LVL85:
 691              	.LBE16:
 692              	.LBE21:
 693              		.loc 1 99 0
 694 03a4 1E46     		mov	r6, r3
 695              		.loc 1 187 0
 696 03a6 49E7     		b	.L25
 697              	.LVL86:
 698              	.L53:
 699              		.loc 1 144 0
 700 03a8 4FF00A09 		mov	r9, #10
 701              	.LVL87:
 702              		.loc 1 183 0
 703 03ac 099E     		ldr	r6, [sp, #36]
 704              		.loc 1 182 0
 705 03ae 002F     		cmp	r7, #0
 706 03b0 BFD1     		bne	.L120
 707              	.L36:
 708              		.loc 1 185 0
 709 03b2 371D     		adds	r7, r6, #4
 710              	.LVL88:
 711 03b4 3668     		ldr	r6, [r6, #0]
 712              	.LVL89:
 713 03b6 0997     		str	r7, [sp, #36]
 714 03b8 BEE7     		b	.L37
 715              	.LVL90:
 716              	.L19:
 717 03ba 4FF00809 		mov	r9, #8
 718 03be B5E7     		b	.L20
 719              	.LVL91:
 720              	.L18:
 721              		.loc 1 161 0
 722 03c0 099E     		ldr	r6, [sp, #36]
 723              		.loc 1 160 0
 724 03c2 002F     		cmp	r7, #0
 725 03c4 59D0     		beq	.L30
 726              		.loc 1 161 0
 727 03c6 371D     		adds	r7, r6, #4
 728              	.LVL92:
 729 03c8 3668     		ldr	r6, [r6, #0]
 730              	.LVL93:
 731 03ca 0997     		str	r7, [sp, #36]
 732              		.loc 1 164 0
 733 03cc 002E     		cmp	r6, #0
 734              		.loc 1 98 0
 735 03ce A8BF     		it	ge
 736 03d0 9A46     		movge	sl, r3
 737              		.loc 1 164 0
 738 03d2 59DB     		blt	.L121
 739              	.LVL94:
 740              	.L32:
 741              	.LBB22:
ARM GAS  /tmp/ccARx6LG.s 			page 14


 742              	.LBB9:
 743              		.loc 1 39 0
 744 03d4 0AF10B09 		add	r9, sl, #11
 745              	.LVL95:
 746              		.loc 1 79 0
 747 03d8 CC46     		mov	ip, r9
 748              	.LVL96:
 749 03da 0F46     		mov	r7, r1
 750              	.LVL97:
 751              	.L33:
 752              		.loc 1 41 0
 753 03dc A2FB0681 		umull	r8, r1, r2, r6
 754 03e0 C908     		lsrs	r1, r1, #3
 755 03e2 01EB8108 		add	r8, r1, r1, lsl #2
 756 03e6 A6EB4808 		sub	r8, r6, r8, lsl #1
 757              	.LVL98:
 758              		.loc 1 79 0
 759 03ea 0CF1FF3C 		add	ip, ip, #-1
 760              	.LVL99:
 761              		.loc 1 42 0
 762 03ee 08F13008 		add	r8, r8, #48
 763              		.loc 1 46 0
 764 03f2 0E46     		mov	r6, r1
 765              		.loc 1 45 0
 766 03f4 8CF80080 		strb	r8, [ip, #0]
 767              		.loc 1 46 0
 768 03f8 0029     		cmp	r1, #0
 769 03fa EFD1     		bne	.L33
 770              		.loc 1 48 0
 771 03fc CCEB0909 		rsb	r9, ip, r9
 772 0400 6FEA0A06 		mvn	r6, sl
 773 0404 CDF81490 		str	r9, [sp, #20]
 774              	.LVL100:
 775              		.loc 1 79 0
 776 0408 D144     		add	r9, sl, r9
 777              	.LVL101:
 778 040a CDF80890 		str	r9, [sp, #8]
 779 040e B144     		add	r9, r9, r6
 780 0410 5FEAC976 		lsls	r6, r9, #31
 781 0414 3946     		mov	r1, r7
 782              	.LVL102:
 783              	.LBE9:
 784              	.LBE22:
 785 0416 5746     		mov	r7, sl
 786              	.LVL103:
 787 0418 28D4     		bmi	.L98
 788 041a 8946     		mov	r9, r1
 789 041c 0AE0     		b	.L35
 790              	.LVL104:
 791              	.L122:
 792              	.LBB23:
 793              	.LBB10:
 794              		.loc 1 51 0
 795 041e 9CF80180 		ldrb	r8, [ip, #1]	@ zero_extendqisi2
 796              	.LVL105:
 797 0422 0CF10106 		add	r6, ip, #1
 798              		.loc 1 50 0
ARM GAS  /tmp/ccARx6LG.s 			page 15


 799 0426 87F80180 		strb	r8, [r7, #1]
 800              		.loc 1 51 0
 801 042a 96F80180 		ldrb	r8, [r6, #1]	@ zero_extendqisi2
 802 042e 0CF1020C 		add	ip, ip, #2
 803              		.loc 1 50 0
 804 0432 4F1C     		adds	r7, r1, #1
 805              	.LVL106:
 806              	.L35:
 807 0434 3946     		mov	r1, r7
 808              		.loc 1 51 0
 809 0436 029E     		ldr	r6, [sp, #8]
 810              		.loc 1 50 0
 811 0438 01F8018B 		strb	r8, [r1], #1
 812              		.loc 1 51 0
 813 043c B142     		cmp	r1, r6
 814 043e EED1     		bne	.L122
 815              	.LVL107:
 816              		.loc 1 168 0
 817 0440 059F     		ldr	r7, [sp, #20]
 818              	.LVL108:
 819 0442 0AEB0706 		add	r6, sl, r7
 820              		.loc 1 51 0
 821 0446 C3EB060C 		rsb	ip, r3, r6
 822 044a 4946     		mov	r1, r9
 823              	.LVL109:
 824              	.LBE10:
 825              	.LBE23:
 826              		.loc 1 99 0
 827 044c 1E46     		mov	r6, r3
 828              		.loc 1 169 0
 829 044e F5E6     		b	.L25
 830              	.LVL110:
 831              	.L17:
 832              		.loc 1 189 0
 833 0450 8DF81860 		strb	r6, [sp, #24]
 834              	.LVL111:
 835 0454 DDF810C0 		ldr	ip, [sp, #16]
 836              		.loc 1 99 0
 837 0458 1E46     		mov	r6, r3
 838              	.LVL112:
 839              		.loc 1 190 0
 840 045a EFE6     		b	.L25
 841              	.LVL113:
 842              	.L99:
 843              	.LBB24:
 844              	.LBB17:
 845              		.loc 1 50 0
 846 045c 83F80080 		strb	r8, [r3, #0]
 847 0460 0DF1190C 		add	ip, sp, #25
 848              	.LVL114:
 849              		.loc 1 51 0
 850 0464 17F8018F 		ldrb	r8, [r7, #1]!	@ zero_extendqisi2
 851 0468 8946     		mov	r9, r1
 852 046a 93E7     		b	.L41
 853              	.LVL115:
 854              	.L98:
 855              	.LBE17:
ARM GAS  /tmp/ccARx6LG.s 			page 16


 856              	.LBE24:
 857              	.LBB25:
 858              	.LBB11:
 859              		.loc 1 50 0
 860 046c 5746     		mov	r7, sl
 861              	.LVL116:
 862 046e 8946     		mov	r9, r1
 863 0470 07F8018B 		strb	r8, [r7], #1
 864              	.LVL117:
 865              		.loc 1 51 0
 866 0474 1CF8018F 		ldrb	r8, [ip, #1]!	@ zero_extendqisi2
 867 0478 DCE7     		b	.L35
 868              	.LVL118:
 869              	.L30:
 870              	.LBE11:
 871              	.LBE25:
 872              		.loc 1 163 0
 873 047a 371D     		adds	r7, r6, #4
 874              	.LVL119:
 875 047c 3668     		ldr	r6, [r6, #0]
 876              	.LVL120:
 877 047e 0997     		str	r7, [sp, #36]
 878              		.loc 1 164 0
 879 0480 002E     		cmp	r6, #0
 880              		.loc 1 98 0
 881 0482 A8BF     		it	ge
 882 0484 9A46     		movge	sl, r3
 883              		.loc 1 164 0
 884 0486 A5DA     		bge	.L32
 885              	.LVL121:
 886              	.L121:
 887              		.loc 1 165 0
 888 0488 2D27     		movs	r7, #45
 889 048a 8DF81870 		strb	r7, [sp, #24]
 890              	.LVL122:
 891              		.loc 1 166 0
 892 048e 7642     		negs	r6, r6
 893              	.LVL123:
 894              		.loc 1 165 0
 895 0490 0DF1190A 		add	sl, sp, #25
 896 0494 9EE7     		b	.L32
 897              	.LVL124:
 898              	.L56:
 899              		.loc 1 155 0
 900 0496 AC46     		mov	ip, r5
 901              	.LVL125:
 902              		.loc 1 150 0
 903 0498 2025     		movs	r5, #32
 904 049a CFE6     		b	.L25
 905              		.cfi_endproc
 906              	.LFE118:
 907              		.size	chsprintf, .-chsprintf
 908 049c AFF30080 		.section	.rodata.str1.4,"aMS",%progbits,1
 909              		.align	2
 910              	.LC0:
 911 0000 286E756C 		.ascii	"(null)\000"
 911      6C2900
ARM GAS  /tmp/ccARx6LG.s 			page 17


 912 0007 00       		.text
 913              	.Letext0:
 914              		.file 2 "/opt/arm/bin/../lib/gcc/arm-none-eabi/4.6.3/include/stdarg.h"
 915              		.file 3 "/opt/arm/bin/../lib/gcc/arm-none-eabi/4.6.3/../../../../arm-none-eabi/include/stdint.h"
 916              		.file 4 "/opt/ChibiOS/ChibiOS_2.4.4/os/ports/GCC/ARMCMx/chtypes.h"
 917              		.file 5 "<built-in>"
 918              		.file 6 "/opt/ChibiOS/ChibiOS_2.4.4/os/ports/common/ARMCMx/CMSIS/include/core_cm4.h"
 919              		.section	.debug_info,"",%progbits
 920              	.Ldebug_info0:
 921 0000 B2020000 		.4byte	0x2b2
 922 0004 0200     		.2byte	0x2
 923 0006 00000000 		.4byte	.Ldebug_abbrev0
 924 000a 04       		.byte	0x4
 925 000b 01       		.uleb128 0x1
 926 000c 27010000 		.4byte	.LASF22
 927 0010 01       		.byte	0x1
 928 0011 0A010000 		.4byte	.LASF23
 929 0015 79000000 		.4byte	.LASF24
 930 0019 00000000 		.4byte	0
 931 001d 00000000 		.4byte	0
 932 0021 C0000000 		.4byte	.Ldebug_ranges0+0xc0
 933 0025 00000000 		.4byte	.Ldebug_line0
 934 0029 02       		.uleb128 0x2
 935 002a 1F000000 		.4byte	.LASF0
 936 002e 02       		.byte	0x2
 937 002f 28       		.byte	0x28
 938 0030 34000000 		.4byte	0x34
 939 0034 03       		.uleb128 0x3
 940 0035 F2000000 		.4byte	.LASF25
 941 0039 04       		.byte	0x4
 942 003a 05       		.byte	0x5
 943 003b 00       		.byte	0
 944 003c 4E000000 		.4byte	0x4e
 945 0040 04       		.uleb128 0x4
 946 0041 D1000000 		.4byte	.LASF26
 947 0045 4E000000 		.4byte	0x4e
 948 0049 02       		.byte	0x2
 949 004a 23       		.byte	0x23
 950 004b 00       		.uleb128 0
 951 004c 01       		.byte	0x1
 952 004d 00       		.byte	0
 953 004e 05       		.uleb128 0x5
 954 004f 04       		.byte	0x4
 955 0050 02       		.uleb128 0x2
 956 0051 6B000000 		.4byte	.LASF1
 957 0055 02       		.byte	0x2
 958 0056 66       		.byte	0x66
 959 0057 29000000 		.4byte	0x29
 960 005b 06       		.uleb128 0x6
 961 005c 04       		.byte	0x4
 962 005d 05       		.byte	0x5
 963 005e 696E7400 		.ascii	"int\000"
 964 0062 07       		.uleb128 0x7
 965 0063 04       		.byte	0x4
 966 0064 07       		.byte	0x7
 967 0065 B7000000 		.4byte	.LASF2
 968 0069 07       		.uleb128 0x7
ARM GAS  /tmp/ccARx6LG.s 			page 18


 969 006a 01       		.byte	0x1
 970 006b 06       		.byte	0x6
 971 006c 56010000 		.4byte	.LASF3
 972 0070 02       		.uleb128 0x2
 973 0071 C9000000 		.4byte	.LASF4
 974 0075 03       		.byte	0x3
 975 0076 2A       		.byte	0x2a
 976 0077 7B000000 		.4byte	0x7b
 977 007b 07       		.uleb128 0x7
 978 007c 01       		.byte	0x1
 979 007d 08       		.byte	0x8
 980 007e 38000000 		.4byte	.LASF5
 981 0082 07       		.uleb128 0x7
 982 0083 02       		.byte	0x2
 983 0084 05       		.byte	0x5
 984 0085 33010000 		.4byte	.LASF6
 985 0089 07       		.uleb128 0x7
 986 008a 02       		.byte	0x2
 987 008b 07       		.byte	0x7
 988 008c 58000000 		.4byte	.LASF7
 989 0090 02       		.uleb128 0x2
 990 0091 E3000000 		.4byte	.LASF8
 991 0095 03       		.byte	0x3
 992 0096 4F       		.byte	0x4f
 993 0097 9B000000 		.4byte	0x9b
 994 009b 07       		.uleb128 0x7
 995 009c 04       		.byte	0x4
 996 009d 05       		.byte	0x5
 997 009e 4D010000 		.4byte	.LASF9
 998 00a2 07       		.uleb128 0x7
 999 00a3 04       		.byte	0x4
 1000 00a4 07       		.byte	0x7
 1001 00a5 46000000 		.4byte	.LASF10
 1002 00a9 07       		.uleb128 0x7
 1003 00aa 08       		.byte	0x8
 1004 00ab 05       		.byte	0x5
 1005 00ac FC000000 		.4byte	.LASF11
 1006 00b0 07       		.uleb128 0x7
 1007 00b1 08       		.byte	0x8
 1008 00b2 07       		.byte	0x7
 1009 00b3 67010000 		.4byte	.LASF12
 1010 00b7 02       		.uleb128 0x2
 1011 00b8 0E000000 		.4byte	.LASF13
 1012 00bc 04       		.byte	0x4
 1013 00bd 2E       		.byte	0x2e
 1014 00be 90000000 		.4byte	0x90
 1015 00c2 08       		.uleb128 0x8
 1016 00c3 04       		.byte	0x4
 1017 00c4 C8000000 		.4byte	0xc8
 1018 00c8 09       		.uleb128 0x9
 1019 00c9 CD000000 		.4byte	0xcd
 1020 00cd 07       		.uleb128 0x7
 1021 00ce 01       		.byte	0x1
 1022 00cf 08       		.byte	0x8
 1023 00d0 C4000000 		.4byte	.LASF14
 1024 00d4 0A       		.uleb128 0xa
 1025 00d5 90000000 		.4byte	0x90
ARM GAS  /tmp/ccARx6LG.s 			page 19


 1026 00d9 0B       		.uleb128 0xb
 1027 00da 62010000 		.4byte	.LASF27
 1028 00de 01       		.byte	0x1
 1029 00df 23       		.byte	0x23
 1030 00e0 01       		.byte	0x1
 1031 00e1 1C010000 		.4byte	0x11c
 1032 00e5 01       		.byte	0x1
 1033 00e6 1C010000 		.4byte	0x11c
 1034 00ea 0C       		.uleb128 0xc
 1035 00eb 7000     		.ascii	"p\000"
 1036 00ed 01       		.byte	0x1
 1037 00ee 23       		.byte	0x23
 1038 00ef 1C010000 		.4byte	0x11c
 1039 00f3 0C       		.uleb128 0xc
 1040 00f4 6E756D00 		.ascii	"num\000"
 1041 00f8 01       		.byte	0x1
 1042 00f9 23       		.byte	0x23
 1043 00fa 9B000000 		.4byte	0x9b
 1044 00fe 0D       		.uleb128 0xd
 1045 00ff 08000000 		.4byte	.LASF15
 1046 0103 01       		.byte	0x1
 1047 0104 23       		.byte	0x23
 1048 0105 62000000 		.4byte	0x62
 1049 0109 0E       		.uleb128 0xe
 1050 010a 6900     		.ascii	"i\000"
 1051 010c 01       		.byte	0x1
 1052 010d 24       		.byte	0x24
 1053 010e 5B000000 		.4byte	0x5b
 1054 0112 0E       		.uleb128 0xe
 1055 0113 7100     		.ascii	"q\000"
 1056 0115 01       		.byte	0x1
 1057 0116 25       		.byte	0x25
 1058 0117 1C010000 		.4byte	0x11c
 1059 011b 00       		.byte	0
 1060 011c 08       		.uleb128 0x8
 1061 011d 04       		.byte	0x4
 1062 011e CD000000 		.4byte	0xcd
 1063 0122 0F       		.uleb128 0xf
 1064 0123 01       		.byte	0x1
 1065 0124 15000000 		.4byte	.LASF28
 1066 0128 01       		.byte	0x1
 1067 0129 4F       		.byte	0x4f
 1068 012a 01       		.byte	0x1
 1069 012b 00000000 		.4byte	.LFB118
 1070 012f 9C040000 		.4byte	.LFE118
 1071 0133 00000000 		.4byte	.LLST0
 1072 0137 97020000 		.4byte	0x297
 1073 013b 10       		.uleb128 0x10
 1074 013c 73747200 		.ascii	"str\000"
 1075 0140 01       		.byte	0x1
 1076 0141 4F       		.byte	0x4f
 1077 0142 1C010000 		.4byte	0x11c
 1078 0146 39000000 		.4byte	.LLST1
 1079 014a 10       		.uleb128 0x10
 1080 014b 666D7400 		.ascii	"fmt\000"
 1081 014f 01       		.byte	0x1
 1082 0150 4F       		.byte	0x4f
ARM GAS  /tmp/ccARx6LG.s 			page 20


 1083 0151 C2000000 		.4byte	0xc2
 1084 0155 9F000000 		.4byte	.LLST2
 1085 0159 11       		.uleb128 0x11
 1086 015a 12       		.uleb128 0x12
 1087 015b 617000   		.ascii	"ap\000"
 1088 015e 01       		.byte	0x1
 1089 015f 50       		.byte	0x50
 1090 0160 50000000 		.4byte	0x50
 1091 0164 02       		.byte	0x2
 1092 0165 91       		.byte	0x91
 1093 0166 4C       		.sleb128 -52
 1094 0167 13       		.uleb128 0x13
 1095 0168 EB000000 		.4byte	.LASF16
 1096 016c 01       		.byte	0x1
 1097 016d 51       		.byte	0x51
 1098 016e 97020000 		.4byte	0x297
 1099 0172 02       		.byte	0x2
 1100 0173 91       		.byte	0x91
 1101 0174 40       		.sleb128 -64
 1102 0175 14       		.uleb128 0x14
 1103 0176 7000     		.ascii	"p\000"
 1104 0178 01       		.byte	0x1
 1105 0179 52       		.byte	0x52
 1106 017a 1C010000 		.4byte	0x11c
 1107 017e 48010000 		.4byte	.LLST3
 1108 0182 14       		.uleb128 0x14
 1109 0183 7300     		.ascii	"s\000"
 1110 0185 01       		.byte	0x1
 1111 0186 52       		.byte	0x52
 1112 0187 1C010000 		.4byte	0x11c
 1113 018b 06020000 		.4byte	.LLST4
 1114 018f 14       		.uleb128 0x14
 1115 0190 6300     		.ascii	"c\000"
 1116 0192 01       		.byte	0x1
 1117 0193 52       		.byte	0x52
 1118 0194 CD000000 		.4byte	0xcd
 1119 0198 73020000 		.4byte	.LLST5
 1120 019c 15       		.uleb128 0x15
 1121 019d B0000000 		.4byte	.LASF17
 1122 01a1 01       		.byte	0x1
 1123 01a2 52       		.byte	0x52
 1124 01a3 CD000000 		.4byte	0xcd
 1125 01a7 56030000 		.4byte	.LLST6
 1126 01ab 14       		.uleb128 0x14
 1127 01ac 6900     		.ascii	"i\000"
 1128 01ae 01       		.byte	0x1
 1129 01af 53       		.byte	0x53
 1130 01b0 5B000000 		.4byte	0x5b
 1131 01b4 B3030000 		.4byte	.LLST7
 1132 01b8 15       		.uleb128 0x15
 1133 01b9 2E000000 		.4byte	.LASF18
 1134 01bd 01       		.byte	0x1
 1135 01be 53       		.byte	0x53
 1136 01bf 5B000000 		.4byte	0x5b
 1137 01c3 D3030000 		.4byte	.LLST8
 1138 01c7 15       		.uleb128 0x15
 1139 01c8 73000000 		.4byte	.LASF19
ARM GAS  /tmp/ccARx6LG.s 			page 21


 1140 01cc 01       		.byte	0x1
 1141 01cd 53       		.byte	0x53
 1142 01ce 5B000000 		.4byte	0x5b
 1143 01d2 4E040000 		.4byte	.LLST9
 1144 01d6 15       		.uleb128 0x15
 1145 01d7 00000000 		.4byte	.LASF20
 1146 01db 01       		.byte	0x1
 1147 01dc 54       		.byte	0x54
 1148 01dd B7000000 		.4byte	0xb7
 1149 01e1 A4040000 		.4byte	.LLST10
 1150 01e5 15       		.uleb128 0x15
 1151 01e6 1C010000 		.4byte	.LASF21
 1152 01ea 01       		.byte	0x1
 1153 01eb 54       		.byte	0x54
 1154 01ec B7000000 		.4byte	0xb7
 1155 01f0 27050000 		.4byte	.LLST11
 1156 01f4 14       		.uleb128 0x14
 1157 01f5 6C00     		.ascii	"l\000"
 1158 01f7 01       		.byte	0x1
 1159 01f8 55       		.byte	0x55
 1160 01f9 9B000000 		.4byte	0x9b
 1161 01fd 74050000 		.4byte	.LLST12
 1162 0201 16       		.uleb128 0x16
 1163 0202 3D010000 		.4byte	.LASF29
 1164 0206 01       		.byte	0x1
 1165 0207 B5       		.byte	0xb5
 1166 0208 2C030000 		.4byte	.L20
 1167 020c 17       		.uleb128 0x17
 1168 020d D9000000 		.4byte	0xd9
 1169 0211 1C000000 		.4byte	.LBB6
 1170 0215 00000000 		.4byte	.Ldebug_ranges0+0
 1171 0219 01       		.byte	0x1
 1172 021a A8       		.byte	0xa8
 1173 021b 53020000 		.4byte	0x253
 1174 021f 18       		.uleb128 0x18
 1175 0220 FE000000 		.4byte	0xfe
 1176 0224 D1050000 		.4byte	.LLST13
 1177 0228 18       		.uleb128 0x18
 1178 0229 F3000000 		.4byte	0xf3
 1179 022d F1050000 		.4byte	.LLST14
 1180 0231 18       		.uleb128 0x18
 1181 0232 EA000000 		.4byte	0xea
 1182 0236 0F060000 		.4byte	.LLST15
 1183 023a 19       		.uleb128 0x19
 1184 023b 30000000 		.4byte	.Ldebug_ranges0+0x30
 1185 023f 1A       		.uleb128 0x1a
 1186 0240 09010000 		.4byte	0x109
 1187 0244 66060000 		.4byte	.LLST16
 1188 0248 1A       		.uleb128 0x1a
 1189 0249 12010000 		.4byte	0x112
 1190 024d 93060000 		.4byte	.LLST17
 1191 0251 00       		.byte	0
 1192 0252 00       		.byte	0
 1193 0253 1B       		.uleb128 0x1b
 1194 0254 D9000000 		.4byte	0xd9
 1195 0258 22000000 		.4byte	.LBB12
 1196 025c 60000000 		.4byte	.Ldebug_ranges0+0x60
ARM GAS  /tmp/ccARx6LG.s 			page 22


 1197 0260 01       		.byte	0x1
 1198 0261 BA       		.byte	0xba
 1199 0262 18       		.uleb128 0x18
 1200 0263 FE000000 		.4byte	0xfe
 1201 0267 B1060000 		.4byte	.LLST18
 1202 026b 18       		.uleb128 0x18
 1203 026c F3000000 		.4byte	0xf3
 1204 0270 C4060000 		.4byte	.LLST19
 1205 0274 18       		.uleb128 0x18
 1206 0275 EA000000 		.4byte	0xea
 1207 0279 ED060000 		.4byte	.LLST20
 1208 027d 19       		.uleb128 0x19
 1209 027e 90000000 		.4byte	.Ldebug_ranges0+0x90
 1210 0282 1A       		.uleb128 0x1a
 1211 0283 09010000 		.4byte	0x109
 1212 0287 2E070000 		.4byte	.LLST21
 1213 028b 1A       		.uleb128 0x1a
 1214 028c 12010000 		.4byte	0x112
 1215 0290 64070000 		.4byte	.LLST22
 1216 0294 00       		.byte	0
 1217 0295 00       		.byte	0
 1218 0296 00       		.byte	0
 1219 0297 1C       		.uleb128 0x1c
 1220 0298 CD000000 		.4byte	0xcd
 1221 029c A7020000 		.4byte	0x2a7
 1222 02a0 1D       		.uleb128 0x1d
 1223 02a1 62000000 		.4byte	0x62
 1224 02a5 0B       		.byte	0xb
 1225 02a6 00       		.byte	0
 1226 02a7 1E       		.uleb128 0x1e
 1227 02a8 D6000000 		.4byte	.LASF30
 1228 02ac 06       		.byte	0x6
 1229 02ad 1A05     		.2byte	0x51a
 1230 02af D4000000 		.4byte	0xd4
 1231 02b3 01       		.byte	0x1
 1232 02b4 01       		.byte	0x1
 1233 02b5 00       		.byte	0
 1234              		.section	.debug_abbrev,"",%progbits
 1235              	.Ldebug_abbrev0:
 1236 0000 01       		.uleb128 0x1
 1237 0001 11       		.uleb128 0x11
 1238 0002 01       		.byte	0x1
 1239 0003 25       		.uleb128 0x25
 1240 0004 0E       		.uleb128 0xe
 1241 0005 13       		.uleb128 0x13
 1242 0006 0B       		.uleb128 0xb
 1243 0007 03       		.uleb128 0x3
 1244 0008 0E       		.uleb128 0xe
 1245 0009 1B       		.uleb128 0x1b
 1246 000a 0E       		.uleb128 0xe
 1247 000b 11       		.uleb128 0x11
 1248 000c 01       		.uleb128 0x1
 1249 000d 52       		.uleb128 0x52
 1250 000e 01       		.uleb128 0x1
 1251 000f 55       		.uleb128 0x55
 1252 0010 06       		.uleb128 0x6
 1253 0011 10       		.uleb128 0x10
ARM GAS  /tmp/ccARx6LG.s 			page 23


 1254 0012 06       		.uleb128 0x6
 1255 0013 00       		.byte	0
 1256 0014 00       		.byte	0
 1257 0015 02       		.uleb128 0x2
 1258 0016 16       		.uleb128 0x16
 1259 0017 00       		.byte	0
 1260 0018 03       		.uleb128 0x3
 1261 0019 0E       		.uleb128 0xe
 1262 001a 3A       		.uleb128 0x3a
 1263 001b 0B       		.uleb128 0xb
 1264 001c 3B       		.uleb128 0x3b
 1265 001d 0B       		.uleb128 0xb
 1266 001e 49       		.uleb128 0x49
 1267 001f 13       		.uleb128 0x13
 1268 0020 00       		.byte	0
 1269 0021 00       		.byte	0
 1270 0022 03       		.uleb128 0x3
 1271 0023 13       		.uleb128 0x13
 1272 0024 01       		.byte	0x1
 1273 0025 03       		.uleb128 0x3
 1274 0026 0E       		.uleb128 0xe
 1275 0027 0B       		.uleb128 0xb
 1276 0028 0B       		.uleb128 0xb
 1277 0029 3A       		.uleb128 0x3a
 1278 002a 0B       		.uleb128 0xb
 1279 002b 3B       		.uleb128 0x3b
 1280 002c 0B       		.uleb128 0xb
 1281 002d 01       		.uleb128 0x1
 1282 002e 13       		.uleb128 0x13
 1283 002f 00       		.byte	0
 1284 0030 00       		.byte	0
 1285 0031 04       		.uleb128 0x4
 1286 0032 0D       		.uleb128 0xd
 1287 0033 00       		.byte	0
 1288 0034 03       		.uleb128 0x3
 1289 0035 0E       		.uleb128 0xe
 1290 0036 49       		.uleb128 0x49
 1291 0037 13       		.uleb128 0x13
 1292 0038 38       		.uleb128 0x38
 1293 0039 0A       		.uleb128 0xa
 1294 003a 34       		.uleb128 0x34
 1295 003b 0C       		.uleb128 0xc
 1296 003c 00       		.byte	0
 1297 003d 00       		.byte	0
 1298 003e 05       		.uleb128 0x5
 1299 003f 0F       		.uleb128 0xf
 1300 0040 00       		.byte	0
 1301 0041 0B       		.uleb128 0xb
 1302 0042 0B       		.uleb128 0xb
 1303 0043 00       		.byte	0
 1304 0044 00       		.byte	0
 1305 0045 06       		.uleb128 0x6
 1306 0046 24       		.uleb128 0x24
 1307 0047 00       		.byte	0
 1308 0048 0B       		.uleb128 0xb
 1309 0049 0B       		.uleb128 0xb
 1310 004a 3E       		.uleb128 0x3e
ARM GAS  /tmp/ccARx6LG.s 			page 24


 1311 004b 0B       		.uleb128 0xb
 1312 004c 03       		.uleb128 0x3
 1313 004d 08       		.uleb128 0x8
 1314 004e 00       		.byte	0
 1315 004f 00       		.byte	0
 1316 0050 07       		.uleb128 0x7
 1317 0051 24       		.uleb128 0x24
 1318 0052 00       		.byte	0
 1319 0053 0B       		.uleb128 0xb
 1320 0054 0B       		.uleb128 0xb
 1321 0055 3E       		.uleb128 0x3e
 1322 0056 0B       		.uleb128 0xb
 1323 0057 03       		.uleb128 0x3
 1324 0058 0E       		.uleb128 0xe
 1325 0059 00       		.byte	0
 1326 005a 00       		.byte	0
 1327 005b 08       		.uleb128 0x8
 1328 005c 0F       		.uleb128 0xf
 1329 005d 00       		.byte	0
 1330 005e 0B       		.uleb128 0xb
 1331 005f 0B       		.uleb128 0xb
 1332 0060 49       		.uleb128 0x49
 1333 0061 13       		.uleb128 0x13
 1334 0062 00       		.byte	0
 1335 0063 00       		.byte	0
 1336 0064 09       		.uleb128 0x9
 1337 0065 26       		.uleb128 0x26
 1338 0066 00       		.byte	0
 1339 0067 49       		.uleb128 0x49
 1340 0068 13       		.uleb128 0x13
 1341 0069 00       		.byte	0
 1342 006a 00       		.byte	0
 1343 006b 0A       		.uleb128 0xa
 1344 006c 35       		.uleb128 0x35
 1345 006d 00       		.byte	0
 1346 006e 49       		.uleb128 0x49
 1347 006f 13       		.uleb128 0x13
 1348 0070 00       		.byte	0
 1349 0071 00       		.byte	0
 1350 0072 0B       		.uleb128 0xb
 1351 0073 2E       		.uleb128 0x2e
 1352 0074 01       		.byte	0x1
 1353 0075 03       		.uleb128 0x3
 1354 0076 0E       		.uleb128 0xe
 1355 0077 3A       		.uleb128 0x3a
 1356 0078 0B       		.uleb128 0xb
 1357 0079 3B       		.uleb128 0x3b
 1358 007a 0B       		.uleb128 0xb
 1359 007b 27       		.uleb128 0x27
 1360 007c 0C       		.uleb128 0xc
 1361 007d 49       		.uleb128 0x49
 1362 007e 13       		.uleb128 0x13
 1363 007f 20       		.uleb128 0x20
 1364 0080 0B       		.uleb128 0xb
 1365 0081 01       		.uleb128 0x1
 1366 0082 13       		.uleb128 0x13
 1367 0083 00       		.byte	0
ARM GAS  /tmp/ccARx6LG.s 			page 25


 1368 0084 00       		.byte	0
 1369 0085 0C       		.uleb128 0xc
 1370 0086 05       		.uleb128 0x5
 1371 0087 00       		.byte	0
 1372 0088 03       		.uleb128 0x3
 1373 0089 08       		.uleb128 0x8
 1374 008a 3A       		.uleb128 0x3a
 1375 008b 0B       		.uleb128 0xb
 1376 008c 3B       		.uleb128 0x3b
 1377 008d 0B       		.uleb128 0xb
 1378 008e 49       		.uleb128 0x49
 1379 008f 13       		.uleb128 0x13
 1380 0090 00       		.byte	0
 1381 0091 00       		.byte	0
 1382 0092 0D       		.uleb128 0xd
 1383 0093 05       		.uleb128 0x5
 1384 0094 00       		.byte	0
 1385 0095 03       		.uleb128 0x3
 1386 0096 0E       		.uleb128 0xe
 1387 0097 3A       		.uleb128 0x3a
 1388 0098 0B       		.uleb128 0xb
 1389 0099 3B       		.uleb128 0x3b
 1390 009a 0B       		.uleb128 0xb
 1391 009b 49       		.uleb128 0x49
 1392 009c 13       		.uleb128 0x13
 1393 009d 00       		.byte	0
 1394 009e 00       		.byte	0
 1395 009f 0E       		.uleb128 0xe
 1396 00a0 34       		.uleb128 0x34
 1397 00a1 00       		.byte	0
 1398 00a2 03       		.uleb128 0x3
 1399 00a3 08       		.uleb128 0x8
 1400 00a4 3A       		.uleb128 0x3a
 1401 00a5 0B       		.uleb128 0xb
 1402 00a6 3B       		.uleb128 0x3b
 1403 00a7 0B       		.uleb128 0xb
 1404 00a8 49       		.uleb128 0x49
 1405 00a9 13       		.uleb128 0x13
 1406 00aa 00       		.byte	0
 1407 00ab 00       		.byte	0
 1408 00ac 0F       		.uleb128 0xf
 1409 00ad 2E       		.uleb128 0x2e
 1410 00ae 01       		.byte	0x1
 1411 00af 3F       		.uleb128 0x3f
 1412 00b0 0C       		.uleb128 0xc
 1413 00b1 03       		.uleb128 0x3
 1414 00b2 0E       		.uleb128 0xe
 1415 00b3 3A       		.uleb128 0x3a
 1416 00b4 0B       		.uleb128 0xb
 1417 00b5 3B       		.uleb128 0x3b
 1418 00b6 0B       		.uleb128 0xb
 1419 00b7 27       		.uleb128 0x27
 1420 00b8 0C       		.uleb128 0xc
 1421 00b9 11       		.uleb128 0x11
 1422 00ba 01       		.uleb128 0x1
 1423 00bb 12       		.uleb128 0x12
 1424 00bc 01       		.uleb128 0x1
ARM GAS  /tmp/ccARx6LG.s 			page 26


 1425 00bd 40       		.uleb128 0x40
 1426 00be 06       		.uleb128 0x6
 1427 00bf 01       		.uleb128 0x1
 1428 00c0 13       		.uleb128 0x13
 1429 00c1 00       		.byte	0
 1430 00c2 00       		.byte	0
 1431 00c3 10       		.uleb128 0x10
 1432 00c4 05       		.uleb128 0x5
 1433 00c5 00       		.byte	0
 1434 00c6 03       		.uleb128 0x3
 1435 00c7 08       		.uleb128 0x8
 1436 00c8 3A       		.uleb128 0x3a
 1437 00c9 0B       		.uleb128 0xb
 1438 00ca 3B       		.uleb128 0x3b
 1439 00cb 0B       		.uleb128 0xb
 1440 00cc 49       		.uleb128 0x49
 1441 00cd 13       		.uleb128 0x13
 1442 00ce 02       		.uleb128 0x2
 1443 00cf 06       		.uleb128 0x6
 1444 00d0 00       		.byte	0
 1445 00d1 00       		.byte	0
 1446 00d2 11       		.uleb128 0x11
 1447 00d3 18       		.uleb128 0x18
 1448 00d4 00       		.byte	0
 1449 00d5 00       		.byte	0
 1450 00d6 00       		.byte	0
 1451 00d7 12       		.uleb128 0x12
 1452 00d8 34       		.uleb128 0x34
 1453 00d9 00       		.byte	0
 1454 00da 03       		.uleb128 0x3
 1455 00db 08       		.uleb128 0x8
 1456 00dc 3A       		.uleb128 0x3a
 1457 00dd 0B       		.uleb128 0xb
 1458 00de 3B       		.uleb128 0x3b
 1459 00df 0B       		.uleb128 0xb
 1460 00e0 49       		.uleb128 0x49
 1461 00e1 13       		.uleb128 0x13
 1462 00e2 02       		.uleb128 0x2
 1463 00e3 0A       		.uleb128 0xa
 1464 00e4 00       		.byte	0
 1465 00e5 00       		.byte	0
 1466 00e6 13       		.uleb128 0x13
 1467 00e7 34       		.uleb128 0x34
 1468 00e8 00       		.byte	0
 1469 00e9 03       		.uleb128 0x3
 1470 00ea 0E       		.uleb128 0xe
 1471 00eb 3A       		.uleb128 0x3a
 1472 00ec 0B       		.uleb128 0xb
 1473 00ed 3B       		.uleb128 0x3b
 1474 00ee 0B       		.uleb128 0xb
 1475 00ef 49       		.uleb128 0x49
 1476 00f0 13       		.uleb128 0x13
 1477 00f1 02       		.uleb128 0x2
 1478 00f2 0A       		.uleb128 0xa
 1479 00f3 00       		.byte	0
 1480 00f4 00       		.byte	0
 1481 00f5 14       		.uleb128 0x14
ARM GAS  /tmp/ccARx6LG.s 			page 27


 1482 00f6 34       		.uleb128 0x34
 1483 00f7 00       		.byte	0
 1484 00f8 03       		.uleb128 0x3
 1485 00f9 08       		.uleb128 0x8
 1486 00fa 3A       		.uleb128 0x3a
 1487 00fb 0B       		.uleb128 0xb
 1488 00fc 3B       		.uleb128 0x3b
 1489 00fd 0B       		.uleb128 0xb
 1490 00fe 49       		.uleb128 0x49
 1491 00ff 13       		.uleb128 0x13
 1492 0100 02       		.uleb128 0x2
 1493 0101 06       		.uleb128 0x6
 1494 0102 00       		.byte	0
 1495 0103 00       		.byte	0
 1496 0104 15       		.uleb128 0x15
 1497 0105 34       		.uleb128 0x34
 1498 0106 00       		.byte	0
 1499 0107 03       		.uleb128 0x3
 1500 0108 0E       		.uleb128 0xe
 1501 0109 3A       		.uleb128 0x3a
 1502 010a 0B       		.uleb128 0xb
 1503 010b 3B       		.uleb128 0x3b
 1504 010c 0B       		.uleb128 0xb
 1505 010d 49       		.uleb128 0x49
 1506 010e 13       		.uleb128 0x13
 1507 010f 02       		.uleb128 0x2
 1508 0110 06       		.uleb128 0x6
 1509 0111 00       		.byte	0
 1510 0112 00       		.byte	0
 1511 0113 16       		.uleb128 0x16
 1512 0114 0A       		.uleb128 0xa
 1513 0115 00       		.byte	0
 1514 0116 03       		.uleb128 0x3
 1515 0117 0E       		.uleb128 0xe
 1516 0118 3A       		.uleb128 0x3a
 1517 0119 0B       		.uleb128 0xb
 1518 011a 3B       		.uleb128 0x3b
 1519 011b 0B       		.uleb128 0xb
 1520 011c 11       		.uleb128 0x11
 1521 011d 01       		.uleb128 0x1
 1522 011e 00       		.byte	0
 1523 011f 00       		.byte	0
 1524 0120 17       		.uleb128 0x17
 1525 0121 1D       		.uleb128 0x1d
 1526 0122 01       		.byte	0x1
 1527 0123 31       		.uleb128 0x31
 1528 0124 13       		.uleb128 0x13
 1529 0125 52       		.uleb128 0x52
 1530 0126 01       		.uleb128 0x1
 1531 0127 55       		.uleb128 0x55
 1532 0128 06       		.uleb128 0x6
 1533 0129 58       		.uleb128 0x58
 1534 012a 0B       		.uleb128 0xb
 1535 012b 59       		.uleb128 0x59
 1536 012c 0B       		.uleb128 0xb
 1537 012d 01       		.uleb128 0x1
 1538 012e 13       		.uleb128 0x13
ARM GAS  /tmp/ccARx6LG.s 			page 28


 1539 012f 00       		.byte	0
 1540 0130 00       		.byte	0
 1541 0131 18       		.uleb128 0x18
 1542 0132 05       		.uleb128 0x5
 1543 0133 00       		.byte	0
 1544 0134 31       		.uleb128 0x31
 1545 0135 13       		.uleb128 0x13
 1546 0136 02       		.uleb128 0x2
 1547 0137 06       		.uleb128 0x6
 1548 0138 00       		.byte	0
 1549 0139 00       		.byte	0
 1550 013a 19       		.uleb128 0x19
 1551 013b 0B       		.uleb128 0xb
 1552 013c 01       		.byte	0x1
 1553 013d 55       		.uleb128 0x55
 1554 013e 06       		.uleb128 0x6
 1555 013f 00       		.byte	0
 1556 0140 00       		.byte	0
 1557 0141 1A       		.uleb128 0x1a
 1558 0142 34       		.uleb128 0x34
 1559 0143 00       		.byte	0
 1560 0144 31       		.uleb128 0x31
 1561 0145 13       		.uleb128 0x13
 1562 0146 02       		.uleb128 0x2
 1563 0147 06       		.uleb128 0x6
 1564 0148 00       		.byte	0
 1565 0149 00       		.byte	0
 1566 014a 1B       		.uleb128 0x1b
 1567 014b 1D       		.uleb128 0x1d
 1568 014c 01       		.byte	0x1
 1569 014d 31       		.uleb128 0x31
 1570 014e 13       		.uleb128 0x13
 1571 014f 52       		.uleb128 0x52
 1572 0150 01       		.uleb128 0x1
 1573 0151 55       		.uleb128 0x55
 1574 0152 06       		.uleb128 0x6
 1575 0153 58       		.uleb128 0x58
 1576 0154 0B       		.uleb128 0xb
 1577 0155 59       		.uleb128 0x59
 1578 0156 0B       		.uleb128 0xb
 1579 0157 00       		.byte	0
 1580 0158 00       		.byte	0
 1581 0159 1C       		.uleb128 0x1c
 1582 015a 01       		.uleb128 0x1
 1583 015b 01       		.byte	0x1
 1584 015c 49       		.uleb128 0x49
 1585 015d 13       		.uleb128 0x13
 1586 015e 01       		.uleb128 0x1
 1587 015f 13       		.uleb128 0x13
 1588 0160 00       		.byte	0
 1589 0161 00       		.byte	0
 1590 0162 1D       		.uleb128 0x1d
 1591 0163 21       		.uleb128 0x21
 1592 0164 00       		.byte	0
 1593 0165 49       		.uleb128 0x49
 1594 0166 13       		.uleb128 0x13
 1595 0167 2F       		.uleb128 0x2f
ARM GAS  /tmp/ccARx6LG.s 			page 29


 1596 0168 0B       		.uleb128 0xb
 1597 0169 00       		.byte	0
 1598 016a 00       		.byte	0
 1599 016b 1E       		.uleb128 0x1e
 1600 016c 34       		.uleb128 0x34
 1601 016d 00       		.byte	0
 1602 016e 03       		.uleb128 0x3
 1603 016f 0E       		.uleb128 0xe
 1604 0170 3A       		.uleb128 0x3a
 1605 0171 0B       		.uleb128 0xb
 1606 0172 3B       		.uleb128 0x3b
 1607 0173 05       		.uleb128 0x5
 1608 0174 49       		.uleb128 0x49
 1609 0175 13       		.uleb128 0x13
 1610 0176 3F       		.uleb128 0x3f
 1611 0177 0C       		.uleb128 0xc
 1612 0178 3C       		.uleb128 0x3c
 1613 0179 0C       		.uleb128 0xc
 1614 017a 00       		.byte	0
 1615 017b 00       		.byte	0
 1616 017c 00       		.byte	0
 1617              		.section	.debug_loc,"",%progbits
 1618              	.Ldebug_loc0:
 1619              	.LLST0:
 1620 0000 00000000 		.4byte	.LFB118
 1621 0004 02000000 		.4byte	.LCFI0
 1622 0008 0200     		.2byte	0x2
 1623 000a 7D       		.byte	0x7d
 1624 000b 00       		.sleb128 0
 1625 000c 02000000 		.4byte	.LCFI0
 1626 0010 06000000 		.4byte	.LCFI1
 1627 0014 0200     		.2byte	0x2
 1628 0016 7D       		.byte	0x7d
 1629 0017 0C       		.sleb128 12
 1630 0018 06000000 		.4byte	.LCFI1
 1631 001c 08000000 		.4byte	.LCFI2
 1632 0020 0200     		.2byte	0x2
 1633 0022 7D       		.byte	0x7d
 1634 0023 2C       		.sleb128 44
 1635 0024 08000000 		.4byte	.LCFI2
 1636 0028 9C040000 		.4byte	.LFE118
 1637 002c 0300     		.2byte	0x3
 1638 002e 7D       		.byte	0x7d
 1639 002f D800     		.sleb128 88
 1640 0031 00000000 		.4byte	0
 1641 0035 00000000 		.4byte	0
 1642              	.LLST1:
 1643 0039 00000000 		.4byte	.LVL0
 1644 003d 78020000 		.4byte	.LVL53
 1645 0041 0100     		.2byte	0x1
 1646 0043 50       		.byte	0x50
 1647 0044 78020000 		.4byte	.LVL53
 1648 0048 7C020000 		.4byte	.LVL54
 1649 004c 0100     		.2byte	0x1
 1650 004e 57       		.byte	0x57
 1651 004f 7C020000 		.4byte	.LVL54
 1652 0053 86020000 		.4byte	.LVL55
ARM GAS  /tmp/ccARx6LG.s 			page 30


 1653 0057 0300     		.2byte	0x3
 1654 0059 77       		.byte	0x77
 1655 005a 7F       		.sleb128 -1
 1656 005b 9F       		.byte	0x9f
 1657 005c A2020000 		.4byte	.LVL56
 1658 0060 B6020000 		.4byte	.LVL59
 1659 0064 0100     		.2byte	0x1
 1660 0066 50       		.byte	0x50
 1661 0067 B6020000 		.4byte	.LVL59
 1662 006b CA020000 		.4byte	.LVL60
 1663 006f 0300     		.2byte	0x3
 1664 0071 77       		.byte	0x77
 1665 0072 7F       		.sleb128 -1
 1666 0073 9F       		.byte	0x9f
 1667 0074 EA020000 		.4byte	.LVL61
 1668 0078 F6020000 		.4byte	.LVL63
 1669 007c 0100     		.2byte	0x1
 1670 007e 50       		.byte	0x50
 1671 007f F6020000 		.4byte	.LVL63
 1672 0083 08030000 		.4byte	.LVL64
 1673 0087 0300     		.2byte	0x3
 1674 0089 76       		.byte	0x76
 1675 008a 7F       		.sleb128 -1
 1676 008b 9F       		.byte	0x9f
 1677 008c 28030000 		.4byte	.LVL65
 1678 0090 9C040000 		.4byte	.LFE118
 1679 0094 0100     		.2byte	0x1
 1680 0096 50       		.byte	0x50
 1681 0097 00000000 		.4byte	0
 1682 009b 00000000 		.4byte	0
 1683              	.LLST2:
 1684 009f 00000000 		.4byte	.LVL0
 1685 00a3 36000000 		.4byte	.LVL1
 1686 00a7 0200     		.2byte	0x2
 1687 00a9 91       		.byte	0x91
 1688 00aa 74       		.sleb128 -12
 1689 00ab 36000000 		.4byte	.LVL1
 1690 00af 38000000 		.4byte	.LVL2
 1691 00b3 0100     		.2byte	0x1
 1692 00b5 54       		.byte	0x54
 1693 00b6 38000000 		.4byte	.LVL2
 1694 00ba 4A000000 		.4byte	.LVL4
 1695 00be 0300     		.2byte	0x3
 1696 00c0 74       		.byte	0x74
 1697 00c1 01       		.sleb128 1
 1698 00c2 9F       		.byte	0x9f
 1699 00c3 4A000000 		.4byte	.LVL4
 1700 00c7 4A010000 		.4byte	.LVL25
 1701 00cb 0100     		.2byte	0x1
 1702 00cd 51       		.byte	0x51
 1703 00ce 4E010000 		.4byte	.LVL26
 1704 00d2 8C010000 		.4byte	.LVL29
 1705 00d6 0100     		.2byte	0x1
 1706 00d8 51       		.byte	0x51
 1707 00d9 8C010000 		.4byte	.LVL29
 1708 00dd 96010000 		.4byte	.LVL30
 1709 00e1 0300     		.2byte	0x3
ARM GAS  /tmp/ccARx6LG.s 			page 31


 1710 00e3 74       		.byte	0x74
 1711 00e4 01       		.sleb128 1
 1712 00e5 9F       		.byte	0x9f
 1713 00e6 96010000 		.4byte	.LVL30
 1714 00ea 9C010000 		.4byte	.LVL31
 1715 00ee 0300     		.2byte	0x3
 1716 00f0 71       		.byte	0x71
 1717 00f1 01       		.sleb128 1
 1718 00f2 9F       		.byte	0x9f
 1719 00f3 9C010000 		.4byte	.LVL31
 1720 00f7 80030000 		.4byte	.LVL81
 1721 00fb 0100     		.2byte	0x1
 1722 00fd 51       		.byte	0x51
 1723 00fe 80030000 		.4byte	.LVL81
 1724 0102 A8030000 		.4byte	.LVL86
 1725 0106 0100     		.2byte	0x1
 1726 0108 59       		.byte	0x59
 1727 0109 A8030000 		.4byte	.LVL86
 1728 010d DC030000 		.4byte	.LVL97
 1729 0111 0100     		.2byte	0x1
 1730 0113 51       		.byte	0x51
 1731 0114 DC030000 		.4byte	.LVL97
 1732 0118 18040000 		.4byte	.LVL103
 1733 011c 0100     		.2byte	0x1
 1734 011e 57       		.byte	0x57
 1735 011f 18040000 		.4byte	.LVL103
 1736 0123 1E040000 		.4byte	.LVL104
 1737 0127 0100     		.2byte	0x1
 1738 0129 51       		.byte	0x51
 1739 012a 1E040000 		.4byte	.LVL104
 1740 012e 50040000 		.4byte	.LVL110
 1741 0132 0100     		.2byte	0x1
 1742 0134 59       		.byte	0x59
 1743 0135 50040000 		.4byte	.LVL110
 1744 0139 9C040000 		.4byte	.LFE118
 1745 013d 0100     		.2byte	0x1
 1746 013f 51       		.byte	0x51
 1747 0140 00000000 		.4byte	0
 1748 0144 00000000 		.4byte	0
 1749              	.LLST3:
 1750 0148 4C000000 		.4byte	.LVL5
 1751 014c 8C010000 		.4byte	.LVL29
 1752 0150 0100     		.2byte	0x1
 1753 0152 53       		.byte	0x53
 1754 0153 96010000 		.4byte	.LVL30
 1755 0157 CA010000 		.4byte	.LVL40
 1756 015b 0100     		.2byte	0x1
 1757 015d 53       		.byte	0x53
 1758 015e CA010000 		.4byte	.LVL40
 1759 0162 FA010000 		.4byte	.LVL42
 1760 0166 0100     		.2byte	0x1
 1761 0168 56       		.byte	0x56
 1762 0169 28020000 		.4byte	.LVL43
 1763 016d 38020000 		.4byte	.LVL45
 1764 0171 0100     		.2byte	0x1
 1765 0173 53       		.byte	0x53
 1766 0174 38020000 		.4byte	.LVL45
ARM GAS  /tmp/ccARx6LG.s 			page 32


 1767 0178 3C020000 		.4byte	.LVL46
 1768 017c 0300     		.2byte	0x3
 1769 017e 91       		.byte	0x91
 1770 017f 947F     		.sleb128 -108
 1771 0181 28030000 		.4byte	.LVL65
 1772 0185 9E030000 		.4byte	.LVL84
 1773 0189 0100     		.2byte	0x1
 1774 018b 53       		.byte	0x53
 1775 018c A8030000 		.4byte	.LVL86
 1776 0190 D4030000 		.4byte	.LVL94
 1777 0194 0100     		.2byte	0x1
 1778 0196 53       		.byte	0x53
 1779 0197 D4030000 		.4byte	.LVL94
 1780 019b 40040000 		.4byte	.LVL107
 1781 019f 0100     		.2byte	0x1
 1782 01a1 5A       		.byte	0x5a
 1783 01a2 50040000 		.4byte	.LVL110
 1784 01a6 54040000 		.4byte	.LVL111
 1785 01aa 0100     		.2byte	0x1
 1786 01ac 53       		.byte	0x53
 1787 01ad 54040000 		.4byte	.LVL111
 1788 01b1 5C040000 		.4byte	.LVL113
 1789 01b5 0300     		.2byte	0x3
 1790 01b7 91       		.byte	0x91
 1791 01b8 947F     		.sleb128 -108
 1792 01ba 5C040000 		.4byte	.LVL113
 1793 01be 6C040000 		.4byte	.LVL115
 1794 01c2 0100     		.2byte	0x1
 1795 01c4 53       		.byte	0x53
 1796 01c5 6C040000 		.4byte	.LVL115
 1797 01c9 6E040000 		.4byte	.LVL116
 1798 01cd 0100     		.2byte	0x1
 1799 01cf 57       		.byte	0x57
 1800 01d0 6E040000 		.4byte	.LVL116
 1801 01d4 7A040000 		.4byte	.LVL118
 1802 01d8 0100     		.2byte	0x1
 1803 01da 5A       		.byte	0x5a
 1804 01db 7A040000 		.4byte	.LVL118
 1805 01df 8E040000 		.4byte	.LVL122
 1806 01e3 0100     		.2byte	0x1
 1807 01e5 53       		.byte	0x53
 1808 01e6 8E040000 		.4byte	.LVL122
 1809 01ea 96040000 		.4byte	.LVL124
 1810 01ee 0300     		.2byte	0x3
 1811 01f0 91       		.byte	0x91
 1812 01f1 947F     		.sleb128 -108
 1813 01f3 96040000 		.4byte	.LVL124
 1814 01f7 9C040000 		.4byte	.LFE118
 1815 01fb 0100     		.2byte	0x1
 1816 01fd 56       		.byte	0x56
 1817 01fe 00000000 		.4byte	0
 1818 0202 00000000 		.4byte	0
 1819              	.LLST4:
 1820 0206 4C000000 		.4byte	.LVL5
 1821 020a 8C010000 		.4byte	.LVL29
 1822 020e 0100     		.2byte	0x1
 1823 0210 53       		.byte	0x53
ARM GAS  /tmp/ccARx6LG.s 			page 33


 1824 0211 96010000 		.4byte	.LVL30
 1825 0215 B6010000 		.4byte	.LVL38
 1826 0219 0100     		.2byte	0x1
 1827 021b 53       		.byte	0x53
 1828 021c BC010000 		.4byte	.LVL39
 1829 0220 28020000 		.4byte	.LVL43
 1830 0224 0100     		.2byte	0x1
 1831 0226 56       		.byte	0x56
 1832 0227 28020000 		.4byte	.LVL43
 1833 022b 3C020000 		.4byte	.LVL46
 1834 022f 0100     		.2byte	0x1
 1835 0231 53       		.byte	0x53
 1836 0232 3C020000 		.4byte	.LVL46
 1837 0236 86020000 		.4byte	.LVL55
 1838 023a 0100     		.2byte	0x1
 1839 023c 56       		.byte	0x56
 1840 023d A2020000 		.4byte	.LVL56
 1841 0241 AE020000 		.4byte	.LVL57
 1842 0245 0100     		.2byte	0x1
 1843 0247 56       		.byte	0x56
 1844 0248 AE020000 		.4byte	.LVL57
 1845 024c B2020000 		.4byte	.LVL58
 1846 0250 0300     		.2byte	0x3
 1847 0252 76       		.byte	0x76
 1848 0253 7F       		.sleb128 -1
 1849 0254 9F       		.byte	0x9f
 1850 0255 28030000 		.4byte	.LVL65
 1851 0259 96040000 		.4byte	.LVL124
 1852 025d 0100     		.2byte	0x1
 1853 025f 53       		.byte	0x53
 1854 0260 96040000 		.4byte	.LVL124
 1855 0264 9C040000 		.4byte	.LFE118
 1856 0268 0100     		.2byte	0x1
 1857 026a 56       		.byte	0x56
 1858 026b 00000000 		.4byte	0
 1859 026f 00000000 		.4byte	0
 1860              	.LLST5:
 1861 0273 38000000 		.4byte	.LVL2
 1862 0277 5C000000 		.4byte	.LVL7
 1863 027b 0100     		.2byte	0x1
 1864 027d 55       		.byte	0x55
 1865 027e 6C000000 		.4byte	.LVL9
 1866 0282 70000000 		.4byte	.LVL10
 1867 0286 0100     		.2byte	0x1
 1868 0288 56       		.byte	0x56
 1869 0289 70000000 		.4byte	.LVL10
 1870 028d 80000000 		.4byte	.LVL13
 1871 0291 0100     		.2byte	0x1
 1872 0293 57       		.byte	0x57
 1873 0294 80000000 		.4byte	.LVL13
 1874 0298 B4000000 		.4byte	.LVL17
 1875 029c 0100     		.2byte	0x1
 1876 029e 56       		.byte	0x56
 1877 029f BA000000 		.4byte	.LVL18
 1878 02a3 C0000000 		.4byte	.LVL20
 1879 02a7 0100     		.2byte	0x1
 1880 02a9 57       		.byte	0x57
ARM GAS  /tmp/ccARx6LG.s 			page 34


 1881 02aa C0000000 		.4byte	.LVL20
 1882 02ae 3E010000 		.4byte	.LVL22
 1883 02b2 0100     		.2byte	0x1
 1884 02b4 56       		.byte	0x56
 1885 02b5 3E010000 		.4byte	.LVL22
 1886 02b9 4A010000 		.4byte	.LVL25
 1887 02bd 0100     		.2byte	0x1
 1888 02bf 57       		.byte	0x57
 1889 02c0 4E010000 		.4byte	.LVL26
 1890 02c4 7A010000 		.4byte	.LVL27
 1891 02c8 0100     		.2byte	0x1
 1892 02ca 56       		.byte	0x56
 1893 02cb 8C010000 		.4byte	.LVL29
 1894 02cf 96010000 		.4byte	.LVL30
 1895 02d3 0100     		.2byte	0x1
 1896 02d5 55       		.byte	0x55
 1897 02d6 9E010000 		.4byte	.LVL32
 1898 02da A8010000 		.4byte	.LVL34
 1899 02de 0100     		.2byte	0x1
 1900 02e0 55       		.byte	0x55
 1901 02e1 AC010000 		.4byte	.LVL35
 1902 02e5 B2010000 		.4byte	.LVL37
 1903 02e9 0100     		.2byte	0x1
 1904 02eb 56       		.byte	0x56
 1905 02ec B2010000 		.4byte	.LVL37
 1906 02f0 D8010000 		.4byte	.LVL41
 1907 02f4 0400     		.2byte	0x4
 1908 02f6 7C       		.byte	0x7c
 1909 02f7 C400     		.sleb128 68
 1910 02f9 9F       		.byte	0x9f
 1911 02fa 28020000 		.4byte	.LVL43
 1912 02fe 30020000 		.4byte	.LVL44
 1913 0302 0100     		.2byte	0x1
 1914 0304 56       		.byte	0x56
 1915 0305 28030000 		.4byte	.LVL65
 1916 0309 2C030000 		.4byte	.LVL66
 1917 030d 0100     		.2byte	0x1
 1918 030f 56       		.byte	0x56
 1919 0310 A8030000 		.4byte	.LVL86
 1920 0314 AC030000 		.4byte	.LVL87
 1921 0318 0100     		.2byte	0x1
 1922 031a 56       		.byte	0x56
 1923 031b BA030000 		.4byte	.LVL90
 1924 031f C0030000 		.4byte	.LVL91
 1925 0323 0200     		.2byte	0x2
 1926 0325 38       		.byte	0x38
 1927 0326 9F       		.byte	0x9f
 1928 0327 C0030000 		.4byte	.LVL91
 1929 032b DA030000 		.4byte	.LVL96
 1930 032f 0400     		.2byte	0x4
 1931 0331 7C       		.byte	0x7c
 1932 0332 C400     		.sleb128 68
 1933 0334 9F       		.byte	0x9f
 1934 0335 50040000 		.4byte	.LVL110
 1935 0339 5A040000 		.4byte	.LVL112
 1936 033d 0100     		.2byte	0x1
 1937 033f 56       		.byte	0x56
ARM GAS  /tmp/ccARx6LG.s 			page 35


 1938 0340 7A040000 		.4byte	.LVL118
 1939 0344 98040000 		.4byte	.LVL125
 1940 0348 0400     		.2byte	0x4
 1941 034a 7C       		.byte	0x7c
 1942 034b C400     		.sleb128 68
 1943 034d 9F       		.byte	0x9f
 1944 034e 00000000 		.4byte	0
 1945 0352 00000000 		.4byte	0
 1946              	.LLST6:
 1947 0356 5A000000 		.4byte	.LVL6
 1948 035a 62000000 		.4byte	.LVL8
 1949 035e 0300     		.2byte	0x3
 1950 0360 08       		.byte	0x8
 1951 0361 20       		.byte	0x20
 1952 0362 9F       		.byte	0x9f
 1953 0363 62000000 		.4byte	.LVL8
 1954 0367 8C010000 		.4byte	.LVL29
 1955 036b 0100     		.2byte	0x1
 1956 036d 55       		.byte	0x55
 1957 036e 96010000 		.4byte	.LVL30
 1958 0372 9E010000 		.4byte	.LVL32
 1959 0376 0300     		.2byte	0x3
 1960 0378 08       		.byte	0x8
 1961 0379 30       		.byte	0x30
 1962 037a 9F       		.byte	0x9f
 1963 037b A8010000 		.4byte	.LVL34
 1964 037f AC010000 		.4byte	.LVL35
 1965 0383 0100     		.2byte	0x1
 1966 0385 55       		.byte	0x55
 1967 0386 AC010000 		.4byte	.LVL35
 1968 038a 3C020000 		.4byte	.LVL46
 1969 038e 0300     		.2byte	0x3
 1970 0390 08       		.byte	0x8
 1971 0391 20       		.byte	0x20
 1972 0392 9F       		.byte	0x9f
 1973 0393 3C020000 		.4byte	.LVL46
 1974 0397 96040000 		.4byte	.LVL124
 1975 039b 0100     		.2byte	0x1
 1976 039d 55       		.byte	0x55
 1977 039e 96040000 		.4byte	.LVL124
 1978 03a2 9C040000 		.4byte	.LFE118
 1979 03a6 0300     		.2byte	0x3
 1980 03a8 08       		.byte	0x8
 1981 03a9 20       		.byte	0x20
 1982 03aa 9F       		.byte	0x9f
 1983 03ab 00000000 		.4byte	0
 1984 03af 00000000 		.4byte	0
 1985              	.LLST7:
 1986 03b3 3C020000 		.4byte	.LVL46
 1987 03b7 86020000 		.4byte	.LVL55
 1988 03bb 0100     		.2byte	0x1
 1989 03bd 5C       		.byte	0x5c
 1990 03be A2020000 		.4byte	.LVL56
 1991 03c2 B2020000 		.4byte	.LVL58
 1992 03c6 0300     		.2byte	0x3
 1993 03c8 7C       		.byte	0x7c
 1994 03c9 7F       		.sleb128 -1
ARM GAS  /tmp/ccARx6LG.s 			page 36


 1995 03ca 9F       		.byte	0x9f
 1996 03cb 00000000 		.4byte	0
 1997 03cf 00000000 		.4byte	0
 1998              	.LLST8:
 1999 03d3 96000000 		.4byte	.LVL15
 2000 03d7 9C000000 		.4byte	.LVL16
 2001 03db 0200     		.2byte	0x2
 2002 03dd 30       		.byte	0x30
 2003 03de 9F       		.byte	0x9f
 2004 03df 9C000000 		.4byte	.LVL16
 2005 03e3 46010000 		.4byte	.LVL24
 2006 03e7 0100     		.2byte	0x1
 2007 03e9 58       		.byte	0x58
 2008 03ea 46010000 		.4byte	.LVL24
 2009 03ee 4A010000 		.4byte	.LVL25
 2010 03f2 0500     		.2byte	0x5
 2011 03f4 76       		.byte	0x76
 2012 03f5 00       		.sleb128 0
 2013 03f6 31       		.byte	0x31
 2014 03f7 24       		.byte	0x24
 2015 03f8 9F       		.byte	0x9f
 2016 03f9 4A010000 		.4byte	.LVL25
 2017 03fd 8C010000 		.4byte	.LVL29
 2018 0401 0100     		.2byte	0x1
 2019 0403 58       		.byte	0x58
 2020 0404 A8010000 		.4byte	.LVL34
 2021 0408 CA010000 		.4byte	.LVL40
 2022 040c 0100     		.2byte	0x1
 2023 040e 58       		.byte	0x58
 2024 040f 28020000 		.4byte	.LVL43
 2025 0413 3C020000 		.4byte	.LVL46
 2026 0417 0100     		.2byte	0x1
 2027 0419 58       		.byte	0x58
 2028 041a 28030000 		.4byte	.LVL65
 2029 041e 3C030000 		.4byte	.LVL70
 2030 0422 0100     		.2byte	0x1
 2031 0424 58       		.byte	0x58
 2032 0425 A8030000 		.4byte	.LVL86
 2033 0429 DC030000 		.4byte	.LVL97
 2034 042d 0100     		.2byte	0x1
 2035 042f 58       		.byte	0x58
 2036 0430 50040000 		.4byte	.LVL110
 2037 0434 5C040000 		.4byte	.LVL113
 2038 0438 0100     		.2byte	0x1
 2039 043a 58       		.byte	0x58
 2040 043b 7A040000 		.4byte	.LVL118
 2041 043f 96040000 		.4byte	.LVL124
 2042 0443 0100     		.2byte	0x1
 2043 0445 58       		.byte	0x58
 2044 0446 00000000 		.4byte	0
 2045 044a 00000000 		.4byte	0
 2046              	.LLST9:
 2047 044e 62000000 		.4byte	.LVL8
 2048 0452 6C000000 		.4byte	.LVL9
 2049 0456 0200     		.2byte	0x2
 2050 0458 30       		.byte	0x30
 2051 0459 9F       		.byte	0x9f
ARM GAS  /tmp/ccARx6LG.s 			page 37


 2052 045a 6C000000 		.4byte	.LVL9
 2053 045e 78000000 		.4byte	.LVL12
 2054 0462 0100     		.2byte	0x1
 2055 0464 54       		.byte	0x54
 2056 0465 80000000 		.4byte	.LVL13
 2057 0469 8C010000 		.4byte	.LVL29
 2058 046d 0100     		.2byte	0x1
 2059 046f 54       		.byte	0x54
 2060 0470 A8010000 		.4byte	.LVL34
 2061 0474 86020000 		.4byte	.LVL55
 2062 0478 0100     		.2byte	0x1
 2063 047a 54       		.byte	0x54
 2064 047b A2020000 		.4byte	.LVL56
 2065 047f B2020000 		.4byte	.LVL58
 2066 0483 0100     		.2byte	0x1
 2067 0485 54       		.byte	0x54
 2068 0486 EA020000 		.4byte	.LVL61
 2069 048a F0020000 		.4byte	.LVL62
 2070 048e 0100     		.2byte	0x1
 2071 0490 54       		.byte	0x54
 2072 0491 28030000 		.4byte	.LVL65
 2073 0495 9C040000 		.4byte	.LFE118
 2074 0499 0100     		.2byte	0x1
 2075 049b 54       		.byte	0x54
 2076 049c 00000000 		.4byte	0
 2077 04a0 00000000 		.4byte	0
 2078              	.LLST10:
 2079 04a4 B4000000 		.4byte	.LVL17
 2080 04a8 C0000000 		.4byte	.LVL20
 2081 04ac 0200     		.2byte	0x2
 2082 04ae 31       		.byte	0x31
 2083 04af 9F       		.byte	0x9f
 2084 04b0 C0000000 		.4byte	.LVL20
 2085 04b4 3A010000 		.4byte	.LVL21
 2086 04b8 0100     		.2byte	0x1
 2087 04ba 57       		.byte	0x57
 2088 04bb 8A010000 		.4byte	.LVL28
 2089 04bf 8C010000 		.4byte	.LVL29
 2090 04c3 0100     		.2byte	0x1
 2091 04c5 57       		.byte	0x57
 2092 04c6 A8010000 		.4byte	.LVL34
 2093 04ca AC010000 		.4byte	.LVL35
 2094 04ce 0200     		.2byte	0x2
 2095 04d0 31       		.byte	0x31
 2096 04d1 9F       		.byte	0x9f
 2097 04d2 AC010000 		.4byte	.LVL35
 2098 04d6 B0010000 		.4byte	.LVL36
 2099 04da 0100     		.2byte	0x1
 2100 04dc 57       		.byte	0x57
 2101 04dd 28020000 		.4byte	.LVL43
 2102 04e1 3C020000 		.4byte	.LVL46
 2103 04e5 0100     		.2byte	0x1
 2104 04e7 57       		.byte	0x57
 2105 04e8 28030000 		.4byte	.LVL65
 2106 04ec 34030000 		.4byte	.LVL67
 2107 04f0 0100     		.2byte	0x1
 2108 04f2 57       		.byte	0x57
ARM GAS  /tmp/ccARx6LG.s 			page 38


 2109 04f3 A8030000 		.4byte	.LVL86
 2110 04f7 B4030000 		.4byte	.LVL88
 2111 04fb 0100     		.2byte	0x1
 2112 04fd 57       		.byte	0x57
 2113 04fe BA030000 		.4byte	.LVL90
 2114 0502 C8030000 		.4byte	.LVL92
 2115 0506 0100     		.2byte	0x1
 2116 0508 57       		.byte	0x57
 2117 0509 50040000 		.4byte	.LVL110
 2118 050d 5C040000 		.4byte	.LVL113
 2119 0511 0100     		.2byte	0x1
 2120 0513 57       		.byte	0x57
 2121 0514 7A040000 		.4byte	.LVL118
 2122 0518 7C040000 		.4byte	.LVL119
 2123 051c 0100     		.2byte	0x1
 2124 051e 57       		.byte	0x57
 2125 051f 00000000 		.4byte	0
 2126 0523 00000000 		.4byte	0
 2127              	.LLST11:
 2128 0527 4C000000 		.4byte	.LVL5
 2129 052b 5A000000 		.4byte	.LVL6
 2130 052f 0200     		.2byte	0x2
 2131 0531 30       		.byte	0x30
 2132 0532 9F       		.byte	0x9f
 2133 0533 5A000000 		.4byte	.LVL6
 2134 0537 8C010000 		.4byte	.LVL29
 2135 053b 0100     		.2byte	0x1
 2136 053d 5B       		.byte	0x5b
 2137 053e 96010000 		.4byte	.LVL30
 2138 0542 9E010000 		.4byte	.LVL32
 2139 0546 0100     		.2byte	0x1
 2140 0548 5B       		.byte	0x5b
 2141 0549 9E010000 		.4byte	.LVL32
 2142 054d A0010000 		.4byte	.LVL33
 2143 0551 0200     		.2byte	0x2
 2144 0553 30       		.byte	0x30
 2145 0554 9F       		.byte	0x9f
 2146 0555 A0010000 		.4byte	.LVL33
 2147 0559 A8010000 		.4byte	.LVL34
 2148 055d 0200     		.2byte	0x2
 2149 055f 31       		.byte	0x31
 2150 0560 9F       		.byte	0x9f
 2151 0561 A8010000 		.4byte	.LVL34
 2152 0565 9C040000 		.4byte	.LFE118
 2153 0569 0100     		.2byte	0x1
 2154 056b 5B       		.byte	0x5b
 2155 056c 00000000 		.4byte	0
 2156 0570 00000000 		.4byte	0
 2157              	.LLST12:
 2158 0574 36030000 		.4byte	.LVL68
 2159 0578 38030000 		.4byte	.LVL69
 2160 057c 0200     		.2byte	0x2
 2161 057e 77       		.byte	0x77
 2162 057f 7C       		.sleb128 -4
 2163 0580 38030000 		.4byte	.LVL69
 2164 0584 3C030000 		.4byte	.LVL70
 2165 0588 0100     		.2byte	0x1
ARM GAS  /tmp/ccARx6LG.s 			page 39


 2166 058a 56       		.byte	0x56
 2167 058b B6030000 		.4byte	.LVL89
 2168 058f BA030000 		.4byte	.LVL90
 2169 0593 0200     		.2byte	0x2
 2170 0595 77       		.byte	0x77
 2171 0596 7C       		.sleb128 -4
 2172 0597 CA030000 		.4byte	.LVL93
 2173 059b D4030000 		.4byte	.LVL94
 2174 059f 0400     		.2byte	0x4
 2175 05a1 91       		.byte	0x91
 2176 05a2 B47F     		.sleb128 -76
 2177 05a4 06       		.byte	0x6
 2178 05a5 D4030000 		.4byte	.LVL94
 2179 05a9 DC030000 		.4byte	.LVL97
 2180 05ad 0100     		.2byte	0x1
 2181 05af 56       		.byte	0x56
 2182 05b0 7E040000 		.4byte	.LVL120
 2183 05b4 88040000 		.4byte	.LVL121
 2184 05b8 0400     		.2byte	0x4
 2185 05ba 91       		.byte	0x91
 2186 05bb B47F     		.sleb128 -76
 2187 05bd 06       		.byte	0x6
 2188 05be 88040000 		.4byte	.LVL121
 2189 05c2 96040000 		.4byte	.LVL124
 2190 05c6 0100     		.2byte	0x1
 2191 05c8 56       		.byte	0x56
 2192 05c9 00000000 		.4byte	0
 2193 05cd 00000000 		.4byte	0
 2194              	.LLST13:
 2195 05d1 D4030000 		.4byte	.LVL94
 2196 05d5 50040000 		.4byte	.LVL110
 2197 05d9 0200     		.2byte	0x2
 2198 05db 3A       		.byte	0x3a
 2199 05dc 9F       		.byte	0x9f
 2200 05dd 6C040000 		.4byte	.LVL115
 2201 05e1 7A040000 		.4byte	.LVL118
 2202 05e5 0200     		.2byte	0x2
 2203 05e7 3A       		.byte	0x3a
 2204 05e8 9F       		.byte	0x9f
 2205 05e9 00000000 		.4byte	0
 2206 05ed 00000000 		.4byte	0
 2207              	.LLST14:
 2208 05f1 D4030000 		.4byte	.LVL94
 2209 05f5 EE030000 		.4byte	.LVL99
 2210 05f9 0100     		.2byte	0x1
 2211 05fb 56       		.byte	0x56
 2212 05fc EE030000 		.4byte	.LVL99
 2213 0600 16040000 		.4byte	.LVL102
 2214 0604 0100     		.2byte	0x1
 2215 0606 51       		.byte	0x51
 2216 0607 00000000 		.4byte	0
 2217 060b 00000000 		.4byte	0
 2218              	.LLST15:
 2219 060f D4030000 		.4byte	.LVL94
 2220 0613 1E040000 		.4byte	.LVL104
 2221 0617 0100     		.2byte	0x1
 2222 0619 5A       		.byte	0x5a
ARM GAS  /tmp/ccARx6LG.s 			page 40


 2223 061a 1E040000 		.4byte	.LVL104
 2224 061e 22040000 		.4byte	.LVL105
 2225 0622 0100     		.2byte	0x1
 2226 0624 57       		.byte	0x57
 2227 0625 34040000 		.4byte	.LVL106
 2228 0629 42040000 		.4byte	.LVL108
 2229 062d 0100     		.2byte	0x1
 2230 062f 57       		.byte	0x57
 2231 0630 42040000 		.4byte	.LVL108
 2232 0634 4C040000 		.4byte	.LVL109
 2233 0638 0300     		.2byte	0x3
 2234 063a 71       		.byte	0x71
 2235 063b 7F       		.sleb128 -1
 2236 063c 9F       		.byte	0x9f
 2237 063d 6C040000 		.4byte	.LVL115
 2238 0641 6E040000 		.4byte	.LVL116
 2239 0645 0100     		.2byte	0x1
 2240 0647 57       		.byte	0x57
 2241 0648 6E040000 		.4byte	.LVL116
 2242 064c 74040000 		.4byte	.LVL117
 2243 0650 0100     		.2byte	0x1
 2244 0652 5A       		.byte	0x5a
 2245 0653 74040000 		.4byte	.LVL117
 2246 0657 7A040000 		.4byte	.LVL118
 2247 065b 0100     		.2byte	0x1
 2248 065d 57       		.byte	0x57
 2249 065e 00000000 		.4byte	0
 2250 0662 00000000 		.4byte	0
 2251              	.LLST16:
 2252 0666 EA030000 		.4byte	.LVL98
 2253 066a 08040000 		.4byte	.LVL100
 2254 066e 0300     		.2byte	0x3
 2255 0670 71       		.byte	0x71
 2256 0671 30       		.sleb128 48
 2257 0672 9F       		.byte	0x9f
 2258 0673 08040000 		.4byte	.LVL100
 2259 0677 0A040000 		.4byte	.LVL101
 2260 067b 0100     		.2byte	0x1
 2261 067d 59       		.byte	0x59
 2262 067e 0A040000 		.4byte	.LVL101
 2263 0682 1E040000 		.4byte	.LVL104
 2264 0686 0300     		.2byte	0x3
 2265 0688 91       		.byte	0x91
 2266 0689 A47F     		.sleb128 -92
 2267 068b 00000000 		.4byte	0
 2268 068f 00000000 		.4byte	0
 2269              	.LLST17:
 2270 0693 D8030000 		.4byte	.LVL95
 2271 0697 DC030000 		.4byte	.LVL97
 2272 069b 0100     		.2byte	0x1
 2273 069d 59       		.byte	0x59
 2274 069e EE030000 		.4byte	.LVL99
 2275 06a2 1E040000 		.4byte	.LVL104
 2276 06a6 0100     		.2byte	0x1
 2277 06a8 5C       		.byte	0x5c
 2278 06a9 00000000 		.4byte	0
 2279 06ad 00000000 		.4byte	0
ARM GAS  /tmp/ccARx6LG.s 			page 41


 2280              	.LLST18:
 2281 06b1 38030000 		.4byte	.LVL69
 2282 06b5 70030000 		.4byte	.LVL78
 2283 06b9 0100     		.2byte	0x1
 2284 06bb 59       		.byte	0x59
 2285 06bc 00000000 		.4byte	0
 2286 06c0 00000000 		.4byte	0
 2287              	.LLST19:
 2288 06c4 38030000 		.4byte	.LVL69
 2289 06c8 44030000 		.4byte	.LVL71
 2290 06cc 0100     		.2byte	0x1
 2291 06ce 56       		.byte	0x56
 2292 06cf 56030000 		.4byte	.LVL74
 2293 06d3 62030000 		.4byte	.LVL76
 2294 06d7 0100     		.2byte	0x1
 2295 06d9 5A       		.byte	0x5a
 2296 06da 62030000 		.4byte	.LVL76
 2297 06de 6C030000 		.4byte	.LVL77
 2298 06e2 0100     		.2byte	0x1
 2299 06e4 56       		.byte	0x56
 2300 06e5 00000000 		.4byte	0
 2301 06e9 00000000 		.4byte	0
 2302              	.LLST20:
 2303 06ed 38030000 		.4byte	.LVL69
 2304 06f1 80030000 		.4byte	.LVL81
 2305 06f5 0100     		.2byte	0x1
 2306 06f7 53       		.byte	0x53
 2307 06f8 80030000 		.4byte	.LVL81
 2308 06fc 84030000 		.4byte	.LVL82
 2309 0700 0100     		.2byte	0x1
 2310 0702 5C       		.byte	0x5c
 2311 0703 94030000 		.4byte	.LVL83
 2312 0707 A4030000 		.4byte	.LVL85
 2313 070b 0100     		.2byte	0x1
 2314 070d 5C       		.byte	0x5c
 2315 070e 5C040000 		.4byte	.LVL113
 2316 0712 64040000 		.4byte	.LVL114
 2317 0716 0100     		.2byte	0x1
 2318 0718 53       		.byte	0x53
 2319 0719 64040000 		.4byte	.LVL114
 2320 071d 6C040000 		.4byte	.LVL115
 2321 0721 0300     		.2byte	0x3
 2322 0723 91       		.byte	0x91
 2323 0724 947F     		.sleb128 -108
 2324 0726 00000000 		.4byte	0
 2325 072a 00000000 		.4byte	0
 2326              	.LLST21:
 2327 072e 44030000 		.4byte	.LVL71
 2328 0732 48030000 		.4byte	.LVL72
 2329 0736 0100     		.2byte	0x1
 2330 0738 56       		.byte	0x56
 2331 0739 48030000 		.4byte	.LVL72
 2332 073d 78030000 		.4byte	.LVL79
 2333 0741 0100     		.2byte	0x1
 2334 0743 58       		.byte	0x58
 2335 0744 78030000 		.4byte	.LVL79
 2336 0748 7A030000 		.4byte	.LVL80
ARM GAS  /tmp/ccARx6LG.s 			page 42


 2337 074c 0100     		.2byte	0x1
 2338 074e 5C       		.byte	0x5c
 2339 074f 7A030000 		.4byte	.LVL80
 2340 0753 80030000 		.4byte	.LVL81
 2341 0757 0300     		.2byte	0x3
 2342 0759 91       		.byte	0x91
 2343 075a 987F     		.sleb128 -104
 2344 075c 00000000 		.4byte	0
 2345 0760 00000000 		.4byte	0
 2346              	.LLST22:
 2347 0764 38030000 		.4byte	.LVL69
 2348 0768 3C030000 		.4byte	.LVL70
 2349 076c 0200     		.2byte	0x2
 2350 076e 7D       		.byte	0x7d
 2351 076f 00       		.sleb128 0
 2352 0770 56030000 		.4byte	.LVL74
 2353 0774 5A030000 		.4byte	.LVL75
 2354 0778 0100     		.2byte	0x1
 2355 077a 5C       		.byte	0x5c
 2356 077b 5A030000 		.4byte	.LVL75
 2357 077f 80030000 		.4byte	.LVL81
 2358 0783 0100     		.2byte	0x1
 2359 0785 57       		.byte	0x57
 2360 0786 00000000 		.4byte	0
 2361 078a 00000000 		.4byte	0
 2362              		.section	.debug_aranges,"",%progbits
 2363 0000 1C000000 		.4byte	0x1c
 2364 0004 0200     		.2byte	0x2
 2365 0006 00000000 		.4byte	.Ldebug_info0
 2366 000a 04       		.byte	0x4
 2367 000b 00       		.byte	0
 2368 000c 0000     		.2byte	0
 2369 000e 0000     		.2byte	0
 2370 0010 00000000 		.4byte	.LFB118
 2371 0014 9C040000 		.4byte	.LFE118-.LFB118
 2372 0018 00000000 		.4byte	0
 2373 001c 00000000 		.4byte	0
 2374              		.section	.debug_ranges,"",%progbits
 2375              	.Ldebug_ranges0:
 2376 0000 1C000000 		.4byte	.LBB6
 2377 0004 20000000 		.4byte	.LBE6
 2378 0008 30000000 		.4byte	.LBB19
 2379 000c 34000000 		.4byte	.LBE19
 2380 0010 D4030000 		.4byte	.LBB22
 2381 0014 16040000 		.4byte	.LBE22
 2382 0018 1E040000 		.4byte	.LBB23
 2383 001c 4C040000 		.4byte	.LBE23
 2384 0020 6C040000 		.4byte	.LBB25
 2385 0024 7A040000 		.4byte	.LBE25
 2386 0028 00000000 		.4byte	0
 2387 002c 00000000 		.4byte	0
 2388 0030 1C000000 		.4byte	.LBB7
 2389 0034 20000000 		.4byte	.LBE7
 2390 0038 30000000 		.4byte	.LBB8
 2391 003c 34000000 		.4byte	.LBE8
 2392 0040 D4030000 		.4byte	.LBB9
 2393 0044 16040000 		.4byte	.LBE9
ARM GAS  /tmp/ccARx6LG.s 			page 43


 2394 0048 1E040000 		.4byte	.LBB10
 2395 004c 4C040000 		.4byte	.LBE10
 2396 0050 6C040000 		.4byte	.LBB11
 2397 0054 7A040000 		.4byte	.LBE11
 2398 0058 00000000 		.4byte	0
 2399 005c 00000000 		.4byte	0
 2400 0060 22000000 		.4byte	.LBB12
 2401 0064 26000000 		.4byte	.LBE12
 2402 0068 2E000000 		.4byte	.LBB18
 2403 006c 30000000 		.4byte	.LBE18
 2404 0070 3C030000 		.4byte	.LBB20
 2405 0074 78030000 		.4byte	.LBE20
 2406 0078 80030000 		.4byte	.LBB21
 2407 007c A4030000 		.4byte	.LBE21
 2408 0080 5C040000 		.4byte	.LBB24
 2409 0084 6C040000 		.4byte	.LBE24
 2410 0088 00000000 		.4byte	0
 2411 008c 00000000 		.4byte	0
 2412 0090 22000000 		.4byte	.LBB13
 2413 0094 26000000 		.4byte	.LBE13
 2414 0098 2E000000 		.4byte	.LBB14
 2415 009c 30000000 		.4byte	.LBE14
 2416 00a0 3C030000 		.4byte	.LBB15
 2417 00a4 78030000 		.4byte	.LBE15
 2418 00a8 80030000 		.4byte	.LBB16
 2419 00ac A4030000 		.4byte	.LBE16
 2420 00b0 5C040000 		.4byte	.LBB17
 2421 00b4 6C040000 		.4byte	.LBE17
 2422 00b8 00000000 		.4byte	0
 2423 00bc 00000000 		.4byte	0
 2424 00c0 00000000 		.4byte	.LFB118
 2425 00c4 9C040000 		.4byte	.LFE118
 2426 00c8 00000000 		.4byte	0
 2427 00cc 00000000 		.4byte	0
 2428              		.section	.debug_line,"",%progbits
 2429              	.Ldebug_line0:
 2430 0000 FD020000 		.section	.debug_str,"MS",%progbits,1
 2430      02005A01 
 2430      00000201 
 2430      FB0E0D00 
 2430      01010101 
 2431              	.LASF20:
 2432 0000 69735F6C 		.ascii	"is_long\000"
 2432      6F6E6700 
 2433              	.LASF15:
 2434 0008 72616469 		.ascii	"radix\000"
 2434      7800
 2435              	.LASF13:
 2436 000e 626F6F6C 		.ascii	"bool_t\000"
 2436      5F7400
 2437              	.LASF28:
 2438 0015 63687370 		.ascii	"chsprintf\000"
 2438      72696E74 
 2438      6600
 2439              	.LASF0:
 2440 001f 5F5F676E 		.ascii	"__gnuc_va_list\000"
 2440      75635F76 
ARM GAS  /tmp/ccARx6LG.s 			page 44


 2440      615F6C69 
 2440      737400
 2441              	.LASF18:
 2442 002e 70726563 		.ascii	"precision\000"
 2442      6973696F 
 2442      6E00
 2443              	.LASF5:
 2444 0038 756E7369 		.ascii	"unsigned char\000"
 2444      676E6564 
 2444      20636861 
 2444      7200
 2445              	.LASF10:
 2446 0046 6C6F6E67 		.ascii	"long unsigned int\000"
 2446      20756E73 
 2446      69676E65 
 2446      6420696E 
 2446      7400
 2447              	.LASF7:
 2448 0058 73686F72 		.ascii	"short unsigned int\000"
 2448      7420756E 
 2448      7369676E 
 2448      65642069 
 2448      6E7400
 2449              	.LASF1:
 2450 006b 76615F6C 		.ascii	"va_list\000"
 2450      69737400 
 2451              	.LASF19:
 2452 0073 77696474 		.ascii	"width\000"
 2452      6800
 2453              	.LASF24:
 2454 0079 2F686F6D 		.ascii	"/home/mikel/workspace/ros/PacBot/PacBot/FirmwareWit"
 2454      652F6D69 
 2454      6B656C2F 
 2454      776F726B 
 2454      73706163 
 2455 00ac 68495200 		.ascii	"hIR\000"
 2456              	.LASF17:
 2457 00b0 66696C6C 		.ascii	"filler\000"
 2457      657200
 2458              	.LASF2:
 2459 00b7 756E7369 		.ascii	"unsigned int\000"
 2459      676E6564 
 2459      20696E74 
 2459      00
 2460              	.LASF14:
 2461 00c4 63686172 		.ascii	"char\000"
 2461      00
 2462              	.LASF4:
 2463 00c9 75696E74 		.ascii	"uint8_t\000"
 2463      385F7400 
 2464              	.LASF26:
 2465 00d1 5F5F6170 		.ascii	"__ap\000"
 2465      00
 2466              	.LASF30:
 2467 00d6 49544D5F 		.ascii	"ITM_RxBuffer\000"
 2467      52784275 
 2467      66666572 
ARM GAS  /tmp/ccARx6LG.s 			page 45


 2467      00
 2468              	.LASF8:
 2469 00e3 696E7433 		.ascii	"int32_t\000"
 2469      325F7400 
 2470              	.LASF16:
 2471 00eb 746D7062 		.ascii	"tmpbuf\000"
 2471      756600
 2472              	.LASF25:
 2473 00f2 5F5F7661 		.ascii	"__va_list\000"
 2473      5F6C6973 
 2473      7400
 2474              	.LASF11:
 2475 00fc 6C6F6E67 		.ascii	"long long int\000"
 2475      206C6F6E 
 2475      6720696E 
 2475      7400
 2476              	.LASF23:
 2477 010a 2E2F7372 		.ascii	"./src/chsprintf.c\000"
 2477      632F6368 
 2477      73707269 
 2477      6E74662E 
 2477      6300
 2478              	.LASF21:
 2479 011c 6C656674 		.ascii	"left_align\000"
 2479      5F616C69 
 2479      676E00
 2480              	.LASF22:
 2481 0127 474E5520 		.ascii	"GNU C 4.6.3\000"
 2481      4320342E 
 2481      362E3300 
 2482              	.LASF6:
 2483 0133 73686F72 		.ascii	"short int\000"
 2483      7420696E 
 2483      7400
 2484              	.LASF29:
 2485 013d 756E7369 		.ascii	"unsigned_common\000"
 2485      676E6564 
 2485      5F636F6D 
 2485      6D6F6E00 
 2486              	.LASF9:
 2487 014d 6C6F6E67 		.ascii	"long int\000"
 2487      20696E74 
 2487      00
 2488              	.LASF3:
 2489 0156 7369676E 		.ascii	"signed char\000"
 2489      65642063 
 2489      68617200 
 2490              	.LASF27:
 2491 0162 6C746F61 		.ascii	"ltoa\000"
 2491      00
 2492              	.LASF12:
 2493 0167 6C6F6E67 		.ascii	"long long unsigned int\000"
 2493      206C6F6E 
 2493      6720756E 
 2493      7369676E 
 2493      65642069 
 2494              		.ident	"GCC: (Sourcery CodeBench Lite 2012.03-56) 4.6.3"
ARM GAS  /tmp/ccARx6LG.s 			page 46


ARM GAS  /tmp/ccARx6LG.s 			page 47


DEFINED SYMBOLS
                            *ABS*:00000000 chsprintf.c
     /tmp/ccARx6LG.s:21     .text.chsprintf:00000000 $t
     /tmp/ccARx6LG.s:27     .text.chsprintf:00000000 chsprintf
     /tmp/ccARx6LG.s:910    .rodata.str1.4:00000000 .LC0
     /tmp/ccARx6LG.s:215    .text.chsprintf:000000d0 $d
     /tmp/ccARx6LG.s:271    .text.chsprintf:0000013a $t
     /tmp/ccARx6LG.s:909    .rodata.str1.4:00000000 $d
                     .debug_frame:00000010 $d

NO UNDEFINED SYMBOLS
