ARM GAS  /tmp/cc6vCl3j.s 			page 1


   1              		.syntax unified
   2              		.cpu cortex-m4
   3              		.eabi_attribute 27, 3
   4              		.eabi_attribute 28, 1
   5              		.fpu fpv4-sp-d16
   6              		.eabi_attribute 20, 1
   7              		.eabi_attribute 21, 1
   8              		.eabi_attribute 23, 3
   9              		.eabi_attribute 24, 1
  10              		.eabi_attribute 25, 1
  11              		.eabi_attribute 26, 1
  12              		.eabi_attribute 30, 2
  13              		.eabi_attribute 34, 1
  14              		.eabi_attribute 18, 4
  15              		.thumb
  16              		.file	"chsys.c"
  17              		.text
  18              	.Ltext0:
  19              		.cfi_sections	.debug_frame
  20              		.section	.text._idle_thread,"ax",%progbits
  21              		.align	2
  22              		.p2align 4,,15
  23              		.global	_idle_thread
  24              		.thumb
  25              		.thumb_func
  26              		.type	_idle_thread, %function
  27              	_idle_thread:
  28              	.LFB7:
  29              		.file 1 "/opt/ChibiOS/ChibiOS_2.4.4/os/kernel/src/chsys.c"
  30              		.loc 1 61 0
  31              		.cfi_startproc
  32              		@ args = 0, pretend = 0, frame = 0
  33              		@ frame_needed = 0, uses_anonymous_args = 0
  34              		@ link register save eliminated.
  35              	.LVL0:
  36              		.loc 1 64 0
  37 0000 40F20000 		movw	r0, #:lower16:rlist
  38              	.LVL1:
  39 0004 C0F20000 		movt	r0, #:upper16:rlist
  40 0008 40F20003 		movw	r3, #:lower16:.LC0
  41 000c C269     		ldr	r2, [r0, #28]
  42 000e C0F20003 		movt	r3, #:upper16:.LC0
  43 0012 9361     		str	r3, [r2, #24]
  44              	.L2:
  45 0014 FEE7     		b	.L2
  46              		.cfi_endproc
  47              	.LFE7:
  48              		.size	_idle_thread, .-_idle_thread
  49 0016 00BFAFF3 		.section	.text.chSysInit,"ax",%progbits
  49      0080AFF3 
  49      0080
  50              		.align	2
  51              		.p2align 4,,15
  52              		.global	chSysInit
  53              		.thumb
  54              		.thumb_func
  55              		.type	chSysInit, %function
ARM GAS  /tmp/cc6vCl3j.s 			page 2


  56              	chSysInit:
  57              	.LFB8:
  58              		.loc 1 84 0
  59              		.cfi_startproc
  60              		@ args = 0, pretend = 0, frame = 0
  61              		@ frame_needed = 0, uses_anonymous_args = 0
  62 0000 30B5     		push	{r4, r5, lr}
  63              	.LCFI0:
  64              		.cfi_def_cfa_offset 12
  65              		.cfi_offset 14, -4
  66              		.cfi_offset 5, -8
  67              		.cfi_offset 4, -12
  68 0002 83B0     		sub	sp, sp, #12
  69              	.LCFI1:
  70              		.cfi_def_cfa_offset 24
  71              		.loc 1 90 0
  72 0004 FFF7FEFF 		bl	_port_init
  73              		.loc 1 91 0
  74 0008 FFF7FEFF 		bl	_scheduler_init
  75              		.loc 1 92 0
  76 000c FFF7FEFF 		bl	_vt_init
  77              		.loc 1 94 0
  78 0010 FFF7FEFF 		bl	_core_init
  79              		.loc 1 97 0
  80 0014 FFF7FEFF 		bl	_heap_init
  81              		.loc 1 104 0
  82 0018 40F20000 		movw	r0, #:lower16:.LANCHOR0
  83 001c 4021     		movs	r1, #64
  84 001e C0F20000 		movt	r0, #:upper16:.LANCHOR0
  85 0022 FFF7FEFF 		bl	_thread_init
  86 0026 40F20004 		movw	r4, #:lower16:rlist
  87 002a C0F20004 		movt	r4, #:upper16:rlist
  88              		.loc 1 105 0
  89 002e 0122     		movs	r2, #1
  90              		.loc 1 104 0
  91 0030 E061     		str	r0, [r4, #28]
  92              		.loc 1 105 0
  93 0032 0277     		strb	r2, [r0, #28]
  94              	.LBB2:
  95              		.loc 1 111 0
  96 0034 0023     		movs	r3, #0
  97              	.LVL2:
  98              	@ 111 "/opt/ChibiOS/ChibiOS_2.4.4/os/kernel/src/chsys.c" 1
  99 0036 83F31188 		msr     BASEPRI, r3                    
 100 003a 62B6     		cpsie   i
 101              	@ 0 "" 2
 102              	.LVL3:
 103              		.thumb
 104              	.LBE2:
 105              		.loc 1 115 0
 106 003c 40F20001 		movw	r1, #:lower16:ch_debug
 107 0040 E569     		ldr	r5, [r4, #28]
 108 0042 C0F20001 		movt	r1, #:upper16:ch_debug
 109              		.loc 1 121 0
 110 0046 1C46     		mov	r4, r3
 111 0048 40F20000 		movw	r0, #:lower16:.LANCHOR1
 112 004c 40F20003 		movw	r3, #:lower16:_idle_thread
ARM GAS  /tmp/cc6vCl3j.s 			page 3


 113              	.LVL4:
 114              		.loc 1 115 0
 115 0050 A961     		str	r1, [r5, #24]
 116              		.loc 1 121 0
 117 0052 C0F20003 		movt	r3, #:upper16:_idle_thread
 118 0056 C021     		movs	r1, #192
 119 0058 C0F20000 		movt	r0, #:upper16:.LANCHOR1
 120 005c 0094     		str	r4, [sp, #0]
 121              	.LVL5:
 122 005e FFF7FEFF 		bl	chThdCreateStatic
 123              		.loc 1 124 0
 124 0062 03B0     		add	sp, sp, #12
 125 0064 30BD     		pop	{r4, r5, pc}
 126              		.cfi_endproc
 127              	.LFE8:
 128              		.size	chSysInit, .-chSysInit
 129 0066 00BFAFF3 		.section	.text.chSysTimerHandlerI,"ax",%progbits
 129      0080AFF3 
 129      0080
 130              		.align	2
 131              		.p2align 4,,15
 132              		.global	chSysTimerHandlerI
 133              		.thumb
 134              		.thumb_func
 135              		.type	chSysTimerHandlerI, %function
 136              	chSysTimerHandlerI:
 137              	.LFB9:
 138              		.loc 1 137 0
 139              		.cfi_startproc
 140              		@ args = 0, pretend = 0, frame = 0
 141              		@ frame_needed = 0, uses_anonymous_args = 0
 142 0000 38B5     		push	{r3, r4, r5, lr}
 143              	.LCFI2:
 144              		.cfi_def_cfa_offset 16
 145              		.cfi_offset 14, -4
 146              		.cfi_offset 5, -8
 147              		.cfi_offset 4, -12
 148              		.cfi_offset 3, -16
 149              		.loc 1 143 0
 150 0002 40F20003 		movw	r3, #:lower16:rlist
 151 0006 C0F20003 		movt	r3, #:upper16:rlist
 152 000a 9A69     		ldr	r2, [r3, #24]
 153 000c 002A     		cmp	r2, #0
 154 000e 01DD     		ble	.L6
 155              		.loc 1 145 0
 156 0010 013A     		subs	r2, r2, #1
 157 0012 9A61     		str	r2, [r3, #24]
 158              	.L6:
 159              		.loc 1 148 0
 160 0014 DB69     		ldr	r3, [r3, #28]
 161 0016 186A     		ldr	r0, [r3, #32]
 162              		.loc 1 150 0
 163 0018 40F20004 		movw	r4, #:lower16:vtlist
 164 001c C0F20004 		movt	r4, #:upper16:vtlist
 165              		.loc 1 148 0
 166 0020 421C     		adds	r2, r0, #1
 167 0022 1A62     		str	r2, [r3, #32]
ARM GAS  /tmp/cc6vCl3j.s 			page 4


 168              		.loc 1 150 0
 169 0024 E168     		ldr	r1, [r4, #12]
 170 0026 2368     		ldr	r3, [r4, #0]
 171 0028 481C     		adds	r0, r1, #1
 172 002a A342     		cmp	r3, r4
 173 002c E060     		str	r0, [r4, #12]
 174 002e 0ED0     		beq	.L5
 175              	.LBB3:
 176              		.loc 1 150 0 is_stmt 0 discriminator 1
 177 0030 9D68     		ldr	r5, [r3, #8]
 178 0032 013D     		subs	r5, r5, #1
 179 0034 9D60     		str	r5, [r3, #8]
 180              	.LVL6:
 181 0036 55B9     		cbnz	r5, .L5
 182              	.LVL7:
 183              	.L9:
 184              	.LBB4:
 185              		.loc 1 150 0 discriminator 3
 186 0038 1968     		ldr	r1, [r3, #0]
 187 003a DA68     		ldr	r2, [r3, #12]
 188              	.LVL8:
 189 003c 1869     		ldr	r0, [r3, #16]
 190 003e DD60     		str	r5, [r3, #12]
 191 0040 4C60     		str	r4, [r1, #4]
 192 0042 2160     		str	r1, [r4, #0]
 193 0044 9047     		blx	r2
 194              	.LVL9:
 195              	.LBE4:
 196 0046 2368     		ldr	r3, [r4, #0]
 197              	.LVL10:
 198 0048 9968     		ldr	r1, [r3, #8]
 199 004a 0029     		cmp	r1, #0
 200 004c F4D0     		beq	.L9
 201              	.LVL11:
 202              	.L5:
 203 004e 38BD     		pop	{r3, r4, r5, pc}
 204              	.LBE3:
 205              		.cfi_endproc
 206              	.LFE9:
 207              		.size	chSysTimerHandlerI, .-chSysTimerHandlerI
 208              		.global	_idle_thread_wa
 209              		.section	.rodata.str1.4,"aMS",%progbits,1
 210              		.align	2
 211              	.LC0:
 212 0000 69646C65 		.ascii	"idle\000"
 212      00
 213 0005 000000   		.section	.bss.mainthread.4693,"aw",%nobits
 214              		.align	2
 215              		.set	.LANCHOR0,. + 0
 216              		.type	mainthread.4693, %object
 217              		.size	mainthread.4693, 72
 218              	mainthread.4693:
 219 0000 00000000 		.space	72
 219      00000000 
 219      00000000 
 219      00000000 
 219      00000000 
ARM GAS  /tmp/cc6vCl3j.s 			page 5


 220              		.section	.bss._idle_thread_wa,"aw",%nobits
 221              		.align	3
 222              		.set	.LANCHOR1,. + 0
 223              		.type	_idle_thread_wa, %object
 224              		.size	_idle_thread_wa, 192
 225              	_idle_thread_wa:
 226 0000 00000000 		.space	192
 226      00000000 
 226      00000000 
 226      00000000 
 226      00000000 
 227              		.text
 228              	.Letext0:
 229              		.file 2 "/opt/arm/bin/../lib/gcc/arm-none-eabi/4.6.3/../../../../arm-none-eabi/include/stdint.h"
 230              		.file 3 "/opt/ChibiOS/ChibiOS_2.4.4/os/ports/GCC/ARMCMx/chtypes.h"
 231              		.file 4 "/opt/ChibiOS/ChibiOS_2.4.4/os/kernel/include/chlists.h"
 232              		.file 5 "/opt/ChibiOS/ChibiOS_2.4.4/os/kernel/include/chthreads.h"
 233              		.file 6 "/opt/ChibiOS/ChibiOS_2.4.4/os/ports/GCC/ARMCMx/chcore_v7m.h"
 234              		.file 7 "/opt/ChibiOS/ChibiOS_2.4.4/os/kernel/include/chvt.h"
 235              		.file 8 "/opt/ChibiOS/ChibiOS_2.4.4/os/kernel/include/chschd.h"
 236              		.file 9 "/opt/ChibiOS/ChibiOS_2.4.4/os/kernel/include/chmtx.h"
 237              		.file 10 "/opt/ChibiOS/ChibiOS_2.4.4/os/kernel/include/chregistry.h"
 238              		.section	.debug_info,"",%progbits
 239              	.Ldebug_info0:
 240 0000 5A070000 		.4byte	0x75a
 241 0004 0200     		.2byte	0x2
 242 0006 00000000 		.4byte	.Ldebug_abbrev0
 243 000a 04       		.byte	0x4
 244 000b 01       		.uleb128 0x1
 245 000c 53030000 		.4byte	.LASF101
 246 0010 01       		.byte	0x1
 247 0011 62010000 		.4byte	.LASF102
 248 0015 00000000 		.4byte	0
 249 0019 00000000 		.4byte	0
 250 001d 00000000 		.4byte	.Ldebug_ranges0+0
 251 0021 00000000 		.4byte	.Ldebug_line0
 252 0025 02       		.uleb128 0x2
 253 0026 04       		.byte	0x4
 254 0027 05       		.byte	0x5
 255 0028 696E7400 		.ascii	"int\000"
 256 002c 03       		.uleb128 0x3
 257 002d 04       		.byte	0x4
 258 002e 07       		.byte	0x7
 259 002f 4D010000 		.4byte	.LASF0
 260 0033 03       		.uleb128 0x3
 261 0034 01       		.byte	0x1
 262 0035 06       		.byte	0x6
 263 0036 A0000000 		.4byte	.LASF1
 264 003a 04       		.uleb128 0x4
 265 003b CB030000 		.4byte	.LASF4
 266 003f 02       		.byte	0x2
 267 0040 2A       		.byte	0x2a
 268 0041 45000000 		.4byte	0x45
 269 0045 03       		.uleb128 0x3
 270 0046 01       		.byte	0x1
 271 0047 08       		.byte	0x8
 272 0048 A8020000 		.4byte	.LASF2
ARM GAS  /tmp/cc6vCl3j.s 			page 6


 273 004c 03       		.uleb128 0x3
 274 004d 02       		.byte	0x2
 275 004e 05       		.byte	0x5
 276 004f C0020000 		.4byte	.LASF3
 277 0053 04       		.uleb128 0x4
 278 0054 F9000000 		.4byte	.LASF5
 279 0058 02       		.byte	0x2
 280 0059 36       		.byte	0x36
 281 005a 5E000000 		.4byte	0x5e
 282 005e 03       		.uleb128 0x3
 283 005f 02       		.byte	0x2
 284 0060 07       		.byte	0x7
 285 0061 B6010000 		.4byte	.LASF6
 286 0065 04       		.uleb128 0x4
 287 0066 A0020000 		.4byte	.LASF7
 288 006a 02       		.byte	0x2
 289 006b 4F       		.byte	0x4f
 290 006c 70000000 		.4byte	0x70
 291 0070 03       		.uleb128 0x3
 292 0071 04       		.byte	0x4
 293 0072 05       		.byte	0x5
 294 0073 E7000000 		.4byte	.LASF8
 295 0077 04       		.uleb128 0x4
 296 0078 29030000 		.4byte	.LASF9
 297 007c 02       		.byte	0x2
 298 007d 50       		.byte	0x50
 299 007e 82000000 		.4byte	0x82
 300 0082 03       		.uleb128 0x3
 301 0083 04       		.byte	0x4
 302 0084 07       		.byte	0x7
 303 0085 93010000 		.4byte	.LASF10
 304 0089 03       		.uleb128 0x3
 305 008a 08       		.byte	0x8
 306 008b 05       		.byte	0x5
 307 008c 92000000 		.4byte	.LASF11
 308 0090 04       		.uleb128 0x4
 309 0091 22000000 		.4byte	.LASF12
 310 0095 02       		.byte	0x2
 311 0096 78       		.byte	0x78
 312 0097 9B000000 		.4byte	0x9b
 313 009b 03       		.uleb128 0x3
 314 009c 08       		.byte	0x8
 315 009d 07       		.byte	0x7
 316 009e 45000000 		.4byte	.LASF13
 317 00a2 04       		.uleb128 0x4
 318 00a3 CF010000 		.4byte	.LASF14
 319 00a7 03       		.byte	0x3
 320 00a8 2F       		.byte	0x2f
 321 00a9 3A000000 		.4byte	0x3a
 322 00ad 04       		.uleb128 0x4
 323 00ae F0000000 		.4byte	.LASF15
 324 00b2 03       		.byte	0x3
 325 00b3 30       		.byte	0x30
 326 00b4 3A000000 		.4byte	0x3a
 327 00b8 04       		.uleb128 0x4
 328 00b9 7E020000 		.4byte	.LASF16
 329 00bd 03       		.byte	0x3
ARM GAS  /tmp/cc6vCl3j.s 			page 7


 330 00be 31       		.byte	0x31
 331 00bf 3A000000 		.4byte	0x3a
 332 00c3 04       		.uleb128 0x4
 333 00c4 98020000 		.4byte	.LASF17
 334 00c8 03       		.byte	0x3
 335 00c9 32       		.byte	0x32
 336 00ca 77000000 		.4byte	0x77
 337 00ce 04       		.uleb128 0x4
 338 00cf C9010000 		.4byte	.LASF18
 339 00d3 03       		.byte	0x3
 340 00d4 33       		.byte	0x33
 341 00d5 65000000 		.4byte	0x65
 342 00d9 04       		.uleb128 0x4
 343 00da E3010000 		.4byte	.LASF19
 344 00de 03       		.byte	0x3
 345 00df 35       		.byte	0x35
 346 00e0 77000000 		.4byte	0x77
 347 00e4 04       		.uleb128 0x4
 348 00e5 6B030000 		.4byte	.LASF20
 349 00e9 03       		.byte	0x3
 350 00ea 36       		.byte	0x36
 351 00eb 77000000 		.4byte	0x77
 352 00ef 04       		.uleb128 0x4
 353 00f0 47010000 		.4byte	.LASF21
 354 00f4 03       		.byte	0x3
 355 00f5 37       		.byte	0x37
 356 00f6 65000000 		.4byte	0x65
 357 00fa 04       		.uleb128 0x4
 358 00fb 0A030000 		.4byte	.LASF22
 359 00ff 04       		.byte	0x4
 360 0100 2A       		.byte	0x2a
 361 0101 05010000 		.4byte	0x105
 362 0105 05       		.uleb128 0x5
 363 0106 0A030000 		.4byte	.LASF22
 364 010a 48       		.byte	0x48
 365 010b 05       		.byte	0x5
 366 010c 5E       		.byte	0x5e
 367 010d 1C020000 		.4byte	0x21c
 368 0111 06       		.uleb128 0x6
 369 0112 EC020000 		.4byte	.LASF23
 370 0116 05       		.byte	0x5
 371 0117 5F       		.byte	0x5f
 372 0118 41020000 		.4byte	0x241
 373 011c 02       		.byte	0x2
 374 011d 23       		.byte	0x23
 375 011e 00       		.uleb128 0
 376 011f 06       		.uleb128 0x6
 377 0120 91020000 		.4byte	.LASF24
 378 0124 05       		.byte	0x5
 379 0125 61       		.byte	0x61
 380 0126 41020000 		.4byte	0x241
 381 012a 02       		.byte	0x2
 382 012b 23       		.byte	0x23
 383 012c 04       		.uleb128 0x4
 384 012d 06       		.uleb128 0x6
 385 012e 7E000000 		.4byte	.LASF25
 386 0132 05       		.byte	0x5
ARM GAS  /tmp/cc6vCl3j.s 			page 8


 387 0133 63       		.byte	0x63
 388 0134 C3000000 		.4byte	0xc3
 389 0138 02       		.byte	0x2
 390 0139 23       		.byte	0x23
 391 013a 08       		.uleb128 0x8
 392 013b 06       		.uleb128 0x6
 393 013c 10040000 		.4byte	.LASF26
 394 0140 05       		.byte	0x5
 395 0141 64       		.byte	0x64
 396 0142 19030000 		.4byte	0x319
 397 0146 02       		.byte	0x2
 398 0147 23       		.byte	0x23
 399 0148 0C       		.uleb128 0xc
 400 0149 06       		.uleb128 0x6
 401 014a 0C010000 		.4byte	.LASF27
 402 014e 05       		.byte	0x5
 403 014f 66       		.byte	0x66
 404 0150 41020000 		.4byte	0x241
 405 0154 02       		.byte	0x2
 406 0155 23       		.byte	0x23
 407 0156 10       		.uleb128 0x10
 408 0157 06       		.uleb128 0x6
 409 0158 3C020000 		.4byte	.LASF28
 410 015c 05       		.byte	0x5
 411 015d 67       		.byte	0x67
 412 015e 41020000 		.4byte	0x241
 413 0162 02       		.byte	0x2
 414 0163 23       		.byte	0x23
 415 0164 14       		.uleb128 0x14
 416 0165 06       		.uleb128 0x6
 417 0166 DA030000 		.4byte	.LASF29
 418 016a 05       		.byte	0x5
 419 016b 6E       		.byte	0x6e
 420 016c 01050000 		.4byte	0x501
 421 0170 02       		.byte	0x2
 422 0171 23       		.byte	0x23
 423 0172 18       		.uleb128 0x18
 424 0173 06       		.uleb128 0x6
 425 0174 CA020000 		.4byte	.LASF30
 426 0178 05       		.byte	0x5
 427 0179 79       		.byte	0x79
 428 017a AD000000 		.4byte	0xad
 429 017e 02       		.byte	0x2
 430 017f 23       		.byte	0x23
 431 0180 1C       		.uleb128 0x1c
 432 0181 06       		.uleb128 0x6
 433 0182 02030000 		.4byte	.LASF31
 434 0186 05       		.byte	0x5
 435 0187 7D       		.byte	0x7d
 436 0188 A2000000 		.4byte	0xa2
 437 018c 02       		.byte	0x2
 438 018d 23       		.byte	0x23
 439 018e 1D       		.uleb128 0x1d
 440 018f 06       		.uleb128 0x6
 441 0190 B4030000 		.4byte	.LASF32
 442 0194 05       		.byte	0x5
 443 0195 82       		.byte	0x82
ARM GAS  /tmp/cc6vCl3j.s 			page 9


 444 0196 B8000000 		.4byte	0xb8
 445 019a 02       		.byte	0x2
 446 019b 23       		.byte	0x23
 447 019c 1E       		.uleb128 0x1e
 448 019d 06       		.uleb128 0x6
 449 019e 89030000 		.4byte	.LASF33
 450 01a2 05       		.byte	0x5
 451 01a3 89       		.byte	0x89
 452 01a4 FE030000 		.4byte	0x3fe
 453 01a8 02       		.byte	0x2
 454 01a9 23       		.byte	0x23
 455 01aa 20       		.uleb128 0x20
 456 01ab 07       		.uleb128 0x7
 457 01ac 705F7500 		.ascii	"p_u\000"
 458 01b0 05       		.byte	0x5
 459 01b1 AE       		.byte	0xae
 460 01b2 CC040000 		.4byte	0x4cc
 461 01b6 02       		.byte	0x2
 462 01b7 23       		.byte	0x23
 463 01b8 24       		.uleb128 0x24
 464 01b9 06       		.uleb128 0x6
 465 01ba 16040000 		.4byte	.LASF34
 466 01be 05       		.byte	0x5
 467 01bf B3       		.byte	0xb3
 468 01c0 69020000 		.4byte	0x269
 469 01c4 02       		.byte	0x2
 470 01c5 23       		.byte	0x23
 471 01c6 28       		.uleb128 0x28
 472 01c7 06       		.uleb128 0x6
 473 01c8 97030000 		.4byte	.LASF35
 474 01cc 05       		.byte	0x5
 475 01cd B9       		.byte	0xb9
 476 01ce 47020000 		.4byte	0x247
 477 01d2 02       		.byte	0x2
 478 01d3 23       		.byte	0x23
 479 01d4 2C       		.uleb128 0x2c
 480 01d5 06       		.uleb128 0x6
 481 01d6 15000000 		.4byte	.LASF36
 482 01da 05       		.byte	0x5
 483 01db BD       		.byte	0xbd
 484 01dc CE000000 		.4byte	0xce
 485 01e0 02       		.byte	0x2
 486 01e1 23       		.byte	0x23
 487 01e2 34       		.uleb128 0x34
 488 01e3 06       		.uleb128 0x6
 489 01e4 1E030000 		.4byte	.LASF37
 490 01e8 05       		.byte	0x5
 491 01e9 C3       		.byte	0xc3
 492 01ea D9000000 		.4byte	0xd9
 493 01ee 02       		.byte	0x2
 494 01ef 23       		.byte	0x23
 495 01f0 38       		.uleb128 0x38
 496 01f1 06       		.uleb128 0x6
 497 01f2 B6020000 		.4byte	.LASF38
 498 01f6 05       		.byte	0x5
 499 01f7 CA       		.byte	0xca
 500 01f8 13050000 		.4byte	0x513
ARM GAS  /tmp/cc6vCl3j.s 			page 10


 501 01fc 02       		.byte	0x2
 502 01fd 23       		.byte	0x23
 503 01fe 3C       		.uleb128 0x3c
 504 01ff 06       		.uleb128 0x6
 505 0200 75030000 		.4byte	.LASF39
 506 0204 05       		.byte	0x5
 507 0205 CE       		.byte	0xce
 508 0206 C3000000 		.4byte	0xc3
 509 020a 02       		.byte	0x2
 510 020b 23       		.byte	0x23
 511 020c 40       		.uleb128 0x40
 512 020d 06       		.uleb128 0x6
 513 020e C9000000 		.4byte	.LASF40
 514 0212 05       		.byte	0x5
 515 0213 D4       		.byte	0xd4
 516 0214 7F020000 		.4byte	0x27f
 517 0218 02       		.byte	0x2
 518 0219 23       		.byte	0x23
 519 021a 44       		.uleb128 0x44
 520 021b 00       		.byte	0
 521 021c 08       		.uleb128 0x8
 522 021d 08       		.byte	0x8
 523 021e 04       		.byte	0x4
 524 021f 61       		.byte	0x61
 525 0220 41020000 		.4byte	0x241
 526 0224 06       		.uleb128 0x6
 527 0225 EC020000 		.4byte	.LASF23
 528 0229 04       		.byte	0x4
 529 022a 62       		.byte	0x62
 530 022b 41020000 		.4byte	0x241
 531 022f 02       		.byte	0x2
 532 0230 23       		.byte	0x23
 533 0231 00       		.uleb128 0
 534 0232 06       		.uleb128 0x6
 535 0233 91020000 		.4byte	.LASF24
 536 0237 04       		.byte	0x4
 537 0238 64       		.byte	0x64
 538 0239 41020000 		.4byte	0x241
 539 023d 02       		.byte	0x2
 540 023e 23       		.byte	0x23
 541 023f 04       		.uleb128 0x4
 542 0240 00       		.byte	0
 543 0241 09       		.uleb128 0x9
 544 0242 04       		.byte	0x4
 545 0243 FA000000 		.4byte	0xfa
 546 0247 04       		.uleb128 0x4
 547 0248 4A020000 		.4byte	.LASF41
 548 024c 04       		.byte	0x4
 549 024d 66       		.byte	0x66
 550 024e 1C020000 		.4byte	0x21c
 551 0252 08       		.uleb128 0x8
 552 0253 04       		.byte	0x4
 553 0254 04       		.byte	0x4
 554 0255 6B       		.byte	0x6b
 555 0256 69020000 		.4byte	0x269
 556 025a 06       		.uleb128 0x6
 557 025b EC020000 		.4byte	.LASF23
ARM GAS  /tmp/cc6vCl3j.s 			page 11


 558 025f 04       		.byte	0x4
 559 0260 6D       		.byte	0x6d
 560 0261 41020000 		.4byte	0x241
 561 0265 02       		.byte	0x2
 562 0266 23       		.byte	0x23
 563 0267 00       		.uleb128 0
 564 0268 00       		.byte	0
 565 0269 04       		.uleb128 0x4
 566 026a D7010000 		.4byte	.LASF42
 567 026e 04       		.byte	0x4
 568 026f 70       		.byte	0x70
 569 0270 52020000 		.4byte	0x252
 570 0274 04       		.uleb128 0x4
 571 0275 2C010000 		.4byte	.LASF43
 572 0279 06       		.byte	0x6
 573 027a D7       		.byte	0xd7
 574 027b 7F020000 		.4byte	0x27f
 575 027f 0A       		.uleb128 0xa
 576 0280 04       		.byte	0x4
 577 0281 04       		.uleb128 0x4
 578 0282 F5010000 		.4byte	.LASF44
 579 0286 06       		.byte	0x6
 580 0287 DD       		.byte	0xdd
 581 0288 90000000 		.4byte	0x90
 582 028c 05       		.uleb128 0x5
 583 028d 90030000 		.4byte	.LASF45
 584 0291 24       		.byte	0x24
 585 0292 06       		.byte	0x6
 586 0293 FE       		.byte	0xfe
 587 0294 19030000 		.4byte	0x319
 588 0298 0B       		.uleb128 0xb
 589 0299 723400   		.ascii	"r4\000"
 590 029c 06       		.byte	0x6
 591 029d 1101     		.2byte	0x111
 592 029f 74020000 		.4byte	0x274
 593 02a3 02       		.byte	0x2
 594 02a4 23       		.byte	0x23
 595 02a5 00       		.uleb128 0
 596 02a6 0B       		.uleb128 0xb
 597 02a7 723500   		.ascii	"r5\000"
 598 02aa 06       		.byte	0x6
 599 02ab 1201     		.2byte	0x112
 600 02ad 74020000 		.4byte	0x274
 601 02b1 02       		.byte	0x2
 602 02b2 23       		.byte	0x23
 603 02b3 04       		.uleb128 0x4
 604 02b4 0B       		.uleb128 0xb
 605 02b5 723600   		.ascii	"r6\000"
 606 02b8 06       		.byte	0x6
 607 02b9 1301     		.2byte	0x113
 608 02bb 74020000 		.4byte	0x274
 609 02bf 02       		.byte	0x2
 610 02c0 23       		.byte	0x23
 611 02c1 08       		.uleb128 0x8
 612 02c2 0B       		.uleb128 0xb
 613 02c3 723700   		.ascii	"r7\000"
 614 02c6 06       		.byte	0x6
ARM GAS  /tmp/cc6vCl3j.s 			page 12


 615 02c7 1401     		.2byte	0x114
 616 02c9 74020000 		.4byte	0x274
 617 02cd 02       		.byte	0x2
 618 02ce 23       		.byte	0x23
 619 02cf 0C       		.uleb128 0xc
 620 02d0 0B       		.uleb128 0xb
 621 02d1 723800   		.ascii	"r8\000"
 622 02d4 06       		.byte	0x6
 623 02d5 1501     		.2byte	0x115
 624 02d7 74020000 		.4byte	0x274
 625 02db 02       		.byte	0x2
 626 02dc 23       		.byte	0x23
 627 02dd 10       		.uleb128 0x10
 628 02de 0B       		.uleb128 0xb
 629 02df 723900   		.ascii	"r9\000"
 630 02e2 06       		.byte	0x6
 631 02e3 1601     		.2byte	0x116
 632 02e5 74020000 		.4byte	0x274
 633 02e9 02       		.byte	0x2
 634 02ea 23       		.byte	0x23
 635 02eb 14       		.uleb128 0x14
 636 02ec 0B       		.uleb128 0xb
 637 02ed 72313000 		.ascii	"r10\000"
 638 02f1 06       		.byte	0x6
 639 02f2 1701     		.2byte	0x117
 640 02f4 74020000 		.4byte	0x274
 641 02f8 02       		.byte	0x2
 642 02f9 23       		.byte	0x23
 643 02fa 18       		.uleb128 0x18
 644 02fb 0B       		.uleb128 0xb
 645 02fc 72313100 		.ascii	"r11\000"
 646 0300 06       		.byte	0x6
 647 0301 1801     		.2byte	0x118
 648 0303 74020000 		.4byte	0x274
 649 0307 02       		.byte	0x2
 650 0308 23       		.byte	0x23
 651 0309 1C       		.uleb128 0x1c
 652 030a 0B       		.uleb128 0xb
 653 030b 6C7200   		.ascii	"lr\000"
 654 030e 06       		.byte	0x6
 655 030f 1901     		.2byte	0x119
 656 0311 74020000 		.4byte	0x274
 657 0315 02       		.byte	0x2
 658 0316 23       		.byte	0x23
 659 0317 20       		.uleb128 0x20
 660 0318 00       		.byte	0
 661 0319 0C       		.uleb128 0xc
 662 031a AE010000 		.4byte	.LASF46
 663 031e 04       		.byte	0x4
 664 031f 06       		.byte	0x6
 665 0320 2301     		.2byte	0x123
 666 0322 36030000 		.4byte	0x336
 667 0326 0B       		.uleb128 0xb
 668 0327 72313300 		.ascii	"r13\000"
 669 032b 06       		.byte	0x6
 670 032c 2401     		.2byte	0x124
 671 032e 36030000 		.4byte	0x336
ARM GAS  /tmp/cc6vCl3j.s 			page 13


 672 0332 02       		.byte	0x2
 673 0333 23       		.byte	0x23
 674 0334 00       		.uleb128 0
 675 0335 00       		.byte	0
 676 0336 09       		.uleb128 0x9
 677 0337 04       		.byte	0x4
 678 0338 8C020000 		.4byte	0x28c
 679 033c 04       		.uleb128 0x4
 680 033d 80030000 		.4byte	.LASF47
 681 0341 07       		.byte	0x7
 682 0342 58       		.byte	0x58
 683 0343 47030000 		.4byte	0x347
 684 0347 09       		.uleb128 0x9
 685 0348 04       		.byte	0x4
 686 0349 4D030000 		.4byte	0x34d
 687 034d 0D       		.uleb128 0xd
 688 034e 01       		.byte	0x1
 689 034f 59030000 		.4byte	0x359
 690 0353 0E       		.uleb128 0xe
 691 0354 7F020000 		.4byte	0x27f
 692 0358 00       		.byte	0
 693 0359 04       		.uleb128 0x4
 694 035a 46030000 		.4byte	.LASF48
 695 035e 07       		.byte	0x7
 696 035f 5D       		.byte	0x5d
 697 0360 64030000 		.4byte	0x364
 698 0364 05       		.uleb128 0x5
 699 0365 46030000 		.4byte	.LASF48
 700 0369 14       		.byte	0x14
 701 036a 07       		.byte	0x7
 702 036b 64       		.byte	0x64
 703 036c B7030000 		.4byte	0x3b7
 704 0370 06       		.uleb128 0x6
 705 0371 5A010000 		.4byte	.LASF49
 706 0375 07       		.byte	0x7
 707 0376 65       		.byte	0x65
 708 0377 B7030000 		.4byte	0x3b7
 709 037b 02       		.byte	0x2
 710 037c 23       		.byte	0x23
 711 037d 00       		.uleb128 0
 712 037e 06       		.uleb128 0x6
 713 037f 35010000 		.4byte	.LASF50
 714 0383 07       		.byte	0x7
 715 0384 67       		.byte	0x67
 716 0385 B7030000 		.4byte	0x3b7
 717 0389 02       		.byte	0x2
 718 038a 23       		.byte	0x23
 719 038b 04       		.uleb128 0x4
 720 038c 06       		.uleb128 0x6
 721 038d 14020000 		.4byte	.LASF51
 722 0391 07       		.byte	0x7
 723 0392 69       		.byte	0x69
 724 0393 E4000000 		.4byte	0xe4
 725 0397 02       		.byte	0x2
 726 0398 23       		.byte	0x23
 727 0399 08       		.uleb128 0x8
 728 039a 06       		.uleb128 0x6
ARM GAS  /tmp/cc6vCl3j.s 			page 14


 729 039b 1C020000 		.4byte	.LASF52
 730 039f 07       		.byte	0x7
 731 03a0 6A       		.byte	0x6a
 732 03a1 3C030000 		.4byte	0x33c
 733 03a5 02       		.byte	0x2
 734 03a6 23       		.byte	0x23
 735 03a7 0C       		.uleb128 0xc
 736 03a8 06       		.uleb128 0x6
 737 03a9 A2030000 		.4byte	.LASF53
 738 03ad 07       		.byte	0x7
 739 03ae 6C       		.byte	0x6c
 740 03af 7F020000 		.4byte	0x27f
 741 03b3 02       		.byte	0x2
 742 03b4 23       		.byte	0x23
 743 03b5 10       		.uleb128 0x10
 744 03b6 00       		.byte	0
 745 03b7 09       		.uleb128 0x9
 746 03b8 04       		.byte	0x4
 747 03b9 59030000 		.4byte	0x359
 748 03bd 08       		.uleb128 0x8
 749 03be 10       		.byte	0x10
 750 03bf 07       		.byte	0x7
 751 03c0 76       		.byte	0x76
 752 03c1 FE030000 		.4byte	0x3fe
 753 03c5 06       		.uleb128 0x6
 754 03c6 5A010000 		.4byte	.LASF49
 755 03ca 07       		.byte	0x7
 756 03cb 77       		.byte	0x77
 757 03cc B7030000 		.4byte	0x3b7
 758 03d0 02       		.byte	0x2
 759 03d1 23       		.byte	0x23
 760 03d2 00       		.uleb128 0
 761 03d3 06       		.uleb128 0x6
 762 03d4 35010000 		.4byte	.LASF50
 763 03d8 07       		.byte	0x7
 764 03d9 79       		.byte	0x79
 765 03da B7030000 		.4byte	0x3b7
 766 03de 02       		.byte	0x2
 767 03df 23       		.byte	0x23
 768 03e0 04       		.uleb128 0x4
 769 03e1 06       		.uleb128 0x6
 770 03e2 14020000 		.4byte	.LASF51
 771 03e6 07       		.byte	0x7
 772 03e7 7B       		.byte	0x7b
 773 03e8 E4000000 		.4byte	0xe4
 774 03ec 02       		.byte	0x2
 775 03ed 23       		.byte	0x23
 776 03ee 08       		.uleb128 0x8
 777 03ef 06       		.uleb128 0x6
 778 03f0 E1030000 		.4byte	.LASF54
 779 03f4 07       		.byte	0x7
 780 03f5 7C       		.byte	0x7c
 781 03f6 FE030000 		.4byte	0x3fe
 782 03fa 02       		.byte	0x2
 783 03fb 23       		.byte	0x23
 784 03fc 0C       		.uleb128 0xc
 785 03fd 00       		.byte	0
ARM GAS  /tmp/cc6vCl3j.s 			page 15


 786 03fe 0F       		.uleb128 0xf
 787 03ff E4000000 		.4byte	0xe4
 788 0403 04       		.uleb128 0x4
 789 0404 F7030000 		.4byte	.LASF55
 790 0408 07       		.byte	0x7
 791 0409 7D       		.byte	0x7d
 792 040a BD030000 		.4byte	0x3bd
 793 040e 08       		.uleb128 0x8
 794 040f 20       		.byte	0x20
 795 0410 08       		.byte	0x8
 796 0411 5E       		.byte	0x5e
 797 0412 79040000 		.4byte	0x479
 798 0416 06       		.uleb128 0x6
 799 0417 3E030000 		.4byte	.LASF56
 800 041b 08       		.byte	0x8
 801 041c 5F       		.byte	0x5f
 802 041d 47020000 		.4byte	0x247
 803 0421 02       		.byte	0x2
 804 0422 23       		.byte	0x23
 805 0423 00       		.uleb128 0
 806 0424 06       		.uleb128 0x6
 807 0425 DE020000 		.4byte	.LASF57
 808 0429 08       		.byte	0x8
 809 042a 60       		.byte	0x60
 810 042b C3000000 		.4byte	0xc3
 811 042f 02       		.byte	0x2
 812 0430 23       		.byte	0x23
 813 0431 08       		.uleb128 0x8
 814 0432 06       		.uleb128 0x6
 815 0433 44020000 		.4byte	.LASF58
 816 0437 08       		.byte	0x8
 817 0438 62       		.byte	0x62
 818 0439 19030000 		.4byte	0x319
 819 043d 02       		.byte	0x2
 820 043e 23       		.byte	0x23
 821 043f 0C       		.uleb128 0xc
 822 0440 06       		.uleb128 0x6
 823 0441 24010000 		.4byte	.LASF59
 824 0445 08       		.byte	0x8
 825 0446 65       		.byte	0x65
 826 0447 41020000 		.4byte	0x241
 827 044b 02       		.byte	0x2
 828 044c 23       		.byte	0x23
 829 044d 10       		.uleb128 0x10
 830 044e 06       		.uleb128 0x6
 831 044f 69020000 		.4byte	.LASF60
 832 0453 08       		.byte	0x8
 833 0454 66       		.byte	0x66
 834 0455 41020000 		.4byte	0x241
 835 0459 02       		.byte	0x2
 836 045a 23       		.byte	0x23
 837 045b 14       		.uleb128 0x14
 838 045c 06       		.uleb128 0x6
 839 045d FE030000 		.4byte	.LASF61
 840 0461 08       		.byte	0x8
 841 0462 6A       		.byte	0x6a
 842 0463 EF000000 		.4byte	0xef
ARM GAS  /tmp/cc6vCl3j.s 			page 16


 843 0467 02       		.byte	0x2
 844 0468 23       		.byte	0x23
 845 0469 18       		.uleb128 0x18
 846 046a 06       		.uleb128 0x6
 847 046b 5F020000 		.4byte	.LASF62
 848 046f 08       		.byte	0x8
 849 0470 6C       		.byte	0x6c
 850 0471 41020000 		.4byte	0x241
 851 0475 02       		.byte	0x2
 852 0476 23       		.byte	0x23
 853 0477 1C       		.uleb128 0x1c
 854 0478 00       		.byte	0
 855 0479 04       		.uleb128 0x4
 856 047a BB030000 		.4byte	.LASF63
 857 047e 08       		.byte	0x8
 858 047f 6E       		.byte	0x6e
 859 0480 0E040000 		.4byte	0x40e
 860 0484 05       		.uleb128 0x5
 861 0485 EF010000 		.4byte	.LASF64
 862 0489 10       		.byte	0x10
 863 048a 09       		.byte	0x9
 864 048b 2C       		.byte	0x2c
 865 048c BB040000 		.4byte	0x4bb
 866 0490 06       		.uleb128 0x6
 867 0491 D1000000 		.4byte	.LASF65
 868 0495 09       		.byte	0x9
 869 0496 2D       		.byte	0x2d
 870 0497 47020000 		.4byte	0x247
 871 049b 02       		.byte	0x2
 872 049c 23       		.byte	0x23
 873 049d 00       		.uleb128 0
 874 049e 06       		.uleb128 0x6
 875 049f 08040000 		.4byte	.LASF66
 876 04a3 09       		.byte	0x9
 877 04a4 2F       		.byte	0x2f
 878 04a5 41020000 		.4byte	0x241
 879 04a9 02       		.byte	0x2
 880 04aa 23       		.byte	0x23
 881 04ab 08       		.uleb128 0x8
 882 04ac 06       		.uleb128 0x6
 883 04ad 64030000 		.4byte	.LASF67
 884 04b1 09       		.byte	0x9
 885 04b2 31       		.byte	0x31
 886 04b3 BB040000 		.4byte	0x4bb
 887 04b7 02       		.byte	0x2
 888 04b8 23       		.byte	0x23
 889 04b9 0C       		.uleb128 0xc
 890 04ba 00       		.byte	0
 891 04bb 09       		.uleb128 0x9
 892 04bc 04       		.byte	0x4
 893 04bd 84040000 		.4byte	0x484
 894 04c1 04       		.uleb128 0x4
 895 04c2 EF010000 		.4byte	.LASF64
 896 04c6 09       		.byte	0x9
 897 04c7 33       		.byte	0x33
 898 04c8 84040000 		.4byte	0x484
 899 04cc 10       		.uleb128 0x10
ARM GAS  /tmp/cc6vCl3j.s 			page 17


 900 04cd 04       		.byte	0x4
 901 04ce 05       		.byte	0x5
 902 04cf 90       		.byte	0x90
 903 04d0 01050000 		.4byte	0x501
 904 04d4 11       		.uleb128 0x11
 905 04d5 1B000000 		.4byte	.LASF68
 906 04d9 05       		.byte	0x5
 907 04da 97       		.byte	0x97
 908 04db CE000000 		.4byte	0xce
 909 04df 11       		.uleb128 0x11
 910 04e0 6A000000 		.4byte	.LASF69
 911 04e4 05       		.byte	0x5
 912 04e5 9E       		.byte	0x9e
 913 04e6 CE000000 		.4byte	0xce
 914 04ea 11       		.uleb128 0x11
 915 04eb D3030000 		.4byte	.LASF70
 916 04ef 05       		.byte	0x5
 917 04f0 A5       		.byte	0xa5
 918 04f1 7F020000 		.4byte	0x27f
 919 04f5 11       		.uleb128 0x11
 920 04f6 E5020000 		.4byte	.LASF71
 921 04fa 05       		.byte	0x5
 922 04fb AC       		.byte	0xac
 923 04fc D9000000 		.4byte	0xd9
 924 0500 00       		.byte	0
 925 0501 09       		.uleb128 0x9
 926 0502 04       		.byte	0x4
 927 0503 07050000 		.4byte	0x507
 928 0507 12       		.uleb128 0x12
 929 0508 0C050000 		.4byte	0x50c
 930 050c 03       		.uleb128 0x3
 931 050d 01       		.byte	0x1
 932 050e 08       		.byte	0x8
 933 050f 5F030000 		.4byte	.LASF72
 934 0513 09       		.uleb128 0x9
 935 0514 04       		.byte	0x4
 936 0515 C1040000 		.4byte	0x4c1
 937 0519 04       		.uleb128 0x4
 938 051a 00000000 		.4byte	.LASF73
 939 051e 05       		.byte	0x5
 940 051f DF       		.byte	0xdf
 941 0520 24050000 		.4byte	0x524
 942 0524 09       		.uleb128 0x9
 943 0525 04       		.byte	0x4
 944 0526 2A050000 		.4byte	0x52a
 945 052a 13       		.uleb128 0x13
 946 052b 01       		.byte	0x1
 947 052c CE000000 		.4byte	0xce
 948 0530 3A050000 		.4byte	0x53a
 949 0534 0E       		.uleb128 0xe
 950 0535 7F020000 		.4byte	0x27f
 951 0539 00       		.byte	0
 952 053a 08       		.uleb128 0x8
 953 053b 16       		.byte	0x16
 954 053c 0A       		.byte	0xa
 955 053d 2C       		.byte	0x2c
 956 053e 3F060000 		.4byte	0x63f
ARM GAS  /tmp/cc6vCl3j.s 			page 18


 957 0542 06       		.uleb128 0x6
 958 0543 D9000000 		.4byte	.LASF74
 959 0547 0A       		.byte	0xa
 960 0548 2D       		.byte	0x2d
 961 0549 3F060000 		.4byte	0x63f
 962 054d 02       		.byte	0x2
 963 054e 23       		.byte	0x23
 964 054f 00       		.uleb128 0
 965 0550 06       		.uleb128 0x6
 966 0551 00020000 		.4byte	.LASF75
 967 0555 0A       		.byte	0xa
 968 0556 2E       		.byte	0x2e
 969 0557 3A000000 		.4byte	0x3a
 970 055b 02       		.byte	0x2
 971 055c 23       		.byte	0x23
 972 055d 04       		.uleb128 0x4
 973 055e 06       		.uleb128 0x6
 974 055f 57020000 		.4byte	.LASF76
 975 0563 0A       		.byte	0xa
 976 0564 2F       		.byte	0x2f
 977 0565 3A000000 		.4byte	0x3a
 978 0569 02       		.byte	0x2
 979 056a 23       		.byte	0x23
 980 056b 05       		.uleb128 0x5
 981 056c 06       		.uleb128 0x6
 982 056d EC030000 		.4byte	.LASF77
 983 0571 0A       		.byte	0xa
 984 0572 30       		.byte	0x30
 985 0573 53000000 		.4byte	0x53
 986 0577 02       		.byte	0x2
 987 0578 23       		.byte	0x23
 988 0579 06       		.uleb128 0x6
 989 057a 06       		.uleb128 0x6
 990 057b 86020000 		.4byte	.LASF78
 991 057f 0A       		.byte	0xa
 992 0580 31       		.byte	0x31
 993 0581 3A000000 		.4byte	0x3a
 994 0585 02       		.byte	0x2
 995 0586 23       		.byte	0x23
 996 0587 08       		.uleb128 0x8
 997 0588 06       		.uleb128 0x6
 998 0589 24020000 		.4byte	.LASF79
 999 058d 0A       		.byte	0xa
 1000 058e 32       		.byte	0x32
 1001 058f 3A000000 		.4byte	0x3a
 1002 0593 02       		.byte	0x2
 1003 0594 23       		.byte	0x23
 1004 0595 09       		.uleb128 0x9
 1005 0596 06       		.uleb128 0x6
 1006 0597 5C000000 		.4byte	.LASF80
 1007 059b 0A       		.byte	0xa
 1008 059c 33       		.byte	0x33
 1009 059d 3A000000 		.4byte	0x3a
 1010 05a1 02       		.byte	0x2
 1011 05a2 23       		.byte	0x23
 1012 05a3 0A       		.uleb128 0xa
 1013 05a4 06       		.uleb128 0x6
ARM GAS  /tmp/cc6vCl3j.s 			page 19


 1014 05a5 32030000 		.4byte	.LASF81
 1015 05a9 0A       		.byte	0xa
 1016 05aa 34       		.byte	0x34
 1017 05ab 3A000000 		.4byte	0x3a
 1018 05af 02       		.byte	0x2
 1019 05b0 23       		.byte	0x23
 1020 05b1 0B       		.uleb128 0xb
 1021 05b2 06       		.uleb128 0x6
 1022 05b3 A9030000 		.4byte	.LASF82
 1023 05b7 0A       		.byte	0xa
 1024 05b8 35       		.byte	0x35
 1025 05b9 3A000000 		.4byte	0x3a
 1026 05bd 02       		.byte	0x2
 1027 05be 23       		.byte	0x23
 1028 05bf 0C       		.uleb128 0xc
 1029 05c0 06       		.uleb128 0x6
 1030 05c1 11030000 		.4byte	.LASF83
 1031 05c5 0A       		.byte	0xa
 1032 05c6 36       		.byte	0x36
 1033 05c7 3A000000 		.4byte	0x3a
 1034 05cb 02       		.byte	0x2
 1035 05cc 23       		.byte	0x23
 1036 05cd 0D       		.uleb128 0xd
 1037 05ce 06       		.uleb128 0x6
 1038 05cf 08000000 		.4byte	.LASF84
 1039 05d3 0A       		.byte	0xa
 1040 05d4 37       		.byte	0x37
 1041 05d5 3A000000 		.4byte	0x3a
 1042 05d9 02       		.byte	0x2
 1043 05da 23       		.byte	0x23
 1044 05db 0E       		.uleb128 0xe
 1045 05dc 06       		.uleb128 0x6
 1046 05dd 30020000 		.4byte	.LASF85
 1047 05e1 0A       		.byte	0xa
 1048 05e2 38       		.byte	0x38
 1049 05e3 3A000000 		.4byte	0x3a
 1050 05e7 02       		.byte	0x2
 1051 05e8 23       		.byte	0x23
 1052 05e9 0F       		.uleb128 0xf
 1053 05ea 06       		.uleb128 0x6
 1054 05eb AC000000 		.4byte	.LASF86
 1055 05ef 0A       		.byte	0xa
 1056 05f0 39       		.byte	0x39
 1057 05f1 3A000000 		.4byte	0x3a
 1058 05f5 02       		.byte	0x2
 1059 05f6 23       		.byte	0x23
 1060 05f7 10       		.uleb128 0x10
 1061 05f8 06       		.uleb128 0x6
 1062 05f9 85000000 		.4byte	.LASF87
 1063 05fd 0A       		.byte	0xa
 1064 05fe 3B       		.byte	0x3b
 1065 05ff 3A000000 		.4byte	0x3a
 1066 0603 02       		.byte	0x2
 1067 0604 23       		.byte	0x23
 1068 0605 11       		.uleb128 0x11
 1069 0606 06       		.uleb128 0x6
 1070 0607 BC000000 		.4byte	.LASF88
ARM GAS  /tmp/cc6vCl3j.s 			page 20


 1071 060b 0A       		.byte	0xa
 1072 060c 3C       		.byte	0x3c
 1073 060d 3A000000 		.4byte	0x3a
 1074 0611 02       		.byte	0x2
 1075 0612 23       		.byte	0x23
 1076 0613 12       		.uleb128 0x12
 1077 0614 06       		.uleb128 0x6
 1078 0615 08020000 		.4byte	.LASF89
 1079 0619 0A       		.byte	0xa
 1080 061a 3D       		.byte	0x3d
 1081 061b 3A000000 		.4byte	0x3a
 1082 061f 02       		.byte	0x2
 1083 0620 23       		.byte	0x23
 1084 0621 13       		.uleb128 0x13
 1085 0622 06       		.uleb128 0x6
 1086 0623 F3020000 		.4byte	.LASF90
 1087 0627 0A       		.byte	0xa
 1088 0628 3E       		.byte	0x3e
 1089 0629 3A000000 		.4byte	0x3a
 1090 062d 02       		.byte	0x2
 1091 062e 23       		.byte	0x23
 1092 062f 14       		.uleb128 0x14
 1093 0630 06       		.uleb128 0x6
 1094 0631 D2020000 		.4byte	.LASF91
 1095 0635 0A       		.byte	0xa
 1096 0636 40       		.byte	0x40
 1097 0637 3A000000 		.4byte	0x3a
 1098 063b 02       		.byte	0x2
 1099 063c 23       		.byte	0x23
 1100 063d 15       		.uleb128 0x15
 1101 063e 00       		.byte	0
 1102 063f 14       		.uleb128 0x14
 1103 0640 0C050000 		.4byte	0x50c
 1104 0644 4F060000 		.4byte	0x64f
 1105 0648 15       		.uleb128 0x15
 1106 0649 2C000000 		.4byte	0x2c
 1107 064d 03       		.byte	0x3
 1108 064e 00       		.byte	0
 1109 064f 04       		.uleb128 0x4
 1110 0650 02010000 		.4byte	.LASF92
 1111 0654 0A       		.byte	0xa
 1112 0655 41       		.byte	0x41
 1113 0656 3A050000 		.4byte	0x53a
 1114 065a 16       		.uleb128 0x16
 1115 065b 01       		.byte	0x1
 1116 065c 71020000 		.4byte	.LASF93
 1117 0660 01       		.byte	0x1
 1118 0661 3D       		.byte	0x3d
 1119 0662 01       		.byte	0x1
 1120 0663 00000000 		.4byte	.LFB7
 1121 0667 16000000 		.4byte	.LFE7
 1122 066b 02       		.byte	0x2
 1123 066c 7D       		.byte	0x7d
 1124 066d 00       		.sleb128 0
 1125 066e 80060000 		.4byte	0x680
 1126 0672 17       		.uleb128 0x17
 1127 0673 7000     		.ascii	"p\000"
ARM GAS  /tmp/cc6vCl3j.s 			page 21


 1128 0675 01       		.byte	0x1
 1129 0676 3D       		.byte	0x3d
 1130 0677 7F020000 		.4byte	0x27f
 1131 067b 00000000 		.4byte	.LLST0
 1132 067f 00       		.byte	0
 1133 0680 18       		.uleb128 0x18
 1134 0681 01       		.byte	0x1
 1135 0682 3D010000 		.4byte	.LASF94
 1136 0686 01       		.byte	0x1
 1137 0687 54       		.byte	0x54
 1138 0688 01       		.byte	0x1
 1139 0689 00000000 		.4byte	.LFB8
 1140 068d 66000000 		.4byte	.LFE8
 1141 0691 13000000 		.4byte	.LLST1
 1142 0695 C4060000 		.4byte	0x6c4
 1143 0699 19       		.uleb128 0x19
 1144 069a 73000000 		.4byte	.LASF95
 1145 069e 01       		.byte	0x1
 1146 069f 55       		.byte	0x55
 1147 06a0 FA000000 		.4byte	0xfa
 1148 06a4 05       		.byte	0x5
 1149 06a5 03       		.byte	0x3
 1150 06a6 00000000 		.4byte	mainthread.4693
 1151 06aa 1A       		.uleb128 0x1a
 1152 06ab 34000000 		.4byte	.LBB2
 1153 06af 3C000000 		.4byte	.LBE2
 1154 06b3 1B       		.uleb128 0x1b
 1155 06b4 746D7000 		.ascii	"tmp\000"
 1156 06b8 01       		.byte	0x1
 1157 06b9 6F       		.byte	0x6f
 1158 06ba 77000000 		.4byte	0x77
 1159 06be 3F000000 		.4byte	.LLST2
 1160 06c2 00       		.byte	0
 1161 06c3 00       		.byte	0
 1162 06c4 18       		.uleb128 0x18
 1163 06c5 01       		.byte	0x1
 1164 06c6 32000000 		.4byte	.LASF96
 1165 06ca 01       		.byte	0x1
 1166 06cb 89       		.byte	0x89
 1167 06cc 01       		.byte	0x1
 1168 06cd 00000000 		.4byte	.LFB9
 1169 06d1 50000000 		.4byte	.LFE9
 1170 06d5 5D000000 		.4byte	.LLST3
 1171 06d9 0F070000 		.4byte	0x70f
 1172 06dd 1A       		.uleb128 0x1a
 1173 06de 30000000 		.4byte	.LBB3
 1174 06e2 50000000 		.4byte	.LBE3
 1175 06e6 1B       		.uleb128 0x1b
 1176 06e7 76747000 		.ascii	"vtp\000"
 1177 06eb 01       		.byte	0x1
 1178 06ec 96       		.byte	0x96
 1179 06ed B7030000 		.4byte	0x3b7
 1180 06f1 7D000000 		.4byte	.LLST4
 1181 06f5 1A       		.uleb128 0x1a
 1182 06f6 38000000 		.4byte	.LBB4
 1183 06fa 46000000 		.4byte	.LBE4
 1184 06fe 1B       		.uleb128 0x1b
ARM GAS  /tmp/cc6vCl3j.s 			page 22


 1185 06ff 666E00   		.ascii	"fn\000"
 1186 0702 01       		.byte	0x1
 1187 0703 96       		.byte	0x96
 1188 0704 3C030000 		.4byte	0x33c
 1189 0708 A8000000 		.4byte	.LLST5
 1190 070c 00       		.byte	0
 1191 070d 00       		.byte	0
 1192 070e 00       		.byte	0
 1193 070f 1C       		.uleb128 0x1c
 1194 0710 2B000000 		.4byte	.LASF97
 1195 0714 07       		.byte	0x7
 1196 0715 7F       		.byte	0x7f
 1197 0716 03040000 		.4byte	0x403
 1198 071a 01       		.byte	0x1
 1199 071b 01       		.byte	0x1
 1200 071c 1C       		.uleb128 0x1c
 1201 071d C5030000 		.4byte	.LASF98
 1202 0721 08       		.byte	0x8
 1203 0722 72       		.byte	0x72
 1204 0723 79040000 		.4byte	0x479
 1205 0727 01       		.byte	0x1
 1206 0728 01       		.byte	0x1
 1207 0729 1C       		.uleb128 0x1c
 1208 072a A5010000 		.4byte	.LASF99
 1209 072e 0A       		.byte	0xa
 1210 072f 7E       		.byte	0x7e
 1211 0730 36070000 		.4byte	0x736
 1212 0734 01       		.byte	0x1
 1213 0735 01       		.byte	0x1
 1214 0736 12       		.uleb128 0x12
 1215 0737 4F060000 		.4byte	0x64f
 1216 073b 14       		.uleb128 0x14
 1217 073c 81020000 		.4byte	0x281
 1218 0740 4B070000 		.4byte	0x74b
 1219 0744 15       		.uleb128 0x15
 1220 0745 2C000000 		.4byte	0x2c
 1221 0749 17       		.byte	0x17
 1222 074a 00       		.byte	0
 1223 074b 1D       		.uleb128 0x1d
 1224 074c 14010000 		.4byte	.LASF100
 1225 0750 01       		.byte	0x1
 1226 0751 31       		.byte	0x31
 1227 0752 3B070000 		.4byte	0x73b
 1228 0756 01       		.byte	0x1
 1229 0757 05       		.byte	0x5
 1230 0758 03       		.byte	0x3
 1231 0759 00000000 		.4byte	_idle_thread_wa
 1232 075d 00       		.byte	0
 1233              		.section	.debug_abbrev,"",%progbits
 1234              	.Ldebug_abbrev0:
 1235 0000 01       		.uleb128 0x1
 1236 0001 11       		.uleb128 0x11
 1237 0002 01       		.byte	0x1
 1238 0003 25       		.uleb128 0x25
 1239 0004 0E       		.uleb128 0xe
 1240 0005 13       		.uleb128 0x13
 1241 0006 0B       		.uleb128 0xb
ARM GAS  /tmp/cc6vCl3j.s 			page 23


 1242 0007 03       		.uleb128 0x3
 1243 0008 0E       		.uleb128 0xe
 1244 0009 11       		.uleb128 0x11
 1245 000a 01       		.uleb128 0x1
 1246 000b 52       		.uleb128 0x52
 1247 000c 01       		.uleb128 0x1
 1248 000d 55       		.uleb128 0x55
 1249 000e 06       		.uleb128 0x6
 1250 000f 10       		.uleb128 0x10
 1251 0010 06       		.uleb128 0x6
 1252 0011 00       		.byte	0
 1253 0012 00       		.byte	0
 1254 0013 02       		.uleb128 0x2
 1255 0014 24       		.uleb128 0x24
 1256 0015 00       		.byte	0
 1257 0016 0B       		.uleb128 0xb
 1258 0017 0B       		.uleb128 0xb
 1259 0018 3E       		.uleb128 0x3e
 1260 0019 0B       		.uleb128 0xb
 1261 001a 03       		.uleb128 0x3
 1262 001b 08       		.uleb128 0x8
 1263 001c 00       		.byte	0
 1264 001d 00       		.byte	0
 1265 001e 03       		.uleb128 0x3
 1266 001f 24       		.uleb128 0x24
 1267 0020 00       		.byte	0
 1268 0021 0B       		.uleb128 0xb
 1269 0022 0B       		.uleb128 0xb
 1270 0023 3E       		.uleb128 0x3e
 1271 0024 0B       		.uleb128 0xb
 1272 0025 03       		.uleb128 0x3
 1273 0026 0E       		.uleb128 0xe
 1274 0027 00       		.byte	0
 1275 0028 00       		.byte	0
 1276 0029 04       		.uleb128 0x4
 1277 002a 16       		.uleb128 0x16
 1278 002b 00       		.byte	0
 1279 002c 03       		.uleb128 0x3
 1280 002d 0E       		.uleb128 0xe
 1281 002e 3A       		.uleb128 0x3a
 1282 002f 0B       		.uleb128 0xb
 1283 0030 3B       		.uleb128 0x3b
 1284 0031 0B       		.uleb128 0xb
 1285 0032 49       		.uleb128 0x49
 1286 0033 13       		.uleb128 0x13
 1287 0034 00       		.byte	0
 1288 0035 00       		.byte	0
 1289 0036 05       		.uleb128 0x5
 1290 0037 13       		.uleb128 0x13
 1291 0038 01       		.byte	0x1
 1292 0039 03       		.uleb128 0x3
 1293 003a 0E       		.uleb128 0xe
 1294 003b 0B       		.uleb128 0xb
 1295 003c 0B       		.uleb128 0xb
 1296 003d 3A       		.uleb128 0x3a
 1297 003e 0B       		.uleb128 0xb
 1298 003f 3B       		.uleb128 0x3b
ARM GAS  /tmp/cc6vCl3j.s 			page 24


 1299 0040 0B       		.uleb128 0xb
 1300 0041 01       		.uleb128 0x1
 1301 0042 13       		.uleb128 0x13
 1302 0043 00       		.byte	0
 1303 0044 00       		.byte	0
 1304 0045 06       		.uleb128 0x6
 1305 0046 0D       		.uleb128 0xd
 1306 0047 00       		.byte	0
 1307 0048 03       		.uleb128 0x3
 1308 0049 0E       		.uleb128 0xe
 1309 004a 3A       		.uleb128 0x3a
 1310 004b 0B       		.uleb128 0xb
 1311 004c 3B       		.uleb128 0x3b
 1312 004d 0B       		.uleb128 0xb
 1313 004e 49       		.uleb128 0x49
 1314 004f 13       		.uleb128 0x13
 1315 0050 38       		.uleb128 0x38
 1316 0051 0A       		.uleb128 0xa
 1317 0052 00       		.byte	0
 1318 0053 00       		.byte	0
 1319 0054 07       		.uleb128 0x7
 1320 0055 0D       		.uleb128 0xd
 1321 0056 00       		.byte	0
 1322 0057 03       		.uleb128 0x3
 1323 0058 08       		.uleb128 0x8
 1324 0059 3A       		.uleb128 0x3a
 1325 005a 0B       		.uleb128 0xb
 1326 005b 3B       		.uleb128 0x3b
 1327 005c 0B       		.uleb128 0xb
 1328 005d 49       		.uleb128 0x49
 1329 005e 13       		.uleb128 0x13
 1330 005f 38       		.uleb128 0x38
 1331 0060 0A       		.uleb128 0xa
 1332 0061 00       		.byte	0
 1333 0062 00       		.byte	0
 1334 0063 08       		.uleb128 0x8
 1335 0064 13       		.uleb128 0x13
 1336 0065 01       		.byte	0x1
 1337 0066 0B       		.uleb128 0xb
 1338 0067 0B       		.uleb128 0xb
 1339 0068 3A       		.uleb128 0x3a
 1340 0069 0B       		.uleb128 0xb
 1341 006a 3B       		.uleb128 0x3b
 1342 006b 0B       		.uleb128 0xb
 1343 006c 01       		.uleb128 0x1
 1344 006d 13       		.uleb128 0x13
 1345 006e 00       		.byte	0
 1346 006f 00       		.byte	0
 1347 0070 09       		.uleb128 0x9
 1348 0071 0F       		.uleb128 0xf
 1349 0072 00       		.byte	0
 1350 0073 0B       		.uleb128 0xb
 1351 0074 0B       		.uleb128 0xb
 1352 0075 49       		.uleb128 0x49
 1353 0076 13       		.uleb128 0x13
 1354 0077 00       		.byte	0
 1355 0078 00       		.byte	0
ARM GAS  /tmp/cc6vCl3j.s 			page 25


 1356 0079 0A       		.uleb128 0xa
 1357 007a 0F       		.uleb128 0xf
 1358 007b 00       		.byte	0
 1359 007c 0B       		.uleb128 0xb
 1360 007d 0B       		.uleb128 0xb
 1361 007e 00       		.byte	0
 1362 007f 00       		.byte	0
 1363 0080 0B       		.uleb128 0xb
 1364 0081 0D       		.uleb128 0xd
 1365 0082 00       		.byte	0
 1366 0083 03       		.uleb128 0x3
 1367 0084 08       		.uleb128 0x8
 1368 0085 3A       		.uleb128 0x3a
 1369 0086 0B       		.uleb128 0xb
 1370 0087 3B       		.uleb128 0x3b
 1371 0088 05       		.uleb128 0x5
 1372 0089 49       		.uleb128 0x49
 1373 008a 13       		.uleb128 0x13
 1374 008b 38       		.uleb128 0x38
 1375 008c 0A       		.uleb128 0xa
 1376 008d 00       		.byte	0
 1377 008e 00       		.byte	0
 1378 008f 0C       		.uleb128 0xc
 1379 0090 13       		.uleb128 0x13
 1380 0091 01       		.byte	0x1
 1381 0092 03       		.uleb128 0x3
 1382 0093 0E       		.uleb128 0xe
 1383 0094 0B       		.uleb128 0xb
 1384 0095 0B       		.uleb128 0xb
 1385 0096 3A       		.uleb128 0x3a
 1386 0097 0B       		.uleb128 0xb
 1387 0098 3B       		.uleb128 0x3b
 1388 0099 05       		.uleb128 0x5
 1389 009a 01       		.uleb128 0x1
 1390 009b 13       		.uleb128 0x13
 1391 009c 00       		.byte	0
 1392 009d 00       		.byte	0
 1393 009e 0D       		.uleb128 0xd
 1394 009f 15       		.uleb128 0x15
 1395 00a0 01       		.byte	0x1
 1396 00a1 27       		.uleb128 0x27
 1397 00a2 0C       		.uleb128 0xc
 1398 00a3 01       		.uleb128 0x1
 1399 00a4 13       		.uleb128 0x13
 1400 00a5 00       		.byte	0
 1401 00a6 00       		.byte	0
 1402 00a7 0E       		.uleb128 0xe
 1403 00a8 05       		.uleb128 0x5
 1404 00a9 00       		.byte	0
 1405 00aa 49       		.uleb128 0x49
 1406 00ab 13       		.uleb128 0x13
 1407 00ac 00       		.byte	0
 1408 00ad 00       		.byte	0
 1409 00ae 0F       		.uleb128 0xf
 1410 00af 35       		.uleb128 0x35
 1411 00b0 00       		.byte	0
 1412 00b1 49       		.uleb128 0x49
ARM GAS  /tmp/cc6vCl3j.s 			page 26


 1413 00b2 13       		.uleb128 0x13
 1414 00b3 00       		.byte	0
 1415 00b4 00       		.byte	0
 1416 00b5 10       		.uleb128 0x10
 1417 00b6 17       		.uleb128 0x17
 1418 00b7 01       		.byte	0x1
 1419 00b8 0B       		.uleb128 0xb
 1420 00b9 0B       		.uleb128 0xb
 1421 00ba 3A       		.uleb128 0x3a
 1422 00bb 0B       		.uleb128 0xb
 1423 00bc 3B       		.uleb128 0x3b
 1424 00bd 0B       		.uleb128 0xb
 1425 00be 01       		.uleb128 0x1
 1426 00bf 13       		.uleb128 0x13
 1427 00c0 00       		.byte	0
 1428 00c1 00       		.byte	0
 1429 00c2 11       		.uleb128 0x11
 1430 00c3 0D       		.uleb128 0xd
 1431 00c4 00       		.byte	0
 1432 00c5 03       		.uleb128 0x3
 1433 00c6 0E       		.uleb128 0xe
 1434 00c7 3A       		.uleb128 0x3a
 1435 00c8 0B       		.uleb128 0xb
 1436 00c9 3B       		.uleb128 0x3b
 1437 00ca 0B       		.uleb128 0xb
 1438 00cb 49       		.uleb128 0x49
 1439 00cc 13       		.uleb128 0x13
 1440 00cd 00       		.byte	0
 1441 00ce 00       		.byte	0
 1442 00cf 12       		.uleb128 0x12
 1443 00d0 26       		.uleb128 0x26
 1444 00d1 00       		.byte	0
 1445 00d2 49       		.uleb128 0x49
 1446 00d3 13       		.uleb128 0x13
 1447 00d4 00       		.byte	0
 1448 00d5 00       		.byte	0
 1449 00d6 13       		.uleb128 0x13
 1450 00d7 15       		.uleb128 0x15
 1451 00d8 01       		.byte	0x1
 1452 00d9 27       		.uleb128 0x27
 1453 00da 0C       		.uleb128 0xc
 1454 00db 49       		.uleb128 0x49
 1455 00dc 13       		.uleb128 0x13
 1456 00dd 01       		.uleb128 0x1
 1457 00de 13       		.uleb128 0x13
 1458 00df 00       		.byte	0
 1459 00e0 00       		.byte	0
 1460 00e1 14       		.uleb128 0x14
 1461 00e2 01       		.uleb128 0x1
 1462 00e3 01       		.byte	0x1
 1463 00e4 49       		.uleb128 0x49
 1464 00e5 13       		.uleb128 0x13
 1465 00e6 01       		.uleb128 0x1
 1466 00e7 13       		.uleb128 0x13
 1467 00e8 00       		.byte	0
 1468 00e9 00       		.byte	0
 1469 00ea 15       		.uleb128 0x15
ARM GAS  /tmp/cc6vCl3j.s 			page 27


 1470 00eb 21       		.uleb128 0x21
 1471 00ec 00       		.byte	0
 1472 00ed 49       		.uleb128 0x49
 1473 00ee 13       		.uleb128 0x13
 1474 00ef 2F       		.uleb128 0x2f
 1475 00f0 0B       		.uleb128 0xb
 1476 00f1 00       		.byte	0
 1477 00f2 00       		.byte	0
 1478 00f3 16       		.uleb128 0x16
 1479 00f4 2E       		.uleb128 0x2e
 1480 00f5 01       		.byte	0x1
 1481 00f6 3F       		.uleb128 0x3f
 1482 00f7 0C       		.uleb128 0xc
 1483 00f8 03       		.uleb128 0x3
 1484 00f9 0E       		.uleb128 0xe
 1485 00fa 3A       		.uleb128 0x3a
 1486 00fb 0B       		.uleb128 0xb
 1487 00fc 3B       		.uleb128 0x3b
 1488 00fd 0B       		.uleb128 0xb
 1489 00fe 27       		.uleb128 0x27
 1490 00ff 0C       		.uleb128 0xc
 1491 0100 11       		.uleb128 0x11
 1492 0101 01       		.uleb128 0x1
 1493 0102 12       		.uleb128 0x12
 1494 0103 01       		.uleb128 0x1
 1495 0104 40       		.uleb128 0x40
 1496 0105 0A       		.uleb128 0xa
 1497 0106 01       		.uleb128 0x1
 1498 0107 13       		.uleb128 0x13
 1499 0108 00       		.byte	0
 1500 0109 00       		.byte	0
 1501 010a 17       		.uleb128 0x17
 1502 010b 05       		.uleb128 0x5
 1503 010c 00       		.byte	0
 1504 010d 03       		.uleb128 0x3
 1505 010e 08       		.uleb128 0x8
 1506 010f 3A       		.uleb128 0x3a
 1507 0110 0B       		.uleb128 0xb
 1508 0111 3B       		.uleb128 0x3b
 1509 0112 0B       		.uleb128 0xb
 1510 0113 49       		.uleb128 0x49
 1511 0114 13       		.uleb128 0x13
 1512 0115 02       		.uleb128 0x2
 1513 0116 06       		.uleb128 0x6
 1514 0117 00       		.byte	0
 1515 0118 00       		.byte	0
 1516 0119 18       		.uleb128 0x18
 1517 011a 2E       		.uleb128 0x2e
 1518 011b 01       		.byte	0x1
 1519 011c 3F       		.uleb128 0x3f
 1520 011d 0C       		.uleb128 0xc
 1521 011e 03       		.uleb128 0x3
 1522 011f 0E       		.uleb128 0xe
 1523 0120 3A       		.uleb128 0x3a
 1524 0121 0B       		.uleb128 0xb
 1525 0122 3B       		.uleb128 0x3b
 1526 0123 0B       		.uleb128 0xb
ARM GAS  /tmp/cc6vCl3j.s 			page 28


 1527 0124 27       		.uleb128 0x27
 1528 0125 0C       		.uleb128 0xc
 1529 0126 11       		.uleb128 0x11
 1530 0127 01       		.uleb128 0x1
 1531 0128 12       		.uleb128 0x12
 1532 0129 01       		.uleb128 0x1
 1533 012a 40       		.uleb128 0x40
 1534 012b 06       		.uleb128 0x6
 1535 012c 01       		.uleb128 0x1
 1536 012d 13       		.uleb128 0x13
 1537 012e 00       		.byte	0
 1538 012f 00       		.byte	0
 1539 0130 19       		.uleb128 0x19
 1540 0131 34       		.uleb128 0x34
 1541 0132 00       		.byte	0
 1542 0133 03       		.uleb128 0x3
 1543 0134 0E       		.uleb128 0xe
 1544 0135 3A       		.uleb128 0x3a
 1545 0136 0B       		.uleb128 0xb
 1546 0137 3B       		.uleb128 0x3b
 1547 0138 0B       		.uleb128 0xb
 1548 0139 49       		.uleb128 0x49
 1549 013a 13       		.uleb128 0x13
 1550 013b 02       		.uleb128 0x2
 1551 013c 0A       		.uleb128 0xa
 1552 013d 00       		.byte	0
 1553 013e 00       		.byte	0
 1554 013f 1A       		.uleb128 0x1a
 1555 0140 0B       		.uleb128 0xb
 1556 0141 01       		.byte	0x1
 1557 0142 11       		.uleb128 0x11
 1558 0143 01       		.uleb128 0x1
 1559 0144 12       		.uleb128 0x12
 1560 0145 01       		.uleb128 0x1
 1561 0146 00       		.byte	0
 1562 0147 00       		.byte	0
 1563 0148 1B       		.uleb128 0x1b
 1564 0149 34       		.uleb128 0x34
 1565 014a 00       		.byte	0
 1566 014b 03       		.uleb128 0x3
 1567 014c 08       		.uleb128 0x8
 1568 014d 3A       		.uleb128 0x3a
 1569 014e 0B       		.uleb128 0xb
 1570 014f 3B       		.uleb128 0x3b
 1571 0150 0B       		.uleb128 0xb
 1572 0151 49       		.uleb128 0x49
 1573 0152 13       		.uleb128 0x13
 1574 0153 02       		.uleb128 0x2
 1575 0154 06       		.uleb128 0x6
 1576 0155 00       		.byte	0
 1577 0156 00       		.byte	0
 1578 0157 1C       		.uleb128 0x1c
 1579 0158 34       		.uleb128 0x34
 1580 0159 00       		.byte	0
 1581 015a 03       		.uleb128 0x3
 1582 015b 0E       		.uleb128 0xe
 1583 015c 3A       		.uleb128 0x3a
ARM GAS  /tmp/cc6vCl3j.s 			page 29


 1584 015d 0B       		.uleb128 0xb
 1585 015e 3B       		.uleb128 0x3b
 1586 015f 0B       		.uleb128 0xb
 1587 0160 49       		.uleb128 0x49
 1588 0161 13       		.uleb128 0x13
 1589 0162 3F       		.uleb128 0x3f
 1590 0163 0C       		.uleb128 0xc
 1591 0164 3C       		.uleb128 0x3c
 1592 0165 0C       		.uleb128 0xc
 1593 0166 00       		.byte	0
 1594 0167 00       		.byte	0
 1595 0168 1D       		.uleb128 0x1d
 1596 0169 34       		.uleb128 0x34
 1597 016a 00       		.byte	0
 1598 016b 03       		.uleb128 0x3
 1599 016c 0E       		.uleb128 0xe
 1600 016d 3A       		.uleb128 0x3a
 1601 016e 0B       		.uleb128 0xb
 1602 016f 3B       		.uleb128 0x3b
 1603 0170 0B       		.uleb128 0xb
 1604 0171 49       		.uleb128 0x49
 1605 0172 13       		.uleb128 0x13
 1606 0173 3F       		.uleb128 0x3f
 1607 0174 0C       		.uleb128 0xc
 1608 0175 02       		.uleb128 0x2
 1609 0176 0A       		.uleb128 0xa
 1610 0177 00       		.byte	0
 1611 0178 00       		.byte	0
 1612 0179 00       		.byte	0
 1613              		.section	.debug_loc,"",%progbits
 1614              	.Ldebug_loc0:
 1615              	.LLST0:
 1616 0000 00000000 		.4byte	.LVL0
 1617 0004 04000000 		.4byte	.LVL1
 1618 0008 0100     		.2byte	0x1
 1619 000a 50       		.byte	0x50
 1620 000b 00000000 		.4byte	0
 1621 000f 00000000 		.4byte	0
 1622              	.LLST1:
 1623 0013 00000000 		.4byte	.LFB8
 1624 0017 02000000 		.4byte	.LCFI0
 1625 001b 0200     		.2byte	0x2
 1626 001d 7D       		.byte	0x7d
 1627 001e 00       		.sleb128 0
 1628 001f 02000000 		.4byte	.LCFI0
 1629 0023 04000000 		.4byte	.LCFI1
 1630 0027 0200     		.2byte	0x2
 1631 0029 7D       		.byte	0x7d
 1632 002a 0C       		.sleb128 12
 1633 002b 04000000 		.4byte	.LCFI1
 1634 002f 66000000 		.4byte	.LFE8
 1635 0033 0200     		.2byte	0x2
 1636 0035 7D       		.byte	0x7d
 1637 0036 18       		.sleb128 24
 1638 0037 00000000 		.4byte	0
 1639 003b 00000000 		.4byte	0
 1640              	.LLST2:
ARM GAS  /tmp/cc6vCl3j.s 			page 30


 1641 003f 3C000000 		.4byte	.LVL3
 1642 0043 50000000 		.4byte	.LVL4
 1643 0047 0100     		.2byte	0x1
 1644 0049 53       		.byte	0x53
 1645 004a 5E000000 		.4byte	.LVL5
 1646 004e 66000000 		.4byte	.LFE8
 1647 0052 0100     		.2byte	0x1
 1648 0054 54       		.byte	0x54
 1649 0055 00000000 		.4byte	0
 1650 0059 00000000 		.4byte	0
 1651              	.LLST3:
 1652 005d 00000000 		.4byte	.LFB9
 1653 0061 02000000 		.4byte	.LCFI2
 1654 0065 0200     		.2byte	0x2
 1655 0067 7D       		.byte	0x7d
 1656 0068 00       		.sleb128 0
 1657 0069 02000000 		.4byte	.LCFI2
 1658 006d 50000000 		.4byte	.LFE9
 1659 0071 0200     		.2byte	0x2
 1660 0073 7D       		.byte	0x7d
 1661 0074 10       		.sleb128 16
 1662 0075 00000000 		.4byte	0
 1663 0079 00000000 		.4byte	0
 1664              	.LLST4:
 1665 007d 36000000 		.4byte	.LVL6
 1666 0081 38000000 		.4byte	.LVL7
 1667 0085 0200     		.2byte	0x2
 1668 0087 74       		.byte	0x74
 1669 0088 00       		.sleb128 0
 1670 0089 38000000 		.4byte	.LVL7
 1671 008d 45000000 		.4byte	.LVL9-1
 1672 0091 0100     		.2byte	0x1
 1673 0093 53       		.byte	0x53
 1674 0094 48000000 		.4byte	.LVL10
 1675 0098 4E000000 		.4byte	.LVL11
 1676 009c 0200     		.2byte	0x2
 1677 009e 74       		.byte	0x74
 1678 009f 00       		.sleb128 0
 1679 00a0 00000000 		.4byte	0
 1680 00a4 00000000 		.4byte	0
 1681              	.LLST5:
 1682 00a8 3C000000 		.4byte	.LVL8
 1683 00ac 45000000 		.4byte	.LVL9-1
 1684 00b0 0200     		.2byte	0x2
 1685 00b2 73       		.byte	0x73
 1686 00b3 0C       		.sleb128 12
 1687 00b4 00000000 		.4byte	0
 1688 00b8 00000000 		.4byte	0
 1689              		.section	.debug_aranges,"",%progbits
 1690 0000 2C000000 		.4byte	0x2c
 1691 0004 0200     		.2byte	0x2
 1692 0006 00000000 		.4byte	.Ldebug_info0
 1693 000a 04       		.byte	0x4
 1694 000b 00       		.byte	0
 1695 000c 0000     		.2byte	0
 1696 000e 0000     		.2byte	0
 1697 0010 00000000 		.4byte	.LFB7
ARM GAS  /tmp/cc6vCl3j.s 			page 31


 1698 0014 16000000 		.4byte	.LFE7-.LFB7
 1699 0018 00000000 		.4byte	.LFB8
 1700 001c 66000000 		.4byte	.LFE8-.LFB8
 1701 0020 00000000 		.4byte	.LFB9
 1702 0024 50000000 		.4byte	.LFE9-.LFB9
 1703 0028 00000000 		.4byte	0
 1704 002c 00000000 		.4byte	0
 1705              		.section	.debug_ranges,"",%progbits
 1706              	.Ldebug_ranges0:
 1707 0000 00000000 		.4byte	.LFB7
 1708 0004 16000000 		.4byte	.LFE7
 1709 0008 00000000 		.4byte	.LFB8
 1710 000c 66000000 		.4byte	.LFE8
 1711 0010 00000000 		.4byte	.LFB9
 1712 0014 50000000 		.4byte	.LFE9
 1713 0018 00000000 		.4byte	0
 1714 001c 00000000 		.4byte	0
 1715              		.section	.debug_line,"",%progbits
 1716              	.Ldebug_line0:
 1717 0000 BF010000 		.section	.debug_str,"MS",%progbits,1
 1717      02006701 
 1717      00000201 
 1717      FB0E0D00 
 1717      01010101 
 1718              	.LASF73:
 1719 0000 7466756E 		.ascii	"tfunc_t\000"
 1719      635F7400 
 1720              	.LASF84:
 1721 0008 63665F6F 		.ascii	"cf_off_older\000"
 1721      66665F6F 
 1721      6C646572 
 1721      00
 1722              	.LASF36:
 1723 0015 705F6D73 		.ascii	"p_msg\000"
 1723      6700
 1724              	.LASF68:
 1725 001b 7264796D 		.ascii	"rdymsg\000"
 1725      736700
 1726              	.LASF12:
 1727 0022 75696E74 		.ascii	"uint64_t\000"
 1727      36345F74 
 1727      00
 1728              	.LASF97:
 1729 002b 76746C69 		.ascii	"vtlist\000"
 1729      737400
 1730              	.LASF96:
 1731 0032 63685379 		.ascii	"chSysTimerHandlerI\000"
 1731      7354696D 
 1731      65724861 
 1731      6E646C65 
 1731      724900
 1732              	.LASF13:
 1733 0045 6C6F6E67 		.ascii	"long long unsigned int\000"
 1733      206C6F6E 
 1733      6720756E 
 1733      7369676E 
 1733      65642069 
ARM GAS  /tmp/cc6vCl3j.s 			page 32


 1734              	.LASF80:
 1735 005c 63685F74 		.ascii	"ch_threadsize\000"
 1735      68726561 
 1735      6473697A 
 1735      6500
 1736              	.LASF69:
 1737 006a 65786974 		.ascii	"exitcode\000"
 1737      636F6465 
 1737      00
 1738              	.LASF95:
 1739 0073 6D61696E 		.ascii	"mainthread\000"
 1739      74687265 
 1739      616400
 1740              	.LASF25:
 1741 007e 705F7072 		.ascii	"p_prio\000"
 1741      696F00
 1742              	.LASF87:
 1743 0085 63665F6F 		.ascii	"cf_off_state\000"
 1743      66665F73 
 1743      74617465 
 1743      00
 1744              	.LASF11:
 1745 0092 6C6F6E67 		.ascii	"long long int\000"
 1745      206C6F6E 
 1745      6720696E 
 1745      7400
 1746              	.LASF1:
 1747 00a0 7369676E 		.ascii	"signed char\000"
 1747      65642063 
 1747      68617200 
 1748              	.LASF86:
 1749 00ac 63665F6F 		.ascii	"cf_off_stklimit\000"
 1749      66665F73 
 1749      746B6C69 
 1749      6D697400 
 1750              	.LASF88:
 1751 00bc 63665F6F 		.ascii	"cf_off_flags\000"
 1751      66665F66 
 1751      6C616773 
 1751      00
 1752              	.LASF40:
 1753 00c9 705F6D70 		.ascii	"p_mpool\000"
 1753      6F6F6C00 
 1754              	.LASF65:
 1755 00d1 6D5F7175 		.ascii	"m_queue\000"
 1755      65756500 
 1756              	.LASF74:
 1757 00d9 63685F69 		.ascii	"ch_identifier\000"
 1757      64656E74 
 1757      69666965 
 1757      7200
 1758              	.LASF8:
 1759 00e7 6C6F6E67 		.ascii	"long int\000"
 1759      20696E74 
 1759      00
 1760              	.LASF15:
 1761 00f0 74737461 		.ascii	"tstate_t\000"
ARM GAS  /tmp/cc6vCl3j.s 			page 33


 1761      74655F74 
 1761      00
 1762              	.LASF5:
 1763 00f9 75696E74 		.ascii	"uint16_t\000"
 1763      31365F74 
 1763      00
 1764              	.LASF92:
 1765 0102 63686465 		.ascii	"chdebug_t\000"
 1765      6275675F 
 1765      7400
 1766              	.LASF27:
 1767 010c 705F6E65 		.ascii	"p_newer\000"
 1767      77657200 
 1768              	.LASF100:
 1769 0114 5F69646C 		.ascii	"_idle_thread_wa\000"
 1769      655F7468 
 1769      72656164 
 1769      5F776100 
 1770              	.LASF59:
 1771 0124 725F6E65 		.ascii	"r_newer\000"
 1771      77657200 
 1772              	.LASF43:
 1773 012c 72656761 		.ascii	"regarm_t\000"
 1773      726D5F74 
 1773      00
 1774              	.LASF50:
 1775 0135 76745F70 		.ascii	"vt_prev\000"
 1775      72657600 
 1776              	.LASF94:
 1777 013d 63685379 		.ascii	"chSysInit\000"
 1777      73496E69 
 1777      7400
 1778              	.LASF21:
 1779 0147 636E745F 		.ascii	"cnt_t\000"
 1779      7400
 1780              	.LASF0:
 1781 014d 756E7369 		.ascii	"unsigned int\000"
 1781      676E6564 
 1781      20696E74 
 1781      00
 1782              	.LASF49:
 1783 015a 76745F6E 		.ascii	"vt_next\000"
 1783      65787400 
 1784              	.LASF102:
 1785 0162 2F6F7074 		.ascii	"/opt/ChibiOS/ChibiOS_2.4.4/os/kernel/src/chsys.c\000"
 1785      2F436869 
 1785      62694F53 
 1785      2F436869 
 1785      62694F53 
 1786              	.LASF10:
 1787 0193 6C6F6E67 		.ascii	"long unsigned int\000"
 1787      20756E73 
 1787      69676E65 
 1787      6420696E 
 1787      7400
 1788              	.LASF99:
 1789 01a5 63685F64 		.ascii	"ch_debug\000"
ARM GAS  /tmp/cc6vCl3j.s 			page 34


 1789      65627567 
 1789      00
 1790              	.LASF46:
 1791 01ae 636F6E74 		.ascii	"context\000"
 1791      65787400 
 1792              	.LASF6:
 1793 01b6 73686F72 		.ascii	"short unsigned int\000"
 1793      7420756E 
 1793      7369676E 
 1793      65642069 
 1793      6E7400
 1794              	.LASF18:
 1795 01c9 6D73675F 		.ascii	"msg_t\000"
 1795      7400
 1796              	.LASF14:
 1797 01cf 746D6F64 		.ascii	"tmode_t\000"
 1797      655F7400 
 1798              	.LASF42:
 1799 01d7 54687265 		.ascii	"ThreadsList\000"
 1799      6164734C 
 1799      69737400 
 1800              	.LASF19:
 1801 01e3 6576656E 		.ascii	"eventmask_t\000"
 1801      746D6173 
 1801      6B5F7400 
 1802              	.LASF64:
 1803 01ef 4D757465 		.ascii	"Mutex\000"
 1803      7800
 1804              	.LASF44:
 1805 01f5 73746B61 		.ascii	"stkalign_t\000"
 1805      6C69676E 
 1805      5F7400
 1806              	.LASF75:
 1807 0200 63685F7A 		.ascii	"ch_zero\000"
 1807      65726F00 
 1808              	.LASF89:
 1809 0208 63665F6F 		.ascii	"cf_off_refs\000"
 1809      66665F72 
 1809      65667300 
 1810              	.LASF51:
 1811 0214 76745F74 		.ascii	"vt_time\000"
 1811      696D6500 
 1812              	.LASF52:
 1813 021c 76745F66 		.ascii	"vt_func\000"
 1813      756E6300 
 1814              	.LASF79:
 1815 0224 63685F74 		.ascii	"ch_timesize\000"
 1815      696D6573 
 1815      697A6500 
 1816              	.LASF85:
 1817 0230 63665F6F 		.ascii	"cf_off_name\000"
 1817      66665F6E 
 1817      616D6500 
 1818              	.LASF28:
 1819 023c 705F6F6C 		.ascii	"p_older\000"
 1819      64657200 
 1820              	.LASF58:
ARM GAS  /tmp/cc6vCl3j.s 			page 35


 1821 0244 725F6374 		.ascii	"r_ctx\000"
 1821      7800
 1822              	.LASF41:
 1823 024a 54687265 		.ascii	"ThreadsQueue\000"
 1823      61647351 
 1823      75657565 
 1823      00
 1824              	.LASF76:
 1825 0257 63685F73 		.ascii	"ch_size\000"
 1825      697A6500 
 1826              	.LASF62:
 1827 025f 725F6375 		.ascii	"r_current\000"
 1827      7272656E 
 1827      7400
 1828              	.LASF60:
 1829 0269 725F6F6C 		.ascii	"r_older\000"
 1829      64657200 
 1830              	.LASF93:
 1831 0271 5F69646C 		.ascii	"_idle_thread\000"
 1831      655F7468 
 1831      72656164 
 1831      00
 1832              	.LASF16:
 1833 027e 74726566 		.ascii	"trefs_t\000"
 1833      735F7400 
 1834              	.LASF78:
 1835 0286 63685F70 		.ascii	"ch_ptrsize\000"
 1835      74727369 
 1835      7A6500
 1836              	.LASF24:
 1837 0291 705F7072 		.ascii	"p_prev\000"
 1837      657600
 1838              	.LASF17:
 1839 0298 74707269 		.ascii	"tprio_t\000"
 1839      6F5F7400 
 1840              	.LASF7:
 1841 02a0 696E7433 		.ascii	"int32_t\000"
 1841      325F7400 
 1842              	.LASF2:
 1843 02a8 756E7369 		.ascii	"unsigned char\000"
 1843      676E6564 
 1843      20636861 
 1843      7200
 1844              	.LASF38:
 1845 02b6 705F6D74 		.ascii	"p_mtxlist\000"
 1845      786C6973 
 1845      7400
 1846              	.LASF3:
 1847 02c0 73686F72 		.ascii	"short int\000"
 1847      7420696E 
 1847      7400
 1848              	.LASF30:
 1849 02ca 705F7374 		.ascii	"p_state\000"
 1849      61746500 
 1850              	.LASF91:
 1851 02d2 63665F6F 		.ascii	"cf_off_time\000"
 1851      66665F74 
ARM GAS  /tmp/cc6vCl3j.s 			page 36


 1851      696D6500 
 1852              	.LASF57:
 1853 02de 725F7072 		.ascii	"r_prio\000"
 1853      696F00
 1854              	.LASF71:
 1855 02e5 65776D61 		.ascii	"ewmask\000"
 1855      736B00
 1856              	.LASF23:
 1857 02ec 705F6E65 		.ascii	"p_next\000"
 1857      787400
 1858              	.LASF90:
 1859 02f3 63665F6F 		.ascii	"cf_off_preempt\000"
 1859      66665F70 
 1859      7265656D 
 1859      707400
 1860              	.LASF31:
 1861 0302 705F666C 		.ascii	"p_flags\000"
 1861      61677300 
 1862              	.LASF22:
 1863 030a 54687265 		.ascii	"Thread\000"
 1863      616400
 1864              	.LASF83:
 1865 0311 63665F6F 		.ascii	"cf_off_newer\000"
 1865      66665F6E 
 1865      65776572 
 1865      00
 1866              	.LASF37:
 1867 031e 705F6570 		.ascii	"p_epending\000"
 1867      656E6469 
 1867      6E6700
 1868              	.LASF9:
 1869 0329 75696E74 		.ascii	"uint32_t\000"
 1869      33325F74 
 1869      00
 1870              	.LASF81:
 1871 0332 63665F6F 		.ascii	"cf_off_prio\000"
 1871      66665F70 
 1871      72696F00 
 1872              	.LASF56:
 1873 033e 725F7175 		.ascii	"r_queue\000"
 1873      65756500 
 1874              	.LASF48:
 1875 0346 56697274 		.ascii	"VirtualTimer\000"
 1875      75616C54 
 1875      696D6572 
 1875      00
 1876              	.LASF101:
 1877 0353 474E5520 		.ascii	"GNU C 4.6.3\000"
 1877      4320342E 
 1877      362E3300 
 1878              	.LASF72:
 1879 035f 63686172 		.ascii	"char\000"
 1879      00
 1880              	.LASF67:
 1881 0364 6D5F6E65 		.ascii	"m_next\000"
 1881      787400
 1882              	.LASF20:
ARM GAS  /tmp/cc6vCl3j.s 			page 37


 1883 036b 73797374 		.ascii	"systime_t\000"
 1883      696D655F 
 1883      7400
 1884              	.LASF39:
 1885 0375 705F7265 		.ascii	"p_realprio\000"
 1885      616C7072 
 1885      696F00
 1886              	.LASF47:
 1887 0380 76746675 		.ascii	"vtfunc_t\000"
 1887      6E635F74 
 1887      00
 1888              	.LASF33:
 1889 0389 705F7469 		.ascii	"p_time\000"
 1889      6D6500
 1890              	.LASF45:
 1891 0390 696E7463 		.ascii	"intctx\000"
 1891      747800
 1892              	.LASF35:
 1893 0397 705F6D73 		.ascii	"p_msgqueue\000"
 1893      67717565 
 1893      756500
 1894              	.LASF53:
 1895 03a2 76745F70 		.ascii	"vt_par\000"
 1895      617200
 1896              	.LASF82:
 1897 03a9 63665F6F 		.ascii	"cf_off_ctx\000"
 1897      66665F63 
 1897      747800
 1898              	.LASF32:
 1899 03b4 705F7265 		.ascii	"p_refs\000"
 1899      667300
 1900              	.LASF63:
 1901 03bb 52656164 		.ascii	"ReadyList\000"
 1901      794C6973 
 1901      7400
 1902              	.LASF98:
 1903 03c5 726C6973 		.ascii	"rlist\000"
 1903      7400
 1904              	.LASF4:
 1905 03cb 75696E74 		.ascii	"uint8_t\000"
 1905      385F7400 
 1906              	.LASF70:
 1907 03d3 77746F62 		.ascii	"wtobjp\000"
 1907      6A7000
 1908              	.LASF29:
 1909 03da 705F6E61 		.ascii	"p_name\000"
 1909      6D6500
 1910              	.LASF54:
 1911 03e1 76745F73 		.ascii	"vt_systime\000"
 1911      79737469 
 1911      6D6500
 1912              	.LASF77:
 1913 03ec 63685F76 		.ascii	"ch_version\000"
 1913      65727369 
 1913      6F6E00
 1914              	.LASF55:
 1915 03f7 56544C69 		.ascii	"VTList\000"
ARM GAS  /tmp/cc6vCl3j.s 			page 38


 1915      737400
 1916              	.LASF61:
 1917 03fe 725F7072 		.ascii	"r_preempt\000"
 1917      65656D70 
 1917      7400
 1918              	.LASF66:
 1919 0408 6D5F6F77 		.ascii	"m_owner\000"
 1919      6E657200 
 1920              	.LASF26:
 1921 0410 705F6374 		.ascii	"p_ctx\000"
 1921      7800
 1922              	.LASF34:
 1923 0416 705F7761 		.ascii	"p_waiting\000"
 1923      6974696E 
 1923      6700
 1924              		.ident	"GCC: (Sourcery CodeBench Lite 2012.03-56) 4.6.3"
ARM GAS  /tmp/cc6vCl3j.s 			page 39


DEFINED SYMBOLS
                            *ABS*:00000000 chsys.c
     /tmp/cc6vCl3j.s:21     .text._idle_thread:00000000 $t
     /tmp/cc6vCl3j.s:27     .text._idle_thread:00000000 _idle_thread
     /tmp/cc6vCl3j.s:211    .rodata.str1.4:00000000 .LC0
     /tmp/cc6vCl3j.s:50     .text.chSysInit:00000000 $t
     /tmp/cc6vCl3j.s:56     .text.chSysInit:00000000 chSysInit
     /tmp/cc6vCl3j.s:215    .bss.mainthread.4693:00000000 .LANCHOR0
     /tmp/cc6vCl3j.s:222    .bss._idle_thread_wa:00000000 .LANCHOR1
     /tmp/cc6vCl3j.s:130    .text.chSysTimerHandlerI:00000000 $t
     /tmp/cc6vCl3j.s:136    .text.chSysTimerHandlerI:00000000 chSysTimerHandlerI
     /tmp/cc6vCl3j.s:225    .bss._idle_thread_wa:00000000 _idle_thread_wa
     /tmp/cc6vCl3j.s:210    .rodata.str1.4:00000000 $d
     /tmp/cc6vCl3j.s:214    .bss.mainthread.4693:00000000 $d
     /tmp/cc6vCl3j.s:218    .bss.mainthread.4693:00000000 mainthread.4693
     /tmp/cc6vCl3j.s:221    .bss._idle_thread_wa:00000000 $d
                     .debug_frame:00000010 $d

UNDEFINED SYMBOLS
rlist
_port_init
_scheduler_init
_vt_init
_core_init
_heap_init
_thread_init
ch_debug
chThdCreateStatic
vtlist
