ARM GAS  /tmp/cckRaxPq.s 			page 1


   1              		.syntax unified
   2              		.cpu cortex-m4
   3              		.eabi_attribute 27, 3
   4              		.eabi_attribute 28, 1
   5              		.fpu fpv4-sp-d16
   6              		.eabi_attribute 20, 1
   7              		.eabi_attribute 21, 1
   8              		.eabi_attribute 23, 3
   9              		.eabi_attribute 24, 1
  10              		.eabi_attribute 25, 1
  11              		.eabi_attribute 26, 1
  12              		.eabi_attribute 30, 2
  13              		.eabi_attribute 34, 1
  14              		.eabi_attribute 18, 4
  15              		.thumb
  16              		.file	"chvt.c"
  17              		.text
  18              	.Ltext0:
  19              		.cfi_sections	.debug_frame
  20              		.section	.text._vt_init,"ax",%progbits
  21              		.align	2
  22              		.p2align 4,,15
  23              		.global	_vt_init
  24              		.thumb
  25              		.thumb_func
  26              		.type	_vt_init, %function
  27              	_vt_init:
  28              	.LFB7:
  29              		.file 1 "/opt/ChibiOS/ChibiOS_2.4.4/os/kernel/src/chvt.c"
  30              		.loc 1 50 0
  31              		.cfi_startproc
  32              		@ args = 0, pretend = 0, frame = 0
  33              		@ frame_needed = 0, uses_anonymous_args = 0
  34              		@ link register save eliminated.
  35              		.loc 1 52 0
  36 0000 40F20003 		movw	r3, #:lower16:.LANCHOR0
  37 0004 C0F20003 		movt	r3, #:upper16:.LANCHOR0
  38              		.loc 1 53 0
  39 0008 4FF0FF30 		mov	r0, #-1
  40              		.loc 1 54 0
  41 000c 0022     		movs	r2, #0
  42              		.loc 1 52 0
  43 000e 5B60     		str	r3, [r3, #4]
  44 0010 1B60     		str	r3, [r3, #0]
  45              		.loc 1 53 0
  46 0012 9860     		str	r0, [r3, #8]
  47              		.loc 1 54 0
  48 0014 DA60     		str	r2, [r3, #12]
  49              		.loc 1 55 0
  50 0016 7047     		bx	lr
  51              		.cfi_endproc
  52              	.LFE7:
  53              		.size	_vt_init, .-_vt_init
  54 0018 AFF30080 		.section	.text.chVTSetI,"ax",%progbits
  54      AFF30080 
  55              		.align	2
  56              		.p2align 4,,15
ARM GAS  /tmp/cckRaxPq.s 			page 2


  57              		.global	chVTSetI
  58              		.thumb
  59              		.thumb_func
  60              		.type	chVTSetI, %function
  61              	chVTSetI:
  62              	.LFB8:
  63              		.loc 1 77 0
  64              		.cfi_startproc
  65              		@ args = 0, pretend = 0, frame = 0
  66              		@ frame_needed = 0, uses_anonymous_args = 0
  67              		@ link register save eliminated.
  68              	.LVL0:
  69 0000 30B4     		push	{r4, r5}
  70              	.LCFI0:
  71              		.cfi_def_cfa_offset 8
  72              		.cfi_offset 5, -4
  73              		.cfi_offset 4, -8
  74              		.loc 1 86 0
  75 0002 40F20004 		movw	r4, #:lower16:.LANCHOR0
  76 0006 C0F20004 		movt	r4, #:upper16:.LANCHOR0
  77              		.loc 1 84 0
  78 000a 0361     		str	r3, [r0, #16]
  79              		.loc 1 86 0
  80 000c 2568     		ldr	r5, [r4, #0]
  81              	.LVL1:
  82              		.loc 1 85 0
  83 000e C260     		str	r2, [r0, #12]
  84              		.loc 1 87 0
  85 0010 AB68     		ldr	r3, [r5, #8]
  86              	.LVL2:
  87 0012 9942     		cmp	r1, r3
  88 0014 04D9     		bls	.L3
  89              	.LVL3:
  90              	.L6:
  91              		.loc 1 89 0
  92 0016 2D68     		ldr	r5, [r5, #0]
  93              	.LVL4:
  94              		.loc 1 88 0
  95 0018 C91A     		subs	r1, r1, r3
  96              	.LVL5:
  97              		.loc 1 87 0
  98 001a AB68     		ldr	r3, [r5, #8]
  99 001c 8B42     		cmp	r3, r1
 100 001e FAD3     		bcc	.L6
 101              	.L3:
 102              		.loc 1 92 0
 103 0020 6B68     		ldr	r3, [r5, #4]
 104              		.loc 1 94 0
 105 0022 8160     		str	r1, [r0, #8]
 106              		.loc 1 95 0
 107 0024 A542     		cmp	r5, r4
 108              		.loc 1 92 0
 109 0026 4360     		str	r3, [r0, #4]
 110 0028 0560     		str	r5, [r0, #0]
 111              		.loc 1 93 0
 112 002a 1860     		str	r0, [r3, #0]
 113              		.loc 1 96 0
ARM GAS  /tmp/cckRaxPq.s 			page 3


 114 002c 18BF     		it	ne
 115 002e AB68     		ldrne	r3, [r5, #8]
 116              		.loc 1 93 0
 117 0030 6860     		str	r0, [r5, #4]
 118              		.loc 1 96 0
 119 0032 1CBF     		itt	ne
 120 0034 C1EB0301 		rsbne	r1, r1, r3
 121              	.LVL6:
 122 0038 A960     		strne	r1, [r5, #8]
 123              		.loc 1 97 0
 124 003a 30BC     		pop	{r4, r5}
 125 003c 7047     		bx	lr
 126              		.cfi_endproc
 127              	.LFE8:
 128              		.size	chVTSetI, .-chVTSetI
 129 003e 00BF     		.section	.text.chVTResetI,"ax",%progbits
 130              		.align	2
 131              		.p2align 4,,15
 132              		.global	chVTResetI
 133              		.thumb
 134              		.thumb_func
 135              		.type	chVTResetI, %function
 136              	chVTResetI:
 137              	.LFB9:
 138              		.loc 1 107 0
 139              		.cfi_startproc
 140              		@ args = 0, pretend = 0, frame = 0
 141              		@ frame_needed = 0, uses_anonymous_args = 0
 142              		@ link register save eliminated.
 143              	.LVL7:
 144              		.loc 1 115 0
 145 0000 0368     		ldr	r3, [r0, #0]
 146 0002 40F20002 		movw	r2, #:lower16:.LANCHOR0
 147 0006 C0F20002 		movt	r2, #:upper16:.LANCHOR0
 148 000a 9342     		cmp	r3, r2
 149              		.loc 1 116 0
 150 000c 1FBF     		itttt	ne
 151 000e 9968     		ldrne	r1, [r3, #8]
 152 0010 8268     		ldrne	r2, [r0, #8]
 153 0012 8A18     		addne	r2, r1, r2
 154 0014 9A60     		strne	r2, [r3, #8]
 155              		.loc 1 117 0
 156 0016 4268     		ldr	r2, [r0, #4]
 157 0018 1360     		str	r3, [r2, #0]
 158              		.loc 1 118 0
 159 001a 0168     		ldr	r1, [r0, #0]
 160              		.loc 1 119 0
 161 001c 0023     		movs	r3, #0
 162              		.loc 1 118 0
 163 001e 4A60     		str	r2, [r1, #4]
 164              		.loc 1 119 0
 165 0020 C360     		str	r3, [r0, #12]
 166              		.loc 1 120 0
 167 0022 7047     		bx	lr
 168              		.cfi_endproc
 169              	.LFE9:
 170              		.size	chVTResetI, .-chVTResetI
ARM GAS  /tmp/cckRaxPq.s 			page 4


 171 0024 AFF30080 		.section	.text.chTimeIsWithin,"ax",%progbits
 171      AFF30080 
 171      AFF30080 
 172              		.align	2
 173              		.p2align 4,,15
 174              		.global	chTimeIsWithin
 175              		.thumb
 176              		.thumb_func
 177              		.type	chTimeIsWithin, %function
 178              	chTimeIsWithin:
 179              	.LFB10:
 180              		.loc 1 135 0
 181              		.cfi_startproc
 182              		@ args = 0, pretend = 0, frame = 0
 183              		@ frame_needed = 0, uses_anonymous_args = 0
 184              		@ link register save eliminated.
 185              	.LVL8:
 186              		.loc 1 137 0
 187 0000 40F20003 		movw	r3, #:lower16:.LANCHOR0
 188 0004 C0F20003 		movt	r3, #:upper16:.LANCHOR0
 189              		.loc 1 138 0
 190 0008 8142     		cmp	r1, r0
 191              		.loc 1 137 0
 192 000a DB68     		ldr	r3, [r3, #12]
 193              	.LVL9:
 194              		.loc 1 138 0
 195 000c 08D8     		bhi	.L14
 196              		.loc 1 139 0 discriminator 2
 197 000e 8342     		cmp	r3, r0
 198 0010 34BF     		ite	cc
 199 0012 0020     		movcc	r0, #0
 200              	.LVL10:
 201 0014 0120     		movcs	r0, #1
 202              		.loc 1 138 0 discriminator 2
 203 0016 8B42     		cmp	r3, r1
 204 0018 38BF     		it	cc
 205 001a 40F00100 		orrcc	r0, r0, #1
 206              		.loc 1 140 0 discriminator 2
 207 001e 7047     		bx	lr
 208              	.LVL11:
 209              	.L14:
 210              		.loc 1 138 0 discriminator 1
 211 0020 8342     		cmp	r3, r0
 212 0022 34BF     		ite	cc
 213 0024 0020     		movcc	r0, #0
 214              	.LVL12:
 215 0026 0120     		movcs	r0, #1
 216 0028 8B42     		cmp	r3, r1
 217 002a 2CBF     		ite	cs
 218 002c 0020     		movcs	r0, #0
 219 002e 00F00100 		andcc	r0, r0, #1
 220 0032 7047     		bx	lr
 221              		.cfi_endproc
 222              	.LFE10:
 223              		.size	chTimeIsWithin, .-chTimeIsWithin
 224              		.global	vtlist
 225 0034 AFF30080 		.section	.bss.vtlist,"aw",%nobits
ARM GAS  /tmp/cckRaxPq.s 			page 5


 225      AFF30080 
 225      AFF30080 
 226              		.align	2
 227              		.set	.LANCHOR0,. + 0
 228              		.type	vtlist, %object
 229              		.size	vtlist, 16
 230              	vtlist:
 231 0000 00000000 		.space	16
 231      00000000 
 231      00000000 
 231      00000000 
 232              		.text
 233              	.Letext0:
 234              		.file 2 "/opt/arm/bin/../lib/gcc/arm-none-eabi/4.6.3/../../../../arm-none-eabi/include/stdint.h"
 235              		.file 3 "/opt/ChibiOS/ChibiOS_2.4.4/os/ports/GCC/ARMCMx/chtypes.h"
 236              		.file 4 "/opt/ChibiOS/ChibiOS_2.4.4/os/kernel/include/chvt.h"
 237              		.section	.debug_info,"",%progbits
 238              	.Ldebug_info0:
 239 0000 64020000 		.4byte	0x264
 240 0004 0200     		.2byte	0x2
 241 0006 00000000 		.4byte	.Ldebug_abbrev0
 242 000a 04       		.byte	0x4
 243 000b 01       		.uleb128 0x1
 244 000c 8B000000 		.4byte	.LASF28
 245 0010 01       		.byte	0x1
 246 0011 20000000 		.4byte	.LASF29
 247 0015 00000000 		.4byte	0
 248 0019 00000000 		.4byte	0
 249 001d 00000000 		.4byte	.Ldebug_ranges0+0
 250 0021 00000000 		.4byte	.Ldebug_line0
 251 0025 02       		.uleb128 0x2
 252 0026 04       		.byte	0x4
 253 0027 05       		.byte	0x5
 254 0028 696E7400 		.ascii	"int\000"
 255 002c 03       		.uleb128 0x3
 256 002d 04       		.byte	0x4
 257 002e 07       		.byte	0x7
 258 002f AE000000 		.4byte	.LASF0
 259 0033 03       		.uleb128 0x3
 260 0034 01       		.byte	0x1
 261 0035 06       		.byte	0x6
 262 0036 55010000 		.4byte	.LASF1
 263 003a 03       		.uleb128 0x3
 264 003b 01       		.byte	0x1
 265 003c 08       		.byte	0x8
 266 003d 97000000 		.4byte	.LASF2
 267 0041 03       		.uleb128 0x3
 268 0042 02       		.byte	0x2
 269 0043 05       		.byte	0x5
 270 0044 22010000 		.4byte	.LASF3
 271 0048 03       		.uleb128 0x3
 272 0049 02       		.byte	0x2
 273 004a 07       		.byte	0x7
 274 004b 6B000000 		.4byte	.LASF4
 275 004f 04       		.uleb128 0x4
 276 0050 E6000000 		.4byte	.LASF6
 277 0054 02       		.byte	0x2
ARM GAS  /tmp/cckRaxPq.s 			page 6


 278 0055 4F       		.byte	0x4f
 279 0056 5A000000 		.4byte	0x5a
 280 005a 03       		.uleb128 0x3
 281 005b 04       		.byte	0x4
 282 005c 05       		.byte	0x5
 283 005d 4C010000 		.4byte	.LASF5
 284 0061 04       		.uleb128 0x4
 285 0062 43010000 		.4byte	.LASF7
 286 0066 02       		.byte	0x2
 287 0067 50       		.byte	0x50
 288 0068 6C000000 		.4byte	0x6c
 289 006c 03       		.uleb128 0x3
 290 006d 04       		.byte	0x4
 291 006e 07       		.byte	0x7
 292 006f 59000000 		.4byte	.LASF8
 293 0073 03       		.uleb128 0x3
 294 0074 08       		.byte	0x8
 295 0075 05       		.byte	0x5
 296 0076 F9000000 		.4byte	.LASF9
 297 007a 03       		.uleb128 0x3
 298 007b 08       		.byte	0x8
 299 007c 07       		.byte	0x7
 300 007d BB000000 		.4byte	.LASF10
 301 0081 04       		.uleb128 0x4
 302 0082 19000000 		.4byte	.LASF11
 303 0086 03       		.byte	0x3
 304 0087 2E       		.byte	0x2e
 305 0088 4F000000 		.4byte	0x4f
 306 008c 04       		.uleb128 0x4
 307 008d 09000000 		.4byte	.LASF12
 308 0091 03       		.byte	0x3
 309 0092 36       		.byte	0x36
 310 0093 61000000 		.4byte	0x61
 311 0097 05       		.uleb128 0x5
 312 0098 04       		.byte	0x4
 313 0099 04       		.uleb128 0x4
 314 009a 50000000 		.4byte	.LASF13
 315 009e 04       		.byte	0x4
 316 009f 58       		.byte	0x58
 317 00a0 A4000000 		.4byte	0xa4
 318 00a4 06       		.uleb128 0x6
 319 00a5 04       		.byte	0x4
 320 00a6 AA000000 		.4byte	0xaa
 321 00aa 07       		.uleb128 0x7
 322 00ab 01       		.byte	0x1
 323 00ac B6000000 		.4byte	0xb6
 324 00b0 08       		.uleb128 0x8
 325 00b1 97000000 		.4byte	0x97
 326 00b5 00       		.byte	0
 327 00b6 04       		.uleb128 0x4
 328 00b7 7E000000 		.4byte	.LASF14
 329 00bb 04       		.byte	0x4
 330 00bc 5D       		.byte	0x5d
 331 00bd C1000000 		.4byte	0xc1
 332 00c1 09       		.uleb128 0x9
 333 00c2 7E000000 		.4byte	.LASF14
 334 00c6 14       		.byte	0x14
ARM GAS  /tmp/cckRaxPq.s 			page 7


 335 00c7 04       		.byte	0x4
 336 00c8 64       		.byte	0x64
 337 00c9 14010000 		.4byte	0x114
 338 00cd 0A       		.uleb128 0xa
 339 00ce 68010000 		.4byte	.LASF15
 340 00d2 04       		.byte	0x4
 341 00d3 65       		.byte	0x65
 342 00d4 14010000 		.4byte	0x114
 343 00d8 02       		.byte	0x2
 344 00d9 23       		.byte	0x23
 345 00da 00       		.uleb128 0
 346 00db 0A       		.uleb128 0xa
 347 00dc 3B010000 		.4byte	.LASF16
 348 00e0 04       		.byte	0x4
 349 00e1 67       		.byte	0x67
 350 00e2 14010000 		.4byte	0x114
 351 00e6 02       		.byte	0x2
 352 00e7 23       		.byte	0x23
 353 00e8 04       		.uleb128 0x4
 354 00e9 0A       		.uleb128 0xa
 355 00ea DE000000 		.4byte	.LASF17
 356 00ee 04       		.byte	0x4
 357 00ef 69       		.byte	0x69
 358 00f0 8C000000 		.4byte	0x8c
 359 00f4 02       		.byte	0x2
 360 00f5 23       		.byte	0x23
 361 00f6 08       		.uleb128 0x8
 362 00f7 0A       		.uleb128 0xa
 363 00f8 07010000 		.4byte	.LASF18
 364 00fc 04       		.byte	0x4
 365 00fd 6A       		.byte	0x6a
 366 00fe 99000000 		.4byte	0x99
 367 0102 02       		.byte	0x2
 368 0103 23       		.byte	0x23
 369 0104 0C       		.uleb128 0xc
 370 0105 0A       		.uleb128 0xa
 371 0106 1B010000 		.4byte	.LASF19
 372 010a 04       		.byte	0x4
 373 010b 6C       		.byte	0x6c
 374 010c 97000000 		.4byte	0x97
 375 0110 02       		.byte	0x2
 376 0111 23       		.byte	0x23
 377 0112 10       		.uleb128 0x10
 378 0113 00       		.byte	0
 379 0114 06       		.uleb128 0x6
 380 0115 04       		.byte	0x4
 381 0116 B6000000 		.4byte	0xb6
 382 011a 0B       		.uleb128 0xb
 383 011b 10       		.byte	0x10
 384 011c 04       		.byte	0x4
 385 011d 76       		.byte	0x76
 386 011e 5B010000 		.4byte	0x15b
 387 0122 0A       		.uleb128 0xa
 388 0123 68010000 		.4byte	.LASF15
 389 0127 04       		.byte	0x4
 390 0128 77       		.byte	0x77
 391 0129 14010000 		.4byte	0x114
ARM GAS  /tmp/cckRaxPq.s 			page 8


 392 012d 02       		.byte	0x2
 393 012e 23       		.byte	0x23
 394 012f 00       		.uleb128 0
 395 0130 0A       		.uleb128 0xa
 396 0131 3B010000 		.4byte	.LASF16
 397 0135 04       		.byte	0x4
 398 0136 79       		.byte	0x79
 399 0137 14010000 		.4byte	0x114
 400 013b 02       		.byte	0x2
 401 013c 23       		.byte	0x23
 402 013d 04       		.uleb128 0x4
 403 013e 0A       		.uleb128 0xa
 404 013f DE000000 		.4byte	.LASF17
 405 0143 04       		.byte	0x4
 406 0144 7B       		.byte	0x7b
 407 0145 8C000000 		.4byte	0x8c
 408 0149 02       		.byte	0x2
 409 014a 23       		.byte	0x23
 410 014b 08       		.uleb128 0x8
 411 014c 0A       		.uleb128 0xa
 412 014d EE000000 		.4byte	.LASF20
 413 0151 04       		.byte	0x4
 414 0152 7C       		.byte	0x7c
 415 0153 5B010000 		.4byte	0x15b
 416 0157 02       		.byte	0x2
 417 0158 23       		.byte	0x23
 418 0159 0C       		.uleb128 0xc
 419 015a 00       		.byte	0
 420 015b 0C       		.uleb128 0xc
 421 015c 8C000000 		.4byte	0x8c
 422 0160 04       		.uleb128 0x4
 423 0161 61010000 		.4byte	.LASF21
 424 0165 04       		.byte	0x4
 425 0166 7D       		.byte	0x7d
 426 0167 1A010000 		.4byte	0x11a
 427 016b 03       		.uleb128 0x3
 428 016c 01       		.byte	0x1
 429 016d 08       		.byte	0x8
 430 016e 16010000 		.4byte	.LASF22
 431 0172 0D       		.uleb128 0xd
 432 0173 01       		.byte	0x1
 433 0174 A5000000 		.4byte	.LASF30
 434 0178 01       		.byte	0x1
 435 0179 32       		.byte	0x32
 436 017a 01       		.byte	0x1
 437 017b 00000000 		.4byte	.LFB7
 438 017f 18000000 		.4byte	.LFE7
 439 0183 02       		.byte	0x2
 440 0184 7D       		.byte	0x7d
 441 0185 00       		.sleb128 0
 442 0186 0E       		.uleb128 0xe
 443 0187 01       		.byte	0x1
 444 0188 00000000 		.4byte	.LASF25
 445 018c 01       		.byte	0x1
 446 018d 4D       		.byte	0x4d
 447 018e 01       		.byte	0x1
 448 018f 00000000 		.4byte	.LFB8
ARM GAS  /tmp/cckRaxPq.s 			page 9


 449 0193 3E000000 		.4byte	.LFE8
 450 0197 00000000 		.4byte	.LLST0
 451 019b E5010000 		.4byte	0x1e5
 452 019f 0F       		.uleb128 0xf
 453 01a0 76747000 		.ascii	"vtp\000"
 454 01a4 01       		.byte	0x1
 455 01a5 4D       		.byte	0x4d
 456 01a6 14010000 		.4byte	0x114
 457 01aa 01       		.byte	0x1
 458 01ab 50       		.byte	0x50
 459 01ac 10       		.uleb128 0x10
 460 01ad D9000000 		.4byte	.LASF23
 461 01b1 01       		.byte	0x1
 462 01b2 4D       		.byte	0x4d
 463 01b3 8C000000 		.4byte	0x8c
 464 01b7 20000000 		.4byte	.LLST1
 465 01bb 11       		.uleb128 0x11
 466 01bc 0F010000 		.4byte	.LASF24
 467 01c0 01       		.byte	0x1
 468 01c1 4D       		.byte	0x4d
 469 01c2 99000000 		.4byte	0x99
 470 01c6 01       		.byte	0x1
 471 01c7 52       		.byte	0x52
 472 01c8 12       		.uleb128 0x12
 473 01c9 70617200 		.ascii	"par\000"
 474 01cd 01       		.byte	0x1
 475 01ce 4D       		.byte	0x4d
 476 01cf 97000000 		.4byte	0x97
 477 01d3 3F000000 		.4byte	.LLST2
 478 01d7 13       		.uleb128 0x13
 479 01d8 7000     		.ascii	"p\000"
 480 01da 01       		.byte	0x1
 481 01db 4E       		.byte	0x4e
 482 01dc 14010000 		.4byte	0x114
 483 01e0 5E000000 		.4byte	.LLST3
 484 01e4 00       		.byte	0
 485 01e5 14       		.uleb128 0x14
 486 01e6 01       		.byte	0x1
 487 01e7 70010000 		.4byte	.LASF26
 488 01eb 01       		.byte	0x1
 489 01ec 6B       		.byte	0x6b
 490 01ed 01       		.byte	0x1
 491 01ee 00000000 		.4byte	.LFB9
 492 01f2 24000000 		.4byte	.LFE9
 493 01f6 02       		.byte	0x2
 494 01f7 7D       		.byte	0x7d
 495 01f8 00       		.sleb128 0
 496 01f9 0B020000 		.4byte	0x20b
 497 01fd 0F       		.uleb128 0xf
 498 01fe 76747000 		.ascii	"vtp\000"
 499 0202 01       		.byte	0x1
 500 0203 6B       		.byte	0x6b
 501 0204 14010000 		.4byte	0x114
 502 0208 01       		.byte	0x1
 503 0209 50       		.byte	0x50
 504 020a 00       		.byte	0
 505 020b 15       		.uleb128 0x15
ARM GAS  /tmp/cckRaxPq.s 			page 10


 506 020c 01       		.byte	0x1
 507 020d 2C010000 		.4byte	.LASF31
 508 0211 01       		.byte	0x1
 509 0212 87       		.byte	0x87
 510 0213 01       		.byte	0x1
 511 0214 81000000 		.4byte	0x81
 512 0218 00000000 		.4byte	.LFB10
 513 021c 34000000 		.4byte	.LFE10
 514 0220 02       		.byte	0x2
 515 0221 7D       		.byte	0x7d
 516 0222 00       		.sleb128 0
 517 0223 55020000 		.4byte	0x255
 518 0227 10       		.uleb128 0x10
 519 0228 13000000 		.4byte	.LASF27
 520 022c 01       		.byte	0x1
 521 022d 87       		.byte	0x87
 522 022e 8C000000 		.4byte	0x8c
 523 0232 8B000000 		.4byte	.LLST4
 524 0236 0F       		.uleb128 0xf
 525 0237 656E6400 		.ascii	"end\000"
 526 023b 01       		.byte	0x1
 527 023c 87       		.byte	0x87
 528 023d 8C000000 		.4byte	0x8c
 529 0241 01       		.byte	0x1
 530 0242 51       		.byte	0x51
 531 0243 16       		.uleb128 0x16
 532 0244 D9000000 		.4byte	.LASF23
 533 0248 01       		.byte	0x1
 534 0249 89       		.byte	0x89
 535 024a 8C000000 		.4byte	0x8c
 536 024e 05       		.byte	0x5
 537 024f 03       		.byte	0x3
 538 0250 0C000000 		.4byte	vtlist+12
 539 0254 00       		.byte	0
 540 0255 17       		.uleb128 0x17
 541 0256 D2000000 		.4byte	.LASF32
 542 025a 01       		.byte	0x1
 543 025b 2A       		.byte	0x2a
 544 025c 60010000 		.4byte	0x160
 545 0260 01       		.byte	0x1
 546 0261 05       		.byte	0x5
 547 0262 03       		.byte	0x3
 548 0263 00000000 		.4byte	vtlist
 549 0267 00       		.byte	0
 550              		.section	.debug_abbrev,"",%progbits
 551              	.Ldebug_abbrev0:
 552 0000 01       		.uleb128 0x1
 553 0001 11       		.uleb128 0x11
 554 0002 01       		.byte	0x1
 555 0003 25       		.uleb128 0x25
 556 0004 0E       		.uleb128 0xe
 557 0005 13       		.uleb128 0x13
 558 0006 0B       		.uleb128 0xb
 559 0007 03       		.uleb128 0x3
 560 0008 0E       		.uleb128 0xe
 561 0009 11       		.uleb128 0x11
 562 000a 01       		.uleb128 0x1
ARM GAS  /tmp/cckRaxPq.s 			page 11


 563 000b 52       		.uleb128 0x52
 564 000c 01       		.uleb128 0x1
 565 000d 55       		.uleb128 0x55
 566 000e 06       		.uleb128 0x6
 567 000f 10       		.uleb128 0x10
 568 0010 06       		.uleb128 0x6
 569 0011 00       		.byte	0
 570 0012 00       		.byte	0
 571 0013 02       		.uleb128 0x2
 572 0014 24       		.uleb128 0x24
 573 0015 00       		.byte	0
 574 0016 0B       		.uleb128 0xb
 575 0017 0B       		.uleb128 0xb
 576 0018 3E       		.uleb128 0x3e
 577 0019 0B       		.uleb128 0xb
 578 001a 03       		.uleb128 0x3
 579 001b 08       		.uleb128 0x8
 580 001c 00       		.byte	0
 581 001d 00       		.byte	0
 582 001e 03       		.uleb128 0x3
 583 001f 24       		.uleb128 0x24
 584 0020 00       		.byte	0
 585 0021 0B       		.uleb128 0xb
 586 0022 0B       		.uleb128 0xb
 587 0023 3E       		.uleb128 0x3e
 588 0024 0B       		.uleb128 0xb
 589 0025 03       		.uleb128 0x3
 590 0026 0E       		.uleb128 0xe
 591 0027 00       		.byte	0
 592 0028 00       		.byte	0
 593 0029 04       		.uleb128 0x4
 594 002a 16       		.uleb128 0x16
 595 002b 00       		.byte	0
 596 002c 03       		.uleb128 0x3
 597 002d 0E       		.uleb128 0xe
 598 002e 3A       		.uleb128 0x3a
 599 002f 0B       		.uleb128 0xb
 600 0030 3B       		.uleb128 0x3b
 601 0031 0B       		.uleb128 0xb
 602 0032 49       		.uleb128 0x49
 603 0033 13       		.uleb128 0x13
 604 0034 00       		.byte	0
 605 0035 00       		.byte	0
 606 0036 05       		.uleb128 0x5
 607 0037 0F       		.uleb128 0xf
 608 0038 00       		.byte	0
 609 0039 0B       		.uleb128 0xb
 610 003a 0B       		.uleb128 0xb
 611 003b 00       		.byte	0
 612 003c 00       		.byte	0
 613 003d 06       		.uleb128 0x6
 614 003e 0F       		.uleb128 0xf
 615 003f 00       		.byte	0
 616 0040 0B       		.uleb128 0xb
 617 0041 0B       		.uleb128 0xb
 618 0042 49       		.uleb128 0x49
 619 0043 13       		.uleb128 0x13
ARM GAS  /tmp/cckRaxPq.s 			page 12


 620 0044 00       		.byte	0
 621 0045 00       		.byte	0
 622 0046 07       		.uleb128 0x7
 623 0047 15       		.uleb128 0x15
 624 0048 01       		.byte	0x1
 625 0049 27       		.uleb128 0x27
 626 004a 0C       		.uleb128 0xc
 627 004b 01       		.uleb128 0x1
 628 004c 13       		.uleb128 0x13
 629 004d 00       		.byte	0
 630 004e 00       		.byte	0
 631 004f 08       		.uleb128 0x8
 632 0050 05       		.uleb128 0x5
 633 0051 00       		.byte	0
 634 0052 49       		.uleb128 0x49
 635 0053 13       		.uleb128 0x13
 636 0054 00       		.byte	0
 637 0055 00       		.byte	0
 638 0056 09       		.uleb128 0x9
 639 0057 13       		.uleb128 0x13
 640 0058 01       		.byte	0x1
 641 0059 03       		.uleb128 0x3
 642 005a 0E       		.uleb128 0xe
 643 005b 0B       		.uleb128 0xb
 644 005c 0B       		.uleb128 0xb
 645 005d 3A       		.uleb128 0x3a
 646 005e 0B       		.uleb128 0xb
 647 005f 3B       		.uleb128 0x3b
 648 0060 0B       		.uleb128 0xb
 649 0061 01       		.uleb128 0x1
 650 0062 13       		.uleb128 0x13
 651 0063 00       		.byte	0
 652 0064 00       		.byte	0
 653 0065 0A       		.uleb128 0xa
 654 0066 0D       		.uleb128 0xd
 655 0067 00       		.byte	0
 656 0068 03       		.uleb128 0x3
 657 0069 0E       		.uleb128 0xe
 658 006a 3A       		.uleb128 0x3a
 659 006b 0B       		.uleb128 0xb
 660 006c 3B       		.uleb128 0x3b
 661 006d 0B       		.uleb128 0xb
 662 006e 49       		.uleb128 0x49
 663 006f 13       		.uleb128 0x13
 664 0070 38       		.uleb128 0x38
 665 0071 0A       		.uleb128 0xa
 666 0072 00       		.byte	0
 667 0073 00       		.byte	0
 668 0074 0B       		.uleb128 0xb
 669 0075 13       		.uleb128 0x13
 670 0076 01       		.byte	0x1
 671 0077 0B       		.uleb128 0xb
 672 0078 0B       		.uleb128 0xb
 673 0079 3A       		.uleb128 0x3a
 674 007a 0B       		.uleb128 0xb
 675 007b 3B       		.uleb128 0x3b
 676 007c 0B       		.uleb128 0xb
ARM GAS  /tmp/cckRaxPq.s 			page 13


 677 007d 01       		.uleb128 0x1
 678 007e 13       		.uleb128 0x13
 679 007f 00       		.byte	0
 680 0080 00       		.byte	0
 681 0081 0C       		.uleb128 0xc
 682 0082 35       		.uleb128 0x35
 683 0083 00       		.byte	0
 684 0084 49       		.uleb128 0x49
 685 0085 13       		.uleb128 0x13
 686 0086 00       		.byte	0
 687 0087 00       		.byte	0
 688 0088 0D       		.uleb128 0xd
 689 0089 2E       		.uleb128 0x2e
 690 008a 00       		.byte	0
 691 008b 3F       		.uleb128 0x3f
 692 008c 0C       		.uleb128 0xc
 693 008d 03       		.uleb128 0x3
 694 008e 0E       		.uleb128 0xe
 695 008f 3A       		.uleb128 0x3a
 696 0090 0B       		.uleb128 0xb
 697 0091 3B       		.uleb128 0x3b
 698 0092 0B       		.uleb128 0xb
 699 0093 27       		.uleb128 0x27
 700 0094 0C       		.uleb128 0xc
 701 0095 11       		.uleb128 0x11
 702 0096 01       		.uleb128 0x1
 703 0097 12       		.uleb128 0x12
 704 0098 01       		.uleb128 0x1
 705 0099 40       		.uleb128 0x40
 706 009a 0A       		.uleb128 0xa
 707 009b 00       		.byte	0
 708 009c 00       		.byte	0
 709 009d 0E       		.uleb128 0xe
 710 009e 2E       		.uleb128 0x2e
 711 009f 01       		.byte	0x1
 712 00a0 3F       		.uleb128 0x3f
 713 00a1 0C       		.uleb128 0xc
 714 00a2 03       		.uleb128 0x3
 715 00a3 0E       		.uleb128 0xe
 716 00a4 3A       		.uleb128 0x3a
 717 00a5 0B       		.uleb128 0xb
 718 00a6 3B       		.uleb128 0x3b
 719 00a7 0B       		.uleb128 0xb
 720 00a8 27       		.uleb128 0x27
 721 00a9 0C       		.uleb128 0xc
 722 00aa 11       		.uleb128 0x11
 723 00ab 01       		.uleb128 0x1
 724 00ac 12       		.uleb128 0x12
 725 00ad 01       		.uleb128 0x1
 726 00ae 40       		.uleb128 0x40
 727 00af 06       		.uleb128 0x6
 728 00b0 01       		.uleb128 0x1
 729 00b1 13       		.uleb128 0x13
 730 00b2 00       		.byte	0
 731 00b3 00       		.byte	0
 732 00b4 0F       		.uleb128 0xf
 733 00b5 05       		.uleb128 0x5
ARM GAS  /tmp/cckRaxPq.s 			page 14


 734 00b6 00       		.byte	0
 735 00b7 03       		.uleb128 0x3
 736 00b8 08       		.uleb128 0x8
 737 00b9 3A       		.uleb128 0x3a
 738 00ba 0B       		.uleb128 0xb
 739 00bb 3B       		.uleb128 0x3b
 740 00bc 0B       		.uleb128 0xb
 741 00bd 49       		.uleb128 0x49
 742 00be 13       		.uleb128 0x13
 743 00bf 02       		.uleb128 0x2
 744 00c0 0A       		.uleb128 0xa
 745 00c1 00       		.byte	0
 746 00c2 00       		.byte	0
 747 00c3 10       		.uleb128 0x10
 748 00c4 05       		.uleb128 0x5
 749 00c5 00       		.byte	0
 750 00c6 03       		.uleb128 0x3
 751 00c7 0E       		.uleb128 0xe
 752 00c8 3A       		.uleb128 0x3a
 753 00c9 0B       		.uleb128 0xb
 754 00ca 3B       		.uleb128 0x3b
 755 00cb 0B       		.uleb128 0xb
 756 00cc 49       		.uleb128 0x49
 757 00cd 13       		.uleb128 0x13
 758 00ce 02       		.uleb128 0x2
 759 00cf 06       		.uleb128 0x6
 760 00d0 00       		.byte	0
 761 00d1 00       		.byte	0
 762 00d2 11       		.uleb128 0x11
 763 00d3 05       		.uleb128 0x5
 764 00d4 00       		.byte	0
 765 00d5 03       		.uleb128 0x3
 766 00d6 0E       		.uleb128 0xe
 767 00d7 3A       		.uleb128 0x3a
 768 00d8 0B       		.uleb128 0xb
 769 00d9 3B       		.uleb128 0x3b
 770 00da 0B       		.uleb128 0xb
 771 00db 49       		.uleb128 0x49
 772 00dc 13       		.uleb128 0x13
 773 00dd 02       		.uleb128 0x2
 774 00de 0A       		.uleb128 0xa
 775 00df 00       		.byte	0
 776 00e0 00       		.byte	0
 777 00e1 12       		.uleb128 0x12
 778 00e2 05       		.uleb128 0x5
 779 00e3 00       		.byte	0
 780 00e4 03       		.uleb128 0x3
 781 00e5 08       		.uleb128 0x8
 782 00e6 3A       		.uleb128 0x3a
 783 00e7 0B       		.uleb128 0xb
 784 00e8 3B       		.uleb128 0x3b
 785 00e9 0B       		.uleb128 0xb
 786 00ea 49       		.uleb128 0x49
 787 00eb 13       		.uleb128 0x13
 788 00ec 02       		.uleb128 0x2
 789 00ed 06       		.uleb128 0x6
 790 00ee 00       		.byte	0
ARM GAS  /tmp/cckRaxPq.s 			page 15


 791 00ef 00       		.byte	0
 792 00f0 13       		.uleb128 0x13
 793 00f1 34       		.uleb128 0x34
 794 00f2 00       		.byte	0
 795 00f3 03       		.uleb128 0x3
 796 00f4 08       		.uleb128 0x8
 797 00f5 3A       		.uleb128 0x3a
 798 00f6 0B       		.uleb128 0xb
 799 00f7 3B       		.uleb128 0x3b
 800 00f8 0B       		.uleb128 0xb
 801 00f9 49       		.uleb128 0x49
 802 00fa 13       		.uleb128 0x13
 803 00fb 02       		.uleb128 0x2
 804 00fc 06       		.uleb128 0x6
 805 00fd 00       		.byte	0
 806 00fe 00       		.byte	0
 807 00ff 14       		.uleb128 0x14
 808 0100 2E       		.uleb128 0x2e
 809 0101 01       		.byte	0x1
 810 0102 3F       		.uleb128 0x3f
 811 0103 0C       		.uleb128 0xc
 812 0104 03       		.uleb128 0x3
 813 0105 0E       		.uleb128 0xe
 814 0106 3A       		.uleb128 0x3a
 815 0107 0B       		.uleb128 0xb
 816 0108 3B       		.uleb128 0x3b
 817 0109 0B       		.uleb128 0xb
 818 010a 27       		.uleb128 0x27
 819 010b 0C       		.uleb128 0xc
 820 010c 11       		.uleb128 0x11
 821 010d 01       		.uleb128 0x1
 822 010e 12       		.uleb128 0x12
 823 010f 01       		.uleb128 0x1
 824 0110 40       		.uleb128 0x40
 825 0111 0A       		.uleb128 0xa
 826 0112 01       		.uleb128 0x1
 827 0113 13       		.uleb128 0x13
 828 0114 00       		.byte	0
 829 0115 00       		.byte	0
 830 0116 15       		.uleb128 0x15
 831 0117 2E       		.uleb128 0x2e
 832 0118 01       		.byte	0x1
 833 0119 3F       		.uleb128 0x3f
 834 011a 0C       		.uleb128 0xc
 835 011b 03       		.uleb128 0x3
 836 011c 0E       		.uleb128 0xe
 837 011d 3A       		.uleb128 0x3a
 838 011e 0B       		.uleb128 0xb
 839 011f 3B       		.uleb128 0x3b
 840 0120 0B       		.uleb128 0xb
 841 0121 27       		.uleb128 0x27
 842 0122 0C       		.uleb128 0xc
 843 0123 49       		.uleb128 0x49
 844 0124 13       		.uleb128 0x13
 845 0125 11       		.uleb128 0x11
 846 0126 01       		.uleb128 0x1
 847 0127 12       		.uleb128 0x12
ARM GAS  /tmp/cckRaxPq.s 			page 16


 848 0128 01       		.uleb128 0x1
 849 0129 40       		.uleb128 0x40
 850 012a 0A       		.uleb128 0xa
 851 012b 01       		.uleb128 0x1
 852 012c 13       		.uleb128 0x13
 853 012d 00       		.byte	0
 854 012e 00       		.byte	0
 855 012f 16       		.uleb128 0x16
 856 0130 34       		.uleb128 0x34
 857 0131 00       		.byte	0
 858 0132 03       		.uleb128 0x3
 859 0133 0E       		.uleb128 0xe
 860 0134 3A       		.uleb128 0x3a
 861 0135 0B       		.uleb128 0xb
 862 0136 3B       		.uleb128 0x3b
 863 0137 0B       		.uleb128 0xb
 864 0138 49       		.uleb128 0x49
 865 0139 13       		.uleb128 0x13
 866 013a 02       		.uleb128 0x2
 867 013b 0A       		.uleb128 0xa
 868 013c 00       		.byte	0
 869 013d 00       		.byte	0
 870 013e 17       		.uleb128 0x17
 871 013f 34       		.uleb128 0x34
 872 0140 00       		.byte	0
 873 0141 03       		.uleb128 0x3
 874 0142 0E       		.uleb128 0xe
 875 0143 3A       		.uleb128 0x3a
 876 0144 0B       		.uleb128 0xb
 877 0145 3B       		.uleb128 0x3b
 878 0146 0B       		.uleb128 0xb
 879 0147 49       		.uleb128 0x49
 880 0148 13       		.uleb128 0x13
 881 0149 3F       		.uleb128 0x3f
 882 014a 0C       		.uleb128 0xc
 883 014b 02       		.uleb128 0x2
 884 014c 0A       		.uleb128 0xa
 885 014d 00       		.byte	0
 886 014e 00       		.byte	0
 887 014f 00       		.byte	0
 888              		.section	.debug_loc,"",%progbits
 889              	.Ldebug_loc0:
 890              	.LLST0:
 891 0000 00000000 		.4byte	.LFB8
 892 0004 02000000 		.4byte	.LCFI0
 893 0008 0200     		.2byte	0x2
 894 000a 7D       		.byte	0x7d
 895 000b 00       		.sleb128 0
 896 000c 02000000 		.4byte	.LCFI0
 897 0010 3E000000 		.4byte	.LFE8
 898 0014 0200     		.2byte	0x2
 899 0016 7D       		.byte	0x7d
 900 0017 08       		.sleb128 8
 901 0018 00000000 		.4byte	0
 902 001c 00000000 		.4byte	0
 903              	.LLST1:
 904 0020 00000000 		.4byte	.LVL0
ARM GAS  /tmp/cckRaxPq.s 			page 17


 905 0024 38000000 		.4byte	.LVL6
 906 0028 0100     		.2byte	0x1
 907 002a 51       		.byte	0x51
 908 002b 38000000 		.4byte	.LVL6
 909 002f 3E000000 		.4byte	.LFE8
 910 0033 0200     		.2byte	0x2
 911 0035 70       		.byte	0x70
 912 0036 08       		.sleb128 8
 913 0037 00000000 		.4byte	0
 914 003b 00000000 		.4byte	0
 915              	.LLST2:
 916 003f 00000000 		.4byte	.LVL0
 917 0043 12000000 		.4byte	.LVL2
 918 0047 0100     		.2byte	0x1
 919 0049 53       		.byte	0x53
 920 004a 12000000 		.4byte	.LVL2
 921 004e 3E000000 		.4byte	.LFE8
 922 0052 0200     		.2byte	0x2
 923 0054 70       		.byte	0x70
 924 0055 10       		.sleb128 16
 925 0056 00000000 		.4byte	0
 926 005a 00000000 		.4byte	0
 927              	.LLST3:
 928 005e 0E000000 		.4byte	.LVL1
 929 0062 16000000 		.4byte	.LVL3
 930 0066 0500     		.2byte	0x5
 931 0068 03       		.byte	0x3
 932 0069 00000000 		.4byte	vtlist
 933 006d 16000000 		.4byte	.LVL3
 934 0071 18000000 		.4byte	.LVL4
 935 0075 0100     		.2byte	0x1
 936 0077 55       		.byte	0x55
 937 0078 1A000000 		.4byte	.LVL5
 938 007c 3E000000 		.4byte	.LFE8
 939 0080 0100     		.2byte	0x1
 940 0082 55       		.byte	0x55
 941 0083 00000000 		.4byte	0
 942 0087 00000000 		.4byte	0
 943              	.LLST4:
 944 008b 00000000 		.4byte	.LVL8
 945 008f 14000000 		.4byte	.LVL10
 946 0093 0100     		.2byte	0x1
 947 0095 50       		.byte	0x50
 948 0096 20000000 		.4byte	.LVL11
 949 009a 26000000 		.4byte	.LVL12
 950 009e 0100     		.2byte	0x1
 951 00a0 50       		.byte	0x50
 952 00a1 00000000 		.4byte	0
 953 00a5 00000000 		.4byte	0
 954              		.section	.debug_aranges,"",%progbits
 955 0000 34000000 		.4byte	0x34
 956 0004 0200     		.2byte	0x2
 957 0006 00000000 		.4byte	.Ldebug_info0
 958 000a 04       		.byte	0x4
 959 000b 00       		.byte	0
 960 000c 0000     		.2byte	0
 961 000e 0000     		.2byte	0
ARM GAS  /tmp/cckRaxPq.s 			page 18


 962 0010 00000000 		.4byte	.LFB7
 963 0014 18000000 		.4byte	.LFE7-.LFB7
 964 0018 00000000 		.4byte	.LFB8
 965 001c 3E000000 		.4byte	.LFE8-.LFB8
 966 0020 00000000 		.4byte	.LFB9
 967 0024 24000000 		.4byte	.LFE9-.LFB9
 968 0028 00000000 		.4byte	.LFB10
 969 002c 34000000 		.4byte	.LFE10-.LFB10
 970 0030 00000000 		.4byte	0
 971 0034 00000000 		.4byte	0
 972              		.section	.debug_ranges,"",%progbits
 973              	.Ldebug_ranges0:
 974 0000 00000000 		.4byte	.LFB7
 975 0004 18000000 		.4byte	.LFE7
 976 0008 00000000 		.4byte	.LFB8
 977 000c 3E000000 		.4byte	.LFE8
 978 0010 00000000 		.4byte	.LFB9
 979 0014 24000000 		.4byte	.LFE9
 980 0018 00000000 		.4byte	.LFB10
 981 001c 34000000 		.4byte	.LFE10
 982 0020 00000000 		.4byte	0
 983 0024 00000000 		.4byte	0
 984              		.section	.debug_line,"",%progbits
 985              	.Ldebug_line0:
 986 0000 92010000 		.section	.debug_str,"MS",%progbits,1
 986      02001301 
 986      00000201 
 986      FB0E0D00 
 986      01010101 
 987              	.LASF25:
 988 0000 63685654 		.ascii	"chVTSetI\000"
 988      53657449 
 988      00
 989              	.LASF12:
 990 0009 73797374 		.ascii	"systime_t\000"
 990      696D655F 
 990      7400
 991              	.LASF27:
 992 0013 73746172 		.ascii	"start\000"
 992      7400
 993              	.LASF11:
 994 0019 626F6F6C 		.ascii	"bool_t\000"
 994      5F7400
 995              	.LASF29:
 996 0020 2F6F7074 		.ascii	"/opt/ChibiOS/ChibiOS_2.4.4/os/kernel/src/chvt.c\000"
 996      2F436869 
 996      62694F53 
 996      2F436869 
 996      62694F53 
 997              	.LASF13:
 998 0050 76746675 		.ascii	"vtfunc_t\000"
 998      6E635F74 
 998      00
 999              	.LASF8:
 1000 0059 6C6F6E67 		.ascii	"long unsigned int\000"
 1000      20756E73 
 1000      69676E65 
ARM GAS  /tmp/cckRaxPq.s 			page 19


 1000      6420696E 
 1000      7400
 1001              	.LASF4:
 1002 006b 73686F72 		.ascii	"short unsigned int\000"
 1002      7420756E 
 1002      7369676E 
 1002      65642069 
 1002      6E7400
 1003              	.LASF14:
 1004 007e 56697274 		.ascii	"VirtualTimer\000"
 1004      75616C54 
 1004      696D6572 
 1004      00
 1005              	.LASF28:
 1006 008b 474E5520 		.ascii	"GNU C 4.6.3\000"
 1006      4320342E 
 1006      362E3300 
 1007              	.LASF2:
 1008 0097 756E7369 		.ascii	"unsigned char\000"
 1008      676E6564 
 1008      20636861 
 1008      7200
 1009              	.LASF30:
 1010 00a5 5F76745F 		.ascii	"_vt_init\000"
 1010      696E6974 
 1010      00
 1011              	.LASF0:
 1012 00ae 756E7369 		.ascii	"unsigned int\000"
 1012      676E6564 
 1012      20696E74 
 1012      00
 1013              	.LASF10:
 1014 00bb 6C6F6E67 		.ascii	"long long unsigned int\000"
 1014      206C6F6E 
 1014      6720756E 
 1014      7369676E 
 1014      65642069 
 1015              	.LASF32:
 1016 00d2 76746C69 		.ascii	"vtlist\000"
 1016      737400
 1017              	.LASF23:
 1018 00d9 74696D65 		.ascii	"time\000"
 1018      00
 1019              	.LASF17:
 1020 00de 76745F74 		.ascii	"vt_time\000"
 1020      696D6500 
 1021              	.LASF6:
 1022 00e6 696E7433 		.ascii	"int32_t\000"
 1022      325F7400 
 1023              	.LASF20:
 1024 00ee 76745F73 		.ascii	"vt_systime\000"
 1024      79737469 
 1024      6D6500
 1025              	.LASF9:
 1026 00f9 6C6F6E67 		.ascii	"long long int\000"
 1026      206C6F6E 
 1026      6720696E 
ARM GAS  /tmp/cckRaxPq.s 			page 20


 1026      7400
 1027              	.LASF18:
 1028 0107 76745F66 		.ascii	"vt_func\000"
 1028      756E6300 
 1029              	.LASF24:
 1030 010f 76746675 		.ascii	"vtfunc\000"
 1030      6E6300
 1031              	.LASF22:
 1032 0116 63686172 		.ascii	"char\000"
 1032      00
 1033              	.LASF19:
 1034 011b 76745F70 		.ascii	"vt_par\000"
 1034      617200
 1035              	.LASF3:
 1036 0122 73686F72 		.ascii	"short int\000"
 1036      7420696E 
 1036      7400
 1037              	.LASF31:
 1038 012c 63685469 		.ascii	"chTimeIsWithin\000"
 1038      6D654973 
 1038      57697468 
 1038      696E00
 1039              	.LASF16:
 1040 013b 76745F70 		.ascii	"vt_prev\000"
 1040      72657600 
 1041              	.LASF7:
 1042 0143 75696E74 		.ascii	"uint32_t\000"
 1042      33325F74 
 1042      00
 1043              	.LASF5:
 1044 014c 6C6F6E67 		.ascii	"long int\000"
 1044      20696E74 
 1044      00
 1045              	.LASF1:
 1046 0155 7369676E 		.ascii	"signed char\000"
 1046      65642063 
 1046      68617200 
 1047              	.LASF21:
 1048 0161 56544C69 		.ascii	"VTList\000"
 1048      737400
 1049              	.LASF15:
 1050 0168 76745F6E 		.ascii	"vt_next\000"
 1050      65787400 
 1051              	.LASF26:
 1052 0170 63685654 		.ascii	"chVTResetI\000"
 1052      52657365 
 1052      744900
 1053              		.ident	"GCC: (Sourcery CodeBench Lite 2012.03-56) 4.6.3"
ARM GAS  /tmp/cckRaxPq.s 			page 21


DEFINED SYMBOLS
                            *ABS*:00000000 chvt.c
     /tmp/cckRaxPq.s:21     .text._vt_init:00000000 $t
     /tmp/cckRaxPq.s:27     .text._vt_init:00000000 _vt_init
     /tmp/cckRaxPq.s:227    .bss.vtlist:00000000 .LANCHOR0
     /tmp/cckRaxPq.s:55     .text.chVTSetI:00000000 $t
     /tmp/cckRaxPq.s:61     .text.chVTSetI:00000000 chVTSetI
     /tmp/cckRaxPq.s:130    .text.chVTResetI:00000000 $t
     /tmp/cckRaxPq.s:136    .text.chVTResetI:00000000 chVTResetI
     /tmp/cckRaxPq.s:172    .text.chTimeIsWithin:00000000 $t
     /tmp/cckRaxPq.s:178    .text.chTimeIsWithin:00000000 chTimeIsWithin
     /tmp/cckRaxPq.s:230    .bss.vtlist:00000000 vtlist
     /tmp/cckRaxPq.s:226    .bss.vtlist:00000000 $d
                     .debug_frame:00000010 $d

NO UNDEFINED SYMBOLS
