ARM GAS  /tmp/ccV7N3tb.s 			page 1


   1              		.syntax unified
   2              		.cpu cortex-m4
   3              		.eabi_attribute 27, 3
   4              		.eabi_attribute 28, 1
   5              		.fpu fpv4-sp-d16
   6              		.eabi_attribute 20, 1
   7              		.eabi_attribute 21, 1
   8              		.eabi_attribute 23, 3
   9              		.eabi_attribute 24, 1
  10              		.eabi_attribute 25, 1
  11              		.eabi_attribute 26, 1
  12              		.eabi_attribute 30, 2
  13              		.eabi_attribute 34, 1
  14              		.eabi_attribute 18, 4
  15              		.thumb
  16              		.file	"crt0.c"
  17              		.text
  18              	.Ltext0:
  19              		.cfi_sections	.debug_frame
  20              		.section	.text.__early_init,"ax",%progbits
  21              		.align	2
  22              		.p2align 4,,15
  23              		.weak	__early_init
  24              		.thumb
  25              		.thumb_func
  26              		.type	__early_init, %function
  27              	__early_init:
  28              	.LFB7:
  29              		.file 1 "/opt/ChibiOS/ChibiOS_2.4.4/os/ports/GCC/ARMCMx/crt0.c"
  30              		.loc 1 220 0
  31              		.cfi_startproc
  32              		@ args = 0, pretend = 0, frame = 0
  33              		@ frame_needed = 0, uses_anonymous_args = 0
  34              		@ link register save eliminated.
  35              		.loc 1 220 0
  36 0000 7047     		bx	lr
  37              		.cfi_endproc
  38              	.LFE7:
  39              		.size	__early_init, .-__early_init
  40 0002 00BFAFF3 		.section	.text.__late_init,"ax",%progbits
  40      0080AFF3 
  40      0080AFF3 
  40      0080
  41              		.align	2
  42              		.p2align 4,,15
  43              		.weak	__late_init
  44              		.thumb
  45              		.thumb_func
  46              		.type	__late_init, %function
  47              	__late_init:
  48              	.LFB8:
  49              		.loc 1 232 0
  50              		.cfi_startproc
  51              		@ args = 0, pretend = 0, frame = 0
  52              		@ frame_needed = 0, uses_anonymous_args = 0
  53              		@ link register save eliminated.
  54              		.loc 1 232 0
ARM GAS  /tmp/ccV7N3tb.s 			page 2


  55 0000 7047     		bx	lr
  56              		.cfi_endproc
  57              	.LFE8:
  58              		.size	__late_init, .-__late_init
  59 0002 00BFAFF3 		.section	.text._default_exit,"ax",%progbits
  59      0080AFF3 
  59      0080AFF3 
  59      0080
  60              		.align	2
  61              		.p2align 4,,15
  62              		.weak	_default_exit
  63              		.thumb
  64              		.thumb_func
  65              		.type	_default_exit, %function
  66              	_default_exit:
  67              	.LFB9:
  68              		.loc 1 243 0
  69              		.cfi_startproc
  70              		@ Naked Function: prologue and epilogue provided by programmer.
  71              		@ args = 0, pretend = 0, frame = 0
  72              		@ frame_needed = 0, uses_anonymous_args = 0
  73              	.L4:
  74 0000 FEE7     		b	.L4
  75              		.cfi_endproc
  76              	.LFE9:
  77              		.size	_default_exit, .-_default_exit
  78 0002 00BFAFF3 		.section	.text.ResetHandler,"ax",%progbits
  78      0080AFF3 
  78      0080AFF3 
  78      0080
  79              		.align	2
  80              		.p2align 4,,15
  81              		.global	ResetHandler
  82              		.thumb
  83              		.thumb_func
  84              		.type	ResetHandler, %function
  85              	ResetHandler:
  86              	.LFB10:
  87              		.loc 1 254 0
  88              		.cfi_startproc
  89              		@ Naked Function: prologue and epilogue provided by programmer.
  90              		@ args = 0, pretend = 0, frame = 0
  91              		@ frame_needed = 0, uses_anonymous_args = 0
  92              		.loc 1 260 0
  93              	@ 260 "/opt/ChibiOS/ChibiOS_2.4.4/os/ports/GCC/ARMCMx/crt0.c" 1
  94 0000 72B6     		cpsid   i
  95              	@ 0 "" 2
  96              	.LVL0:
  97              		.loc 1 262 0
  98              		.thumb
  99 0002 40F20001 		movw	r1, #:lower16:__process_stack_end__
 100 0006 C0F20001 		movt	r1, #:upper16:__process_stack_end__
 101              	@ 262 "/opt/ChibiOS/ChibiOS_2.4.4/os/ports/GCC/ARMCMx/crt0.c" 1
 102 000a 81F30988 		msr     PSP, r1
 103              	@ 0 "" 2
 104              	.LVL1:
 105              		.loc 1 282 0
ARM GAS  /tmp/ccV7N3tb.s 			page 3


 106              		.thumb
 107 000e 0223     		movs	r3, #2
 108              	@ 282 "/opt/ChibiOS/ChibiOS_2.4.4/os/ports/GCC/ARMCMx/crt0.c" 1
 109 0010 83F31488 		msr     CONTROL, r3
 110              	@ 0 "" 2
 111              		.loc 1 283 0
 112              	@ 283 "/opt/ChibiOS/ChibiOS_2.4.4/os/ports/GCC/ARMCMx/crt0.c" 1
 113 0014 BFF36F8F 		isb
 114              	@ 0 "" 2
 115              	.LVL2:
 116              		.thumb
 117              	.LBB2:
 118              		.loc 1 287 0
 119 0018 40F20002 		movw	r2, #:lower16:__main_stack_base__
 120 001c 40F20004 		movw	r4, #:lower16:__main_stack_end__
 121 0020 C0F20002 		movt	r2, #:upper16:__main_stack_base__
 122 0024 C0F20004 		movt	r4, #:upper16:__main_stack_end__
 123 0028 A242     		cmp	r2, r4
 124 002a 17D2     		bcs	.L6
 125 002c 1346     		mov	r3, r2
 126 002e 4FF05530 		mov	r0, #1431655765
 127 0032 43F8040B 		str	r0, [r3], #4
 128              	.LVL3:
 129 0036 D643     		mvns	r6, r2
 130 0038 A519     		adds	r5, r4, r6
 131 003a A342     		cmp	r3, r4
 132 003c C5F38005 		ubfx	r5, r5, #2, #1
 133 0040 0CD2     		bcs	.L6
 134 0042 25B1     		cbz	r5, .L7
 135 0044 1860     		str	r0, [r3, #0]
 136 0046 02F10803 		add	r3, r2, #8
 137 004a A342     		cmp	r3, r4
 138 004c 06D2     		bcs	.L6
 139              	.LVL4:
 140              	.L7:
 141              		.loc 1 287 0 is_stmt 0 discriminator 2
 142 004e 1A46     		mov	r2, r3
 143 0050 42F8040B 		str	r0, [r2], #4
 144              	.LVL5:
 145 0054 5860     		str	r0, [r3, #4]
 146 0056 131D     		adds	r3, r2, #4
 147 0058 A342     		cmp	r3, r4
 148 005a F8D3     		bcc	.L7
 149              	.LVL6:
 150              	.L6:
 151              	.LBE2:
 152              	.LBB3:
 153              		.loc 1 290 0 is_stmt 1 discriminator 1
 154 005c 40F20002 		movw	r2, #:lower16:__process_stack_base__
 155 0060 C0F20002 		movt	r2, #:upper16:__process_stack_base__
 156 0064 8A42     		cmp	r2, r1
 157 0066 17D2     		bcs	.L8
 158              		.loc 1 290 0 is_stmt 0
 159 0068 1346     		mov	r3, r2
 160 006a 4FF05530 		mov	r0, #1431655765
 161 006e 43F8040B 		str	r0, [r3], #4
 162              	.LVL7:
ARM GAS  /tmp/ccV7N3tb.s 			page 4


 163 0072 D543     		mvns	r5, r2
 164 0074 4C19     		adds	r4, r1, r5
 165 0076 8B42     		cmp	r3, r1
 166 0078 C4F38004 		ubfx	r4, r4, #2, #1
 167 007c 0CD2     		bcs	.L8
 168 007e 24B1     		cbz	r4, .L9
 169 0080 1860     		str	r0, [r3, #0]
 170 0082 02F10803 		add	r3, r2, #8
 171 0086 8B42     		cmp	r3, r1
 172 0088 06D2     		bcs	.L8
 173              	.LVL8:
 174              	.L9:
 175              		.loc 1 290 0 discriminator 2
 176 008a 1E46     		mov	r6, r3
 177 008c 46F8040B 		str	r0, [r6], #4
 178              	.LVL9:
 179 0090 5860     		str	r0, [r3, #4]
 180 0092 331D     		adds	r3, r6, #4
 181 0094 8B42     		cmp	r3, r1
 182 0096 F8D3     		bcc	.L9
 183              	.LVL10:
 184              	.L8:
 185              	.LBE3:
 186              		.loc 1 296 0 is_stmt 1
 187 0098 FFF7FEFF 		bl	__early_init
 188              	.LVL11:
 189              	.LBB4:
 190              		.loc 1 305 0
 191 009c 40F20004 		movw	r4, #:lower16:_edata
 192 00a0 40F20001 		movw	r1, #:lower16:_data
 193 00a4 C0F20001 		movt	r1, #:upper16:_data
 194 00a8 C0F20004 		movt	r4, #:upper16:_edata
 195 00ac A142     		cmp	r1, r4
 196 00ae 25D2     		bcs	.L10
 197 00b0 40F20000 		movw	r0, #:lower16:_textdata
 198 00b4 C0F20000 		movt	r0, #:upper16:_textdata
 199              		.loc 1 306 0
 200 00b8 0246     		mov	r2, r0
 201 00ba 0B46     		mov	r3, r1
 202 00bc 52F8046B 		ldr	r6, [r2], #4
 203 00c0 43F8046B 		str	r6, [r3], #4
 204              	.LVL12:
 205 00c4 CD43     		mvns	r5, r1
 206 00c6 04EB050C 		add	ip, r4, r5
 207              		.loc 1 305 0
 208 00ca A342     		cmp	r3, r4
 209 00cc CCF38005 		ubfx	r5, ip, #2, #1
 210 00d0 14D2     		bcs	.L10
 211 00d2 3DB1     		cbz	r5, .L11
 212              		.loc 1 306 0
 213 00d4 1668     		ldr	r6, [r2, #0]
 214 00d6 1E60     		str	r6, [r3, #0]
 215 00d8 01F10803 		add	r3, r1, #8
 216              		.loc 1 305 0
 217 00dc A342     		cmp	r3, r4
 218              		.loc 1 306 0
 219 00de 00F10802 		add	r2, r0, #8
ARM GAS  /tmp/ccV7N3tb.s 			page 5


 220              		.loc 1 305 0
 221 00e2 0BD2     		bcs	.L10
 222              	.LVL13:
 223              	.L11:
 224              		.loc 1 306 0
 225 00e4 1146     		mov	r1, r2
 226 00e6 1846     		mov	r0, r3
 227 00e8 51F8045B 		ldr	r5, [r1], #4
 228 00ec 5268     		ldr	r2, [r2, #4]
 229 00ee 40F8045B 		str	r5, [r0], #4
 230              	.LVL14:
 231 00f2 5A60     		str	r2, [r3, #4]
 232 00f4 031D     		adds	r3, r0, #4
 233 00f6 0A1D     		adds	r2, r1, #4
 234              		.loc 1 305 0
 235 00f8 A342     		cmp	r3, r4
 236 00fa F3D3     		bcc	.L11
 237              	.LVL15:
 238              	.L10:
 239              	.LBE4:
 240              	.LBB5:
 241              		.loc 1 312 0 discriminator 1
 242 00fc 40F20002 		movw	r2, #:lower16:_bss_start
 243 0100 40F20000 		movw	r0, #:lower16:_bss_end
 244 0104 C0F20002 		movt	r2, #:upper16:_bss_start
 245 0108 C0F20000 		movt	r0, #:upper16:_bss_end
 246 010c 8242     		cmp	r2, r0
 247 010e 17D2     		bcs	.L12
 248              		.loc 1 312 0 is_stmt 0
 249 0110 1346     		mov	r3, r2
 250 0112 0021     		movs	r1, #0
 251 0114 43F8041B 		str	r1, [r3], #4
 252              	.LVL16:
 253 0118 D443     		mvns	r4, r2
 254 011a 00EB040E 		add	lr, r0, r4
 255 011e 8342     		cmp	r3, r0
 256 0120 CEF38004 		ubfx	r4, lr, #2, #1
 257 0124 0CD2     		bcs	.L12
 258 0126 24B1     		cbz	r4, .L13
 259 0128 1960     		str	r1, [r3, #0]
 260 012a 02F10803 		add	r3, r2, #8
 261 012e 8342     		cmp	r3, r0
 262 0130 06D2     		bcs	.L12
 263              	.LVL17:
 264              	.L13:
 265              		.loc 1 312 0 discriminator 2
 266 0132 1E46     		mov	r6, r3
 267 0134 46F8041B 		str	r1, [r6], #4
 268              	.LVL18:
 269 0138 5960     		str	r1, [r3, #4]
 270 013a 331D     		adds	r3, r6, #4
 271 013c 8342     		cmp	r3, r0
 272 013e F8D3     		bcc	.L13
 273              	.LVL19:
 274              	.L12:
 275              	.LBE5:
 276              	.LBB6:
ARM GAS  /tmp/ccV7N3tb.s 			page 6


 277              		.loc 1 322 0 is_stmt 1
 278 0140 40F20005 		movw	r5, #:lower16:__init_array_start
 279 0144 40F20006 		movw	r6, #:lower16:__init_array_end
 280 0148 C0F20005 		movt	r5, #:upper16:__init_array_start
 281 014c C0F20006 		movt	r6, #:upper16:__init_array_end
 282              	.LBE6:
 283              		.loc 1 316 0
 284 0150 FFF7FEFF 		bl	__late_init
 285              	.LVL20:
 286              	.LBB7:
 287              		.loc 1 322 0
 288 0154 B542     		cmp	r5, r6
 289 0156 19D2     		bcs	.L14
 290              		.loc 1 323 0
 291 0158 2C46     		mov	r4, r5
 292 015a E943     		mvns	r1, r5
 293 015c 54F8043B 		ldr	r3, [r4], #4
 294 0160 7718     		adds	r7, r6, r1
 295 0162 9847     		blx	r3
 296              	.LVL21:
 297              		.loc 1 322 0
 298 0164 B442     		cmp	r4, r6
 299 0166 C7F38007 		ubfx	r7, r7, #2, #1
 300 016a 0FD2     		bcs	.L14
 301 016c 2FB1     		cbz	r7, .L15
 302              		.loc 1 323 0
 303 016e 2368     		ldr	r3, [r4, #0]
 304              		.loc 1 324 0
 305 0170 05F10804 		add	r4, r5, #8
 306              		.loc 1 323 0
 307 0174 9847     		blx	r3
 308              		.loc 1 322 0
 309 0176 B442     		cmp	r4, r6
 310 0178 08D2     		bcs	.L14
 311              	.LVL22:
 312              	.L15:
 313              		.loc 1 323 0
 314 017a 2546     		mov	r5, r4
 315 017c 55F8042B 		ldr	r2, [r5], #4
 316 0180 9047     		blx	r2
 317              	.LVL23:
 318 0182 6068     		ldr	r0, [r4, #4]
 319              		.loc 1 324 0
 320 0184 2C1D     		adds	r4, r5, #4
 321              		.loc 1 323 0
 322 0186 8047     		blx	r0
 323              		.loc 1 322 0
 324 0188 B442     		cmp	r4, r6
 325 018a F6D3     		bcc	.L15
 326              	.LVL24:
 327              	.L14:
 328              	.LBE7:
 329              	.LBB8:
 330              		.loc 1 336 0
 331 018c 40F20005 		movw	r5, #:lower16:__fini_array_start
 332 0190 40F20006 		movw	r6, #:lower16:__fini_array_end
 333 0194 C0F20005 		movt	r5, #:upper16:__fini_array_start
ARM GAS  /tmp/ccV7N3tb.s 			page 7


 334 0198 C0F20006 		movt	r6, #:upper16:__fini_array_end
 335              	.LBE8:
 336              		.loc 1 330 0
 337 019c FFF7FEFF 		bl	main
 338              	.LVL25:
 339              	.LBB9:
 340              		.loc 1 336 0
 341 01a0 B542     		cmp	r5, r6
 342 01a2 1AD2     		bcs	.L16
 343              		.loc 1 337 0
 344 01a4 2C46     		mov	r4, r5
 345 01a6 EF43     		mvns	r7, r5
 346 01a8 54F8043B 		ldr	r3, [r4], #4
 347 01ac 06EB070C 		add	ip, r6, r7
 348 01b0 CCF38007 		ubfx	r7, ip, #2, #1
 349 01b4 9847     		blx	r3
 350              	.LVL26:
 351              		.loc 1 336 0
 352 01b6 B442     		cmp	r4, r6
 353 01b8 0FD2     		bcs	.L16
 354 01ba 2FB1     		cbz	r7, .L17
 355              		.loc 1 337 0
 356 01bc 2268     		ldr	r2, [r4, #0]
 357              		.loc 1 338 0
 358 01be 05F10804 		add	r4, r5, #8
 359              		.loc 1 337 0
 360 01c2 9047     		blx	r2
 361              		.loc 1 336 0
 362 01c4 B442     		cmp	r4, r6
 363 01c6 08D2     		bcs	.L16
 364              	.LVL27:
 365              	.L17:
 366              		.loc 1 337 0
 367 01c8 2546     		mov	r5, r4
 368 01ca 55F8040B 		ldr	r0, [r5], #4
 369 01ce 8047     		blx	r0
 370              	.LVL28:
 371 01d0 6168     		ldr	r1, [r4, #4]
 372              		.loc 1 338 0
 373 01d2 2C1D     		adds	r4, r5, #4
 374              		.loc 1 337 0
 375 01d4 8847     		blx	r1
 376              		.loc 1 336 0
 377 01d6 B442     		cmp	r4, r6
 378 01d8 F6D3     		bcc	.L17
 379              	.LVL29:
 380              	.L16:
 381              	.LBE9:
 382              		.loc 1 344 0
 383 01da FFF7FEFF 		bl	_default_exit
 384              		.loc 1 345 0
 385              		.cfi_endproc
 386              	.LFE10:
 387              		.size	ResetHandler, .-ResetHandler
 388 01de 00BF     		.text
 389              	.Letext0:
 390              		.file 2 "/opt/arm/bin/../lib/gcc/arm-none-eabi/4.6.3/../../../../arm-none-eabi/include/stdint.h"
ARM GAS  /tmp/ccV7N3tb.s 			page 8


 391              		.section	.debug_info,"",%progbits
 392              	.Ldebug_info0:
 393 0000 94020000 		.4byte	0x294
 394 0004 0200     		.2byte	0x2
 395 0006 00000000 		.4byte	.Ldebug_abbrev0
 396 000a 04       		.byte	0x4
 397 000b 01       		.uleb128 0x1
 398 000c 6A010000 		.4byte	.LASF30
 399 0010 01       		.byte	0x1
 400 0011 19010000 		.4byte	.LASF31
 401 0015 00000000 		.4byte	0
 402 0019 00000000 		.4byte	0
 403 001d 30000000 		.4byte	.Ldebug_ranges0+0x30
 404 0021 00000000 		.4byte	.Ldebug_line0
 405 0025 02       		.uleb128 0x2
 406 0026 04       		.byte	0x4
 407 0027 05       		.byte	0x5
 408 0028 696E7400 		.ascii	"int\000"
 409 002c 03       		.uleb128 0x3
 410 002d 04       		.byte	0x4
 411 002e 07       		.byte	0x7
 412 002f D5000000 		.4byte	.LASF0
 413 0033 03       		.uleb128 0x3
 414 0034 01       		.byte	0x1
 415 0035 06       		.byte	0x6
 416 0036 A0010000 		.4byte	.LASF1
 417 003a 04       		.uleb128 0x4
 418 003b 4F010000 		.4byte	.LASF6
 419 003f 02       		.byte	0x2
 420 0040 2A       		.byte	0x2a
 421 0041 45000000 		.4byte	0x45
 422 0045 03       		.uleb128 0x3
 423 0046 01       		.byte	0x1
 424 0047 08       		.byte	0x8
 425 0048 51000000 		.4byte	.LASF2
 426 004c 03       		.uleb128 0x3
 427 004d 02       		.byte	0x2
 428 004e 05       		.byte	0x5
 429 004f 76010000 		.4byte	.LASF3
 430 0053 03       		.uleb128 0x3
 431 0054 02       		.byte	0x2
 432 0055 07       		.byte	0x7
 433 0056 8A000000 		.4byte	.LASF4
 434 005a 03       		.uleb128 0x3
 435 005b 04       		.byte	0x4
 436 005c 05       		.byte	0x5
 437 005d 91010000 		.4byte	.LASF5
 438 0061 04       		.uleb128 0x4
 439 0062 88010000 		.4byte	.LASF7
 440 0066 02       		.byte	0x2
 441 0067 50       		.byte	0x50
 442 0068 6C000000 		.4byte	0x6c
 443 006c 03       		.uleb128 0x3
 444 006d 04       		.byte	0x4
 445 006e 07       		.byte	0x7
 446 006f 6B000000 		.4byte	.LASF8
 447 0073 03       		.uleb128 0x3
ARM GAS  /tmp/ccV7N3tb.s 			page 9


 448 0074 08       		.byte	0x8
 449 0075 05       		.byte	0x5
 450 0076 57010000 		.4byte	.LASF9
 451 007a 03       		.uleb128 0x3
 452 007b 08       		.byte	0x8
 453 007c 07       		.byte	0x7
 454 007d E2000000 		.4byte	.LASF10
 455 0081 03       		.uleb128 0x3
 456 0082 01       		.byte	0x1
 457 0083 08       		.byte	0x8
 458 0084 65010000 		.4byte	.LASF11
 459 0088 04       		.uleb128 0x4
 460 0089 80010000 		.4byte	.LASF12
 461 008d 01       		.byte	0x1
 462 008e 26       		.byte	0x26
 463 008f 93000000 		.4byte	0x93
 464 0093 05       		.uleb128 0x5
 465 0094 04       		.byte	0x4
 466 0095 99000000 		.4byte	0x99
 467 0099 06       		.uleb128 0x6
 468 009a 01       		.byte	0x1
 469 009b 04       		.uleb128 0x4
 470 009c 3A000000 		.4byte	.LASF13
 471 00a0 01       		.byte	0x1
 472 00a1 27       		.byte	0x27
 473 00a2 A6000000 		.4byte	0xa6
 474 00a6 05       		.uleb128 0x5
 475 00a7 04       		.byte	0x4
 476 00a8 88000000 		.4byte	0x88
 477 00ac 07       		.uleb128 0x7
 478 00ad 01       		.byte	0x1
 479 00ae 0C010000 		.4byte	.LASF14
 480 00b2 01       		.byte	0x1
 481 00b3 DC       		.byte	0xdc
 482 00b4 01       		.byte	0x1
 483 00b5 00000000 		.4byte	.LFB7
 484 00b9 02000000 		.4byte	.LFE7
 485 00bd 02       		.byte	0x2
 486 00be 7D       		.byte	0x7d
 487 00bf 00       		.sleb128 0
 488 00c0 07       		.uleb128 0x7
 489 00c1 01       		.byte	0x1
 490 00c2 5F000000 		.4byte	.LASF15
 491 00c6 01       		.byte	0x1
 492 00c7 E8       		.byte	0xe8
 493 00c8 01       		.byte	0x1
 494 00c9 00000000 		.4byte	.LFB8
 495 00cd 02000000 		.4byte	.LFE8
 496 00d1 02       		.byte	0x2
 497 00d2 7D       		.byte	0x7d
 498 00d3 00       		.sleb128 0
 499 00d4 07       		.uleb128 0x7
 500 00d5 01       		.byte	0x1
 501 00d6 43000000 		.4byte	.LASF16
 502 00da 01       		.byte	0x1
 503 00db F3       		.byte	0xf3
 504 00dc 01       		.byte	0x1
ARM GAS  /tmp/ccV7N3tb.s 			page 10


 505 00dd 00000000 		.4byte	.LFB9
 506 00e1 02000000 		.4byte	.LFE9
 507 00e5 02       		.byte	0x2
 508 00e6 7D       		.byte	0x7d
 509 00e7 00       		.sleb128 0
 510 00e8 08       		.uleb128 0x8
 511 00e9 01       		.byte	0x1
 512 00ea 7D000000 		.4byte	.LASF32
 513 00ee 01       		.byte	0x1
 514 00ef FE       		.byte	0xfe
 515 00f0 01       		.byte	0x1
 516 00f1 00000000 		.4byte	.LFB10
 517 00f5 DE010000 		.4byte	.LFE10
 518 00f9 02       		.byte	0x2
 519 00fa 7D       		.byte	0x7d
 520 00fb 00       		.sleb128 0
 521 00fc E8010000 		.4byte	0x1e8
 522 0100 09       		.uleb128 0x9
 523 0101 70737000 		.ascii	"psp\000"
 524 0105 01       		.byte	0x1
 525 0106 FF       		.byte	0xff
 526 0107 61000000 		.4byte	0x61
 527 010b 0A       		.uleb128 0xa
 528 010c 72656700 		.ascii	"reg\000"
 529 0110 01       		.byte	0x1
 530 0111 FF       		.byte	0xff
 531 0112 61000000 		.4byte	0x61
 532 0116 02       		.byte	0x2
 533 0117 0B       		.uleb128 0xb
 534 0118 18000000 		.4byte	.LBB2
 535 011c 5C000000 		.4byte	.LBE2
 536 0120 3F010000 		.4byte	0x13f
 537 0124 0C       		.uleb128 0xc
 538 0125 703100   		.ascii	"p1\000"
 539 0128 01       		.byte	0x1
 540 0129 1F01     		.2byte	0x11f
 541 012b E8010000 		.4byte	0x1e8
 542 012f 00000000 		.4byte	.LLST0
 543 0133 0D       		.uleb128 0xd
 544 0134 703200   		.ascii	"p2\000"
 545 0137 01       		.byte	0x1
 546 0138 1F01     		.2byte	0x11f
 547 013a E8010000 		.4byte	0x1e8
 548 013e 00       		.byte	0
 549 013f 0B       		.uleb128 0xb
 550 0140 5C000000 		.4byte	.LBB3
 551 0144 98000000 		.4byte	.LBE3
 552 0148 67010000 		.4byte	0x167
 553 014c 0C       		.uleb128 0xc
 554 014d 703100   		.ascii	"p1\000"
 555 0150 01       		.byte	0x1
 556 0151 2201     		.2byte	0x122
 557 0153 E8010000 		.4byte	0x1e8
 558 0157 13000000 		.4byte	.LLST1
 559 015b 0D       		.uleb128 0xd
 560 015c 703200   		.ascii	"p2\000"
 561 015f 01       		.byte	0x1
ARM GAS  /tmp/ccV7N3tb.s 			page 11


 562 0160 2201     		.2byte	0x122
 563 0162 E8010000 		.4byte	0x1e8
 564 0166 00       		.byte	0
 565 0167 0B       		.uleb128 0xb
 566 0168 9C000000 		.4byte	.LBB4
 567 016c FC000000 		.4byte	.LBE4
 568 0170 8F010000 		.4byte	0x18f
 569 0174 0D       		.uleb128 0xd
 570 0175 747000   		.ascii	"tp\000"
 571 0178 01       		.byte	0x1
 572 0179 2D01     		.2byte	0x12d
 573 017b E8010000 		.4byte	0x1e8
 574 017f 0C       		.uleb128 0xc
 575 0180 647000   		.ascii	"dp\000"
 576 0183 01       		.byte	0x1
 577 0184 2D01     		.2byte	0x12d
 578 0186 E8010000 		.4byte	0x1e8
 579 018a 31000000 		.4byte	.LLST2
 580 018e 00       		.byte	0
 581 018f 0B       		.uleb128 0xb
 582 0190 FC000000 		.4byte	.LBB5
 583 0194 40010000 		.4byte	.LBE5
 584 0198 B7010000 		.4byte	0x1b7
 585 019c 0C       		.uleb128 0xc
 586 019d 703100   		.ascii	"p1\000"
 587 01a0 01       		.byte	0x1
 588 01a1 3801     		.2byte	0x138
 589 01a3 E8010000 		.4byte	0x1e8
 590 01a7 44000000 		.4byte	.LLST3
 591 01ab 0D       		.uleb128 0xd
 592 01ac 703200   		.ascii	"p2\000"
 593 01af 01       		.byte	0x1
 594 01b0 3801     		.2byte	0x138
 595 01b2 E8010000 		.4byte	0x1e8
 596 01b6 00       		.byte	0
 597 01b7 0E       		.uleb128 0xe
 598 01b8 00000000 		.4byte	.Ldebug_ranges0+0
 599 01bc D1010000 		.4byte	0x1d1
 600 01c0 0C       		.uleb128 0xc
 601 01c1 66707000 		.ascii	"fpp\000"
 602 01c5 01       		.byte	0x1
 603 01c6 4101     		.2byte	0x141
 604 01c8 9B000000 		.4byte	0x9b
 605 01cc 62000000 		.4byte	.LLST4
 606 01d0 00       		.byte	0
 607 01d1 0F       		.uleb128 0xf
 608 01d2 18000000 		.4byte	.Ldebug_ranges0+0x18
 609 01d6 0C       		.uleb128 0xc
 610 01d7 66707000 		.ascii	"fpp\000"
 611 01db 01       		.byte	0x1
 612 01dc 4F01     		.2byte	0x14f
 613 01de 9B000000 		.4byte	0x9b
 614 01e2 75000000 		.4byte	.LLST5
 615 01e6 00       		.byte	0
 616 01e7 00       		.byte	0
 617 01e8 05       		.uleb128 0x5
 618 01e9 04       		.byte	0x4
ARM GAS  /tmp/ccV7N3tb.s 			page 12


 619 01ea 61000000 		.4byte	0x61
 620 01ee 10       		.uleb128 0x10
 621 01ef C1000000 		.4byte	.LASF17
 622 01f3 01       		.byte	0x1
 623 01f4 7D       		.byte	0x7d
 624 01f5 61000000 		.4byte	0x61
 625 01f9 01       		.byte	0x1
 626 01fa 01       		.byte	0x1
 627 01fb 10       		.uleb128 0x10
 628 01fc D5010000 		.4byte	.LASF18
 629 0200 01       		.byte	0x1
 630 0201 85       		.byte	0x85
 631 0202 61000000 		.4byte	0x61
 632 0206 01       		.byte	0x1
 633 0207 01       		.byte	0x1
 634 0208 10       		.uleb128 0x10
 635 0209 23000000 		.4byte	.LASF19
 636 020d 01       		.byte	0x1
 637 020e 8C       		.byte	0x8c
 638 020f 61000000 		.4byte	0x61
 639 0213 01       		.byte	0x1
 640 0214 01       		.byte	0x1
 641 0215 10       		.uleb128 0x10
 642 0216 AC010000 		.4byte	.LASF20
 643 021a 01       		.byte	0x1
 644 021b 93       		.byte	0x93
 645 021c 61000000 		.4byte	0x61
 646 0220 01       		.byte	0x1
 647 0221 01       		.byte	0x1
 648 0222 10       		.uleb128 0x10
 649 0223 02010000 		.4byte	.LASF21
 650 0227 01       		.byte	0x1
 651 0228 99       		.byte	0x99
 652 0229 61000000 		.4byte	0x61
 653 022d 01       		.byte	0x1
 654 022e 01       		.byte	0x1
 655 022f 10       		.uleb128 0x10
 656 0230 9A010000 		.4byte	.LASF22
 657 0234 01       		.byte	0x1
 658 0235 9F       		.byte	0x9f
 659 0236 61000000 		.4byte	0x61
 660 023a 01       		.byte	0x1
 661 023b 01       		.byte	0x1
 662 023c 10       		.uleb128 0x10
 663 023d 0B000000 		.4byte	.LASF23
 664 0241 01       		.byte	0x1
 665 0242 A5       		.byte	0xa5
 666 0243 61000000 		.4byte	0x61
 667 0247 01       		.byte	0x1
 668 0248 01       		.byte	0x1
 669 0249 10       		.uleb128 0x10
 670 024a 00000000 		.4byte	.LASF24
 671 024e 01       		.byte	0x1
 672 024f AB       		.byte	0xab
 673 0250 61000000 		.4byte	0x61
 674 0254 01       		.byte	0x1
 675 0255 01       		.byte	0x1
ARM GAS  /tmp/ccV7N3tb.s 			page 13


 676 0256 10       		.uleb128 0x10
 677 0257 F9000000 		.4byte	.LASF25
 678 025b 01       		.byte	0x1
 679 025c B1       		.byte	0xb1
 680 025d 61000000 		.4byte	0x61
 681 0261 01       		.byte	0x1
 682 0262 01       		.byte	0x1
 683 0263 10       		.uleb128 0x10
 684 0264 C2010000 		.4byte	.LASF26
 685 0268 01       		.byte	0x1
 686 0269 B7       		.byte	0xb7
 687 026a 88000000 		.4byte	0x88
 688 026e 01       		.byte	0x1
 689 026f 01       		.byte	0x1
 690 0270 10       		.uleb128 0x10
 691 0271 B0000000 		.4byte	.LASF27
 692 0275 01       		.byte	0x1
 693 0276 BD       		.byte	0xbd
 694 0277 88000000 		.4byte	0x88
 695 027b 01       		.byte	0x1
 696 027c 01       		.byte	0x1
 697 027d 10       		.uleb128 0x10
 698 027e 9D000000 		.4byte	.LASF28
 699 0282 01       		.byte	0x1
 700 0283 C3       		.byte	0xc3
 701 0284 88000000 		.4byte	0x88
 702 0288 01       		.byte	0x1
 703 0289 01       		.byte	0x1
 704 028a 10       		.uleb128 0x10
 705 028b 12000000 		.4byte	.LASF29
 706 028f 01       		.byte	0x1
 707 0290 C9       		.byte	0xc9
 708 0291 88000000 		.4byte	0x88
 709 0295 01       		.byte	0x1
 710 0296 01       		.byte	0x1
 711 0297 00       		.byte	0
 712              		.section	.debug_abbrev,"",%progbits
 713              	.Ldebug_abbrev0:
 714 0000 01       		.uleb128 0x1
 715 0001 11       		.uleb128 0x11
 716 0002 01       		.byte	0x1
 717 0003 25       		.uleb128 0x25
 718 0004 0E       		.uleb128 0xe
 719 0005 13       		.uleb128 0x13
 720 0006 0B       		.uleb128 0xb
 721 0007 03       		.uleb128 0x3
 722 0008 0E       		.uleb128 0xe
 723 0009 11       		.uleb128 0x11
 724 000a 01       		.uleb128 0x1
 725 000b 52       		.uleb128 0x52
 726 000c 01       		.uleb128 0x1
 727 000d 55       		.uleb128 0x55
 728 000e 06       		.uleb128 0x6
 729 000f 10       		.uleb128 0x10
 730 0010 06       		.uleb128 0x6
 731 0011 00       		.byte	0
 732 0012 00       		.byte	0
ARM GAS  /tmp/ccV7N3tb.s 			page 14


 733 0013 02       		.uleb128 0x2
 734 0014 24       		.uleb128 0x24
 735 0015 00       		.byte	0
 736 0016 0B       		.uleb128 0xb
 737 0017 0B       		.uleb128 0xb
 738 0018 3E       		.uleb128 0x3e
 739 0019 0B       		.uleb128 0xb
 740 001a 03       		.uleb128 0x3
 741 001b 08       		.uleb128 0x8
 742 001c 00       		.byte	0
 743 001d 00       		.byte	0
 744 001e 03       		.uleb128 0x3
 745 001f 24       		.uleb128 0x24
 746 0020 00       		.byte	0
 747 0021 0B       		.uleb128 0xb
 748 0022 0B       		.uleb128 0xb
 749 0023 3E       		.uleb128 0x3e
 750 0024 0B       		.uleb128 0xb
 751 0025 03       		.uleb128 0x3
 752 0026 0E       		.uleb128 0xe
 753 0027 00       		.byte	0
 754 0028 00       		.byte	0
 755 0029 04       		.uleb128 0x4
 756 002a 16       		.uleb128 0x16
 757 002b 00       		.byte	0
 758 002c 03       		.uleb128 0x3
 759 002d 0E       		.uleb128 0xe
 760 002e 3A       		.uleb128 0x3a
 761 002f 0B       		.uleb128 0xb
 762 0030 3B       		.uleb128 0x3b
 763 0031 0B       		.uleb128 0xb
 764 0032 49       		.uleb128 0x49
 765 0033 13       		.uleb128 0x13
 766 0034 00       		.byte	0
 767 0035 00       		.byte	0
 768 0036 05       		.uleb128 0x5
 769 0037 0F       		.uleb128 0xf
 770 0038 00       		.byte	0
 771 0039 0B       		.uleb128 0xb
 772 003a 0B       		.uleb128 0xb
 773 003b 49       		.uleb128 0x49
 774 003c 13       		.uleb128 0x13
 775 003d 00       		.byte	0
 776 003e 00       		.byte	0
 777 003f 06       		.uleb128 0x6
 778 0040 15       		.uleb128 0x15
 779 0041 00       		.byte	0
 780 0042 27       		.uleb128 0x27
 781 0043 0C       		.uleb128 0xc
 782 0044 00       		.byte	0
 783 0045 00       		.byte	0
 784 0046 07       		.uleb128 0x7
 785 0047 2E       		.uleb128 0x2e
 786 0048 00       		.byte	0
 787 0049 3F       		.uleb128 0x3f
 788 004a 0C       		.uleb128 0xc
 789 004b 03       		.uleb128 0x3
ARM GAS  /tmp/ccV7N3tb.s 			page 15


 790 004c 0E       		.uleb128 0xe
 791 004d 3A       		.uleb128 0x3a
 792 004e 0B       		.uleb128 0xb
 793 004f 3B       		.uleb128 0x3b
 794 0050 0B       		.uleb128 0xb
 795 0051 27       		.uleb128 0x27
 796 0052 0C       		.uleb128 0xc
 797 0053 11       		.uleb128 0x11
 798 0054 01       		.uleb128 0x1
 799 0055 12       		.uleb128 0x12
 800 0056 01       		.uleb128 0x1
 801 0057 40       		.uleb128 0x40
 802 0058 0A       		.uleb128 0xa
 803 0059 00       		.byte	0
 804 005a 00       		.byte	0
 805 005b 08       		.uleb128 0x8
 806 005c 2E       		.uleb128 0x2e
 807 005d 01       		.byte	0x1
 808 005e 3F       		.uleb128 0x3f
 809 005f 0C       		.uleb128 0xc
 810 0060 03       		.uleb128 0x3
 811 0061 0E       		.uleb128 0xe
 812 0062 3A       		.uleb128 0x3a
 813 0063 0B       		.uleb128 0xb
 814 0064 3B       		.uleb128 0x3b
 815 0065 0B       		.uleb128 0xb
 816 0066 27       		.uleb128 0x27
 817 0067 0C       		.uleb128 0xc
 818 0068 11       		.uleb128 0x11
 819 0069 01       		.uleb128 0x1
 820 006a 12       		.uleb128 0x12
 821 006b 01       		.uleb128 0x1
 822 006c 40       		.uleb128 0x40
 823 006d 0A       		.uleb128 0xa
 824 006e 01       		.uleb128 0x1
 825 006f 13       		.uleb128 0x13
 826 0070 00       		.byte	0
 827 0071 00       		.byte	0
 828 0072 09       		.uleb128 0x9
 829 0073 34       		.uleb128 0x34
 830 0074 00       		.byte	0
 831 0075 03       		.uleb128 0x3
 832 0076 08       		.uleb128 0x8
 833 0077 3A       		.uleb128 0x3a
 834 0078 0B       		.uleb128 0xb
 835 0079 3B       		.uleb128 0x3b
 836 007a 0B       		.uleb128 0xb
 837 007b 49       		.uleb128 0x49
 838 007c 13       		.uleb128 0x13
 839 007d 00       		.byte	0
 840 007e 00       		.byte	0
 841 007f 0A       		.uleb128 0xa
 842 0080 34       		.uleb128 0x34
 843 0081 00       		.byte	0
 844 0082 03       		.uleb128 0x3
 845 0083 08       		.uleb128 0x8
 846 0084 3A       		.uleb128 0x3a
ARM GAS  /tmp/ccV7N3tb.s 			page 16


 847 0085 0B       		.uleb128 0xb
 848 0086 3B       		.uleb128 0x3b
 849 0087 0B       		.uleb128 0xb
 850 0088 49       		.uleb128 0x49
 851 0089 13       		.uleb128 0x13
 852 008a 1C       		.uleb128 0x1c
 853 008b 0B       		.uleb128 0xb
 854 008c 00       		.byte	0
 855 008d 00       		.byte	0
 856 008e 0B       		.uleb128 0xb
 857 008f 0B       		.uleb128 0xb
 858 0090 01       		.byte	0x1
 859 0091 11       		.uleb128 0x11
 860 0092 01       		.uleb128 0x1
 861 0093 12       		.uleb128 0x12
 862 0094 01       		.uleb128 0x1
 863 0095 01       		.uleb128 0x1
 864 0096 13       		.uleb128 0x13
 865 0097 00       		.byte	0
 866 0098 00       		.byte	0
 867 0099 0C       		.uleb128 0xc
 868 009a 34       		.uleb128 0x34
 869 009b 00       		.byte	0
 870 009c 03       		.uleb128 0x3
 871 009d 08       		.uleb128 0x8
 872 009e 3A       		.uleb128 0x3a
 873 009f 0B       		.uleb128 0xb
 874 00a0 3B       		.uleb128 0x3b
 875 00a1 05       		.uleb128 0x5
 876 00a2 49       		.uleb128 0x49
 877 00a3 13       		.uleb128 0x13
 878 00a4 02       		.uleb128 0x2
 879 00a5 06       		.uleb128 0x6
 880 00a6 00       		.byte	0
 881 00a7 00       		.byte	0
 882 00a8 0D       		.uleb128 0xd
 883 00a9 34       		.uleb128 0x34
 884 00aa 00       		.byte	0
 885 00ab 03       		.uleb128 0x3
 886 00ac 08       		.uleb128 0x8
 887 00ad 3A       		.uleb128 0x3a
 888 00ae 0B       		.uleb128 0xb
 889 00af 3B       		.uleb128 0x3b
 890 00b0 05       		.uleb128 0x5
 891 00b1 49       		.uleb128 0x49
 892 00b2 13       		.uleb128 0x13
 893 00b3 00       		.byte	0
 894 00b4 00       		.byte	0
 895 00b5 0E       		.uleb128 0xe
 896 00b6 0B       		.uleb128 0xb
 897 00b7 01       		.byte	0x1
 898 00b8 55       		.uleb128 0x55
 899 00b9 06       		.uleb128 0x6
 900 00ba 01       		.uleb128 0x1
 901 00bb 13       		.uleb128 0x13
 902 00bc 00       		.byte	0
 903 00bd 00       		.byte	0
ARM GAS  /tmp/ccV7N3tb.s 			page 17


 904 00be 0F       		.uleb128 0xf
 905 00bf 0B       		.uleb128 0xb
 906 00c0 01       		.byte	0x1
 907 00c1 55       		.uleb128 0x55
 908 00c2 06       		.uleb128 0x6
 909 00c3 00       		.byte	0
 910 00c4 00       		.byte	0
 911 00c5 10       		.uleb128 0x10
 912 00c6 34       		.uleb128 0x34
 913 00c7 00       		.byte	0
 914 00c8 03       		.uleb128 0x3
 915 00c9 0E       		.uleb128 0xe
 916 00ca 3A       		.uleb128 0x3a
 917 00cb 0B       		.uleb128 0xb
 918 00cc 3B       		.uleb128 0x3b
 919 00cd 0B       		.uleb128 0xb
 920 00ce 49       		.uleb128 0x49
 921 00cf 13       		.uleb128 0x13
 922 00d0 3F       		.uleb128 0x3f
 923 00d1 0C       		.uleb128 0xc
 924 00d2 3C       		.uleb128 0x3c
 925 00d3 0C       		.uleb128 0xc
 926 00d4 00       		.byte	0
 927 00d5 00       		.byte	0
 928 00d6 00       		.byte	0
 929              		.section	.debug_loc,"",%progbits
 930              	.Ldebug_loc0:
 931              	.LLST0:
 932 0000 36000000 		.4byte	.LVL3
 933 0004 4E000000 		.4byte	.LVL4
 934 0008 0100     		.2byte	0x1
 935 000a 52       		.byte	0x52
 936 000b 00000000 		.4byte	0
 937 000f 00000000 		.4byte	0
 938              	.LLST1:
 939 0013 72000000 		.4byte	.LVL7
 940 0017 8A000000 		.4byte	.LVL8
 941 001b 0100     		.2byte	0x1
 942 001d 52       		.byte	0x52
 943 001e 90000000 		.4byte	.LVL9
 944 0022 98000000 		.4byte	.LVL10
 945 0026 0100     		.2byte	0x1
 946 0028 52       		.byte	0x52
 947 0029 00000000 		.4byte	0
 948 002d 00000000 		.4byte	0
 949              	.LLST2:
 950 0031 C4000000 		.4byte	.LVL12
 951 0035 E4000000 		.4byte	.LVL13
 952 0039 0100     		.2byte	0x1
 953 003b 51       		.byte	0x51
 954 003c 00000000 		.4byte	0
 955 0040 00000000 		.4byte	0
 956              	.LLST3:
 957 0044 18010000 		.4byte	.LVL16
 958 0048 32010000 		.4byte	.LVL17
 959 004c 0100     		.2byte	0x1
 960 004e 52       		.byte	0x52
ARM GAS  /tmp/ccV7N3tb.s 			page 18


 961 004f 38010000 		.4byte	.LVL18
 962 0053 40010000 		.4byte	.LVL19
 963 0057 0100     		.2byte	0x1
 964 0059 52       		.byte	0x52
 965 005a 00000000 		.4byte	0
 966 005e 00000000 		.4byte	0
 967              	.LLST4:
 968 0062 64010000 		.4byte	.LVL21
 969 0066 7A010000 		.4byte	.LVL22
 970 006a 0100     		.2byte	0x1
 971 006c 55       		.byte	0x55
 972 006d 00000000 		.4byte	0
 973 0071 00000000 		.4byte	0
 974              	.LLST5:
 975 0075 B6010000 		.4byte	.LVL26
 976 0079 C8010000 		.4byte	.LVL27
 977 007d 0100     		.2byte	0x1
 978 007f 55       		.byte	0x55
 979 0080 00000000 		.4byte	0
 980 0084 00000000 		.4byte	0
 981              		.section	.debug_aranges,"",%progbits
 982 0000 34000000 		.4byte	0x34
 983 0004 0200     		.2byte	0x2
 984 0006 00000000 		.4byte	.Ldebug_info0
 985 000a 04       		.byte	0x4
 986 000b 00       		.byte	0
 987 000c 0000     		.2byte	0
 988 000e 0000     		.2byte	0
 989 0010 00000000 		.4byte	.LFB7
 990 0014 02000000 		.4byte	.LFE7-.LFB7
 991 0018 00000000 		.4byte	.LFB8
 992 001c 02000000 		.4byte	.LFE8-.LFB8
 993 0020 00000000 		.4byte	.LFB9
 994 0024 02000000 		.4byte	.LFE9-.LFB9
 995 0028 00000000 		.4byte	.LFB10
 996 002c DE010000 		.4byte	.LFE10-.LFB10
 997 0030 00000000 		.4byte	0
 998 0034 00000000 		.4byte	0
 999              		.section	.debug_ranges,"",%progbits
 1000              	.Ldebug_ranges0:
 1001 0000 40010000 		.4byte	.LBB6
 1002 0004 50010000 		.4byte	.LBE6
 1003 0008 54010000 		.4byte	.LBB7
 1004 000c 8C010000 		.4byte	.LBE7
 1005 0010 00000000 		.4byte	0
 1006 0014 00000000 		.4byte	0
 1007 0018 8C010000 		.4byte	.LBB8
 1008 001c 9C010000 		.4byte	.LBE8
 1009 0020 A0010000 		.4byte	.LBB9
 1010 0024 DA010000 		.4byte	.LBE9
 1011 0028 00000000 		.4byte	0
 1012 002c 00000000 		.4byte	0
 1013 0030 00000000 		.4byte	.LFB7
 1014 0034 02000000 		.4byte	.LFE7
 1015 0038 00000000 		.4byte	.LFB8
 1016 003c 02000000 		.4byte	.LFE8
 1017 0040 00000000 		.4byte	.LFB9
ARM GAS  /tmp/ccV7N3tb.s 			page 19


 1018 0044 02000000 		.4byte	.LFE9
 1019 0048 00000000 		.4byte	.LFB10
 1020 004c DE010000 		.4byte	.LFE10
 1021 0050 00000000 		.4byte	0
 1022 0054 00000000 		.4byte	0
 1023              		.section	.debug_line,"",%progbits
 1024              	.Ldebug_line0:
 1025 0000 48010000 		.section	.debug_str,"MS",%progbits,1
 1025      0200A600 
 1025      00000201 
 1025      FB0E0D00 
 1025      01010101 
 1026              	.LASF24:
 1027 0000 5F627373 		.ascii	"_bss_start\000"
 1027      5F737461 
 1027      727400
 1028              	.LASF23:
 1029 000b 5F656461 		.ascii	"_edata\000"
 1029      746100
 1030              	.LASF29:
 1031 0012 5F5F6669 		.ascii	"__fini_array_end\000"
 1031      6E695F61 
 1031      72726179 
 1031      5F656E64 
 1031      00
 1032              	.LASF19:
 1033 0023 5F5F7072 		.ascii	"__process_stack_base__\000"
 1033      6F636573 
 1033      735F7374 
 1033      61636B5F 
 1033      62617365 
 1034              	.LASF13:
 1035 003a 66756E63 		.ascii	"funcpp_t\000"
 1035      70705F74 
 1035      00
 1036              	.LASF16:
 1037 0043 5F646566 		.ascii	"_default_exit\000"
 1037      61756C74 
 1037      5F657869 
 1037      7400
 1038              	.LASF2:
 1039 0051 756E7369 		.ascii	"unsigned char\000"
 1039      676E6564 
 1039      20636861 
 1039      7200
 1040              	.LASF15:
 1041 005f 5F5F6C61 		.ascii	"__late_init\000"
 1041      74655F69 
 1041      6E697400 
 1042              	.LASF8:
 1043 006b 6C6F6E67 		.ascii	"long unsigned int\000"
 1043      20756E73 
 1043      69676E65 
 1043      6420696E 
 1043      7400
 1044              	.LASF32:
 1045 007d 52657365 		.ascii	"ResetHandler\000"
ARM GAS  /tmp/ccV7N3tb.s 			page 20


 1045      7448616E 
 1045      646C6572 
 1045      00
 1046              	.LASF4:
 1047 008a 73686F72 		.ascii	"short unsigned int\000"
 1047      7420756E 
 1047      7369676E 
 1047      65642069 
 1047      6E7400
 1048              	.LASF28:
 1049 009d 5F5F6669 		.ascii	"__fini_array_start\000"
 1049      6E695F61 
 1049      72726179 
 1049      5F737461 
 1049      727400
 1050              	.LASF27:
 1051 00b0 5F5F696E 		.ascii	"__init_array_end\000"
 1051      69745F61 
 1051      72726179 
 1051      5F656E64 
 1051      00
 1052              	.LASF17:
 1053 00c1 5F5F6D61 		.ascii	"__main_stack_base__\000"
 1053      696E5F73 
 1053      7461636B 
 1053      5F626173 
 1053      655F5F00 
 1054              	.LASF0:
 1055 00d5 756E7369 		.ascii	"unsigned int\000"
 1055      676E6564 
 1055      20696E74 
 1055      00
 1056              	.LASF10:
 1057 00e2 6C6F6E67 		.ascii	"long long unsigned int\000"
 1057      206C6F6E 
 1057      6720756E 
 1057      7369676E 
 1057      65642069 
 1058              	.LASF25:
 1059 00f9 5F627373 		.ascii	"_bss_end\000"
 1059      5F656E64 
 1059      00
 1060              	.LASF21:
 1061 0102 5F746578 		.ascii	"_textdata\000"
 1061      74646174 
 1061      6100
 1062              	.LASF14:
 1063 010c 5F5F6561 		.ascii	"__early_init\000"
 1063      726C795F 
 1063      696E6974 
 1063      00
 1064              	.LASF31:
 1065 0119 2F6F7074 		.ascii	"/opt/ChibiOS/ChibiOS_2.4.4/os/ports/GCC/ARMCMx/crt0"
 1065      2F436869 
 1065      62694F53 
 1065      2F436869 
 1065      62694F53 
ARM GAS  /tmp/ccV7N3tb.s 			page 21


 1066 014c 2E6300   		.ascii	".c\000"
 1067              	.LASF6:
 1068 014f 75696E74 		.ascii	"uint8_t\000"
 1068      385F7400 
 1069              	.LASF9:
 1070 0157 6C6F6E67 		.ascii	"long long int\000"
 1070      206C6F6E 
 1070      6720696E 
 1070      7400
 1071              	.LASF11:
 1072 0165 63686172 		.ascii	"char\000"
 1072      00
 1073              	.LASF30:
 1074 016a 474E5520 		.ascii	"GNU C 4.6.3\000"
 1074      4320342E 
 1074      362E3300 
 1075              	.LASF3:
 1076 0176 73686F72 		.ascii	"short int\000"
 1076      7420696E 
 1076      7400
 1077              	.LASF12:
 1078 0180 66756E63 		.ascii	"funcp_t\000"
 1078      705F7400 
 1079              	.LASF7:
 1080 0188 75696E74 		.ascii	"uint32_t\000"
 1080      33325F74 
 1080      00
 1081              	.LASF5:
 1082 0191 6C6F6E67 		.ascii	"long int\000"
 1082      20696E74 
 1082      00
 1083              	.LASF22:
 1084 019a 5F646174 		.ascii	"_data\000"
 1084      6100
 1085              	.LASF1:
 1086 01a0 7369676E 		.ascii	"signed char\000"
 1086      65642063 
 1086      68617200 
 1087              	.LASF20:
 1088 01ac 5F5F7072 		.ascii	"__process_stack_end__\000"
 1088      6F636573 
 1088      735F7374 
 1088      61636B5F 
 1088      656E645F 
 1089              	.LASF26:
 1090 01c2 5F5F696E 		.ascii	"__init_array_start\000"
 1090      69745F61 
 1090      72726179 
 1090      5F737461 
 1090      727400
 1091              	.LASF18:
 1092 01d5 5F5F6D61 		.ascii	"__main_stack_end__\000"
 1092      696E5F73 
 1092      7461636B 
 1092      5F656E64 
 1092      5F5F00
 1093              		.ident	"GCC: (Sourcery CodeBench Lite 2012.03-56) 4.6.3"
ARM GAS  /tmp/ccV7N3tb.s 			page 22


ARM GAS  /tmp/ccV7N3tb.s 			page 23


DEFINED SYMBOLS
                            *ABS*:00000000 crt0.c
     /tmp/ccV7N3tb.s:21     .text.__early_init:00000000 $t
     /tmp/ccV7N3tb.s:27     .text.__early_init:00000000 __early_init
     /tmp/ccV7N3tb.s:41     .text.__late_init:00000000 $t
     /tmp/ccV7N3tb.s:47     .text.__late_init:00000000 __late_init
     /tmp/ccV7N3tb.s:60     .text._default_exit:00000000 $t
     /tmp/ccV7N3tb.s:66     .text._default_exit:00000000 _default_exit
     /tmp/ccV7N3tb.s:79     .text.ResetHandler:00000000 $t
     /tmp/ccV7N3tb.s:85     .text.ResetHandler:00000000 ResetHandler
                     .debug_frame:00000010 $d

UNDEFINED SYMBOLS
__process_stack_end__
__main_stack_base__
__main_stack_end__
__process_stack_base__
_edata
_data
_textdata
_bss_start
_bss_end
__init_array_start
__init_array_end
__fini_array_start
__fini_array_end
main
