ARM GAS  /tmp/cc91ZOsf.s 			page 1


   1              		.syntax unified
   2              		.cpu cortex-m4
   3              		.eabi_attribute 27, 3
   4              		.eabi_attribute 28, 1
   5              		.fpu fpv4-sp-d16
   6              		.eabi_attribute 20, 1
   7              		.eabi_attribute 21, 1
   8              		.eabi_attribute 23, 3
   9              		.eabi_attribute 24, 1
  10              		.eabi_attribute 25, 1
  11              		.eabi_attribute 26, 1
  12              		.eabi_attribute 30, 2
  13              		.eabi_attribute 34, 1
  14              		.eabi_attribute 18, 4
  15              		.thumb
  16              		.file	"Led.c"
  17              		.text
  18              	.Ltext0:
  19              		.cfi_sections	.debug_frame
  20              		.section	.text.blinkerThread,"ax",%progbits
  21              		.align	2
  22              		.p2align 4,,15
  23              		.thumb
  24              		.thumb_func
  25              		.type	blinkerThread, %function
  26              	blinkerThread:
  27              	.LFB120:
  28              		.file 1 "./src/Led.c"
  29              		.loc 1 97 0
  30              		.cfi_startproc
  31              		@ args = 0, pretend = 0, frame = 0
  32              		@ frame_needed = 0, uses_anonymous_args = 0
  33              	.LVL0:
  34 0000 10B5     		push	{r4, lr}
  35              	.LCFI0:
  36              		.cfi_def_cfa_offset 8
  37              		.cfi_offset 14, -4
  38              		.cfi_offset 4, -8
  39              		.loc 1 101 0
  40 0002 4FF44064 		mov	r4, #3072
  41 0006 C4F20204 		movt	r4, 16386
  42              	.LVL1:
  43              	.L2:
  44              		.loc 1 102 0 discriminator 1
  45 000a 4FF48051 		mov	r1, #4096	@ movhi
  46              		.loc 1 101 0 discriminator 1
  47 000e 4FF40050 		mov	r0, #8192	@ movhi
  48 0012 2083     		strh	r0, [r4, #24]	@ movhi
  49              		.loc 1 102 0 discriminator 1
  50 0014 6183     		strh	r1, [r4, #26]	@ movhi
  51              		.loc 1 103 0 discriminator 1
  52 0016 4FF4FA70 		mov	r0, #500
  53 001a FFF7FEFF 		bl	chThdSleep
  54              		.loc 1 104 0 discriminator 1
  55 001e 4FF48043 		mov	r3, #16384	@ movhi
  56              		.loc 1 105 0 discriminator 1
  57 0022 4FF4005C 		mov	ip, #8192	@ movhi
ARM GAS  /tmp/cc91ZOsf.s 			page 2


  58              		.loc 1 104 0 discriminator 1
  59 0026 2383     		strh	r3, [r4, #24]	@ movhi
  60              		.loc 1 106 0 discriminator 1
  61 0028 4FF4FA70 		mov	r0, #500
  62              		.loc 1 105 0 discriminator 1
  63 002c A4F81AC0 		strh	ip, [r4, #26]	@ movhi
  64              		.loc 1 106 0 discriminator 1
  65 0030 FFF7FEFF 		bl	chThdSleep
  66              		.loc 1 107 0 discriminator 1
  67 0034 48F20002 		movw	r2, 32768	@ movhi
  68              		.loc 1 108 0 discriminator 1
  69 0038 4FF48041 		mov	r1, #16384	@ movhi
  70              		.loc 1 107 0 discriminator 1
  71 003c 2283     		strh	r2, [r4, #24]	@ movhi
  72              		.loc 1 109 0 discriminator 1
  73 003e 4FF4FA70 		mov	r0, #500
  74              		.loc 1 108 0 discriminator 1
  75 0042 6183     		strh	r1, [r4, #26]	@ movhi
  76              		.loc 1 109 0 discriminator 1
  77 0044 FFF7FEFF 		bl	chThdSleep
  78              		.loc 1 110 0 discriminator 1
  79 0048 4FF48050 		mov	r0, #4096	@ movhi
  80              		.loc 1 111 0 discriminator 1
  81 004c 48F20003 		movw	r3, 32768	@ movhi
  82              		.loc 1 110 0 discriminator 1
  83 0050 2083     		strh	r0, [r4, #24]	@ movhi
  84              		.loc 1 112 0 discriminator 1
  85 0052 4FF4FA70 		mov	r0, #500
  86              		.loc 1 111 0 discriminator 1
  87 0056 6383     		strh	r3, [r4, #26]	@ movhi
  88              		.loc 1 112 0 discriminator 1
  89 0058 FFF7FEFF 		bl	chThdSleep
  90 005c D5E7     		b	.L2
  91              		.cfi_endproc
  92              	.LFE120:
  93              		.size	blinkerThread, .-blinkerThread
  94 005e 00BF     		.section	.text.setLed,"ax",%progbits
  95              		.align	2
  96              		.p2align 4,,15
  97              		.global	setLed
  98              		.thumb
  99              		.thumb_func
 100              		.type	setLed, %function
 101              	setLed:
 102              	.LFB117:
 103              		.loc 1 37 0
 104              		.cfi_startproc
 105              		@ args = 0, pretend = 0, frame = 0
 106              		@ frame_needed = 0, uses_anonymous_args = 0
 107              		@ link register save eliminated.
 108              	.LVL2:
 109              		.loc 1 38 0
 110 0000 0828     		cmp	r0, #8
 111 0002 09D8     		bhi	.L4
 112              	.LVL3:
 113              	.LBB4:
 114              	.LBB5:
ARM GAS  /tmp/cc91ZOsf.s 			page 3


 115              		.loc 1 40 0
 116 0004 0730     		adds	r0, r0, #7
 117              	.LVL4:
 118 0006 4FF48053 		mov	r3, #4096
 119 000a 0122     		movs	r2, #1
 120 000c 02FA00F0 		lsl	r0, r2, r0
 121              	.LVL5:
 122 0010 C4F20203 		movt	r3, 16386
 123              		.loc 1 39 0
 124 0014 09B9     		cbnz	r1, .L7
 125              	.LVL6:
 126              		.loc 1 42 0
 127 0016 5883     		strh	r0, [r3, #26]	@ movhi
 128              	.LVL7:
 129              	.L4:
 130 0018 7047     		bx	lr
 131              	.LVL8:
 132              	.L7:
 133              		.loc 1 40 0
 134 001a 1883     		strh	r0, [r3, #24]	@ movhi
 135 001c 7047     		bx	lr
 136              	.LBE5:
 137              	.LBE4:
 138              		.cfi_endproc
 139              	.LFE117:
 140              		.size	setLed, .-setLed
 141 001e 00BF     		.section	.text.spykeeLedBlinkerThread,"ax",%progbits
 142              		.align	2
 143              		.p2align 4,,15
 144              		.thumb
 145              		.thumb_func
 146              		.type	spykeeLedBlinkerThread, %function
 147              	spykeeLedBlinkerThread:
 148              	.LFB119:
 149              		.loc 1 63 0
 150              		.cfi_startproc
 151              		@ args = 0, pretend = 0, frame = 0
 152              		@ frame_needed = 0, uses_anonymous_args = 0
 153              	.LVL9:
 154 0000 2DE9F843 		push	{r3, r4, r5, r6, r7, r8, r9, lr}
 155              	.LCFI1:
 156              		.cfi_def_cfa_offset 32
 157              		.cfi_offset 14, -4
 158              		.cfi_offset 9, -8
 159              		.cfi_offset 8, -12
 160              		.cfi_offset 7, -16
 161              		.cfi_offset 6, -20
 162              		.cfi_offset 5, -24
 163              		.cfi_offset 4, -28
 164              		.cfi_offset 3, -32
 165              		.loc 1 65 0
 166 0004 4FF00309 		mov	r9, #3
 167 0008 40F20004 		movw	r4, #:lower16:.LANCHOR1
 168              		.loc 1 66 0
 169 000c 0027     		movs	r7, #0
 170              		.loc 1 64 0
 171 000e C846     		mov	r8, r9
ARM GAS  /tmp/cc91ZOsf.s 			page 4


 172 0010 C0F20004 		movt	r4, #:upper16:.LANCHOR1
 173 0014 4E46     		mov	r6, r9
 174 0016 4D46     		mov	r5, r9
 175 0018 0AE0     		b	.L14
 176              	.LVL10:
 177              	.L9:
 178              		.loc 1 78 0
 179 001a 6068     		ldr	r0, [r4, #4]
 180 001c 48BB     		cbnz	r0, .L17
 181              	.LVL11:
 182              	.L11:
 183              		.loc 1 84 0
 184 001e A268     		ldr	r2, [r4, #8]
 185 0020 002A     		cmp	r2, #0
 186 0022 39D1     		bne	.L18
 187              	.LVL12:
 188              	.L13:
 189              		.loc 1 89 0
 190 0024 FFF7FEFF 		bl	chMtxUnlock
 191              		.loc 1 90 0
 192 0028 4FF4FA70 		mov	r0, #500
 193 002c FFF7FEFF 		bl	chThdSleep
 194              	.LVL13:
 195              	.L14:
 196              		.loc 1 71 0
 197 0030 40F20000 		movw	r0, #:lower16:.LANCHOR0
 198 0034 C0F20000 		movt	r0, #:upper16:.LANCHOR0
 199 0038 FFF7FEFF 		bl	chMtxLock
 200              		.loc 1 72 0
 201 003c 2368     		ldr	r3, [r4, #0]
 202 003e 002B     		cmp	r3, #0
 203 0040 EBD0     		beq	.L9
 204              		.loc 1 74 0
 205 0042 3046     		mov	r0, r6
 206 0044 0021     		movs	r1, #0
 207 0046 FFF7FEFF 		bl	setLed
 208              		.loc 1 75 0
 209 004a 032E     		cmp	r6, #3
 210 004c 1BBF     		ittet	ne
 211 004e 08F10108 		addne	r8, r8, #1
 212              	.LVL14:
 213 0052 1FFA88F8 		uxthne	r8, r8
 214 0056 4FF00008 		moveq	r8, #0
 215 005a 0FFA88F6 		sxthne	r6, r8
 216 005e 12BF     		itee	ne
 217 0060 3046     		movne	r0, r6
 218 0062 4046     		moveq	r0, r8
 219 0064 4646     		moveq	r6, r8
 220              	.LVL15:
 221              		.loc 1 76 0
 222 0066 0121     		movs	r1, #1
 223 0068 FFF7FEFF 		bl	setLed
 224              		.loc 1 78 0
 225 006c 6068     		ldr	r0, [r4, #4]
 226 006e 0028     		cmp	r0, #0
 227 0070 D5D0     		beq	.L11
 228              	.LVL16:
ARM GAS  /tmp/cc91ZOsf.s 			page 5


 229              	.L17:
 230              		.loc 1 80 0
 231 0072 281D     		adds	r0, r5, #4
 232 0074 0021     		movs	r1, #0
 233 0076 FFF7FEFF 		bl	setLed
 234              		.loc 1 81 0
 235 007a 032D     		cmp	r5, #3
 236 007c 13D0     		beq	.L16
 237              		.loc 1 81 0 is_stmt 0 discriminator 1
 238 007e 09F10101 		add	r1, r9, #1
 239 0082 1FFA81F9 		uxth	r9, r1
 240              	.LVL17:
 241 0086 0FFA89F5 		sxth	r5, r9
 242 008a 281D     		adds	r0, r5, #4
 243              	.LVL18:
 244              	.L12:
 245              		.loc 1 82 0 is_stmt 1 discriminator 3
 246 008c 0121     		movs	r1, #1
 247 008e FFF7FEFF 		bl	setLed
 248              		.loc 1 84 0 discriminator 3
 249 0092 A268     		ldr	r2, [r4, #8]
 250 0094 002A     		cmp	r2, #0
 251 0096 C5D0     		beq	.L13
 252              	.LVL19:
 253              	.L18:
 254              		.loc 1 86 0
 255 0098 3946     		mov	r1, r7
 256 009a 0820     		movs	r0, #8
 257 009c FFF7FEFF 		bl	setLed
 258              		.loc 1 87 0
 259 00a0 87F00107 		eor	r7, r7, #1
 260              	.LVL20:
 261 00a4 BEE7     		b	.L13
 262              	.LVL21:
 263              	.L16:
 264              		.loc 1 81 0
 265 00a6 4FF00009 		mov	r9, #0
 266              	.LVL22:
 267 00aa 0420     		movs	r0, #4
 268 00ac 4D46     		mov	r5, r9
 269 00ae EDE7     		b	.L12
 270              		.cfi_endproc
 271              	.LFE119:
 272              		.size	spykeeLedBlinkerThread, .-spykeeLedBlinkerThread
 273              		.section	.text.resetLed,"ax",%progbits
 274              		.align	2
 275              		.p2align 4,,15
 276              		.global	resetLed
 277              		.thumb
 278              		.thumb_func
 279              		.type	resetLed, %function
 280              	resetLed:
 281              	.LFB118:
 282              		.loc 1 47 0
 283              		.cfi_startproc
 284              		@ args = 0, pretend = 0, frame = 0
 285              		@ frame_needed = 0, uses_anonymous_args = 0
ARM GAS  /tmp/cc91ZOsf.s 			page 6


 286              	.LVL23:
 287              		.loc 1 50 0
 288 0000 40F20000 		movw	r0, #:lower16:.LANCHOR0
 289              		.loc 1 47 0
 290 0004 10B5     		push	{r4, lr}
 291              	.LCFI2:
 292              		.cfi_def_cfa_offset 8
 293              		.cfi_offset 14, -4
 294              		.cfi_offset 4, -8
 295              		.loc 1 50 0
 296 0006 C0F20000 		movt	r0, #:upper16:.LANCHOR0
 297 000a FFF7FEFF 		bl	chMtxLock
 298              	.LVL24:
 299              		.loc 1 52 0
 300 000e 40F2000C 		movw	ip, #:lower16:.LANCHOR1
 301 0012 0024     		movs	r4, #0
 302 0014 C0F2000C 		movt	ip, #:upper16:.LANCHOR1
 303              		.loc 1 54 0
 304 0018 2046     		mov	r0, r4
 305 001a 2146     		mov	r1, r4
 306              		.loc 1 52 0
 307 001c CCF80040 		str	r4, [ip, #0]
 308              	.LVL25:
 309 0020 CCF80440 		str	r4, [ip, #4]
 310              	.LVL26:
 311 0024 CCF80840 		str	r4, [ip, #8]
 312              	.LVL27:
 313              		.loc 1 54 0
 314 0028 FFF7FEFF 		bl	setLed
 315              	.LVL28:
 316 002c 0120     		movs	r0, #1
 317 002e 2146     		mov	r1, r4
 318 0030 FFF7FEFF 		bl	setLed
 319              	.LVL29:
 320 0034 0220     		movs	r0, #2
 321 0036 2146     		mov	r1, r4
 322 0038 FFF7FEFF 		bl	setLed
 323              	.LVL30:
 324 003c 0320     		movs	r0, #3
 325 003e 2146     		mov	r1, r4
 326 0040 FFF7FEFF 		bl	setLed
 327              	.LVL31:
 328 0044 0420     		movs	r0, #4
 329 0046 2146     		mov	r1, r4
 330 0048 FFF7FEFF 		bl	setLed
 331              	.LVL32:
 332 004c 0520     		movs	r0, #5
 333 004e 2146     		mov	r1, r4
 334 0050 FFF7FEFF 		bl	setLed
 335              	.LVL33:
 336 0054 0620     		movs	r0, #6
 337 0056 2146     		mov	r1, r4
 338 0058 FFF7FEFF 		bl	setLed
 339              	.LVL34:
 340 005c 0720     		movs	r0, #7
 341 005e 2146     		mov	r1, r4
 342 0060 FFF7FEFF 		bl	setLed
ARM GAS  /tmp/cc91ZOsf.s 			page 7


 343              	.LVL35:
 344 0064 0820     		movs	r0, #8
 345 0066 2146     		mov	r1, r4
 346 0068 FFF7FEFF 		bl	setLed
 347              	.LVL36:
 348              		.loc 1 55 0
 349 006c FFF7FEFF 		bl	chMtxUnlock
 350              		.loc 1 56 0
 351 0070 4FF44063 		mov	r3, #3072
 352 0074 C4F20203 		movt	r3, 16386
 353 0078 4FF40062 		mov	r2, #2048	@ movhi
 354 007c 5A83     		strh	r2, [r3, #26]	@ movhi
 355              		.loc 1 57 0
 356 007e 10BD     		pop	{r4, pc}
 357              		.cfi_endproc
 358              	.LFE118:
 359              		.size	resetLed, .-resetLed
 360              		.section	.text.startLedBlinkerTreads,"ax",%progbits
 361              		.align	2
 362              		.p2align 4,,15
 363              		.global	startLedBlinkerTreads
 364              		.thumb
 365              		.thumb_func
 366              		.type	startLedBlinkerTreads, %function
 367              	startLedBlinkerTreads:
 368              	.LFB121:
 369              		.loc 1 118 0
 370              		.cfi_startproc
 371              		@ args = 0, pretend = 0, frame = 0
 372              		@ frame_needed = 0, uses_anonymous_args = 0
 373 0000 10B5     		push	{r4, lr}
 374              	.LCFI3:
 375              		.cfi_def_cfa_offset 8
 376              		.cfi_offset 14, -4
 377              		.cfi_offset 4, -8
 378              		.loc 1 119 0
 379 0002 40F20000 		movw	r0, #:lower16:.LANCHOR2
 380              		.loc 1 118 0
 381 0006 82B0     		sub	sp, sp, #8
 382              	.LCFI4:
 383              		.cfi_def_cfa_offset 16
 384              		.loc 1 119 0
 385 0008 40F20003 		movw	r3, #:lower16:spykeeLedBlinkerThread
 386 000c 0024     		movs	r4, #0
 387 000e 4022     		movs	r2, #64
 388 0010 4FF49871 		mov	r1, #304
 389 0014 C0F20003 		movt	r3, #:upper16:spykeeLedBlinkerThread
 390 0018 C0F20000 		movt	r0, #:upper16:.LANCHOR2
 391 001c 0094     		str	r4, [sp, #0]
 392 001e FFF7FEFF 		bl	chThdCreateStatic
 393              		.loc 1 122 0
 394 0022 40F20000 		movw	r0, #:lower16:.LANCHOR3
 395 0026 40F20003 		movw	r3, #:lower16:blinkerThread
 396 002a 4FF49871 		mov	r1, #304
 397 002e 4022     		movs	r2, #64
 398 0030 C0F20003 		movt	r3, #:upper16:blinkerThread
 399 0034 C0F20000 		movt	r0, #:upper16:.LANCHOR3
ARM GAS  /tmp/cc91ZOsf.s 			page 8


 400 0038 0094     		str	r4, [sp, #0]
 401 003a FFF7FEFF 		bl	chThdCreateStatic
 402              		.loc 1 124 0
 403 003e 02B0     		add	sp, sp, #8
 404 0040 10BD     		pop	{r4, pc}
 405              		.cfi_endproc
 406              	.LFE121:
 407              		.size	startLedBlinkerTreads, .-startLedBlinkerTreads
 408              		.global	blinking
 409              		.global	spykeeLedMutex
 410 0042 00BFAFF3 		.section	.bss.blinkerWorkingArea,"aw",%nobits
 410      0080AFF3 
 410      0080AFF3 
 410      0080
 411              		.align	3
 412              		.set	.LANCHOR3,. + 0
 413              		.type	blinkerWorkingArea, %object
 414              		.size	blinkerWorkingArea, 304
 415              	blinkerWorkingArea:
 416 0000 00000000 		.space	304
 416      00000000 
 416      00000000 
 416      00000000 
 416      00000000 
 417              		.section	.bss.spykeeLedMutex,"aw",%nobits
 418              		.align	2
 419              		.set	.LANCHOR0,. + 0
 420              		.type	spykeeLedMutex, %object
 421              		.size	spykeeLedMutex, 16
 422              	spykeeLedMutex:
 423 0000 00000000 		.space	16
 423      00000000 
 423      00000000 
 423      00000000 
 424              		.section	.bss.blinking,"aw",%nobits
 425              		.align	2
 426              		.set	.LANCHOR1,. + 0
 427              		.type	blinking, %object
 428              		.size	blinking, 12
 429              	blinking:
 430 0000 00000000 		.space	12
 430      00000000 
 430      00000000 
 431              		.section	.bss.spykeeLedBlinkerWorkingArea,"aw",%nobits
 432              		.align	3
 433              		.set	.LANCHOR2,. + 0
 434              		.type	spykeeLedBlinkerWorkingArea, %object
 435              		.size	spykeeLedBlinkerWorkingArea, 304
 436              	spykeeLedBlinkerWorkingArea:
 437 0000 00000000 		.space	304
 437      00000000 
 437      00000000 
 437      00000000 
 437      00000000 
 438              		.text
 439              	.Letext0:
 440              		.file 2 "/opt/arm/bin/../lib/gcc/arm-none-eabi/4.6.3/../../../../arm-none-eabi/include/stdint.h"
ARM GAS  /tmp/cc91ZOsf.s 			page 9


 441              		.file 3 "/opt/ChibiOS/ChibiOS_2.4.4/os/ports/GCC/ARMCMx/chtypes.h"
 442              		.file 4 "/opt/ChibiOS/ChibiOS_2.4.4/os/kernel/include/chlists.h"
 443              		.file 5 "/opt/ChibiOS/ChibiOS_2.4.4/os/kernel/include/chthreads.h"
 444              		.file 6 "/opt/ChibiOS/ChibiOS_2.4.4/os/ports/GCC/ARMCMx/chcore_v7m.h"
 445              		.file 7 "/opt/ChibiOS/ChibiOS_2.4.4/os/kernel/include/chmtx.h"
 446              		.file 8 "/opt/ChibiOS/ChibiOS_2.4.4/os/hal/platforms/STM32/GPIOv2/pal_lld.h"
 447              		.file 9 "/opt/ChibiOS/ChibiOS_2.4.4/os/ports/common/ARMCMx/CMSIS/include/core_cm4.h"
 448              		.section	.debug_info,"",%progbits
 449              	.Ldebug_info0:
 450 0000 83060000 		.4byte	0x683
 451 0004 0200     		.2byte	0x2
 452 0006 00000000 		.4byte	.Ldebug_abbrev0
 453 000a 04       		.byte	0x4
 454 000b 01       		.uleb128 0x1
 455 000c 4E000000 		.4byte	.LASF79
 456 0010 01       		.byte	0x1
 457 0011 98000000 		.4byte	.LASF80
 458 0015 47010000 		.4byte	.LASF81
 459 0019 00000000 		.4byte	0
 460 001d 00000000 		.4byte	0
 461 0021 00000000 		.4byte	.Ldebug_ranges0+0
 462 0025 00000000 		.4byte	.Ldebug_line0
 463 0029 02       		.uleb128 0x2
 464 002a 04       		.byte	0x4
 465 002b 05       		.byte	0x5
 466 002c 696E7400 		.ascii	"int\000"
 467 0030 03       		.uleb128 0x3
 468 0031 04       		.byte	0x4
 469 0032 07       		.byte	0x7
 470 0033 FD010000 		.4byte	.LASF0
 471 0037 03       		.uleb128 0x3
 472 0038 01       		.byte	0x1
 473 0039 06       		.byte	0x6
 474 003a C9010000 		.4byte	.LASF1
 475 003e 04       		.uleb128 0x4
 476 003f AD000000 		.4byte	.LASF4
 477 0043 02       		.byte	0x2
 478 0044 2A       		.byte	0x2a
 479 0045 49000000 		.4byte	0x49
 480 0049 03       		.uleb128 0x3
 481 004a 01       		.byte	0x1
 482 004b 08       		.byte	0x8
 483 004c B4010000 		.4byte	.LASF2
 484 0050 03       		.uleb128 0x3
 485 0051 02       		.byte	0x2
 486 0052 05       		.byte	0x5
 487 0053 39000000 		.4byte	.LASF3
 488 0057 04       		.uleb128 0x4
 489 0058 0A020000 		.4byte	.LASF5
 490 005c 02       		.byte	0x2
 491 005d 36       		.byte	0x36
 492 005e 62000000 		.4byte	0x62
 493 0062 03       		.uleb128 0x3
 494 0063 02       		.byte	0x2
 495 0064 07       		.byte	0x7
 496 0065 2C020000 		.4byte	.LASF6
 497 0069 04       		.uleb128 0x4
ARM GAS  /tmp/cc91ZOsf.s 			page 10


 498 006a 68020000 		.4byte	.LASF7
 499 006e 02       		.byte	0x2
 500 006f 4F       		.byte	0x4f
 501 0070 74000000 		.4byte	0x74
 502 0074 03       		.uleb128 0x3
 503 0075 04       		.byte	0x4
 504 0076 05       		.byte	0x5
 505 0077 28010000 		.4byte	.LASF8
 506 007b 04       		.uleb128 0x4
 507 007c F4010000 		.4byte	.LASF9
 508 0080 02       		.byte	0x2
 509 0081 50       		.byte	0x50
 510 0082 86000000 		.4byte	0x86
 511 0086 03       		.uleb128 0x3
 512 0087 04       		.byte	0x4
 513 0088 07       		.byte	0x7
 514 0089 B5020000 		.4byte	.LASF10
 515 008d 03       		.uleb128 0x3
 516 008e 08       		.byte	0x8
 517 008f 05       		.byte	0x5
 518 0090 F6000000 		.4byte	.LASF11
 519 0094 04       		.uleb128 0x4
 520 0095 24000000 		.4byte	.LASF12
 521 0099 02       		.byte	0x2
 522 009a 78       		.byte	0x78
 523 009b 9F000000 		.4byte	0x9f
 524 009f 03       		.uleb128 0x3
 525 00a0 08       		.byte	0x8
 526 00a1 07       		.byte	0x7
 527 00a2 DD010000 		.4byte	.LASF13
 528 00a6 04       		.uleb128 0x4
 529 00a7 78020000 		.4byte	.LASF14
 530 00ab 03       		.byte	0x3
 531 00ac 2E       		.byte	0x2e
 532 00ad 69000000 		.4byte	0x69
 533 00b1 04       		.uleb128 0x4
 534 00b2 AC010000 		.4byte	.LASF15
 535 00b6 03       		.byte	0x3
 536 00b7 2F       		.byte	0x2f
 537 00b8 3E000000 		.4byte	0x3e
 538 00bc 04       		.uleb128 0x4
 539 00bd 07030000 		.4byte	.LASF16
 540 00c1 03       		.byte	0x3
 541 00c2 30       		.byte	0x30
 542 00c3 3E000000 		.4byte	0x3e
 543 00c7 04       		.uleb128 0x4
 544 00c8 0D000000 		.4byte	.LASF17
 545 00cc 03       		.byte	0x3
 546 00cd 31       		.byte	0x31
 547 00ce 3E000000 		.4byte	0x3e
 548 00d2 04       		.uleb128 0x4
 549 00d3 04010000 		.4byte	.LASF18
 550 00d7 03       		.byte	0x3
 551 00d8 32       		.byte	0x32
 552 00d9 7B000000 		.4byte	0x7b
 553 00dd 04       		.uleb128 0x4
 554 00de 63030000 		.4byte	.LASF19
ARM GAS  /tmp/cc91ZOsf.s 			page 11


 555 00e2 03       		.byte	0x3
 556 00e3 33       		.byte	0x33
 557 00e4 69000000 		.4byte	0x69
 558 00e8 04       		.uleb128 0x4
 559 00e9 67000000 		.4byte	.LASF20
 560 00ed 03       		.byte	0x3
 561 00ee 35       		.byte	0x35
 562 00ef 7B000000 		.4byte	0x7b
 563 00f3 04       		.uleb128 0x4
 564 00f4 52020000 		.4byte	.LASF21
 565 00f8 03       		.byte	0x3
 566 00f9 36       		.byte	0x36
 567 00fa 7B000000 		.4byte	0x7b
 568 00fe 04       		.uleb128 0x4
 569 00ff F9020000 		.4byte	.LASF22
 570 0103 04       		.byte	0x4
 571 0104 2A       		.byte	0x2a
 572 0105 09010000 		.4byte	0x109
 573 0109 05       		.uleb128 0x5
 574 010a F9020000 		.4byte	.LASF22
 575 010e 48       		.byte	0x48
 576 010f 05       		.byte	0x5
 577 0110 5E       		.byte	0x5e
 578 0111 20020000 		.4byte	0x220
 579 0115 06       		.uleb128 0x6
 580 0116 85000000 		.4byte	.LASF23
 581 011a 05       		.byte	0x5
 582 011b 5F       		.byte	0x5f
 583 011c 45020000 		.4byte	0x245
 584 0120 02       		.byte	0x2
 585 0121 23       		.byte	0x23
 586 0122 00       		.uleb128 0
 587 0123 06       		.uleb128 0x6
 588 0124 5A000000 		.4byte	.LASF24
 589 0128 05       		.byte	0x5
 590 0129 61       		.byte	0x61
 591 012a 45020000 		.4byte	0x245
 592 012e 02       		.byte	0x2
 593 012f 23       		.byte	0x23
 594 0130 04       		.uleb128 0x4
 595 0131 06       		.uleb128 0x6
 596 0132 7E000000 		.4byte	.LASF25
 597 0136 05       		.byte	0x5
 598 0137 63       		.byte	0x63
 599 0138 D2000000 		.4byte	0xd2
 600 013c 02       		.byte	0x2
 601 013d 23       		.byte	0x23
 602 013e 08       		.uleb128 0x8
 603 013f 06       		.uleb128 0x6
 604 0140 3C030000 		.4byte	.LASF26
 605 0144 05       		.byte	0x5
 606 0145 64       		.byte	0x64
 607 0146 1D030000 		.4byte	0x31d
 608 014a 02       		.byte	0x2
 609 014b 23       		.byte	0x23
 610 014c 0C       		.uleb128 0xc
 611 014d 06       		.uleb128 0x6
ARM GAS  /tmp/cc91ZOsf.s 			page 12


 612 014e D5010000 		.4byte	.LASF27
 613 0152 05       		.byte	0x5
 614 0153 66       		.byte	0x66
 615 0154 45020000 		.4byte	0x245
 616 0158 02       		.byte	0x2
 617 0159 23       		.byte	0x23
 618 015a 10       		.uleb128 0x10
 619 015b 06       		.uleb128 0x6
 620 015c 24030000 		.4byte	.LASF28
 621 0160 05       		.byte	0x5
 622 0161 67       		.byte	0x67
 623 0162 45020000 		.4byte	0x245
 624 0166 02       		.byte	0x2
 625 0167 23       		.byte	0x23
 626 0168 14       		.uleb128 0x14
 627 0169 06       		.uleb128 0x6
 628 016a 61020000 		.4byte	.LASF29
 629 016e 05       		.byte	0x5
 630 016f 6E       		.byte	0x6e
 631 0170 C7030000 		.4byte	0x3c7
 632 0174 02       		.byte	0x2
 633 0175 23       		.byte	0x23
 634 0176 18       		.uleb128 0x18
 635 0177 06       		.uleb128 0x6
 636 0178 70020000 		.4byte	.LASF30
 637 017c 05       		.byte	0x5
 638 017d 79       		.byte	0x79
 639 017e BC000000 		.4byte	0xbc
 640 0182 02       		.byte	0x2
 641 0183 23       		.byte	0x23
 642 0184 1C       		.uleb128 0x1c
 643 0185 06       		.uleb128 0x6
 644 0186 3F020000 		.4byte	.LASF31
 645 018a 05       		.byte	0x5
 646 018b 7D       		.byte	0x7d
 647 018c B1000000 		.4byte	0xb1
 648 0190 02       		.byte	0x2
 649 0191 23       		.byte	0x23
 650 0192 1D       		.uleb128 0x1d
 651 0193 06       		.uleb128 0x6
 652 0194 35030000 		.4byte	.LASF32
 653 0198 05       		.byte	0x5
 654 0199 82       		.byte	0x82
 655 019a C7000000 		.4byte	0xc7
 656 019e 02       		.byte	0x2
 657 019f 23       		.byte	0x23
 658 01a0 1E       		.uleb128 0x1e
 659 01a1 06       		.uleb128 0x6
 660 01a2 DE000000 		.4byte	.LASF33
 661 01a6 05       		.byte	0x5
 662 01a7 89       		.byte	0x89
 663 01a8 45030000 		.4byte	0x345
 664 01ac 02       		.byte	0x2
 665 01ad 23       		.byte	0x23
 666 01ae 20       		.uleb128 0x20
 667 01af 07       		.uleb128 0x7
 668 01b0 705F7500 		.ascii	"p_u\000"
ARM GAS  /tmp/cc91ZOsf.s 			page 13


 669 01b4 05       		.byte	0x5
 670 01b5 AE       		.byte	0xae
 671 01b6 92030000 		.4byte	0x392
 672 01ba 02       		.byte	0x2
 673 01bb 23       		.byte	0x23
 674 01bc 24       		.uleb128 0x24
 675 01bd 06       		.uleb128 0x6
 676 01be 92020000 		.4byte	.LASF34
 677 01c2 05       		.byte	0x5
 678 01c3 B3       		.byte	0xb3
 679 01c4 6D020000 		.4byte	0x26d
 680 01c8 02       		.byte	0x2
 681 01c9 23       		.byte	0x23
 682 01ca 28       		.uleb128 0x28
 683 01cb 06       		.uleb128 0x6
 684 01cc 73000000 		.4byte	.LASF35
 685 01d0 05       		.byte	0x5
 686 01d1 B9       		.byte	0xb9
 687 01d2 4B020000 		.4byte	0x24b
 688 01d6 02       		.byte	0x2
 689 01d7 23       		.byte	0x23
 690 01d8 2C       		.uleb128 0x2c
 691 01d9 06       		.uleb128 0x6
 692 01da 85010000 		.4byte	.LASF36
 693 01de 05       		.byte	0x5
 694 01df BD       		.byte	0xbd
 695 01e0 DD000000 		.4byte	0xdd
 696 01e4 02       		.byte	0x2
 697 01e5 23       		.byte	0x23
 698 01e6 34       		.uleb128 0x34
 699 01e7 06       		.uleb128 0x6
 700 01e8 43000000 		.4byte	.LASF37
 701 01ec 05       		.byte	0x5
 702 01ed C3       		.byte	0xc3
 703 01ee E8000000 		.4byte	0xe8
 704 01f2 02       		.byte	0x2
 705 01f3 23       		.byte	0x23
 706 01f4 38       		.uleb128 0x38
 707 01f5 06       		.uleb128 0x6
 708 01f6 9C020000 		.4byte	.LASF38
 709 01fa 05       		.byte	0x5
 710 01fb CA       		.byte	0xca
 711 01fc D9030000 		.4byte	0x3d9
 712 0200 02       		.byte	0x2
 713 0201 23       		.byte	0x23
 714 0202 3C       		.uleb128 0x3c
 715 0203 06       		.uleb128 0x6
 716 0204 47020000 		.4byte	.LASF39
 717 0208 05       		.byte	0x5
 718 0209 CE       		.byte	0xce
 719 020a D2000000 		.4byte	0xd2
 720 020e 02       		.byte	0x2
 721 020f 23       		.byte	0x23
 722 0210 40       		.uleb128 0x40
 723 0211 06       		.uleb128 0x6
 724 0212 1F020000 		.4byte	.LASF40
 725 0216 05       		.byte	0x5
ARM GAS  /tmp/cc91ZOsf.s 			page 14


 726 0217 D4       		.byte	0xd4
 727 0218 83020000 		.4byte	0x283
 728 021c 02       		.byte	0x2
 729 021d 23       		.byte	0x23
 730 021e 44       		.uleb128 0x44
 731 021f 00       		.byte	0
 732 0220 08       		.uleb128 0x8
 733 0221 08       		.byte	0x8
 734 0222 04       		.byte	0x4
 735 0223 61       		.byte	0x61
 736 0224 45020000 		.4byte	0x245
 737 0228 06       		.uleb128 0x6
 738 0229 85000000 		.4byte	.LASF23
 739 022d 04       		.byte	0x4
 740 022e 62       		.byte	0x62
 741 022f 45020000 		.4byte	0x245
 742 0233 02       		.byte	0x2
 743 0234 23       		.byte	0x23
 744 0235 00       		.uleb128 0
 745 0236 06       		.uleb128 0x6
 746 0237 5A000000 		.4byte	.LASF24
 747 023b 04       		.byte	0x4
 748 023c 64       		.byte	0x64
 749 023d 45020000 		.4byte	0x245
 750 0241 02       		.byte	0x2
 751 0242 23       		.byte	0x23
 752 0243 04       		.uleb128 0x4
 753 0244 00       		.byte	0
 754 0245 09       		.uleb128 0x9
 755 0246 04       		.byte	0x4
 756 0247 FE000000 		.4byte	0xfe
 757 024b 04       		.uleb128 0x4
 758 024c 7F020000 		.4byte	.LASF41
 759 0250 04       		.byte	0x4
 760 0251 66       		.byte	0x66
 761 0252 20020000 		.4byte	0x220
 762 0256 08       		.uleb128 0x8
 763 0257 04       		.byte	0x4
 764 0258 04       		.byte	0x4
 765 0259 6B       		.byte	0x6b
 766 025a 6D020000 		.4byte	0x26d
 767 025e 06       		.uleb128 0x6
 768 025f 85000000 		.4byte	.LASF23
 769 0263 04       		.byte	0x4
 770 0264 6D       		.byte	0x6d
 771 0265 45020000 		.4byte	0x245
 772 0269 02       		.byte	0x2
 773 026a 23       		.byte	0x23
 774 026b 00       		.uleb128 0
 775 026c 00       		.byte	0
 776 026d 04       		.uleb128 0x4
 777 026e 2D000000 		.4byte	.LASF42
 778 0272 04       		.byte	0x4
 779 0273 70       		.byte	0x70
 780 0274 56020000 		.4byte	0x256
 781 0278 04       		.uleb128 0x4
 782 0279 A4000000 		.4byte	.LASF43
ARM GAS  /tmp/cc91ZOsf.s 			page 15


 783 027d 06       		.byte	0x6
 784 027e D7       		.byte	0xd7
 785 027f 83020000 		.4byte	0x283
 786 0283 0A       		.uleb128 0xa
 787 0284 04       		.byte	0x4
 788 0285 04       		.uleb128 0x4
 789 0286 10030000 		.4byte	.LASF44
 790 028a 06       		.byte	0x6
 791 028b DD       		.byte	0xdd
 792 028c 94000000 		.4byte	0x94
 793 0290 05       		.uleb128 0x5
 794 0291 A6020000 		.4byte	.LASF45
 795 0295 24       		.byte	0x24
 796 0296 06       		.byte	0x6
 797 0297 FE       		.byte	0xfe
 798 0298 1D030000 		.4byte	0x31d
 799 029c 0B       		.uleb128 0xb
 800 029d 723400   		.ascii	"r4\000"
 801 02a0 06       		.byte	0x6
 802 02a1 1101     		.2byte	0x111
 803 02a3 78020000 		.4byte	0x278
 804 02a7 02       		.byte	0x2
 805 02a8 23       		.byte	0x23
 806 02a9 00       		.uleb128 0
 807 02aa 0B       		.uleb128 0xb
 808 02ab 723500   		.ascii	"r5\000"
 809 02ae 06       		.byte	0x6
 810 02af 1201     		.2byte	0x112
 811 02b1 78020000 		.4byte	0x278
 812 02b5 02       		.byte	0x2
 813 02b6 23       		.byte	0x23
 814 02b7 04       		.uleb128 0x4
 815 02b8 0B       		.uleb128 0xb
 816 02b9 723600   		.ascii	"r6\000"
 817 02bc 06       		.byte	0x6
 818 02bd 1301     		.2byte	0x113
 819 02bf 78020000 		.4byte	0x278
 820 02c3 02       		.byte	0x2
 821 02c4 23       		.byte	0x23
 822 02c5 08       		.uleb128 0x8
 823 02c6 0B       		.uleb128 0xb
 824 02c7 723700   		.ascii	"r7\000"
 825 02ca 06       		.byte	0x6
 826 02cb 1401     		.2byte	0x114
 827 02cd 78020000 		.4byte	0x278
 828 02d1 02       		.byte	0x2
 829 02d2 23       		.byte	0x23
 830 02d3 0C       		.uleb128 0xc
 831 02d4 0B       		.uleb128 0xb
 832 02d5 723800   		.ascii	"r8\000"
 833 02d8 06       		.byte	0x6
 834 02d9 1501     		.2byte	0x115
 835 02db 78020000 		.4byte	0x278
 836 02df 02       		.byte	0x2
 837 02e0 23       		.byte	0x23
 838 02e1 10       		.uleb128 0x10
 839 02e2 0B       		.uleb128 0xb
ARM GAS  /tmp/cc91ZOsf.s 			page 16


 840 02e3 723900   		.ascii	"r9\000"
 841 02e6 06       		.byte	0x6
 842 02e7 1601     		.2byte	0x116
 843 02e9 78020000 		.4byte	0x278
 844 02ed 02       		.byte	0x2
 845 02ee 23       		.byte	0x23
 846 02ef 14       		.uleb128 0x14
 847 02f0 0B       		.uleb128 0xb
 848 02f1 72313000 		.ascii	"r10\000"
 849 02f5 06       		.byte	0x6
 850 02f6 1701     		.2byte	0x117
 851 02f8 78020000 		.4byte	0x278
 852 02fc 02       		.byte	0x2
 853 02fd 23       		.byte	0x23
 854 02fe 18       		.uleb128 0x18
 855 02ff 0B       		.uleb128 0xb
 856 0300 72313100 		.ascii	"r11\000"
 857 0304 06       		.byte	0x6
 858 0305 1801     		.2byte	0x118
 859 0307 78020000 		.4byte	0x278
 860 030b 02       		.byte	0x2
 861 030c 23       		.byte	0x23
 862 030d 1C       		.uleb128 0x1c
 863 030e 0B       		.uleb128 0xb
 864 030f 6C7200   		.ascii	"lr\000"
 865 0312 06       		.byte	0x6
 866 0313 1901     		.2byte	0x119
 867 0315 78020000 		.4byte	0x278
 868 0319 02       		.byte	0x2
 869 031a 23       		.byte	0x23
 870 031b 20       		.uleb128 0x20
 871 031c 00       		.byte	0
 872 031d 0C       		.uleb128 0xc
 873 031e 3F010000 		.4byte	.LASF46
 874 0322 04       		.byte	0x4
 875 0323 06       		.byte	0x6
 876 0324 2301     		.2byte	0x123
 877 0326 3A030000 		.4byte	0x33a
 878 032a 0B       		.uleb128 0xb
 879 032b 72313300 		.ascii	"r13\000"
 880 032f 06       		.byte	0x6
 881 0330 2401     		.2byte	0x124
 882 0332 3A030000 		.4byte	0x33a
 883 0336 02       		.byte	0x2
 884 0337 23       		.byte	0x23
 885 0338 00       		.uleb128 0
 886 0339 00       		.byte	0
 887 033a 09       		.uleb128 0x9
 888 033b 04       		.byte	0x4
 889 033c 90020000 		.4byte	0x290
 890 0340 0D       		.uleb128 0xd
 891 0341 7B000000 		.4byte	0x7b
 892 0345 0D       		.uleb128 0xd
 893 0346 F3000000 		.4byte	0xf3
 894 034a 05       		.uleb128 0x5
 895 034b 31010000 		.4byte	.LASF47
 896 034f 10       		.byte	0x10
ARM GAS  /tmp/cc91ZOsf.s 			page 17


 897 0350 07       		.byte	0x7
 898 0351 2C       		.byte	0x2c
 899 0352 81030000 		.4byte	0x381
 900 0356 06       		.uleb128 0x6
 901 0357 37010000 		.4byte	.LASF48
 902 035b 07       		.byte	0x7
 903 035c 2D       		.byte	0x2d
 904 035d 4B020000 		.4byte	0x24b
 905 0361 02       		.byte	0x2
 906 0362 23       		.byte	0x23
 907 0363 00       		.uleb128 0
 908 0364 06       		.uleb128 0x6
 909 0365 4F030000 		.4byte	.LASF49
 910 0369 07       		.byte	0x7
 911 036a 2F       		.byte	0x2f
 912 036b 45020000 		.4byte	0x245
 913 036f 02       		.byte	0x2
 914 0370 23       		.byte	0x23
 915 0371 08       		.uleb128 0x8
 916 0372 06       		.uleb128 0x6
 917 0373 91000000 		.4byte	.LASF50
 918 0377 07       		.byte	0x7
 919 0378 31       		.byte	0x31
 920 0379 81030000 		.4byte	0x381
 921 037d 02       		.byte	0x2
 922 037e 23       		.byte	0x23
 923 037f 0C       		.uleb128 0xc
 924 0380 00       		.byte	0
 925 0381 09       		.uleb128 0x9
 926 0382 04       		.byte	0x4
 927 0383 4A030000 		.4byte	0x34a
 928 0387 04       		.uleb128 0x4
 929 0388 31010000 		.4byte	.LASF47
 930 038c 07       		.byte	0x7
 931 038d 33       		.byte	0x33
 932 038e 4A030000 		.4byte	0x34a
 933 0392 0E       		.uleb128 0xe
 934 0393 04       		.byte	0x4
 935 0394 05       		.byte	0x5
 936 0395 90       		.byte	0x90
 937 0396 C7030000 		.4byte	0x3c7
 938 039a 0F       		.uleb128 0xf
 939 039b 5C030000 		.4byte	.LASF51
 940 039f 05       		.byte	0x5
 941 03a0 97       		.byte	0x97
 942 03a1 DD000000 		.4byte	0xdd
 943 03a5 0F       		.uleb128 0xf
 944 03a6 1B030000 		.4byte	.LASF52
 945 03aa 05       		.byte	0x5
 946 03ab 9E       		.byte	0x9e
 947 03ac DD000000 		.4byte	0xdd
 948 03b0 0F       		.uleb128 0xf
 949 03b1 00030000 		.4byte	.LASF53
 950 03b5 05       		.byte	0x5
 951 03b6 A5       		.byte	0xa5
 952 03b7 83020000 		.4byte	0x283
 953 03bb 0F       		.uleb128 0xf
ARM GAS  /tmp/cc91ZOsf.s 			page 18


 954 03bc C2010000 		.4byte	.LASF54
 955 03c0 05       		.byte	0x5
 956 03c1 AC       		.byte	0xac
 957 03c2 E8000000 		.4byte	0xe8
 958 03c6 00       		.byte	0
 959 03c7 09       		.uleb128 0x9
 960 03c8 04       		.byte	0x4
 961 03c9 CD030000 		.4byte	0x3cd
 962 03cd 10       		.uleb128 0x10
 963 03ce D2030000 		.4byte	0x3d2
 964 03d2 03       		.uleb128 0x3
 965 03d3 01       		.byte	0x1
 966 03d4 08       		.byte	0x8
 967 03d5 5C020000 		.4byte	.LASF55
 968 03d9 09       		.uleb128 0x9
 969 03da 04       		.byte	0x4
 970 03db 87030000 		.4byte	0x387
 971 03df 0D       		.uleb128 0xd
 972 03e0 69000000 		.4byte	0x69
 973 03e4 08       		.uleb128 0x8
 974 03e5 04       		.byte	0x4
 975 03e6 08       		.byte	0x8
 976 03e7 9D       		.byte	0x9d
 977 03e8 09040000 		.4byte	0x409
 978 03ec 07       		.uleb128 0x7
 979 03ed 73657400 		.ascii	"set\000"
 980 03f1 08       		.byte	0x8
 981 03f2 9E       		.byte	0x9e
 982 03f3 57000000 		.4byte	0x57
 983 03f7 02       		.byte	0x2
 984 03f8 23       		.byte	0x23
 985 03f9 00       		.uleb128 0
 986 03fa 06       		.uleb128 0x6
 987 03fb 1E000000 		.4byte	.LASF56
 988 03ff 08       		.byte	0x8
 989 0400 9F       		.byte	0x9f
 990 0401 57000000 		.4byte	0x57
 991 0405 02       		.byte	0x2
 992 0406 23       		.byte	0x23
 993 0407 02       		.uleb128 0x2
 994 0408 00       		.byte	0
 995 0409 0E       		.uleb128 0xe
 996 040a 04       		.byte	0x4
 997 040b 08       		.byte	0x8
 998 040c 9B       		.byte	0x9b
 999 040d 24040000 		.4byte	0x424
 1000 0411 11       		.uleb128 0x11
 1001 0412 5700     		.ascii	"W\000"
 1002 0414 08       		.byte	0x8
 1003 0415 9C       		.byte	0x9c
 1004 0416 7B000000 		.4byte	0x7b
 1005 041a 11       		.uleb128 0x11
 1006 041b 4800     		.ascii	"H\000"
 1007 041d 08       		.byte	0x8
 1008 041e A0       		.byte	0xa0
 1009 041f E4030000 		.4byte	0x3e4
 1010 0423 00       		.byte	0
ARM GAS  /tmp/cc91ZOsf.s 			page 19


 1011 0424 08       		.uleb128 0x8
 1012 0425 28       		.byte	0x28
 1013 0426 08       		.byte	0x8
 1014 0427 93       		.byte	0x93
 1015 0428 B9040000 		.4byte	0x4b9
 1016 042c 06       		.uleb128 0x6
 1017 042d 8C020000 		.4byte	.LASF57
 1018 0431 08       		.byte	0x8
 1019 0432 95       		.byte	0x95
 1020 0433 40030000 		.4byte	0x340
 1021 0437 02       		.byte	0x2
 1022 0438 23       		.byte	0x23
 1023 0439 00       		.uleb128 0
 1024 043a 06       		.uleb128 0x6
 1025 043b E5000000 		.4byte	.LASF58
 1026 043f 08       		.byte	0x8
 1027 0440 96       		.byte	0x96
 1028 0441 40030000 		.4byte	0x340
 1029 0445 02       		.byte	0x2
 1030 0446 23       		.byte	0x23
 1031 0447 04       		.uleb128 0x4
 1032 0448 06       		.uleb128 0x6
 1033 0449 AD020000 		.4byte	.LASF59
 1034 044d 08       		.byte	0x8
 1035 044e 97       		.byte	0x97
 1036 044f 40030000 		.4byte	0x340
 1037 0453 02       		.byte	0x2
 1038 0454 23       		.byte	0x23
 1039 0455 08       		.uleb128 0x8
 1040 0456 06       		.uleb128 0x6
 1041 0457 0C010000 		.4byte	.LASF60
 1042 045b 08       		.byte	0x8
 1043 045c 98       		.byte	0x98
 1044 045d 40030000 		.4byte	0x340
 1045 0461 02       		.byte	0x2
 1046 0462 23       		.byte	0x23
 1047 0463 0C       		.uleb128 0xc
 1048 0464 07       		.uleb128 0x7
 1049 0465 49445200 		.ascii	"IDR\000"
 1050 0469 08       		.byte	0x8
 1051 046a 99       		.byte	0x99
 1052 046b 40030000 		.4byte	0x340
 1053 046f 02       		.byte	0x2
 1054 0470 23       		.byte	0x23
 1055 0471 10       		.uleb128 0x10
 1056 0472 07       		.uleb128 0x7
 1057 0473 4F445200 		.ascii	"ODR\000"
 1058 0477 08       		.byte	0x8
 1059 0478 9A       		.byte	0x9a
 1060 0479 40030000 		.4byte	0x340
 1061 047d 02       		.byte	0x2
 1062 047e 23       		.byte	0x23
 1063 047f 14       		.uleb128 0x14
 1064 0480 06       		.uleb128 0x6
 1065 0481 8C000000 		.4byte	.LASF61
 1066 0485 08       		.byte	0x8
 1067 0486 A1       		.byte	0xa1
ARM GAS  /tmp/cc91ZOsf.s 			page 20


 1068 0487 B9040000 		.4byte	0x4b9
 1069 048b 02       		.byte	0x2
 1070 048c 23       		.byte	0x23
 1071 048d 18       		.uleb128 0x18
 1072 048e 06       		.uleb128 0x6
 1073 048f 57030000 		.4byte	.LASF62
 1074 0493 08       		.byte	0x8
 1075 0494 A2       		.byte	0xa2
 1076 0495 40030000 		.4byte	0x340
 1077 0499 02       		.byte	0x2
 1078 049a 23       		.byte	0x23
 1079 049b 1C       		.uleb128 0x1c
 1080 049c 06       		.uleb128 0x6
 1081 049d 27020000 		.4byte	.LASF63
 1082 04a1 08       		.byte	0x8
 1083 04a2 A3       		.byte	0xa3
 1084 04a3 40030000 		.4byte	0x340
 1085 04a7 02       		.byte	0x2
 1086 04a8 23       		.byte	0x23
 1087 04a9 20       		.uleb128 0x20
 1088 04aa 06       		.uleb128 0x6
 1089 04ab 1A020000 		.4byte	.LASF64
 1090 04af 08       		.byte	0x8
 1091 04b0 A4       		.byte	0xa4
 1092 04b1 40030000 		.4byte	0x340
 1093 04b5 02       		.byte	0x2
 1094 04b6 23       		.byte	0x23
 1095 04b7 24       		.uleb128 0x24
 1096 04b8 00       		.byte	0
 1097 04b9 0D       		.uleb128 0xd
 1098 04ba 09040000 		.4byte	0x409
 1099 04be 04       		.uleb128 0x4
 1100 04bf 00000000 		.4byte	.LASF65
 1101 04c3 08       		.byte	0x8
 1102 04c4 A5       		.byte	0xa5
 1103 04c5 24040000 		.4byte	0x424
 1104 04c9 04       		.uleb128 0x4
 1105 04ca D1000000 		.4byte	.LASF66
 1106 04ce 08       		.byte	0x8
 1107 04cf EF       		.byte	0xef
 1108 04d0 7B000000 		.4byte	0x7b
 1109 04d4 12       		.uleb128 0x12
 1110 04d5 01       		.byte	0x1
 1111 04d6 13020000 		.4byte	.LASF82
 1112 04da 01       		.byte	0x1
 1113 04db 24       		.byte	0x24
 1114 04dc 01       		.byte	0x1
 1115 04dd 01       		.byte	0x1
 1116 04de F7040000 		.4byte	0x4f7
 1117 04e2 13       		.uleb128 0x13
 1118 04e3 6E00     		.ascii	"n\000"
 1119 04e5 01       		.byte	0x1
 1120 04e6 24       		.byte	0x24
 1121 04e7 29000000 		.4byte	0x29
 1122 04eb 14       		.uleb128 0x14
 1123 04ec 61000000 		.4byte	.LASF67
 1124 04f0 01       		.byte	0x1
ARM GAS  /tmp/cc91ZOsf.s 			page 21


 1125 04f1 24       		.byte	0x24
 1126 04f2 A6000000 		.4byte	0xa6
 1127 04f6 00       		.byte	0
 1128 04f7 15       		.uleb128 0x15
 1129 04f8 8B010000 		.4byte	.LASF68
 1130 04fc 01       		.byte	0x1
 1131 04fd 60       		.byte	0x60
 1132 04fe 01       		.byte	0x1
 1133 04ff DD000000 		.4byte	0xdd
 1134 0503 00000000 		.4byte	.LFB120
 1135 0507 5E000000 		.4byte	.LFE120
 1136 050b 00000000 		.4byte	.LLST0
 1137 050f 23050000 		.4byte	0x523
 1138 0513 16       		.uleb128 0x16
 1139 0514 61726700 		.ascii	"arg\000"
 1140 0518 01       		.byte	0x1
 1141 0519 60       		.byte	0x60
 1142 051a 83020000 		.4byte	0x283
 1143 051e 20000000 		.4byte	.LLST1
 1144 0522 00       		.byte	0
 1145 0523 17       		.uleb128 0x17
 1146 0524 D4040000 		.4byte	0x4d4
 1147 0528 00000000 		.4byte	.LFB117
 1148 052c 1E000000 		.4byte	.LFE117
 1149 0530 02       		.byte	0x2
 1150 0531 7D       		.byte	0x7d
 1151 0532 00       		.sleb128 0
 1152 0533 6C050000 		.4byte	0x56c
 1153 0537 18       		.uleb128 0x18
 1154 0538 E2040000 		.4byte	0x4e2
 1155 053c 33000000 		.4byte	.LLST2
 1156 0540 18       		.uleb128 0x18
 1157 0541 EB040000 		.4byte	0x4eb
 1158 0545 46000000 		.4byte	.LLST3
 1159 0549 19       		.uleb128 0x19
 1160 054a D4040000 		.4byte	0x4d4
 1161 054e 04000000 		.4byte	.LBB4
 1162 0552 1E000000 		.4byte	.LBE4
 1163 0556 01       		.byte	0x1
 1164 0557 24       		.byte	0x24
 1165 0558 18       		.uleb128 0x18
 1166 0559 EB040000 		.4byte	0x4eb
 1167 055d 64000000 		.4byte	.LLST4
 1168 0561 18       		.uleb128 0x18
 1169 0562 E2040000 		.4byte	0x4e2
 1170 0566 82000000 		.4byte	.LLST5
 1171 056a 00       		.byte	0
 1172 056b 00       		.byte	0
 1173 056c 15       		.uleb128 0x15
 1174 056d 69030000 		.4byte	.LASF69
 1175 0571 01       		.byte	0x1
 1176 0572 3E       		.byte	0x3e
 1177 0573 01       		.byte	0x1
 1178 0574 DD000000 		.4byte	0xdd
 1179 0578 00000000 		.4byte	.LFB119
 1180 057c B0000000 		.4byte	.LFE119
 1181 0580 A2000000 		.4byte	.LLST6
ARM GAS  /tmp/cc91ZOsf.s 			page 22


 1182 0584 C5050000 		.4byte	0x5c5
 1183 0588 16       		.uleb128 0x16
 1184 0589 61726700 		.ascii	"arg\000"
 1185 058d 01       		.byte	0x1
 1186 058e 3E       		.byte	0x3e
 1187 058f 83020000 		.4byte	0x283
 1188 0593 C2000000 		.4byte	.LLST7
 1189 0597 1A       		.uleb128 0x1a
 1190 0598 C7020000 		.4byte	.LASF70
 1191 059c 01       		.byte	0x1
 1192 059d 40       		.byte	0x40
 1193 059e 50000000 		.4byte	0x50
 1194 05a2 D5000000 		.4byte	.LLST8
 1195 05a6 1A       		.uleb128 0x1a
 1196 05a7 99010000 		.4byte	.LASF71
 1197 05ab 01       		.byte	0x1
 1198 05ac 41       		.byte	0x41
 1199 05ad 50000000 		.4byte	0x50
 1200 05b1 0A010000 		.4byte	.LLST9
 1201 05b5 1A       		.uleb128 0x1a
 1202 05b6 EC000000 		.4byte	.LASF72
 1203 05ba 01       		.byte	0x1
 1204 05bb 42       		.byte	0x42
 1205 05bc A6000000 		.4byte	0xa6
 1206 05c0 57010000 		.4byte	.LLST10
 1207 05c4 00       		.byte	0
 1208 05c5 1B       		.uleb128 0x1b
 1209 05c6 01       		.byte	0x1
 1210 05c7 2C030000 		.4byte	.LASF83
 1211 05cb 01       		.byte	0x1
 1212 05cc 2E       		.byte	0x2e
 1213 05cd 01       		.byte	0x1
 1214 05ce 00000000 		.4byte	.LFB118
 1215 05d2 80000000 		.4byte	.LFE118
 1216 05d6 76010000 		.4byte	.LLST11
 1217 05da F8050000 		.4byte	0x5f8
 1218 05de 1C       		.uleb128 0x1c
 1219 05df 7E010000 		.4byte	.LASF73
 1220 05e3 01       		.byte	0x1
 1221 05e4 30       		.byte	0x30
 1222 05e5 F8050000 		.4byte	0x5f8
 1223 05e9 09       		.byte	0x9
 1224 05ea 1D       		.uleb128 0x1d
 1225 05eb 6900     		.ascii	"i\000"
 1226 05ed 01       		.byte	0x1
 1227 05ee 31       		.byte	0x31
 1228 05ef 50000000 		.4byte	0x50
 1229 05f3 96010000 		.4byte	.LLST12
 1230 05f7 00       		.byte	0
 1231 05f8 10       		.uleb128 0x10
 1232 05f9 29000000 		.4byte	0x29
 1233 05fd 1E       		.uleb128 0x1e
 1234 05fe 01       		.byte	0x1
 1235 05ff 12010000 		.4byte	.LASF84
 1236 0603 01       		.byte	0x1
 1237 0604 75       		.byte	0x75
 1238 0605 01       		.byte	0x1
ARM GAS  /tmp/cc91ZOsf.s 			page 23


 1239 0606 00000000 		.4byte	.LFB121
 1240 060a 42000000 		.4byte	.LFE121
 1241 060e 3A020000 		.4byte	.LLST13
 1242 0612 1F       		.uleb128 0x1f
 1243 0613 85020000 		.4byte	0x285
 1244 0617 22060000 		.4byte	0x622
 1245 061b 20       		.uleb128 0x20
 1246 061c 30000000 		.4byte	0x30
 1247 0620 25       		.byte	0x25
 1248 0621 00       		.byte	0
 1249 0622 21       		.uleb128 0x21
 1250 0623 E6020000 		.4byte	.LASF74
 1251 0627 01       		.byte	0x1
 1252 0628 19       		.byte	0x19
 1253 0629 12060000 		.4byte	0x612
 1254 062d 05       		.byte	0x5
 1255 062e 03       		.byte	0x3
 1256 062f 00000000 		.4byte	blinkerWorkingArea
 1257 0633 21       		.uleb128 0x21
 1258 0634 B5000000 		.4byte	.LASF75
 1259 0638 01       		.byte	0x1
 1260 0639 1A       		.byte	0x1a
 1261 063a 12060000 		.4byte	0x612
 1262 063e 05       		.byte	0x5
 1263 063f 03       		.byte	0x3
 1264 0640 00000000 		.4byte	spykeeLedBlinkerWorkingArea
 1265 0644 22       		.uleb128 0x22
 1266 0645 42030000 		.4byte	.LASF76
 1267 0649 09       		.byte	0x9
 1268 064a 1A05     		.2byte	0x51a
 1269 064c DF030000 		.4byte	0x3df
 1270 0650 01       		.byte	0x1
 1271 0651 01       		.byte	0x1
 1272 0652 1F       		.uleb128 0x1f
 1273 0653 A6000000 		.4byte	0xa6
 1274 0657 62060000 		.4byte	0x662
 1275 065b 20       		.uleb128 0x20
 1276 065c 30000000 		.4byte	0x30
 1277 0660 02       		.byte	0x2
 1278 0661 00       		.byte	0
 1279 0662 23       		.uleb128 0x23
 1280 0663 15000000 		.4byte	.LASF77
 1281 0667 01       		.byte	0x1
 1282 0668 1D       		.byte	0x1d
 1283 0669 52060000 		.4byte	0x652
 1284 066d 01       		.byte	0x1
 1285 066e 05       		.byte	0x5
 1286 066f 03       		.byte	0x3
 1287 0670 00000000 		.4byte	blinking
 1288 0674 23       		.uleb128 0x23
 1289 0675 D7020000 		.4byte	.LASF78
 1290 0679 01       		.byte	0x1
 1291 067a 17       		.byte	0x17
 1292 067b 87030000 		.4byte	0x387
 1293 067f 01       		.byte	0x1
 1294 0680 05       		.byte	0x5
 1295 0681 03       		.byte	0x3
ARM GAS  /tmp/cc91ZOsf.s 			page 24


 1296 0682 00000000 		.4byte	spykeeLedMutex
 1297 0686 00       		.byte	0
 1298              		.section	.debug_abbrev,"",%progbits
 1299              	.Ldebug_abbrev0:
 1300 0000 01       		.uleb128 0x1
 1301 0001 11       		.uleb128 0x11
 1302 0002 01       		.byte	0x1
 1303 0003 25       		.uleb128 0x25
 1304 0004 0E       		.uleb128 0xe
 1305 0005 13       		.uleb128 0x13
 1306 0006 0B       		.uleb128 0xb
 1307 0007 03       		.uleb128 0x3
 1308 0008 0E       		.uleb128 0xe
 1309 0009 1B       		.uleb128 0x1b
 1310 000a 0E       		.uleb128 0xe
 1311 000b 11       		.uleb128 0x11
 1312 000c 01       		.uleb128 0x1
 1313 000d 52       		.uleb128 0x52
 1314 000e 01       		.uleb128 0x1
 1315 000f 55       		.uleb128 0x55
 1316 0010 06       		.uleb128 0x6
 1317 0011 10       		.uleb128 0x10
 1318 0012 06       		.uleb128 0x6
 1319 0013 00       		.byte	0
 1320 0014 00       		.byte	0
 1321 0015 02       		.uleb128 0x2
 1322 0016 24       		.uleb128 0x24
 1323 0017 00       		.byte	0
 1324 0018 0B       		.uleb128 0xb
 1325 0019 0B       		.uleb128 0xb
 1326 001a 3E       		.uleb128 0x3e
 1327 001b 0B       		.uleb128 0xb
 1328 001c 03       		.uleb128 0x3
 1329 001d 08       		.uleb128 0x8
 1330 001e 00       		.byte	0
 1331 001f 00       		.byte	0
 1332 0020 03       		.uleb128 0x3
 1333 0021 24       		.uleb128 0x24
 1334 0022 00       		.byte	0
 1335 0023 0B       		.uleb128 0xb
 1336 0024 0B       		.uleb128 0xb
 1337 0025 3E       		.uleb128 0x3e
 1338 0026 0B       		.uleb128 0xb
 1339 0027 03       		.uleb128 0x3
 1340 0028 0E       		.uleb128 0xe
 1341 0029 00       		.byte	0
 1342 002a 00       		.byte	0
 1343 002b 04       		.uleb128 0x4
 1344 002c 16       		.uleb128 0x16
 1345 002d 00       		.byte	0
 1346 002e 03       		.uleb128 0x3
 1347 002f 0E       		.uleb128 0xe
 1348 0030 3A       		.uleb128 0x3a
 1349 0031 0B       		.uleb128 0xb
 1350 0032 3B       		.uleb128 0x3b
 1351 0033 0B       		.uleb128 0xb
 1352 0034 49       		.uleb128 0x49
ARM GAS  /tmp/cc91ZOsf.s 			page 25


 1353 0035 13       		.uleb128 0x13
 1354 0036 00       		.byte	0
 1355 0037 00       		.byte	0
 1356 0038 05       		.uleb128 0x5
 1357 0039 13       		.uleb128 0x13
 1358 003a 01       		.byte	0x1
 1359 003b 03       		.uleb128 0x3
 1360 003c 0E       		.uleb128 0xe
 1361 003d 0B       		.uleb128 0xb
 1362 003e 0B       		.uleb128 0xb
 1363 003f 3A       		.uleb128 0x3a
 1364 0040 0B       		.uleb128 0xb
 1365 0041 3B       		.uleb128 0x3b
 1366 0042 0B       		.uleb128 0xb
 1367 0043 01       		.uleb128 0x1
 1368 0044 13       		.uleb128 0x13
 1369 0045 00       		.byte	0
 1370 0046 00       		.byte	0
 1371 0047 06       		.uleb128 0x6
 1372 0048 0D       		.uleb128 0xd
 1373 0049 00       		.byte	0
 1374 004a 03       		.uleb128 0x3
 1375 004b 0E       		.uleb128 0xe
 1376 004c 3A       		.uleb128 0x3a
 1377 004d 0B       		.uleb128 0xb
 1378 004e 3B       		.uleb128 0x3b
 1379 004f 0B       		.uleb128 0xb
 1380 0050 49       		.uleb128 0x49
 1381 0051 13       		.uleb128 0x13
 1382 0052 38       		.uleb128 0x38
 1383 0053 0A       		.uleb128 0xa
 1384 0054 00       		.byte	0
 1385 0055 00       		.byte	0
 1386 0056 07       		.uleb128 0x7
 1387 0057 0D       		.uleb128 0xd
 1388 0058 00       		.byte	0
 1389 0059 03       		.uleb128 0x3
 1390 005a 08       		.uleb128 0x8
 1391 005b 3A       		.uleb128 0x3a
 1392 005c 0B       		.uleb128 0xb
 1393 005d 3B       		.uleb128 0x3b
 1394 005e 0B       		.uleb128 0xb
 1395 005f 49       		.uleb128 0x49
 1396 0060 13       		.uleb128 0x13
 1397 0061 38       		.uleb128 0x38
 1398 0062 0A       		.uleb128 0xa
 1399 0063 00       		.byte	0
 1400 0064 00       		.byte	0
 1401 0065 08       		.uleb128 0x8
 1402 0066 13       		.uleb128 0x13
 1403 0067 01       		.byte	0x1
 1404 0068 0B       		.uleb128 0xb
 1405 0069 0B       		.uleb128 0xb
 1406 006a 3A       		.uleb128 0x3a
 1407 006b 0B       		.uleb128 0xb
 1408 006c 3B       		.uleb128 0x3b
 1409 006d 0B       		.uleb128 0xb
ARM GAS  /tmp/cc91ZOsf.s 			page 26


 1410 006e 01       		.uleb128 0x1
 1411 006f 13       		.uleb128 0x13
 1412 0070 00       		.byte	0
 1413 0071 00       		.byte	0
 1414 0072 09       		.uleb128 0x9
 1415 0073 0F       		.uleb128 0xf
 1416 0074 00       		.byte	0
 1417 0075 0B       		.uleb128 0xb
 1418 0076 0B       		.uleb128 0xb
 1419 0077 49       		.uleb128 0x49
 1420 0078 13       		.uleb128 0x13
 1421 0079 00       		.byte	0
 1422 007a 00       		.byte	0
 1423 007b 0A       		.uleb128 0xa
 1424 007c 0F       		.uleb128 0xf
 1425 007d 00       		.byte	0
 1426 007e 0B       		.uleb128 0xb
 1427 007f 0B       		.uleb128 0xb
 1428 0080 00       		.byte	0
 1429 0081 00       		.byte	0
 1430 0082 0B       		.uleb128 0xb
 1431 0083 0D       		.uleb128 0xd
 1432 0084 00       		.byte	0
 1433 0085 03       		.uleb128 0x3
 1434 0086 08       		.uleb128 0x8
 1435 0087 3A       		.uleb128 0x3a
 1436 0088 0B       		.uleb128 0xb
 1437 0089 3B       		.uleb128 0x3b
 1438 008a 05       		.uleb128 0x5
 1439 008b 49       		.uleb128 0x49
 1440 008c 13       		.uleb128 0x13
 1441 008d 38       		.uleb128 0x38
 1442 008e 0A       		.uleb128 0xa
 1443 008f 00       		.byte	0
 1444 0090 00       		.byte	0
 1445 0091 0C       		.uleb128 0xc
 1446 0092 13       		.uleb128 0x13
 1447 0093 01       		.byte	0x1
 1448 0094 03       		.uleb128 0x3
 1449 0095 0E       		.uleb128 0xe
 1450 0096 0B       		.uleb128 0xb
 1451 0097 0B       		.uleb128 0xb
 1452 0098 3A       		.uleb128 0x3a
 1453 0099 0B       		.uleb128 0xb
 1454 009a 3B       		.uleb128 0x3b
 1455 009b 05       		.uleb128 0x5
 1456 009c 01       		.uleb128 0x1
 1457 009d 13       		.uleb128 0x13
 1458 009e 00       		.byte	0
 1459 009f 00       		.byte	0
 1460 00a0 0D       		.uleb128 0xd
 1461 00a1 35       		.uleb128 0x35
 1462 00a2 00       		.byte	0
 1463 00a3 49       		.uleb128 0x49
 1464 00a4 13       		.uleb128 0x13
 1465 00a5 00       		.byte	0
 1466 00a6 00       		.byte	0
ARM GAS  /tmp/cc91ZOsf.s 			page 27


 1467 00a7 0E       		.uleb128 0xe
 1468 00a8 17       		.uleb128 0x17
 1469 00a9 01       		.byte	0x1
 1470 00aa 0B       		.uleb128 0xb
 1471 00ab 0B       		.uleb128 0xb
 1472 00ac 3A       		.uleb128 0x3a
 1473 00ad 0B       		.uleb128 0xb
 1474 00ae 3B       		.uleb128 0x3b
 1475 00af 0B       		.uleb128 0xb
 1476 00b0 01       		.uleb128 0x1
 1477 00b1 13       		.uleb128 0x13
 1478 00b2 00       		.byte	0
 1479 00b3 00       		.byte	0
 1480 00b4 0F       		.uleb128 0xf
 1481 00b5 0D       		.uleb128 0xd
 1482 00b6 00       		.byte	0
 1483 00b7 03       		.uleb128 0x3
 1484 00b8 0E       		.uleb128 0xe
 1485 00b9 3A       		.uleb128 0x3a
 1486 00ba 0B       		.uleb128 0xb
 1487 00bb 3B       		.uleb128 0x3b
 1488 00bc 0B       		.uleb128 0xb
 1489 00bd 49       		.uleb128 0x49
 1490 00be 13       		.uleb128 0x13
 1491 00bf 00       		.byte	0
 1492 00c0 00       		.byte	0
 1493 00c1 10       		.uleb128 0x10
 1494 00c2 26       		.uleb128 0x26
 1495 00c3 00       		.byte	0
 1496 00c4 49       		.uleb128 0x49
 1497 00c5 13       		.uleb128 0x13
 1498 00c6 00       		.byte	0
 1499 00c7 00       		.byte	0
 1500 00c8 11       		.uleb128 0x11
 1501 00c9 0D       		.uleb128 0xd
 1502 00ca 00       		.byte	0
 1503 00cb 03       		.uleb128 0x3
 1504 00cc 08       		.uleb128 0x8
 1505 00cd 3A       		.uleb128 0x3a
 1506 00ce 0B       		.uleb128 0xb
 1507 00cf 3B       		.uleb128 0x3b
 1508 00d0 0B       		.uleb128 0xb
 1509 00d1 49       		.uleb128 0x49
 1510 00d2 13       		.uleb128 0x13
 1511 00d3 00       		.byte	0
 1512 00d4 00       		.byte	0
 1513 00d5 12       		.uleb128 0x12
 1514 00d6 2E       		.uleb128 0x2e
 1515 00d7 01       		.byte	0x1
 1516 00d8 3F       		.uleb128 0x3f
 1517 00d9 0C       		.uleb128 0xc
 1518 00da 03       		.uleb128 0x3
 1519 00db 0E       		.uleb128 0xe
 1520 00dc 3A       		.uleb128 0x3a
 1521 00dd 0B       		.uleb128 0xb
 1522 00de 3B       		.uleb128 0x3b
 1523 00df 0B       		.uleb128 0xb
ARM GAS  /tmp/cc91ZOsf.s 			page 28


 1524 00e0 27       		.uleb128 0x27
 1525 00e1 0C       		.uleb128 0xc
 1526 00e2 20       		.uleb128 0x20
 1527 00e3 0B       		.uleb128 0xb
 1528 00e4 01       		.uleb128 0x1
 1529 00e5 13       		.uleb128 0x13
 1530 00e6 00       		.byte	0
 1531 00e7 00       		.byte	0
 1532 00e8 13       		.uleb128 0x13
 1533 00e9 05       		.uleb128 0x5
 1534 00ea 00       		.byte	0
 1535 00eb 03       		.uleb128 0x3
 1536 00ec 08       		.uleb128 0x8
 1537 00ed 3A       		.uleb128 0x3a
 1538 00ee 0B       		.uleb128 0xb
 1539 00ef 3B       		.uleb128 0x3b
 1540 00f0 0B       		.uleb128 0xb
 1541 00f1 49       		.uleb128 0x49
 1542 00f2 13       		.uleb128 0x13
 1543 00f3 00       		.byte	0
 1544 00f4 00       		.byte	0
 1545 00f5 14       		.uleb128 0x14
 1546 00f6 05       		.uleb128 0x5
 1547 00f7 00       		.byte	0
 1548 00f8 03       		.uleb128 0x3
 1549 00f9 0E       		.uleb128 0xe
 1550 00fa 3A       		.uleb128 0x3a
 1551 00fb 0B       		.uleb128 0xb
 1552 00fc 3B       		.uleb128 0x3b
 1553 00fd 0B       		.uleb128 0xb
 1554 00fe 49       		.uleb128 0x49
 1555 00ff 13       		.uleb128 0x13
 1556 0100 00       		.byte	0
 1557 0101 00       		.byte	0
 1558 0102 15       		.uleb128 0x15
 1559 0103 2E       		.uleb128 0x2e
 1560 0104 01       		.byte	0x1
 1561 0105 03       		.uleb128 0x3
 1562 0106 0E       		.uleb128 0xe
 1563 0107 3A       		.uleb128 0x3a
 1564 0108 0B       		.uleb128 0xb
 1565 0109 3B       		.uleb128 0x3b
 1566 010a 0B       		.uleb128 0xb
 1567 010b 27       		.uleb128 0x27
 1568 010c 0C       		.uleb128 0xc
 1569 010d 49       		.uleb128 0x49
 1570 010e 13       		.uleb128 0x13
 1571 010f 11       		.uleb128 0x11
 1572 0110 01       		.uleb128 0x1
 1573 0111 12       		.uleb128 0x12
 1574 0112 01       		.uleb128 0x1
 1575 0113 40       		.uleb128 0x40
 1576 0114 06       		.uleb128 0x6
 1577 0115 01       		.uleb128 0x1
 1578 0116 13       		.uleb128 0x13
 1579 0117 00       		.byte	0
 1580 0118 00       		.byte	0
ARM GAS  /tmp/cc91ZOsf.s 			page 29


 1581 0119 16       		.uleb128 0x16
 1582 011a 05       		.uleb128 0x5
 1583 011b 00       		.byte	0
 1584 011c 03       		.uleb128 0x3
 1585 011d 08       		.uleb128 0x8
 1586 011e 3A       		.uleb128 0x3a
 1587 011f 0B       		.uleb128 0xb
 1588 0120 3B       		.uleb128 0x3b
 1589 0121 0B       		.uleb128 0xb
 1590 0122 49       		.uleb128 0x49
 1591 0123 13       		.uleb128 0x13
 1592 0124 02       		.uleb128 0x2
 1593 0125 06       		.uleb128 0x6
 1594 0126 00       		.byte	0
 1595 0127 00       		.byte	0
 1596 0128 17       		.uleb128 0x17
 1597 0129 2E       		.uleb128 0x2e
 1598 012a 01       		.byte	0x1
 1599 012b 31       		.uleb128 0x31
 1600 012c 13       		.uleb128 0x13
 1601 012d 11       		.uleb128 0x11
 1602 012e 01       		.uleb128 0x1
 1603 012f 12       		.uleb128 0x12
 1604 0130 01       		.uleb128 0x1
 1605 0131 40       		.uleb128 0x40
 1606 0132 0A       		.uleb128 0xa
 1607 0133 01       		.uleb128 0x1
 1608 0134 13       		.uleb128 0x13
 1609 0135 00       		.byte	0
 1610 0136 00       		.byte	0
 1611 0137 18       		.uleb128 0x18
 1612 0138 05       		.uleb128 0x5
 1613 0139 00       		.byte	0
 1614 013a 31       		.uleb128 0x31
 1615 013b 13       		.uleb128 0x13
 1616 013c 02       		.uleb128 0x2
 1617 013d 06       		.uleb128 0x6
 1618 013e 00       		.byte	0
 1619 013f 00       		.byte	0
 1620 0140 19       		.uleb128 0x19
 1621 0141 1D       		.uleb128 0x1d
 1622 0142 01       		.byte	0x1
 1623 0143 31       		.uleb128 0x31
 1624 0144 13       		.uleb128 0x13
 1625 0145 11       		.uleb128 0x11
 1626 0146 01       		.uleb128 0x1
 1627 0147 12       		.uleb128 0x12
 1628 0148 01       		.uleb128 0x1
 1629 0149 58       		.uleb128 0x58
 1630 014a 0B       		.uleb128 0xb
 1631 014b 59       		.uleb128 0x59
 1632 014c 0B       		.uleb128 0xb
 1633 014d 00       		.byte	0
 1634 014e 00       		.byte	0
 1635 014f 1A       		.uleb128 0x1a
 1636 0150 34       		.uleb128 0x34
 1637 0151 00       		.byte	0
ARM GAS  /tmp/cc91ZOsf.s 			page 30


 1638 0152 03       		.uleb128 0x3
 1639 0153 0E       		.uleb128 0xe
 1640 0154 3A       		.uleb128 0x3a
 1641 0155 0B       		.uleb128 0xb
 1642 0156 3B       		.uleb128 0x3b
 1643 0157 0B       		.uleb128 0xb
 1644 0158 49       		.uleb128 0x49
 1645 0159 13       		.uleb128 0x13
 1646 015a 02       		.uleb128 0x2
 1647 015b 06       		.uleb128 0x6
 1648 015c 00       		.byte	0
 1649 015d 00       		.byte	0
 1650 015e 1B       		.uleb128 0x1b
 1651 015f 2E       		.uleb128 0x2e
 1652 0160 01       		.byte	0x1
 1653 0161 3F       		.uleb128 0x3f
 1654 0162 0C       		.uleb128 0xc
 1655 0163 03       		.uleb128 0x3
 1656 0164 0E       		.uleb128 0xe
 1657 0165 3A       		.uleb128 0x3a
 1658 0166 0B       		.uleb128 0xb
 1659 0167 3B       		.uleb128 0x3b
 1660 0168 0B       		.uleb128 0xb
 1661 0169 27       		.uleb128 0x27
 1662 016a 0C       		.uleb128 0xc
 1663 016b 11       		.uleb128 0x11
 1664 016c 01       		.uleb128 0x1
 1665 016d 12       		.uleb128 0x12
 1666 016e 01       		.uleb128 0x1
 1667 016f 40       		.uleb128 0x40
 1668 0170 06       		.uleb128 0x6
 1669 0171 01       		.uleb128 0x1
 1670 0172 13       		.uleb128 0x13
 1671 0173 00       		.byte	0
 1672 0174 00       		.byte	0
 1673 0175 1C       		.uleb128 0x1c
 1674 0176 34       		.uleb128 0x34
 1675 0177 00       		.byte	0
 1676 0178 03       		.uleb128 0x3
 1677 0179 0E       		.uleb128 0xe
 1678 017a 3A       		.uleb128 0x3a
 1679 017b 0B       		.uleb128 0xb
 1680 017c 3B       		.uleb128 0x3b
 1681 017d 0B       		.uleb128 0xb
 1682 017e 49       		.uleb128 0x49
 1683 017f 13       		.uleb128 0x13
 1684 0180 1C       		.uleb128 0x1c
 1685 0181 0B       		.uleb128 0xb
 1686 0182 00       		.byte	0
 1687 0183 00       		.byte	0
 1688 0184 1D       		.uleb128 0x1d
 1689 0185 34       		.uleb128 0x34
 1690 0186 00       		.byte	0
 1691 0187 03       		.uleb128 0x3
 1692 0188 08       		.uleb128 0x8
 1693 0189 3A       		.uleb128 0x3a
 1694 018a 0B       		.uleb128 0xb
ARM GAS  /tmp/cc91ZOsf.s 			page 31


 1695 018b 3B       		.uleb128 0x3b
 1696 018c 0B       		.uleb128 0xb
 1697 018d 49       		.uleb128 0x49
 1698 018e 13       		.uleb128 0x13
 1699 018f 02       		.uleb128 0x2
 1700 0190 06       		.uleb128 0x6
 1701 0191 00       		.byte	0
 1702 0192 00       		.byte	0
 1703 0193 1E       		.uleb128 0x1e
 1704 0194 2E       		.uleb128 0x2e
 1705 0195 00       		.byte	0
 1706 0196 3F       		.uleb128 0x3f
 1707 0197 0C       		.uleb128 0xc
 1708 0198 03       		.uleb128 0x3
 1709 0199 0E       		.uleb128 0xe
 1710 019a 3A       		.uleb128 0x3a
 1711 019b 0B       		.uleb128 0xb
 1712 019c 3B       		.uleb128 0x3b
 1713 019d 0B       		.uleb128 0xb
 1714 019e 27       		.uleb128 0x27
 1715 019f 0C       		.uleb128 0xc
 1716 01a0 11       		.uleb128 0x11
 1717 01a1 01       		.uleb128 0x1
 1718 01a2 12       		.uleb128 0x12
 1719 01a3 01       		.uleb128 0x1
 1720 01a4 40       		.uleb128 0x40
 1721 01a5 06       		.uleb128 0x6
 1722 01a6 00       		.byte	0
 1723 01a7 00       		.byte	0
 1724 01a8 1F       		.uleb128 0x1f
 1725 01a9 01       		.uleb128 0x1
 1726 01aa 01       		.byte	0x1
 1727 01ab 49       		.uleb128 0x49
 1728 01ac 13       		.uleb128 0x13
 1729 01ad 01       		.uleb128 0x1
 1730 01ae 13       		.uleb128 0x13
 1731 01af 00       		.byte	0
 1732 01b0 00       		.byte	0
 1733 01b1 20       		.uleb128 0x20
 1734 01b2 21       		.uleb128 0x21
 1735 01b3 00       		.byte	0
 1736 01b4 49       		.uleb128 0x49
 1737 01b5 13       		.uleb128 0x13
 1738 01b6 2F       		.uleb128 0x2f
 1739 01b7 0B       		.uleb128 0xb
 1740 01b8 00       		.byte	0
 1741 01b9 00       		.byte	0
 1742 01ba 21       		.uleb128 0x21
 1743 01bb 34       		.uleb128 0x34
 1744 01bc 00       		.byte	0
 1745 01bd 03       		.uleb128 0x3
 1746 01be 0E       		.uleb128 0xe
 1747 01bf 3A       		.uleb128 0x3a
 1748 01c0 0B       		.uleb128 0xb
 1749 01c1 3B       		.uleb128 0x3b
 1750 01c2 0B       		.uleb128 0xb
 1751 01c3 49       		.uleb128 0x49
ARM GAS  /tmp/cc91ZOsf.s 			page 32


 1752 01c4 13       		.uleb128 0x13
 1753 01c5 02       		.uleb128 0x2
 1754 01c6 0A       		.uleb128 0xa
 1755 01c7 00       		.byte	0
 1756 01c8 00       		.byte	0
 1757 01c9 22       		.uleb128 0x22
 1758 01ca 34       		.uleb128 0x34
 1759 01cb 00       		.byte	0
 1760 01cc 03       		.uleb128 0x3
 1761 01cd 0E       		.uleb128 0xe
 1762 01ce 3A       		.uleb128 0x3a
 1763 01cf 0B       		.uleb128 0xb
 1764 01d0 3B       		.uleb128 0x3b
 1765 01d1 05       		.uleb128 0x5
 1766 01d2 49       		.uleb128 0x49
 1767 01d3 13       		.uleb128 0x13
 1768 01d4 3F       		.uleb128 0x3f
 1769 01d5 0C       		.uleb128 0xc
 1770 01d6 3C       		.uleb128 0x3c
 1771 01d7 0C       		.uleb128 0xc
 1772 01d8 00       		.byte	0
 1773 01d9 00       		.byte	0
 1774 01da 23       		.uleb128 0x23
 1775 01db 34       		.uleb128 0x34
 1776 01dc 00       		.byte	0
 1777 01dd 03       		.uleb128 0x3
 1778 01de 0E       		.uleb128 0xe
 1779 01df 3A       		.uleb128 0x3a
 1780 01e0 0B       		.uleb128 0xb
 1781 01e1 3B       		.uleb128 0x3b
 1782 01e2 0B       		.uleb128 0xb
 1783 01e3 49       		.uleb128 0x49
 1784 01e4 13       		.uleb128 0x13
 1785 01e5 3F       		.uleb128 0x3f
 1786 01e6 0C       		.uleb128 0xc
 1787 01e7 02       		.uleb128 0x2
 1788 01e8 0A       		.uleb128 0xa
 1789 01e9 00       		.byte	0
 1790 01ea 00       		.byte	0
 1791 01eb 00       		.byte	0
 1792              		.section	.debug_loc,"",%progbits
 1793              	.Ldebug_loc0:
 1794              	.LLST0:
 1795 0000 00000000 		.4byte	.LFB120
 1796 0004 02000000 		.4byte	.LCFI0
 1797 0008 0200     		.2byte	0x2
 1798 000a 7D       		.byte	0x7d
 1799 000b 00       		.sleb128 0
 1800 000c 02000000 		.4byte	.LCFI0
 1801 0010 5E000000 		.4byte	.LFE120
 1802 0014 0200     		.2byte	0x2
 1803 0016 7D       		.byte	0x7d
 1804 0017 08       		.sleb128 8
 1805 0018 00000000 		.4byte	0
 1806 001c 00000000 		.4byte	0
 1807              	.LLST1:
 1808 0020 00000000 		.4byte	.LVL0
ARM GAS  /tmp/cc91ZOsf.s 			page 33


 1809 0024 0A000000 		.4byte	.LVL1
 1810 0028 0100     		.2byte	0x1
 1811 002a 50       		.byte	0x50
 1812 002b 00000000 		.4byte	0
 1813 002f 00000000 		.4byte	0
 1814              	.LLST2:
 1815 0033 00000000 		.4byte	.LVL2
 1816 0037 06000000 		.4byte	.LVL4
 1817 003b 0100     		.2byte	0x1
 1818 003d 50       		.byte	0x50
 1819 003e 00000000 		.4byte	0
 1820 0042 00000000 		.4byte	0
 1821              	.LLST3:
 1822 0046 00000000 		.4byte	.LVL2
 1823 004a 16000000 		.4byte	.LVL6
 1824 004e 0100     		.2byte	0x1
 1825 0050 51       		.byte	0x51
 1826 0051 18000000 		.4byte	.LVL7
 1827 0055 1E000000 		.4byte	.LFE117
 1828 0059 0100     		.2byte	0x1
 1829 005b 51       		.byte	0x51
 1830 005c 00000000 		.4byte	0
 1831 0060 00000000 		.4byte	0
 1832              	.LLST4:
 1833 0064 04000000 		.4byte	.LVL3
 1834 0068 18000000 		.4byte	.LVL7
 1835 006c 0100     		.2byte	0x1
 1836 006e 51       		.byte	0x51
 1837 006f 1A000000 		.4byte	.LVL8
 1838 0073 1E000000 		.4byte	.LFE117
 1839 0077 0100     		.2byte	0x1
 1840 0079 51       		.byte	0x51
 1841 007a 00000000 		.4byte	0
 1842 007e 00000000 		.4byte	0
 1843              	.LLST5:
 1844 0082 04000000 		.4byte	.LVL3
 1845 0086 06000000 		.4byte	.LVL4
 1846 008a 0100     		.2byte	0x1
 1847 008c 50       		.byte	0x50
 1848 008d 06000000 		.4byte	.LVL4
 1849 0091 10000000 		.4byte	.LVL5
 1850 0095 0300     		.2byte	0x3
 1851 0097 70       		.byte	0x70
 1852 0098 79       		.sleb128 -7
 1853 0099 9F       		.byte	0x9f
 1854 009a 00000000 		.4byte	0
 1855 009e 00000000 		.4byte	0
 1856              	.LLST6:
 1857 00a2 00000000 		.4byte	.LFB119
 1858 00a6 04000000 		.4byte	.LCFI1
 1859 00aa 0200     		.2byte	0x2
 1860 00ac 7D       		.byte	0x7d
 1861 00ad 00       		.sleb128 0
 1862 00ae 04000000 		.4byte	.LCFI1
 1863 00b2 B0000000 		.4byte	.LFE119
 1864 00b6 0200     		.2byte	0x2
 1865 00b8 7D       		.byte	0x7d
ARM GAS  /tmp/cc91ZOsf.s 			page 34


 1866 00b9 20       		.sleb128 32
 1867 00ba 00000000 		.4byte	0
 1868 00be 00000000 		.4byte	0
 1869              	.LLST7:
 1870 00c2 00000000 		.4byte	.LVL9
 1871 00c6 1A000000 		.4byte	.LVL10
 1872 00ca 0100     		.2byte	0x1
 1873 00cc 50       		.byte	0x50
 1874 00cd 00000000 		.4byte	0
 1875 00d1 00000000 		.4byte	0
 1876              	.LLST8:
 1877 00d5 00000000 		.4byte	.LVL9
 1878 00d9 1A000000 		.4byte	.LVL10
 1879 00dd 0200     		.2byte	0x2
 1880 00df 33       		.byte	0x33
 1881 00e0 9F       		.byte	0x9f
 1882 00e1 1A000000 		.4byte	.LVL10
 1883 00e5 1E000000 		.4byte	.LVL11
 1884 00e9 0100     		.2byte	0x1
 1885 00eb 58       		.byte	0x58
 1886 00ec 30000000 		.4byte	.LVL13
 1887 00f0 52000000 		.4byte	.LVL14
 1888 00f4 0100     		.2byte	0x1
 1889 00f6 58       		.byte	0x58
 1890 00f7 66000000 		.4byte	.LVL15
 1891 00fb 72000000 		.4byte	.LVL16
 1892 00ff 0100     		.2byte	0x1
 1893 0101 58       		.byte	0x58
 1894 0102 00000000 		.4byte	0
 1895 0106 00000000 		.4byte	0
 1896              	.LLST9:
 1897 010a 00000000 		.4byte	.LVL9
 1898 010e 1A000000 		.4byte	.LVL10
 1899 0112 0200     		.2byte	0x2
 1900 0114 33       		.byte	0x33
 1901 0115 9F       		.byte	0x9f
 1902 0116 1A000000 		.4byte	.LVL10
 1903 011a 24000000 		.4byte	.LVL12
 1904 011e 0100     		.2byte	0x1
 1905 0120 59       		.byte	0x59
 1906 0121 30000000 		.4byte	.LVL13
 1907 0125 86000000 		.4byte	.LVL17
 1908 0129 0100     		.2byte	0x1
 1909 012b 59       		.byte	0x59
 1910 012c 86000000 		.4byte	.LVL17
 1911 0130 8C000000 		.4byte	.LVL18
 1912 0134 0300     		.2byte	0x3
 1913 0136 71       		.byte	0x71
 1914 0137 7F       		.sleb128 -1
 1915 0138 9F       		.byte	0x9f
 1916 0139 8C000000 		.4byte	.LVL18
 1917 013d 98000000 		.4byte	.LVL19
 1918 0141 0100     		.2byte	0x1
 1919 0143 59       		.byte	0x59
 1920 0144 A6000000 		.4byte	.LVL21
 1921 0148 AA000000 		.4byte	.LVL22
 1922 014c 0100     		.2byte	0x1
ARM GAS  /tmp/cc91ZOsf.s 			page 35


 1923 014e 59       		.byte	0x59
 1924 014f 00000000 		.4byte	0
 1925 0153 00000000 		.4byte	0
 1926              	.LLST10:
 1927 0157 00000000 		.4byte	.LVL9
 1928 015b 1A000000 		.4byte	.LVL10
 1929 015f 0200     		.2byte	0x2
 1930 0161 30       		.byte	0x30
 1931 0162 9F       		.byte	0x9f
 1932 0163 1A000000 		.4byte	.LVL10
 1933 0167 B0000000 		.4byte	.LFE119
 1934 016b 0100     		.2byte	0x1
 1935 016d 57       		.byte	0x57
 1936 016e 00000000 		.4byte	0
 1937 0172 00000000 		.4byte	0
 1938              	.LLST11:
 1939 0176 00000000 		.4byte	.LFB118
 1940 017a 06000000 		.4byte	.LCFI2
 1941 017e 0200     		.2byte	0x2
 1942 0180 7D       		.byte	0x7d
 1943 0181 00       		.sleb128 0
 1944 0182 06000000 		.4byte	.LCFI2
 1945 0186 80000000 		.4byte	.LFE118
 1946 018a 0200     		.2byte	0x2
 1947 018c 7D       		.byte	0x7d
 1948 018d 08       		.sleb128 8
 1949 018e 00000000 		.4byte	0
 1950 0192 00000000 		.4byte	0
 1951              	.LLST12:
 1952 0196 0E000000 		.4byte	.LVL24
 1953 019a 20000000 		.4byte	.LVL25
 1954 019e 0200     		.2byte	0x2
 1955 01a0 30       		.byte	0x30
 1956 01a1 9F       		.byte	0x9f
 1957 01a2 20000000 		.4byte	.LVL25
 1958 01a6 24000000 		.4byte	.LVL26
 1959 01aa 0200     		.2byte	0x2
 1960 01ac 31       		.byte	0x31
 1961 01ad 9F       		.byte	0x9f
 1962 01ae 24000000 		.4byte	.LVL26
 1963 01b2 28000000 		.4byte	.LVL27
 1964 01b6 0200     		.2byte	0x2
 1965 01b8 32       		.byte	0x32
 1966 01b9 9F       		.byte	0x9f
 1967 01ba 28000000 		.4byte	.LVL27
 1968 01be 2C000000 		.4byte	.LVL28
 1969 01c2 0200     		.2byte	0x2
 1970 01c4 30       		.byte	0x30
 1971 01c5 9F       		.byte	0x9f
 1972 01c6 2C000000 		.4byte	.LVL28
 1973 01ca 34000000 		.4byte	.LVL29
 1974 01ce 0200     		.2byte	0x2
 1975 01d0 31       		.byte	0x31
 1976 01d1 9F       		.byte	0x9f
 1977 01d2 34000000 		.4byte	.LVL29
 1978 01d6 3C000000 		.4byte	.LVL30
 1979 01da 0200     		.2byte	0x2
ARM GAS  /tmp/cc91ZOsf.s 			page 36


 1980 01dc 32       		.byte	0x32
 1981 01dd 9F       		.byte	0x9f
 1982 01de 3C000000 		.4byte	.LVL30
 1983 01e2 44000000 		.4byte	.LVL31
 1984 01e6 0200     		.2byte	0x2
 1985 01e8 33       		.byte	0x33
 1986 01e9 9F       		.byte	0x9f
 1987 01ea 44000000 		.4byte	.LVL31
 1988 01ee 4C000000 		.4byte	.LVL32
 1989 01f2 0200     		.2byte	0x2
 1990 01f4 34       		.byte	0x34
 1991 01f5 9F       		.byte	0x9f
 1992 01f6 4C000000 		.4byte	.LVL32
 1993 01fa 54000000 		.4byte	.LVL33
 1994 01fe 0200     		.2byte	0x2
 1995 0200 35       		.byte	0x35
 1996 0201 9F       		.byte	0x9f
 1997 0202 54000000 		.4byte	.LVL33
 1998 0206 5C000000 		.4byte	.LVL34
 1999 020a 0200     		.2byte	0x2
 2000 020c 36       		.byte	0x36
 2001 020d 9F       		.byte	0x9f
 2002 020e 5C000000 		.4byte	.LVL34
 2003 0212 64000000 		.4byte	.LVL35
 2004 0216 0200     		.2byte	0x2
 2005 0218 37       		.byte	0x37
 2006 0219 9F       		.byte	0x9f
 2007 021a 64000000 		.4byte	.LVL35
 2008 021e 6C000000 		.4byte	.LVL36
 2009 0222 0200     		.2byte	0x2
 2010 0224 38       		.byte	0x38
 2011 0225 9F       		.byte	0x9f
 2012 0226 6C000000 		.4byte	.LVL36
 2013 022a 80000000 		.4byte	.LFE118
 2014 022e 0200     		.2byte	0x2
 2015 0230 39       		.byte	0x39
 2016 0231 9F       		.byte	0x9f
 2017 0232 00000000 		.4byte	0
 2018 0236 00000000 		.4byte	0
 2019              	.LLST13:
 2020 023a 00000000 		.4byte	.LFB121
 2021 023e 02000000 		.4byte	.LCFI3
 2022 0242 0200     		.2byte	0x2
 2023 0244 7D       		.byte	0x7d
 2024 0245 00       		.sleb128 0
 2025 0246 02000000 		.4byte	.LCFI3
 2026 024a 08000000 		.4byte	.LCFI4
 2027 024e 0200     		.2byte	0x2
 2028 0250 7D       		.byte	0x7d
 2029 0251 08       		.sleb128 8
 2030 0252 08000000 		.4byte	.LCFI4
 2031 0256 42000000 		.4byte	.LFE121
 2032 025a 0200     		.2byte	0x2
 2033 025c 7D       		.byte	0x7d
 2034 025d 10       		.sleb128 16
 2035 025e 00000000 		.4byte	0
 2036 0262 00000000 		.4byte	0
ARM GAS  /tmp/cc91ZOsf.s 			page 37


 2037              		.section	.debug_aranges,"",%progbits
 2038 0000 3C000000 		.4byte	0x3c
 2039 0004 0200     		.2byte	0x2
 2040 0006 00000000 		.4byte	.Ldebug_info0
 2041 000a 04       		.byte	0x4
 2042 000b 00       		.byte	0
 2043 000c 0000     		.2byte	0
 2044 000e 0000     		.2byte	0
 2045 0010 00000000 		.4byte	.LFB120
 2046 0014 5E000000 		.4byte	.LFE120-.LFB120
 2047 0018 00000000 		.4byte	.LFB117
 2048 001c 1E000000 		.4byte	.LFE117-.LFB117
 2049 0020 00000000 		.4byte	.LFB119
 2050 0024 B0000000 		.4byte	.LFE119-.LFB119
 2051 0028 00000000 		.4byte	.LFB118
 2052 002c 80000000 		.4byte	.LFE118-.LFB118
 2053 0030 00000000 		.4byte	.LFB121
 2054 0034 42000000 		.4byte	.LFE121-.LFB121
 2055 0038 00000000 		.4byte	0
 2056 003c 00000000 		.4byte	0
 2057              		.section	.debug_ranges,"",%progbits
 2058              	.Ldebug_ranges0:
 2059 0000 00000000 		.4byte	.LFB120
 2060 0004 5E000000 		.4byte	.LFE120
 2061 0008 00000000 		.4byte	.LFB117
 2062 000c 1E000000 		.4byte	.LFE117
 2063 0010 00000000 		.4byte	.LFB119
 2064 0014 B0000000 		.4byte	.LFE119
 2065 0018 00000000 		.4byte	.LFB118
 2066 001c 80000000 		.4byte	.LFE118
 2067 0020 00000000 		.4byte	.LFB121
 2068 0024 42000000 		.4byte	.LFE121
 2069 0028 00000000 		.4byte	0
 2070 002c 00000000 		.4byte	0
 2071              		.section	.debug_line,"",%progbits
 2072              	.Ldebug_line0:
 2073 0000 B1020000 		.section	.debug_str,"MS",%progbits,1
 2073      0200B001 
 2073      00000201 
 2073      FB0E0D00 
 2073      01010101 
 2074              	.LASF65:
 2075 0000 4750494F 		.ascii	"GPIO_TypeDef\000"
 2075      5F547970 
 2075      65446566 
 2075      00
 2076              	.LASF17:
 2077 000d 74726566 		.ascii	"trefs_t\000"
 2077      735F7400 
 2078              	.LASF77:
 2079 0015 626C696E 		.ascii	"blinking\000"
 2079      6B696E67 
 2079      00
 2080              	.LASF56:
 2081 001e 636C6561 		.ascii	"clear\000"
 2081      7200
 2082              	.LASF12:
ARM GAS  /tmp/cc91ZOsf.s 			page 38


 2083 0024 75696E74 		.ascii	"uint64_t\000"
 2083      36345F74 
 2083      00
 2084              	.LASF42:
 2085 002d 54687265 		.ascii	"ThreadsList\000"
 2085      6164734C 
 2085      69737400 
 2086              	.LASF3:
 2087 0039 73686F72 		.ascii	"short int\000"
 2087      7420696E 
 2087      7400
 2088              	.LASF37:
 2089 0043 705F6570 		.ascii	"p_epending\000"
 2089      656E6469 
 2089      6E6700
 2090              	.LASF79:
 2091 004e 474E5520 		.ascii	"GNU C 4.6.3\000"
 2091      4320342E 
 2091      362E3300 
 2092              	.LASF24:
 2093 005a 705F7072 		.ascii	"p_prev\000"
 2093      657600
 2094              	.LASF67:
 2095 0061 7365744F 		.ascii	"setOn\000"
 2095      6E00
 2096              	.LASF20:
 2097 0067 6576656E 		.ascii	"eventmask_t\000"
 2097      746D6173 
 2097      6B5F7400 
 2098              	.LASF35:
 2099 0073 705F6D73 		.ascii	"p_msgqueue\000"
 2099      67717565 
 2099      756500
 2100              	.LASF25:
 2101 007e 705F7072 		.ascii	"p_prio\000"
 2101      696F00
 2102              	.LASF23:
 2103 0085 705F6E65 		.ascii	"p_next\000"
 2103      787400
 2104              	.LASF61:
 2105 008c 42535252 		.ascii	"BSRR\000"
 2105      00
 2106              	.LASF50:
 2107 0091 6D5F6E65 		.ascii	"m_next\000"
 2107      787400
 2108              	.LASF80:
 2109 0098 2E2F7372 		.ascii	"./src/Led.c\000"
 2109      632F4C65 
 2109      642E6300 
 2110              	.LASF43:
 2111 00a4 72656761 		.ascii	"regarm_t\000"
 2111      726D5F74 
 2111      00
 2112              	.LASF4:
 2113 00ad 75696E74 		.ascii	"uint8_t\000"
 2113      385F7400 
 2114              	.LASF75:
ARM GAS  /tmp/cc91ZOsf.s 			page 39


 2115 00b5 7370796B 		.ascii	"spykeeLedBlinkerWorkingArea\000"
 2115      65654C65 
 2115      64426C69 
 2115      6E6B6572 
 2115      576F726B 
 2116              	.LASF66:
 2117 00d1 696F706F 		.ascii	"ioportmask_t\000"
 2117      72746D61 
 2117      736B5F74 
 2117      00
 2118              	.LASF33:
 2119 00de 705F7469 		.ascii	"p_time\000"
 2119      6D6500
 2120              	.LASF58:
 2121 00e5 4F545950 		.ascii	"OTYPER\000"
 2121      455200
 2122              	.LASF72:
 2123 00ec 67726565 		.ascii	"greenIsOn\000"
 2123      6E49734F 
 2123      6E00
 2124              	.LASF11:
 2125 00f6 6C6F6E67 		.ascii	"long long int\000"
 2125      206C6F6E 
 2125      6720696E 
 2125      7400
 2126              	.LASF18:
 2127 0104 74707269 		.ascii	"tprio_t\000"
 2127      6F5F7400 
 2128              	.LASF60:
 2129 010c 50555044 		.ascii	"PUPDR\000"
 2129      5200
 2130              	.LASF84:
 2131 0112 73746172 		.ascii	"startLedBlinkerTreads\000"
 2131      744C6564 
 2131      426C696E 
 2131      6B657254 
 2131      72656164 
 2132              	.LASF8:
 2133 0128 6C6F6E67 		.ascii	"long int\000"
 2133      20696E74 
 2133      00
 2134              	.LASF47:
 2135 0131 4D757465 		.ascii	"Mutex\000"
 2135      7800
 2136              	.LASF48:
 2137 0137 6D5F7175 		.ascii	"m_queue\000"
 2137      65756500 
 2138              	.LASF46:
 2139 013f 636F6E74 		.ascii	"context\000"
 2139      65787400 
 2140              	.LASF81:
 2141 0147 2F686F6D 		.ascii	"/home/mikel/workspace/ros/PacBot/PacBot/FirmwareWit"
 2141      652F6D69 
 2141      6B656C2F 
 2141      776F726B 
 2141      73706163 
 2142 017a 68495200 		.ascii	"hIR\000"
ARM GAS  /tmp/cc91ZOsf.s 			page 40


 2143              	.LASF73:
 2144 017e 6E756D4C 		.ascii	"numLed\000"
 2144      656400
 2145              	.LASF36:
 2146 0185 705F6D73 		.ascii	"p_msg\000"
 2146      6700
 2147              	.LASF68:
 2148 018b 626C696E 		.ascii	"blinkerThread\000"
 2148      6B657254 
 2148      68726561 
 2148      6400
 2149              	.LASF71:
 2150 0199 79656C6C 		.ascii	"yellowCurrentIndex\000"
 2150      6F774375 
 2150      7272656E 
 2150      74496E64 
 2150      657800
 2151              	.LASF15:
 2152 01ac 746D6F64 		.ascii	"tmode_t\000"
 2152      655F7400 
 2153              	.LASF2:
 2154 01b4 756E7369 		.ascii	"unsigned char\000"
 2154      676E6564 
 2154      20636861 
 2154      7200
 2155              	.LASF54:
 2156 01c2 65776D61 		.ascii	"ewmask\000"
 2156      736B00
 2157              	.LASF1:
 2158 01c9 7369676E 		.ascii	"signed char\000"
 2158      65642063 
 2158      68617200 
 2159              	.LASF27:
 2160 01d5 705F6E65 		.ascii	"p_newer\000"
 2160      77657200 
 2161              	.LASF13:
 2162 01dd 6C6F6E67 		.ascii	"long long unsigned int\000"
 2162      206C6F6E 
 2162      6720756E 
 2162      7369676E 
 2162      65642069 
 2163              	.LASF9:
 2164 01f4 75696E74 		.ascii	"uint32_t\000"
 2164      33325F74 
 2164      00
 2165              	.LASF0:
 2166 01fd 756E7369 		.ascii	"unsigned int\000"
 2166      676E6564 
 2166      20696E74 
 2166      00
 2167              	.LASF5:
 2168 020a 75696E74 		.ascii	"uint16_t\000"
 2168      31365F74 
 2168      00
 2169              	.LASF82:
 2170 0213 7365744C 		.ascii	"setLed\000"
 2170      656400
ARM GAS  /tmp/cc91ZOsf.s 			page 41


 2171              	.LASF64:
 2172 021a 41465248 		.ascii	"AFRH\000"
 2172      00
 2173              	.LASF40:
 2174 021f 705F6D70 		.ascii	"p_mpool\000"
 2174      6F6F6C00 
 2175              	.LASF63:
 2176 0227 4146524C 		.ascii	"AFRL\000"
 2176      00
 2177              	.LASF6:
 2178 022c 73686F72 		.ascii	"short unsigned int\000"
 2178      7420756E 
 2178      7369676E 
 2178      65642069 
 2178      6E7400
 2179              	.LASF31:
 2180 023f 705F666C 		.ascii	"p_flags\000"
 2180      61677300 
 2181              	.LASF39:
 2182 0247 705F7265 		.ascii	"p_realprio\000"
 2182      616C7072 
 2182      696F00
 2183              	.LASF21:
 2184 0252 73797374 		.ascii	"systime_t\000"
 2184      696D655F 
 2184      7400
 2185              	.LASF55:
 2186 025c 63686172 		.ascii	"char\000"
 2186      00
 2187              	.LASF29:
 2188 0261 705F6E61 		.ascii	"p_name\000"
 2188      6D6500
 2189              	.LASF7:
 2190 0268 696E7433 		.ascii	"int32_t\000"
 2190      325F7400 
 2191              	.LASF30:
 2192 0270 705F7374 		.ascii	"p_state\000"
 2192      61746500 
 2193              	.LASF14:
 2194 0278 626F6F6C 		.ascii	"bool_t\000"
 2194      5F7400
 2195              	.LASF41:
 2196 027f 54687265 		.ascii	"ThreadsQueue\000"
 2196      61647351 
 2196      75657565 
 2196      00
 2197              	.LASF57:
 2198 028c 4D4F4445 		.ascii	"MODER\000"
 2198      5200
 2199              	.LASF34:
 2200 0292 705F7761 		.ascii	"p_waiting\000"
 2200      6974696E 
 2200      6700
 2201              	.LASF38:
 2202 029c 705F6D74 		.ascii	"p_mtxlist\000"
 2202      786C6973 
 2202      7400
ARM GAS  /tmp/cc91ZOsf.s 			page 42


 2203              	.LASF45:
 2204 02a6 696E7463 		.ascii	"intctx\000"
 2204      747800
 2205              	.LASF59:
 2206 02ad 4F535045 		.ascii	"OSPEEDR\000"
 2206      45445200 
 2207              	.LASF10:
 2208 02b5 6C6F6E67 		.ascii	"long unsigned int\000"
 2208      20756E73 
 2208      69676E65 
 2208      6420696E 
 2208      7400
 2209              	.LASF70:
 2210 02c7 72656443 		.ascii	"redCurrentIndex\000"
 2210      75727265 
 2210      6E74496E 
 2210      64657800 
 2211              	.LASF78:
 2212 02d7 7370796B 		.ascii	"spykeeLedMutex\000"
 2212      65654C65 
 2212      644D7574 
 2212      657800
 2213              	.LASF74:
 2214 02e6 626C696E 		.ascii	"blinkerWorkingArea\000"
 2214      6B657257 
 2214      6F726B69 
 2214      6E674172 
 2214      656100
 2215              	.LASF22:
 2216 02f9 54687265 		.ascii	"Thread\000"
 2216      616400
 2217              	.LASF53:
 2218 0300 77746F62 		.ascii	"wtobjp\000"
 2218      6A7000
 2219              	.LASF16:
 2220 0307 74737461 		.ascii	"tstate_t\000"
 2220      74655F74 
 2220      00
 2221              	.LASF44:
 2222 0310 73746B61 		.ascii	"stkalign_t\000"
 2222      6C69676E 
 2222      5F7400
 2223              	.LASF52:
 2224 031b 65786974 		.ascii	"exitcode\000"
 2224      636F6465 
 2224      00
 2225              	.LASF28:
 2226 0324 705F6F6C 		.ascii	"p_older\000"
 2226      64657200 
 2227              	.LASF83:
 2228 032c 72657365 		.ascii	"resetLed\000"
 2228      744C6564 
 2228      00
 2229              	.LASF32:
 2230 0335 705F7265 		.ascii	"p_refs\000"
 2230      667300
 2231              	.LASF26:
ARM GAS  /tmp/cc91ZOsf.s 			page 43


 2232 033c 705F6374 		.ascii	"p_ctx\000"
 2232      7800
 2233              	.LASF76:
 2234 0342 49544D5F 		.ascii	"ITM_RxBuffer\000"
 2234      52784275 
 2234      66666572 
 2234      00
 2235              	.LASF49:
 2236 034f 6D5F6F77 		.ascii	"m_owner\000"
 2236      6E657200 
 2237              	.LASF62:
 2238 0357 4C434B52 		.ascii	"LCKR\000"
 2238      00
 2239              	.LASF51:
 2240 035c 7264796D 		.ascii	"rdymsg\000"
 2240      736700
 2241              	.LASF19:
 2242 0363 6D73675F 		.ascii	"msg_t\000"
 2242      7400
 2243              	.LASF69:
 2244 0369 7370796B 		.ascii	"spykeeLedBlinkerThread\000"
 2244      65654C65 
 2244      64426C69 
 2244      6E6B6572 
 2244      54687265 
 2245              		.ident	"GCC: (Sourcery CodeBench Lite 2012.03-56) 4.6.3"
ARM GAS  /tmp/cc91ZOsf.s 			page 44


DEFINED SYMBOLS
                            *ABS*:00000000 Led.c
     /tmp/cc91ZOsf.s:21     .text.blinkerThread:00000000 $t
     /tmp/cc91ZOsf.s:26     .text.blinkerThread:00000000 blinkerThread
     /tmp/cc91ZOsf.s:95     .text.setLed:00000000 $t
     /tmp/cc91ZOsf.s:101    .text.setLed:00000000 setLed
     /tmp/cc91ZOsf.s:142    .text.spykeeLedBlinkerThread:00000000 $t
     /tmp/cc91ZOsf.s:147    .text.spykeeLedBlinkerThread:00000000 spykeeLedBlinkerThread
     /tmp/cc91ZOsf.s:426    .bss.blinking:00000000 .LANCHOR1
     /tmp/cc91ZOsf.s:419    .bss.spykeeLedMutex:00000000 .LANCHOR0
     /tmp/cc91ZOsf.s:274    .text.resetLed:00000000 $t
     /tmp/cc91ZOsf.s:280    .text.resetLed:00000000 resetLed
     /tmp/cc91ZOsf.s:361    .text.startLedBlinkerTreads:00000000 $t
     /tmp/cc91ZOsf.s:367    .text.startLedBlinkerTreads:00000000 startLedBlinkerTreads
     /tmp/cc91ZOsf.s:433    .bss.spykeeLedBlinkerWorkingArea:00000000 .LANCHOR2
     /tmp/cc91ZOsf.s:412    .bss.blinkerWorkingArea:00000000 .LANCHOR3
     /tmp/cc91ZOsf.s:429    .bss.blinking:00000000 blinking
     /tmp/cc91ZOsf.s:422    .bss.spykeeLedMutex:00000000 spykeeLedMutex
     /tmp/cc91ZOsf.s:411    .bss.blinkerWorkingArea:00000000 $d
     /tmp/cc91ZOsf.s:415    .bss.blinkerWorkingArea:00000000 blinkerWorkingArea
     /tmp/cc91ZOsf.s:418    .bss.spykeeLedMutex:00000000 $d
     /tmp/cc91ZOsf.s:425    .bss.blinking:00000000 $d
     /tmp/cc91ZOsf.s:432    .bss.spykeeLedBlinkerWorkingArea:00000000 $d
     /tmp/cc91ZOsf.s:436    .bss.spykeeLedBlinkerWorkingArea:00000000 spykeeLedBlinkerWorkingArea
                     .debug_frame:00000010 $d

UNDEFINED SYMBOLS
chThdSleep
chMtxUnlock
chMtxLock
chThdCreateStatic
