ARM GAS  /tmp/cc7CAeyK.s 			page 1


   1              		.syntax unified
   2              		.cpu cortex-m4
   3              		.eabi_attribute 27, 3
   4              		.eabi_attribute 28, 1
   5              		.fpu fpv4-sp-d16
   6              		.eabi_attribute 20, 1
   7              		.eabi_attribute 21, 1
   8              		.eabi_attribute 23, 3
   9              		.eabi_attribute 24, 1
  10              		.eabi_attribute 25, 1
  11              		.eabi_attribute 26, 1
  12              		.eabi_attribute 30, 2
  13              		.eabi_attribute 34, 1
  14              		.eabi_attribute 18, 4
  15              		.thumb
  16              		.file	"lis302dl.c"
  17              		.text
  18              	.Ltext0:
  19              		.cfi_sections	.debug_frame
  20              		.section	.text.lis302dlReadRegister,"ax",%progbits
  21              		.align	2
  22              		.p2align 4,,15
  23              		.global	lis302dlReadRegister
  24              		.thumb
  25              		.thumb_func
  26              		.type	lis302dlReadRegister, %function
  27              	lis302dlReadRegister:
  28              	.LFB117:
  29              		.file 1 "/opt/ChibiOS/ChibiOS_2.4.4/os/various/lis302dl.c"
  30              		.loc 1 51 0
  31              		.cfi_startproc
  32              		@ args = 0, pretend = 0, frame = 0
  33              		@ frame_needed = 0, uses_anonymous_args = 0
  34              	.LVL0:
  35 0000 F8B5     		push	{r3, r4, r5, r6, r7, lr}
  36              	.LCFI0:
  37              		.cfi_def_cfa_offset 24
  38              		.cfi_offset 14, -4
  39              		.cfi_offset 7, -8
  40              		.cfi_offset 6, -12
  41              		.cfi_offset 5, -16
  42              		.cfi_offset 4, -20
  43              		.cfi_offset 3, -24
  44              		.loc 1 54 0
  45 0002 40F20007 		movw	r7, #:lower16:.LANCHOR0
  46 0006 C0F20007 		movt	r7, #:upper16:.LANCHOR0
  47              		.loc 1 51 0
  48 000a 0E46     		mov	r6, r1
  49              		.loc 1 54 0
  50 000c 66F07F06 		orn	r6, r6, #127
  51              		.loc 1 56 0
  52 0010 40F20004 		movw	r4, #:lower16:.LANCHOR1
  53              		.loc 1 51 0
  54 0014 0546     		mov	r5, r0
  55              		.loc 1 56 0
  56 0016 C0F20004 		movt	r4, #:upper16:.LANCHOR1
  57              		.loc 1 53 0
ARM GAS  /tmp/cc7CAeyK.s 			page 2


  58 001a FFF7FEFF 		bl	spiSelect
  59              	.LVL1:
  60              		.loc 1 54 0
  61 001e 3E70     		strb	r6, [r7, #0]
  62              		.loc 1 55 0
  63 0020 FF26     		movs	r6, #255
  64              		.loc 1 56 0
  65 0022 0221     		movs	r1, #2
  66 0024 3A46     		mov	r2, r7
  67 0026 2346     		mov	r3, r4
  68 0028 2846     		mov	r0, r5
  69              		.loc 1 55 0
  70 002a 7E70     		strb	r6, [r7, #1]
  71              		.loc 1 56 0
  72 002c FFF7FEFF 		bl	spiExchange
  73              		.loc 1 57 0
  74 0030 2846     		mov	r0, r5
  75 0032 FFF7FEFF 		bl	spiUnselect
  76              		.loc 1 59 0
  77 0036 6078     		ldrb	r0, [r4, #1]	@ zero_extendqisi2
  78 0038 F8BD     		pop	{r3, r4, r5, r6, r7, pc}
  79              		.cfi_endproc
  80              	.LFE117:
  81              		.size	lis302dlReadRegister, .-lis302dlReadRegister
  82 003a 00BFAFF3 		.section	.text.lis302dlWriteRegister,"ax",%progbits
  82      0080
  83              		.align	2
  84              		.p2align 4,,15
  85              		.global	lis302dlWriteRegister
  86              		.thumb
  87              		.thumb_func
  88              		.type	lis302dlWriteRegister, %function
  89              	lis302dlWriteRegister:
  90              	.LFB118:
  91              		.loc 1 69 0
  92              		.cfi_startproc
  93              		@ args = 0, pretend = 0, frame = 0
  94              		@ frame_needed = 0, uses_anonymous_args = 0
  95              	.LVL2:
  96              		.loc 1 71 0
  97 0000 A1F12003 		sub	r3, r1, #32
  98              		.loc 1 69 0
  99 0004 70B5     		push	{r4, r5, r6, lr}
 100              	.LCFI1:
 101              		.cfi_def_cfa_offset 16
 102              		.cfi_offset 14, -4
 103              		.cfi_offset 6, -8
 104              		.cfi_offset 5, -12
 105              		.cfi_offset 4, -16
 106              		.loc 1 69 0
 107 0006 0C46     		mov	r4, r1
 108              		.loc 1 71 0
 109 0008 D9B2     		uxtb	r1, r3
 110              	.LVL3:
 111 000a 1F29     		cmp	r1, #31
 112              		.loc 1 69 0
 113 000c 0546     		mov	r5, r0
ARM GAS  /tmp/cc7CAeyK.s 			page 3


 114 000e 1646     		mov	r6, r2
 115              		.loc 1 71 0
 116 0010 1AD8     		bhi	.L2
 117 0012 4BF69F32 		movw	r2, #48031
 118              	.LVL4:
 119 0016 5BB2     		sxtb	r3, r3
 120 0018 CEF20002 		movt	r2, 57344
 121 001c 9A40     		lsls	r2, r2, r3
 122 001e 13D5     		bpl	.L2
 123              		.loc 1 102 0
 124 0020 FFF7FEFF 		bl	spiSelect
 125              	.LVL5:
 126              		.loc 1 103 0
 127 0024 40F2000C 		movw	ip, #:lower16:.LANCHOR0
 128 0028 C0F2000C 		movt	ip, #:upper16:.LANCHOR0
 129              		.loc 1 105 0
 130 002c 2846     		mov	r0, r5
 131 002e 0221     		movs	r1, #2
 132 0030 6246     		mov	r2, ip
 133              		.loc 1 103 0
 134 0032 8CF80040 		strb	r4, [ip, #0]
 135              		.loc 1 104 0
 136 0036 8CF80160 		strb	r6, [ip, #1]
 137              		.loc 1 105 0
 138 003a FFF7FEFF 		bl	spiSend
 139              		.loc 1 106 0
 140 003e 2846     		mov	r0, r5
 141              		.loc 1 108 0
 142 0040 BDE87040 		pop	{r4, r5, r6, lr}
 143              		.loc 1 106 0
 144 0044 FFF7FEBF 		b	spiUnselect
 145              	.L2:
 146 0048 70BD     		pop	{r4, r5, r6, pc}
 147              		.cfi_endproc
 148              	.LFE118:
 149              		.size	lis302dlWriteRegister, .-lis302dlWriteRegister
 150 004a 00BFAFF3 		.section	.bss.rxbuf,"aw",%nobits
 150      0080
 151              		.align	2
 152              		.set	.LANCHOR1,. + 0
 153              		.type	rxbuf, %object
 154              		.size	rxbuf, 2
 155              	rxbuf:
 156 0000 0000     		.space	2
 157 0002 0000     		.section	.bss.txbuf,"aw",%nobits
 158              		.align	2
 159              		.set	.LANCHOR0,. + 0
 160              		.type	txbuf, %object
 161              		.size	txbuf, 2
 162              	txbuf:
 163 0000 0000     		.space	2
 164 0002 0000     		.text
 165              	.Letext0:
 166              		.file 2 "/opt/arm/bin/../lib/gcc/arm-none-eabi/4.6.3/../../../../arm-none-eabi/include/stdint.h"
 167              		.file 3 "/opt/ChibiOS/ChibiOS_2.4.4/os/ports/GCC/ARMCMx/chtypes.h"
 168              		.file 4 "/opt/ChibiOS/ChibiOS_2.4.4/os/kernel/include/chlists.h"
 169              		.file 5 "/opt/ChibiOS/ChibiOS_2.4.4/os/kernel/include/chthreads.h"
ARM GAS  /tmp/cc7CAeyK.s 			page 4


 170              		.file 6 "/opt/ChibiOS/ChibiOS_2.4.4/os/ports/GCC/ARMCMx/chcore_v7m.h"
 171              		.file 7 "/opt/ChibiOS/ChibiOS_2.4.4/os/kernel/include/chmtx.h"
 172              		.file 8 "/opt/ChibiOS/ChibiOS_2.4.4/os/hal/platforms/STM32F4xx/stm32f4xx.h"
 173              		.file 9 "/opt/ChibiOS/ChibiOS_2.4.4/os/hal/platforms/STM32F4xx/stm32_dma.h"
 174              		.file 10 "/opt/ChibiOS/ChibiOS_2.4.4/os/hal/platforms/STM32/GPIOv2/pal_lld.h"
 175              		.file 11 "/opt/ChibiOS/ChibiOS_2.4.4/os/hal/include/spi.h"
 176              		.file 12 "/opt/ChibiOS/ChibiOS_2.4.4/os/hal/platforms/STM32/spi_lld.h"
 177              		.file 13 "/opt/ChibiOS/ChibiOS_2.4.4/os/ports/common/ARMCMx/CMSIS/include/core_cm4.h"
 178              		.section	.debug_info,"",%progbits
 179              	.Ldebug_info0:
 180 0000 D6080000 		.4byte	0x8d6
 181 0004 0200     		.2byte	0x2
 182 0006 00000000 		.4byte	.Ldebug_abbrev0
 183 000a 04       		.byte	0x4
 184 000b 01       		.uleb128 0x1
 185 000c 1D030000 		.4byte	.LASF113
 186 0010 01       		.byte	0x1
 187 0011 E5030000 		.4byte	.LASF114
 188 0015 00000000 		.4byte	0
 189 0019 00000000 		.4byte	0
 190 001d 00000000 		.4byte	.Ldebug_ranges0+0
 191 0021 00000000 		.4byte	.Ldebug_line0
 192 0025 02       		.uleb128 0x2
 193 0026 04       		.byte	0x4
 194 0027 05       		.byte	0x5
 195 0028 696E7400 		.ascii	"int\000"
 196 002c 03       		.uleb128 0x3
 197 002d 04       		.byte	0x4
 198 002e 07       		.byte	0x7
 199 002f 86010000 		.4byte	.LASF0
 200 0033 03       		.uleb128 0x3
 201 0034 01       		.byte	0x1
 202 0035 06       		.byte	0x6
 203 0036 CA000000 		.4byte	.LASF1
 204 003a 04       		.uleb128 0x4
 205 003b 16040000 		.4byte	.LASF4
 206 003f 02       		.byte	0x2
 207 0040 2A       		.byte	0x2a
 208 0041 45000000 		.4byte	0x45
 209 0045 03       		.uleb128 0x3
 210 0046 01       		.byte	0x1
 211 0047 08       		.byte	0x8
 212 0048 98020000 		.4byte	.LASF2
 213 004c 03       		.uleb128 0x3
 214 004d 02       		.byte	0x2
 215 004e 05       		.byte	0x5
 216 004f C3020000 		.4byte	.LASF3
 217 0053 04       		.uleb128 0x4
 218 0054 13010000 		.4byte	.LASF5
 219 0058 02       		.byte	0x2
 220 0059 36       		.byte	0x36
 221 005a 5E000000 		.4byte	0x5e
 222 005e 03       		.uleb128 0x3
 223 005f 02       		.byte	0x2
 224 0060 07       		.byte	0x7
 225 0061 B0010000 		.4byte	.LASF6
 226 0065 04       		.uleb128 0x4
ARM GAS  /tmp/cc7CAeyK.s 			page 5


 227 0066 90020000 		.4byte	.LASF7
 228 006a 02       		.byte	0x2
 229 006b 4F       		.byte	0x4f
 230 006c 70000000 		.4byte	0x70
 231 0070 03       		.uleb128 0x3
 232 0071 04       		.byte	0x4
 233 0072 05       		.byte	0x5
 234 0073 FA000000 		.4byte	.LASF8
 235 0077 04       		.uleb128 0x4
 236 0078 0C030000 		.4byte	.LASF9
 237 007c 02       		.byte	0x2
 238 007d 50       		.byte	0x50
 239 007e 82000000 		.4byte	0x82
 240 0082 03       		.uleb128 0x3
 241 0083 04       		.byte	0x4
 242 0084 07       		.byte	0x7
 243 0085 29030000 		.4byte	.LASF10
 244 0089 03       		.uleb128 0x3
 245 008a 08       		.byte	0x8
 246 008b 05       		.byte	0x5
 247 008c BC000000 		.4byte	.LASF11
 248 0090 03       		.uleb128 0x3
 249 0091 08       		.byte	0x8
 250 0092 07       		.byte	0x7
 251 0093 38000000 		.4byte	.LASF12
 252 0097 04       		.uleb128 0x4
 253 0098 C9010000 		.4byte	.LASF13
 254 009c 03       		.byte	0x3
 255 009d 2F       		.byte	0x2f
 256 009e 3A000000 		.4byte	0x3a
 257 00a2 04       		.uleb128 0x4
 258 00a3 03010000 		.4byte	.LASF14
 259 00a7 03       		.byte	0x3
 260 00a8 30       		.byte	0x30
 261 00a9 3A000000 		.4byte	0x3a
 262 00ad 04       		.uleb128 0x4
 263 00ae 15030000 		.4byte	.LASF15
 264 00b2 03       		.byte	0x3
 265 00b3 31       		.byte	0x31
 266 00b4 3A000000 		.4byte	0x3a
 267 00b8 04       		.uleb128 0x4
 268 00b9 82020000 		.4byte	.LASF16
 269 00bd 03       		.byte	0x3
 270 00be 32       		.byte	0x32
 271 00bf 77000000 		.4byte	0x77
 272 00c3 04       		.uleb128 0x4
 273 00c4 C3010000 		.4byte	.LASF17
 274 00c8 03       		.byte	0x3
 275 00c9 33       		.byte	0x33
 276 00ca 65000000 		.4byte	0x65
 277 00ce 04       		.uleb128 0x4
 278 00cf DD010000 		.4byte	.LASF18
 279 00d3 03       		.byte	0x3
 280 00d4 35       		.byte	0x35
 281 00d5 77000000 		.4byte	0x77
 282 00d9 04       		.uleb128 0x4
 283 00da 72030000 		.4byte	.LASF19
ARM GAS  /tmp/cc7CAeyK.s 			page 6


 284 00de 03       		.byte	0x3
 285 00df 36       		.byte	0x36
 286 00e0 77000000 		.4byte	0x77
 287 00e4 04       		.uleb128 0x4
 288 00e5 EB020000 		.4byte	.LASF20
 289 00e9 04       		.byte	0x4
 290 00ea 2A       		.byte	0x2a
 291 00eb EF000000 		.4byte	0xef
 292 00ef 05       		.uleb128 0x5
 293 00f0 EB020000 		.4byte	.LASF20
 294 00f4 48       		.byte	0x48
 295 00f5 05       		.byte	0x5
 296 00f6 5E       		.byte	0x5e
 297 00f7 06020000 		.4byte	0x206
 298 00fb 06       		.uleb128 0x6
 299 00fc DC020000 		.4byte	.LASF21
 300 0100 05       		.byte	0x5
 301 0101 5F       		.byte	0x5f
 302 0102 2B020000 		.4byte	0x22b
 303 0106 02       		.byte	0x2
 304 0107 23       		.byte	0x23
 305 0108 00       		.uleb128 0
 306 0109 06       		.uleb128 0x6
 307 010a 5D020000 		.4byte	.LASF22
 308 010e 05       		.byte	0x5
 309 010f 61       		.byte	0x61
 310 0110 2B020000 		.4byte	0x22b
 311 0114 02       		.byte	0x2
 312 0115 23       		.byte	0x23
 313 0116 04       		.uleb128 0x4
 314 0117 06       		.uleb128 0x6
 315 0118 AF000000 		.4byte	.LASF23
 316 011c 05       		.byte	0x5
 317 011d 63       		.byte	0x63
 318 011e B8000000 		.4byte	0xb8
 319 0122 02       		.byte	0x2
 320 0123 23       		.byte	0x23
 321 0124 08       		.uleb128 0x8
 322 0125 06       		.uleb128 0x6
 323 0126 49040000 		.4byte	.LASF24
 324 012a 05       		.byte	0x5
 325 012b 64       		.byte	0x64
 326 012c F8020000 		.4byte	0x2f8
 327 0130 02       		.byte	0x2
 328 0131 23       		.byte	0x23
 329 0132 0C       		.uleb128 0xc
 330 0133 06       		.uleb128 0x6
 331 0134 23010000 		.4byte	.LASF25
 332 0138 05       		.byte	0x5
 333 0139 66       		.byte	0x66
 334 013a 2B020000 		.4byte	0x22b
 335 013e 02       		.byte	0x2
 336 013f 23       		.byte	0x23
 337 0140 10       		.uleb128 0x10
 338 0141 06       		.uleb128 0x6
 339 0142 FB010000 		.4byte	.LASF26
 340 0146 05       		.byte	0x5
ARM GAS  /tmp/cc7CAeyK.s 			page 7


 341 0147 67       		.byte	0x67
 342 0148 2B020000 		.4byte	0x22b
 343 014c 02       		.byte	0x2
 344 014d 23       		.byte	0x23
 345 014e 14       		.uleb128 0x14
 346 014f 06       		.uleb128 0x6
 347 0150 2A040000 		.4byte	.LASF27
 348 0154 05       		.byte	0x5
 349 0155 6E       		.byte	0x6e
 350 0156 A2030000 		.4byte	0x3a2
 351 015a 02       		.byte	0x2
 352 015b 23       		.byte	0x23
 353 015c 18       		.uleb128 0x18
 354 015d 06       		.uleb128 0x6
 355 015e CD020000 		.4byte	.LASF28
 356 0162 05       		.byte	0x5
 357 0163 79       		.byte	0x79
 358 0164 A2000000 		.4byte	0xa2
 359 0168 02       		.byte	0x2
 360 0169 23       		.byte	0x23
 361 016a 1C       		.uleb128 0x1c
 362 016b 06       		.uleb128 0x6
 363 016c E3020000 		.4byte	.LASF29
 364 0170 05       		.byte	0x5
 365 0171 7D       		.byte	0x7d
 366 0172 97000000 		.4byte	0x97
 367 0176 02       		.byte	0x2
 368 0177 23       		.byte	0x23
 369 0178 1D       		.uleb128 0x1d
 370 0179 06       		.uleb128 0x6
 371 017a DE030000 		.4byte	.LASF30
 372 017e 05       		.byte	0x5
 373 017f 82       		.byte	0x82
 374 0180 AD000000 		.4byte	0xad
 375 0184 02       		.byte	0x2
 376 0185 23       		.byte	0x23
 377 0186 1E       		.uleb128 0x1e
 378 0187 06       		.uleb128 0x6
 379 0188 1C010000 		.4byte	.LASF31
 380 018c 05       		.byte	0x5
 381 018d 89       		.byte	0x89
 382 018e 20030000 		.4byte	0x320
 383 0192 02       		.byte	0x2
 384 0193 23       		.byte	0x23
 385 0194 20       		.uleb128 0x20
 386 0195 07       		.uleb128 0x7
 387 0196 705F7500 		.ascii	"p_u\000"
 388 019a 05       		.byte	0x5
 389 019b AE       		.byte	0xae
 390 019c 6D030000 		.4byte	0x36d
 391 01a0 02       		.byte	0x2
 392 01a1 23       		.byte	0x23
 393 01a2 24       		.uleb128 0x24
 394 01a3 06       		.uleb128 0x6
 395 01a4 4F040000 		.4byte	.LASF32
 396 01a8 05       		.byte	0x5
 397 01a9 B3       		.byte	0xb3
ARM GAS  /tmp/cc7CAeyK.s 			page 8


 398 01aa 53020000 		.4byte	0x253
 399 01ae 02       		.byte	0x2
 400 01af 23       		.byte	0x23
 401 01b0 28       		.uleb128 0x28
 402 01b1 06       		.uleb128 0x6
 403 01b2 99010000 		.4byte	.LASF33
 404 01b6 05       		.byte	0x5
 405 01b7 B9       		.byte	0xb9
 406 01b8 31020000 		.4byte	0x231
 407 01bc 02       		.byte	0x2
 408 01bd 23       		.byte	0x23
 409 01be 2C       		.uleb128 0x2c
 410 01bf 06       		.uleb128 0x6
 411 01c0 3B040000 		.4byte	.LASF34
 412 01c4 05       		.byte	0x5
 413 01c5 BD       		.byte	0xbd
 414 01c6 C3000000 		.4byte	0xc3
 415 01ca 02       		.byte	0x2
 416 01cb 23       		.byte	0x23
 417 01cc 34       		.uleb128 0x34
 418 01cd 06       		.uleb128 0x6
 419 01ce F2020000 		.4byte	.LASF35
 420 01d2 05       		.byte	0x5
 421 01d3 C3       		.byte	0xc3
 422 01d4 CE000000 		.4byte	0xce
 423 01d8 02       		.byte	0x2
 424 01d9 23       		.byte	0x23
 425 01da 38       		.uleb128 0x38
 426 01db 06       		.uleb128 0x6
 427 01dc B9020000 		.4byte	.LASF36
 428 01e0 05       		.byte	0x5
 429 01e1 CA       		.byte	0xca
 430 01e2 B4030000 		.4byte	0x3b4
 431 01e6 02       		.byte	0x2
 432 01e7 23       		.byte	0x23
 433 01e8 3C       		.uleb128 0x3c
 434 01e9 06       		.uleb128 0x6
 435 01ea 7C030000 		.4byte	.LASF37
 436 01ee 05       		.byte	0x5
 437 01ef CE       		.byte	0xce
 438 01f0 B8000000 		.4byte	0xb8
 439 01f4 02       		.byte	0x2
 440 01f5 23       		.byte	0x23
 441 01f6 40       		.uleb128 0x40
 442 01f7 06       		.uleb128 0x6
 443 01f8 57010000 		.4byte	.LASF38
 444 01fc 05       		.byte	0x5
 445 01fd D4       		.byte	0xd4
 446 01fe 69020000 		.4byte	0x269
 447 0202 02       		.byte	0x2
 448 0203 23       		.byte	0x23
 449 0204 44       		.uleb128 0x44
 450 0205 00       		.byte	0
 451 0206 08       		.uleb128 0x8
 452 0207 08       		.byte	0x8
 453 0208 04       		.byte	0x4
 454 0209 61       		.byte	0x61
ARM GAS  /tmp/cc7CAeyK.s 			page 9


 455 020a 2B020000 		.4byte	0x22b
 456 020e 06       		.uleb128 0x6
 457 020f DC020000 		.4byte	.LASF21
 458 0213 04       		.byte	0x4
 459 0214 62       		.byte	0x62
 460 0215 2B020000 		.4byte	0x22b
 461 0219 02       		.byte	0x2
 462 021a 23       		.byte	0x23
 463 021b 00       		.uleb128 0
 464 021c 06       		.uleb128 0x6
 465 021d 5D020000 		.4byte	.LASF22
 466 0221 04       		.byte	0x4
 467 0222 64       		.byte	0x64
 468 0223 2B020000 		.4byte	0x22b
 469 0227 02       		.byte	0x2
 470 0228 23       		.byte	0x23
 471 0229 04       		.uleb128 0x4
 472 022a 00       		.byte	0
 473 022b 09       		.uleb128 0x9
 474 022c 04       		.byte	0x4
 475 022d E4000000 		.4byte	0xe4
 476 0231 04       		.uleb128 0x4
 477 0232 03020000 		.4byte	.LASF39
 478 0236 04       		.byte	0x4
 479 0237 66       		.byte	0x66
 480 0238 06020000 		.4byte	0x206
 481 023c 08       		.uleb128 0x8
 482 023d 04       		.byte	0x4
 483 023e 04       		.byte	0x4
 484 023f 6B       		.byte	0x6b
 485 0240 53020000 		.4byte	0x253
 486 0244 06       		.uleb128 0x6
 487 0245 DC020000 		.4byte	.LASF21
 488 0249 04       		.byte	0x4
 489 024a 6D       		.byte	0x6d
 490 024b 2B020000 		.4byte	0x22b
 491 024f 02       		.byte	0x2
 492 0250 23       		.byte	0x23
 493 0251 00       		.uleb128 0
 494 0252 00       		.byte	0
 495 0253 04       		.uleb128 0x4
 496 0254 D1010000 		.4byte	.LASF40
 497 0258 04       		.byte	0x4
 498 0259 70       		.byte	0x70
 499 025a 3C020000 		.4byte	0x23c
 500 025e 04       		.uleb128 0x4
 501 025f 5F010000 		.4byte	.LASF41
 502 0263 06       		.byte	0x6
 503 0264 D7       		.byte	0xd7
 504 0265 69020000 		.4byte	0x269
 505 0269 0A       		.uleb128 0xa
 506 026a 04       		.byte	0x4
 507 026b 05       		.uleb128 0x5
 508 026c B2030000 		.4byte	.LASF42
 509 0270 24       		.byte	0x24
 510 0271 06       		.byte	0x6
 511 0272 FE       		.byte	0xfe
ARM GAS  /tmp/cc7CAeyK.s 			page 10


 512 0273 F8020000 		.4byte	0x2f8
 513 0277 0B       		.uleb128 0xb
 514 0278 723400   		.ascii	"r4\000"
 515 027b 06       		.byte	0x6
 516 027c 1101     		.2byte	0x111
 517 027e 5E020000 		.4byte	0x25e
 518 0282 02       		.byte	0x2
 519 0283 23       		.byte	0x23
 520 0284 00       		.uleb128 0
 521 0285 0B       		.uleb128 0xb
 522 0286 723500   		.ascii	"r5\000"
 523 0289 06       		.byte	0x6
 524 028a 1201     		.2byte	0x112
 525 028c 5E020000 		.4byte	0x25e
 526 0290 02       		.byte	0x2
 527 0291 23       		.byte	0x23
 528 0292 04       		.uleb128 0x4
 529 0293 0B       		.uleb128 0xb
 530 0294 723600   		.ascii	"r6\000"
 531 0297 06       		.byte	0x6
 532 0298 1301     		.2byte	0x113
 533 029a 5E020000 		.4byte	0x25e
 534 029e 02       		.byte	0x2
 535 029f 23       		.byte	0x23
 536 02a0 08       		.uleb128 0x8
 537 02a1 0B       		.uleb128 0xb
 538 02a2 723700   		.ascii	"r7\000"
 539 02a5 06       		.byte	0x6
 540 02a6 1401     		.2byte	0x114
 541 02a8 5E020000 		.4byte	0x25e
 542 02ac 02       		.byte	0x2
 543 02ad 23       		.byte	0x23
 544 02ae 0C       		.uleb128 0xc
 545 02af 0B       		.uleb128 0xb
 546 02b0 723800   		.ascii	"r8\000"
 547 02b3 06       		.byte	0x6
 548 02b4 1501     		.2byte	0x115
 549 02b6 5E020000 		.4byte	0x25e
 550 02ba 02       		.byte	0x2
 551 02bb 23       		.byte	0x23
 552 02bc 10       		.uleb128 0x10
 553 02bd 0B       		.uleb128 0xb
 554 02be 723900   		.ascii	"r9\000"
 555 02c1 06       		.byte	0x6
 556 02c2 1601     		.2byte	0x116
 557 02c4 5E020000 		.4byte	0x25e
 558 02c8 02       		.byte	0x2
 559 02c9 23       		.byte	0x23
 560 02ca 14       		.uleb128 0x14
 561 02cb 0B       		.uleb128 0xb
 562 02cc 72313000 		.ascii	"r10\000"
 563 02d0 06       		.byte	0x6
 564 02d1 1701     		.2byte	0x117
 565 02d3 5E020000 		.4byte	0x25e
 566 02d7 02       		.byte	0x2
 567 02d8 23       		.byte	0x23
 568 02d9 18       		.uleb128 0x18
ARM GAS  /tmp/cc7CAeyK.s 			page 11


 569 02da 0B       		.uleb128 0xb
 570 02db 72313100 		.ascii	"r11\000"
 571 02df 06       		.byte	0x6
 572 02e0 1801     		.2byte	0x118
 573 02e2 5E020000 		.4byte	0x25e
 574 02e6 02       		.byte	0x2
 575 02e7 23       		.byte	0x23
 576 02e8 1C       		.uleb128 0x1c
 577 02e9 0B       		.uleb128 0xb
 578 02ea 6C7200   		.ascii	"lr\000"
 579 02ed 06       		.byte	0x6
 580 02ee 1901     		.2byte	0x119
 581 02f0 5E020000 		.4byte	0x25e
 582 02f4 02       		.byte	0x2
 583 02f5 23       		.byte	0x23
 584 02f6 20       		.uleb128 0x20
 585 02f7 00       		.byte	0
 586 02f8 0C       		.uleb128 0xc
 587 02f9 AA030000 		.4byte	.LASF43
 588 02fd 04       		.byte	0x4
 589 02fe 06       		.byte	0x6
 590 02ff 2301     		.2byte	0x123
 591 0301 15030000 		.4byte	0x315
 592 0305 0B       		.uleb128 0xb
 593 0306 72313300 		.ascii	"r13\000"
 594 030a 06       		.byte	0x6
 595 030b 2401     		.2byte	0x124
 596 030d 15030000 		.4byte	0x315
 597 0311 02       		.byte	0x2
 598 0312 23       		.byte	0x23
 599 0313 00       		.uleb128 0
 600 0314 00       		.byte	0
 601 0315 09       		.uleb128 0x9
 602 0316 04       		.byte	0x4
 603 0317 6B020000 		.4byte	0x26b
 604 031b 0D       		.uleb128 0xd
 605 031c 77000000 		.4byte	0x77
 606 0320 0D       		.uleb128 0xd
 607 0321 D9000000 		.4byte	0xd9
 608 0325 05       		.uleb128 0x5
 609 0326 F5010000 		.4byte	.LASF44
 610 032a 10       		.byte	0x10
 611 032b 07       		.byte	0x7
 612 032c 2C       		.byte	0x2c
 613 032d 5C030000 		.4byte	0x35c
 614 0331 06       		.uleb128 0x6
 615 0332 EC000000 		.4byte	.LASF45
 616 0336 07       		.byte	0x7
 617 0337 2D       		.byte	0x2d
 618 0338 31020000 		.4byte	0x231
 619 033c 02       		.byte	0x2
 620 033d 23       		.byte	0x23
 621 033e 00       		.uleb128 0
 622 033f 06       		.uleb128 0x6
 623 0340 41040000 		.4byte	.LASF46
 624 0344 07       		.byte	0x7
 625 0345 2F       		.byte	0x2f
ARM GAS  /tmp/cc7CAeyK.s 			page 12


 626 0346 2B020000 		.4byte	0x22b
 627 034a 02       		.byte	0x2
 628 034b 23       		.byte	0x23
 629 034c 08       		.uleb128 0x8
 630 034d 06       		.uleb128 0x6
 631 034e 6B030000 		.4byte	.LASF47
 632 0352 07       		.byte	0x7
 633 0353 31       		.byte	0x31
 634 0354 5C030000 		.4byte	0x35c
 635 0358 02       		.byte	0x2
 636 0359 23       		.byte	0x23
 637 035a 0C       		.uleb128 0xc
 638 035b 00       		.byte	0
 639 035c 09       		.uleb128 0x9
 640 035d 04       		.byte	0x4
 641 035e 25030000 		.4byte	0x325
 642 0362 04       		.uleb128 0x4
 643 0363 F5010000 		.4byte	.LASF44
 644 0367 07       		.byte	0x7
 645 0368 33       		.byte	0x33
 646 0369 25030000 		.4byte	0x325
 647 036d 0E       		.uleb128 0xe
 648 036e 04       		.byte	0x4
 649 036f 05       		.byte	0x5
 650 0370 90       		.byte	0x90
 651 0371 A2030000 		.4byte	0x3a2
 652 0375 0F       		.uleb128 0xf
 653 0376 12000000 		.4byte	.LASF48
 654 037a 05       		.byte	0x5
 655 037b 97       		.byte	0x97
 656 037c C3000000 		.4byte	0xc3
 657 0380 0F       		.uleb128 0xf
 658 0381 65000000 		.4byte	.LASF49
 659 0385 05       		.byte	0x5
 660 0386 9E       		.byte	0x9e
 661 0387 C3000000 		.4byte	0xc3
 662 038b 0F       		.uleb128 0xf
 663 038c 23040000 		.4byte	.LASF50
 664 0390 05       		.byte	0x5
 665 0391 A5       		.byte	0xa5
 666 0392 69020000 		.4byte	0x269
 667 0396 0F       		.uleb128 0xf
 668 0397 D5020000 		.4byte	.LASF51
 669 039b 05       		.byte	0x5
 670 039c AC       		.byte	0xac
 671 039d CE000000 		.4byte	0xce
 672 03a1 00       		.byte	0
 673 03a2 09       		.uleb128 0x9
 674 03a3 04       		.byte	0x4
 675 03a4 A8030000 		.4byte	0x3a8
 676 03a8 10       		.uleb128 0x10
 677 03a9 AD030000 		.4byte	0x3ad
 678 03ad 03       		.uleb128 0x3
 679 03ae 01       		.byte	0x1
 680 03af 08       		.byte	0x8
 681 03b0 47030000 		.4byte	.LASF52
 682 03b4 09       		.uleb128 0x9
ARM GAS  /tmp/cc7CAeyK.s 			page 13


 683 03b5 04       		.byte	0x4
 684 03b6 62030000 		.4byte	0x362
 685 03ba 0D       		.uleb128 0xd
 686 03bb 53000000 		.4byte	0x53
 687 03bf 0D       		.uleb128 0xd
 688 03c0 65000000 		.4byte	0x65
 689 03c4 11       		.uleb128 0x11
 690 03c5 18       		.byte	0x18
 691 03c6 08       		.byte	0x8
 692 03c7 D301     		.2byte	0x1d3
 693 03c9 27040000 		.4byte	0x427
 694 03cd 0B       		.uleb128 0xb
 695 03ce 435200   		.ascii	"CR\000"
 696 03d1 08       		.byte	0x8
 697 03d2 D501     		.2byte	0x1d5
 698 03d4 1B030000 		.4byte	0x31b
 699 03d8 02       		.byte	0x2
 700 03d9 23       		.byte	0x23
 701 03da 00       		.uleb128 0
 702 03db 12       		.uleb128 0x12
 703 03dc 87030000 		.4byte	.LASF53
 704 03e0 08       		.byte	0x8
 705 03e1 D601     		.2byte	0x1d6
 706 03e3 1B030000 		.4byte	0x31b
 707 03e7 02       		.byte	0x2
 708 03e8 23       		.byte	0x23
 709 03e9 04       		.uleb128 0x4
 710 03ea 0B       		.uleb128 0xb
 711 03eb 50415200 		.ascii	"PAR\000"
 712 03ef 08       		.byte	0x8
 713 03f0 D701     		.2byte	0x1d7
 714 03f2 1B030000 		.4byte	0x31b
 715 03f6 02       		.byte	0x2
 716 03f7 23       		.byte	0x23
 717 03f8 08       		.uleb128 0x8
 718 03f9 12       		.uleb128 0x12
 719 03fa 06000000 		.4byte	.LASF54
 720 03fe 08       		.byte	0x8
 721 03ff D801     		.2byte	0x1d8
 722 0401 1B030000 		.4byte	0x31b
 723 0405 02       		.byte	0x2
 724 0406 23       		.byte	0x23
 725 0407 0C       		.uleb128 0xc
 726 0408 12       		.uleb128 0x12
 727 0409 B9030000 		.4byte	.LASF55
 728 040d 08       		.byte	0x8
 729 040e D901     		.2byte	0x1d9
 730 0410 1B030000 		.4byte	0x31b
 731 0414 02       		.byte	0x2
 732 0415 23       		.byte	0x23
 733 0416 10       		.uleb128 0x10
 734 0417 0B       		.uleb128 0xb
 735 0418 46435200 		.ascii	"FCR\000"
 736 041c 08       		.byte	0x8
 737 041d DA01     		.2byte	0x1da
 738 041f 1B030000 		.4byte	0x31b
 739 0423 02       		.byte	0x2
ARM GAS  /tmp/cc7CAeyK.s 			page 14


 740 0424 23       		.byte	0x23
 741 0425 14       		.uleb128 0x14
 742 0426 00       		.byte	0
 743 0427 13       		.uleb128 0x13
 744 0428 8C030000 		.4byte	.LASF56
 745 042c 08       		.byte	0x8
 746 042d DB01     		.2byte	0x1db
 747 042f C4030000 		.4byte	0x3c4
 748 0433 11       		.uleb128 0x11
 749 0434 24       		.byte	0x24
 750 0435 08       		.byte	0x8
 751 0436 4D03     		.2byte	0x34d
 752 0438 49050000 		.4byte	0x549
 753 043c 0B       		.uleb128 0xb
 754 043d 43523100 		.ascii	"CR1\000"
 755 0441 08       		.byte	0x8
 756 0442 4F03     		.2byte	0x34f
 757 0444 BA030000 		.4byte	0x3ba
 758 0448 02       		.byte	0x2
 759 0449 23       		.byte	0x23
 760 044a 00       		.uleb128 0
 761 044b 12       		.uleb128 0x12
 762 044c 2B020000 		.4byte	.LASF57
 763 0450 08       		.byte	0x8
 764 0451 5003     		.2byte	0x350
 765 0453 53000000 		.4byte	0x53
 766 0457 02       		.byte	0x2
 767 0458 23       		.byte	0x23
 768 0459 02       		.uleb128 0x2
 769 045a 0B       		.uleb128 0xb
 770 045b 43523200 		.ascii	"CR2\000"
 771 045f 08       		.byte	0x8
 772 0460 5103     		.2byte	0x351
 773 0462 BA030000 		.4byte	0x3ba
 774 0466 02       		.byte	0x2
 775 0467 23       		.byte	0x23
 776 0468 04       		.uleb128 0x4
 777 0469 12       		.uleb128 0x12
 778 046a 35020000 		.4byte	.LASF58
 779 046e 08       		.byte	0x8
 780 046f 5203     		.2byte	0x352
 781 0471 53000000 		.4byte	0x53
 782 0475 02       		.byte	0x2
 783 0476 23       		.byte	0x23
 784 0477 06       		.uleb128 0x6
 785 0478 0B       		.uleb128 0xb
 786 0479 535200   		.ascii	"SR\000"
 787 047c 08       		.byte	0x8
 788 047d 5303     		.2byte	0x353
 789 047f BA030000 		.4byte	0x3ba
 790 0483 02       		.byte	0x2
 791 0484 23       		.byte	0x23
 792 0485 08       		.uleb128 0x8
 793 0486 12       		.uleb128 0x12
 794 0487 3F020000 		.4byte	.LASF59
 795 048b 08       		.byte	0x8
 796 048c 5403     		.2byte	0x354
ARM GAS  /tmp/cc7CAeyK.s 			page 15


 797 048e 53000000 		.4byte	0x53
 798 0492 02       		.byte	0x2
 799 0493 23       		.byte	0x23
 800 0494 0A       		.uleb128 0xa
 801 0495 0B       		.uleb128 0xb
 802 0496 445200   		.ascii	"DR\000"
 803 0499 08       		.byte	0x8
 804 049a 5503     		.2byte	0x355
 805 049c BA030000 		.4byte	0x3ba
 806 04a0 02       		.byte	0x2
 807 04a1 23       		.byte	0x23
 808 04a2 0C       		.uleb128 0xc
 809 04a3 12       		.uleb128 0x12
 810 04a4 49020000 		.4byte	.LASF60
 811 04a8 08       		.byte	0x8
 812 04a9 5603     		.2byte	0x356
 813 04ab 53000000 		.4byte	0x53
 814 04af 02       		.byte	0x2
 815 04b0 23       		.byte	0x23
 816 04b1 0E       		.uleb128 0xe
 817 04b2 12       		.uleb128 0x12
 818 04b3 59000000 		.4byte	.LASF61
 819 04b7 08       		.byte	0x8
 820 04b8 5703     		.2byte	0x357
 821 04ba BA030000 		.4byte	0x3ba
 822 04be 02       		.byte	0x2
 823 04bf 23       		.byte	0x23
 824 04c0 10       		.uleb128 0x10
 825 04c1 12       		.uleb128 0x12
 826 04c2 53020000 		.4byte	.LASF62
 827 04c6 08       		.byte	0x8
 828 04c7 5803     		.2byte	0x358
 829 04c9 53000000 		.4byte	0x53
 830 04cd 02       		.byte	0x2
 831 04ce 23       		.byte	0x23
 832 04cf 12       		.uleb128 0x12
 833 04d0 12       		.uleb128 0x12
 834 04d1 0B000000 		.4byte	.LASF63
 835 04d5 08       		.byte	0x8
 836 04d6 5903     		.2byte	0x359
 837 04d8 BA030000 		.4byte	0x3ba
 838 04dc 02       		.byte	0x2
 839 04dd 23       		.byte	0x23
 840 04de 14       		.uleb128 0x14
 841 04df 12       		.uleb128 0x12
 842 04e0 02030000 		.4byte	.LASF64
 843 04e4 08       		.byte	0x8
 844 04e5 5A03     		.2byte	0x35a
 845 04e7 53000000 		.4byte	0x53
 846 04eb 02       		.byte	0x2
 847 04ec 23       		.byte	0x23
 848 04ed 16       		.uleb128 0x16
 849 04ee 12       		.uleb128 0x12
 850 04ef 24020000 		.4byte	.LASF65
 851 04f3 08       		.byte	0x8
 852 04f4 5B03     		.2byte	0x35b
 853 04f6 BA030000 		.4byte	0x3ba
ARM GAS  /tmp/cc7CAeyK.s 			page 16


 854 04fa 02       		.byte	0x2
 855 04fb 23       		.byte	0x23
 856 04fc 18       		.uleb128 0x18
 857 04fd 12       		.uleb128 0x12
 858 04fe 64020000 		.4byte	.LASF66
 859 0502 08       		.byte	0x8
 860 0503 5C03     		.2byte	0x35c
 861 0505 53000000 		.4byte	0x53
 862 0509 02       		.byte	0x2
 863 050a 23       		.byte	0x23
 864 050b 1A       		.uleb128 0x1a
 865 050c 12       		.uleb128 0x12
 866 050d E4000000 		.4byte	.LASF67
 867 0511 08       		.byte	0x8
 868 0512 5D03     		.2byte	0x35d
 869 0514 BA030000 		.4byte	0x3ba
 870 0518 02       		.byte	0x2
 871 0519 23       		.byte	0x23
 872 051a 1C       		.uleb128 0x1c
 873 051b 12       		.uleb128 0x12
 874 051c 6E020000 		.4byte	.LASF68
 875 0520 08       		.byte	0x8
 876 0521 5E03     		.2byte	0x35e
 877 0523 53000000 		.4byte	0x53
 878 0527 02       		.byte	0x2
 879 0528 23       		.byte	0x23
 880 0529 1E       		.uleb128 0x1e
 881 052a 12       		.uleb128 0x12
 882 052b E9010000 		.4byte	.LASF69
 883 052f 08       		.byte	0x8
 884 0530 5F03     		.2byte	0x35f
 885 0532 BA030000 		.4byte	0x3ba
 886 0536 02       		.byte	0x2
 887 0537 23       		.byte	0x23
 888 0538 20       		.uleb128 0x20
 889 0539 12       		.uleb128 0x12
 890 053a 78020000 		.4byte	.LASF70
 891 053e 08       		.byte	0x8
 892 053f 6003     		.2byte	0x360
 893 0541 53000000 		.4byte	0x53
 894 0545 02       		.byte	0x2
 895 0546 23       		.byte	0x23
 896 0547 22       		.uleb128 0x22
 897 0548 00       		.byte	0
 898 0549 13       		.uleb128 0x13
 899 054a 3B030000 		.4byte	.LASF71
 900 054e 08       		.byte	0x8
 901 054f 6103     		.2byte	0x361
 902 0551 33040000 		.4byte	0x433
 903 0555 08       		.uleb128 0x8
 904 0556 0C       		.byte	0xc
 905 0557 09       		.byte	0x9
 906 0558 E5       		.byte	0xe5
 907 0559 A4050000 		.4byte	0x5a4
 908 055d 06       		.uleb128 0x6
 909 055e 2B000000 		.4byte	.LASF72
 910 0562 09       		.byte	0x9
ARM GAS  /tmp/cc7CAeyK.s 			page 17


 911 0563 E6       		.byte	0xe6
 912 0564 A4050000 		.4byte	0x5a4
 913 0568 02       		.byte	0x2
 914 0569 23       		.byte	0x23
 915 056a 00       		.uleb128 0
 916 056b 06       		.uleb128 0x6
 917 056c FD020000 		.4byte	.LASF73
 918 0570 09       		.byte	0x9
 919 0571 E7       		.byte	0xe7
 920 0572 AA050000 		.4byte	0x5aa
 921 0576 02       		.byte	0x2
 922 0577 23       		.byte	0x23
 923 0578 04       		.uleb128 0x4
 924 0579 06       		.uleb128 0x6
 925 057a A9010000 		.4byte	.LASF74
 926 057e 09       		.byte	0x9
 927 057f E8       		.byte	0xe8
 928 0580 3A000000 		.4byte	0x3a
 929 0584 02       		.byte	0x2
 930 0585 23       		.byte	0x23
 931 0586 08       		.uleb128 0x8
 932 0587 06       		.uleb128 0x6
 933 0588 68010000 		.4byte	.LASF75
 934 058c 09       		.byte	0x9
 935 058d EA       		.byte	0xea
 936 058e 3A000000 		.4byte	0x3a
 937 0592 02       		.byte	0x2
 938 0593 23       		.byte	0x23
 939 0594 09       		.uleb128 0x9
 940 0595 06       		.uleb128 0x6
 941 0596 6E000000 		.4byte	.LASF76
 942 059a 09       		.byte	0x9
 943 059b EB       		.byte	0xeb
 944 059c 3A000000 		.4byte	0x3a
 945 05a0 02       		.byte	0x2
 946 05a1 23       		.byte	0x23
 947 05a2 0A       		.uleb128 0xa
 948 05a3 00       		.byte	0
 949 05a4 09       		.uleb128 0x9
 950 05a5 04       		.byte	0x4
 951 05a6 27040000 		.4byte	0x427
 952 05aa 09       		.uleb128 0x9
 953 05ab 04       		.byte	0x4
 954 05ac 1B030000 		.4byte	0x31b
 955 05b0 04       		.uleb128 0x4
 956 05b1 A6020000 		.4byte	.LASF77
 957 05b5 09       		.byte	0x9
 958 05b6 EC       		.byte	0xec
 959 05b7 55050000 		.4byte	0x555
 960 05bb 08       		.uleb128 0x8
 961 05bc 04       		.byte	0x4
 962 05bd 0A       		.byte	0xa
 963 05be 9D       		.byte	0x9d
 964 05bf E0050000 		.4byte	0x5e0
 965 05c3 07       		.uleb128 0x7
 966 05c4 73657400 		.ascii	"set\000"
 967 05c8 0A       		.byte	0xa
ARM GAS  /tmp/cc7CAeyK.s 			page 18


 968 05c9 9E       		.byte	0x9e
 969 05ca 53000000 		.4byte	0x53
 970 05ce 02       		.byte	0x2
 971 05cf 23       		.byte	0x23
 972 05d0 00       		.uleb128 0
 973 05d1 06       		.uleb128 0x6
 974 05d2 EF010000 		.4byte	.LASF78
 975 05d6 0A       		.byte	0xa
 976 05d7 9F       		.byte	0x9f
 977 05d8 53000000 		.4byte	0x53
 978 05dc 02       		.byte	0x2
 979 05dd 23       		.byte	0x23
 980 05de 02       		.uleb128 0x2
 981 05df 00       		.byte	0
 982 05e0 0E       		.uleb128 0xe
 983 05e1 04       		.byte	0x4
 984 05e2 0A       		.byte	0xa
 985 05e3 9B       		.byte	0x9b
 986 05e4 FB050000 		.4byte	0x5fb
 987 05e8 14       		.uleb128 0x14
 988 05e9 5700     		.ascii	"W\000"
 989 05eb 0A       		.byte	0xa
 990 05ec 9C       		.byte	0x9c
 991 05ed 77000000 		.4byte	0x77
 992 05f1 14       		.uleb128 0x14
 993 05f2 4800     		.ascii	"H\000"
 994 05f4 0A       		.byte	0xa
 995 05f5 A0       		.byte	0xa0
 996 05f6 BB050000 		.4byte	0x5bb
 997 05fa 00       		.byte	0
 998 05fb 08       		.uleb128 0x8
 999 05fc 28       		.byte	0x28
 1000 05fd 0A       		.byte	0xa
 1001 05fe 93       		.byte	0x93
 1002 05ff 90060000 		.4byte	0x690
 1003 0603 06       		.uleb128 0x6
 1004 0604 32000000 		.4byte	.LASF79
 1005 0608 0A       		.byte	0xa
 1006 0609 95       		.byte	0x95
 1007 060a 1B030000 		.4byte	0x31b
 1008 060e 02       		.byte	0x2
 1009 060f 23       		.byte	0x23
 1010 0610 00       		.uleb128 0
 1011 0611 06       		.uleb128 0x6
 1012 0612 19000000 		.4byte	.LASF80
 1013 0616 0A       		.byte	0xa
 1014 0617 96       		.byte	0x96
 1015 0618 1B030000 		.4byte	0x31b
 1016 061c 02       		.byte	0x2
 1017 061d 23       		.byte	0x23
 1018 061e 04       		.uleb128 0x4
 1019 061f 06       		.uleb128 0x6
 1020 0620 4F010000 		.4byte	.LASF81
 1021 0624 0A       		.byte	0xa
 1022 0625 97       		.byte	0x97
 1023 0626 1B030000 		.4byte	0x31b
 1024 062a 02       		.byte	0x2
ARM GAS  /tmp/cc7CAeyK.s 			page 19


 1025 062b 23       		.byte	0x23
 1026 062c 08       		.uleb128 0x8
 1027 062d 06       		.uleb128 0x6
 1028 062e 5F000000 		.4byte	.LASF82
 1029 0632 0A       		.byte	0xa
 1030 0633 98       		.byte	0x98
 1031 0634 1B030000 		.4byte	0x31b
 1032 0638 02       		.byte	0x2
 1033 0639 23       		.byte	0x23
 1034 063a 0C       		.uleb128 0xc
 1035 063b 07       		.uleb128 0x7
 1036 063c 49445200 		.ascii	"IDR\000"
 1037 0640 0A       		.byte	0xa
 1038 0641 99       		.byte	0x99
 1039 0642 1B030000 		.4byte	0x31b
 1040 0646 02       		.byte	0x2
 1041 0647 23       		.byte	0x23
 1042 0648 10       		.uleb128 0x10
 1043 0649 07       		.uleb128 0x7
 1044 064a 4F445200 		.ascii	"ODR\000"
 1045 064e 0A       		.byte	0xa
 1046 064f 9A       		.byte	0x9a
 1047 0650 1B030000 		.4byte	0x31b
 1048 0654 02       		.byte	0x2
 1049 0655 23       		.byte	0x23
 1050 0656 14       		.uleb128 0x14
 1051 0657 06       		.uleb128 0x6
 1052 0658 D6000000 		.4byte	.LASF83
 1053 065c 0A       		.byte	0xa
 1054 065d A1       		.byte	0xa1
 1055 065e 90060000 		.4byte	0x690
 1056 0662 02       		.byte	0x2
 1057 0663 23       		.byte	0x23
 1058 0664 18       		.uleb128 0x18
 1059 0665 06       		.uleb128 0x6
 1060 0666 A4010000 		.4byte	.LASF84
 1061 066a 0A       		.byte	0xa
 1062 066b A2       		.byte	0xa2
 1063 066c 1B030000 		.4byte	0x31b
 1064 0670 02       		.byte	0x2
 1065 0671 23       		.byte	0x23
 1066 0672 1C       		.uleb128 0x1c
 1067 0673 06       		.uleb128 0x6
 1068 0674 1F020000 		.4byte	.LASF85
 1069 0678 0A       		.byte	0xa
 1070 0679 A3       		.byte	0xa3
 1071 067a 1B030000 		.4byte	0x31b
 1072 067e 02       		.byte	0x2
 1073 067f 23       		.byte	0x23
 1074 0680 20       		.uleb128 0x20
 1075 0681 06       		.uleb128 0x6
 1076 0682 1A020000 		.4byte	.LASF86
 1077 0686 0A       		.byte	0xa
 1078 0687 A4       		.byte	0xa4
 1079 0688 1B030000 		.4byte	0x31b
 1080 068c 02       		.byte	0x2
 1081 068d 23       		.byte	0x23
ARM GAS  /tmp/cc7CAeyK.s 			page 20


 1082 068e 24       		.uleb128 0x24
 1083 068f 00       		.byte	0
 1084 0690 0D       		.uleb128 0xd
 1085 0691 E0050000 		.4byte	0x5e0
 1086 0695 04       		.uleb128 0x4
 1087 0696 3C010000 		.4byte	.LASF87
 1088 069a 0A       		.byte	0xa
 1089 069b A5       		.byte	0xa5
 1090 069c FB050000 		.4byte	0x5fb
 1091 06a0 04       		.uleb128 0x4
 1092 06a1 9F030000 		.4byte	.LASF88
 1093 06a5 0A       		.byte	0xa
 1094 06a6 FC       		.byte	0xfc
 1095 06a7 AB060000 		.4byte	0x6ab
 1096 06ab 09       		.uleb128 0x9
 1097 06ac 04       		.byte	0x4
 1098 06ad 95060000 		.4byte	0x695
 1099 06b1 09       		.uleb128 0x9
 1100 06b2 04       		.byte	0x4
 1101 06b3 B7060000 		.4byte	0x6b7
 1102 06b7 10       		.uleb128 0x10
 1103 06b8 B0050000 		.4byte	0x5b0
 1104 06bc 15       		.uleb128 0x15
 1105 06bd 01       		.byte	0x1
 1106 06be 0B       		.byte	0xb
 1107 06bf 55       		.byte	0x55
 1108 06c0 E3060000 		.4byte	0x6e3
 1109 06c4 16       		.uleb128 0x16
 1110 06c5 BE030000 		.4byte	.LASF89
 1111 06c9 00       		.sleb128 0
 1112 06ca 16       		.uleb128 0x16
 1113 06cb DB000000 		.4byte	.LASF90
 1114 06cf 01       		.sleb128 1
 1115 06d0 16       		.uleb128 0x16
 1116 06d1 4F000000 		.4byte	.LASF91
 1117 06d5 02       		.sleb128 2
 1118 06d6 16       		.uleb128 0x16
 1119 06d7 20000000 		.4byte	.LASF92
 1120 06db 03       		.sleb128 3
 1121 06dc 16       		.uleb128 0x16
 1122 06dd 4C030000 		.4byte	.LASF93
 1123 06e1 04       		.sleb128 4
 1124 06e2 00       		.byte	0
 1125 06e3 04       		.uleb128 0x4
 1126 06e4 60030000 		.4byte	.LASF94
 1127 06e8 0B       		.byte	0xb
 1128 06e9 5B       		.byte	0x5b
 1129 06ea BC060000 		.4byte	0x6bc
 1130 06ee 13       		.uleb128 0x13
 1131 06ef 8B000000 		.4byte	.LASF95
 1132 06f3 0C       		.byte	0xc
 1133 06f4 0701     		.2byte	0x107
 1134 06f6 FA060000 		.4byte	0x6fa
 1135 06fa 0C       		.uleb128 0xc
 1136 06fb 8B000000 		.4byte	.LASF95
 1137 06ff 30       		.byte	0x30
 1138 0700 0C       		.byte	0xc
ARM GAS  /tmp/cc7CAeyK.s 			page 21


 1139 0701 2B01     		.2byte	0x12b
 1140 0703 8F070000 		.4byte	0x78f
 1141 0707 12       		.uleb128 0x12
 1142 0708 F4000000 		.4byte	.LASF96
 1143 070c 0C       		.byte	0xc
 1144 070d 2F01     		.2byte	0x12f
 1145 070f E3060000 		.4byte	0x6e3
 1146 0713 02       		.byte	0x2
 1147 0714 23       		.byte	0x23
 1148 0715 00       		.uleb128 0
 1149 0716 12       		.uleb128 0x12
 1150 0717 59030000 		.4byte	.LASF97
 1151 071b 0C       		.byte	0xc
 1152 071c 3301     		.2byte	0x133
 1153 071e 05080000 		.4byte	0x805
 1154 0722 02       		.byte	0x2
 1155 0723 23       		.byte	0x23
 1156 0724 04       		.uleb128 0x4
 1157 0725 12       		.uleb128 0x12
 1158 0726 0C010000 		.4byte	.LASF98
 1159 072a 0C       		.byte	0xc
 1160 072b 3801     		.2byte	0x138
 1161 072d 2B020000 		.4byte	0x22b
 1162 0731 02       		.byte	0x2
 1163 0732 23       		.byte	0x23
 1164 0733 08       		.uleb128 0x8
 1165 0734 12       		.uleb128 0x12
 1166 0735 8A020000 		.4byte	.LASF99
 1167 0739 0C       		.byte	0xc
 1168 073a 3F01     		.2byte	0x13f
 1169 073c 62030000 		.4byte	0x362
 1170 0740 02       		.byte	0x2
 1171 0741 23       		.byte	0x23
 1172 0742 0C       		.uleb128 0xc
 1173 0743 0B       		.uleb128 0xb
 1174 0744 73706900 		.ascii	"spi\000"
 1175 0748 0C       		.byte	0xc
 1176 0749 4B01     		.2byte	0x14b
 1177 074b 10080000 		.4byte	0x810
 1178 074f 02       		.byte	0x2
 1179 0750 23       		.byte	0x23
 1180 0751 1C       		.uleb128 0x1c
 1181 0752 12       		.uleb128 0x12
 1182 0753 00000000 		.4byte	.LASF100
 1183 0757 0C       		.byte	0xc
 1184 0758 4F01     		.2byte	0x14f
 1185 075a B1060000 		.4byte	0x6b1
 1186 075e 02       		.byte	0x2
 1187 075f 23       		.byte	0x23
 1188 0760 20       		.uleb128 0x20
 1189 0761 12       		.uleb128 0x12
 1190 0762 49010000 		.4byte	.LASF101
 1191 0766 0C       		.byte	0xc
 1192 0767 5301     		.2byte	0x153
 1193 0769 B1060000 		.4byte	0x6b1
 1194 076d 02       		.byte	0x2
 1195 076e 23       		.byte	0x23
ARM GAS  /tmp/cc7CAeyK.s 			page 22


 1196 076f 24       		.uleb128 0x24
 1197 0770 12       		.uleb128 0x12
 1198 0771 32010000 		.4byte	.LASF102
 1199 0775 0C       		.byte	0xc
 1200 0776 5701     		.2byte	0x157
 1201 0778 77000000 		.4byte	0x77
 1202 077c 02       		.byte	0x2
 1203 077d 23       		.byte	0x23
 1204 077e 28       		.uleb128 0x28
 1205 077f 12       		.uleb128 0x12
 1206 0780 10020000 		.4byte	.LASF103
 1207 0784 0C       		.byte	0xc
 1208 0785 5B01     		.2byte	0x15b
 1209 0787 77000000 		.4byte	0x77
 1210 078b 02       		.byte	0x2
 1211 078c 23       		.byte	0x23
 1212 078d 2C       		.uleb128 0x2c
 1213 078e 00       		.byte	0
 1214 078f 13       		.uleb128 0x13
 1215 0790 72010000 		.4byte	.LASF104
 1216 0794 0C       		.byte	0xc
 1217 0795 0F01     		.2byte	0x10f
 1218 0797 9B070000 		.4byte	0x79b
 1219 079b 09       		.uleb128 0x9
 1220 079c 04       		.byte	0x4
 1221 079d A1070000 		.4byte	0x7a1
 1222 07a1 17       		.uleb128 0x17
 1223 07a2 01       		.byte	0x1
 1224 07a3 AD070000 		.4byte	0x7ad
 1225 07a7 18       		.uleb128 0x18
 1226 07a8 AD070000 		.4byte	0x7ad
 1227 07ac 00       		.byte	0
 1228 07ad 09       		.uleb128 0x9
 1229 07ae 04       		.byte	0x4
 1230 07af EE060000 		.4byte	0x6ee
 1231 07b3 11       		.uleb128 0x11
 1232 07b4 0C       		.byte	0xc
 1233 07b5 0C       		.byte	0xc
 1234 07b6 1401     		.2byte	0x114
 1235 07b8 F9070000 		.4byte	0x7f9
 1236 07bc 12       		.uleb128 0x12
 1237 07bd 2B010000 		.4byte	.LASF105
 1238 07c1 0C       		.byte	0xc
 1239 07c2 1801     		.2byte	0x118
 1240 07c4 8F070000 		.4byte	0x78f
 1241 07c8 02       		.byte	0x2
 1242 07c9 23       		.byte	0x23
 1243 07ca 00       		.uleb128 0
 1244 07cb 12       		.uleb128 0x12
 1245 07cc 95000000 		.4byte	.LASF106
 1246 07d0 0C       		.byte	0xc
 1247 07d1 1D01     		.2byte	0x11d
 1248 07d3 A0060000 		.4byte	0x6a0
 1249 07d7 02       		.byte	0x2
 1250 07d8 23       		.byte	0x23
 1251 07d9 04       		.uleb128 0x4
 1252 07da 12       		.uleb128 0x12
ARM GAS  /tmp/cc7CAeyK.s 			page 23


 1253 07db B6000000 		.4byte	.LASF107
 1254 07df 0C       		.byte	0xc
 1255 07e0 2101     		.2byte	0x121
 1256 07e2 53000000 		.4byte	0x53
 1257 07e6 02       		.byte	0x2
 1258 07e7 23       		.byte	0x23
 1259 07e8 08       		.uleb128 0x8
 1260 07e9 0B       		.uleb128 0xb
 1261 07ea 63723100 		.ascii	"cr1\000"
 1262 07ee 0C       		.byte	0xc
 1263 07ef 2501     		.2byte	0x125
 1264 07f1 53000000 		.4byte	0x53
 1265 07f5 02       		.byte	0x2
 1266 07f6 23       		.byte	0x23
 1267 07f7 0A       		.uleb128 0xa
 1268 07f8 00       		.byte	0
 1269 07f9 13       		.uleb128 0x13
 1270 07fa 31040000 		.4byte	.LASF108
 1271 07fe 0C       		.byte	0xc
 1272 07ff 2601     		.2byte	0x126
 1273 0801 B3070000 		.4byte	0x7b3
 1274 0805 09       		.uleb128 0x9
 1275 0806 04       		.byte	0x4
 1276 0807 0B080000 		.4byte	0x80b
 1277 080b 10       		.uleb128 0x10
 1278 080c F9070000 		.4byte	0x7f9
 1279 0810 09       		.uleb128 0x9
 1280 0811 04       		.byte	0x4
 1281 0812 49050000 		.4byte	0x549
 1282 0816 19       		.uleb128 0x19
 1283 0817 01       		.byte	0x1
 1284 0818 C9030000 		.4byte	.LASF115
 1285 081c 01       		.byte	0x1
 1286 081d 33       		.byte	0x33
 1287 081e 01       		.byte	0x1
 1288 081f 3A000000 		.4byte	0x3a
 1289 0823 00000000 		.4byte	.LFB117
 1290 0827 3A000000 		.4byte	.LFE117
 1291 082b 00000000 		.4byte	.LLST0
 1292 082f 52080000 		.4byte	0x852
 1293 0833 1A       		.uleb128 0x1a
 1294 0834 1E040000 		.4byte	.LASF109
 1295 0838 01       		.byte	0x1
 1296 0839 33       		.byte	0x33
 1297 083a AD070000 		.4byte	0x7ad
 1298 083e 20000000 		.4byte	.LLST1
 1299 0842 1B       		.uleb128 0x1b
 1300 0843 72656700 		.ascii	"reg\000"
 1301 0847 01       		.byte	0x1
 1302 0848 33       		.byte	0x33
 1303 0849 3A000000 		.4byte	0x3a
 1304 084d 3E000000 		.4byte	.LLST2
 1305 0851 00       		.byte	0
 1306 0852 1C       		.uleb128 0x1c
 1307 0853 01       		.byte	0x1
 1308 0854 75000000 		.4byte	.LASF116
 1309 0858 01       		.byte	0x1
ARM GAS  /tmp/cc7CAeyK.s 			page 24


 1310 0859 45       		.byte	0x45
 1311 085a 01       		.byte	0x1
 1312 085b 00000000 		.4byte	.LFB118
 1313 085f 4A000000 		.4byte	.LFE118
 1314 0863 51000000 		.4byte	.LLST3
 1315 0867 99080000 		.4byte	0x899
 1316 086b 1A       		.uleb128 0x1a
 1317 086c 1E040000 		.4byte	.LASF109
 1318 0870 01       		.byte	0x1
 1319 0871 45       		.byte	0x45
 1320 0872 AD070000 		.4byte	0x7ad
 1321 0876 71000000 		.4byte	.LLST4
 1322 087a 1B       		.uleb128 0x1b
 1323 087b 72656700 		.ascii	"reg\000"
 1324 087f 01       		.byte	0x1
 1325 0880 45       		.byte	0x45
 1326 0881 3A000000 		.4byte	0x3a
 1327 0885 8F000000 		.4byte	.LLST5
 1328 0889 1A       		.uleb128 0x1a
 1329 088a 80010000 		.4byte	.LASF110
 1330 088e 01       		.byte	0x1
 1331 088f 45       		.byte	0x45
 1332 0890 3A000000 		.4byte	0x3a
 1333 0894 A2000000 		.4byte	.LLST6
 1334 0898 00       		.byte	0
 1335 0899 1D       		.uleb128 0x1d
 1336 089a 3A000000 		.4byte	0x3a
 1337 089e A9080000 		.4byte	0x8a9
 1338 08a2 1E       		.uleb128 0x1e
 1339 08a3 2C000000 		.4byte	0x2c
 1340 08a7 01       		.byte	0x1
 1341 08a8 00       		.byte	0
 1342 08a9 1F       		.uleb128 0x1f
 1343 08aa 93010000 		.4byte	.LASF111
 1344 08ae 01       		.byte	0x1
 1345 08af 28       		.byte	0x28
 1346 08b0 99080000 		.4byte	0x899
 1347 08b4 05       		.byte	0x5
 1348 08b5 03       		.byte	0x3
 1349 08b6 00000000 		.4byte	txbuf
 1350 08ba 1F       		.uleb128 0x1f
 1351 08bb A9000000 		.4byte	.LASF112
 1352 08bf 01       		.byte	0x1
 1353 08c0 29       		.byte	0x29
 1354 08c1 99080000 		.4byte	0x899
 1355 08c5 05       		.byte	0x5
 1356 08c6 03       		.byte	0x3
 1357 08c7 00000000 		.4byte	rxbuf
 1358 08cb 20       		.uleb128 0x20
 1359 08cc 9C000000 		.4byte	.LASF117
 1360 08d0 0D       		.byte	0xd
 1361 08d1 1A05     		.2byte	0x51a
 1362 08d3 BF030000 		.4byte	0x3bf
 1363 08d7 01       		.byte	0x1
 1364 08d8 01       		.byte	0x1
 1365 08d9 00       		.byte	0
 1366              		.section	.debug_abbrev,"",%progbits
ARM GAS  /tmp/cc7CAeyK.s 			page 25


 1367              	.Ldebug_abbrev0:
 1368 0000 01       		.uleb128 0x1
 1369 0001 11       		.uleb128 0x11
 1370 0002 01       		.byte	0x1
 1371 0003 25       		.uleb128 0x25
 1372 0004 0E       		.uleb128 0xe
 1373 0005 13       		.uleb128 0x13
 1374 0006 0B       		.uleb128 0xb
 1375 0007 03       		.uleb128 0x3
 1376 0008 0E       		.uleb128 0xe
 1377 0009 11       		.uleb128 0x11
 1378 000a 01       		.uleb128 0x1
 1379 000b 52       		.uleb128 0x52
 1380 000c 01       		.uleb128 0x1
 1381 000d 55       		.uleb128 0x55
 1382 000e 06       		.uleb128 0x6
 1383 000f 10       		.uleb128 0x10
 1384 0010 06       		.uleb128 0x6
 1385 0011 00       		.byte	0
 1386 0012 00       		.byte	0
 1387 0013 02       		.uleb128 0x2
 1388 0014 24       		.uleb128 0x24
 1389 0015 00       		.byte	0
 1390 0016 0B       		.uleb128 0xb
 1391 0017 0B       		.uleb128 0xb
 1392 0018 3E       		.uleb128 0x3e
 1393 0019 0B       		.uleb128 0xb
 1394 001a 03       		.uleb128 0x3
 1395 001b 08       		.uleb128 0x8
 1396 001c 00       		.byte	0
 1397 001d 00       		.byte	0
 1398 001e 03       		.uleb128 0x3
 1399 001f 24       		.uleb128 0x24
 1400 0020 00       		.byte	0
 1401 0021 0B       		.uleb128 0xb
 1402 0022 0B       		.uleb128 0xb
 1403 0023 3E       		.uleb128 0x3e
 1404 0024 0B       		.uleb128 0xb
 1405 0025 03       		.uleb128 0x3
 1406 0026 0E       		.uleb128 0xe
 1407 0027 00       		.byte	0
 1408 0028 00       		.byte	0
 1409 0029 04       		.uleb128 0x4
 1410 002a 16       		.uleb128 0x16
 1411 002b 00       		.byte	0
 1412 002c 03       		.uleb128 0x3
 1413 002d 0E       		.uleb128 0xe
 1414 002e 3A       		.uleb128 0x3a
 1415 002f 0B       		.uleb128 0xb
 1416 0030 3B       		.uleb128 0x3b
 1417 0031 0B       		.uleb128 0xb
 1418 0032 49       		.uleb128 0x49
 1419 0033 13       		.uleb128 0x13
 1420 0034 00       		.byte	0
 1421 0035 00       		.byte	0
 1422 0036 05       		.uleb128 0x5
 1423 0037 13       		.uleb128 0x13
ARM GAS  /tmp/cc7CAeyK.s 			page 26


 1424 0038 01       		.byte	0x1
 1425 0039 03       		.uleb128 0x3
 1426 003a 0E       		.uleb128 0xe
 1427 003b 0B       		.uleb128 0xb
 1428 003c 0B       		.uleb128 0xb
 1429 003d 3A       		.uleb128 0x3a
 1430 003e 0B       		.uleb128 0xb
 1431 003f 3B       		.uleb128 0x3b
 1432 0040 0B       		.uleb128 0xb
 1433 0041 01       		.uleb128 0x1
 1434 0042 13       		.uleb128 0x13
 1435 0043 00       		.byte	0
 1436 0044 00       		.byte	0
 1437 0045 06       		.uleb128 0x6
 1438 0046 0D       		.uleb128 0xd
 1439 0047 00       		.byte	0
 1440 0048 03       		.uleb128 0x3
 1441 0049 0E       		.uleb128 0xe
 1442 004a 3A       		.uleb128 0x3a
 1443 004b 0B       		.uleb128 0xb
 1444 004c 3B       		.uleb128 0x3b
 1445 004d 0B       		.uleb128 0xb
 1446 004e 49       		.uleb128 0x49
 1447 004f 13       		.uleb128 0x13
 1448 0050 38       		.uleb128 0x38
 1449 0051 0A       		.uleb128 0xa
 1450 0052 00       		.byte	0
 1451 0053 00       		.byte	0
 1452 0054 07       		.uleb128 0x7
 1453 0055 0D       		.uleb128 0xd
 1454 0056 00       		.byte	0
 1455 0057 03       		.uleb128 0x3
 1456 0058 08       		.uleb128 0x8
 1457 0059 3A       		.uleb128 0x3a
 1458 005a 0B       		.uleb128 0xb
 1459 005b 3B       		.uleb128 0x3b
 1460 005c 0B       		.uleb128 0xb
 1461 005d 49       		.uleb128 0x49
 1462 005e 13       		.uleb128 0x13
 1463 005f 38       		.uleb128 0x38
 1464 0060 0A       		.uleb128 0xa
 1465 0061 00       		.byte	0
 1466 0062 00       		.byte	0
 1467 0063 08       		.uleb128 0x8
 1468 0064 13       		.uleb128 0x13
 1469 0065 01       		.byte	0x1
 1470 0066 0B       		.uleb128 0xb
 1471 0067 0B       		.uleb128 0xb
 1472 0068 3A       		.uleb128 0x3a
 1473 0069 0B       		.uleb128 0xb
 1474 006a 3B       		.uleb128 0x3b
 1475 006b 0B       		.uleb128 0xb
 1476 006c 01       		.uleb128 0x1
 1477 006d 13       		.uleb128 0x13
 1478 006e 00       		.byte	0
 1479 006f 00       		.byte	0
 1480 0070 09       		.uleb128 0x9
ARM GAS  /tmp/cc7CAeyK.s 			page 27


 1481 0071 0F       		.uleb128 0xf
 1482 0072 00       		.byte	0
 1483 0073 0B       		.uleb128 0xb
 1484 0074 0B       		.uleb128 0xb
 1485 0075 49       		.uleb128 0x49
 1486 0076 13       		.uleb128 0x13
 1487 0077 00       		.byte	0
 1488 0078 00       		.byte	0
 1489 0079 0A       		.uleb128 0xa
 1490 007a 0F       		.uleb128 0xf
 1491 007b 00       		.byte	0
 1492 007c 0B       		.uleb128 0xb
 1493 007d 0B       		.uleb128 0xb
 1494 007e 00       		.byte	0
 1495 007f 00       		.byte	0
 1496 0080 0B       		.uleb128 0xb
 1497 0081 0D       		.uleb128 0xd
 1498 0082 00       		.byte	0
 1499 0083 03       		.uleb128 0x3
 1500 0084 08       		.uleb128 0x8
 1501 0085 3A       		.uleb128 0x3a
 1502 0086 0B       		.uleb128 0xb
 1503 0087 3B       		.uleb128 0x3b
 1504 0088 05       		.uleb128 0x5
 1505 0089 49       		.uleb128 0x49
 1506 008a 13       		.uleb128 0x13
 1507 008b 38       		.uleb128 0x38
 1508 008c 0A       		.uleb128 0xa
 1509 008d 00       		.byte	0
 1510 008e 00       		.byte	0
 1511 008f 0C       		.uleb128 0xc
 1512 0090 13       		.uleb128 0x13
 1513 0091 01       		.byte	0x1
 1514 0092 03       		.uleb128 0x3
 1515 0093 0E       		.uleb128 0xe
 1516 0094 0B       		.uleb128 0xb
 1517 0095 0B       		.uleb128 0xb
 1518 0096 3A       		.uleb128 0x3a
 1519 0097 0B       		.uleb128 0xb
 1520 0098 3B       		.uleb128 0x3b
 1521 0099 05       		.uleb128 0x5
 1522 009a 01       		.uleb128 0x1
 1523 009b 13       		.uleb128 0x13
 1524 009c 00       		.byte	0
 1525 009d 00       		.byte	0
 1526 009e 0D       		.uleb128 0xd
 1527 009f 35       		.uleb128 0x35
 1528 00a0 00       		.byte	0
 1529 00a1 49       		.uleb128 0x49
 1530 00a2 13       		.uleb128 0x13
 1531 00a3 00       		.byte	0
 1532 00a4 00       		.byte	0
 1533 00a5 0E       		.uleb128 0xe
 1534 00a6 17       		.uleb128 0x17
 1535 00a7 01       		.byte	0x1
 1536 00a8 0B       		.uleb128 0xb
 1537 00a9 0B       		.uleb128 0xb
ARM GAS  /tmp/cc7CAeyK.s 			page 28


 1538 00aa 3A       		.uleb128 0x3a
 1539 00ab 0B       		.uleb128 0xb
 1540 00ac 3B       		.uleb128 0x3b
 1541 00ad 0B       		.uleb128 0xb
 1542 00ae 01       		.uleb128 0x1
 1543 00af 13       		.uleb128 0x13
 1544 00b0 00       		.byte	0
 1545 00b1 00       		.byte	0
 1546 00b2 0F       		.uleb128 0xf
 1547 00b3 0D       		.uleb128 0xd
 1548 00b4 00       		.byte	0
 1549 00b5 03       		.uleb128 0x3
 1550 00b6 0E       		.uleb128 0xe
 1551 00b7 3A       		.uleb128 0x3a
 1552 00b8 0B       		.uleb128 0xb
 1553 00b9 3B       		.uleb128 0x3b
 1554 00ba 0B       		.uleb128 0xb
 1555 00bb 49       		.uleb128 0x49
 1556 00bc 13       		.uleb128 0x13
 1557 00bd 00       		.byte	0
 1558 00be 00       		.byte	0
 1559 00bf 10       		.uleb128 0x10
 1560 00c0 26       		.uleb128 0x26
 1561 00c1 00       		.byte	0
 1562 00c2 49       		.uleb128 0x49
 1563 00c3 13       		.uleb128 0x13
 1564 00c4 00       		.byte	0
 1565 00c5 00       		.byte	0
 1566 00c6 11       		.uleb128 0x11
 1567 00c7 13       		.uleb128 0x13
 1568 00c8 01       		.byte	0x1
 1569 00c9 0B       		.uleb128 0xb
 1570 00ca 0B       		.uleb128 0xb
 1571 00cb 3A       		.uleb128 0x3a
 1572 00cc 0B       		.uleb128 0xb
 1573 00cd 3B       		.uleb128 0x3b
 1574 00ce 05       		.uleb128 0x5
 1575 00cf 01       		.uleb128 0x1
 1576 00d0 13       		.uleb128 0x13
 1577 00d1 00       		.byte	0
 1578 00d2 00       		.byte	0
 1579 00d3 12       		.uleb128 0x12
 1580 00d4 0D       		.uleb128 0xd
 1581 00d5 00       		.byte	0
 1582 00d6 03       		.uleb128 0x3
 1583 00d7 0E       		.uleb128 0xe
 1584 00d8 3A       		.uleb128 0x3a
 1585 00d9 0B       		.uleb128 0xb
 1586 00da 3B       		.uleb128 0x3b
 1587 00db 05       		.uleb128 0x5
 1588 00dc 49       		.uleb128 0x49
 1589 00dd 13       		.uleb128 0x13
 1590 00de 38       		.uleb128 0x38
 1591 00df 0A       		.uleb128 0xa
 1592 00e0 00       		.byte	0
 1593 00e1 00       		.byte	0
 1594 00e2 13       		.uleb128 0x13
ARM GAS  /tmp/cc7CAeyK.s 			page 29


 1595 00e3 16       		.uleb128 0x16
 1596 00e4 00       		.byte	0
 1597 00e5 03       		.uleb128 0x3
 1598 00e6 0E       		.uleb128 0xe
 1599 00e7 3A       		.uleb128 0x3a
 1600 00e8 0B       		.uleb128 0xb
 1601 00e9 3B       		.uleb128 0x3b
 1602 00ea 05       		.uleb128 0x5
 1603 00eb 49       		.uleb128 0x49
 1604 00ec 13       		.uleb128 0x13
 1605 00ed 00       		.byte	0
 1606 00ee 00       		.byte	0
 1607 00ef 14       		.uleb128 0x14
 1608 00f0 0D       		.uleb128 0xd
 1609 00f1 00       		.byte	0
 1610 00f2 03       		.uleb128 0x3
 1611 00f3 08       		.uleb128 0x8
 1612 00f4 3A       		.uleb128 0x3a
 1613 00f5 0B       		.uleb128 0xb
 1614 00f6 3B       		.uleb128 0x3b
 1615 00f7 0B       		.uleb128 0xb
 1616 00f8 49       		.uleb128 0x49
 1617 00f9 13       		.uleb128 0x13
 1618 00fa 00       		.byte	0
 1619 00fb 00       		.byte	0
 1620 00fc 15       		.uleb128 0x15
 1621 00fd 04       		.uleb128 0x4
 1622 00fe 01       		.byte	0x1
 1623 00ff 0B       		.uleb128 0xb
 1624 0100 0B       		.uleb128 0xb
 1625 0101 3A       		.uleb128 0x3a
 1626 0102 0B       		.uleb128 0xb
 1627 0103 3B       		.uleb128 0x3b
 1628 0104 0B       		.uleb128 0xb
 1629 0105 01       		.uleb128 0x1
 1630 0106 13       		.uleb128 0x13
 1631 0107 00       		.byte	0
 1632 0108 00       		.byte	0
 1633 0109 16       		.uleb128 0x16
 1634 010a 28       		.uleb128 0x28
 1635 010b 00       		.byte	0
 1636 010c 03       		.uleb128 0x3
 1637 010d 0E       		.uleb128 0xe
 1638 010e 1C       		.uleb128 0x1c
 1639 010f 0D       		.uleb128 0xd
 1640 0110 00       		.byte	0
 1641 0111 00       		.byte	0
 1642 0112 17       		.uleb128 0x17
 1643 0113 15       		.uleb128 0x15
 1644 0114 01       		.byte	0x1
 1645 0115 27       		.uleb128 0x27
 1646 0116 0C       		.uleb128 0xc
 1647 0117 01       		.uleb128 0x1
 1648 0118 13       		.uleb128 0x13
 1649 0119 00       		.byte	0
 1650 011a 00       		.byte	0
 1651 011b 18       		.uleb128 0x18
ARM GAS  /tmp/cc7CAeyK.s 			page 30


 1652 011c 05       		.uleb128 0x5
 1653 011d 00       		.byte	0
 1654 011e 49       		.uleb128 0x49
 1655 011f 13       		.uleb128 0x13
 1656 0120 00       		.byte	0
 1657 0121 00       		.byte	0
 1658 0122 19       		.uleb128 0x19
 1659 0123 2E       		.uleb128 0x2e
 1660 0124 01       		.byte	0x1
 1661 0125 3F       		.uleb128 0x3f
 1662 0126 0C       		.uleb128 0xc
 1663 0127 03       		.uleb128 0x3
 1664 0128 0E       		.uleb128 0xe
 1665 0129 3A       		.uleb128 0x3a
 1666 012a 0B       		.uleb128 0xb
 1667 012b 3B       		.uleb128 0x3b
 1668 012c 0B       		.uleb128 0xb
 1669 012d 27       		.uleb128 0x27
 1670 012e 0C       		.uleb128 0xc
 1671 012f 49       		.uleb128 0x49
 1672 0130 13       		.uleb128 0x13
 1673 0131 11       		.uleb128 0x11
 1674 0132 01       		.uleb128 0x1
 1675 0133 12       		.uleb128 0x12
 1676 0134 01       		.uleb128 0x1
 1677 0135 40       		.uleb128 0x40
 1678 0136 06       		.uleb128 0x6
 1679 0137 01       		.uleb128 0x1
 1680 0138 13       		.uleb128 0x13
 1681 0139 00       		.byte	0
 1682 013a 00       		.byte	0
 1683 013b 1A       		.uleb128 0x1a
 1684 013c 05       		.uleb128 0x5
 1685 013d 00       		.byte	0
 1686 013e 03       		.uleb128 0x3
 1687 013f 0E       		.uleb128 0xe
 1688 0140 3A       		.uleb128 0x3a
 1689 0141 0B       		.uleb128 0xb
 1690 0142 3B       		.uleb128 0x3b
 1691 0143 0B       		.uleb128 0xb
 1692 0144 49       		.uleb128 0x49
 1693 0145 13       		.uleb128 0x13
 1694 0146 02       		.uleb128 0x2
 1695 0147 06       		.uleb128 0x6
 1696 0148 00       		.byte	0
 1697 0149 00       		.byte	0
 1698 014a 1B       		.uleb128 0x1b
 1699 014b 05       		.uleb128 0x5
 1700 014c 00       		.byte	0
 1701 014d 03       		.uleb128 0x3
 1702 014e 08       		.uleb128 0x8
 1703 014f 3A       		.uleb128 0x3a
 1704 0150 0B       		.uleb128 0xb
 1705 0151 3B       		.uleb128 0x3b
 1706 0152 0B       		.uleb128 0xb
 1707 0153 49       		.uleb128 0x49
 1708 0154 13       		.uleb128 0x13
ARM GAS  /tmp/cc7CAeyK.s 			page 31


 1709 0155 02       		.uleb128 0x2
 1710 0156 06       		.uleb128 0x6
 1711 0157 00       		.byte	0
 1712 0158 00       		.byte	0
 1713 0159 1C       		.uleb128 0x1c
 1714 015a 2E       		.uleb128 0x2e
 1715 015b 01       		.byte	0x1
 1716 015c 3F       		.uleb128 0x3f
 1717 015d 0C       		.uleb128 0xc
 1718 015e 03       		.uleb128 0x3
 1719 015f 0E       		.uleb128 0xe
 1720 0160 3A       		.uleb128 0x3a
 1721 0161 0B       		.uleb128 0xb
 1722 0162 3B       		.uleb128 0x3b
 1723 0163 0B       		.uleb128 0xb
 1724 0164 27       		.uleb128 0x27
 1725 0165 0C       		.uleb128 0xc
 1726 0166 11       		.uleb128 0x11
 1727 0167 01       		.uleb128 0x1
 1728 0168 12       		.uleb128 0x12
 1729 0169 01       		.uleb128 0x1
 1730 016a 40       		.uleb128 0x40
 1731 016b 06       		.uleb128 0x6
 1732 016c 01       		.uleb128 0x1
 1733 016d 13       		.uleb128 0x13
 1734 016e 00       		.byte	0
 1735 016f 00       		.byte	0
 1736 0170 1D       		.uleb128 0x1d
 1737 0171 01       		.uleb128 0x1
 1738 0172 01       		.byte	0x1
 1739 0173 49       		.uleb128 0x49
 1740 0174 13       		.uleb128 0x13
 1741 0175 01       		.uleb128 0x1
 1742 0176 13       		.uleb128 0x13
 1743 0177 00       		.byte	0
 1744 0178 00       		.byte	0
 1745 0179 1E       		.uleb128 0x1e
 1746 017a 21       		.uleb128 0x21
 1747 017b 00       		.byte	0
 1748 017c 49       		.uleb128 0x49
 1749 017d 13       		.uleb128 0x13
 1750 017e 2F       		.uleb128 0x2f
 1751 017f 0B       		.uleb128 0xb
 1752 0180 00       		.byte	0
 1753 0181 00       		.byte	0
 1754 0182 1F       		.uleb128 0x1f
 1755 0183 34       		.uleb128 0x34
 1756 0184 00       		.byte	0
 1757 0185 03       		.uleb128 0x3
 1758 0186 0E       		.uleb128 0xe
 1759 0187 3A       		.uleb128 0x3a
 1760 0188 0B       		.uleb128 0xb
 1761 0189 3B       		.uleb128 0x3b
 1762 018a 0B       		.uleb128 0xb
 1763 018b 49       		.uleb128 0x49
 1764 018c 13       		.uleb128 0x13
 1765 018d 02       		.uleb128 0x2
ARM GAS  /tmp/cc7CAeyK.s 			page 32


 1766 018e 0A       		.uleb128 0xa
 1767 018f 00       		.byte	0
 1768 0190 00       		.byte	0
 1769 0191 20       		.uleb128 0x20
 1770 0192 34       		.uleb128 0x34
 1771 0193 00       		.byte	0
 1772 0194 03       		.uleb128 0x3
 1773 0195 0E       		.uleb128 0xe
 1774 0196 3A       		.uleb128 0x3a
 1775 0197 0B       		.uleb128 0xb
 1776 0198 3B       		.uleb128 0x3b
 1777 0199 05       		.uleb128 0x5
 1778 019a 49       		.uleb128 0x49
 1779 019b 13       		.uleb128 0x13
 1780 019c 3F       		.uleb128 0x3f
 1781 019d 0C       		.uleb128 0xc
 1782 019e 3C       		.uleb128 0x3c
 1783 019f 0C       		.uleb128 0xc
 1784 01a0 00       		.byte	0
 1785 01a1 00       		.byte	0
 1786 01a2 00       		.byte	0
 1787              		.section	.debug_loc,"",%progbits
 1788              	.Ldebug_loc0:
 1789              	.LLST0:
 1790 0000 00000000 		.4byte	.LFB117
 1791 0004 02000000 		.4byte	.LCFI0
 1792 0008 0200     		.2byte	0x2
 1793 000a 7D       		.byte	0x7d
 1794 000b 00       		.sleb128 0
 1795 000c 02000000 		.4byte	.LCFI0
 1796 0010 3A000000 		.4byte	.LFE117
 1797 0014 0200     		.2byte	0x2
 1798 0016 7D       		.byte	0x7d
 1799 0017 18       		.sleb128 24
 1800 0018 00000000 		.4byte	0
 1801 001c 00000000 		.4byte	0
 1802              	.LLST1:
 1803 0020 00000000 		.4byte	.LVL0
 1804 0024 1D000000 		.4byte	.LVL1-1
 1805 0028 0100     		.2byte	0x1
 1806 002a 50       		.byte	0x50
 1807 002b 1D000000 		.4byte	.LVL1-1
 1808 002f 3A000000 		.4byte	.LFE117
 1809 0033 0100     		.2byte	0x1
 1810 0035 55       		.byte	0x55
 1811 0036 00000000 		.4byte	0
 1812 003a 00000000 		.4byte	0
 1813              	.LLST2:
 1814 003e 00000000 		.4byte	.LVL0
 1815 0042 1D000000 		.4byte	.LVL1-1
 1816 0046 0100     		.2byte	0x1
 1817 0048 51       		.byte	0x51
 1818 0049 00000000 		.4byte	0
 1819 004d 00000000 		.4byte	0
 1820              	.LLST3:
 1821 0051 00000000 		.4byte	.LFB118
 1822 0055 06000000 		.4byte	.LCFI1
ARM GAS  /tmp/cc7CAeyK.s 			page 33


 1823 0059 0200     		.2byte	0x2
 1824 005b 7D       		.byte	0x7d
 1825 005c 00       		.sleb128 0
 1826 005d 06000000 		.4byte	.LCFI1
 1827 0061 4A000000 		.4byte	.LFE118
 1828 0065 0200     		.2byte	0x2
 1829 0067 7D       		.byte	0x7d
 1830 0068 10       		.sleb128 16
 1831 0069 00000000 		.4byte	0
 1832 006d 00000000 		.4byte	0
 1833              	.LLST4:
 1834 0071 00000000 		.4byte	.LVL2
 1835 0075 23000000 		.4byte	.LVL5-1
 1836 0079 0100     		.2byte	0x1
 1837 007b 50       		.byte	0x50
 1838 007c 23000000 		.4byte	.LVL5-1
 1839 0080 4A000000 		.4byte	.LFE118
 1840 0084 0100     		.2byte	0x1
 1841 0086 55       		.byte	0x55
 1842 0087 00000000 		.4byte	0
 1843 008b 00000000 		.4byte	0
 1844              	.LLST5:
 1845 008f 00000000 		.4byte	.LVL2
 1846 0093 0A000000 		.4byte	.LVL3
 1847 0097 0100     		.2byte	0x1
 1848 0099 51       		.byte	0x51
 1849 009a 00000000 		.4byte	0
 1850 009e 00000000 		.4byte	0
 1851              	.LLST6:
 1852 00a2 00000000 		.4byte	.LVL2
 1853 00a6 16000000 		.4byte	.LVL4
 1854 00aa 0100     		.2byte	0x1
 1855 00ac 52       		.byte	0x52
 1856 00ad 00000000 		.4byte	0
 1857 00b1 00000000 		.4byte	0
 1858              		.section	.debug_aranges,"",%progbits
 1859 0000 24000000 		.4byte	0x24
 1860 0004 0200     		.2byte	0x2
 1861 0006 00000000 		.4byte	.Ldebug_info0
 1862 000a 04       		.byte	0x4
 1863 000b 00       		.byte	0
 1864 000c 0000     		.2byte	0
 1865 000e 0000     		.2byte	0
 1866 0010 00000000 		.4byte	.LFB117
 1867 0014 3A000000 		.4byte	.LFE117-.LFB117
 1868 0018 00000000 		.4byte	.LFB118
 1869 001c 4A000000 		.4byte	.LFE118-.LFB118
 1870 0020 00000000 		.4byte	0
 1871 0024 00000000 		.4byte	0
 1872              		.section	.debug_ranges,"",%progbits
 1873              	.Ldebug_ranges0:
 1874 0000 00000000 		.4byte	.LFB117
 1875 0004 3A000000 		.4byte	.LFE117
 1876 0008 00000000 		.4byte	.LFB118
 1877 000c 4A000000 		.4byte	.LFE118
 1878 0010 00000000 		.4byte	0
 1879 0014 00000000 		.4byte	0
ARM GAS  /tmp/cc7CAeyK.s 			page 34


 1880              		.section	.debug_line,"",%progbits
 1881              	.Ldebug_line0:
 1882 0000 DF020000 		.section	.debug_str,"MS",%progbits,1
 1882      02009B02 
 1882      00000201 
 1882      FB0E0D00 
 1882      01010101 
 1883              	.LASF100:
 1884 0000 646D6172 		.ascii	"dmarx\000"
 1884      7800
 1885              	.LASF54:
 1886 0006 4D304152 		.ascii	"M0AR\000"
 1886      00
 1887              	.LASF63:
 1888 000b 52584352 		.ascii	"RXCRCR\000"
 1888      435200
 1889              	.LASF48:
 1890 0012 7264796D 		.ascii	"rdymsg\000"
 1890      736700
 1891              	.LASF80:
 1892 0019 4F545950 		.ascii	"OTYPER\000"
 1892      455200
 1893              	.LASF92:
 1894 0020 5350495F 		.ascii	"SPI_ACTIVE\000"
 1894      41435449 
 1894      564500
 1895              	.LASF72:
 1896 002b 73747265 		.ascii	"stream\000"
 1896      616D00
 1897              	.LASF79:
 1898 0032 4D4F4445 		.ascii	"MODER\000"
 1898      5200
 1899              	.LASF12:
 1900 0038 6C6F6E67 		.ascii	"long long unsigned int\000"
 1900      206C6F6E 
 1900      6720756E 
 1900      7369676E 
 1900      65642069 
 1901              	.LASF91:
 1902 004f 5350495F 		.ascii	"SPI_READY\000"
 1902      52454144 
 1902      5900
 1903              	.LASF61:
 1904 0059 43524350 		.ascii	"CRCPR\000"
 1904      5200
 1905              	.LASF82:
 1906 005f 50555044 		.ascii	"PUPDR\000"
 1906      5200
 1907              	.LASF49:
 1908 0065 65786974 		.ascii	"exitcode\000"
 1908      636F6465 
 1908      00
 1909              	.LASF76:
 1910 006e 76656374 		.ascii	"vector\000"
 1910      6F7200
 1911              	.LASF116:
 1912 0075 6C697333 		.ascii	"lis302dlWriteRegister\000"
ARM GAS  /tmp/cc7CAeyK.s 			page 35


 1912      3032646C 
 1912      57726974 
 1912      65526567 
 1912      69737465 
 1913              	.LASF95:
 1914 008b 53504944 		.ascii	"SPIDriver\000"
 1914      72697665 
 1914      7200
 1915              	.LASF106:
 1916 0095 7373706F 		.ascii	"ssport\000"
 1916      727400
 1917              	.LASF117:
 1918 009c 49544D5F 		.ascii	"ITM_RxBuffer\000"
 1918      52784275 
 1918      66666572 
 1918      00
 1919              	.LASF112:
 1920 00a9 72786275 		.ascii	"rxbuf\000"
 1920      6600
 1921              	.LASF23:
 1922 00af 705F7072 		.ascii	"p_prio\000"
 1922      696F00
 1923              	.LASF107:
 1924 00b6 73737061 		.ascii	"sspad\000"
 1924      6400
 1925              	.LASF11:
 1926 00bc 6C6F6E67 		.ascii	"long long int\000"
 1926      206C6F6E 
 1926      6720696E 
 1926      7400
 1927              	.LASF1:
 1928 00ca 7369676E 		.ascii	"signed char\000"
 1928      65642063 
 1928      68617200 
 1929              	.LASF83:
 1930 00d6 42535252 		.ascii	"BSRR\000"
 1930      00
 1931              	.LASF90:
 1932 00db 5350495F 		.ascii	"SPI_STOP\000"
 1932      53544F50 
 1932      00
 1933              	.LASF67:
 1934 00e4 49325343 		.ascii	"I2SCFGR\000"
 1934      46475200 
 1935              	.LASF45:
 1936 00ec 6D5F7175 		.ascii	"m_queue\000"
 1936      65756500 
 1937              	.LASF96:
 1938 00f4 73746174 		.ascii	"state\000"
 1938      6500
 1939              	.LASF8:
 1940 00fa 6C6F6E67 		.ascii	"long int\000"
 1940      20696E74 
 1940      00
 1941              	.LASF14:
 1942 0103 74737461 		.ascii	"tstate_t\000"
 1942      74655F74 
ARM GAS  /tmp/cc7CAeyK.s 			page 36


 1942      00
 1943              	.LASF98:
 1944 010c 74687265 		.ascii	"thread\000"
 1944      616400
 1945              	.LASF5:
 1946 0113 75696E74 		.ascii	"uint16_t\000"
 1946      31365F74 
 1946      00
 1947              	.LASF31:
 1948 011c 705F7469 		.ascii	"p_time\000"
 1948      6D6500
 1949              	.LASF25:
 1950 0123 705F6E65 		.ascii	"p_newer\000"
 1950      77657200 
 1951              	.LASF105:
 1952 012b 656E645F 		.ascii	"end_cb\000"
 1952      636200
 1953              	.LASF102:
 1954 0132 7278646D 		.ascii	"rxdmamode\000"
 1954      616D6F64 
 1954      6500
 1955              	.LASF87:
 1956 013c 4750494F 		.ascii	"GPIO_TypeDef\000"
 1956      5F547970 
 1956      65446566 
 1956      00
 1957              	.LASF101:
 1958 0149 646D6174 		.ascii	"dmatx\000"
 1958      7800
 1959              	.LASF81:
 1960 014f 4F535045 		.ascii	"OSPEEDR\000"
 1960      45445200 
 1961              	.LASF38:
 1962 0157 705F6D70 		.ascii	"p_mpool\000"
 1962      6F6F6C00 
 1963              	.LASF41:
 1964 015f 72656761 		.ascii	"regarm_t\000"
 1964      726D5F74 
 1964      00
 1965              	.LASF75:
 1966 0168 73656C66 		.ascii	"selfindex\000"
 1966      696E6465 
 1966      7800
 1967              	.LASF104:
 1968 0172 73706963 		.ascii	"spicallback_t\000"
 1968      616C6C62 
 1968      61636B5F 
 1968      7400
 1969              	.LASF110:
 1970 0180 76616C75 		.ascii	"value\000"
 1970      6500
 1971              	.LASF0:
 1972 0186 756E7369 		.ascii	"unsigned int\000"
 1972      676E6564 
 1972      20696E74 
 1972      00
 1973              	.LASF111:
ARM GAS  /tmp/cc7CAeyK.s 			page 37


 1974 0193 74786275 		.ascii	"txbuf\000"
 1974      6600
 1975              	.LASF33:
 1976 0199 705F6D73 		.ascii	"p_msgqueue\000"
 1976      67717565 
 1976      756500
 1977              	.LASF84:
 1978 01a4 4C434B52 		.ascii	"LCKR\000"
 1978      00
 1979              	.LASF74:
 1980 01a9 69736869 		.ascii	"ishift\000"
 1980      667400
 1981              	.LASF6:
 1982 01b0 73686F72 		.ascii	"short unsigned int\000"
 1982      7420756E 
 1982      7369676E 
 1982      65642069 
 1982      6E7400
 1983              	.LASF17:
 1984 01c3 6D73675F 		.ascii	"msg_t\000"
 1984      7400
 1985              	.LASF13:
 1986 01c9 746D6F64 		.ascii	"tmode_t\000"
 1986      655F7400 
 1987              	.LASF40:
 1988 01d1 54687265 		.ascii	"ThreadsList\000"
 1988      6164734C 
 1988      69737400 
 1989              	.LASF18:
 1990 01dd 6576656E 		.ascii	"eventmask_t\000"
 1990      746D6173 
 1990      6B5F7400 
 1991              	.LASF69:
 1992 01e9 49325350 		.ascii	"I2SPR\000"
 1992      5200
 1993              	.LASF78:
 1994 01ef 636C6561 		.ascii	"clear\000"
 1994      7200
 1995              	.LASF44:
 1996 01f5 4D757465 		.ascii	"Mutex\000"
 1996      7800
 1997              	.LASF26:
 1998 01fb 705F6F6C 		.ascii	"p_older\000"
 1998      64657200 
 1999              	.LASF39:
 2000 0203 54687265 		.ascii	"ThreadsQueue\000"
 2000      61647351 
 2000      75657565 
 2000      00
 2001              	.LASF103:
 2002 0210 7478646D 		.ascii	"txdmamode\000"
 2002      616D6F64 
 2002      6500
 2003              	.LASF86:
 2004 021a 41465248 		.ascii	"AFRH\000"
 2004      00
 2005              	.LASF85:
ARM GAS  /tmp/cc7CAeyK.s 			page 38


 2006 021f 4146524C 		.ascii	"AFRL\000"
 2006      00
 2007              	.LASF65:
 2008 0224 54584352 		.ascii	"TXCRCR\000"
 2008      435200
 2009              	.LASF57:
 2010 022b 52455345 		.ascii	"RESERVED0\000"
 2010      52564544 
 2010      3000
 2011              	.LASF58:
 2012 0235 52455345 		.ascii	"RESERVED1\000"
 2012      52564544 
 2012      3100
 2013              	.LASF59:
 2014 023f 52455345 		.ascii	"RESERVED2\000"
 2014      52564544 
 2014      3200
 2015              	.LASF60:
 2016 0249 52455345 		.ascii	"RESERVED3\000"
 2016      52564544 
 2016      3300
 2017              	.LASF62:
 2018 0253 52455345 		.ascii	"RESERVED4\000"
 2018      52564544 
 2018      3400
 2019              	.LASF22:
 2020 025d 705F7072 		.ascii	"p_prev\000"
 2020      657600
 2021              	.LASF66:
 2022 0264 52455345 		.ascii	"RESERVED6\000"
 2022      52564544 
 2022      3600
 2023              	.LASF68:
 2024 026e 52455345 		.ascii	"RESERVED7\000"
 2024      52564544 
 2024      3700
 2025              	.LASF70:
 2026 0278 52455345 		.ascii	"RESERVED8\000"
 2026      52564544 
 2026      3800
 2027              	.LASF16:
 2028 0282 74707269 		.ascii	"tprio_t\000"
 2028      6F5F7400 
 2029              	.LASF99:
 2030 028a 6D757465 		.ascii	"mutex\000"
 2030      7800
 2031              	.LASF7:
 2032 0290 696E7433 		.ascii	"int32_t\000"
 2032      325F7400 
 2033              	.LASF2:
 2034 0298 756E7369 		.ascii	"unsigned char\000"
 2034      676E6564 
 2034      20636861 
 2034      7200
 2035              	.LASF77:
 2036 02a6 73746D33 		.ascii	"stm32_dma_stream_t\000"
 2036      325F646D 
ARM GAS  /tmp/cc7CAeyK.s 			page 39


 2036      615F7374 
 2036      7265616D 
 2036      5F7400
 2037              	.LASF36:
 2038 02b9 705F6D74 		.ascii	"p_mtxlist\000"
 2038      786C6973 
 2038      7400
 2039              	.LASF3:
 2040 02c3 73686F72 		.ascii	"short int\000"
 2040      7420696E 
 2040      7400
 2041              	.LASF28:
 2042 02cd 705F7374 		.ascii	"p_state\000"
 2042      61746500 
 2043              	.LASF51:
 2044 02d5 65776D61 		.ascii	"ewmask\000"
 2044      736B00
 2045              	.LASF21:
 2046 02dc 705F6E65 		.ascii	"p_next\000"
 2046      787400
 2047              	.LASF29:
 2048 02e3 705F666C 		.ascii	"p_flags\000"
 2048      61677300 
 2049              	.LASF20:
 2050 02eb 54687265 		.ascii	"Thread\000"
 2050      616400
 2051              	.LASF35:
 2052 02f2 705F6570 		.ascii	"p_epending\000"
 2052      656E6469 
 2052      6E6700
 2053              	.LASF73:
 2054 02fd 69666372 		.ascii	"ifcr\000"
 2054      00
 2055              	.LASF64:
 2056 0302 52455345 		.ascii	"RESERVED5\000"
 2056      52564544 
 2056      3500
 2057              	.LASF9:
 2058 030c 75696E74 		.ascii	"uint32_t\000"
 2058      33325F74 
 2058      00
 2059              	.LASF15:
 2060 0315 74726566 		.ascii	"trefs_t\000"
 2060      735F7400 
 2061              	.LASF113:
 2062 031d 474E5520 		.ascii	"GNU C 4.6.3\000"
 2062      4320342E 
 2062      362E3300 
 2063              	.LASF10:
 2064 0329 6C6F6E67 		.ascii	"long unsigned int\000"
 2064      20756E73 
 2064      69676E65 
 2064      6420696E 
 2064      7400
 2065              	.LASF71:
 2066 033b 5350495F 		.ascii	"SPI_TypeDef\000"
 2066      54797065 
ARM GAS  /tmp/cc7CAeyK.s 			page 40


 2066      44656600 
 2067              	.LASF52:
 2068 0347 63686172 		.ascii	"char\000"
 2068      00
 2069              	.LASF93:
 2070 034c 5350495F 		.ascii	"SPI_COMPLETE\000"
 2070      434F4D50 
 2070      4C455445 
 2070      00
 2071              	.LASF97:
 2072 0359 636F6E66 		.ascii	"config\000"
 2072      696700
 2073              	.LASF94:
 2074 0360 73706973 		.ascii	"spistate_t\000"
 2074      74617465 
 2074      5F7400
 2075              	.LASF47:
 2076 036b 6D5F6E65 		.ascii	"m_next\000"
 2076      787400
 2077              	.LASF19:
 2078 0372 73797374 		.ascii	"systime_t\000"
 2078      696D655F 
 2078      7400
 2079              	.LASF37:
 2080 037c 705F7265 		.ascii	"p_realprio\000"
 2080      616C7072 
 2080      696F00
 2081              	.LASF53:
 2082 0387 4E445452 		.ascii	"NDTR\000"
 2082      00
 2083              	.LASF56:
 2084 038c 444D415F 		.ascii	"DMA_Stream_TypeDef\000"
 2084      53747265 
 2084      616D5F54 
 2084      79706544 
 2084      656600
 2085              	.LASF88:
 2086 039f 696F706F 		.ascii	"ioportid_t\000"
 2086      72746964 
 2086      5F7400
 2087              	.LASF43:
 2088 03aa 636F6E74 		.ascii	"context\000"
 2088      65787400 
 2089              	.LASF42:
 2090 03b2 696E7463 		.ascii	"intctx\000"
 2090      747800
 2091              	.LASF55:
 2092 03b9 4D314152 		.ascii	"M1AR\000"
 2092      00
 2093              	.LASF89:
 2094 03be 5350495F 		.ascii	"SPI_UNINIT\000"
 2094      554E494E 
 2094      495400
 2095              	.LASF115:
 2096 03c9 6C697333 		.ascii	"lis302dlReadRegister\000"
 2096      3032646C 
 2096      52656164 
ARM GAS  /tmp/cc7CAeyK.s 			page 41


 2096      52656769 
 2096      73746572 
 2097              	.LASF30:
 2098 03de 705F7265 		.ascii	"p_refs\000"
 2098      667300
 2099              	.LASF114:
 2100 03e5 2F6F7074 		.ascii	"/opt/ChibiOS/ChibiOS_2.4.4/os/various/lis302dl.c\000"
 2100      2F436869 
 2100      62694F53 
 2100      2F436869 
 2100      62694F53 
 2101              	.LASF4:
 2102 0416 75696E74 		.ascii	"uint8_t\000"
 2102      385F7400 
 2103              	.LASF109:
 2104 041e 73706970 		.ascii	"spip\000"
 2104      00
 2105              	.LASF50:
 2106 0423 77746F62 		.ascii	"wtobjp\000"
 2106      6A7000
 2107              	.LASF27:
 2108 042a 705F6E61 		.ascii	"p_name\000"
 2108      6D6500
 2109              	.LASF108:
 2110 0431 53504943 		.ascii	"SPIConfig\000"
 2110      6F6E6669 
 2110      6700
 2111              	.LASF34:
 2112 043b 705F6D73 		.ascii	"p_msg\000"
 2112      6700
 2113              	.LASF46:
 2114 0441 6D5F6F77 		.ascii	"m_owner\000"
 2114      6E657200 
 2115              	.LASF24:
 2116 0449 705F6374 		.ascii	"p_ctx\000"
 2116      7800
 2117              	.LASF32:
 2118 044f 705F7761 		.ascii	"p_waiting\000"
 2118      6974696E 
 2118      6700
 2119              		.ident	"GCC: (Sourcery CodeBench Lite 2012.03-56) 4.6.3"
ARM GAS  /tmp/cc7CAeyK.s 			page 42


DEFINED SYMBOLS
                            *ABS*:00000000 lis302dl.c
     /tmp/cc7CAeyK.s:21     .text.lis302dlReadRegister:00000000 $t
     /tmp/cc7CAeyK.s:27     .text.lis302dlReadRegister:00000000 lis302dlReadRegister
     /tmp/cc7CAeyK.s:159    .bss.txbuf:00000000 .LANCHOR0
     /tmp/cc7CAeyK.s:152    .bss.rxbuf:00000000 .LANCHOR1
     /tmp/cc7CAeyK.s:83     .text.lis302dlWriteRegister:00000000 $t
     /tmp/cc7CAeyK.s:89     .text.lis302dlWriteRegister:00000000 lis302dlWriteRegister
     /tmp/cc7CAeyK.s:151    .bss.rxbuf:00000000 $d
     /tmp/cc7CAeyK.s:155    .bss.rxbuf:00000000 rxbuf
     /tmp/cc7CAeyK.s:158    .bss.txbuf:00000000 $d
     /tmp/cc7CAeyK.s:162    .bss.txbuf:00000000 txbuf
                     .debug_frame:00000010 $d

UNDEFINED SYMBOLS
spiSelect
spiExchange
spiUnselect
spiSend
