ARM GAS  /tmp/ccvv1p63.s 			page 1


   1              		.syntax unified
   2              		.cpu cortex-m4
   3              		.eabi_attribute 27, 3
   4              		.eabi_attribute 28, 1
   5              		.fpu fpv4-sp-d16
   6              		.eabi_attribute 20, 1
   7              		.eabi_attribute 21, 1
   8              		.eabi_attribute 23, 3
   9              		.eabi_attribute 24, 1
  10              		.eabi_attribute 25, 1
  11              		.eabi_attribute 26, 1
  12              		.eabi_attribute 30, 2
  13              		.eabi_attribute 34, 1
  14              		.eabi_attribute 18, 4
  15              		.thumb
  16              		.file	"main.c"
  17              		.text
  18              	.Ltext0:
  19              		.cfi_sections	.debug_frame
  20              		.section	.text.startup.main,"ax",%progbits
  21              		.align	2
  22              		.p2align 4,,15
  23              		.global	main
  24              		.thumb
  25              		.thumb_func
  26              		.type	main, %function
  27              	main:
  28              	.LFB117:
  29              		.file 1 "./src/main.c"
  30              		.loc 1 26 0
  31              		.cfi_startproc
  32              		@ args = 0, pretend = 0, frame = 16
  33              		@ frame_needed = 0, uses_anonymous_args = 0
  34 0000 10B5     		push	{r4, lr}
  35              	.LCFI0:
  36              		.cfi_def_cfa_offset 8
  37              		.cfi_offset 14, -4
  38              		.cfi_offset 4, -8
  39              		.loc 1 28 0
  40 0002 40F20000 		movw	r0, #:lower16:.LANCHOR0
  41 0006 C0F20000 		movt	r0, #:upper16:.LANCHOR0
  42 000a 07C8     		ldmia	r0, {r0, r1, r2}
  43              		.loc 1 26 0
  44 000c 84B0     		sub	sp, sp, #16
  45              	.LCFI1:
  46              		.cfi_def_cfa_offset 24
  47              		.loc 1 27 0
  48 000e 0023     		movs	r3, #0
  49              		.loc 1 28 0
  50 0010 8DE80700 		stmia	sp, {r0, r1, r2}
  51              		.loc 1 27 0
  52 0014 0393     		str	r3, [sp, #12]
  53              	.LVL0:
  54              		.loc 1 33 0
  55 0016 FFF7FEFF 		bl	halInit
  56              		.loc 1 34 0
  57 001a FFF7FEFF 		bl	chSysInit
ARM GAS  /tmp/ccvv1p63.s 			page 2


  58              		.loc 1 36 0
  59 001e 40F20000 		movw	r0, #:lower16:SD2
  60 0022 6946     		mov	r1, sp
  61 0024 C0F20000 		movt	r0, #:upper16:SD2
  62 0028 FFF7FEFF 		bl	sdStart
  63              		.loc 1 37 0
  64 002c 40F20000 		movw	r0, #:lower16:spykeeLedMutex
  65 0030 C0F20000 		movt	r0, #:upper16:spykeeLedMutex
  66 0034 FFF7FEFF 		bl	chMtxInit
  67              		.loc 1 38 0
  68 0038 40F20000 		movw	r0, #:lower16:.LANCHOR1
  69 003c C0F20000 		movt	r0, #:upper16:.LANCHOR1
  70 0040 FFF7FEFF 		bl	bufferInit
  71              		.loc 1 39 0
  72 0044 FFF7FEFF 		bl	resetLed
  73              		.loc 1 41 0
  74 0048 FFF7FEFF 		bl	startLedBlinkerTreads
  75              		.loc 1 42 0
  76 004c FFF7FEFF 		bl	startTowersAndFactoriesThread
  77              		.loc 1 43 0
  78 0050 FFF7FEFF 		bl	startSonarThread
  79              		.loc 1 44 0
  80 0054 FFF7FEFF 		bl	startIrThread
  81              		.loc 1 45 0
  82 0058 FFF7FEFF 		bl	startRfidThread
  83              		.loc 1 46 0
  84 005c FFF7FEFF 		bl	shellInit
  85              		.loc 1 48 0
  86 0060 40F20000 		movw	r0, #:lower16:SD2
  87 0064 40F20001 		movw	r1, #:lower16:.LC1
  88 0068 C0F20000 		movt	r0, #:upper16:SD2
  89 006c C0F20001 		movt	r1, #:upper16:.LC1
  90 0070 FFF7FEFF 		bl	chprintf
  91              	.L2:
  92              		.loc 1 54 0 discriminator 1
  93 0074 03A8     		add	r0, sp, #12
  94 0076 FFF7FEFF 		bl	shellInitControl
  95              		.loc 1 55 0 discriminator 1
  96 007a 40F20000 		movw	r0, #:lower16:.LANCHOR1
  97 007e 40F20001 		movw	r1, #:lower16:SD2
  98 0082 C0F20000 		movt	r0, #:upper16:.LANCHOR1
  99 0086 C0F20001 		movt	r1, #:upper16:SD2
 100 008a FFF7FEFF 		bl	writeContentOnBaseChannel
 101 008e F1E7     		b	.L2
 102              		.cfi_endproc
 103              	.LFE117:
 104              		.size	main, .-main
 105              		.global	outputBuffer
 106              		.section	.rodata
 107              		.align	2
 108              		.set	.LANCHOR0,. + 0
 109              	.LC0:
 110 0000 00C20100 		.word	115200
 111 0004 0000     		.short	0
 112 0006 0040     		.short	16384
 113 0008 0000     		.short	0
 114 000a 0000     		.space	2
ARM GAS  /tmp/ccvv1p63.s 			page 3


 115              		.section	.rodata.str1.4,"aMS",%progbits,1
 116              		.align	2
 117              	.LC1:
 118 0000 54686520 		.ascii	"The firmware is ready!\012\015\000"
 118      6669726D 
 118      77617265 
 118      20697320 
 118      72656164 
 119 0019 000000   		.section	.bss.outputBuffer,"aw",%nobits
 120              		.align	2
 121              		.set	.LANCHOR1,. + 0
 122              		.type	outputBuffer, %object
 123              		.size	outputBuffer, 176
 124              	outputBuffer:
 125 0000 00000000 		.space	176
 125      00000000 
 125      00000000 
 125      00000000 
 125      00000000 
 126              		.text
 127              	.Letext0:
 128              		.file 2 "/opt/arm/bin/../lib/gcc/arm-none-eabi/4.6.3/include/stddef.h"
 129              		.file 3 "/opt/arm/bin/../lib/gcc/arm-none-eabi/4.6.3/../../../../arm-none-eabi/include/stdint.h"
 130              		.file 4 "/opt/ChibiOS/ChibiOS_2.4.4/os/ports/GCC/ARMCMx/chtypes.h"
 131              		.file 5 "/opt/ChibiOS/ChibiOS_2.4.4/os/kernel/include/chlists.h"
 132              		.file 6 "/opt/ChibiOS/ChibiOS_2.4.4/os/kernel/include/chthreads.h"
 133              		.file 7 "/opt/ChibiOS/ChibiOS_2.4.4/os/ports/GCC/ARMCMx/chcore_v7m.h"
 134              		.file 8 "/opt/ChibiOS/ChibiOS_2.4.4/os/kernel/include/chmtx.h"
 135              		.file 9 "/opt/ChibiOS/ChibiOS_2.4.4/os/kernel/include/chevents.h"
 136              		.file 10 "/opt/ChibiOS/ChibiOS_2.4.4/os/kernel/include/chqueues.h"
 137              		.file 11 "/opt/ChibiOS/ChibiOS_2.4.4/os/kernel/include/chioch.h"
 138              		.file 12 "/opt/ChibiOS/ChibiOS_2.4.4/os/hal/platforms/STM32F4xx/stm32f4xx.h"
 139              		.file 13 "/opt/ChibiOS/ChibiOS_2.4.4/os/hal/include/serial.h"
 140              		.file 14 "/opt/ChibiOS/ChibiOS_2.4.4/os/hal/platforms/STM32/serial_lld.h"
 141              		.file 15 "./include/CircularBuffer.h"
 142              		.file 16 "/opt/ChibiOS/ChibiOS_2.4.4/os/ports/common/ARMCMx/CMSIS/include/core_cm4.h"
 143              		.file 17 "./include/FirmwareSpykee.h"
 144              		.section	.debug_info,"",%progbits
 145              	.Ldebug_info0:
 146 0000 270A0000 		.4byte	0xa27
 147 0004 0200     		.2byte	0x2
 148 0006 00000000 		.4byte	.Ldebug_abbrev0
 149 000a 04       		.byte	0x4
 150 000b 01       		.uleb128 0x1
 151 000c B0030000 		.4byte	.LASF119
 152 0010 01       		.byte	0x1
 153 0011 1E040000 		.4byte	.LASF120
 154 0015 23000000 		.4byte	.LASF121
 155 0019 00000000 		.4byte	0
 156 001d 00000000 		.4byte	0
 157 0021 00000000 		.4byte	.Ldebug_ranges0+0
 158 0025 00000000 		.4byte	.Ldebug_line0
 159 0029 02       		.uleb128 0x2
 160 002a 04       		.byte	0x4
 161 002b 05       		.byte	0x5
 162 002c 696E7400 		.ascii	"int\000"
 163 0030 03       		.uleb128 0x3
ARM GAS  /tmp/ccvv1p63.s 			page 4


 164 0031 09000000 		.4byte	.LASF2
 165 0035 02       		.byte	0x2
 166 0036 D4       		.byte	0xd4
 167 0037 3B000000 		.4byte	0x3b
 168 003b 04       		.uleb128 0x4
 169 003c 04       		.byte	0x4
 170 003d 07       		.byte	0x7
 171 003e 72010000 		.4byte	.LASF0
 172 0042 04       		.uleb128 0x4
 173 0043 01       		.byte	0x1
 174 0044 06       		.byte	0x6
 175 0045 DA000000 		.4byte	.LASF1
 176 0049 03       		.uleb128 0x3
 177 004a 4F040000 		.4byte	.LASF3
 178 004e 03       		.byte	0x3
 179 004f 2A       		.byte	0x2a
 180 0050 54000000 		.4byte	0x54
 181 0054 04       		.uleb128 0x4
 182 0055 01       		.byte	0x1
 183 0056 08       		.byte	0x8
 184 0057 EA020000 		.4byte	.LASF4
 185 005b 04       		.uleb128 0x4
 186 005c 02       		.byte	0x2
 187 005d 05       		.byte	0x5
 188 005e 1D030000 		.4byte	.LASF5
 189 0062 03       		.uleb128 0x3
 190 0063 7F010000 		.4byte	.LASF6
 191 0067 03       		.byte	0x3
 192 0068 36       		.byte	0x36
 193 0069 6D000000 		.4byte	0x6d
 194 006d 04       		.uleb128 0x4
 195 006e 02       		.byte	0x2
 196 006f 07       		.byte	0x7
 197 0070 B0010000 		.4byte	.LASF7
 198 0074 03       		.uleb128 0x3
 199 0075 E2020000 		.4byte	.LASF8
 200 0079 03       		.byte	0x3
 201 007a 4F       		.byte	0x4f
 202 007b 7F000000 		.4byte	0x7f
 203 007f 04       		.uleb128 0x4
 204 0080 04       		.byte	0x4
 205 0081 05       		.byte	0x5
 206 0082 10010000 		.4byte	.LASF9
 207 0086 03       		.uleb128 0x3
 208 0087 15040000 		.4byte	.LASF10
 209 008b 03       		.byte	0x3
 210 008c 50       		.byte	0x50
 211 008d 91000000 		.4byte	0x91
 212 0091 04       		.uleb128 0x4
 213 0092 04       		.byte	0x4
 214 0093 07       		.byte	0x7
 215 0094 BC030000 		.4byte	.LASF11
 216 0098 04       		.uleb128 0x4
 217 0099 08       		.byte	0x8
 218 009a 05       		.byte	0x5
 219 009b CC000000 		.4byte	.LASF12
 220 009f 04       		.uleb128 0x4
ARM GAS  /tmp/ccvv1p63.s 			page 5


 221 00a0 08       		.byte	0x8
 222 00a1 07       		.byte	0x7
 223 00a2 68000000 		.4byte	.LASF13
 224 00a6 03       		.uleb128 0x3
 225 00a7 5A000000 		.4byte	.LASF14
 226 00ab 03       		.byte	0x3
 227 00ac A6       		.byte	0xa6
 228 00ad 3B000000 		.4byte	0x3b
 229 00b1 03       		.uleb128 0x3
 230 00b2 A4000000 		.4byte	.LASF15
 231 00b6 04       		.byte	0x4
 232 00b7 2E       		.byte	0x2e
 233 00b8 74000000 		.4byte	0x74
 234 00bc 03       		.uleb128 0x3
 235 00bd F8010000 		.4byte	.LASF16
 236 00c1 04       		.byte	0x4
 237 00c2 2F       		.byte	0x2f
 238 00c3 49000000 		.4byte	0x49
 239 00c7 03       		.uleb128 0x3
 240 00c8 19010000 		.4byte	.LASF17
 241 00cc 04       		.byte	0x4
 242 00cd 30       		.byte	0x30
 243 00ce 49000000 		.4byte	0x49
 244 00d2 03       		.uleb128 0x3
 245 00d3 81020000 		.4byte	.LASF18
 246 00d7 04       		.byte	0x4
 247 00d8 31       		.byte	0x31
 248 00d9 49000000 		.4byte	0x49
 249 00dd 03       		.uleb128 0x3
 250 00de CC020000 		.4byte	.LASF19
 251 00e2 04       		.byte	0x4
 252 00e3 32       		.byte	0x32
 253 00e4 86000000 		.4byte	0x86
 254 00e8 03       		.uleb128 0x3
 255 00e9 D6010000 		.4byte	.LASF20
 256 00ed 04       		.byte	0x4
 257 00ee 33       		.byte	0x33
 258 00ef 74000000 		.4byte	0x74
 259 00f3 03       		.uleb128 0x3
 260 00f4 0C020000 		.4byte	.LASF21
 261 00f8 04       		.byte	0x4
 262 00f9 35       		.byte	0x35
 263 00fa 86000000 		.4byte	0x86
 264 00fe 03       		.uleb128 0x3
 265 00ff DF030000 		.4byte	.LASF22
 266 0103 04       		.byte	0x4
 267 0104 36       		.byte	0x36
 268 0105 86000000 		.4byte	0x86
 269 0109 03       		.uleb128 0x3
 270 010a 55030000 		.4byte	.LASF23
 271 010e 05       		.byte	0x5
 272 010f 2A       		.byte	0x2a
 273 0110 14010000 		.4byte	0x114
 274 0114 05       		.uleb128 0x5
 275 0115 55030000 		.4byte	.LASF23
 276 0119 48       		.byte	0x48
 277 011a 06       		.byte	0x6
ARM GAS  /tmp/ccvv1p63.s 			page 6


 278 011b 5E       		.byte	0x5e
 279 011c 2B020000 		.4byte	0x22b
 280 0120 06       		.uleb128 0x6
 281 0121 36030000 		.4byte	.LASF24
 282 0125 06       		.byte	0x6
 283 0126 5F       		.byte	0x5f
 284 0127 50020000 		.4byte	0x250
 285 012b 02       		.byte	0x2
 286 012c 23       		.byte	0x23
 287 012d 00       		.uleb128 0
 288 012e 06       		.uleb128 0x6
 289 012f BB020000 		.4byte	.LASF25
 290 0133 06       		.byte	0x6
 291 0134 61       		.byte	0x61
 292 0135 50020000 		.4byte	0x250
 293 0139 02       		.byte	0x2
 294 013a 23       		.byte	0x23
 295 013b 04       		.uleb128 0x4
 296 013c 06       		.uleb128 0x6
 297 013d AB000000 		.4byte	.LASF26
 298 0141 06       		.byte	0x6
 299 0142 63       		.byte	0x63
 300 0143 DD000000 		.4byte	0xdd
 301 0147 02       		.byte	0x2
 302 0148 23       		.byte	0x23
 303 0149 08       		.uleb128 0x8
 304 014a 06       		.uleb128 0x6
 305 014b BF040000 		.4byte	.LASF27
 306 014f 06       		.byte	0x6
 307 0150 64       		.byte	0x64
 308 0151 1D030000 		.4byte	0x31d
 309 0155 02       		.byte	0x2
 310 0156 23       		.byte	0x23
 311 0157 0C       		.uleb128 0xc
 312 0158 06       		.uleb128 0x6
 313 0159 41010000 		.4byte	.LASF28
 314 015d 06       		.byte	0x6
 315 015e 66       		.byte	0x66
 316 015f 50020000 		.4byte	0x250
 317 0163 02       		.byte	0x2
 318 0164 23       		.byte	0x23
 319 0165 10       		.uleb128 0x10
 320 0166 06       		.uleb128 0x6
 321 0167 4D020000 		.4byte	.LASF29
 322 016b 06       		.byte	0x6
 323 016c 67       		.byte	0x67
 324 016d 50020000 		.4byte	0x250
 325 0171 02       		.byte	0x2
 326 0172 23       		.byte	0x23
 327 0173 14       		.uleb128 0x14
 328 0174 06       		.uleb128 0x6
 329 0175 31040000 		.4byte	.LASF30
 330 0179 06       		.byte	0x6
 331 017a 6E       		.byte	0x6e
 332 017b 30040000 		.4byte	0x430
 333 017f 02       		.byte	0x2
 334 0180 23       		.byte	0x23
ARM GAS  /tmp/ccvv1p63.s 			page 7


 335 0181 18       		.uleb128 0x18
 336 0182 06       		.uleb128 0x6
 337 0183 27030000 		.4byte	.LASF31
 338 0187 06       		.byte	0x6
 339 0188 79       		.byte	0x79
 340 0189 C7000000 		.4byte	0xc7
 341 018d 02       		.byte	0x2
 342 018e 23       		.byte	0x23
 343 018f 1C       		.uleb128 0x1c
 344 0190 06       		.uleb128 0x6
 345 0191 3D030000 		.4byte	.LASF32
 346 0195 06       		.byte	0x6
 347 0196 7D       		.byte	0x7d
 348 0197 BC000000 		.4byte	0xbc
 349 019b 02       		.byte	0x2
 350 019c 23       		.byte	0x23
 351 019d 1D       		.uleb128 0x1d
 352 019e 06       		.uleb128 0x6
 353 019f 22010000 		.4byte	.LASF33
 354 01a3 06       		.byte	0x6
 355 01a4 82       		.byte	0x82
 356 01a5 D2000000 		.4byte	0xd2
 357 01a9 02       		.byte	0x2
 358 01aa 23       		.byte	0x23
 359 01ab 1E       		.uleb128 0x1e
 360 01ac 06       		.uleb128 0x6
 361 01ad 3A010000 		.4byte	.LASF34
 362 01b1 06       		.byte	0x6
 363 01b2 89       		.byte	0x89
 364 01b3 40030000 		.4byte	0x340
 365 01b7 02       		.byte	0x2
 366 01b8 23       		.byte	0x23
 367 01b9 20       		.uleb128 0x20
 368 01ba 07       		.uleb128 0x7
 369 01bb 705F7500 		.ascii	"p_u\000"
 370 01bf 06       		.byte	0x6
 371 01c0 AE       		.byte	0xae
 372 01c1 FB030000 		.4byte	0x3fb
 373 01c5 02       		.byte	0x2
 374 01c6 23       		.byte	0x23
 375 01c7 24       		.uleb128 0x24
 376 01c8 06       		.uleb128 0x6
 377 01c9 C5040000 		.4byte	.LASF35
 378 01cd 06       		.byte	0x6
 379 01ce B3       		.byte	0xb3
 380 01cf 78020000 		.4byte	0x278
 381 01d3 02       		.byte	0x2
 382 01d4 23       		.byte	0x23
 383 01d5 28       		.uleb128 0x28
 384 01d6 06       		.uleb128 0x6
 385 01d7 9F010000 		.4byte	.LASF36
 386 01db 06       		.byte	0x6
 387 01dc B9       		.byte	0xb9
 388 01dd 56020000 		.4byte	0x256
 389 01e1 02       		.byte	0x2
 390 01e2 23       		.byte	0x23
 391 01e3 2C       		.uleb128 0x2c
ARM GAS  /tmp/ccvv1p63.s 			page 8


 392 01e4 06       		.uleb128 0x6
 393 01e5 49040000 		.4byte	.LASF37
 394 01e9 06       		.byte	0x6
 395 01ea BD       		.byte	0xbd
 396 01eb E8000000 		.4byte	0xe8
 397 01ef 02       		.byte	0x2
 398 01f0 23       		.byte	0x23
 399 01f1 34       		.uleb128 0x34
 400 01f2 06       		.uleb128 0x6
 401 01f3 6D030000 		.4byte	.LASF38
 402 01f7 06       		.byte	0x6
 403 01f8 C3       		.byte	0xc3
 404 01f9 F3000000 		.4byte	0xf3
 405 01fd 02       		.byte	0x2
 406 01fe 23       		.byte	0x23
 407 01ff 38       		.uleb128 0x38
 408 0200 06       		.uleb128 0x6
 409 0201 13030000 		.4byte	.LASF39
 410 0205 06       		.byte	0x6
 411 0206 CA       		.byte	0xca
 412 0207 42040000 		.4byte	0x442
 413 020b 02       		.byte	0x2
 414 020c 23       		.byte	0x23
 415 020d 3C       		.uleb128 0x3c
 416 020e 06       		.uleb128 0x6
 417 020f E9030000 		.4byte	.LASF40
 418 0213 06       		.byte	0x6
 419 0214 CE       		.byte	0xce
 420 0215 DD000000 		.4byte	0xdd
 421 0219 02       		.byte	0x2
 422 021a 23       		.byte	0x23
 423 021b 40       		.uleb128 0x40
 424 021c 06       		.uleb128 0x6
 425 021d EB000000 		.4byte	.LASF41
 426 0221 06       		.byte	0x6
 427 0222 D4       		.byte	0xd4
 428 0223 8E020000 		.4byte	0x28e
 429 0227 02       		.byte	0x2
 430 0228 23       		.byte	0x23
 431 0229 44       		.uleb128 0x44
 432 022a 00       		.byte	0
 433 022b 08       		.uleb128 0x8
 434 022c 08       		.byte	0x8
 435 022d 05       		.byte	0x5
 436 022e 61       		.byte	0x61
 437 022f 50020000 		.4byte	0x250
 438 0233 06       		.uleb128 0x6
 439 0234 36030000 		.4byte	.LASF24
 440 0238 05       		.byte	0x5
 441 0239 62       		.byte	0x62
 442 023a 50020000 		.4byte	0x250
 443 023e 02       		.byte	0x2
 444 023f 23       		.byte	0x23
 445 0240 00       		.uleb128 0
 446 0241 06       		.uleb128 0x6
 447 0242 BB020000 		.4byte	.LASF25
 448 0246 05       		.byte	0x5
ARM GAS  /tmp/ccvv1p63.s 			page 9


 449 0247 64       		.byte	0x64
 450 0248 50020000 		.4byte	0x250
 451 024c 02       		.byte	0x2
 452 024d 23       		.byte	0x23
 453 024e 04       		.uleb128 0x4
 454 024f 00       		.byte	0
 455 0250 09       		.uleb128 0x9
 456 0251 04       		.byte	0x4
 457 0252 09010000 		.4byte	0x109
 458 0256 03       		.uleb128 0x3
 459 0257 5F020000 		.4byte	.LASF42
 460 025b 05       		.byte	0x5
 461 025c 66       		.byte	0x66
 462 025d 2B020000 		.4byte	0x22b
 463 0261 08       		.uleb128 0x8
 464 0262 04       		.byte	0x4
 465 0263 05       		.byte	0x5
 466 0264 6B       		.byte	0x6b
 467 0265 78020000 		.4byte	0x278
 468 0269 06       		.uleb128 0x6
 469 026a 36030000 		.4byte	.LASF24
 470 026e 05       		.byte	0x5
 471 026f 6D       		.byte	0x6d
 472 0270 50020000 		.4byte	0x250
 473 0274 02       		.byte	0x2
 474 0275 23       		.byte	0x23
 475 0276 00       		.uleb128 0
 476 0277 00       		.byte	0
 477 0278 03       		.uleb128 0x3
 478 0279 00020000 		.4byte	.LASF43
 479 027d 05       		.byte	0x5
 480 027e 70       		.byte	0x70
 481 027f 61020000 		.4byte	0x261
 482 0283 03       		.uleb128 0x3
 483 0284 57010000 		.4byte	.LASF44
 484 0288 07       		.byte	0x7
 485 0289 D7       		.byte	0xd7
 486 028a 8E020000 		.4byte	0x28e
 487 028e 0A       		.uleb128 0xa
 488 028f 04       		.byte	0x4
 489 0290 05       		.uleb128 0x5
 490 0291 05040000 		.4byte	.LASF45
 491 0295 24       		.byte	0x24
 492 0296 07       		.byte	0x7
 493 0297 FE       		.byte	0xfe
 494 0298 1D030000 		.4byte	0x31d
 495 029c 0B       		.uleb128 0xb
 496 029d 723400   		.ascii	"r4\000"
 497 02a0 07       		.byte	0x7
 498 02a1 1101     		.2byte	0x111
 499 02a3 83020000 		.4byte	0x283
 500 02a7 02       		.byte	0x2
 501 02a8 23       		.byte	0x23
 502 02a9 00       		.uleb128 0
 503 02aa 0B       		.uleb128 0xb
 504 02ab 723500   		.ascii	"r5\000"
 505 02ae 07       		.byte	0x7
ARM GAS  /tmp/ccvv1p63.s 			page 10


 506 02af 1201     		.2byte	0x112
 507 02b1 83020000 		.4byte	0x283
 508 02b5 02       		.byte	0x2
 509 02b6 23       		.byte	0x23
 510 02b7 04       		.uleb128 0x4
 511 02b8 0B       		.uleb128 0xb
 512 02b9 723600   		.ascii	"r6\000"
 513 02bc 07       		.byte	0x7
 514 02bd 1301     		.2byte	0x113
 515 02bf 83020000 		.4byte	0x283
 516 02c3 02       		.byte	0x2
 517 02c4 23       		.byte	0x23
 518 02c5 08       		.uleb128 0x8
 519 02c6 0B       		.uleb128 0xb
 520 02c7 723700   		.ascii	"r7\000"
 521 02ca 07       		.byte	0x7
 522 02cb 1401     		.2byte	0x114
 523 02cd 83020000 		.4byte	0x283
 524 02d1 02       		.byte	0x2
 525 02d2 23       		.byte	0x23
 526 02d3 0C       		.uleb128 0xc
 527 02d4 0B       		.uleb128 0xb
 528 02d5 723800   		.ascii	"r8\000"
 529 02d8 07       		.byte	0x7
 530 02d9 1501     		.2byte	0x115
 531 02db 83020000 		.4byte	0x283
 532 02df 02       		.byte	0x2
 533 02e0 23       		.byte	0x23
 534 02e1 10       		.uleb128 0x10
 535 02e2 0B       		.uleb128 0xb
 536 02e3 723900   		.ascii	"r9\000"
 537 02e6 07       		.byte	0x7
 538 02e7 1601     		.2byte	0x116
 539 02e9 83020000 		.4byte	0x283
 540 02ed 02       		.byte	0x2
 541 02ee 23       		.byte	0x23
 542 02ef 14       		.uleb128 0x14
 543 02f0 0B       		.uleb128 0xb
 544 02f1 72313000 		.ascii	"r10\000"
 545 02f5 07       		.byte	0x7
 546 02f6 1701     		.2byte	0x117
 547 02f8 83020000 		.4byte	0x283
 548 02fc 02       		.byte	0x2
 549 02fd 23       		.byte	0x23
 550 02fe 18       		.uleb128 0x18
 551 02ff 0B       		.uleb128 0xb
 552 0300 72313100 		.ascii	"r11\000"
 553 0304 07       		.byte	0x7
 554 0305 1801     		.2byte	0x118
 555 0307 83020000 		.4byte	0x283
 556 030b 02       		.byte	0x2
 557 030c 23       		.byte	0x23
 558 030d 1C       		.uleb128 0x1c
 559 030e 0B       		.uleb128 0xb
 560 030f 6C7200   		.ascii	"lr\000"
 561 0312 07       		.byte	0x7
 562 0313 1901     		.2byte	0x119
ARM GAS  /tmp/ccvv1p63.s 			page 11


 563 0315 83020000 		.4byte	0x283
 564 0319 02       		.byte	0x2
 565 031a 23       		.byte	0x23
 566 031b 20       		.uleb128 0x20
 567 031c 00       		.byte	0
 568 031d 0C       		.uleb128 0xc
 569 031e FD030000 		.4byte	.LASF46
 570 0322 04       		.byte	0x4
 571 0323 07       		.byte	0x7
 572 0324 2301     		.2byte	0x123
 573 0326 3A030000 		.4byte	0x33a
 574 032a 0B       		.uleb128 0xb
 575 032b 72313300 		.ascii	"r13\000"
 576 032f 07       		.byte	0x7
 577 0330 2401     		.2byte	0x124
 578 0332 3A030000 		.4byte	0x33a
 579 0336 02       		.byte	0x2
 580 0337 23       		.byte	0x23
 581 0338 00       		.uleb128 0
 582 0339 00       		.byte	0
 583 033a 09       		.uleb128 0x9
 584 033b 04       		.byte	0x4
 585 033c 90020000 		.4byte	0x290
 586 0340 0D       		.uleb128 0xd
 587 0341 FE000000 		.4byte	0xfe
 588 0345 05       		.uleb128 0x5
 589 0346 47020000 		.4byte	.LASF47
 590 034a 10       		.byte	0x10
 591 034b 08       		.byte	0x8
 592 034c 2C       		.byte	0x2c
 593 034d 7C030000 		.4byte	0x37c
 594 0351 06       		.uleb128 0x6
 595 0352 02010000 		.4byte	.LASF48
 596 0356 08       		.byte	0x8
 597 0357 2D       		.byte	0x2d
 598 0358 56020000 		.4byte	0x256
 599 035c 02       		.byte	0x2
 600 035d 23       		.byte	0x23
 601 035e 00       		.uleb128 0
 602 035f 06       		.uleb128 0x6
 603 0360 B7040000 		.4byte	.LASF49
 604 0364 08       		.byte	0x8
 605 0365 2F       		.byte	0x2f
 606 0366 50020000 		.4byte	0x250
 607 036a 02       		.byte	0x2
 608 036b 23       		.byte	0x23
 609 036c 08       		.uleb128 0x8
 610 036d 06       		.uleb128 0x6
 611 036e D8030000 		.4byte	.LASF50
 612 0372 08       		.byte	0x8
 613 0373 31       		.byte	0x31
 614 0374 7C030000 		.4byte	0x37c
 615 0378 02       		.byte	0x2
 616 0379 23       		.byte	0x23
 617 037a 0C       		.uleb128 0xc
 618 037b 00       		.byte	0
 619 037c 09       		.uleb128 0x9
ARM GAS  /tmp/ccvv1p63.s 			page 12


 620 037d 04       		.byte	0x4
 621 037e 45030000 		.4byte	0x345
 622 0382 03       		.uleb128 0x3
 623 0383 47020000 		.4byte	.LASF47
 624 0387 08       		.byte	0x8
 625 0388 33       		.byte	0x33
 626 0389 45030000 		.4byte	0x345
 627 038d 03       		.uleb128 0x3
 628 038e 74040000 		.4byte	.LASF51
 629 0392 09       		.byte	0x9
 630 0393 29       		.byte	0x29
 631 0394 98030000 		.4byte	0x398
 632 0398 05       		.uleb128 0x5
 633 0399 74040000 		.4byte	.LASF51
 634 039d 0C       		.byte	0xc
 635 039e 09       		.byte	0x9
 636 039f 2E       		.byte	0x2e
 637 03a0 CF030000 		.4byte	0x3cf
 638 03a4 06       		.uleb128 0x6
 639 03a5 45030000 		.4byte	.LASF52
 640 03a9 09       		.byte	0x9
 641 03aa 2F       		.byte	0x2f
 642 03ab CF030000 		.4byte	0x3cf
 643 03af 02       		.byte	0x2
 644 03b0 23       		.byte	0x23
 645 03b1 00       		.uleb128 0
 646 03b2 06       		.uleb128 0x6
 647 03b3 F8020000 		.4byte	.LASF53
 648 03b7 09       		.byte	0x9
 649 03b8 32       		.byte	0x32
 650 03b9 50020000 		.4byte	0x250
 651 03bd 02       		.byte	0x2
 652 03be 23       		.byte	0x23
 653 03bf 04       		.uleb128 0x4
 654 03c0 06       		.uleb128 0x6
 655 03c1 6C020000 		.4byte	.LASF54
 656 03c5 09       		.byte	0x9
 657 03c6 34       		.byte	0x34
 658 03c7 F3000000 		.4byte	0xf3
 659 03cb 02       		.byte	0x2
 660 03cc 23       		.byte	0x23
 661 03cd 08       		.uleb128 0x8
 662 03ce 00       		.byte	0
 663 03cf 09       		.uleb128 0x9
 664 03d0 04       		.byte	0x4
 665 03d1 8D030000 		.4byte	0x38d
 666 03d5 05       		.uleb128 0x5
 667 03d6 60010000 		.4byte	.LASF55
 668 03da 04       		.byte	0x4
 669 03db 09       		.byte	0x9
 670 03dc 3C       		.byte	0x3c
 671 03dd F0030000 		.4byte	0x3f0
 672 03e1 06       		.uleb128 0x6
 673 03e2 38040000 		.4byte	.LASF56
 674 03e6 09       		.byte	0x9
 675 03e7 3D       		.byte	0x3d
 676 03e8 CF030000 		.4byte	0x3cf
ARM GAS  /tmp/ccvv1p63.s 			page 13


 677 03ec 02       		.byte	0x2
 678 03ed 23       		.byte	0x23
 679 03ee 00       		.uleb128 0
 680 03ef 00       		.byte	0
 681 03f0 03       		.uleb128 0x3
 682 03f1 60010000 		.4byte	.LASF55
 683 03f5 09       		.byte	0x9
 684 03f6 40       		.byte	0x40
 685 03f7 D5030000 		.4byte	0x3d5
 686 03fb 0E       		.uleb128 0xe
 687 03fc 04       		.byte	0x4
 688 03fd 06       		.byte	0x6
 689 03fe 90       		.byte	0x90
 690 03ff 30040000 		.4byte	0x430
 691 0403 0F       		.uleb128 0xf
 692 0404 10000000 		.4byte	.LASF57
 693 0408 06       		.byte	0x6
 694 0409 97       		.byte	0x97
 695 040a E8000000 		.4byte	0xe8
 696 040e 0F       		.uleb128 0xf
 697 040f 8E000000 		.4byte	.LASF58
 698 0413 06       		.byte	0x6
 699 0414 9E       		.byte	0x9e
 700 0415 E8000000 		.4byte	0xe8
 701 0419 0F       		.uleb128 0xf
 702 041a 82040000 		.4byte	.LASF59
 703 041e 06       		.byte	0x6
 704 041f A5       		.byte	0xa5
 705 0420 8E020000 		.4byte	0x28e
 706 0424 0F       		.uleb128 0xf
 707 0425 2F030000 		.4byte	.LASF60
 708 0429 06       		.byte	0x6
 709 042a AC       		.byte	0xac
 710 042b F3000000 		.4byte	0xf3
 711 042f 00       		.byte	0
 712 0430 09       		.uleb128 0x9
 713 0431 04       		.byte	0x4
 714 0432 36040000 		.4byte	0x436
 715 0436 10       		.uleb128 0x10
 716 0437 3B040000 		.4byte	0x43b
 717 043b 04       		.uleb128 0x4
 718 043c 01       		.byte	0x1
 719 043d 08       		.byte	0x8
 720 043e D3030000 		.4byte	.LASF61
 721 0442 09       		.uleb128 0x9
 722 0443 04       		.byte	0x4
 723 0444 82030000 		.4byte	0x382
 724 0448 03       		.uleb128 0x3
 725 0449 22020000 		.4byte	.LASF62
 726 044d 0A       		.byte	0xa
 727 044e 37       		.byte	0x37
 728 044f 53040000 		.4byte	0x453
 729 0453 05       		.uleb128 0x5
 730 0454 22020000 		.4byte	.LASF62
 731 0458 20       		.byte	0x20
 732 0459 0A       		.byte	0xa
 733 045a 45       		.byte	0x45
ARM GAS  /tmp/ccvv1p63.s 			page 14


 734 045b C2040000 		.4byte	0x4c2
 735 045f 06       		.uleb128 0x6
 736 0460 C2000000 		.4byte	.LASF63
 737 0464 0A       		.byte	0xa
 738 0465 46       		.byte	0x46
 739 0466 56020000 		.4byte	0x256
 740 046a 02       		.byte	0x2
 741 046b 23       		.byte	0x23
 742 046c 00       		.uleb128 0
 743 046d 06       		.uleb128 0x6
 744 046e 3D020000 		.4byte	.LASF64
 745 0472 0A       		.byte	0xa
 746 0473 47       		.byte	0x47
 747 0474 30000000 		.4byte	0x30
 748 0478 02       		.byte	0x2
 749 0479 23       		.byte	0x23
 750 047a 08       		.uleb128 0x8
 751 047b 06       		.uleb128 0x6
 752 047c 29010000 		.4byte	.LASF65
 753 0480 0A       		.byte	0xa
 754 0481 48       		.byte	0x48
 755 0482 E5040000 		.4byte	0x4e5
 756 0486 02       		.byte	0x2
 757 0487 23       		.byte	0x23
 758 0488 0C       		.uleb128 0xc
 759 0489 06       		.uleb128 0x6
 760 048a 2B040000 		.4byte	.LASF66
 761 048e 0A       		.byte	0xa
 762 048f 49       		.byte	0x49
 763 0490 E5040000 		.4byte	0x4e5
 764 0494 02       		.byte	0x2
 765 0495 23       		.byte	0x23
 766 0496 10       		.uleb128 0x10
 767 0497 06       		.uleb128 0x6
 768 0498 32010000 		.4byte	.LASF67
 769 049c 0A       		.byte	0xa
 770 049d 4B       		.byte	0x4b
 771 049e E5040000 		.4byte	0x4e5
 772 04a2 02       		.byte	0x2
 773 04a3 23       		.byte	0x23
 774 04a4 14       		.uleb128 0x14
 775 04a5 06       		.uleb128 0x6
 776 04a6 D4020000 		.4byte	.LASF68
 777 04aa 0A       		.byte	0xa
 778 04ab 4C       		.byte	0x4c
 779 04ac E5040000 		.4byte	0x4e5
 780 04b0 02       		.byte	0x2
 781 04b1 23       		.byte	0x23
 782 04b2 18       		.uleb128 0x18
 783 04b3 06       		.uleb128 0x6
 784 04b4 40040000 		.4byte	.LASF69
 785 04b8 0A       		.byte	0xa
 786 04b9 4D       		.byte	0x4d
 787 04ba C2040000 		.4byte	0x4c2
 788 04be 02       		.byte	0x2
 789 04bf 23       		.byte	0x23
 790 04c0 1C       		.uleb128 0x1c
ARM GAS  /tmp/ccvv1p63.s 			page 15


 791 04c1 00       		.byte	0
 792 04c2 03       		.uleb128 0x3
 793 04c3 18020000 		.4byte	.LASF70
 794 04c7 0A       		.byte	0xa
 795 04c8 3A       		.byte	0x3a
 796 04c9 CD040000 		.4byte	0x4cd
 797 04cd 09       		.uleb128 0x9
 798 04ce 04       		.byte	0x4
 799 04cf D3040000 		.4byte	0x4d3
 800 04d3 11       		.uleb128 0x11
 801 04d4 01       		.byte	0x1
 802 04d5 DF040000 		.4byte	0x4df
 803 04d9 12       		.uleb128 0x12
 804 04da DF040000 		.4byte	0x4df
 805 04de 00       		.byte	0
 806 04df 09       		.uleb128 0x9
 807 04e0 04       		.byte	0x4
 808 04e1 48040000 		.4byte	0x448
 809 04e5 09       		.uleb128 0x9
 810 04e6 04       		.byte	0x4
 811 04e7 49000000 		.4byte	0x49
 812 04eb 03       		.uleb128 0x3
 813 04ec 57040000 		.4byte	.LASF71
 814 04f0 0A       		.byte	0xa
 815 04f1 76       		.byte	0x76
 816 04f2 48040000 		.4byte	0x448
 817 04f6 03       		.uleb128 0x3
 818 04f7 17000000 		.4byte	.LASF72
 819 04fb 0A       		.byte	0xa
 820 04fc E6       		.byte	0xe6
 821 04fd 48040000 		.4byte	0x448
 822 0501 13       		.uleb128 0x13
 823 0502 01       		.byte	0x1
 824 0503 30000000 		.4byte	0x30
 825 0507 1B050000 		.4byte	0x51b
 826 050b 12       		.uleb128 0x12
 827 050c 8E020000 		.4byte	0x28e
 828 0510 12       		.uleb128 0x12
 829 0511 1B050000 		.4byte	0x51b
 830 0515 12       		.uleb128 0x12
 831 0516 30000000 		.4byte	0x30
 832 051a 00       		.byte	0
 833 051b 09       		.uleb128 0x9
 834 051c 04       		.byte	0x4
 835 051d 21050000 		.4byte	0x521
 836 0521 10       		.uleb128 0x10
 837 0522 49000000 		.4byte	0x49
 838 0526 09       		.uleb128 0x9
 839 0527 04       		.byte	0x4
 840 0528 01050000 		.4byte	0x501
 841 052c 13       		.uleb128 0x13
 842 052d 01       		.byte	0x1
 843 052e 30000000 		.4byte	0x30
 844 0532 46050000 		.4byte	0x546
 845 0536 12       		.uleb128 0x12
 846 0537 8E020000 		.4byte	0x28e
 847 053b 12       		.uleb128 0x12
ARM GAS  /tmp/ccvv1p63.s 			page 16


 848 053c E5040000 		.4byte	0x4e5
 849 0540 12       		.uleb128 0x12
 850 0541 30000000 		.4byte	0x30
 851 0545 00       		.byte	0
 852 0546 09       		.uleb128 0x9
 853 0547 04       		.byte	0x4
 854 0548 2C050000 		.4byte	0x52c
 855 054c 05       		.uleb128 0x5
 856 054d 7F000000 		.4byte	.LASF73
 857 0551 20       		.byte	0x20
 858 0552 0B       		.byte	0xb
 859 0553 51       		.byte	0x51
 860 0554 C9050000 		.4byte	0x5c9
 861 0558 06       		.uleb128 0x6
 862 0559 2F020000 		.4byte	.LASF74
 863 055d 0B       		.byte	0xb
 864 055e 52       		.byte	0x52
 865 055f 26050000 		.4byte	0x526
 866 0563 02       		.byte	0x2
 867 0564 23       		.byte	0x23
 868 0565 00       		.uleb128 0
 869 0566 06       		.uleb128 0x6
 870 0567 CE030000 		.4byte	.LASF75
 871 056b 0B       		.byte	0xb
 872 056c 52       		.byte	0x52
 873 056d 46050000 		.4byte	0x546
 874 0571 02       		.byte	0x2
 875 0572 23       		.byte	0x23
 876 0573 04       		.uleb128 0x4
 877 0574 06       		.uleb128 0x6
 878 0575 49010000 		.4byte	.LASF76
 879 0579 0B       		.byte	0xb
 880 057a 52       		.byte	0x52
 881 057b D9050000 		.4byte	0x5d9
 882 057f 02       		.byte	0x2
 883 0580 23       		.byte	0x23
 884 0581 08       		.uleb128 0x8
 885 0582 06       		.uleb128 0x6
 886 0583 89040000 		.4byte	.LASF77
 887 0587 0B       		.byte	0xb
 888 0588 52       		.byte	0x52
 889 0589 D9050000 		.4byte	0x5d9
 890 058d 02       		.byte	0x2
 891 058e 23       		.byte	0x23
 892 058f 0C       		.uleb128 0xc
 893 0590 07       		.uleb128 0x7
 894 0591 70757400 		.ascii	"put\000"
 895 0595 0B       		.byte	0xb
 896 0596 52       		.byte	0x52
 897 0597 F9050000 		.4byte	0x5f9
 898 059b 02       		.byte	0x2
 899 059c 23       		.byte	0x23
 900 059d 10       		.uleb128 0x10
 901 059e 07       		.uleb128 0x7
 902 059f 67657400 		.ascii	"get\000"
 903 05a3 0B       		.byte	0xb
 904 05a4 52       		.byte	0x52
ARM GAS  /tmp/ccvv1p63.s 			page 17


 905 05a5 14060000 		.4byte	0x614
 906 05a9 02       		.byte	0x2
 907 05aa 23       		.byte	0x23
 908 05ab 14       		.uleb128 0x14
 909 05ac 06       		.uleb128 0x6
 910 05ad F1010000 		.4byte	.LASF78
 911 05b1 0B       		.byte	0xb
 912 05b2 52       		.byte	0x52
 913 05b3 39060000 		.4byte	0x639
 914 05b7 02       		.byte	0x2
 915 05b8 23       		.byte	0x23
 916 05b9 18       		.uleb128 0x18
 917 05ba 06       		.uleb128 0x6
 918 05bb B2000000 		.4byte	.LASF79
 919 05bf 0B       		.byte	0xb
 920 05c0 52       		.byte	0x52
 921 05c1 5E060000 		.4byte	0x65e
 922 05c5 02       		.byte	0x2
 923 05c6 23       		.byte	0x23
 924 05c7 1C       		.uleb128 0x1c
 925 05c8 00       		.byte	0
 926 05c9 13       		.uleb128 0x13
 927 05ca 01       		.byte	0x1
 928 05cb B1000000 		.4byte	0xb1
 929 05cf D9050000 		.4byte	0x5d9
 930 05d3 12       		.uleb128 0x12
 931 05d4 8E020000 		.4byte	0x28e
 932 05d8 00       		.byte	0
 933 05d9 09       		.uleb128 0x9
 934 05da 04       		.byte	0x4
 935 05db C9050000 		.4byte	0x5c9
 936 05df 13       		.uleb128 0x13
 937 05e0 01       		.byte	0x1
 938 05e1 E8000000 		.4byte	0xe8
 939 05e5 F9050000 		.4byte	0x5f9
 940 05e9 12       		.uleb128 0x12
 941 05ea 8E020000 		.4byte	0x28e
 942 05ee 12       		.uleb128 0x12
 943 05ef 49000000 		.4byte	0x49
 944 05f3 12       		.uleb128 0x12
 945 05f4 FE000000 		.4byte	0xfe
 946 05f8 00       		.byte	0
 947 05f9 09       		.uleb128 0x9
 948 05fa 04       		.byte	0x4
 949 05fb DF050000 		.4byte	0x5df
 950 05ff 13       		.uleb128 0x13
 951 0600 01       		.byte	0x1
 952 0601 E8000000 		.4byte	0xe8
 953 0605 14060000 		.4byte	0x614
 954 0609 12       		.uleb128 0x12
 955 060a 8E020000 		.4byte	0x28e
 956 060e 12       		.uleb128 0x12
 957 060f FE000000 		.4byte	0xfe
 958 0613 00       		.byte	0
 959 0614 09       		.uleb128 0x9
 960 0615 04       		.byte	0x4
 961 0616 FF050000 		.4byte	0x5ff
ARM GAS  /tmp/ccvv1p63.s 			page 18


 962 061a 13       		.uleb128 0x13
 963 061b 01       		.byte	0x1
 964 061c 30000000 		.4byte	0x30
 965 0620 39060000 		.4byte	0x639
 966 0624 12       		.uleb128 0x12
 967 0625 8E020000 		.4byte	0x28e
 968 0629 12       		.uleb128 0x12
 969 062a 1B050000 		.4byte	0x51b
 970 062e 12       		.uleb128 0x12
 971 062f 30000000 		.4byte	0x30
 972 0633 12       		.uleb128 0x12
 973 0634 FE000000 		.4byte	0xfe
 974 0638 00       		.byte	0
 975 0639 09       		.uleb128 0x9
 976 063a 04       		.byte	0x4
 977 063b 1A060000 		.4byte	0x61a
 978 063f 13       		.uleb128 0x13
 979 0640 01       		.byte	0x1
 980 0641 30000000 		.4byte	0x30
 981 0645 5E060000 		.4byte	0x65e
 982 0649 12       		.uleb128 0x12
 983 064a 8E020000 		.4byte	0x28e
 984 064e 12       		.uleb128 0x12
 985 064f E5040000 		.4byte	0x4e5
 986 0653 12       		.uleb128 0x12
 987 0654 30000000 		.4byte	0x30
 988 0658 12       		.uleb128 0x12
 989 0659 FE000000 		.4byte	0xfe
 990 065d 00       		.byte	0
 991 065e 09       		.uleb128 0x9
 992 065f 04       		.byte	0x4
 993 0660 3F060000 		.4byte	0x63f
 994 0664 08       		.uleb128 0x8
 995 0665 04       		.byte	0x4
 996 0666 0B       		.byte	0xb
 997 0667 5C       		.byte	0x5c
 998 0668 7B060000 		.4byte	0x67b
 999 066c 07       		.uleb128 0x7
 1000 066d 766D7400 		.ascii	"vmt\000"
 1001 0671 0B       		.byte	0xb
 1002 0672 5E       		.byte	0x5e
 1003 0673 7B060000 		.4byte	0x67b
 1004 0677 02       		.byte	0x2
 1005 0678 23       		.byte	0x23
 1006 0679 00       		.uleb128 0
 1007 067a 00       		.byte	0
 1008 067b 09       		.uleb128 0x9
 1009 067c 04       		.byte	0x4
 1010 067d 81060000 		.4byte	0x681
 1011 0681 10       		.uleb128 0x10
 1012 0682 4C050000 		.4byte	0x54c
 1013 0686 03       		.uleb128 0x3
 1014 0687 62040000 		.4byte	.LASF80
 1015 068b 0B       		.byte	0xb
 1016 068c 60       		.byte	0x60
 1017 068d 64060000 		.4byte	0x664
 1018 0691 14       		.uleb128 0x14
ARM GAS  /tmp/ccvv1p63.s 			page 19


 1019 0692 55020000 		.4byte	.LASF81
 1020 0696 0B       		.byte	0xb
 1021 0697 0B01     		.2byte	0x10b
 1022 0699 A6000000 		.4byte	0xa6
 1023 069d 13       		.uleb128 0x13
 1024 069e 01       		.byte	0x1
 1025 069f 91060000 		.4byte	0x691
 1026 06a3 AD060000 		.4byte	0x6ad
 1027 06a7 12       		.uleb128 0x12
 1028 06a8 8E020000 		.4byte	0x28e
 1029 06ac 00       		.byte	0
 1030 06ad 09       		.uleb128 0x9
 1031 06ae 04       		.byte	0x4
 1032 06af 9D060000 		.4byte	0x69d
 1033 06b3 0D       		.uleb128 0xd
 1034 06b4 62000000 		.4byte	0x62
 1035 06b8 0D       		.uleb128 0xd
 1036 06b9 74000000 		.4byte	0x74
 1037 06bd 15       		.uleb128 0x15
 1038 06be 1C       		.byte	0x1c
 1039 06bf 0C       		.byte	0xc
 1040 06c0 9303     		.2byte	0x393
 1041 06c2 97070000 		.4byte	0x797
 1042 06c6 0B       		.uleb128 0xb
 1043 06c7 535200   		.ascii	"SR\000"
 1044 06ca 0C       		.byte	0xc
 1045 06cb 9503     		.2byte	0x395
 1046 06cd B3060000 		.4byte	0x6b3
 1047 06d1 02       		.byte	0x2
 1048 06d2 23       		.byte	0x23
 1049 06d3 00       		.uleb128 0
 1050 06d4 16       		.uleb128 0x16
 1051 06d5 89020000 		.4byte	.LASF82
 1052 06d9 0C       		.byte	0xc
 1053 06da 9603     		.2byte	0x396
 1054 06dc 62000000 		.4byte	0x62
 1055 06e0 02       		.byte	0x2
 1056 06e1 23       		.byte	0x23
 1057 06e2 02       		.uleb128 0x2
 1058 06e3 0B       		.uleb128 0xb
 1059 06e4 445200   		.ascii	"DR\000"
 1060 06e7 0C       		.byte	0xc
 1061 06e8 9703     		.2byte	0x397
 1062 06ea B3060000 		.4byte	0x6b3
 1063 06ee 02       		.byte	0x2
 1064 06ef 23       		.byte	0x23
 1065 06f0 04       		.uleb128 0x4
 1066 06f1 16       		.uleb128 0x16
 1067 06f2 93020000 		.4byte	.LASF83
 1068 06f6 0C       		.byte	0xc
 1069 06f7 9803     		.2byte	0x398
 1070 06f9 62000000 		.4byte	0x62
 1071 06fd 02       		.byte	0x2
 1072 06fe 23       		.byte	0x23
 1073 06ff 06       		.uleb128 0x6
 1074 0700 0B       		.uleb128 0xb
 1075 0701 42525200 		.ascii	"BRR\000"
ARM GAS  /tmp/ccvv1p63.s 			page 20


 1076 0705 0C       		.byte	0xc
 1077 0706 9903     		.2byte	0x399
 1078 0708 B3060000 		.4byte	0x6b3
 1079 070c 02       		.byte	0x2
 1080 070d 23       		.byte	0x23
 1081 070e 08       		.uleb128 0x8
 1082 070f 16       		.uleb128 0x16
 1083 0710 9D020000 		.4byte	.LASF84
 1084 0714 0C       		.byte	0xc
 1085 0715 9A03     		.2byte	0x39a
 1086 0717 62000000 		.4byte	0x62
 1087 071b 02       		.byte	0x2
 1088 071c 23       		.byte	0x23
 1089 071d 0A       		.uleb128 0xa
 1090 071e 0B       		.uleb128 0xb
 1091 071f 43523100 		.ascii	"CR1\000"
 1092 0723 0C       		.byte	0xc
 1093 0724 9B03     		.2byte	0x39b
 1094 0726 B3060000 		.4byte	0x6b3
 1095 072a 02       		.byte	0x2
 1096 072b 23       		.byte	0x23
 1097 072c 0C       		.uleb128 0xc
 1098 072d 16       		.uleb128 0x16
 1099 072e A7020000 		.4byte	.LASF85
 1100 0732 0C       		.byte	0xc
 1101 0733 9C03     		.2byte	0x39c
 1102 0735 62000000 		.4byte	0x62
 1103 0739 02       		.byte	0x2
 1104 073a 23       		.byte	0x23
 1105 073b 0E       		.uleb128 0xe
 1106 073c 0B       		.uleb128 0xb
 1107 073d 43523200 		.ascii	"CR2\000"
 1108 0741 0C       		.byte	0xc
 1109 0742 9D03     		.2byte	0x39d
 1110 0744 B3060000 		.4byte	0x6b3
 1111 0748 02       		.byte	0x2
 1112 0749 23       		.byte	0x23
 1113 074a 10       		.uleb128 0x10
 1114 074b 16       		.uleb128 0x16
 1115 074c B1020000 		.4byte	.LASF86
 1116 0750 0C       		.byte	0xc
 1117 0751 9E03     		.2byte	0x39e
 1118 0753 62000000 		.4byte	0x62
 1119 0757 02       		.byte	0x2
 1120 0758 23       		.byte	0x23
 1121 0759 12       		.uleb128 0x12
 1122 075a 0B       		.uleb128 0xb
 1123 075b 43523300 		.ascii	"CR3\000"
 1124 075f 0C       		.byte	0xc
 1125 0760 9F03     		.2byte	0x39f
 1126 0762 B3060000 		.4byte	0x6b3
 1127 0766 02       		.byte	0x2
 1128 0767 23       		.byte	0x23
 1129 0768 14       		.uleb128 0x14
 1130 0769 16       		.uleb128 0x16
 1131 076a 82030000 		.4byte	.LASF87
 1132 076e 0C       		.byte	0xc
ARM GAS  /tmp/ccvv1p63.s 			page 21


 1133 076f A003     		.2byte	0x3a0
 1134 0771 62000000 		.4byte	0x62
 1135 0775 02       		.byte	0x2
 1136 0776 23       		.byte	0x23
 1137 0777 16       		.uleb128 0x16
 1138 0778 16       		.uleb128 0x16
 1139 0779 E6000000 		.4byte	.LASF88
 1140 077d 0C       		.byte	0xc
 1141 077e A103     		.2byte	0x3a1
 1142 0780 B3060000 		.4byte	0x6b3
 1143 0784 02       		.byte	0x2
 1144 0785 23       		.byte	0x23
 1145 0786 18       		.uleb128 0x18
 1146 0787 16       		.uleb128 0x16
 1147 0788 C2020000 		.4byte	.LASF89
 1148 078c 0C       		.byte	0xc
 1149 078d A203     		.2byte	0x3a2
 1150 078f 62000000 		.4byte	0x62
 1151 0793 02       		.byte	0x2
 1152 0794 23       		.byte	0x23
 1153 0795 1A       		.uleb128 0x1a
 1154 0796 00       		.byte	0
 1155 0797 14       		.uleb128 0x14
 1156 0798 E3010000 		.4byte	.LASF90
 1157 079c 0C       		.byte	0xc
 1158 079d A303     		.2byte	0x3a3
 1159 079f BD060000 		.4byte	0x6bd
 1160 07a3 17       		.uleb128 0x17
 1161 07a4 01       		.byte	0x1
 1162 07a5 0D       		.byte	0xd
 1163 07a6 64       		.byte	0x64
 1164 07a7 BE070000 		.4byte	0x7be
 1165 07ab 18       		.uleb128 0x18
 1166 07ac 78030000 		.4byte	.LASF91
 1167 07b0 00       		.sleb128 0
 1168 07b1 18       		.uleb128 0x18
 1169 07b2 4D030000 		.4byte	.LASF92
 1170 07b6 01       		.sleb128 1
 1171 07b7 18       		.uleb128 0x18
 1172 07b8 0C040000 		.4byte	.LASF93
 1173 07bc 02       		.sleb128 2
 1174 07bd 00       		.byte	0
 1175 07be 03       		.uleb128 0x3
 1176 07bf 99030000 		.4byte	.LASF94
 1177 07c3 0D       		.byte	0xd
 1178 07c4 68       		.byte	0x68
 1179 07c5 A3070000 		.4byte	0x7a3
 1180 07c9 03       		.uleb128 0x3
 1181 07ca A3030000 		.4byte	.LASF95
 1182 07ce 0D       		.byte	0xd
 1183 07cf 6D       		.byte	0x6d
 1184 07d0 D4070000 		.4byte	0x7d4
 1185 07d4 05       		.uleb128 0x5
 1186 07d5 A3030000 		.4byte	.LASF95
 1187 07d9 74       		.byte	0x74
 1188 07da 0D       		.byte	0xd
 1189 07db 87       		.byte	0x87
ARM GAS  /tmp/ccvv1p63.s 			page 22


 1190 07dc 5D080000 		.4byte	0x85d
 1191 07e0 07       		.uleb128 0x7
 1192 07e1 766D7400 		.ascii	"vmt\000"
 1193 07e5 0D       		.byte	0xd
 1194 07e6 89       		.byte	0x89
 1195 07e7 34090000 		.4byte	0x934
 1196 07eb 02       		.byte	0x2
 1197 07ec 23       		.byte	0x23
 1198 07ed 00       		.uleb128 0
 1199 07ee 06       		.uleb128 0x6
 1200 07ef AA010000 		.4byte	.LASF96
 1201 07f3 0D       		.byte	0xd
 1202 07f4 8A       		.byte	0x8a
 1203 07f5 F0030000 		.4byte	0x3f0
 1204 07f9 02       		.byte	0x2
 1205 07fa 23       		.byte	0x23
 1206 07fb 04       		.uleb128 0x4
 1207 07fc 06       		.uleb128 0x6
 1208 07fd 6E040000 		.4byte	.LASF97
 1209 0801 0D       		.byte	0xd
 1210 0802 8A       		.byte	0x8a
 1211 0803 91060000 		.4byte	0x691
 1212 0807 02       		.byte	0x2
 1213 0808 23       		.byte	0x23
 1214 0809 08       		.uleb128 0x8
 1215 080a 06       		.uleb128 0x6
 1216 080b 0A010000 		.4byte	.LASF98
 1217 080f 0D       		.byte	0xd
 1218 0810 8A       		.byte	0x8a
 1219 0811 BE070000 		.4byte	0x7be
 1220 0815 02       		.byte	0x2
 1221 0816 23       		.byte	0x23
 1222 0817 0C       		.uleb128 0xc
 1223 0818 06       		.uleb128 0x6
 1224 0819 98010000 		.4byte	.LASF99
 1225 081d 0D       		.byte	0xd
 1226 081e 8A       		.byte	0x8a
 1227 081f EB040000 		.4byte	0x4eb
 1228 0823 02       		.byte	0x2
 1229 0824 23       		.byte	0x23
 1230 0825 10       		.uleb128 0x10
 1231 0826 06       		.uleb128 0x6
 1232 0827 DC010000 		.4byte	.LASF100
 1233 082b 0D       		.byte	0xd
 1234 082c 8A       		.byte	0x8a
 1235 082d F6040000 		.4byte	0x4f6
 1236 0831 02       		.byte	0x2
 1237 0832 23       		.byte	0x23
 1238 0833 30       		.uleb128 0x30
 1239 0834 07       		.uleb128 0x7
 1240 0835 696200   		.ascii	"ib\000"
 1241 0838 0D       		.byte	0xd
 1242 0839 8A       		.byte	0x8a
 1243 083a 3F090000 		.4byte	0x93f
 1244 083e 02       		.byte	0x2
 1245 083f 23       		.byte	0x23
 1246 0840 50       		.uleb128 0x50
ARM GAS  /tmp/ccvv1p63.s 			page 23


 1247 0841 07       		.uleb128 0x7
 1248 0842 6F6200   		.ascii	"ob\000"
 1249 0845 0D       		.byte	0xd
 1250 0846 8A       		.byte	0x8a
 1251 0847 3F090000 		.4byte	0x93f
 1252 084b 02       		.byte	0x2
 1253 084c 23       		.byte	0x23
 1254 084d 60       		.uleb128 0x60
 1255 084e 06       		.uleb128 0x6
 1256 084f 6C010000 		.4byte	.LASF101
 1257 0853 0D       		.byte	0xd
 1258 0854 8A       		.byte	0x8a
 1259 0855 4F090000 		.4byte	0x94f
 1260 0859 02       		.byte	0x2
 1261 085a 23       		.byte	0x23
 1262 085b 70       		.uleb128 0x70
 1263 085c 00       		.byte	0
 1264 085d 08       		.uleb128 0x8
 1265 085e 0C       		.byte	0xc
 1266 085f 0E       		.byte	0xe
 1267 0860 C4       		.byte	0xc4
 1268 0861 9E080000 		.4byte	0x89e
 1269 0865 06       		.uleb128 0x6
 1270 0866 00000000 		.4byte	.LASF102
 1271 086a 0E       		.byte	0xe
 1272 086b C8       		.byte	0xc8
 1273 086c 86000000 		.4byte	0x86
 1274 0870 02       		.byte	0x2
 1275 0871 23       		.byte	0x23
 1276 0872 00       		.uleb128 0
 1277 0873 06       		.uleb128 0x6
 1278 0874 9D040000 		.4byte	.LASF103
 1279 0878 0E       		.byte	0xe
 1280 0879 CC       		.byte	0xcc
 1281 087a 62000000 		.4byte	0x62
 1282 087e 02       		.byte	0x2
 1283 087f 23       		.byte	0x23
 1284 0880 04       		.uleb128 0x4
 1285 0881 06       		.uleb128 0x6
 1286 0882 A4040000 		.4byte	.LASF104
 1287 0886 0E       		.byte	0xe
 1288 0887 D0       		.byte	0xd0
 1289 0888 62000000 		.4byte	0x62
 1290 088c 02       		.byte	0x2
 1291 088d 23       		.byte	0x23
 1292 088e 06       		.uleb128 0x6
 1293 088f 06       		.uleb128 0x6
 1294 0890 AB040000 		.4byte	.LASF105
 1295 0894 0E       		.byte	0xe
 1296 0895 D4       		.byte	0xd4
 1297 0896 62000000 		.4byte	0x62
 1298 089a 02       		.byte	0x2
 1299 089b 23       		.byte	0x23
 1300 089c 08       		.uleb128 0x8
 1301 089d 00       		.byte	0
 1302 089e 03       		.uleb128 0x3
 1303 089f 74020000 		.4byte	.LASF106
ARM GAS  /tmp/ccvv1p63.s 			page 24


 1304 08a3 0E       		.byte	0xe
 1305 08a4 D5       		.byte	0xd5
 1306 08a5 5D080000 		.4byte	0x85d
 1307 08a9 05       		.uleb128 0x5
 1308 08aa 88010000 		.4byte	.LASF107
 1309 08ae 24       		.byte	0x24
 1310 08af 0D       		.byte	0xd
 1311 08b0 7C       		.byte	0x7c
 1312 08b1 34090000 		.4byte	0x934
 1313 08b5 06       		.uleb128 0x6
 1314 08b6 2F020000 		.4byte	.LASF74
 1315 08ba 0D       		.byte	0xd
 1316 08bb 7D       		.byte	0x7d
 1317 08bc 26050000 		.4byte	0x526
 1318 08c0 02       		.byte	0x2
 1319 08c1 23       		.byte	0x23
 1320 08c2 00       		.uleb128 0
 1321 08c3 06       		.uleb128 0x6
 1322 08c4 CE030000 		.4byte	.LASF75
 1323 08c8 0D       		.byte	0xd
 1324 08c9 7D       		.byte	0x7d
 1325 08ca 46050000 		.4byte	0x546
 1326 08ce 02       		.byte	0x2
 1327 08cf 23       		.byte	0x23
 1328 08d0 04       		.uleb128 0x4
 1329 08d1 06       		.uleb128 0x6
 1330 08d2 49010000 		.4byte	.LASF76
 1331 08d6 0D       		.byte	0xd
 1332 08d7 7D       		.byte	0x7d
 1333 08d8 D9050000 		.4byte	0x5d9
 1334 08dc 02       		.byte	0x2
 1335 08dd 23       		.byte	0x23
 1336 08de 08       		.uleb128 0x8
 1337 08df 06       		.uleb128 0x6
 1338 08e0 89040000 		.4byte	.LASF77
 1339 08e4 0D       		.byte	0xd
 1340 08e5 7D       		.byte	0x7d
 1341 08e6 D9050000 		.4byte	0x5d9
 1342 08ea 02       		.byte	0x2
 1343 08eb 23       		.byte	0x23
 1344 08ec 0C       		.uleb128 0xc
 1345 08ed 07       		.uleb128 0x7
 1346 08ee 70757400 		.ascii	"put\000"
 1347 08f2 0D       		.byte	0xd
 1348 08f3 7D       		.byte	0x7d
 1349 08f4 F9050000 		.4byte	0x5f9
 1350 08f8 02       		.byte	0x2
 1351 08f9 23       		.byte	0x23
 1352 08fa 10       		.uleb128 0x10
 1353 08fb 07       		.uleb128 0x7
 1354 08fc 67657400 		.ascii	"get\000"
 1355 0900 0D       		.byte	0xd
 1356 0901 7D       		.byte	0x7d
 1357 0902 14060000 		.4byte	0x614
 1358 0906 02       		.byte	0x2
 1359 0907 23       		.byte	0x23
 1360 0908 14       		.uleb128 0x14
ARM GAS  /tmp/ccvv1p63.s 			page 25


 1361 0909 06       		.uleb128 0x6
 1362 090a F1010000 		.4byte	.LASF78
 1363 090e 0D       		.byte	0xd
 1364 090f 7D       		.byte	0x7d
 1365 0910 39060000 		.4byte	0x639
 1366 0914 02       		.byte	0x2
 1367 0915 23       		.byte	0x23
 1368 0916 18       		.uleb128 0x18
 1369 0917 06       		.uleb128 0x6
 1370 0918 B2000000 		.4byte	.LASF79
 1371 091c 0D       		.byte	0xd
 1372 091d 7D       		.byte	0x7d
 1373 091e 5E060000 		.4byte	0x65e
 1374 0922 02       		.byte	0x2
 1375 0923 23       		.byte	0x23
 1376 0924 1C       		.uleb128 0x1c
 1377 0925 06       		.uleb128 0x6
 1378 0926 F4030000 		.4byte	.LASF108
 1379 092a 0D       		.byte	0xd
 1380 092b 7D       		.byte	0x7d
 1381 092c AD060000 		.4byte	0x6ad
 1382 0930 02       		.byte	0x2
 1383 0931 23       		.byte	0x23
 1384 0932 20       		.uleb128 0x20
 1385 0933 00       		.byte	0
 1386 0934 09       		.uleb128 0x9
 1387 0935 04       		.byte	0x4
 1388 0936 3A090000 		.4byte	0x93a
 1389 093a 10       		.uleb128 0x10
 1390 093b A9080000 		.4byte	0x8a9
 1391 093f 19       		.uleb128 0x19
 1392 0940 49000000 		.4byte	0x49
 1393 0944 4F090000 		.4byte	0x94f
 1394 0948 1A       		.uleb128 0x1a
 1395 0949 3B000000 		.4byte	0x3b
 1396 094d 0F       		.byte	0xf
 1397 094e 00       		.byte	0
 1398 094f 09       		.uleb128 0x9
 1399 0950 04       		.byte	0x4
 1400 0951 97070000 		.4byte	0x797
 1401 0955 05       		.uleb128 0x5
 1402 0956 5C030000 		.4byte	.LASF109
 1403 095a B0       		.byte	0xb0
 1404 095b 0F       		.byte	0xf
 1405 095c 15       		.byte	0x15
 1406 095d 9B090000 		.4byte	0x99b
 1407 0961 06       		.uleb128 0x6
 1408 0962 97040000 		.4byte	.LASF110
 1409 0966 0F       		.byte	0xf
 1410 0967 16       		.byte	0x16
 1411 0968 29000000 		.4byte	0x29
 1412 096c 02       		.byte	0x2
 1413 096d 23       		.byte	0x23
 1414 096e 00       		.uleb128 0
 1415 096f 07       		.uleb128 0x7
 1416 0970 656E6400 		.ascii	"end\000"
 1417 0974 0F       		.byte	0xf
ARM GAS  /tmp/ccvv1p63.s 			page 26


 1418 0975 17       		.byte	0x17
 1419 0976 29000000 		.4byte	0x29
 1420 097a 02       		.byte	0x2
 1421 097b 23       		.byte	0x23
 1422 097c 04       		.uleb128 0x4
 1423 097d 06       		.uleb128 0x6
 1424 097e 35020000 		.4byte	.LASF111
 1425 0982 0F       		.byte	0xf
 1426 0983 18       		.byte	0x18
 1427 0984 9B090000 		.4byte	0x99b
 1428 0988 02       		.byte	0x2
 1429 0989 23       		.byte	0x23
 1430 098a 08       		.uleb128 0x8
 1431 098b 06       		.uleb128 0x6
 1432 098c DC020000 		.4byte	.LASF112
 1433 0990 0F       		.byte	0xf
 1434 0991 19       		.byte	0x19
 1435 0992 82030000 		.4byte	0x382
 1436 0996 03       		.byte	0x3
 1437 0997 23       		.byte	0x23
 1438 0998 A001     		.uleb128 0xa0
 1439 099a 00       		.byte	0
 1440 099b 19       		.uleb128 0x19
 1441 099c 3B040000 		.4byte	0x43b
 1442 09a0 AB090000 		.4byte	0x9ab
 1443 09a4 1A       		.uleb128 0x1a
 1444 09a5 3B000000 		.4byte	0x3b
 1445 09a9 95       		.byte	0x95
 1446 09aa 00       		.byte	0
 1447 09ab 03       		.uleb128 0x3
 1448 09ac 04030000 		.4byte	.LASF113
 1449 09b0 0F       		.byte	0xf
 1450 09b1 1A       		.byte	0x1a
 1451 09b2 55090000 		.4byte	0x955
 1452 09b6 1B       		.uleb128 0x1b
 1453 09b7 01       		.byte	0x1
 1454 09b8 B2040000 		.4byte	.LASF122
 1455 09bc 01       		.byte	0x1
 1456 09bd 19       		.byte	0x19
 1457 09be 01       		.byte	0x1
 1458 09bf 29000000 		.4byte	0x29
 1459 09c3 00000000 		.4byte	.LFB117
 1460 09c7 90000000 		.4byte	.LFE117
 1461 09cb 00000000 		.4byte	.LLST0
 1462 09cf F0090000 		.4byte	0x9f0
 1463 09d3 1C       		.uleb128 0x1c
 1464 09d4 C3010000 		.4byte	.LASF114
 1465 09d8 01       		.byte	0x1
 1466 09d9 1B       		.byte	0x1b
 1467 09da 50020000 		.4byte	0x250
 1468 09de 02       		.byte	0x2
 1469 09df 91       		.byte	0x91
 1470 09e0 74       		.sleb128 -12
 1471 09e1 1C       		.uleb128 0x1c
 1472 09e2 B8000000 		.4byte	.LASF115
 1473 09e6 01       		.byte	0x1
 1474 09e7 1C       		.byte	0x1c
ARM GAS  /tmp/ccvv1p63.s 			page 27


 1475 09e8 9E080000 		.4byte	0x89e
 1476 09ec 02       		.byte	0x2
 1477 09ed 91       		.byte	0x91
 1478 09ee 68       		.sleb128 -24
 1479 09ef 00       		.byte	0
 1480 09f0 1D       		.uleb128 0x1d
 1481 09f1 97000000 		.4byte	.LASF116
 1482 09f5 10       		.byte	0x10
 1483 09f6 1A05     		.2byte	0x51a
 1484 09f8 B8060000 		.4byte	0x6b8
 1485 09fc 01       		.byte	0x1
 1486 09fd 01       		.byte	0x1
 1487 09fe 1E       		.uleb128 0x1e
 1488 09ff 53443200 		.ascii	"SD2\000"
 1489 0a03 0E       		.byte	0xe
 1490 0a04 FE       		.byte	0xfe
 1491 0a05 C9070000 		.4byte	0x7c9
 1492 0a09 01       		.byte	0x1
 1493 0a0a 01       		.byte	0x1
 1494 0a0b 1F       		.uleb128 0x1f
 1495 0a0c F3000000 		.4byte	.LASF117
 1496 0a10 11       		.byte	0x11
 1497 0a11 2F       		.byte	0x2f
 1498 0a12 82030000 		.4byte	0x382
 1499 0a16 01       		.byte	0x1
 1500 0a17 01       		.byte	0x1
 1501 0a18 20       		.uleb128 0x20
 1502 0a19 8C030000 		.4byte	.LASF118
 1503 0a1d 01       		.byte	0x1
 1504 0a1e 17       		.byte	0x17
 1505 0a1f AB090000 		.4byte	0x9ab
 1506 0a23 01       		.byte	0x1
 1507 0a24 05       		.byte	0x5
 1508 0a25 03       		.byte	0x3
 1509 0a26 00000000 		.4byte	outputBuffer
 1510 0a2a 00       		.byte	0
 1511              		.section	.debug_abbrev,"",%progbits
 1512              	.Ldebug_abbrev0:
 1513 0000 01       		.uleb128 0x1
 1514 0001 11       		.uleb128 0x11
 1515 0002 01       		.byte	0x1
 1516 0003 25       		.uleb128 0x25
 1517 0004 0E       		.uleb128 0xe
 1518 0005 13       		.uleb128 0x13
 1519 0006 0B       		.uleb128 0xb
 1520 0007 03       		.uleb128 0x3
 1521 0008 0E       		.uleb128 0xe
 1522 0009 1B       		.uleb128 0x1b
 1523 000a 0E       		.uleb128 0xe
 1524 000b 11       		.uleb128 0x11
 1525 000c 01       		.uleb128 0x1
 1526 000d 52       		.uleb128 0x52
 1527 000e 01       		.uleb128 0x1
 1528 000f 55       		.uleb128 0x55
 1529 0010 06       		.uleb128 0x6
 1530 0011 10       		.uleb128 0x10
 1531 0012 06       		.uleb128 0x6
ARM GAS  /tmp/ccvv1p63.s 			page 28


 1532 0013 00       		.byte	0
 1533 0014 00       		.byte	0
 1534 0015 02       		.uleb128 0x2
 1535 0016 24       		.uleb128 0x24
 1536 0017 00       		.byte	0
 1537 0018 0B       		.uleb128 0xb
 1538 0019 0B       		.uleb128 0xb
 1539 001a 3E       		.uleb128 0x3e
 1540 001b 0B       		.uleb128 0xb
 1541 001c 03       		.uleb128 0x3
 1542 001d 08       		.uleb128 0x8
 1543 001e 00       		.byte	0
 1544 001f 00       		.byte	0
 1545 0020 03       		.uleb128 0x3
 1546 0021 16       		.uleb128 0x16
 1547 0022 00       		.byte	0
 1548 0023 03       		.uleb128 0x3
 1549 0024 0E       		.uleb128 0xe
 1550 0025 3A       		.uleb128 0x3a
 1551 0026 0B       		.uleb128 0xb
 1552 0027 3B       		.uleb128 0x3b
 1553 0028 0B       		.uleb128 0xb
 1554 0029 49       		.uleb128 0x49
 1555 002a 13       		.uleb128 0x13
 1556 002b 00       		.byte	0
 1557 002c 00       		.byte	0
 1558 002d 04       		.uleb128 0x4
 1559 002e 24       		.uleb128 0x24
 1560 002f 00       		.byte	0
 1561 0030 0B       		.uleb128 0xb
 1562 0031 0B       		.uleb128 0xb
 1563 0032 3E       		.uleb128 0x3e
 1564 0033 0B       		.uleb128 0xb
 1565 0034 03       		.uleb128 0x3
 1566 0035 0E       		.uleb128 0xe
 1567 0036 00       		.byte	0
 1568 0037 00       		.byte	0
 1569 0038 05       		.uleb128 0x5
 1570 0039 13       		.uleb128 0x13
 1571 003a 01       		.byte	0x1
 1572 003b 03       		.uleb128 0x3
 1573 003c 0E       		.uleb128 0xe
 1574 003d 0B       		.uleb128 0xb
 1575 003e 0B       		.uleb128 0xb
 1576 003f 3A       		.uleb128 0x3a
 1577 0040 0B       		.uleb128 0xb
 1578 0041 3B       		.uleb128 0x3b
 1579 0042 0B       		.uleb128 0xb
 1580 0043 01       		.uleb128 0x1
 1581 0044 13       		.uleb128 0x13
 1582 0045 00       		.byte	0
 1583 0046 00       		.byte	0
 1584 0047 06       		.uleb128 0x6
 1585 0048 0D       		.uleb128 0xd
 1586 0049 00       		.byte	0
 1587 004a 03       		.uleb128 0x3
 1588 004b 0E       		.uleb128 0xe
ARM GAS  /tmp/ccvv1p63.s 			page 29


 1589 004c 3A       		.uleb128 0x3a
 1590 004d 0B       		.uleb128 0xb
 1591 004e 3B       		.uleb128 0x3b
 1592 004f 0B       		.uleb128 0xb
 1593 0050 49       		.uleb128 0x49
 1594 0051 13       		.uleb128 0x13
 1595 0052 38       		.uleb128 0x38
 1596 0053 0A       		.uleb128 0xa
 1597 0054 00       		.byte	0
 1598 0055 00       		.byte	0
 1599 0056 07       		.uleb128 0x7
 1600 0057 0D       		.uleb128 0xd
 1601 0058 00       		.byte	0
 1602 0059 03       		.uleb128 0x3
 1603 005a 08       		.uleb128 0x8
 1604 005b 3A       		.uleb128 0x3a
 1605 005c 0B       		.uleb128 0xb
 1606 005d 3B       		.uleb128 0x3b
 1607 005e 0B       		.uleb128 0xb
 1608 005f 49       		.uleb128 0x49
 1609 0060 13       		.uleb128 0x13
 1610 0061 38       		.uleb128 0x38
 1611 0062 0A       		.uleb128 0xa
 1612 0063 00       		.byte	0
 1613 0064 00       		.byte	0
 1614 0065 08       		.uleb128 0x8
 1615 0066 13       		.uleb128 0x13
 1616 0067 01       		.byte	0x1
 1617 0068 0B       		.uleb128 0xb
 1618 0069 0B       		.uleb128 0xb
 1619 006a 3A       		.uleb128 0x3a
 1620 006b 0B       		.uleb128 0xb
 1621 006c 3B       		.uleb128 0x3b
 1622 006d 0B       		.uleb128 0xb
 1623 006e 01       		.uleb128 0x1
 1624 006f 13       		.uleb128 0x13
 1625 0070 00       		.byte	0
 1626 0071 00       		.byte	0
 1627 0072 09       		.uleb128 0x9
 1628 0073 0F       		.uleb128 0xf
 1629 0074 00       		.byte	0
 1630 0075 0B       		.uleb128 0xb
 1631 0076 0B       		.uleb128 0xb
 1632 0077 49       		.uleb128 0x49
 1633 0078 13       		.uleb128 0x13
 1634 0079 00       		.byte	0
 1635 007a 00       		.byte	0
 1636 007b 0A       		.uleb128 0xa
 1637 007c 0F       		.uleb128 0xf
 1638 007d 00       		.byte	0
 1639 007e 0B       		.uleb128 0xb
 1640 007f 0B       		.uleb128 0xb
 1641 0080 00       		.byte	0
 1642 0081 00       		.byte	0
 1643 0082 0B       		.uleb128 0xb
 1644 0083 0D       		.uleb128 0xd
 1645 0084 00       		.byte	0
ARM GAS  /tmp/ccvv1p63.s 			page 30


 1646 0085 03       		.uleb128 0x3
 1647 0086 08       		.uleb128 0x8
 1648 0087 3A       		.uleb128 0x3a
 1649 0088 0B       		.uleb128 0xb
 1650 0089 3B       		.uleb128 0x3b
 1651 008a 05       		.uleb128 0x5
 1652 008b 49       		.uleb128 0x49
 1653 008c 13       		.uleb128 0x13
 1654 008d 38       		.uleb128 0x38
 1655 008e 0A       		.uleb128 0xa
 1656 008f 00       		.byte	0
 1657 0090 00       		.byte	0
 1658 0091 0C       		.uleb128 0xc
 1659 0092 13       		.uleb128 0x13
 1660 0093 01       		.byte	0x1
 1661 0094 03       		.uleb128 0x3
 1662 0095 0E       		.uleb128 0xe
 1663 0096 0B       		.uleb128 0xb
 1664 0097 0B       		.uleb128 0xb
 1665 0098 3A       		.uleb128 0x3a
 1666 0099 0B       		.uleb128 0xb
 1667 009a 3B       		.uleb128 0x3b
 1668 009b 05       		.uleb128 0x5
 1669 009c 01       		.uleb128 0x1
 1670 009d 13       		.uleb128 0x13
 1671 009e 00       		.byte	0
 1672 009f 00       		.byte	0
 1673 00a0 0D       		.uleb128 0xd
 1674 00a1 35       		.uleb128 0x35
 1675 00a2 00       		.byte	0
 1676 00a3 49       		.uleb128 0x49
 1677 00a4 13       		.uleb128 0x13
 1678 00a5 00       		.byte	0
 1679 00a6 00       		.byte	0
 1680 00a7 0E       		.uleb128 0xe
 1681 00a8 17       		.uleb128 0x17
 1682 00a9 01       		.byte	0x1
 1683 00aa 0B       		.uleb128 0xb
 1684 00ab 0B       		.uleb128 0xb
 1685 00ac 3A       		.uleb128 0x3a
 1686 00ad 0B       		.uleb128 0xb
 1687 00ae 3B       		.uleb128 0x3b
 1688 00af 0B       		.uleb128 0xb
 1689 00b0 01       		.uleb128 0x1
 1690 00b1 13       		.uleb128 0x13
 1691 00b2 00       		.byte	0
 1692 00b3 00       		.byte	0
 1693 00b4 0F       		.uleb128 0xf
 1694 00b5 0D       		.uleb128 0xd
 1695 00b6 00       		.byte	0
 1696 00b7 03       		.uleb128 0x3
 1697 00b8 0E       		.uleb128 0xe
 1698 00b9 3A       		.uleb128 0x3a
 1699 00ba 0B       		.uleb128 0xb
 1700 00bb 3B       		.uleb128 0x3b
 1701 00bc 0B       		.uleb128 0xb
 1702 00bd 49       		.uleb128 0x49
ARM GAS  /tmp/ccvv1p63.s 			page 31


 1703 00be 13       		.uleb128 0x13
 1704 00bf 00       		.byte	0
 1705 00c0 00       		.byte	0
 1706 00c1 10       		.uleb128 0x10
 1707 00c2 26       		.uleb128 0x26
 1708 00c3 00       		.byte	0
 1709 00c4 49       		.uleb128 0x49
 1710 00c5 13       		.uleb128 0x13
 1711 00c6 00       		.byte	0
 1712 00c7 00       		.byte	0
 1713 00c8 11       		.uleb128 0x11
 1714 00c9 15       		.uleb128 0x15
 1715 00ca 01       		.byte	0x1
 1716 00cb 27       		.uleb128 0x27
 1717 00cc 0C       		.uleb128 0xc
 1718 00cd 01       		.uleb128 0x1
 1719 00ce 13       		.uleb128 0x13
 1720 00cf 00       		.byte	0
 1721 00d0 00       		.byte	0
 1722 00d1 12       		.uleb128 0x12
 1723 00d2 05       		.uleb128 0x5
 1724 00d3 00       		.byte	0
 1725 00d4 49       		.uleb128 0x49
 1726 00d5 13       		.uleb128 0x13
 1727 00d6 00       		.byte	0
 1728 00d7 00       		.byte	0
 1729 00d8 13       		.uleb128 0x13
 1730 00d9 15       		.uleb128 0x15
 1731 00da 01       		.byte	0x1
 1732 00db 27       		.uleb128 0x27
 1733 00dc 0C       		.uleb128 0xc
 1734 00dd 49       		.uleb128 0x49
 1735 00de 13       		.uleb128 0x13
 1736 00df 01       		.uleb128 0x1
 1737 00e0 13       		.uleb128 0x13
 1738 00e1 00       		.byte	0
 1739 00e2 00       		.byte	0
 1740 00e3 14       		.uleb128 0x14
 1741 00e4 16       		.uleb128 0x16
 1742 00e5 00       		.byte	0
 1743 00e6 03       		.uleb128 0x3
 1744 00e7 0E       		.uleb128 0xe
 1745 00e8 3A       		.uleb128 0x3a
 1746 00e9 0B       		.uleb128 0xb
 1747 00ea 3B       		.uleb128 0x3b
 1748 00eb 05       		.uleb128 0x5
 1749 00ec 49       		.uleb128 0x49
 1750 00ed 13       		.uleb128 0x13
 1751 00ee 00       		.byte	0
 1752 00ef 00       		.byte	0
 1753 00f0 15       		.uleb128 0x15
 1754 00f1 13       		.uleb128 0x13
 1755 00f2 01       		.byte	0x1
 1756 00f3 0B       		.uleb128 0xb
 1757 00f4 0B       		.uleb128 0xb
 1758 00f5 3A       		.uleb128 0x3a
 1759 00f6 0B       		.uleb128 0xb
ARM GAS  /tmp/ccvv1p63.s 			page 32


 1760 00f7 3B       		.uleb128 0x3b
 1761 00f8 05       		.uleb128 0x5
 1762 00f9 01       		.uleb128 0x1
 1763 00fa 13       		.uleb128 0x13
 1764 00fb 00       		.byte	0
 1765 00fc 00       		.byte	0
 1766 00fd 16       		.uleb128 0x16
 1767 00fe 0D       		.uleb128 0xd
 1768 00ff 00       		.byte	0
 1769 0100 03       		.uleb128 0x3
 1770 0101 0E       		.uleb128 0xe
 1771 0102 3A       		.uleb128 0x3a
 1772 0103 0B       		.uleb128 0xb
 1773 0104 3B       		.uleb128 0x3b
 1774 0105 05       		.uleb128 0x5
 1775 0106 49       		.uleb128 0x49
 1776 0107 13       		.uleb128 0x13
 1777 0108 38       		.uleb128 0x38
 1778 0109 0A       		.uleb128 0xa
 1779 010a 00       		.byte	0
 1780 010b 00       		.byte	0
 1781 010c 17       		.uleb128 0x17
 1782 010d 04       		.uleb128 0x4
 1783 010e 01       		.byte	0x1
 1784 010f 0B       		.uleb128 0xb
 1785 0110 0B       		.uleb128 0xb
 1786 0111 3A       		.uleb128 0x3a
 1787 0112 0B       		.uleb128 0xb
 1788 0113 3B       		.uleb128 0x3b
 1789 0114 0B       		.uleb128 0xb
 1790 0115 01       		.uleb128 0x1
 1791 0116 13       		.uleb128 0x13
 1792 0117 00       		.byte	0
 1793 0118 00       		.byte	0
 1794 0119 18       		.uleb128 0x18
 1795 011a 28       		.uleb128 0x28
 1796 011b 00       		.byte	0
 1797 011c 03       		.uleb128 0x3
 1798 011d 0E       		.uleb128 0xe
 1799 011e 1C       		.uleb128 0x1c
 1800 011f 0D       		.uleb128 0xd
 1801 0120 00       		.byte	0
 1802 0121 00       		.byte	0
 1803 0122 19       		.uleb128 0x19
 1804 0123 01       		.uleb128 0x1
 1805 0124 01       		.byte	0x1
 1806 0125 49       		.uleb128 0x49
 1807 0126 13       		.uleb128 0x13
 1808 0127 01       		.uleb128 0x1
 1809 0128 13       		.uleb128 0x13
 1810 0129 00       		.byte	0
 1811 012a 00       		.byte	0
 1812 012b 1A       		.uleb128 0x1a
 1813 012c 21       		.uleb128 0x21
 1814 012d 00       		.byte	0
 1815 012e 49       		.uleb128 0x49
 1816 012f 13       		.uleb128 0x13
ARM GAS  /tmp/ccvv1p63.s 			page 33


 1817 0130 2F       		.uleb128 0x2f
 1818 0131 0B       		.uleb128 0xb
 1819 0132 00       		.byte	0
 1820 0133 00       		.byte	0
 1821 0134 1B       		.uleb128 0x1b
 1822 0135 2E       		.uleb128 0x2e
 1823 0136 01       		.byte	0x1
 1824 0137 3F       		.uleb128 0x3f
 1825 0138 0C       		.uleb128 0xc
 1826 0139 03       		.uleb128 0x3
 1827 013a 0E       		.uleb128 0xe
 1828 013b 3A       		.uleb128 0x3a
 1829 013c 0B       		.uleb128 0xb
 1830 013d 3B       		.uleb128 0x3b
 1831 013e 0B       		.uleb128 0xb
 1832 013f 27       		.uleb128 0x27
 1833 0140 0C       		.uleb128 0xc
 1834 0141 49       		.uleb128 0x49
 1835 0142 13       		.uleb128 0x13
 1836 0143 11       		.uleb128 0x11
 1837 0144 01       		.uleb128 0x1
 1838 0145 12       		.uleb128 0x12
 1839 0146 01       		.uleb128 0x1
 1840 0147 40       		.uleb128 0x40
 1841 0148 06       		.uleb128 0x6
 1842 0149 01       		.uleb128 0x1
 1843 014a 13       		.uleb128 0x13
 1844 014b 00       		.byte	0
 1845 014c 00       		.byte	0
 1846 014d 1C       		.uleb128 0x1c
 1847 014e 34       		.uleb128 0x34
 1848 014f 00       		.byte	0
 1849 0150 03       		.uleb128 0x3
 1850 0151 0E       		.uleb128 0xe
 1851 0152 3A       		.uleb128 0x3a
 1852 0153 0B       		.uleb128 0xb
 1853 0154 3B       		.uleb128 0x3b
 1854 0155 0B       		.uleb128 0xb
 1855 0156 49       		.uleb128 0x49
 1856 0157 13       		.uleb128 0x13
 1857 0158 02       		.uleb128 0x2
 1858 0159 0A       		.uleb128 0xa
 1859 015a 00       		.byte	0
 1860 015b 00       		.byte	0
 1861 015c 1D       		.uleb128 0x1d
 1862 015d 34       		.uleb128 0x34
 1863 015e 00       		.byte	0
 1864 015f 03       		.uleb128 0x3
 1865 0160 0E       		.uleb128 0xe
 1866 0161 3A       		.uleb128 0x3a
 1867 0162 0B       		.uleb128 0xb
 1868 0163 3B       		.uleb128 0x3b
 1869 0164 05       		.uleb128 0x5
 1870 0165 49       		.uleb128 0x49
 1871 0166 13       		.uleb128 0x13
 1872 0167 3F       		.uleb128 0x3f
 1873 0168 0C       		.uleb128 0xc
ARM GAS  /tmp/ccvv1p63.s 			page 34


 1874 0169 3C       		.uleb128 0x3c
 1875 016a 0C       		.uleb128 0xc
 1876 016b 00       		.byte	0
 1877 016c 00       		.byte	0
 1878 016d 1E       		.uleb128 0x1e
 1879 016e 34       		.uleb128 0x34
 1880 016f 00       		.byte	0
 1881 0170 03       		.uleb128 0x3
 1882 0171 08       		.uleb128 0x8
 1883 0172 3A       		.uleb128 0x3a
 1884 0173 0B       		.uleb128 0xb
 1885 0174 3B       		.uleb128 0x3b
 1886 0175 0B       		.uleb128 0xb
 1887 0176 49       		.uleb128 0x49
 1888 0177 13       		.uleb128 0x13
 1889 0178 3F       		.uleb128 0x3f
 1890 0179 0C       		.uleb128 0xc
 1891 017a 3C       		.uleb128 0x3c
 1892 017b 0C       		.uleb128 0xc
 1893 017c 00       		.byte	0
 1894 017d 00       		.byte	0
 1895 017e 1F       		.uleb128 0x1f
 1896 017f 34       		.uleb128 0x34
 1897 0180 00       		.byte	0
 1898 0181 03       		.uleb128 0x3
 1899 0182 0E       		.uleb128 0xe
 1900 0183 3A       		.uleb128 0x3a
 1901 0184 0B       		.uleb128 0xb
 1902 0185 3B       		.uleb128 0x3b
 1903 0186 0B       		.uleb128 0xb
 1904 0187 49       		.uleb128 0x49
 1905 0188 13       		.uleb128 0x13
 1906 0189 3F       		.uleb128 0x3f
 1907 018a 0C       		.uleb128 0xc
 1908 018b 3C       		.uleb128 0x3c
 1909 018c 0C       		.uleb128 0xc
 1910 018d 00       		.byte	0
 1911 018e 00       		.byte	0
 1912 018f 20       		.uleb128 0x20
 1913 0190 34       		.uleb128 0x34
 1914 0191 00       		.byte	0
 1915 0192 03       		.uleb128 0x3
 1916 0193 0E       		.uleb128 0xe
 1917 0194 3A       		.uleb128 0x3a
 1918 0195 0B       		.uleb128 0xb
 1919 0196 3B       		.uleb128 0x3b
 1920 0197 0B       		.uleb128 0xb
 1921 0198 49       		.uleb128 0x49
 1922 0199 13       		.uleb128 0x13
 1923 019a 3F       		.uleb128 0x3f
 1924 019b 0C       		.uleb128 0xc
 1925 019c 02       		.uleb128 0x2
 1926 019d 0A       		.uleb128 0xa
 1927 019e 00       		.byte	0
 1928 019f 00       		.byte	0
 1929 01a0 00       		.byte	0
 1930              		.section	.debug_loc,"",%progbits
ARM GAS  /tmp/ccvv1p63.s 			page 35


 1931              	.Ldebug_loc0:
 1932              	.LLST0:
 1933 0000 00000000 		.4byte	.LFB117
 1934 0004 02000000 		.4byte	.LCFI0
 1935 0008 0200     		.2byte	0x2
 1936 000a 7D       		.byte	0x7d
 1937 000b 00       		.sleb128 0
 1938 000c 02000000 		.4byte	.LCFI0
 1939 0010 0E000000 		.4byte	.LCFI1
 1940 0014 0200     		.2byte	0x2
 1941 0016 7D       		.byte	0x7d
 1942 0017 08       		.sleb128 8
 1943 0018 0E000000 		.4byte	.LCFI1
 1944 001c 90000000 		.4byte	.LFE117
 1945 0020 0200     		.2byte	0x2
 1946 0022 7D       		.byte	0x7d
 1947 0023 18       		.sleb128 24
 1948 0024 00000000 		.4byte	0
 1949 0028 00000000 		.4byte	0
 1950              		.section	.debug_aranges,"",%progbits
 1951 0000 1C000000 		.4byte	0x1c
 1952 0004 0200     		.2byte	0x2
 1953 0006 00000000 		.4byte	.Ldebug_info0
 1954 000a 04       		.byte	0x4
 1955 000b 00       		.byte	0
 1956 000c 0000     		.2byte	0
 1957 000e 0000     		.2byte	0
 1958 0010 00000000 		.4byte	.LFB117
 1959 0014 90000000 		.4byte	.LFE117-.LFB117
 1960 0018 00000000 		.4byte	0
 1961 001c 00000000 		.4byte	0
 1962              		.section	.debug_ranges,"",%progbits
 1963              	.Ldebug_ranges0:
 1964 0000 00000000 		.4byte	.LFB117
 1965 0004 90000000 		.4byte	.LFE117
 1966 0008 00000000 		.4byte	0
 1967 000c 00000000 		.4byte	0
 1968              		.section	.debug_line,"",%progbits
 1969              	.Ldebug_line0:
 1970 0000 F3020000 		.section	.debug_str,"MS",%progbits,1
 1970      0200C202 
 1970      00000201 
 1970      FB0E0D00 
 1970      01010101 
 1971              	.LASF102:
 1972 0000 73635F73 		.ascii	"sc_speed\000"
 1972      70656564 
 1972      00
 1973              	.LASF2:
 1974 0009 73697A65 		.ascii	"size_t\000"
 1974      5F7400
 1975              	.LASF57:
 1976 0010 7264796D 		.ascii	"rdymsg\000"
 1976      736700
 1977              	.LASF72:
 1978 0017 4F757470 		.ascii	"OutputQueue\000"
 1978      75745175 
ARM GAS  /tmp/ccvv1p63.s 			page 36


 1978      65756500 
 1979              	.LASF121:
 1980 0023 2F686F6D 		.ascii	"/home/mikel/workspace/ros/PacBot/PacBot/FirmwareWit"
 1980      652F6D69 
 1980      6B656C2F 
 1980      776F726B 
 1980      73706163 
 1981 0056 68495200 		.ascii	"hIR\000"
 1982              	.LASF14:
 1983 005a 75696E74 		.ascii	"uint_fast16_t\000"
 1983      5F666173 
 1983      7431365F 
 1983      7400
 1984              	.LASF13:
 1985 0068 6C6F6E67 		.ascii	"long long unsigned int\000"
 1985      206C6F6E 
 1985      6720756E 
 1985      7369676E 
 1985      65642069 
 1986              	.LASF73:
 1987 007f 42617365 		.ascii	"BaseChannelVMT\000"
 1987      4368616E 
 1987      6E656C56 
 1987      4D5400
 1988              	.LASF58:
 1989 008e 65786974 		.ascii	"exitcode\000"
 1989      636F6465 
 1989      00
 1990              	.LASF116:
 1991 0097 49544D5F 		.ascii	"ITM_RxBuffer\000"
 1991      52784275 
 1991      66666572 
 1991      00
 1992              	.LASF15:
 1993 00a4 626F6F6C 		.ascii	"bool_t\000"
 1993      5F7400
 1994              	.LASF26:
 1995 00ab 705F7072 		.ascii	"p_prio\000"
 1995      696F00
 1996              	.LASF79:
 1997 00b2 72656164 		.ascii	"readt\000"
 1997      7400
 1998              	.LASF115:
 1999 00b8 73643243 		.ascii	"sd2Config\000"
 1999      6F6E6669 
 1999      6700
 2000              	.LASF63:
 2001 00c2 715F7761 		.ascii	"q_waiting\000"
 2001      6974696E 
 2001      6700
 2002              	.LASF12:
 2003 00cc 6C6F6E67 		.ascii	"long long int\000"
 2003      206C6F6E 
 2003      6720696E 
 2003      7400
 2004              	.LASF1:
 2005 00da 7369676E 		.ascii	"signed char\000"
ARM GAS  /tmp/ccvv1p63.s 			page 37


 2005      65642063 
 2005      68617200 
 2006              	.LASF88:
 2007 00e6 47545052 		.ascii	"GTPR\000"
 2007      00
 2008              	.LASF41:
 2009 00eb 705F6D70 		.ascii	"p_mpool\000"
 2009      6F6F6C00 
 2010              	.LASF117:
 2011 00f3 7370796B 		.ascii	"spykeeLedMutex\000"
 2011      65654C65 
 2011      644D7574 
 2011      657800
 2012              	.LASF48:
 2013 0102 6D5F7175 		.ascii	"m_queue\000"
 2013      65756500 
 2014              	.LASF98:
 2015 010a 73746174 		.ascii	"state\000"
 2015      6500
 2016              	.LASF9:
 2017 0110 6C6F6E67 		.ascii	"long int\000"
 2017      20696E74 
 2017      00
 2018              	.LASF17:
 2019 0119 74737461 		.ascii	"tstate_t\000"
 2019      74655F74 
 2019      00
 2020              	.LASF33:
 2021 0122 705F7265 		.ascii	"p_refs\000"
 2021      667300
 2022              	.LASF65:
 2023 0129 715F6275 		.ascii	"q_buffer\000"
 2023      66666572 
 2023      00
 2024              	.LASF67:
 2025 0132 715F7772 		.ascii	"q_wrptr\000"
 2025      70747200 
 2026              	.LASF34:
 2027 013a 705F7469 		.ascii	"p_time\000"
 2027      6D6500
 2028              	.LASF28:
 2029 0141 705F6E65 		.ascii	"p_newer\000"
 2029      77657200 
 2030              	.LASF76:
 2031 0149 70757477 		.ascii	"putwouldblock\000"
 2031      6F756C64 
 2031      626C6F63 
 2031      6B00
 2032              	.LASF44:
 2033 0157 72656761 		.ascii	"regarm_t\000"
 2033      726D5F74 
 2033      00
 2034              	.LASF55:
 2035 0160 4576656E 		.ascii	"EventSource\000"
 2035      74536F75 
 2035      72636500 
 2036              	.LASF101:
ARM GAS  /tmp/ccvv1p63.s 			page 38


 2037 016c 75736172 		.ascii	"usart\000"
 2037      7400
 2038              	.LASF0:
 2039 0172 756E7369 		.ascii	"unsigned int\000"
 2039      676E6564 
 2039      20696E74 
 2039      00
 2040              	.LASF6:
 2041 017f 75696E74 		.ascii	"uint16_t\000"
 2041      31365F74 
 2041      00
 2042              	.LASF107:
 2043 0188 53657269 		.ascii	"SerialDriverVMT\000"
 2043      616C4472 
 2043      69766572 
 2043      564D5400 
 2044              	.LASF99:
 2045 0198 69717565 		.ascii	"iqueue\000"
 2045      756500
 2046              	.LASF36:
 2047 019f 705F6D73 		.ascii	"p_msgqueue\000"
 2047      67717565 
 2047      756500
 2048              	.LASF96:
 2049 01aa 6576656E 		.ascii	"event\000"
 2049      7400
 2050              	.LASF7:
 2051 01b0 73686F72 		.ascii	"short unsigned int\000"
 2051      7420756E 
 2051      7369676E 
 2051      65642069 
 2051      6E7400
 2052              	.LASF114:
 2053 01c3 7368656C 		.ascii	"shellThreadPointer\000"
 2053      6C546872 
 2053      65616450 
 2053      6F696E74 
 2053      657200
 2054              	.LASF20:
 2055 01d6 6D73675F 		.ascii	"msg_t\000"
 2055      7400
 2056              	.LASF100:
 2057 01dc 6F717565 		.ascii	"oqueue\000"
 2057      756500
 2058              	.LASF90:
 2059 01e3 55534152 		.ascii	"USART_TypeDef\000"
 2059      545F5479 
 2059      70654465 
 2059      6600
 2060              	.LASF78:
 2061 01f1 77726974 		.ascii	"writet\000"
 2061      657400
 2062              	.LASF16:
 2063 01f8 746D6F64 		.ascii	"tmode_t\000"
 2063      655F7400 
 2064              	.LASF43:
 2065 0200 54687265 		.ascii	"ThreadsList\000"
ARM GAS  /tmp/ccvv1p63.s 			page 39


 2065      6164734C 
 2065      69737400 
 2066              	.LASF21:
 2067 020c 6576656E 		.ascii	"eventmask_t\000"
 2067      746D6173 
 2067      6B5F7400 
 2068              	.LASF70:
 2069 0218 716E6F74 		.ascii	"qnotify_t\000"
 2069      6966795F 
 2069      7400
 2070              	.LASF62:
 2071 0222 47656E65 		.ascii	"GenericQueue\000"
 2071      72696351 
 2071      75657565 
 2071      00
 2072              	.LASF74:
 2073 022f 77726974 		.ascii	"write\000"
 2073      6500
 2074              	.LASF111:
 2075 0235 636F6E74 		.ascii	"content\000"
 2075      656E7400 
 2076              	.LASF64:
 2077 023d 715F636F 		.ascii	"q_counter\000"
 2077      756E7465 
 2077      7200
 2078              	.LASF47:
 2079 0247 4D757465 		.ascii	"Mutex\000"
 2079      7800
 2080              	.LASF29:
 2081 024d 705F6F6C 		.ascii	"p_older\000"
 2081      64657200 
 2082              	.LASF81:
 2083 0255 696F666C 		.ascii	"ioflags_t\000"
 2083      6167735F 
 2083      7400
 2084              	.LASF42:
 2085 025f 54687265 		.ascii	"ThreadsQueue\000"
 2085      61647351 
 2085      75657565 
 2085      00
 2086              	.LASF54:
 2087 026c 656C5F6D 		.ascii	"el_mask\000"
 2087      61736B00 
 2088              	.LASF106:
 2089 0274 53657269 		.ascii	"SerialConfig\000"
 2089      616C436F 
 2089      6E666967 
 2089      00
 2090              	.LASF18:
 2091 0281 74726566 		.ascii	"trefs_t\000"
 2091      735F7400 
 2092              	.LASF82:
 2093 0289 52455345 		.ascii	"RESERVED0\000"
 2093      52564544 
 2093      3000
 2094              	.LASF83:
 2095 0293 52455345 		.ascii	"RESERVED1\000"
ARM GAS  /tmp/ccvv1p63.s 			page 40


 2095      52564544 
 2095      3100
 2096              	.LASF84:
 2097 029d 52455345 		.ascii	"RESERVED2\000"
 2097      52564544 
 2097      3200
 2098              	.LASF85:
 2099 02a7 52455345 		.ascii	"RESERVED3\000"
 2099      52564544 
 2099      3300
 2100              	.LASF86:
 2101 02b1 52455345 		.ascii	"RESERVED4\000"
 2101      52564544 
 2101      3400
 2102              	.LASF25:
 2103 02bb 705F7072 		.ascii	"p_prev\000"
 2103      657600
 2104              	.LASF89:
 2105 02c2 52455345 		.ascii	"RESERVED6\000"
 2105      52564544 
 2105      3600
 2106              	.LASF19:
 2107 02cc 74707269 		.ascii	"tprio_t\000"
 2107      6F5F7400 
 2108              	.LASF68:
 2109 02d4 715F7264 		.ascii	"q_rdptr\000"
 2109      70747200 
 2110              	.LASF112:
 2111 02dc 6D757465 		.ascii	"mutex\000"
 2111      7800
 2112              	.LASF8:
 2113 02e2 696E7433 		.ascii	"int32_t\000"
 2113      325F7400 
 2114              	.LASF4:
 2115 02ea 756E7369 		.ascii	"unsigned char\000"
 2115      676E6564 
 2115      20636861 
 2115      7200
 2116              	.LASF53:
 2117 02f8 656C5F6C 		.ascii	"el_listener\000"
 2117      69737465 
 2117      6E657200 
 2118              	.LASF113:
 2119 0304 43697263 		.ascii	"CircularBuffer\000"
 2119      756C6172 
 2119      42756666 
 2119      657200
 2120              	.LASF39:
 2121 0313 705F6D74 		.ascii	"p_mtxlist\000"
 2121      786C6973 
 2121      7400
 2122              	.LASF5:
 2123 031d 73686F72 		.ascii	"short int\000"
 2123      7420696E 
 2123      7400
 2124              	.LASF31:
 2125 0327 705F7374 		.ascii	"p_state\000"
ARM GAS  /tmp/ccvv1p63.s 			page 41


 2125      61746500 
 2126              	.LASF60:
 2127 032f 65776D61 		.ascii	"ewmask\000"
 2127      736B00
 2128              	.LASF24:
 2129 0336 705F6E65 		.ascii	"p_next\000"
 2129      787400
 2130              	.LASF32:
 2131 033d 705F666C 		.ascii	"p_flags\000"
 2131      61677300 
 2132              	.LASF52:
 2133 0345 656C5F6E 		.ascii	"el_next\000"
 2133      65787400 
 2134              	.LASF92:
 2135 034d 53445F53 		.ascii	"SD_STOP\000"
 2135      544F5000 
 2136              	.LASF23:
 2137 0355 54687265 		.ascii	"Thread\000"
 2137      616400
 2138              	.LASF109:
 2139 035c 43697263 		.ascii	"CircularBuffer_s\000"
 2139      756C6172 
 2139      42756666 
 2139      65725F73 
 2139      00
 2140              	.LASF38:
 2141 036d 705F6570 		.ascii	"p_epending\000"
 2141      656E6469 
 2141      6E6700
 2142              	.LASF91:
 2143 0378 53445F55 		.ascii	"SD_UNINIT\000"
 2143      4E494E49 
 2143      5400
 2144              	.LASF87:
 2145 0382 52455345 		.ascii	"RESERVED5\000"
 2145      52564544 
 2145      3500
 2146              	.LASF118:
 2147 038c 6F757470 		.ascii	"outputBuffer\000"
 2147      75744275 
 2147      66666572 
 2147      00
 2148              	.LASF94:
 2149 0399 73647374 		.ascii	"sdstate_t\000"
 2149      6174655F 
 2149      7400
 2150              	.LASF95:
 2151 03a3 53657269 		.ascii	"SerialDriver\000"
 2151      616C4472 
 2151      69766572 
 2151      00
 2152              	.LASF119:
 2153 03b0 474E5520 		.ascii	"GNU C 4.6.3\000"
 2153      4320342E 
 2153      362E3300 
 2154              	.LASF11:
 2155 03bc 6C6F6E67 		.ascii	"long unsigned int\000"
ARM GAS  /tmp/ccvv1p63.s 			page 42


 2155      20756E73 
 2155      69676E65 
 2155      6420696E 
 2155      7400
 2156              	.LASF75:
 2157 03ce 72656164 		.ascii	"read\000"
 2157      00
 2158              	.LASF61:
 2159 03d3 63686172 		.ascii	"char\000"
 2159      00
 2160              	.LASF50:
 2161 03d8 6D5F6E65 		.ascii	"m_next\000"
 2161      787400
 2162              	.LASF22:
 2163 03df 73797374 		.ascii	"systime_t\000"
 2163      696D655F 
 2163      7400
 2164              	.LASF40:
 2165 03e9 705F7265 		.ascii	"p_realprio\000"
 2165      616C7072 
 2165      696F00
 2166              	.LASF108:
 2167 03f4 67657466 		.ascii	"getflags\000"
 2167      6C616773 
 2167      00
 2168              	.LASF46:
 2169 03fd 636F6E74 		.ascii	"context\000"
 2169      65787400 
 2170              	.LASF45:
 2171 0405 696E7463 		.ascii	"intctx\000"
 2171      747800
 2172              	.LASF93:
 2173 040c 53445F52 		.ascii	"SD_READY\000"
 2173      45414459 
 2173      00
 2174              	.LASF10:
 2175 0415 75696E74 		.ascii	"uint32_t\000"
 2175      33325F74 
 2175      00
 2176              	.LASF120:
 2177 041e 2E2F7372 		.ascii	"./src/main.c\000"
 2177      632F6D61 
 2177      696E2E63 
 2177      00
 2178              	.LASF66:
 2179 042b 715F746F 		.ascii	"q_top\000"
 2179      7000
 2180              	.LASF30:
 2181 0431 705F6E61 		.ascii	"p_name\000"
 2181      6D6500
 2182              	.LASF56:
 2183 0438 65735F6E 		.ascii	"es_next\000"
 2183      65787400 
 2184              	.LASF69:
 2185 0440 715F6E6F 		.ascii	"q_notify\000"
 2185      74696679 
 2185      00
ARM GAS  /tmp/ccvv1p63.s 			page 43


 2186              	.LASF37:
 2187 0449 705F6D73 		.ascii	"p_msg\000"
 2187      6700
 2188              	.LASF3:
 2189 044f 75696E74 		.ascii	"uint8_t\000"
 2189      385F7400 
 2190              	.LASF71:
 2191 0457 496E7075 		.ascii	"InputQueue\000"
 2191      74517565 
 2191      756500
 2192              	.LASF80:
 2193 0462 42617365 		.ascii	"BaseChannel\000"
 2193      4368616E 
 2193      6E656C00 
 2194              	.LASF97:
 2195 046e 666C6167 		.ascii	"flags\000"
 2195      7300
 2196              	.LASF51:
 2197 0474 4576656E 		.ascii	"EventListener\000"
 2197      744C6973 
 2197      74656E65 
 2197      7200
 2198              	.LASF59:
 2199 0482 77746F62 		.ascii	"wtobjp\000"
 2199      6A7000
 2200              	.LASF77:
 2201 0489 67657477 		.ascii	"getwouldblock\000"
 2201      6F756C64 
 2201      626C6F63 
 2201      6B00
 2202              	.LASF110:
 2203 0497 73746172 		.ascii	"start\000"
 2203      7400
 2204              	.LASF103:
 2205 049d 73635F63 		.ascii	"sc_cr1\000"
 2205      723100
 2206              	.LASF104:
 2207 04a4 73635F63 		.ascii	"sc_cr2\000"
 2207      723200
 2208              	.LASF105:
 2209 04ab 73635F63 		.ascii	"sc_cr3\000"
 2209      723300
 2210              	.LASF122:
 2211 04b2 6D61696E 		.ascii	"main\000"
 2211      00
 2212              	.LASF49:
 2213 04b7 6D5F6F77 		.ascii	"m_owner\000"
 2213      6E657200 
 2214              	.LASF27:
 2215 04bf 705F6374 		.ascii	"p_ctx\000"
 2215      7800
 2216              	.LASF35:
 2217 04c5 705F7761 		.ascii	"p_waiting\000"
 2217      6974696E 
 2217      6700
 2218              		.ident	"GCC: (Sourcery CodeBench Lite 2012.03-56) 4.6.3"
ARM GAS  /tmp/ccvv1p63.s 			page 44


DEFINED SYMBOLS
                            *ABS*:00000000 main.c
     /tmp/ccvv1p63.s:21     .text.startup.main:00000000 $t
     /tmp/ccvv1p63.s:27     .text.startup.main:00000000 main
     /tmp/ccvv1p63.s:108    .rodata:00000000 .LANCHOR0
     /tmp/ccvv1p63.s:121    .bss.outputBuffer:00000000 .LANCHOR1
     /tmp/ccvv1p63.s:117    .rodata.str1.4:00000000 .LC1
     /tmp/ccvv1p63.s:124    .bss.outputBuffer:00000000 outputBuffer
     /tmp/ccvv1p63.s:107    .rodata:00000000 $d
     /tmp/ccvv1p63.s:116    .rodata.str1.4:00000000 $d
     /tmp/ccvv1p63.s:120    .bss.outputBuffer:00000000 $d
                     .debug_frame:00000010 $d

UNDEFINED SYMBOLS
halInit
chSysInit
SD2
sdStart
spykeeLedMutex
chMtxInit
bufferInit
resetLed
startLedBlinkerTreads
startTowersAndFactoriesThread
startSonarThread
startIrThread
startRfidThread
shellInit
chprintf
shellInitControl
writeContentOnBaseChannel
