ARM GAS  /tmp/ccucfxDi.s 			page 1


   1              		.syntax unified
   2              		.cpu cortex-m4
   3              		.eabi_attribute 27, 3
   4              		.eabi_attribute 28, 1
   5              		.fpu fpv4-sp-d16
   6              		.eabi_attribute 20, 1
   7              		.eabi_attribute 21, 1
   8              		.eabi_attribute 23, 3
   9              		.eabi_attribute 24, 1
  10              		.eabi_attribute 25, 1
  11              		.eabi_attribute 26, 1
  12              		.eabi_attribute 30, 2
  13              		.eabi_attribute 34, 1
  14              		.eabi_attribute 18, 4
  15              		.thumb
  16              		.file	"nvic.c"
  17              		.text
  18              	.Ltext0:
  19              		.cfi_sections	.debug_frame
  20              		.section	.text.nvicEnableVector,"ax",%progbits
  21              		.align	2
  22              		.p2align 4,,15
  23              		.global	nvicEnableVector
  24              		.thumb
  25              		.thumb_func
  26              		.type	nvicEnableVector, %function
  27              	nvicEnableVector:
  28              	.LFB7:
  29              		.file 1 "/opt/ChibiOS/ChibiOS_2.4.4/os/ports/common/ARMCMx/nvic.c"
  30              		.loc 1 46 0
  31              		.cfi_startproc
  32              		@ args = 0, pretend = 0, frame = 0
  33              		@ frame_needed = 0, uses_anonymous_args = 0
  34              		@ link register save eliminated.
  35              	.LVL0:
  36 0000 F0B4     		push	{r4, r5, r6, r7}
  37              	.LCFI0:
  38              		.cfi_def_cfa_offset 16
  39              		.cfi_offset 7, -4
  40              		.cfi_offset 6, -8
  41              		.cfi_offset 5, -12
  42              		.cfi_offset 4, -16
  43              		.loc 1 49 0
  44 0002 4FF46143 		mov	r3, #57600
  45 0006 8408     		lsrs	r4, r0, #2
  46 0008 CEF20003 		movt	r3, 57344
  47 000c C034     		adds	r4, r4, #192
  48              		.loc 1 47 0
  49 000e 00F00302 		and	r2, r0, #3
  50              		.loc 1 49 0
  51 0012 53F82470 		ldr	r7, [r3, r4, lsl #2]
  52              		.loc 1 47 0
  53 0016 D500     		lsls	r5, r2, #3
  54              		.loc 1 49 0
  55 0018 FF26     		movs	r6, #255
  56              		.loc 1 50 0
  57 001a 4209     		lsrs	r2, r0, #5
ARM GAS  /tmp/ccucfxDi.s 			page 2


  58              		.loc 1 49 0
  59 001c 06FA05F6 		lsl	r6, r6, r5
  60 0020 27EA0606 		bic	r6, r7, r6
  61 0024 01FA05F5 		lsl	r5, r1, r5
  62              		.loc 1 50 0
  63 0028 00F01F0C 		and	ip, r0, #31
  64 002c 02F16007 		add	r7, r2, #96
  65 0030 0121     		movs	r1, #1
  66              	.LVL1:
  67 0032 01FA0CF0 		lsl	r0, r1, ip
  68              	.LVL2:
  69              		.loc 1 49 0
  70 0036 2E43     		orrs	r6, r6, r5
  71 0038 43F82460 		str	r6, [r3, r4, lsl #2]
  72              		.loc 1 50 0
  73 003c 43F82700 		str	r0, [r3, r7, lsl #2]
  74              		.loc 1 51 0
  75 0040 43F82200 		str	r0, [r3, r2, lsl #2]
  76              		.loc 1 52 0
  77 0044 F0BC     		pop	{r4, r5, r6, r7}
  78 0046 7047     		bx	lr
  79              		.cfi_endproc
  80              	.LFE7:
  81              		.size	nvicEnableVector, .-nvicEnableVector
  82 0048 AFF30080 		.section	.text.nvicDisableVector,"ax",%progbits
  82      AFF30080 
  83              		.align	2
  84              		.p2align 4,,15
  85              		.global	nvicDisableVector
  86              		.thumb
  87              		.thumb_func
  88              		.type	nvicDisableVector, %function
  89              	nvicDisableVector:
  90              	.LFB8:
  91              		.loc 1 60 0
  92              		.cfi_startproc
  93              		@ args = 0, pretend = 0, frame = 0
  94              		@ frame_needed = 0, uses_anonymous_args = 0
  95              		@ link register save eliminated.
  96              	.LVL3:
  97              		.loc 1 63 0
  98 0000 4109     		lsrs	r1, r0, #5
  99 0002 4FF46143 		mov	r3, #57600
 100              		.loc 1 60 0
 101 0006 10B4     		push	{r4}
 102              	.LCFI1:
 103              		.cfi_def_cfa_offset 4
 104              		.cfi_offset 4, -4
 105              		.loc 1 63 0
 106 0008 CEF20003 		movt	r3, 57344
 107 000c 00F01F02 		and	r2, r0, #31
 108 0010 2031     		adds	r1, r1, #32
 109 0012 0124     		movs	r4, #1
 110 0014 04FA02F4 		lsl	r4, r4, r2
 111              		.loc 1 64 0
 112 0018 8208     		lsrs	r2, r0, #2
 113              		.loc 1 63 0
ARM GAS  /tmp/ccucfxDi.s 			page 3


 114 001a 43F82140 		str	r4, [r3, r1, lsl #2]
 115              		.loc 1 64 0
 116 001e C032     		adds	r2, r2, #192
 117              		.loc 1 61 0
 118 0020 00F00304 		and	r4, r0, #3
 119 0024 E000     		lsls	r0, r4, #3
 120              	.LVL4:
 121              		.loc 1 64 0
 122 0026 53F82210 		ldr	r1, [r3, r2, lsl #2]
 123 002a FF24     		movs	r4, #255
 124 002c 04FA00FC 		lsl	ip, r4, r0
 125 0030 21EA0C00 		bic	r0, r1, ip
 126              	.LVL5:
 127 0034 43F82200 		str	r0, [r3, r2, lsl #2]
 128              		.loc 1 65 0
 129 0038 10BC     		pop	{r4}
 130 003a 7047     		bx	lr
 131              		.cfi_endproc
 132              	.LFE8:
 133              		.size	nvicDisableVector, .-nvicDisableVector
 134 003c AFF30080 		.section	.text.nvicSetSystemHandlerPriority,"ax",%progbits
 135              		.align	2
 136              		.p2align 4,,15
 137              		.global	nvicSetSystemHandlerPriority
 138              		.thumb
 139              		.thumb_func
 140              		.type	nvicSetSystemHandlerPriority, %function
 141              	nvicSetSystemHandlerPriority:
 142              	.LFB9:
 143              		.loc 1 74 0
 144              		.cfi_startproc
 145              		@ args = 0, pretend = 0, frame = 0
 146              		@ frame_needed = 0, uses_anonymous_args = 0
 147              		@ link register save eliminated.
 148              	.LVL6:
 149 0000 30B4     		push	{r4, r5}
 150              	.LCFI2:
 151              		.cfi_def_cfa_offset 8
 152              		.cfi_offset 5, -4
 153              		.cfi_offset 4, -8
 154              		.loc 1 77 0
 155 0002 4FF46D43 		mov	r3, #60672
 156 0006 8508     		lsrs	r5, r0, #2
 157 0008 CEF20003 		movt	r3, 57344
 158 000c AA1D     		adds	r2, r5, #6
 159              		.loc 1 75 0
 160 000e 00F00300 		and	r0, r0, #3
 161              	.LVL7:
 162              		.loc 1 77 0
 163 0012 53F82250 		ldr	r5, [r3, r2, lsl #2]
 164              		.loc 1 75 0
 165 0016 C000     		lsls	r0, r0, #3
 166              		.loc 1 78 0
 167 0018 FF24     		movs	r4, #255
 168 001a 04FA00FC 		lsl	ip, r4, r0
 169              		.loc 1 77 0
 170 001e 25EA0C04 		bic	r4, r5, ip
ARM GAS  /tmp/ccucfxDi.s 			page 4


 171              		.loc 1 78 0
 172 0022 01FA00F0 		lsl	r0, r1, r0
 173 0026 0443     		orrs	r4, r4, r0
 174              		.loc 1 77 0
 175 0028 43F82240 		str	r4, [r3, r2, lsl #2]
 176              		.loc 1 79 0
 177 002c 30BC     		pop	{r4, r5}
 178 002e 7047     		bx	lr
 179              		.cfi_endproc
 180              	.LFE9:
 181              		.size	nvicSetSystemHandlerPriority, .-nvicSetSystemHandlerPriority
 182              		.text
 183              	.Letext0:
 184              		.file 2 "/opt/ChibiOS/ChibiOS_2.4.4/os/ports/common/ARMCMx/nvic.h"
 185              		.file 3 "/opt/arm/bin/../lib/gcc/arm-none-eabi/4.6.3/../../../../arm-none-eabi/include/stdint.h"
 186              		.section	.debug_info,"",%progbits
 187              	.Ldebug_info0:
 188 0000 2F040000 		.4byte	0x42f
 189 0004 0200     		.2byte	0x2
 190 0006 00000000 		.4byte	.Ldebug_abbrev0
 191 000a 04       		.byte	0x4
 192 000b 01       		.uleb128 0x1
 193 000c 9A000000 		.4byte	.LASF43
 194 0010 01       		.byte	0x1
 195 0011 C8000000 		.4byte	.LASF44
 196 0015 00000000 		.4byte	0
 197 0019 00000000 		.4byte	0
 198 001d 00000000 		.4byte	.Ldebug_ranges0+0
 199 0021 00000000 		.4byte	.Ldebug_line0
 200 0025 02       		.uleb128 0x2
 201 0026 04       		.byte	0x4
 202 0027 05       		.byte	0x5
 203 0028 696E7400 		.ascii	"int\000"
 204 002c 03       		.uleb128 0x3
 205 002d 04       		.byte	0x4
 206 002e 07       		.byte	0x7
 207 002f 01010000 		.4byte	.LASF0
 208 0033 03       		.uleb128 0x3
 209 0034 01       		.byte	0x1
 210 0035 06       		.byte	0x6
 211 0036 8F010000 		.4byte	.LASF1
 212 003a 03       		.uleb128 0x3
 213 003b 01       		.byte	0x1
 214 003c 08       		.byte	0x8
 215 003d 44000000 		.4byte	.LASF2
 216 0041 03       		.uleb128 0x3
 217 0042 02       		.byte	0x2
 218 0043 05       		.byte	0x5
 219 0044 35000000 		.4byte	.LASF3
 220 0048 03       		.uleb128 0x3
 221 0049 02       		.byte	0x2
 222 004a 07       		.byte	0x7
 223 004b 82000000 		.4byte	.LASF4
 224 004f 03       		.uleb128 0x3
 225 0050 04       		.byte	0x4
 226 0051 05       		.byte	0x5
 227 0052 81010000 		.4byte	.LASF5
ARM GAS  /tmp/ccucfxDi.s 			page 5


 228 0056 04       		.uleb128 0x4
 229 0057 78010000 		.4byte	.LASF21
 230 005b 03       		.byte	0x3
 231 005c 50       		.byte	0x50
 232 005d 61000000 		.4byte	0x61
 233 0061 03       		.uleb128 0x3
 234 0062 04       		.byte	0x4
 235 0063 07       		.byte	0x7
 236 0064 AB000000 		.4byte	.LASF6
 237 0068 03       		.uleb128 0x3
 238 0069 08       		.byte	0x8
 239 006a 05       		.byte	0x5
 240 006b 4F010000 		.4byte	.LASF7
 241 006f 03       		.uleb128 0x3
 242 0070 08       		.byte	0x8
 243 0071 07       		.byte	0x7
 244 0072 18010000 		.4byte	.LASF8
 245 0076 05       		.uleb128 0x5
 246 0077 61000000 		.4byte	0x61
 247 007b 06       		.uleb128 0x6
 248 007c 040E     		.2byte	0xe04
 249 007e 02       		.byte	0x2
 250 007f 6A       		.byte	0x6a
 251 0080 46010000 		.4byte	0x146
 252 0084 07       		.uleb128 0x7
 253 0085 68010000 		.4byte	.LASF9
 254 0089 02       		.byte	0x2
 255 008a 6B       		.byte	0x6b
 256 008b 56010000 		.4byte	0x156
 257 008f 02       		.byte	0x2
 258 0090 23       		.byte	0x23
 259 0091 00       		.uleb128 0
 260 0092 07       		.uleb128 0x7
 261 0093 52000000 		.4byte	.LASF10
 262 0097 02       		.byte	0x2
 263 0098 6C       		.byte	0x6c
 264 0099 6B010000 		.4byte	0x16b
 265 009d 02       		.byte	0x2
 266 009e 23       		.byte	0x23
 267 009f 20       		.uleb128 0x20
 268 00a0 07       		.uleb128 0x7
 269 00a1 3F000000 		.4byte	.LASF11
 270 00a5 02       		.byte	0x2
 271 00a6 6D       		.byte	0x6d
 272 00a7 70010000 		.4byte	0x170
 273 00ab 03       		.byte	0x3
 274 00ac 23       		.byte	0x23
 275 00ad 8001     		.uleb128 0x80
 276 00af 07       		.uleb128 0x7
 277 00b0 5A000000 		.4byte	.LASF12
 278 00b4 02       		.byte	0x2
 279 00b5 6E       		.byte	0x6e
 280 00b6 75010000 		.4byte	0x175
 281 00ba 03       		.byte	0x3
 282 00bb 23       		.byte	0x23
 283 00bc A001     		.uleb128 0xa0
 284 00be 07       		.uleb128 0x7
ARM GAS  /tmp/ccucfxDi.s 			page 6


 285 00bf 0E010000 		.4byte	.LASF13
 286 00c3 02       		.byte	0x2
 287 00c4 6F       		.byte	0x6f
 288 00c5 7A010000 		.4byte	0x17a
 289 00c9 03       		.byte	0x3
 290 00ca 23       		.byte	0x23
 291 00cb 8002     		.uleb128 0x100
 292 00cd 07       		.uleb128 0x7
 293 00ce 62000000 		.4byte	.LASF14
 294 00d2 02       		.byte	0x2
 295 00d3 70       		.byte	0x70
 296 00d4 7F010000 		.4byte	0x17f
 297 00d8 03       		.byte	0x3
 298 00d9 23       		.byte	0x23
 299 00da A002     		.uleb128 0x120
 300 00dc 07       		.uleb128 0x7
 301 00dd 05000000 		.4byte	.LASF15
 302 00e1 02       		.byte	0x2
 303 00e2 71       		.byte	0x71
 304 00e3 84010000 		.4byte	0x184
 305 00e7 03       		.byte	0x3
 306 00e8 23       		.byte	0x23
 307 00e9 8003     		.uleb128 0x180
 308 00eb 07       		.uleb128 0x7
 309 00ec 6A000000 		.4byte	.LASF16
 310 00f0 02       		.byte	0x2
 311 00f1 72       		.byte	0x72
 312 00f2 89010000 		.4byte	0x189
 313 00f6 03       		.byte	0x3
 314 00f7 23       		.byte	0x23
 315 00f8 A003     		.uleb128 0x1a0
 316 00fa 07       		.uleb128 0x7
 317 00fb B8010000 		.4byte	.LASF17
 318 00ff 02       		.byte	0x2
 319 0100 73       		.byte	0x73
 320 0101 8E010000 		.4byte	0x18e
 321 0105 03       		.byte	0x3
 322 0106 23       		.byte	0x23
 323 0107 8004     		.uleb128 0x200
 324 0109 07       		.uleb128 0x7
 325 010a 72000000 		.4byte	.LASF18
 326 010e 02       		.byte	0x2
 327 010f 74       		.byte	0x74
 328 0110 A3010000 		.4byte	0x1a3
 329 0114 03       		.byte	0x3
 330 0115 23       		.byte	0x23
 331 0116 A004     		.uleb128 0x220
 332 0118 08       		.uleb128 0x8
 333 0119 49505200 		.ascii	"IPR\000"
 334 011d 02       		.byte	0x2
 335 011e 75       		.byte	0x75
 336 011f B8010000 		.4byte	0x1b8
 337 0123 03       		.byte	0x3
 338 0124 23       		.byte	0x23
 339 0125 8006     		.uleb128 0x300
 340 0127 07       		.uleb128 0x7
 341 0128 7A000000 		.4byte	.LASF19
ARM GAS  /tmp/ccucfxDi.s 			page 7


 342 012c 02       		.byte	0x2
 343 012d 76       		.byte	0x76
 344 012e CE010000 		.4byte	0x1ce
 345 0132 03       		.byte	0x3
 346 0133 23       		.byte	0x23
 347 0134 F007     		.uleb128 0x3f0
 348 0136 07       		.uleb128 0x7
 349 0137 C3000000 		.4byte	.LASF20
 350 013b 02       		.byte	0x2
 351 013c 77       		.byte	0x77
 352 013d 76000000 		.4byte	0x76
 353 0141 03       		.byte	0x3
 354 0142 23       		.byte	0x23
 355 0143 801C     		.uleb128 0xe00
 356 0145 00       		.byte	0
 357 0146 09       		.uleb128 0x9
 358 0147 61000000 		.4byte	0x61
 359 014b 56010000 		.4byte	0x156
 360 014f 0A       		.uleb128 0xa
 361 0150 2C000000 		.4byte	0x2c
 362 0154 07       		.byte	0x7
 363 0155 00       		.byte	0
 364 0156 05       		.uleb128 0x5
 365 0157 46010000 		.4byte	0x146
 366 015b 09       		.uleb128 0x9
 367 015c 61000000 		.4byte	0x61
 368 0160 6B010000 		.4byte	0x16b
 369 0164 0A       		.uleb128 0xa
 370 0165 2C000000 		.4byte	0x2c
 371 0169 17       		.byte	0x17
 372 016a 00       		.byte	0
 373 016b 05       		.uleb128 0x5
 374 016c 5B010000 		.4byte	0x15b
 375 0170 05       		.uleb128 0x5
 376 0171 46010000 		.4byte	0x146
 377 0175 05       		.uleb128 0x5
 378 0176 5B010000 		.4byte	0x15b
 379 017a 05       		.uleb128 0x5
 380 017b 46010000 		.4byte	0x146
 381 017f 05       		.uleb128 0x5
 382 0180 5B010000 		.4byte	0x15b
 383 0184 05       		.uleb128 0x5
 384 0185 46010000 		.4byte	0x146
 385 0189 05       		.uleb128 0x5
 386 018a 5B010000 		.4byte	0x15b
 387 018e 05       		.uleb128 0x5
 388 018f 46010000 		.4byte	0x146
 389 0193 09       		.uleb128 0x9
 390 0194 61000000 		.4byte	0x61
 391 0198 A3010000 		.4byte	0x1a3
 392 019c 0A       		.uleb128 0xa
 393 019d 2C000000 		.4byte	0x2c
 394 01a1 37       		.byte	0x37
 395 01a2 00       		.byte	0
 396 01a3 05       		.uleb128 0x5
 397 01a4 93010000 		.4byte	0x193
 398 01a8 09       		.uleb128 0x9
ARM GAS  /tmp/ccucfxDi.s 			page 8


 399 01a9 61000000 		.4byte	0x61
 400 01ad B8010000 		.4byte	0x1b8
 401 01b1 0A       		.uleb128 0xa
 402 01b2 2C000000 		.4byte	0x2c
 403 01b6 3B       		.byte	0x3b
 404 01b7 00       		.byte	0
 405 01b8 05       		.uleb128 0x5
 406 01b9 A8010000 		.4byte	0x1a8
 407 01bd 09       		.uleb128 0x9
 408 01be 61000000 		.4byte	0x61
 409 01c2 CE010000 		.4byte	0x1ce
 410 01c6 0B       		.uleb128 0xb
 411 01c7 2C000000 		.4byte	0x2c
 412 01cb 8302     		.2byte	0x283
 413 01cd 00       		.byte	0
 414 01ce 05       		.uleb128 0x5
 415 01cf BD010000 		.4byte	0x1bd
 416 01d3 04       		.uleb128 0x4
 417 01d4 27000000 		.4byte	.LASF22
 418 01d8 02       		.byte	0x2
 419 01d9 78       		.byte	0x78
 420 01da 7B000000 		.4byte	0x7b
 421 01de 0C       		.uleb128 0xc
 422 01df 8C       		.byte	0x8c
 423 01e0 02       		.byte	0x2
 424 01e1 89       		.byte	0x89
 425 01e2 0E030000 		.4byte	0x30e
 426 01e6 07       		.uleb128 0x7
 427 01e7 5D010000 		.4byte	.LASF23
 428 01eb 02       		.byte	0x2
 429 01ec 8A       		.byte	0x8a
 430 01ed 76000000 		.4byte	0x76
 431 01f1 02       		.byte	0x2
 432 01f2 23       		.byte	0x23
 433 01f3 00       		.uleb128 0
 434 01f4 07       		.uleb128 0x7
 435 01f5 2F010000 		.4byte	.LASF24
 436 01f9 02       		.byte	0x2
 437 01fa 8B       		.byte	0x8b
 438 01fb 76000000 		.4byte	0x76
 439 01ff 02       		.byte	0x2
 440 0200 23       		.byte	0x23
 441 0201 04       		.uleb128 0x4
 442 0202 07       		.uleb128 0x7
 443 0203 30000000 		.4byte	.LASF25
 444 0207 02       		.byte	0x2
 445 0208 8C       		.byte	0x8c
 446 0209 76000000 		.4byte	0x76
 447 020d 02       		.byte	0x2
 448 020e 23       		.byte	0x23
 449 020f 08       		.uleb128 0x8
 450 0210 07       		.uleb128 0x7
 451 0211 3C010000 		.4byte	.LASF26
 452 0215 02       		.byte	0x2
 453 0216 8D       		.byte	0x8d
 454 0217 76000000 		.4byte	0x76
 455 021b 02       		.byte	0x2
ARM GAS  /tmp/ccucfxDi.s 			page 9


 456 021c 23       		.byte	0x23
 457 021d 0C       		.uleb128 0xc
 458 021e 08       		.uleb128 0x8
 459 021f 53435200 		.ascii	"SCR\000"
 460 0223 02       		.byte	0x2
 461 0224 8E       		.byte	0x8e
 462 0225 76000000 		.4byte	0x76
 463 0229 02       		.byte	0x2
 464 022a 23       		.byte	0x23
 465 022b 10       		.uleb128 0x10
 466 022c 08       		.uleb128 0x8
 467 022d 43435200 		.ascii	"CCR\000"
 468 0231 02       		.byte	0x2
 469 0232 8F       		.byte	0x8f
 470 0233 76000000 		.4byte	0x76
 471 0237 02       		.byte	0x2
 472 0238 23       		.byte	0x23
 473 0239 14       		.uleb128 0x14
 474 023a 07       		.uleb128 0x7
 475 023b 8A010000 		.4byte	.LASF27
 476 023f 02       		.byte	0x2
 477 0240 90       		.byte	0x90
 478 0241 1E030000 		.4byte	0x31e
 479 0245 02       		.byte	0x2
 480 0246 23       		.byte	0x23
 481 0247 18       		.uleb128 0x18
 482 0248 07       		.uleb128 0x7
 483 0249 0F000000 		.4byte	.LASF28
 484 024d 02       		.byte	0x2
 485 024e 91       		.byte	0x91
 486 024f 76000000 		.4byte	0x76
 487 0253 02       		.byte	0x2
 488 0254 23       		.byte	0x23
 489 0255 24       		.uleb128 0x24
 490 0256 07       		.uleb128 0x7
 491 0257 95000000 		.4byte	.LASF29
 492 025b 02       		.byte	0x2
 493 025c 92       		.byte	0x92
 494 025d 76000000 		.4byte	0x76
 495 0261 02       		.byte	0x2
 496 0262 23       		.byte	0x23
 497 0263 28       		.uleb128 0x28
 498 0264 07       		.uleb128 0x7
 499 0265 A6000000 		.4byte	.LASF30
 500 0269 02       		.byte	0x2
 501 026a 93       		.byte	0x93
 502 026b 76000000 		.4byte	0x76
 503 026f 02       		.byte	0x2
 504 0270 23       		.byte	0x23
 505 0271 2C       		.uleb128 0x2c
 506 0272 07       		.uleb128 0x7
 507 0273 13010000 		.4byte	.LASF31
 508 0277 02       		.byte	0x2
 509 0278 94       		.byte	0x94
 510 0279 76000000 		.4byte	0x76
 511 027d 02       		.byte	0x2
 512 027e 23       		.byte	0x23
ARM GAS  /tmp/ccucfxDi.s 			page 10


 513 027f 30       		.uleb128 0x30
 514 0280 07       		.uleb128 0x7
 515 0281 72010000 		.4byte	.LASF32
 516 0285 02       		.byte	0x2
 517 0286 95       		.byte	0x95
 518 0287 76000000 		.4byte	0x76
 519 028b 02       		.byte	0x2
 520 028c 23       		.byte	0x23
 521 028d 34       		.uleb128 0x34
 522 028e 07       		.uleb128 0x7
 523 028f 42010000 		.4byte	.LASF33
 524 0293 02       		.byte	0x2
 525 0294 96       		.byte	0x96
 526 0295 76000000 		.4byte	0x76
 527 0299 02       		.byte	0x2
 528 029a 23       		.byte	0x23
 529 029b 38       		.uleb128 0x38
 530 029c 07       		.uleb128 0x7
 531 029d 6D010000 		.4byte	.LASF34
 532 02a1 02       		.byte	0x2
 533 02a2 97       		.byte	0x97
 534 02a3 76000000 		.4byte	0x76
 535 02a7 02       		.byte	0x2
 536 02a8 23       		.byte	0x23
 537 02a9 3C       		.uleb128 0x3c
 538 02aa 08       		.uleb128 0x8
 539 02ab 50465200 		.ascii	"PFR\000"
 540 02af 02       		.byte	0x2
 541 02b0 98       		.byte	0x98
 542 02b1 33030000 		.4byte	0x333
 543 02b5 02       		.byte	0x2
 544 02b6 23       		.byte	0x23
 545 02b7 40       		.uleb128 0x40
 546 02b8 08       		.uleb128 0x8
 547 02b9 44465200 		.ascii	"DFR\000"
 548 02bd 02       		.byte	0x2
 549 02be 99       		.byte	0x99
 550 02bf 76000000 		.4byte	0x76
 551 02c3 02       		.byte	0x2
 552 02c4 23       		.byte	0x23
 553 02c5 48       		.uleb128 0x48
 554 02c6 08       		.uleb128 0x8
 555 02c7 41445200 		.ascii	"ADR\000"
 556 02cb 02       		.byte	0x2
 557 02cc 9A       		.byte	0x9a
 558 02cd 76000000 		.4byte	0x76
 559 02d1 02       		.byte	0x2
 560 02d2 23       		.byte	0x23
 561 02d3 4C       		.uleb128 0x4c
 562 02d4 07       		.uleb128 0x7
 563 02d5 0A000000 		.4byte	.LASF35
 564 02d9 02       		.byte	0x2
 565 02da 9B       		.byte	0x9b
 566 02db 48030000 		.4byte	0x348
 567 02df 02       		.byte	0x2
 568 02e0 23       		.byte	0x23
 569 02e1 50       		.uleb128 0x50
ARM GAS  /tmp/ccucfxDi.s 			page 11


 570 02e2 08       		.uleb128 0x8
 571 02e3 53415200 		.ascii	"SAR\000"
 572 02e7 02       		.byte	0x2
 573 02e8 9C       		.byte	0x9c
 574 02e9 5D030000 		.4byte	0x35d
 575 02ed 02       		.byte	0x2
 576 02ee 23       		.byte	0x23
 577 02ef 60       		.uleb128 0x60
 578 02f0 07       		.uleb128 0x7
 579 02f1 52000000 		.4byte	.LASF10
 580 02f5 02       		.byte	0x2
 581 02f6 9D       		.byte	0x9d
 582 02f7 62030000 		.4byte	0x362
 583 02fb 02       		.byte	0x2
 584 02fc 23       		.byte	0x23
 585 02fd 74       		.uleb128 0x74
 586 02fe 07       		.uleb128 0x7
 587 02ff BD000000 		.4byte	.LASF36
 588 0303 02       		.byte	0x2
 589 0304 9E       		.byte	0x9e
 590 0305 76000000 		.4byte	0x76
 591 0309 03       		.byte	0x3
 592 030a 23       		.byte	0x23
 593 030b 8801     		.uleb128 0x88
 594 030d 00       		.byte	0
 595 030e 09       		.uleb128 0x9
 596 030f 61000000 		.4byte	0x61
 597 0313 1E030000 		.4byte	0x31e
 598 0317 0A       		.uleb128 0xa
 599 0318 2C000000 		.4byte	0x2c
 600 031c 02       		.byte	0x2
 601 031d 00       		.byte	0
 602 031e 05       		.uleb128 0x5
 603 031f 0E030000 		.4byte	0x30e
 604 0323 09       		.uleb128 0x9
 605 0324 61000000 		.4byte	0x61
 606 0328 33030000 		.4byte	0x333
 607 032c 0A       		.uleb128 0xa
 608 032d 2C000000 		.4byte	0x2c
 609 0331 01       		.byte	0x1
 610 0332 00       		.byte	0
 611 0333 05       		.uleb128 0x5
 612 0334 23030000 		.4byte	0x323
 613 0338 09       		.uleb128 0x9
 614 0339 61000000 		.4byte	0x61
 615 033d 48030000 		.4byte	0x348
 616 0341 0A       		.uleb128 0xa
 617 0342 2C000000 		.4byte	0x2c
 618 0346 03       		.byte	0x3
 619 0347 00       		.byte	0
 620 0348 05       		.uleb128 0x5
 621 0349 38030000 		.4byte	0x338
 622 034d 09       		.uleb128 0x9
 623 034e 61000000 		.4byte	0x61
 624 0352 5D030000 		.4byte	0x35d
 625 0356 0A       		.uleb128 0xa
 626 0357 2C000000 		.4byte	0x2c
ARM GAS  /tmp/ccucfxDi.s 			page 12


 627 035b 04       		.byte	0x4
 628 035c 00       		.byte	0
 629 035d 05       		.uleb128 0x5
 630 035e 4D030000 		.4byte	0x34d
 631 0362 05       		.uleb128 0x5
 632 0363 4D030000 		.4byte	0x34d
 633 0367 04       		.uleb128 0x4
 634 0368 34010000 		.4byte	.LASF37
 635 036c 02       		.byte	0x2
 636 036d 9F       		.byte	0x9f
 637 036e DE010000 		.4byte	0x1de
 638 0372 03       		.uleb128 0x3
 639 0373 01       		.byte	0x1
 640 0374 08       		.byte	0x8
 641 0375 63010000 		.4byte	.LASF38
 642 0379 0D       		.uleb128 0xd
 643 037a 01       		.byte	0x1
 644 037b BD010000 		.4byte	.LASF40
 645 037f 01       		.byte	0x1
 646 0380 2E       		.byte	0x2e
 647 0381 01       		.byte	0x1
 648 0382 00000000 		.4byte	.LFB7
 649 0386 48000000 		.4byte	.LFE7
 650 038a 00000000 		.4byte	.LLST0
 651 038e BD030000 		.4byte	0x3bd
 652 0392 0E       		.uleb128 0xe
 653 0393 6E00     		.ascii	"n\000"
 654 0395 01       		.byte	0x1
 655 0396 2E       		.byte	0x2e
 656 0397 56000000 		.4byte	0x56
 657 039b 20000000 		.4byte	.LLST1
 658 039f 0F       		.uleb128 0xf
 659 03a0 00000000 		.4byte	.LASF39
 660 03a4 01       		.byte	0x1
 661 03a5 2E       		.byte	0x2e
 662 03a6 56000000 		.4byte	0x56
 663 03aa 33000000 		.4byte	.LLST2
 664 03ae 10       		.uleb128 0x10
 665 03af 736800   		.ascii	"sh\000"
 666 03b2 01       		.byte	0x1
 667 03b3 2F       		.byte	0x2f
 668 03b4 2C000000 		.4byte	0x2c
 669 03b8 46000000 		.4byte	.LLST3
 670 03bc 00       		.byte	0
 671 03bd 0D       		.uleb128 0xd
 672 03be 01       		.byte	0x1
 673 03bf 15000000 		.4byte	.LASF41
 674 03c3 01       		.byte	0x1
 675 03c4 3C       		.byte	0x3c
 676 03c5 01       		.byte	0x1
 677 03c6 00000000 		.4byte	.LFB8
 678 03ca 3C000000 		.4byte	.LFE8
 679 03ce 5F000000 		.4byte	.LLST4
 680 03d2 F2030000 		.4byte	0x3f2
 681 03d6 0E       		.uleb128 0xe
 682 03d7 6E00     		.ascii	"n\000"
 683 03d9 01       		.byte	0x1
ARM GAS  /tmp/ccucfxDi.s 			page 13


 684 03da 3C       		.byte	0x3c
 685 03db 56000000 		.4byte	0x56
 686 03df 7F000000 		.4byte	.LLST5
 687 03e3 10       		.uleb128 0x10
 688 03e4 736800   		.ascii	"sh\000"
 689 03e7 01       		.byte	0x1
 690 03e8 3D       		.byte	0x3d
 691 03e9 2C000000 		.4byte	0x2c
 692 03ed 92000000 		.4byte	.LLST6
 693 03f1 00       		.byte	0
 694 03f2 11       		.uleb128 0x11
 695 03f3 01       		.byte	0x1
 696 03f4 9B010000 		.4byte	.LASF45
 697 03f8 01       		.byte	0x1
 698 03f9 4A       		.byte	0x4a
 699 03fa 01       		.byte	0x1
 700 03fb 00000000 		.4byte	.LFB9
 701 03ff 30000000 		.4byte	.LFE9
 702 0403 B6000000 		.4byte	.LLST7
 703 0407 0F       		.uleb128 0xf
 704 0408 47010000 		.4byte	.LASF42
 705 040c 01       		.byte	0x1
 706 040d 4A       		.byte	0x4a
 707 040e 56000000 		.4byte	0x56
 708 0412 D6000000 		.4byte	.LLST8
 709 0416 12       		.uleb128 0x12
 710 0417 00000000 		.4byte	.LASF39
 711 041b 01       		.byte	0x1
 712 041c 4A       		.byte	0x4a
 713 041d 56000000 		.4byte	0x56
 714 0421 01       		.byte	0x1
 715 0422 51       		.byte	0x51
 716 0423 10       		.uleb128 0x10
 717 0424 736800   		.ascii	"sh\000"
 718 0427 01       		.byte	0x1
 719 0428 4B       		.byte	0x4b
 720 0429 2C000000 		.4byte	0x2c
 721 042d E9000000 		.4byte	.LLST9
 722 0431 00       		.byte	0
 723 0432 00       		.byte	0
 724              		.section	.debug_abbrev,"",%progbits
 725              	.Ldebug_abbrev0:
 726 0000 01       		.uleb128 0x1
 727 0001 11       		.uleb128 0x11
 728 0002 01       		.byte	0x1
 729 0003 25       		.uleb128 0x25
 730 0004 0E       		.uleb128 0xe
 731 0005 13       		.uleb128 0x13
 732 0006 0B       		.uleb128 0xb
 733 0007 03       		.uleb128 0x3
 734 0008 0E       		.uleb128 0xe
 735 0009 11       		.uleb128 0x11
 736 000a 01       		.uleb128 0x1
 737 000b 52       		.uleb128 0x52
 738 000c 01       		.uleb128 0x1
 739 000d 55       		.uleb128 0x55
 740 000e 06       		.uleb128 0x6
ARM GAS  /tmp/ccucfxDi.s 			page 14


 741 000f 10       		.uleb128 0x10
 742 0010 06       		.uleb128 0x6
 743 0011 00       		.byte	0
 744 0012 00       		.byte	0
 745 0013 02       		.uleb128 0x2
 746 0014 24       		.uleb128 0x24
 747 0015 00       		.byte	0
 748 0016 0B       		.uleb128 0xb
 749 0017 0B       		.uleb128 0xb
 750 0018 3E       		.uleb128 0x3e
 751 0019 0B       		.uleb128 0xb
 752 001a 03       		.uleb128 0x3
 753 001b 08       		.uleb128 0x8
 754 001c 00       		.byte	0
 755 001d 00       		.byte	0
 756 001e 03       		.uleb128 0x3
 757 001f 24       		.uleb128 0x24
 758 0020 00       		.byte	0
 759 0021 0B       		.uleb128 0xb
 760 0022 0B       		.uleb128 0xb
 761 0023 3E       		.uleb128 0x3e
 762 0024 0B       		.uleb128 0xb
 763 0025 03       		.uleb128 0x3
 764 0026 0E       		.uleb128 0xe
 765 0027 00       		.byte	0
 766 0028 00       		.byte	0
 767 0029 04       		.uleb128 0x4
 768 002a 16       		.uleb128 0x16
 769 002b 00       		.byte	0
 770 002c 03       		.uleb128 0x3
 771 002d 0E       		.uleb128 0xe
 772 002e 3A       		.uleb128 0x3a
 773 002f 0B       		.uleb128 0xb
 774 0030 3B       		.uleb128 0x3b
 775 0031 0B       		.uleb128 0xb
 776 0032 49       		.uleb128 0x49
 777 0033 13       		.uleb128 0x13
 778 0034 00       		.byte	0
 779 0035 00       		.byte	0
 780 0036 05       		.uleb128 0x5
 781 0037 35       		.uleb128 0x35
 782 0038 00       		.byte	0
 783 0039 49       		.uleb128 0x49
 784 003a 13       		.uleb128 0x13
 785 003b 00       		.byte	0
 786 003c 00       		.byte	0
 787 003d 06       		.uleb128 0x6
 788 003e 13       		.uleb128 0x13
 789 003f 01       		.byte	0x1
 790 0040 0B       		.uleb128 0xb
 791 0041 05       		.uleb128 0x5
 792 0042 3A       		.uleb128 0x3a
 793 0043 0B       		.uleb128 0xb
 794 0044 3B       		.uleb128 0x3b
 795 0045 0B       		.uleb128 0xb
 796 0046 01       		.uleb128 0x1
 797 0047 13       		.uleb128 0x13
ARM GAS  /tmp/ccucfxDi.s 			page 15


 798 0048 00       		.byte	0
 799 0049 00       		.byte	0
 800 004a 07       		.uleb128 0x7
 801 004b 0D       		.uleb128 0xd
 802 004c 00       		.byte	0
 803 004d 03       		.uleb128 0x3
 804 004e 0E       		.uleb128 0xe
 805 004f 3A       		.uleb128 0x3a
 806 0050 0B       		.uleb128 0xb
 807 0051 3B       		.uleb128 0x3b
 808 0052 0B       		.uleb128 0xb
 809 0053 49       		.uleb128 0x49
 810 0054 13       		.uleb128 0x13
 811 0055 38       		.uleb128 0x38
 812 0056 0A       		.uleb128 0xa
 813 0057 00       		.byte	0
 814 0058 00       		.byte	0
 815 0059 08       		.uleb128 0x8
 816 005a 0D       		.uleb128 0xd
 817 005b 00       		.byte	0
 818 005c 03       		.uleb128 0x3
 819 005d 08       		.uleb128 0x8
 820 005e 3A       		.uleb128 0x3a
 821 005f 0B       		.uleb128 0xb
 822 0060 3B       		.uleb128 0x3b
 823 0061 0B       		.uleb128 0xb
 824 0062 49       		.uleb128 0x49
 825 0063 13       		.uleb128 0x13
 826 0064 38       		.uleb128 0x38
 827 0065 0A       		.uleb128 0xa
 828 0066 00       		.byte	0
 829 0067 00       		.byte	0
 830 0068 09       		.uleb128 0x9
 831 0069 01       		.uleb128 0x1
 832 006a 01       		.byte	0x1
 833 006b 49       		.uleb128 0x49
 834 006c 13       		.uleb128 0x13
 835 006d 01       		.uleb128 0x1
 836 006e 13       		.uleb128 0x13
 837 006f 00       		.byte	0
 838 0070 00       		.byte	0
 839 0071 0A       		.uleb128 0xa
 840 0072 21       		.uleb128 0x21
 841 0073 00       		.byte	0
 842 0074 49       		.uleb128 0x49
 843 0075 13       		.uleb128 0x13
 844 0076 2F       		.uleb128 0x2f
 845 0077 0B       		.uleb128 0xb
 846 0078 00       		.byte	0
 847 0079 00       		.byte	0
 848 007a 0B       		.uleb128 0xb
 849 007b 21       		.uleb128 0x21
 850 007c 00       		.byte	0
 851 007d 49       		.uleb128 0x49
 852 007e 13       		.uleb128 0x13
 853 007f 2F       		.uleb128 0x2f
 854 0080 05       		.uleb128 0x5
ARM GAS  /tmp/ccucfxDi.s 			page 16


 855 0081 00       		.byte	0
 856 0082 00       		.byte	0
 857 0083 0C       		.uleb128 0xc
 858 0084 13       		.uleb128 0x13
 859 0085 01       		.byte	0x1
 860 0086 0B       		.uleb128 0xb
 861 0087 0B       		.uleb128 0xb
 862 0088 3A       		.uleb128 0x3a
 863 0089 0B       		.uleb128 0xb
 864 008a 3B       		.uleb128 0x3b
 865 008b 0B       		.uleb128 0xb
 866 008c 01       		.uleb128 0x1
 867 008d 13       		.uleb128 0x13
 868 008e 00       		.byte	0
 869 008f 00       		.byte	0
 870 0090 0D       		.uleb128 0xd
 871 0091 2E       		.uleb128 0x2e
 872 0092 01       		.byte	0x1
 873 0093 3F       		.uleb128 0x3f
 874 0094 0C       		.uleb128 0xc
 875 0095 03       		.uleb128 0x3
 876 0096 0E       		.uleb128 0xe
 877 0097 3A       		.uleb128 0x3a
 878 0098 0B       		.uleb128 0xb
 879 0099 3B       		.uleb128 0x3b
 880 009a 0B       		.uleb128 0xb
 881 009b 27       		.uleb128 0x27
 882 009c 0C       		.uleb128 0xc
 883 009d 11       		.uleb128 0x11
 884 009e 01       		.uleb128 0x1
 885 009f 12       		.uleb128 0x12
 886 00a0 01       		.uleb128 0x1
 887 00a1 40       		.uleb128 0x40
 888 00a2 06       		.uleb128 0x6
 889 00a3 01       		.uleb128 0x1
 890 00a4 13       		.uleb128 0x13
 891 00a5 00       		.byte	0
 892 00a6 00       		.byte	0
 893 00a7 0E       		.uleb128 0xe
 894 00a8 05       		.uleb128 0x5
 895 00a9 00       		.byte	0
 896 00aa 03       		.uleb128 0x3
 897 00ab 08       		.uleb128 0x8
 898 00ac 3A       		.uleb128 0x3a
 899 00ad 0B       		.uleb128 0xb
 900 00ae 3B       		.uleb128 0x3b
 901 00af 0B       		.uleb128 0xb
 902 00b0 49       		.uleb128 0x49
 903 00b1 13       		.uleb128 0x13
 904 00b2 02       		.uleb128 0x2
 905 00b3 06       		.uleb128 0x6
 906 00b4 00       		.byte	0
 907 00b5 00       		.byte	0
 908 00b6 0F       		.uleb128 0xf
 909 00b7 05       		.uleb128 0x5
 910 00b8 00       		.byte	0
 911 00b9 03       		.uleb128 0x3
ARM GAS  /tmp/ccucfxDi.s 			page 17


 912 00ba 0E       		.uleb128 0xe
 913 00bb 3A       		.uleb128 0x3a
 914 00bc 0B       		.uleb128 0xb
 915 00bd 3B       		.uleb128 0x3b
 916 00be 0B       		.uleb128 0xb
 917 00bf 49       		.uleb128 0x49
 918 00c0 13       		.uleb128 0x13
 919 00c1 02       		.uleb128 0x2
 920 00c2 06       		.uleb128 0x6
 921 00c3 00       		.byte	0
 922 00c4 00       		.byte	0
 923 00c5 10       		.uleb128 0x10
 924 00c6 34       		.uleb128 0x34
 925 00c7 00       		.byte	0
 926 00c8 03       		.uleb128 0x3
 927 00c9 08       		.uleb128 0x8
 928 00ca 3A       		.uleb128 0x3a
 929 00cb 0B       		.uleb128 0xb
 930 00cc 3B       		.uleb128 0x3b
 931 00cd 0B       		.uleb128 0xb
 932 00ce 49       		.uleb128 0x49
 933 00cf 13       		.uleb128 0x13
 934 00d0 02       		.uleb128 0x2
 935 00d1 06       		.uleb128 0x6
 936 00d2 00       		.byte	0
 937 00d3 00       		.byte	0
 938 00d4 11       		.uleb128 0x11
 939 00d5 2E       		.uleb128 0x2e
 940 00d6 01       		.byte	0x1
 941 00d7 3F       		.uleb128 0x3f
 942 00d8 0C       		.uleb128 0xc
 943 00d9 03       		.uleb128 0x3
 944 00da 0E       		.uleb128 0xe
 945 00db 3A       		.uleb128 0x3a
 946 00dc 0B       		.uleb128 0xb
 947 00dd 3B       		.uleb128 0x3b
 948 00de 0B       		.uleb128 0xb
 949 00df 27       		.uleb128 0x27
 950 00e0 0C       		.uleb128 0xc
 951 00e1 11       		.uleb128 0x11
 952 00e2 01       		.uleb128 0x1
 953 00e3 12       		.uleb128 0x12
 954 00e4 01       		.uleb128 0x1
 955 00e5 40       		.uleb128 0x40
 956 00e6 06       		.uleb128 0x6
 957 00e7 00       		.byte	0
 958 00e8 00       		.byte	0
 959 00e9 12       		.uleb128 0x12
 960 00ea 05       		.uleb128 0x5
 961 00eb 00       		.byte	0
 962 00ec 03       		.uleb128 0x3
 963 00ed 0E       		.uleb128 0xe
 964 00ee 3A       		.uleb128 0x3a
 965 00ef 0B       		.uleb128 0xb
 966 00f0 3B       		.uleb128 0x3b
 967 00f1 0B       		.uleb128 0xb
 968 00f2 49       		.uleb128 0x49
ARM GAS  /tmp/ccucfxDi.s 			page 18


 969 00f3 13       		.uleb128 0x13
 970 00f4 02       		.uleb128 0x2
 971 00f5 0A       		.uleb128 0xa
 972 00f6 00       		.byte	0
 973 00f7 00       		.byte	0
 974 00f8 00       		.byte	0
 975              		.section	.debug_loc,"",%progbits
 976              	.Ldebug_loc0:
 977              	.LLST0:
 978 0000 00000000 		.4byte	.LFB7
 979 0004 02000000 		.4byte	.LCFI0
 980 0008 0200     		.2byte	0x2
 981 000a 7D       		.byte	0x7d
 982 000b 00       		.sleb128 0
 983 000c 02000000 		.4byte	.LCFI0
 984 0010 48000000 		.4byte	.LFE7
 985 0014 0200     		.2byte	0x2
 986 0016 7D       		.byte	0x7d
 987 0017 10       		.sleb128 16
 988 0018 00000000 		.4byte	0
 989 001c 00000000 		.4byte	0
 990              	.LLST1:
 991 0020 00000000 		.4byte	.LVL0
 992 0024 36000000 		.4byte	.LVL2
 993 0028 0100     		.2byte	0x1
 994 002a 50       		.byte	0x50
 995 002b 00000000 		.4byte	0
 996 002f 00000000 		.4byte	0
 997              	.LLST2:
 998 0033 00000000 		.4byte	.LVL0
 999 0037 32000000 		.4byte	.LVL1
 1000 003b 0100     		.2byte	0x1
 1001 003d 51       		.byte	0x51
 1002 003e 00000000 		.4byte	0
 1003 0042 00000000 		.4byte	0
 1004              	.LLST3:
 1005 0046 00000000 		.4byte	.LVL0
 1006 004a 36000000 		.4byte	.LVL2
 1007 004e 0700     		.2byte	0x7
 1008 0050 70       		.byte	0x70
 1009 0051 00       		.sleb128 0
 1010 0052 33       		.byte	0x33
 1011 0053 1A       		.byte	0x1a
 1012 0054 33       		.byte	0x33
 1013 0055 24       		.byte	0x24
 1014 0056 9F       		.byte	0x9f
 1015 0057 00000000 		.4byte	0
 1016 005b 00000000 		.4byte	0
 1017              	.LLST4:
 1018 005f 00000000 		.4byte	.LFB8
 1019 0063 08000000 		.4byte	.LCFI1
 1020 0067 0200     		.2byte	0x2
 1021 0069 7D       		.byte	0x7d
 1022 006a 00       		.sleb128 0
 1023 006b 08000000 		.4byte	.LCFI1
 1024 006f 3C000000 		.4byte	.LFE8
 1025 0073 0200     		.2byte	0x2
ARM GAS  /tmp/ccucfxDi.s 			page 19


 1026 0075 7D       		.byte	0x7d
 1027 0076 04       		.sleb128 4
 1028 0077 00000000 		.4byte	0
 1029 007b 00000000 		.4byte	0
 1030              	.LLST5:
 1031 007f 00000000 		.4byte	.LVL3
 1032 0083 26000000 		.4byte	.LVL4
 1033 0087 0100     		.2byte	0x1
 1034 0089 50       		.byte	0x50
 1035 008a 00000000 		.4byte	0
 1036 008e 00000000 		.4byte	0
 1037              	.LLST6:
 1038 0092 00000000 		.4byte	.LVL3
 1039 0096 26000000 		.4byte	.LVL4
 1040 009a 0700     		.2byte	0x7
 1041 009c 70       		.byte	0x70
 1042 009d 00       		.sleb128 0
 1043 009e 33       		.byte	0x33
 1044 009f 1A       		.byte	0x1a
 1045 00a0 33       		.byte	0x33
 1046 00a1 24       		.byte	0x24
 1047 00a2 9F       		.byte	0x9f
 1048 00a3 26000000 		.4byte	.LVL4
 1049 00a7 34000000 		.4byte	.LVL5
 1050 00ab 0100     		.2byte	0x1
 1051 00ad 50       		.byte	0x50
 1052 00ae 00000000 		.4byte	0
 1053 00b2 00000000 		.4byte	0
 1054              	.LLST7:
 1055 00b6 00000000 		.4byte	.LFB9
 1056 00ba 02000000 		.4byte	.LCFI2
 1057 00be 0200     		.2byte	0x2
 1058 00c0 7D       		.byte	0x7d
 1059 00c1 00       		.sleb128 0
 1060 00c2 02000000 		.4byte	.LCFI2
 1061 00c6 30000000 		.4byte	.LFE9
 1062 00ca 0200     		.2byte	0x2
 1063 00cc 7D       		.byte	0x7d
 1064 00cd 08       		.sleb128 8
 1065 00ce 00000000 		.4byte	0
 1066 00d2 00000000 		.4byte	0
 1067              	.LLST8:
 1068 00d6 00000000 		.4byte	.LVL6
 1069 00da 12000000 		.4byte	.LVL7
 1070 00de 0100     		.2byte	0x1
 1071 00e0 50       		.byte	0x50
 1072 00e1 00000000 		.4byte	0
 1073 00e5 00000000 		.4byte	0
 1074              	.LLST9:
 1075 00e9 00000000 		.4byte	.LVL6
 1076 00ed 12000000 		.4byte	.LVL7
 1077 00f1 0700     		.2byte	0x7
 1078 00f3 70       		.byte	0x70
 1079 00f4 00       		.sleb128 0
 1080 00f5 33       		.byte	0x33
 1081 00f6 1A       		.byte	0x1a
 1082 00f7 33       		.byte	0x33
ARM GAS  /tmp/ccucfxDi.s 			page 20


 1083 00f8 24       		.byte	0x24
 1084 00f9 9F       		.byte	0x9f
 1085 00fa 00000000 		.4byte	0
 1086 00fe 00000000 		.4byte	0
 1087              		.section	.debug_aranges,"",%progbits
 1088 0000 2C000000 		.4byte	0x2c
 1089 0004 0200     		.2byte	0x2
 1090 0006 00000000 		.4byte	.Ldebug_info0
 1091 000a 04       		.byte	0x4
 1092 000b 00       		.byte	0
 1093 000c 0000     		.2byte	0
 1094 000e 0000     		.2byte	0
 1095 0010 00000000 		.4byte	.LFB7
 1096 0014 48000000 		.4byte	.LFE7-.LFB7
 1097 0018 00000000 		.4byte	.LFB8
 1098 001c 3C000000 		.4byte	.LFE8-.LFB8
 1099 0020 00000000 		.4byte	.LFB9
 1100 0024 30000000 		.4byte	.LFE9-.LFB9
 1101 0028 00000000 		.4byte	0
 1102 002c 00000000 		.4byte	0
 1103              		.section	.debug_ranges,"",%progbits
 1104              	.Ldebug_ranges0:
 1105 0000 00000000 		.4byte	.LFB7
 1106 0004 48000000 		.4byte	.LFE7
 1107 0008 00000000 		.4byte	.LFB8
 1108 000c 3C000000 		.4byte	.LFE8
 1109 0010 00000000 		.4byte	.LFB9
 1110 0014 30000000 		.4byte	.LFE9
 1111 0018 00000000 		.4byte	0
 1112 001c 00000000 		.4byte	0
 1113              		.section	.debug_line,"",%progbits
 1114              	.Ldebug_line0:
 1115 0000 05010000 		.section	.debug_str,"MS",%progbits,1
 1115      0200B300 
 1115      00000201 
 1115      FB0E0D00 
 1115      01010101 
 1116              	.LASF39:
 1117 0000 7072696F 		.ascii	"prio\000"
 1117      00
 1118              	.LASF15:
 1119 0005 49435052 		.ascii	"ICPR\000"
 1119      00
 1120              	.LASF35:
 1121 000a 4D4D4652 		.ascii	"MMFR\000"
 1121      00
 1122              	.LASF28:
 1123 000f 53484353 		.ascii	"SHCSR\000"
 1123      5200
 1124              	.LASF41:
 1125 0015 6E766963 		.ascii	"nvicDisableVector\000"
 1125      44697361 
 1125      626C6556 
 1125      6563746F 
 1125      7200
 1126              	.LASF22:
 1127 0027 434D785F 		.ascii	"CMx_NVIC\000"
ARM GAS  /tmp/ccucfxDi.s 			page 21


 1127      4E564943 
 1127      00
 1128              	.LASF25:
 1129 0030 56544F52 		.ascii	"VTOR\000"
 1129      00
 1130              	.LASF3:
 1131 0035 73686F72 		.ascii	"short int\000"
 1131      7420696E 
 1131      7400
 1132              	.LASF11:
 1133 003f 49434552 		.ascii	"ICER\000"
 1133      00
 1134              	.LASF2:
 1135 0044 756E7369 		.ascii	"unsigned char\000"
 1135      676E6564 
 1135      20636861 
 1135      7200
 1136              	.LASF10:
 1137 0052 756E7573 		.ascii	"unused1\000"
 1137      65643100 
 1138              	.LASF12:
 1139 005a 756E7573 		.ascii	"unused2\000"
 1139      65643200 
 1140              	.LASF14:
 1141 0062 756E7573 		.ascii	"unused3\000"
 1141      65643300 
 1142              	.LASF16:
 1143 006a 756E7573 		.ascii	"unused4\000"
 1143      65643400 
 1144              	.LASF18:
 1145 0072 756E7573 		.ascii	"unused5\000"
 1145      65643500 
 1146              	.LASF19:
 1147 007a 756E7573 		.ascii	"unused6\000"
 1147      65643600 
 1148              	.LASF4:
 1149 0082 73686F72 		.ascii	"short unsigned int\000"
 1149      7420756E 
 1149      7369676E 
 1149      65642069 
 1149      6E7400
 1150              	.LASF29:
 1151 0095 43465352 		.ascii	"CFSR\000"
 1151      00
 1152              	.LASF43:
 1153 009a 474E5520 		.ascii	"GNU C 4.6.3\000"
 1153      4320342E 
 1153      362E3300 
 1154              	.LASF30:
 1155 00a6 48465352 		.ascii	"HFSR\000"
 1155      00
 1156              	.LASF6:
 1157 00ab 6C6F6E67 		.ascii	"long unsigned int\000"
 1157      20756E73 
 1157      69676E65 
 1157      6420696E 
 1157      7400
ARM GAS  /tmp/ccucfxDi.s 			page 22


 1158              	.LASF36:
 1159 00bd 43504143 		.ascii	"CPACR\000"
 1159      5200
 1160              	.LASF20:
 1161 00c3 53544952 		.ascii	"STIR\000"
 1161      00
 1162              	.LASF44:
 1163 00c8 2F6F7074 		.ascii	"/opt/ChibiOS/ChibiOS_2.4.4/os/ports/common/ARMCMx/n"
 1163      2F436869 
 1163      62694F53 
 1163      2F436869 
 1163      62694F53 
 1164 00fb 7669632E 		.ascii	"vic.c\000"
 1164      6300
 1165              	.LASF0:
 1166 0101 756E7369 		.ascii	"unsigned int\000"
 1166      676E6564 
 1166      20696E74 
 1166      00
 1167              	.LASF13:
 1168 010e 49535052 		.ascii	"ISPR\000"
 1168      00
 1169              	.LASF31:
 1170 0113 44465352 		.ascii	"DFSR\000"
 1170      00
 1171              	.LASF8:
 1172 0118 6C6F6E67 		.ascii	"long long unsigned int\000"
 1172      206C6F6E 
 1172      6720756E 
 1172      7369676E 
 1172      65642069 
 1173              	.LASF24:
 1174 012f 49435352 		.ascii	"ICSR\000"
 1174      00
 1175              	.LASF37:
 1176 0134 434D785F 		.ascii	"CMx_SCB\000"
 1176      53434200 
 1177              	.LASF26:
 1178 013c 41495243 		.ascii	"AIRCR\000"
 1178      5200
 1179              	.LASF33:
 1180 0142 42464152 		.ascii	"BFAR\000"
 1180      00
 1181              	.LASF42:
 1182 0147 68616E64 		.ascii	"handler\000"
 1182      6C657200 
 1183              	.LASF7:
 1184 014f 6C6F6E67 		.ascii	"long long int\000"
 1184      206C6F6E 
 1184      6720696E 
 1184      7400
 1185              	.LASF23:
 1186 015d 43505549 		.ascii	"CPUID\000"
 1186      4400
 1187              	.LASF38:
 1188 0163 63686172 		.ascii	"char\000"
 1188      00
ARM GAS  /tmp/ccucfxDi.s 			page 23


 1189              	.LASF9:
 1190 0168 49534552 		.ascii	"ISER\000"
 1190      00
 1191              	.LASF34:
 1192 016d 41465352 		.ascii	"AFSR\000"
 1192      00
 1193              	.LASF32:
 1194 0172 4D4D4641 		.ascii	"MMFAR\000"
 1194      5200
 1195              	.LASF21:
 1196 0178 75696E74 		.ascii	"uint32_t\000"
 1196      33325F74 
 1196      00
 1197              	.LASF5:
 1198 0181 6C6F6E67 		.ascii	"long int\000"
 1198      20696E74 
 1198      00
 1199              	.LASF27:
 1200 018a 53485052 		.ascii	"SHPR\000"
 1200      00
 1201              	.LASF1:
 1202 018f 7369676E 		.ascii	"signed char\000"
 1202      65642063 
 1202      68617200 
 1203              	.LASF45:
 1204 019b 6E766963 		.ascii	"nvicSetSystemHandlerPriority\000"
 1204      53657453 
 1204      79737465 
 1204      6D48616E 
 1204      646C6572 
 1205              	.LASF17:
 1206 01b8 49414252 		.ascii	"IABR\000"
 1206      00
 1207              	.LASF40:
 1208 01bd 6E766963 		.ascii	"nvicEnableVector\000"
 1208      456E6162 
 1208      6C655665 
 1208      63746F72 
 1208      00
 1209              		.ident	"GCC: (Sourcery CodeBench Lite 2012.03-56) 4.6.3"
ARM GAS  /tmp/ccucfxDi.s 			page 24


DEFINED SYMBOLS
                            *ABS*:00000000 nvic.c
     /tmp/ccucfxDi.s:21     .text.nvicEnableVector:00000000 $t
     /tmp/ccucfxDi.s:27     .text.nvicEnableVector:00000000 nvicEnableVector
     /tmp/ccucfxDi.s:83     .text.nvicDisableVector:00000000 $t
     /tmp/ccucfxDi.s:89     .text.nvicDisableVector:00000000 nvicDisableVector
     /tmp/ccucfxDi.s:135    .text.nvicSetSystemHandlerPriority:00000000 $t
     /tmp/ccucfxDi.s:141    .text.nvicSetSystemHandlerPriority:00000000 nvicSetSystemHandlerPriority
                     .debug_frame:00000010 $d

NO UNDEFINED SYMBOLS
