ARM GAS  /tmp/ccvqXTA5.s 			page 1


   1              		.syntax unified
   2              		.cpu cortex-m4
   3              		.eabi_attribute 27, 3
   4              		.eabi_attribute 28, 1
   5              		.fpu fpv4-sp-d16
   6              		.eabi_attribute 20, 1
   7              		.eabi_attribute 21, 1
   8              		.eabi_attribute 23, 3
   9              		.eabi_attribute 24, 1
  10              		.eabi_attribute 25, 1
  11              		.eabi_attribute 26, 1
  12              		.eabi_attribute 30, 2
  13              		.eabi_attribute 34, 1
  14              		.eabi_attribute 18, 4
  15              		.thumb
  16              		.file	"pal.c"
  17              		.text
  18              	.Ltext0:
  19              		.cfi_sections	.debug_frame
  20              		.section	.text.palReadBus,"ax",%progbits
  21              		.align	2
  22              		.p2align 4,,15
  23              		.global	palReadBus
  24              		.thumb
  25              		.thumb_func
  26              		.type	palReadBus, %function
  27              	palReadBus:
  28              	.LFB117:
  29              		.file 1 "/opt/ChibiOS/ChibiOS_2.4.4/os/hal/src/pal.c"
  30              		.loc 1 76 0
  31              		.cfi_startproc
  32              		@ args = 0, pretend = 0, frame = 0
  33              		@ frame_needed = 0, uses_anonymous_args = 0
  34              		@ link register save eliminated.
  35              	.LVL0:
  36              		.loc 1 81 0
  37 0000 0368     		ldr	r3, [r0, #0]
  38 0002 8268     		ldr	r2, [r0, #8]
  39 0004 1969     		ldr	r1, [r3, #16]
  40 0006 4368     		ldr	r3, [r0, #4]
  41 0008 21FA02F0 		lsr	r0, r1, r2
  42              	.LVL1:
  43              		.loc 1 82 0
  44 000c 1840     		ands	r0, r0, r3
  45 000e 7047     		bx	lr
  46              		.cfi_endproc
  47              	.LFE117:
  48              		.size	palReadBus, .-palReadBus
  49              		.section	.text.palWriteBus,"ax",%progbits
  50              		.align	2
  51              		.p2align 4,,15
  52              		.global	palWriteBus
  53              		.thumb
  54              		.thumb_func
  55              		.type	palWriteBus, %function
  56              	palWriteBus:
  57              	.LFB118:
ARM GAS  /tmp/ccvqXTA5.s 			page 2


  58              		.loc 1 101 0
  59              		.cfi_startproc
  60              		@ args = 0, pretend = 0, frame = 0
  61              		@ frame_needed = 0, uses_anonymous_args = 0
  62              		@ link register save eliminated.
  63              	.LVL2:
  64              		.loc 1 106 0
  65 0000 0DC8     		ldmia	r0, {r0, r2, r3}
  66              	.LVL3:
  67              		.loc 1 101 0
  68 0002 30B4     		push	{r4, r5}
  69              	.LCFI0:
  70              		.cfi_def_cfa_offset 8
  71              		.cfi_offset 5, -4
  72              		.cfi_offset 4, -8
  73              		.loc 1 106 0
  74 0004 22EA0105 		bic	r5, r2, r1
  75 0008 03F11004 		add	r4, r3, #16
  76 000c 0A40     		ands	r2, r2, r1
  77 000e 05FA04F4 		lsl	r4, r5, r4
  78 0012 02FA03F1 		lsl	r1, r2, r3
  79              	.LVL4:
  80 0016 44EA0103 		orr	r3, r4, r1
  81 001a 8361     		str	r3, [r0, #24]
  82              		.loc 1 107 0
  83 001c 30BC     		pop	{r4, r5}
  84 001e 7047     		bx	lr
  85              		.cfi_endproc
  86              	.LFE118:
  87              		.size	palWriteBus, .-palWriteBus
  88              		.section	.text.palSetBusMode,"ax",%progbits
  89              		.align	2
  90              		.p2align 4,,15
  91              		.global	palSetBusMode
  92              		.thumb
  93              		.thumb_func
  94              		.type	palSetBusMode, %function
  95              	palSetBusMode:
  96              	.LFB119:
  97              		.loc 1 124 0
  98              		.cfi_startproc
  99              		@ args = 0, pretend = 0, frame = 0
 100              		@ frame_needed = 0, uses_anonymous_args = 0
 101              		@ link register save eliminated.
 102              	.LVL5:
 103              		.loc 1 124 0
 104 0000 0A46     		mov	r2, r1
 105              		.loc 1 129 0
 106 0002 0BC8     		ldmia	r0, {r0, r1, r3}
 107              	.LVL6:
 108 0004 01FA03F1 		lsl	r1, r1, r3
 109              		.loc 1 130 0
 110              		.loc 1 129 0
 111 0008 FFF7FEBF 		b	_pal_lld_setgroupmode
 112              	.LVL7:
 113              		.cfi_endproc
 114              	.LFE119:
ARM GAS  /tmp/ccvqXTA5.s 			page 3


 115              		.size	palSetBusMode, .-palSetBusMode
 116 000c AFF30080 		.text
 117              	.Letext0:
 118              		.file 2 "/opt/arm/bin/../lib/gcc/arm-none-eabi/4.6.3/../../../../arm-none-eabi/include/stdint.h"
 119              		.file 3 "/opt/ChibiOS/ChibiOS_2.4.4/os/hal/platforms/STM32/GPIOv2/pal_lld.h"
 120              		.file 4 "/opt/ChibiOS/ChibiOS_2.4.4/os/hal/include/pal.h"
 121              		.file 5 "/opt/ChibiOS/ChibiOS_2.4.4/os/ports/common/ARMCMx/CMSIS/include/core_cm4.h"
 122              		.section	.debug_info,"",%progbits
 123              	.Ldebug_info0:
 124 0000 9E020000 		.4byte	0x29e
 125 0004 0200     		.2byte	0x2
 126 0006 00000000 		.4byte	.Ldebug_abbrev0
 127 000a 04       		.byte	0x4
 128 000b 01       		.uleb128 0x1
 129 000c B6000000 		.4byte	.LASF35
 130 0010 01       		.byte	0x1
 131 0011 C2000000 		.4byte	.LASF36
 132 0015 00000000 		.4byte	0
 133 0019 00000000 		.4byte	0
 134 001d 00000000 		.4byte	.Ldebug_ranges0+0
 135 0021 00000000 		.4byte	.Ldebug_line0
 136 0025 02       		.uleb128 0x2
 137 0026 04       		.byte	0x4
 138 0027 05       		.byte	0x5
 139 0028 696E7400 		.ascii	"int\000"
 140 002c 03       		.uleb128 0x3
 141 002d 04       		.byte	0x4
 142 002e 07       		.byte	0x7
 143 002f 00010000 		.4byte	.LASF0
 144 0033 03       		.uleb128 0x3
 145 0034 01       		.byte	0x1
 146 0035 06       		.byte	0x6
 147 0036 77010000 		.4byte	.LASF1
 148 003a 03       		.uleb128 0x3
 149 003b 01       		.byte	0x1
 150 003c 08       		.byte	0x8
 151 003d 6C000000 		.4byte	.LASF2
 152 0041 03       		.uleb128 0x3
 153 0042 02       		.byte	0x2
 154 0043 05       		.byte	0x5
 155 0044 EE000000 		.4byte	.LASF3
 156 0048 04       		.uleb128 0x4
 157 0049 5C010000 		.4byte	.LASF5
 158 004d 02       		.byte	0x2
 159 004e 36       		.byte	0x36
 160 004f 53000000 		.4byte	0x53
 161 0053 03       		.uleb128 0x3
 162 0054 02       		.byte	0x2
 163 0055 07       		.byte	0x7
 164 0056 91000000 		.4byte	.LASF4
 165 005a 04       		.uleb128 0x4
 166 005b 24010000 		.4byte	.LASF6
 167 005f 02       		.byte	0x2
 168 0060 4F       		.byte	0x4f
 169 0061 65000000 		.4byte	0x65
 170 0065 03       		.uleb128 0x3
 171 0066 04       		.byte	0x4
ARM GAS  /tmp/ccvqXTA5.s 			page 4


 172 0067 05       		.byte	0x5
 173 0068 6E010000 		.4byte	.LASF7
 174 006c 04       		.uleb128 0x4
 175 006d 65010000 		.4byte	.LASF8
 176 0071 02       		.byte	0x2
 177 0072 50       		.byte	0x50
 178 0073 77000000 		.4byte	0x77
 179 0077 03       		.uleb128 0x3
 180 0078 04       		.byte	0x4
 181 0079 07       		.byte	0x7
 182 007a 7F000000 		.4byte	.LASF9
 183 007e 03       		.uleb128 0x3
 184 007f 08       		.byte	0x8
 185 0080 05       		.byte	0x5
 186 0081 32010000 		.4byte	.LASF10
 187 0085 03       		.uleb128 0x3
 188 0086 08       		.byte	0x8
 189 0087 07       		.byte	0x7
 190 0088 83010000 		.4byte	.LASF11
 191 008c 04       		.uleb128 0x4
 192 008d 1C000000 		.4byte	.LASF12
 193 0091 02       		.byte	0x2
 194 0092 A0       		.byte	0xa0
 195 0093 2C000000 		.4byte	0x2c
 196 0097 05       		.uleb128 0x5
 197 0098 6C000000 		.4byte	0x6c
 198 009c 03       		.uleb128 0x3
 199 009d 01       		.byte	0x1
 200 009e 08       		.byte	0x8
 201 009f 1A010000 		.4byte	.LASF13
 202 00a3 05       		.uleb128 0x5
 203 00a4 5A000000 		.4byte	0x5a
 204 00a8 06       		.uleb128 0x6
 205 00a9 04       		.byte	0x4
 206 00aa 03       		.byte	0x3
 207 00ab 9D       		.byte	0x9d
 208 00ac CD000000 		.4byte	0xcd
 209 00b0 07       		.uleb128 0x7
 210 00b1 73657400 		.ascii	"set\000"
 211 00b5 03       		.byte	0x3
 212 00b6 9E       		.byte	0x9e
 213 00b7 48000000 		.4byte	0x48
 214 00bb 02       		.byte	0x2
 215 00bc 23       		.byte	0x23
 216 00bd 00       		.uleb128 0
 217 00be 08       		.uleb128 0x8
 218 00bf 05000000 		.4byte	.LASF14
 219 00c3 03       		.byte	0x3
 220 00c4 9F       		.byte	0x9f
 221 00c5 48000000 		.4byte	0x48
 222 00c9 02       		.byte	0x2
 223 00ca 23       		.byte	0x23
 224 00cb 02       		.uleb128 0x2
 225 00cc 00       		.byte	0
 226 00cd 09       		.uleb128 0x9
 227 00ce 04       		.byte	0x4
 228 00cf 03       		.byte	0x3
ARM GAS  /tmp/ccvqXTA5.s 			page 5


 229 00d0 9B       		.byte	0x9b
 230 00d1 E8000000 		.4byte	0xe8
 231 00d5 0A       		.uleb128 0xa
 232 00d6 5700     		.ascii	"W\000"
 233 00d8 03       		.byte	0x3
 234 00d9 9C       		.byte	0x9c
 235 00da 6C000000 		.4byte	0x6c
 236 00de 0A       		.uleb128 0xa
 237 00df 4800     		.ascii	"H\000"
 238 00e1 03       		.byte	0x3
 239 00e2 A0       		.byte	0xa0
 240 00e3 A8000000 		.4byte	0xa8
 241 00e7 00       		.byte	0
 242 00e8 06       		.uleb128 0x6
 243 00e9 28       		.byte	0x28
 244 00ea 03       		.byte	0x3
 245 00eb 93       		.byte	0x93
 246 00ec 7D010000 		.4byte	0x17d
 247 00f0 08       		.uleb128 0x8
 248 00f1 0B000000 		.4byte	.LASF15
 249 00f5 03       		.byte	0x3
 250 00f6 95       		.byte	0x95
 251 00f7 97000000 		.4byte	0x97
 252 00fb 02       		.byte	0x2
 253 00fc 23       		.byte	0x23
 254 00fd 00       		.uleb128 0
 255 00fe 08       		.uleb128 0x8
 256 00ff 5C000000 		.4byte	.LASF16
 257 0103 03       		.byte	0x3
 258 0104 96       		.byte	0x96
 259 0105 97000000 		.4byte	0x97
 260 0109 02       		.byte	0x2
 261 010a 23       		.byte	0x23
 262 010b 04       		.uleb128 0x4
 263 010c 08       		.uleb128 0x8
 264 010d F8000000 		.4byte	.LASF17
 265 0111 03       		.byte	0x3
 266 0112 97       		.byte	0x97
 267 0113 97000000 		.4byte	0x97
 268 0117 02       		.byte	0x2
 269 0118 23       		.byte	0x23
 270 0119 08       		.uleb128 0x8
 271 011a 08       		.uleb128 0x8
 272 011b 2C010000 		.4byte	.LASF18
 273 011f 03       		.byte	0x3
 274 0120 98       		.byte	0x98
 275 0121 97000000 		.4byte	0x97
 276 0125 02       		.byte	0x2
 277 0126 23       		.byte	0x23
 278 0127 0C       		.uleb128 0xc
 279 0128 07       		.uleb128 0x7
 280 0129 49445200 		.ascii	"IDR\000"
 281 012d 03       		.byte	0x3
 282 012e 99       		.byte	0x99
 283 012f 97000000 		.4byte	0x97
 284 0133 02       		.byte	0x2
 285 0134 23       		.byte	0x23
ARM GAS  /tmp/ccvqXTA5.s 			page 6


 286 0135 10       		.uleb128 0x10
 287 0136 07       		.uleb128 0x7
 288 0137 4F445200 		.ascii	"ODR\000"
 289 013b 03       		.byte	0x3
 290 013c 9A       		.byte	0x9a
 291 013d 97000000 		.4byte	0x97
 292 0141 02       		.byte	0x2
 293 0142 23       		.byte	0x23
 294 0143 14       		.uleb128 0x14
 295 0144 08       		.uleb128 0x8
 296 0145 29000000 		.4byte	.LASF19
 297 0149 03       		.byte	0x3
 298 014a A1       		.byte	0xa1
 299 014b 7D010000 		.4byte	0x17d
 300 014f 02       		.byte	0x2
 301 0150 23       		.byte	0x23
 302 0151 18       		.uleb128 0x18
 303 0152 08       		.uleb128 0x8
 304 0153 00000000 		.4byte	.LASF20
 305 0157 03       		.byte	0x3
 306 0158 A2       		.byte	0xa2
 307 0159 97000000 		.4byte	0x97
 308 015d 02       		.byte	0x2
 309 015e 23       		.byte	0x23
 310 015f 1C       		.uleb128 0x1c
 311 0160 08       		.uleb128 0x8
 312 0161 A4000000 		.4byte	.LASF21
 313 0165 03       		.byte	0x3
 314 0166 A3       		.byte	0xa3
 315 0167 97000000 		.4byte	0x97
 316 016b 02       		.byte	0x2
 317 016c 23       		.byte	0x23
 318 016d 20       		.uleb128 0x20
 319 016e 08       		.uleb128 0x8
 320 016f 7A000000 		.4byte	.LASF22
 321 0173 03       		.byte	0x3
 322 0174 A4       		.byte	0xa4
 323 0175 97000000 		.4byte	0x97
 324 0179 02       		.byte	0x2
 325 017a 23       		.byte	0x23
 326 017b 24       		.uleb128 0x24
 327 017c 00       		.byte	0
 328 017d 05       		.uleb128 0x5
 329 017e CD000000 		.4byte	0xcd
 330 0182 04       		.uleb128 0x4
 331 0183 0D010000 		.4byte	.LASF23
 332 0187 03       		.byte	0x3
 333 0188 A5       		.byte	0xa5
 334 0189 E8000000 		.4byte	0xe8
 335 018d 04       		.uleb128 0x4
 336 018e 4F000000 		.4byte	.LASF24
 337 0192 03       		.byte	0x3
 338 0193 EF       		.byte	0xef
 339 0194 6C000000 		.4byte	0x6c
 340 0198 04       		.uleb128 0x4
 341 0199 63000000 		.4byte	.LASF25
 342 019d 03       		.byte	0x3
ARM GAS  /tmp/ccvqXTA5.s 			page 7


 343 019e F4       		.byte	0xf4
 344 019f 6C000000 		.4byte	0x6c
 345 01a3 04       		.uleb128 0x4
 346 01a4 51010000 		.4byte	.LASF26
 347 01a8 03       		.byte	0x3
 348 01a9 FC       		.byte	0xfc
 349 01aa AE010000 		.4byte	0x1ae
 350 01ae 0B       		.uleb128 0xb
 351 01af 04       		.byte	0x4
 352 01b0 82010000 		.4byte	0x182
 353 01b4 06       		.uleb128 0x6
 354 01b5 0C       		.byte	0xc
 355 01b6 04       		.byte	0x4
 356 01b7 85       		.byte	0x85
 357 01b8 E7010000 		.4byte	0x1e7
 358 01bc 08       		.uleb128 0x8
 359 01bd 48000000 		.4byte	.LASF27
 360 01c1 04       		.byte	0x4
 361 01c2 89       		.byte	0x89
 362 01c3 A3010000 		.4byte	0x1a3
 363 01c7 02       		.byte	0x2
 364 01c8 23       		.byte	0x23
 365 01c9 00       		.uleb128 0
 366 01ca 08       		.uleb128 0x8
 367 01cb 40010000 		.4byte	.LASF28
 368 01cf 04       		.byte	0x4
 369 01d0 8F       		.byte	0x8f
 370 01d1 8D010000 		.4byte	0x18d
 371 01d5 02       		.byte	0x2
 372 01d6 23       		.byte	0x23
 373 01d7 04       		.uleb128 0x4
 374 01d8 08       		.uleb128 0x8
 375 01d9 4A010000 		.4byte	.LASF29
 376 01dd 04       		.byte	0x4
 377 01de 93       		.byte	0x93
 378 01df 8C000000 		.4byte	0x8c
 379 01e3 02       		.byte	0x2
 380 01e4 23       		.byte	0x23
 381 01e5 08       		.uleb128 0x8
 382 01e6 00       		.byte	0
 383 01e7 04       		.uleb128 0x4
 384 01e8 9A010000 		.4byte	.LASF30
 385 01ec 04       		.byte	0x4
 386 01ed 94       		.byte	0x94
 387 01ee B4010000 		.4byte	0x1b4
 388 01f2 0C       		.uleb128 0xc
 389 01f3 01       		.byte	0x1
 390 01f4 11000000 		.4byte	.LASF37
 391 01f8 01       		.byte	0x1
 392 01f9 4C       		.byte	0x4c
 393 01fa 01       		.byte	0x1
 394 01fb 8D010000 		.4byte	0x18d
 395 01ff 00000000 		.4byte	.LFB117
 396 0203 10000000 		.4byte	.LFE117
 397 0207 02       		.byte	0x2
 398 0208 7D       		.byte	0x7d
 399 0209 00       		.sleb128 0
ARM GAS  /tmp/ccvqXTA5.s 			page 8


 400 020a 1E020000 		.4byte	0x21e
 401 020e 0D       		.uleb128 0xd
 402 020f 62757300 		.ascii	"bus\000"
 403 0213 01       		.byte	0x1
 404 0214 4C       		.byte	0x4c
 405 0215 1E020000 		.4byte	0x21e
 406 0219 00000000 		.4byte	.LLST0
 407 021d 00       		.byte	0
 408 021e 0B       		.uleb128 0xb
 409 021f 04       		.byte	0x4
 410 0220 E7010000 		.4byte	0x1e7
 411 0224 0E       		.uleb128 0xe
 412 0225 01       		.byte	0x1
 413 0226 2E000000 		.4byte	.LASF32
 414 022a 01       		.byte	0x1
 415 022b 65       		.byte	0x65
 416 022c 01       		.byte	0x1
 417 022d 00000000 		.4byte	.LFB118
 418 0231 20000000 		.4byte	.LFE118
 419 0235 13000000 		.4byte	.LLST1
 420 0239 5C020000 		.4byte	0x25c
 421 023d 0D       		.uleb128 0xd
 422 023e 62757300 		.ascii	"bus\000"
 423 0242 01       		.byte	0x1
 424 0243 65       		.byte	0x65
 425 0244 1E020000 		.4byte	0x21e
 426 0248 33000000 		.4byte	.LLST2
 427 024c 0F       		.uleb128 0xf
 428 024d 45010000 		.4byte	.LASF31
 429 0251 01       		.byte	0x1
 430 0252 65       		.byte	0x65
 431 0253 8D010000 		.4byte	0x18d
 432 0257 46000000 		.4byte	.LLST3
 433 025b 00       		.byte	0
 434 025c 10       		.uleb128 0x10
 435 025d 01       		.byte	0x1
 436 025e 3A000000 		.4byte	.LASF33
 437 0262 01       		.byte	0x1
 438 0263 7C       		.byte	0x7c
 439 0264 01       		.byte	0x1
 440 0265 00000000 		.4byte	.LFB119
 441 0269 0C000000 		.4byte	.LFE119
 442 026d 02       		.byte	0x2
 443 026e 7D       		.byte	0x7d
 444 026f 00       		.sleb128 0
 445 0270 93020000 		.4byte	0x293
 446 0274 0D       		.uleb128 0xd
 447 0275 62757300 		.ascii	"bus\000"
 448 0279 01       		.byte	0x1
 449 027a 7C       		.byte	0x7c
 450 027b 1E020000 		.4byte	0x21e
 451 027f 59000000 		.4byte	.LLST4
 452 0283 0F       		.uleb128 0xf
 453 0284 1F010000 		.4byte	.LASF34
 454 0288 01       		.byte	0x1
 455 0289 7C       		.byte	0x7c
 456 028a 98010000 		.4byte	0x198
ARM GAS  /tmp/ccvqXTA5.s 			page 9


 457 028e 6C000000 		.4byte	.LLST5
 458 0292 00       		.byte	0
 459 0293 11       		.uleb128 0x11
 460 0294 A9000000 		.4byte	.LASF38
 461 0298 05       		.byte	0x5
 462 0299 1A05     		.2byte	0x51a
 463 029b A3000000 		.4byte	0xa3
 464 029f 01       		.byte	0x1
 465 02a0 01       		.byte	0x1
 466 02a1 00       		.byte	0
 467              		.section	.debug_abbrev,"",%progbits
 468              	.Ldebug_abbrev0:
 469 0000 01       		.uleb128 0x1
 470 0001 11       		.uleb128 0x11
 471 0002 01       		.byte	0x1
 472 0003 25       		.uleb128 0x25
 473 0004 0E       		.uleb128 0xe
 474 0005 13       		.uleb128 0x13
 475 0006 0B       		.uleb128 0xb
 476 0007 03       		.uleb128 0x3
 477 0008 0E       		.uleb128 0xe
 478 0009 11       		.uleb128 0x11
 479 000a 01       		.uleb128 0x1
 480 000b 52       		.uleb128 0x52
 481 000c 01       		.uleb128 0x1
 482 000d 55       		.uleb128 0x55
 483 000e 06       		.uleb128 0x6
 484 000f 10       		.uleb128 0x10
 485 0010 06       		.uleb128 0x6
 486 0011 00       		.byte	0
 487 0012 00       		.byte	0
 488 0013 02       		.uleb128 0x2
 489 0014 24       		.uleb128 0x24
 490 0015 00       		.byte	0
 491 0016 0B       		.uleb128 0xb
 492 0017 0B       		.uleb128 0xb
 493 0018 3E       		.uleb128 0x3e
 494 0019 0B       		.uleb128 0xb
 495 001a 03       		.uleb128 0x3
 496 001b 08       		.uleb128 0x8
 497 001c 00       		.byte	0
 498 001d 00       		.byte	0
 499 001e 03       		.uleb128 0x3
 500 001f 24       		.uleb128 0x24
 501 0020 00       		.byte	0
 502 0021 0B       		.uleb128 0xb
 503 0022 0B       		.uleb128 0xb
 504 0023 3E       		.uleb128 0x3e
 505 0024 0B       		.uleb128 0xb
 506 0025 03       		.uleb128 0x3
 507 0026 0E       		.uleb128 0xe
 508 0027 00       		.byte	0
 509 0028 00       		.byte	0
 510 0029 04       		.uleb128 0x4
 511 002a 16       		.uleb128 0x16
 512 002b 00       		.byte	0
 513 002c 03       		.uleb128 0x3
ARM GAS  /tmp/ccvqXTA5.s 			page 10


 514 002d 0E       		.uleb128 0xe
 515 002e 3A       		.uleb128 0x3a
 516 002f 0B       		.uleb128 0xb
 517 0030 3B       		.uleb128 0x3b
 518 0031 0B       		.uleb128 0xb
 519 0032 49       		.uleb128 0x49
 520 0033 13       		.uleb128 0x13
 521 0034 00       		.byte	0
 522 0035 00       		.byte	0
 523 0036 05       		.uleb128 0x5
 524 0037 35       		.uleb128 0x35
 525 0038 00       		.byte	0
 526 0039 49       		.uleb128 0x49
 527 003a 13       		.uleb128 0x13
 528 003b 00       		.byte	0
 529 003c 00       		.byte	0
 530 003d 06       		.uleb128 0x6
 531 003e 13       		.uleb128 0x13
 532 003f 01       		.byte	0x1
 533 0040 0B       		.uleb128 0xb
 534 0041 0B       		.uleb128 0xb
 535 0042 3A       		.uleb128 0x3a
 536 0043 0B       		.uleb128 0xb
 537 0044 3B       		.uleb128 0x3b
 538 0045 0B       		.uleb128 0xb
 539 0046 01       		.uleb128 0x1
 540 0047 13       		.uleb128 0x13
 541 0048 00       		.byte	0
 542 0049 00       		.byte	0
 543 004a 07       		.uleb128 0x7
 544 004b 0D       		.uleb128 0xd
 545 004c 00       		.byte	0
 546 004d 03       		.uleb128 0x3
 547 004e 08       		.uleb128 0x8
 548 004f 3A       		.uleb128 0x3a
 549 0050 0B       		.uleb128 0xb
 550 0051 3B       		.uleb128 0x3b
 551 0052 0B       		.uleb128 0xb
 552 0053 49       		.uleb128 0x49
 553 0054 13       		.uleb128 0x13
 554 0055 38       		.uleb128 0x38
 555 0056 0A       		.uleb128 0xa
 556 0057 00       		.byte	0
 557 0058 00       		.byte	0
 558 0059 08       		.uleb128 0x8
 559 005a 0D       		.uleb128 0xd
 560 005b 00       		.byte	0
 561 005c 03       		.uleb128 0x3
 562 005d 0E       		.uleb128 0xe
 563 005e 3A       		.uleb128 0x3a
 564 005f 0B       		.uleb128 0xb
 565 0060 3B       		.uleb128 0x3b
 566 0061 0B       		.uleb128 0xb
 567 0062 49       		.uleb128 0x49
 568 0063 13       		.uleb128 0x13
 569 0064 38       		.uleb128 0x38
 570 0065 0A       		.uleb128 0xa
ARM GAS  /tmp/ccvqXTA5.s 			page 11


 571 0066 00       		.byte	0
 572 0067 00       		.byte	0
 573 0068 09       		.uleb128 0x9
 574 0069 17       		.uleb128 0x17
 575 006a 01       		.byte	0x1
 576 006b 0B       		.uleb128 0xb
 577 006c 0B       		.uleb128 0xb
 578 006d 3A       		.uleb128 0x3a
 579 006e 0B       		.uleb128 0xb
 580 006f 3B       		.uleb128 0x3b
 581 0070 0B       		.uleb128 0xb
 582 0071 01       		.uleb128 0x1
 583 0072 13       		.uleb128 0x13
 584 0073 00       		.byte	0
 585 0074 00       		.byte	0
 586 0075 0A       		.uleb128 0xa
 587 0076 0D       		.uleb128 0xd
 588 0077 00       		.byte	0
 589 0078 03       		.uleb128 0x3
 590 0079 08       		.uleb128 0x8
 591 007a 3A       		.uleb128 0x3a
 592 007b 0B       		.uleb128 0xb
 593 007c 3B       		.uleb128 0x3b
 594 007d 0B       		.uleb128 0xb
 595 007e 49       		.uleb128 0x49
 596 007f 13       		.uleb128 0x13
 597 0080 00       		.byte	0
 598 0081 00       		.byte	0
 599 0082 0B       		.uleb128 0xb
 600 0083 0F       		.uleb128 0xf
 601 0084 00       		.byte	0
 602 0085 0B       		.uleb128 0xb
 603 0086 0B       		.uleb128 0xb
 604 0087 49       		.uleb128 0x49
 605 0088 13       		.uleb128 0x13
 606 0089 00       		.byte	0
 607 008a 00       		.byte	0
 608 008b 0C       		.uleb128 0xc
 609 008c 2E       		.uleb128 0x2e
 610 008d 01       		.byte	0x1
 611 008e 3F       		.uleb128 0x3f
 612 008f 0C       		.uleb128 0xc
 613 0090 03       		.uleb128 0x3
 614 0091 0E       		.uleb128 0xe
 615 0092 3A       		.uleb128 0x3a
 616 0093 0B       		.uleb128 0xb
 617 0094 3B       		.uleb128 0x3b
 618 0095 0B       		.uleb128 0xb
 619 0096 27       		.uleb128 0x27
 620 0097 0C       		.uleb128 0xc
 621 0098 49       		.uleb128 0x49
 622 0099 13       		.uleb128 0x13
 623 009a 11       		.uleb128 0x11
 624 009b 01       		.uleb128 0x1
 625 009c 12       		.uleb128 0x12
 626 009d 01       		.uleb128 0x1
 627 009e 40       		.uleb128 0x40
ARM GAS  /tmp/ccvqXTA5.s 			page 12


 628 009f 0A       		.uleb128 0xa
 629 00a0 01       		.uleb128 0x1
 630 00a1 13       		.uleb128 0x13
 631 00a2 00       		.byte	0
 632 00a3 00       		.byte	0
 633 00a4 0D       		.uleb128 0xd
 634 00a5 05       		.uleb128 0x5
 635 00a6 00       		.byte	0
 636 00a7 03       		.uleb128 0x3
 637 00a8 08       		.uleb128 0x8
 638 00a9 3A       		.uleb128 0x3a
 639 00aa 0B       		.uleb128 0xb
 640 00ab 3B       		.uleb128 0x3b
 641 00ac 0B       		.uleb128 0xb
 642 00ad 49       		.uleb128 0x49
 643 00ae 13       		.uleb128 0x13
 644 00af 02       		.uleb128 0x2
 645 00b0 06       		.uleb128 0x6
 646 00b1 00       		.byte	0
 647 00b2 00       		.byte	0
 648 00b3 0E       		.uleb128 0xe
 649 00b4 2E       		.uleb128 0x2e
 650 00b5 01       		.byte	0x1
 651 00b6 3F       		.uleb128 0x3f
 652 00b7 0C       		.uleb128 0xc
 653 00b8 03       		.uleb128 0x3
 654 00b9 0E       		.uleb128 0xe
 655 00ba 3A       		.uleb128 0x3a
 656 00bb 0B       		.uleb128 0xb
 657 00bc 3B       		.uleb128 0x3b
 658 00bd 0B       		.uleb128 0xb
 659 00be 27       		.uleb128 0x27
 660 00bf 0C       		.uleb128 0xc
 661 00c0 11       		.uleb128 0x11
 662 00c1 01       		.uleb128 0x1
 663 00c2 12       		.uleb128 0x12
 664 00c3 01       		.uleb128 0x1
 665 00c4 40       		.uleb128 0x40
 666 00c5 06       		.uleb128 0x6
 667 00c6 01       		.uleb128 0x1
 668 00c7 13       		.uleb128 0x13
 669 00c8 00       		.byte	0
 670 00c9 00       		.byte	0
 671 00ca 0F       		.uleb128 0xf
 672 00cb 05       		.uleb128 0x5
 673 00cc 00       		.byte	0
 674 00cd 03       		.uleb128 0x3
 675 00ce 0E       		.uleb128 0xe
 676 00cf 3A       		.uleb128 0x3a
 677 00d0 0B       		.uleb128 0xb
 678 00d1 3B       		.uleb128 0x3b
 679 00d2 0B       		.uleb128 0xb
 680 00d3 49       		.uleb128 0x49
 681 00d4 13       		.uleb128 0x13
 682 00d5 02       		.uleb128 0x2
 683 00d6 06       		.uleb128 0x6
 684 00d7 00       		.byte	0
ARM GAS  /tmp/ccvqXTA5.s 			page 13


 685 00d8 00       		.byte	0
 686 00d9 10       		.uleb128 0x10
 687 00da 2E       		.uleb128 0x2e
 688 00db 01       		.byte	0x1
 689 00dc 3F       		.uleb128 0x3f
 690 00dd 0C       		.uleb128 0xc
 691 00de 03       		.uleb128 0x3
 692 00df 0E       		.uleb128 0xe
 693 00e0 3A       		.uleb128 0x3a
 694 00e1 0B       		.uleb128 0xb
 695 00e2 3B       		.uleb128 0x3b
 696 00e3 0B       		.uleb128 0xb
 697 00e4 27       		.uleb128 0x27
 698 00e5 0C       		.uleb128 0xc
 699 00e6 11       		.uleb128 0x11
 700 00e7 01       		.uleb128 0x1
 701 00e8 12       		.uleb128 0x12
 702 00e9 01       		.uleb128 0x1
 703 00ea 40       		.uleb128 0x40
 704 00eb 0A       		.uleb128 0xa
 705 00ec 01       		.uleb128 0x1
 706 00ed 13       		.uleb128 0x13
 707 00ee 00       		.byte	0
 708 00ef 00       		.byte	0
 709 00f0 11       		.uleb128 0x11
 710 00f1 34       		.uleb128 0x34
 711 00f2 00       		.byte	0
 712 00f3 03       		.uleb128 0x3
 713 00f4 0E       		.uleb128 0xe
 714 00f5 3A       		.uleb128 0x3a
 715 00f6 0B       		.uleb128 0xb
 716 00f7 3B       		.uleb128 0x3b
 717 00f8 05       		.uleb128 0x5
 718 00f9 49       		.uleb128 0x49
 719 00fa 13       		.uleb128 0x13
 720 00fb 3F       		.uleb128 0x3f
 721 00fc 0C       		.uleb128 0xc
 722 00fd 3C       		.uleb128 0x3c
 723 00fe 0C       		.uleb128 0xc
 724 00ff 00       		.byte	0
 725 0100 00       		.byte	0
 726 0101 00       		.byte	0
 727              		.section	.debug_loc,"",%progbits
 728              	.Ldebug_loc0:
 729              	.LLST0:
 730 0000 00000000 		.4byte	.LVL0
 731 0004 0C000000 		.4byte	.LVL1
 732 0008 0100     		.2byte	0x1
 733 000a 50       		.byte	0x50
 734 000b 00000000 		.4byte	0
 735 000f 00000000 		.4byte	0
 736              	.LLST1:
 737 0013 00000000 		.4byte	.LFB118
 738 0017 04000000 		.4byte	.LCFI0
 739 001b 0200     		.2byte	0x2
 740 001d 7D       		.byte	0x7d
 741 001e 00       		.sleb128 0
ARM GAS  /tmp/ccvqXTA5.s 			page 14


 742 001f 04000000 		.4byte	.LCFI0
 743 0023 20000000 		.4byte	.LFE118
 744 0027 0200     		.2byte	0x2
 745 0029 7D       		.byte	0x7d
 746 002a 08       		.sleb128 8
 747 002b 00000000 		.4byte	0
 748 002f 00000000 		.4byte	0
 749              	.LLST2:
 750 0033 00000000 		.4byte	.LVL2
 751 0037 02000000 		.4byte	.LVL3
 752 003b 0100     		.2byte	0x1
 753 003d 50       		.byte	0x50
 754 003e 00000000 		.4byte	0
 755 0042 00000000 		.4byte	0
 756              	.LLST3:
 757 0046 00000000 		.4byte	.LVL2
 758 004a 16000000 		.4byte	.LVL4
 759 004e 0100     		.2byte	0x1
 760 0050 51       		.byte	0x51
 761 0051 00000000 		.4byte	0
 762 0055 00000000 		.4byte	0
 763              	.LLST4:
 764 0059 00000000 		.4byte	.LVL5
 765 005d 04000000 		.4byte	.LVL6
 766 0061 0100     		.2byte	0x1
 767 0063 50       		.byte	0x50
 768 0064 00000000 		.4byte	0
 769 0068 00000000 		.4byte	0
 770              	.LLST5:
 771 006c 00000000 		.4byte	.LVL5
 772 0070 04000000 		.4byte	.LVL6
 773 0074 0100     		.2byte	0x1
 774 0076 51       		.byte	0x51
 775 0077 04000000 		.4byte	.LVL6
 776 007b 0B000000 		.4byte	.LVL7-1
 777 007f 0100     		.2byte	0x1
 778 0081 52       		.byte	0x52
 779 0082 00000000 		.4byte	0
 780 0086 00000000 		.4byte	0
 781              		.section	.debug_aranges,"",%progbits
 782 0000 2C000000 		.4byte	0x2c
 783 0004 0200     		.2byte	0x2
 784 0006 00000000 		.4byte	.Ldebug_info0
 785 000a 04       		.byte	0x4
 786 000b 00       		.byte	0
 787 000c 0000     		.2byte	0
 788 000e 0000     		.2byte	0
 789 0010 00000000 		.4byte	.LFB117
 790 0014 10000000 		.4byte	.LFE117-.LFB117
 791 0018 00000000 		.4byte	.LFB118
 792 001c 20000000 		.4byte	.LFE118-.LFB118
 793 0020 00000000 		.4byte	.LFB119
 794 0024 0C000000 		.4byte	.LFE119-.LFB119
 795 0028 00000000 		.4byte	0
 796 002c 00000000 		.4byte	0
 797              		.section	.debug_ranges,"",%progbits
 798              	.Ldebug_ranges0:
ARM GAS  /tmp/ccvqXTA5.s 			page 15


 799 0000 00000000 		.4byte	.LFB117
 800 0004 10000000 		.4byte	.LFE117
 801 0008 00000000 		.4byte	.LFB118
 802 000c 20000000 		.4byte	.LFE118
 803 0010 00000000 		.4byte	.LFB119
 804 0014 0C000000 		.4byte	.LFE119
 805 0018 00000000 		.4byte	0
 806 001c 00000000 		.4byte	0
 807              		.section	.debug_line,"",%progbits
 808              	.Ldebug_line0:
 809 0000 A3010000 		.section	.debug_str,"MS",%progbits,1
 809      02006301 
 809      00000201 
 809      FB0E0D00 
 809      01010101 
 810              	.LASF20:
 811 0000 4C434B52 		.ascii	"LCKR\000"
 811      00
 812              	.LASF14:
 813 0005 636C6561 		.ascii	"clear\000"
 813      7200
 814              	.LASF15:
 815 000b 4D4F4445 		.ascii	"MODER\000"
 815      5200
 816              	.LASF37:
 817 0011 70616C52 		.ascii	"palReadBus\000"
 817      65616442 
 817      757300
 818              	.LASF12:
 819 001c 75696E74 		.ascii	"uint_fast8_t\000"
 819      5F666173 
 819      74385F74 
 819      00
 820              	.LASF19:
 821 0029 42535252 		.ascii	"BSRR\000"
 821      00
 822              	.LASF32:
 823 002e 70616C57 		.ascii	"palWriteBus\000"
 823      72697465 
 823      42757300 
 824              	.LASF33:
 825 003a 70616C53 		.ascii	"palSetBusMode\000"
 825      65744275 
 825      734D6F64 
 825      6500
 826              	.LASF27:
 827 0048 706F7274 		.ascii	"portid\000"
 827      696400
 828              	.LASF24:
 829 004f 696F706F 		.ascii	"ioportmask_t\000"
 829      72746D61 
 829      736B5F74 
 829      00
 830              	.LASF16:
 831 005c 4F545950 		.ascii	"OTYPER\000"
 831      455200
 832              	.LASF25:
ARM GAS  /tmp/ccvqXTA5.s 			page 16


 833 0063 696F6D6F 		.ascii	"iomode_t\000"
 833      64655F74 
 833      00
 834              	.LASF2:
 835 006c 756E7369 		.ascii	"unsigned char\000"
 835      676E6564 
 835      20636861 
 835      7200
 836              	.LASF22:
 837 007a 41465248 		.ascii	"AFRH\000"
 837      00
 838              	.LASF9:
 839 007f 6C6F6E67 		.ascii	"long unsigned int\000"
 839      20756E73 
 839      69676E65 
 839      6420696E 
 839      7400
 840              	.LASF4:
 841 0091 73686F72 		.ascii	"short unsigned int\000"
 841      7420756E 
 841      7369676E 
 841      65642069 
 841      6E7400
 842              	.LASF21:
 843 00a4 4146524C 		.ascii	"AFRL\000"
 843      00
 844              	.LASF38:
 845 00a9 49544D5F 		.ascii	"ITM_RxBuffer\000"
 845      52784275 
 845      66666572 
 845      00
 846              	.LASF35:
 847 00b6 474E5520 		.ascii	"GNU C 4.6.3\000"
 847      4320342E 
 847      362E3300 
 848              	.LASF36:
 849 00c2 2F6F7074 		.ascii	"/opt/ChibiOS/ChibiOS_2.4.4/os/hal/src/pal.c\000"
 849      2F436869 
 849      62694F53 
 849      2F436869 
 849      62694F53 
 850              	.LASF3:
 851 00ee 73686F72 		.ascii	"short int\000"
 851      7420696E 
 851      7400
 852              	.LASF17:
 853 00f8 4F535045 		.ascii	"OSPEEDR\000"
 853      45445200 
 854              	.LASF0:
 855 0100 756E7369 		.ascii	"unsigned int\000"
 855      676E6564 
 855      20696E74 
 855      00
 856              	.LASF23:
 857 010d 4750494F 		.ascii	"GPIO_TypeDef\000"
 857      5F547970 
 857      65446566 
ARM GAS  /tmp/ccvqXTA5.s 			page 17


 857      00
 858              	.LASF13:
 859 011a 63686172 		.ascii	"char\000"
 859      00
 860              	.LASF34:
 861 011f 6D6F6465 		.ascii	"mode\000"
 861      00
 862              	.LASF6:
 863 0124 696E7433 		.ascii	"int32_t\000"
 863      325F7400 
 864              	.LASF18:
 865 012c 50555044 		.ascii	"PUPDR\000"
 865      5200
 866              	.LASF10:
 867 0132 6C6F6E67 		.ascii	"long long int\000"
 867      206C6F6E 
 867      6720696E 
 867      7400
 868              	.LASF28:
 869 0140 6D61736B 		.ascii	"mask\000"
 869      00
 870              	.LASF31:
 871 0145 62697473 		.ascii	"bits\000"
 871      00
 872              	.LASF29:
 873 014a 6F666673 		.ascii	"offset\000"
 873      657400
 874              	.LASF26:
 875 0151 696F706F 		.ascii	"ioportid_t\000"
 875      72746964 
 875      5F7400
 876              	.LASF5:
 877 015c 75696E74 		.ascii	"uint16_t\000"
 877      31365F74 
 877      00
 878              	.LASF8:
 879 0165 75696E74 		.ascii	"uint32_t\000"
 879      33325F74 
 879      00
 880              	.LASF7:
 881 016e 6C6F6E67 		.ascii	"long int\000"
 881      20696E74 
 881      00
 882              	.LASF1:
 883 0177 7369676E 		.ascii	"signed char\000"
 883      65642063 
 883      68617200 
 884              	.LASF11:
 885 0183 6C6F6E67 		.ascii	"long long unsigned int\000"
 885      206C6F6E 
 885      6720756E 
 885      7369676E 
 885      65642069 
 886              	.LASF30:
 887 019a 494F4275 		.ascii	"IOBus\000"
 887      7300
 888              		.ident	"GCC: (Sourcery CodeBench Lite 2012.03-56) 4.6.3"
ARM GAS  /tmp/ccvqXTA5.s 			page 18


ARM GAS  /tmp/ccvqXTA5.s 			page 19


DEFINED SYMBOLS
                            *ABS*:00000000 pal.c
     /tmp/ccvqXTA5.s:21     .text.palReadBus:00000000 $t
     /tmp/ccvqXTA5.s:27     .text.palReadBus:00000000 palReadBus
     /tmp/ccvqXTA5.s:50     .text.palWriteBus:00000000 $t
     /tmp/ccvqXTA5.s:56     .text.palWriteBus:00000000 palWriteBus
     /tmp/ccvqXTA5.s:89     .text.palSetBusMode:00000000 $t
     /tmp/ccvqXTA5.s:95     .text.palSetBusMode:00000000 palSetBusMode
                     .debug_frame:00000010 $d

UNDEFINED SYMBOLS
_pal_lld_setgroupmode
