ARM GAS  /tmp/ccTZpSLy.s 			page 1


   1              		.syntax unified
   2              		.cpu cortex-m4
   3              		.eabi_attribute 27, 3
   4              		.eabi_attribute 28, 1
   5              		.fpu fpv4-sp-d16
   6              		.eabi_attribute 20, 1
   7              		.eabi_attribute 21, 1
   8              		.eabi_attribute 23, 3
   9              		.eabi_attribute 24, 1
  10              		.eabi_attribute 25, 1
  11              		.eabi_attribute 26, 1
  12              		.eabi_attribute 30, 2
  13              		.eabi_attribute 34, 1
  14              		.eabi_attribute 18, 4
  15              		.thumb
  16              		.file	"pal_lld.c"
  17              		.text
  18              	.Ltext0:
  19              		.cfi_sections	.debug_frame
  20              		.section	.text._pal_lld_init,"ax",%progbits
  21              		.align	2
  22              		.p2align 4,,15
  23              		.global	_pal_lld_init
  24              		.thumb
  25              		.thumb_func
  26              		.type	_pal_lld_init, %function
  27              	_pal_lld_init:
  28              	.LFB118:
  29              		.file 1 "/opt/ChibiOS/ChibiOS_2.4.4/os/hal/platforms/STM32/GPIOv2/pal_lld.c"
  30              		.loc 1 102 0
  31              		.cfi_startproc
  32              		@ args = 0, pretend = 0, frame = 0
  33              		@ frame_needed = 0, uses_anonymous_args = 0
  34              		@ link register save eliminated.
  35              	.LVL0:
  36              		.loc 1 110 0
  37 0000 4FF4605C 		mov	ip, #14336
  38 0004 C4F2020C 		movt	ip, 16386
  39 0008 DCF83020 		ldr	r2, [ip, #48]
  40 000c 6FEA5223 		mvn	r3, r2, lsr #9
  41 0010 6FEA4321 		mvn	r1, r3, lsl #9
  42 0014 CCF83010 		str	r1, [ip, #48]
  43              		.loc 1 111 0
  44 0018 DCF85020 		ldr	r2, [ip, #80]
  45 001c 6FEA5223 		mvn	r3, r2, lsr #9
  46 0020 6FEA4321 		mvn	r1, r3, lsl #9
  47 0024 CCF85010 		str	r1, [ip, #80]
  48              	.LVL1:
  49              	.LBB20:
  50              	.LBB21:
  51              		.loc 1 77 0
  52 0028 0023     		movs	r3, #0
  53 002a 0269     		ldr	r2, [r0, #16]
  54 002c C4F20203 		movt	r3, 16386
  55              	.LBE21:
  56              	.LBE20:
  57              	.LBB23:
ARM GAS  /tmp/ccTZpSLy.s 			page 2


  58              	.LBB24:
  59 0030 4FF4806C 		mov	ip, #1024
  60              	.LBE24:
  61              	.LBE23:
  62              	.LBB27:
  63              	.LBB22:
  64 0034 5A61     		str	r2, [r3, #20]
  65              		.loc 1 78 0
  66 0036 0168     		ldr	r1, [r0, #0]
  67 0038 1960     		str	r1, [r3, #0]
  68              		.loc 1 79 0
  69 003a 4268     		ldr	r2, [r0, #4]
  70 003c 5A60     		str	r2, [r3, #4]
  71              		.loc 1 80 0
  72 003e 8168     		ldr	r1, [r0, #8]
  73 0040 9960     		str	r1, [r3, #8]
  74              		.loc 1 81 0
  75 0042 C268     		ldr	r2, [r0, #12]
  76 0044 DA60     		str	r2, [r3, #12]
  77              		.loc 1 82 0
  78 0046 4169     		ldr	r1, [r0, #20]
  79 0048 1962     		str	r1, [r3, #32]
  80              		.loc 1 83 0
  81 004a 8269     		ldr	r2, [r0, #24]
  82 004c 5A62     		str	r2, [r3, #36]
  83              	.LVL2:
  84              	.LBE22:
  85              	.LBE27:
  86              	.LBB28:
  87              	.LBB25:
  88              		.loc 1 77 0
  89 004e C16A     		ldr	r1, [r0, #44]
  90 0050 C4F2020C 		movt	ip, 16386
  91              	.LBE25:
  92              	.LBE28:
  93              	.LBB29:
  94              	.LBB30:
  95 0054 4FF40063 		mov	r3, #2048
  96              	.LBE30:
  97              	.LBE29:
  98              	.LBB33:
  99              	.LBB26:
 100 0058 CCF81410 		str	r1, [ip, #20]
 101              		.loc 1 78 0
 102 005c C269     		ldr	r2, [r0, #28]
 103 005e CCF80020 		str	r2, [ip, #0]
 104              		.loc 1 79 0
 105 0062 016A     		ldr	r1, [r0, #32]
 106 0064 CCF80410 		str	r1, [ip, #4]
 107              		.loc 1 80 0
 108 0068 426A     		ldr	r2, [r0, #36]
 109 006a CCF80820 		str	r2, [ip, #8]
 110              		.loc 1 81 0
 111 006e 816A     		ldr	r1, [r0, #40]
 112 0070 CCF80C10 		str	r1, [ip, #12]
 113              		.loc 1 82 0
 114 0074 026B     		ldr	r2, [r0, #48]
ARM GAS  /tmp/ccTZpSLy.s 			page 3


 115 0076 CCF82020 		str	r2, [ip, #32]
 116              		.loc 1 83 0
 117 007a 416B     		ldr	r1, [r0, #52]
 118 007c CCF82410 		str	r1, [ip, #36]
 119              	.LVL3:
 120              	.LBE26:
 121              	.LBE33:
 122              	.LBB34:
 123              	.LBB31:
 124              		.loc 1 77 0
 125 0080 C4F20203 		movt	r3, 16386
 126 0084 826C     		ldr	r2, [r0, #72]
 127 0086 5A61     		str	r2, [r3, #20]
 128              		.loc 1 78 0
 129 0088 816B     		ldr	r1, [r0, #56]
 130 008a 1960     		str	r1, [r3, #0]
 131              		.loc 1 79 0
 132 008c C26B     		ldr	r2, [r0, #60]
 133 008e 5A60     		str	r2, [r3, #4]
 134              		.loc 1 80 0
 135 0090 016C     		ldr	r1, [r0, #64]
 136 0092 9960     		str	r1, [r3, #8]
 137              		.loc 1 81 0
 138 0094 426C     		ldr	r2, [r0, #68]
 139 0096 DA60     		str	r2, [r3, #12]
 140              		.loc 1 82 0
 141 0098 C16C     		ldr	r1, [r0, #76]
 142 009a 1962     		str	r1, [r3, #32]
 143              		.loc 1 83 0
 144 009c 026D     		ldr	r2, [r0, #80]
 145              	.LBE31:
 146              	.LBE34:
 147              	.LBB35:
 148              	.LBB36:
 149              		.loc 1 77 0
 150 009e 4FF4406C 		mov	ip, #3072
 151              	.LBE36:
 152              	.LBE35:
 153              	.LBB39:
 154              	.LBB32:
 155              		.loc 1 83 0
 156 00a2 5A62     		str	r2, [r3, #36]
 157              	.LVL4:
 158              	.LBE32:
 159              	.LBE39:
 160              	.LBB40:
 161              	.LBB37:
 162              		.loc 1 77 0
 163 00a4 416E     		ldr	r1, [r0, #100]
 164 00a6 C4F2020C 		movt	ip, 16386
 165              	.LBE37:
 166              	.LBE40:
 167              	.LBB41:
 168              	.LBB42:
 169 00aa 4FF48053 		mov	r3, #4096
 170              	.LBE42:
 171              	.LBE41:
ARM GAS  /tmp/ccTZpSLy.s 			page 4


 172              	.LBB45:
 173              	.LBB38:
 174 00ae CCF81410 		str	r1, [ip, #20]
 175              		.loc 1 78 0
 176 00b2 426D     		ldr	r2, [r0, #84]
 177 00b4 CCF80020 		str	r2, [ip, #0]
 178              		.loc 1 79 0
 179 00b8 816D     		ldr	r1, [r0, #88]
 180 00ba CCF80410 		str	r1, [ip, #4]
 181              		.loc 1 80 0
 182 00be C26D     		ldr	r2, [r0, #92]
 183 00c0 CCF80820 		str	r2, [ip, #8]
 184              		.loc 1 81 0
 185 00c4 016E     		ldr	r1, [r0, #96]
 186 00c6 CCF80C10 		str	r1, [ip, #12]
 187              		.loc 1 82 0
 188 00ca 826E     		ldr	r2, [r0, #104]
 189 00cc CCF82020 		str	r2, [ip, #32]
 190              		.loc 1 83 0
 191 00d0 C16E     		ldr	r1, [r0, #108]
 192 00d2 CCF82410 		str	r1, [ip, #36]
 193              	.LVL5:
 194              	.LBE38:
 195              	.LBE45:
 196              	.LBB46:
 197              	.LBB43:
 198              		.loc 1 77 0
 199 00d6 C4F20203 		movt	r3, 16386
 200 00da D0F88020 		ldr	r2, [r0, #128]
 201 00de 5A61     		str	r2, [r3, #20]
 202              		.loc 1 78 0
 203 00e0 016F     		ldr	r1, [r0, #112]
 204 00e2 1960     		str	r1, [r3, #0]
 205              		.loc 1 79 0
 206 00e4 426F     		ldr	r2, [r0, #116]
 207 00e6 5A60     		str	r2, [r3, #4]
 208              		.loc 1 80 0
 209 00e8 816F     		ldr	r1, [r0, #120]
 210 00ea 9960     		str	r1, [r3, #8]
 211              		.loc 1 81 0
 212 00ec C26F     		ldr	r2, [r0, #124]
 213 00ee DA60     		str	r2, [r3, #12]
 214              		.loc 1 82 0
 215 00f0 D0F88410 		ldr	r1, [r0, #132]
 216 00f4 1962     		str	r1, [r3, #32]
 217              		.loc 1 83 0
 218 00f6 D0F88820 		ldr	r2, [r0, #136]
 219              	.LBE43:
 220              	.LBE46:
 221              	.LBB47:
 222              	.LBB48:
 223              		.loc 1 77 0
 224 00fa 4FF4A05C 		mov	ip, #5120
 225              	.LBE48:
 226              	.LBE47:
 227              	.LBB51:
 228              	.LBB44:
ARM GAS  /tmp/ccTZpSLy.s 			page 5


 229              		.loc 1 83 0
 230 00fe 5A62     		str	r2, [r3, #36]
 231              	.LVL6:
 232              	.LBE44:
 233              	.LBE51:
 234              	.LBB52:
 235              	.LBB49:
 236              		.loc 1 77 0
 237 0100 D0F89C10 		ldr	r1, [r0, #156]
 238 0104 C4F2020C 		movt	ip, 16386
 239              	.LBE49:
 240              	.LBE52:
 241              	.LBB53:
 242              	.LBB54:
 243 0108 4FF4C053 		mov	r3, #6144
 244              	.LBE54:
 245              	.LBE53:
 246              	.LBB58:
 247              	.LBB50:
 248 010c CCF81410 		str	r1, [ip, #20]
 249              		.loc 1 78 0
 250 0110 D0F88C20 		ldr	r2, [r0, #140]
 251 0114 CCF80020 		str	r2, [ip, #0]
 252              		.loc 1 79 0
 253 0118 D0F89010 		ldr	r1, [r0, #144]
 254 011c CCF80410 		str	r1, [ip, #4]
 255              		.loc 1 80 0
 256 0120 D0F89420 		ldr	r2, [r0, #148]
 257 0124 CCF80820 		str	r2, [ip, #8]
 258              		.loc 1 81 0
 259 0128 D0F89810 		ldr	r1, [r0, #152]
 260 012c CCF80C10 		str	r1, [ip, #12]
 261              		.loc 1 82 0
 262 0130 D0F8A020 		ldr	r2, [r0, #160]
 263 0134 CCF82020 		str	r2, [ip, #32]
 264              		.loc 1 83 0
 265 0138 D0F8A410 		ldr	r1, [r0, #164]
 266 013c CCF82410 		str	r1, [ip, #36]
 267              	.LVL7:
 268              	.LBE50:
 269              	.LBE58:
 270              	.LBB59:
 271              	.LBB55:
 272              		.loc 1 77 0
 273 0140 D0F8B820 		ldr	r2, [r0, #184]
 274 0144 C4F20203 		movt	r3, 16386
 275              	.LBE55:
 276              	.LBE59:
 277              	.LBB60:
 278              	.LBB61:
 279 0148 4FF4E05C 		mov	ip, #7168
 280              	.LBE61:
 281              	.LBE60:
 282              	.LBB65:
 283              	.LBB56:
 284 014c 5A61     		str	r2, [r3, #20]
 285              		.loc 1 78 0
ARM GAS  /tmp/ccTZpSLy.s 			page 6


 286 014e D0F8A810 		ldr	r1, [r0, #168]
 287 0152 1960     		str	r1, [r3, #0]
 288              		.loc 1 79 0
 289 0154 D0F8AC20 		ldr	r2, [r0, #172]
 290 0158 5A60     		str	r2, [r3, #4]
 291              		.loc 1 80 0
 292 015a D0F8B010 		ldr	r1, [r0, #176]
 293 015e 9960     		str	r1, [r3, #8]
 294              		.loc 1 81 0
 295 0160 D0F8B420 		ldr	r2, [r0, #180]
 296 0164 DA60     		str	r2, [r3, #12]
 297              		.loc 1 82 0
 298 0166 D0F8BC10 		ldr	r1, [r0, #188]
 299 016a 1962     		str	r1, [r3, #32]
 300              		.loc 1 83 0
 301 016c D0F8C020 		ldr	r2, [r0, #192]
 302              	.LBE56:
 303              	.LBE65:
 304              	.LBB66:
 305              	.LBB62:
 306              		.loc 1 77 0
 307 0170 C4F2020C 		movt	ip, 16386
 308              	.LBE62:
 309              	.LBE66:
 310              	.LBB67:
 311              	.LBB57:
 312              		.loc 1 83 0
 313 0174 5A62     		str	r2, [r3, #36]
 314              	.LVL8:
 315              	.LBE57:
 316              	.LBE67:
 317              	.LBB68:
 318              	.LBB63:
 319              		.loc 1 77 0
 320 0176 D0F8D410 		ldr	r1, [r0, #212]
 321 017a CCF81410 		str	r1, [ip, #20]
 322              		.loc 1 78 0
 323 017e D0F8C420 		ldr	r2, [r0, #196]
 324 0182 CCF80020 		str	r2, [ip, #0]
 325              		.loc 1 79 0
 326 0186 D0F8C830 		ldr	r3, [r0, #200]
 327 018a CCF80430 		str	r3, [ip, #4]
 328              		.loc 1 80 0
 329 018e D0F8CC10 		ldr	r1, [r0, #204]
 330 0192 CCF80810 		str	r1, [ip, #8]
 331              		.loc 1 81 0
 332 0196 D0F8D020 		ldr	r2, [r0, #208]
 333 019a CCF80C20 		str	r2, [ip, #12]
 334              		.loc 1 82 0
 335 019e D0F8D830 		ldr	r3, [r0, #216]
 336 01a2 CCF82030 		str	r3, [ip, #32]
 337              		.loc 1 83 0
 338 01a6 D0F8DC10 		ldr	r1, [r0, #220]
 339              	.LBE63:
 340              	.LBE68:
 341              	.LBB69:
 342              	.LBB70:
ARM GAS  /tmp/ccTZpSLy.s 			page 7


 343              		.loc 1 77 0
 344 01aa 4FF40053 		mov	r3, #8192
 345              	.LBE70:
 346              	.LBE69:
 347              	.LBB72:
 348              	.LBB64:
 349              		.loc 1 83 0
 350 01ae CCF82410 		str	r1, [ip, #36]
 351              	.LVL9:
 352              	.LBE64:
 353              	.LBE72:
 354              	.LBB73:
 355              	.LBB71:
 356              		.loc 1 77 0
 357 01b2 D0F8F020 		ldr	r2, [r0, #240]
 358 01b6 C4F20203 		movt	r3, 16386
 359 01ba 5A61     		str	r2, [r3, #20]
 360              		.loc 1 78 0
 361 01bc D0F8E010 		ldr	r1, [r0, #224]
 362 01c0 1960     		str	r1, [r3, #0]
 363              		.loc 1 79 0
 364 01c2 D0F8E420 		ldr	r2, [r0, #228]
 365 01c6 5A60     		str	r2, [r3, #4]
 366              		.loc 1 80 0
 367 01c8 D0F8E810 		ldr	r1, [r0, #232]
 368 01cc 9960     		str	r1, [r3, #8]
 369              		.loc 1 81 0
 370 01ce D0F8EC20 		ldr	r2, [r0, #236]
 371 01d2 DA60     		str	r2, [r3, #12]
 372              		.loc 1 82 0
 373 01d4 D0F8F410 		ldr	r1, [r0, #244]
 374 01d8 1962     		str	r1, [r3, #32]
 375              		.loc 1 83 0
 376 01da D0F8F820 		ldr	r2, [r0, #248]
 377 01de 5A62     		str	r2, [r3, #36]
 378              	.LBE71:
 379              	.LBE73:
 380              		.loc 1 136 0
 381 01e0 7047     		bx	lr
 382              		.cfi_endproc
 383              	.LFE118:
 384              		.size	_pal_lld_init, .-_pal_lld_init
 385 01e2 00BFAFF3 		.section	.text._pal_lld_setgroupmode,"ax",%progbits
 385      0080AFF3 
 385      0080AFF3 
 385      0080
 386              		.align	2
 387              		.p2align 4,,15
 388              		.global	_pal_lld_setgroupmode
 389              		.thumb
 390              		.thumb_func
 391              		.type	_pal_lld_setgroupmode, %function
 392              	_pal_lld_setgroupmode:
 393              	.LFB119:
 394              		.loc 1 154 0
 395              		.cfi_startproc
 396              		@ args = 0, pretend = 0, frame = 0
ARM GAS  /tmp/ccTZpSLy.s 			page 8


 397              		@ frame_needed = 0, uses_anonymous_args = 0
 398              		@ link register save eliminated.
 399              	.LVL10:
 400 0000 2DE9F00F 		push	{r4, r5, r6, r7, r8, r9, sl, fp}
 401              	.LCFI0:
 402              		.cfi_def_cfa_offset 32
 403              		.cfi_offset 11, -4
 404              		.cfi_offset 10, -8
 405              		.cfi_offset 9, -12
 406              		.cfi_offset 8, -16
 407              		.cfi_offset 7, -20
 408              		.cfi_offset 6, -24
 409              		.cfi_offset 5, -28
 410              		.cfi_offset 4, -32
 411              		.loc 1 156 0
 412 0004 02F00307 		and	r7, r2, #3
 413              	.LVL11:
 414              		.loc 1 157 0
 415 0008 C2F38006 		ubfx	r6, r2, #2, #1
 416              	.LVL12:
 417              		.loc 1 158 0
 418 000c C2F3C105 		ubfx	r5, r2, #3, #2
 419              	.LVL13:
 420              		.loc 1 159 0
 421 0010 C2F34114 		ubfx	r4, r2, #5, #2
 422              	.LVL14:
 423              		.loc 1 160 0
 424 0014 C2F3C312 		ubfx	r2, r2, #7, #4
 425              	.LVL15:
 426              		.loc 1 161 0
 427 0018 0023     		movs	r3, #0
 428              	.LBB74:
 429              		.loc 1 167 0
 430 001a 4FF00F09 		mov	r9, #15
 431              		.loc 1 172 0
 432 001e 4FF0010B 		mov	fp, #1
 433              		.loc 1 174 0
 434 0022 9246     		mov	sl, r2
 435 0024 04E0     		b	.L7
 436              	.LVL16:
 437              	.L9:
 438              	.LBE74:
 439              		.loc 1 182 0
 440 0026 7600     		lsls	r6, r6, #1
 441              	.LVL17:
 442              		.loc 1 183 0
 443 0028 AD00     		lsls	r5, r5, #2
 444              	.LVL18:
 445              		.loc 1 184 0
 446 002a A400     		lsls	r4, r4, #2
 447              	.LVL19:
 448              		.loc 1 185 0
 449 002c BF00     		lsls	r7, r7, #2
 450              	.LVL20:
 451              		.loc 1 186 0
 452 002e 0133     		adds	r3, r3, #1
 453              	.LVL21:
ARM GAS  /tmp/ccTZpSLy.s 			page 9


 454              	.L7:
 455              		.loc 1 163 0
 456 0030 CA07     		lsls	r2, r1, #31
 457 0032 3ED5     		bpl	.L3
 458              	.LBB75:
 459              		.loc 1 168 0
 460 0034 072B     		cmp	r3, #7
 461              		.loc 1 166 0
 462 0036 03F00702 		and	r2, r3, #7
 463              		.loc 1 169 0
 464 003a 94BF     		ite	ls
 465 003c D0F82080 		ldrls	r8, [r0, #32]
 466              		.loc 1 171 0
 467 0040 D0F82480 		ldrhi	r8, [r0, #36]
 468              		.loc 1 166 0
 469 0044 4FEA820C 		lsl	ip, r2, #2
 470 0048 0AFA0CF2 		lsl	r2, sl, ip
 471              	.LVL22:
 472              		.loc 1 167 0
 473 004c 09FA0CFC 		lsl	ip, r9, ip
 474              	.LVL23:
 475              		.loc 1 169 0
 476 0050 95BF     		itete	ls
 477 0052 28EA0C0C 		bicls	ip, r8, ip
 478              	.LVL24:
 479              		.loc 1 171 0
 480 0056 28EA0C0C 		bichi	ip, r8, ip
 481              		.loc 1 169 0
 482 005a 4CEA0202 		orrls	r2, ip, r2
 483              	.LVL25:
 484              		.loc 1 171 0
 485 005e 4CEA0202 		orrhi	r2, ip, r2
 486              		.loc 1 169 0
 487 0062 94BF     		ite	ls
 488 0064 0262     		strls	r2, [r0, #32]
 489              		.loc 1 171 0
 490 0066 4262     		strhi	r2, [r0, #36]
 491              		.loc 1 173 0
 492 0068 4268     		ldr	r2, [r0, #4]
 493              		.loc 1 172 0
 494 006a 0BFA03FC 		lsl	ip, fp, r3
 495              		.loc 1 173 0
 496 006e 22EA0C08 		bic	r8, r2, ip
 497 0072 48EA0602 		orr	r2, r8, r6
 498 0076 4260     		str	r2, [r0, #4]
 499              	.LVL26:
 500              		.loc 1 174 0
 501 0078 4FF00308 		mov	r8, #3
 502              		.loc 1 152 0
 503 007c 5A00     		lsls	r2, r3, #1
 504              		.loc 1 175 0
 505 007e D0F808C0 		ldr	ip, [r0, #8]
 506              		.loc 1 174 0
 507 0082 08FA02F2 		lsl	r2, r8, r2
 508              		.loc 1 175 0
 509 0086 D243     		mvns	r2, r2
 510 0088 02EA0C0C 		and	ip, r2, ip
ARM GAS  /tmp/ccTZpSLy.s 			page 10


 511 008c 4CEA050C 		orr	ip, ip, r5
 512 0090 C0F808C0 		str	ip, [r0, #8]
 513              		.loc 1 176 0
 514 0094 D0F80CC0 		ldr	ip, [r0, #12]
 515 0098 02EA0C0C 		and	ip, r2, ip
 516 009c 4CEA040C 		orr	ip, ip, r4
 517 00a0 C0F80CC0 		str	ip, [r0, #12]
 518              		.loc 1 177 0
 519 00a4 D0F800C0 		ldr	ip, [r0, #0]
 520 00a8 02EA0C0C 		and	ip, r2, ip
 521 00ac 4CEA0702 		orr	r2, ip, r7
 522 00b0 0260     		str	r2, [r0, #0]
 523              	.LVL27:
 524              	.L3:
 525              	.LBE75:
 526              		.loc 1 180 0
 527 00b2 4908     		lsrs	r1, r1, #1
 528              	.LVL28:
 529 00b4 B7D1     		bne	.L9
 530              		.loc 1 188 0
 531 00b6 BDE8F00F 		pop	{r4, r5, r6, r7, r8, r9, sl, fp}
 532 00ba 7047     		bx	lr
 533              		.cfi_endproc
 534              	.LFE119:
 535              		.size	_pal_lld_setgroupmode, .-_pal_lld_setgroupmode
 536 00bc AFF30080 		.text
 537              	.Letext0:
 538              		.file 2 "/opt/arm/bin/../lib/gcc/arm-none-eabi/4.6.3/../../../../arm-none-eabi/include/stdint.h"
 539              		.file 3 "/opt/ChibiOS/ChibiOS_2.4.4/os/hal/platforms/STM32F4xx/stm32f4xx.h"
 540              		.file 4 "/opt/ChibiOS/ChibiOS_2.4.4/os/hal/platforms/STM32/GPIOv2/pal_lld.h"
 541              		.file 5 "/opt/ChibiOS/ChibiOS_2.4.4/os/ports/common/ARMCMx/CMSIS/include/core_cm4.h"
 542              		.section	.debug_info,"",%progbits
 543              	.Ldebug_info0:
 544 0000 35070000 		.4byte	0x735
 545 0004 0200     		.2byte	0x2
 546 0006 00000000 		.4byte	.Ldebug_abbrev0
 547 000a 04       		.byte	0x4
 548 000b 01       		.uleb128 0x1
 549 000c E0020000 		.4byte	.LASF80
 550 0010 01       		.byte	0x1
 551 0011 90000000 		.4byte	.LASF81
 552 0015 00000000 		.4byte	0
 553 0019 00000000 		.4byte	0
 554 001d 38010000 		.4byte	.Ldebug_ranges0+0x138
 555 0021 00000000 		.4byte	.Ldebug_line0
 556 0025 02       		.uleb128 0x2
 557 0026 04       		.byte	0x4
 558 0027 05       		.byte	0x5
 559 0028 696E7400 		.ascii	"int\000"
 560 002c 03       		.uleb128 0x3
 561 002d 04       		.byte	0x4
 562 002e 07       		.byte	0x7
 563 002f 10030000 		.4byte	.LASF0
 564 0033 03       		.uleb128 0x3
 565 0034 01       		.byte	0x1
 566 0035 06       		.byte	0x6
 567 0036 A2010000 		.4byte	.LASF1
ARM GAS  /tmp/ccTZpSLy.s 			page 11


 568 003a 03       		.uleb128 0x3
 569 003b 01       		.byte	0x1
 570 003c 08       		.byte	0x8
 571 003d 8C010000 		.4byte	.LASF2
 572 0041 03       		.uleb128 0x3
 573 0042 02       		.byte	0x2
 574 0043 05       		.byte	0x5
 575 0044 60000000 		.4byte	.LASF3
 576 0048 04       		.uleb128 0x4
 577 0049 DE010000 		.4byte	.LASF5
 578 004d 02       		.byte	0x2
 579 004e 36       		.byte	0x36
 580 004f 53000000 		.4byte	0x53
 581 0053 03       		.uleb128 0x3
 582 0054 02       		.byte	0x2
 583 0055 07       		.byte	0x7
 584 0056 0B020000 		.4byte	.LASF4
 585 005a 04       		.uleb128 0x4
 586 005b 2D020000 		.4byte	.LASF6
 587 005f 02       		.byte	0x2
 588 0060 4F       		.byte	0x4f
 589 0061 65000000 		.4byte	0x65
 590 0065 03       		.uleb128 0x3
 591 0066 04       		.byte	0x4
 592 0067 05       		.byte	0x5
 593 0068 42010000 		.4byte	.LASF7
 594 006c 04       		.uleb128 0x4
 595 006d C5010000 		.4byte	.LASF8
 596 0071 02       		.byte	0x2
 597 0072 50       		.byte	0x50
 598 0073 77000000 		.4byte	0x77
 599 0077 03       		.uleb128 0x3
 600 0078 04       		.byte	0x4
 601 0079 07       		.byte	0x7
 602 007a E7010000 		.4byte	.LASF9
 603 007e 03       		.uleb128 0x3
 604 007f 08       		.byte	0x8
 605 0080 05       		.byte	0x5
 606 0081 26010000 		.4byte	.LASF10
 607 0085 03       		.uleb128 0x3
 608 0086 08       		.byte	0x8
 609 0087 07       		.byte	0x7
 610 0088 AE010000 		.4byte	.LASF11
 611 008c 05       		.uleb128 0x5
 612 008d 6C000000 		.4byte	0x6c
 613 0091 03       		.uleb128 0x3
 614 0092 01       		.byte	0x1
 615 0093 08       		.byte	0x8
 616 0094 28020000 		.4byte	.LASF12
 617 0098 06       		.uleb128 0x6
 618 0099 6C000000 		.4byte	0x6c
 619 009d A8000000 		.4byte	0xa8
 620 00a1 07       		.uleb128 0x7
 621 00a2 2C000000 		.4byte	0x2c
 622 00a6 01       		.byte	0x1
 623 00a7 00       		.byte	0
 624 00a8 05       		.uleb128 0x5
ARM GAS  /tmp/ccTZpSLy.s 			page 12


 625 00a9 5A000000 		.4byte	0x5a
 626 00ad 08       		.uleb128 0x8
 627 00ae 88       		.byte	0x88
 628 00af 03       		.byte	0x3
 629 00b0 DB02     		.2byte	0x2db
 630 00b2 7A020000 		.4byte	0x27a
 631 00b6 09       		.uleb128 0x9
 632 00b7 435200   		.ascii	"CR\000"
 633 00ba 03       		.byte	0x3
 634 00bb DD02     		.2byte	0x2dd
 635 00bd 8C000000 		.4byte	0x8c
 636 00c1 02       		.byte	0x2
 637 00c2 23       		.byte	0x23
 638 00c3 00       		.uleb128 0
 639 00c4 0A       		.uleb128 0xa
 640 00c5 FE010000 		.4byte	.LASF13
 641 00c9 03       		.byte	0x3
 642 00ca DE02     		.2byte	0x2de
 643 00cc 8C000000 		.4byte	0x8c
 644 00d0 02       		.byte	0x2
 645 00d1 23       		.byte	0x23
 646 00d2 04       		.uleb128 0x4
 647 00d3 0A       		.uleb128 0xa
 648 00d4 1D030000 		.4byte	.LASF14
 649 00d8 03       		.byte	0x3
 650 00d9 DF02     		.2byte	0x2df
 651 00db 8C000000 		.4byte	0x8c
 652 00df 02       		.byte	0x2
 653 00e0 23       		.byte	0x23
 654 00e1 08       		.uleb128 0x8
 655 00e2 09       		.uleb128 0x9
 656 00e3 43495200 		.ascii	"CIR\000"
 657 00e7 03       		.byte	0x3
 658 00e8 E002     		.2byte	0x2e0
 659 00ea 8C000000 		.4byte	0x8c
 660 00ee 02       		.byte	0x2
 661 00ef 23       		.byte	0x23
 662 00f0 0C       		.uleb128 0xc
 663 00f1 0A       		.uleb128 0xa
 664 00f2 CA020000 		.4byte	.LASF15
 665 00f6 03       		.byte	0x3
 666 00f7 E102     		.2byte	0x2e1
 667 00f9 8C000000 		.4byte	0x8c
 668 00fd 02       		.byte	0x2
 669 00fe 23       		.byte	0x23
 670 00ff 10       		.uleb128 0x10
 671 0100 0A       		.uleb128 0xa
 672 0101 D5010000 		.4byte	.LASF16
 673 0105 03       		.byte	0x3
 674 0106 E202     		.2byte	0x2e2
 675 0108 8C000000 		.4byte	0x8c
 676 010c 02       		.byte	0x2
 677 010d 23       		.byte	0x23
 678 010e 14       		.uleb128 0x14
 679 010f 0A       		.uleb128 0xa
 680 0110 EC020000 		.4byte	.LASF17
 681 0114 03       		.byte	0x3
ARM GAS  /tmp/ccTZpSLy.s 			page 13


 682 0115 E302     		.2byte	0x2e3
 683 0117 8C000000 		.4byte	0x8c
 684 011b 02       		.byte	0x2
 685 011c 23       		.byte	0x23
 686 011d 18       		.uleb128 0x18
 687 011e 0A       		.uleb128 0xa
 688 011f 5A020000 		.4byte	.LASF18
 689 0123 03       		.byte	0x3
 690 0124 E402     		.2byte	0x2e4
 691 0126 6C000000 		.4byte	0x6c
 692 012a 02       		.byte	0x2
 693 012b 23       		.byte	0x23
 694 012c 1C       		.uleb128 0x1c
 695 012d 0A       		.uleb128 0xa
 696 012e 27000000 		.4byte	.LASF19
 697 0132 03       		.byte	0x3
 698 0133 E502     		.2byte	0x2e5
 699 0135 8C000000 		.4byte	0x8c
 700 0139 02       		.byte	0x2
 701 013a 23       		.byte	0x23
 702 013b 20       		.uleb128 0x20
 703 013c 0A       		.uleb128 0xa
 704 013d 64010000 		.4byte	.LASF20
 705 0141 03       		.byte	0x3
 706 0142 E602     		.2byte	0x2e6
 707 0144 8C000000 		.4byte	0x8c
 708 0148 02       		.byte	0x2
 709 0149 23       		.byte	0x23
 710 014a 24       		.uleb128 0x24
 711 014b 0A       		.uleb128 0xa
 712 014c 64020000 		.4byte	.LASF21
 713 0150 03       		.byte	0x3
 714 0151 E702     		.2byte	0x2e7
 715 0153 98000000 		.4byte	0x98
 716 0157 02       		.byte	0x2
 717 0158 23       		.byte	0x23
 718 0159 28       		.uleb128 0x28
 719 015a 0A       		.uleb128 0xa
 720 015b A7020000 		.4byte	.LASF22
 721 015f 03       		.byte	0x3
 722 0160 E802     		.2byte	0x2e8
 723 0162 8C000000 		.4byte	0x8c
 724 0166 02       		.byte	0x2
 725 0167 23       		.byte	0x23
 726 0168 30       		.uleb128 0x30
 727 0169 0A       		.uleb128 0xa
 728 016a 30000000 		.4byte	.LASF23
 729 016e 03       		.byte	0x3
 730 016f E902     		.2byte	0x2e9
 731 0171 8C000000 		.4byte	0x8c
 732 0175 02       		.byte	0x2
 733 0176 23       		.byte	0x23
 734 0177 34       		.uleb128 0x34
 735 0178 0A       		.uleb128 0xa
 736 0179 16010000 		.4byte	.LASF24
 737 017d 03       		.byte	0x3
 738 017e EA02     		.2byte	0x2ea
ARM GAS  /tmp/ccTZpSLy.s 			page 14


 739 0180 8C000000 		.4byte	0x8c
 740 0184 02       		.byte	0x2
 741 0185 23       		.byte	0x23
 742 0186 38       		.uleb128 0x38
 743 0187 0A       		.uleb128 0xa
 744 0188 6E020000 		.4byte	.LASF25
 745 018c 03       		.byte	0x3
 746 018d EB02     		.2byte	0x2eb
 747 018f 6C000000 		.4byte	0x6c
 748 0193 02       		.byte	0x2
 749 0194 23       		.byte	0x23
 750 0195 3C       		.uleb128 0x3c
 751 0196 0A       		.uleb128 0xa
 752 0197 FA000000 		.4byte	.LASF26
 753 019b 03       		.byte	0x3
 754 019c EC02     		.2byte	0x2ec
 755 019e 8C000000 		.4byte	0x8c
 756 01a2 02       		.byte	0x2
 757 01a3 23       		.byte	0x23
 758 01a4 40       		.uleb128 0x40
 759 01a5 0A       		.uleb128 0xa
 760 01a6 9A010000 		.4byte	.LASF27
 761 01aa 03       		.byte	0x3
 762 01ab ED02     		.2byte	0x2ed
 763 01ad 8C000000 		.4byte	0x8c
 764 01b1 02       		.byte	0x2
 765 01b2 23       		.byte	0x23
 766 01b3 44       		.uleb128 0x44
 767 01b4 0A       		.uleb128 0xa
 768 01b5 78020000 		.4byte	.LASF28
 769 01b9 03       		.byte	0x3
 770 01ba EE02     		.2byte	0x2ee
 771 01bc 98000000 		.4byte	0x98
 772 01c0 02       		.byte	0x2
 773 01c1 23       		.byte	0x23
 774 01c2 48       		.uleb128 0x48
 775 01c3 0A       		.uleb128 0xa
 776 01c4 00000000 		.4byte	.LASF29
 777 01c8 03       		.byte	0x3
 778 01c9 EF02     		.2byte	0x2ef
 779 01cb 8C000000 		.4byte	0x8c
 780 01cf 02       		.byte	0x2
 781 01d0 23       		.byte	0x23
 782 01d1 50       		.uleb128 0x50
 783 01d2 0A       		.uleb128 0xa
 784 01d3 44020000 		.4byte	.LASF30
 785 01d7 03       		.byte	0x3
 786 01d8 F002     		.2byte	0x2f0
 787 01da 8C000000 		.4byte	0x8c
 788 01de 02       		.byte	0x2
 789 01df 23       		.byte	0x23
 790 01e0 54       		.uleb128 0x54
 791 01e1 0A       		.uleb128 0xa
 792 01e2 E0000000 		.4byte	.LASF31
 793 01e6 03       		.byte	0x3
 794 01e7 F102     		.2byte	0x2f1
 795 01e9 8C000000 		.4byte	0x8c
ARM GAS  /tmp/ccTZpSLy.s 			page 15


 796 01ed 02       		.byte	0x2
 797 01ee 23       		.byte	0x23
 798 01ef 58       		.uleb128 0x58
 799 01f0 0A       		.uleb128 0xa
 800 01f1 82020000 		.4byte	.LASF32
 801 01f5 03       		.byte	0x3
 802 01f6 F202     		.2byte	0x2f2
 803 01f8 6C000000 		.4byte	0x6c
 804 01fc 02       		.byte	0x2
 805 01fd 23       		.byte	0x23
 806 01fe 5C       		.uleb128 0x5c
 807 01ff 0A       		.uleb128 0xa
 808 0200 1E020000 		.4byte	.LASF33
 809 0204 03       		.byte	0x3
 810 0205 F302     		.2byte	0x2f3
 811 0207 8C000000 		.4byte	0x8c
 812 020b 02       		.byte	0x2
 813 020c 23       		.byte	0x23
 814 020d 60       		.uleb128 0x60
 815 020e 0A       		.uleb128 0xa
 816 020f 27030000 		.4byte	.LASF34
 817 0213 03       		.byte	0x3
 818 0214 F402     		.2byte	0x2f4
 819 0216 8C000000 		.4byte	0x8c
 820 021a 02       		.byte	0x2
 821 021b 23       		.byte	0x23
 822 021c 64       		.uleb128 0x64
 823 021d 0A       		.uleb128 0xa
 824 021e 8C020000 		.4byte	.LASF35
 825 0222 03       		.byte	0x3
 826 0223 F502     		.2byte	0x2f5
 827 0225 98000000 		.4byte	0x98
 828 0229 02       		.byte	0x2
 829 022a 23       		.byte	0x23
 830 022b 68       		.uleb128 0x68
 831 022c 0A       		.uleb128 0xa
 832 022d 79000000 		.4byte	.LASF36
 833 0231 03       		.byte	0x3
 834 0232 F602     		.2byte	0x2f6
 835 0234 8C000000 		.4byte	0x8c
 836 0238 02       		.byte	0x2
 837 0239 23       		.byte	0x23
 838 023a 70       		.uleb128 0x70
 839 023b 09       		.uleb128 0x9
 840 023c 43535200 		.ascii	"CSR\000"
 841 0240 03       		.byte	0x3
 842 0241 F702     		.2byte	0x2f7
 843 0243 8C000000 		.4byte	0x8c
 844 0247 02       		.byte	0x2
 845 0248 23       		.byte	0x23
 846 0249 74       		.uleb128 0x74
 847 024a 0A       		.uleb128 0xa
 848 024b 96020000 		.4byte	.LASF37
 849 024f 03       		.byte	0x3
 850 0250 F802     		.2byte	0x2f8
 851 0252 98000000 		.4byte	0x98
 852 0256 02       		.byte	0x2
ARM GAS  /tmp/ccTZpSLy.s 			page 16


 853 0257 23       		.byte	0x23
 854 0258 78       		.uleb128 0x78
 855 0259 0A       		.uleb128 0xa
 856 025a D3000000 		.4byte	.LASF38
 857 025e 03       		.byte	0x3
 858 025f F902     		.2byte	0x2f9
 859 0261 8C000000 		.4byte	0x8c
 860 0265 03       		.byte	0x3
 861 0266 23       		.byte	0x23
 862 0267 8001     		.uleb128 0x80
 863 0269 0A       		.uleb128 0xa
 864 026a 85000000 		.4byte	.LASF39
 865 026e 03       		.byte	0x3
 866 026f FA02     		.2byte	0x2fa
 867 0271 8C000000 		.4byte	0x8c
 868 0275 03       		.byte	0x3
 869 0276 23       		.byte	0x23
 870 0277 8401     		.uleb128 0x84
 871 0279 00       		.byte	0
 872 027a 0B       		.uleb128 0xb
 873 027b 52010000 		.4byte	.LASF40
 874 027f 03       		.byte	0x3
 875 0280 FB02     		.2byte	0x2fb
 876 0282 AD000000 		.4byte	0xad
 877 0286 0C       		.uleb128 0xc
 878 0287 04       		.byte	0x4
 879 0288 04       		.byte	0x4
 880 0289 9D       		.byte	0x9d
 881 028a AB020000 		.4byte	0x2ab
 882 028e 0D       		.uleb128 0xd
 883 028f 73657400 		.ascii	"set\000"
 884 0293 04       		.byte	0x4
 885 0294 9E       		.byte	0x9e
 886 0295 48000000 		.4byte	0x48
 887 0299 02       		.byte	0x2
 888 029a 23       		.byte	0x23
 889 029b 00       		.uleb128 0
 890 029c 0E       		.uleb128 0xe
 891 029d 6D010000 		.4byte	.LASF41
 892 02a1 04       		.byte	0x4
 893 02a2 9F       		.byte	0x9f
 894 02a3 48000000 		.4byte	0x48
 895 02a7 02       		.byte	0x2
 896 02a8 23       		.byte	0x23
 897 02a9 02       		.uleb128 0x2
 898 02aa 00       		.byte	0
 899 02ab 0F       		.uleb128 0xf
 900 02ac 04       		.byte	0x4
 901 02ad 04       		.byte	0x4
 902 02ae 9B       		.byte	0x9b
 903 02af C6020000 		.4byte	0x2c6
 904 02b3 10       		.uleb128 0x10
 905 02b4 5700     		.ascii	"W\000"
 906 02b6 04       		.byte	0x4
 907 02b7 9C       		.byte	0x9c
 908 02b8 6C000000 		.4byte	0x6c
 909 02bc 10       		.uleb128 0x10
ARM GAS  /tmp/ccTZpSLy.s 			page 17


 910 02bd 4800     		.ascii	"H\000"
 911 02bf 04       		.byte	0x4
 912 02c0 A0       		.byte	0xa0
 913 02c1 86020000 		.4byte	0x286
 914 02c5 00       		.byte	0
 915 02c6 0C       		.uleb128 0xc
 916 02c7 28       		.byte	0x28
 917 02c8 04       		.byte	0x4
 918 02c9 93       		.byte	0x93
 919 02ca 5B030000 		.4byte	0x35b
 920 02ce 0E       		.uleb128 0xe
 921 02cf 5E010000 		.4byte	.LASF42
 922 02d3 04       		.byte	0x4
 923 02d4 95       		.byte	0x95
 924 02d5 8C000000 		.4byte	0x8c
 925 02d9 02       		.byte	0x2
 926 02da 23       		.byte	0x23
 927 02db 00       		.uleb128 0
 928 02dc 0E       		.uleb128 0xe
 929 02dd 0F010000 		.4byte	.LASF43
 930 02e1 04       		.byte	0x4
 931 02e2 96       		.byte	0x96
 932 02e3 8C000000 		.4byte	0x8c
 933 02e7 02       		.byte	0x2
 934 02e8 23       		.byte	0x23
 935 02e9 04       		.uleb128 0x4
 936 02ea 0E       		.uleb128 0xe
 937 02eb 1E010000 		.4byte	.LASF44
 938 02ef 04       		.byte	0x4
 939 02f0 97       		.byte	0x97
 940 02f1 8C000000 		.4byte	0x8c
 941 02f5 02       		.byte	0x2
 942 02f6 23       		.byte	0x23
 943 02f7 08       		.uleb128 0x8
 944 02f8 0E       		.uleb128 0xe
 945 02f9 34010000 		.4byte	.LASF45
 946 02fd 04       		.byte	0x4
 947 02fe 98       		.byte	0x98
 948 02ff 8C000000 		.4byte	0x8c
 949 0303 02       		.byte	0x2
 950 0304 23       		.byte	0x23
 951 0305 0C       		.uleb128 0xc
 952 0306 0D       		.uleb128 0xd
 953 0307 49445200 		.ascii	"IDR\000"
 954 030b 04       		.byte	0x4
 955 030c 99       		.byte	0x99
 956 030d 8C000000 		.4byte	0x8c
 957 0311 02       		.byte	0x2
 958 0312 23       		.byte	0x23
 959 0313 10       		.uleb128 0x10
 960 0314 0D       		.uleb128 0xd
 961 0315 4F445200 		.ascii	"ODR\000"
 962 0319 04       		.byte	0x4
 963 031a 9A       		.byte	0x9a
 964 031b 8C000000 		.4byte	0x8c
 965 031f 02       		.byte	0x2
 966 0320 23       		.byte	0x23
ARM GAS  /tmp/ccTZpSLy.s 			page 18


 967 0321 14       		.uleb128 0x14
 968 0322 0E       		.uleb128 0xe
 969 0323 31030000 		.4byte	.LASF46
 970 0327 04       		.byte	0x4
 971 0328 A1       		.byte	0xa1
 972 0329 5B030000 		.4byte	0x35b
 973 032d 02       		.byte	0x2
 974 032e 23       		.byte	0x23
 975 032f 18       		.uleb128 0x18
 976 0330 0E       		.uleb128 0xe
 977 0331 22030000 		.4byte	.LASF47
 978 0335 04       		.byte	0x4
 979 0336 A2       		.byte	0xa2
 980 0337 8C000000 		.4byte	0x8c
 981 033b 02       		.byte	0x2
 982 033c 23       		.byte	0x23
 983 033d 1C       		.uleb128 0x1c
 984 033e 0E       		.uleb128 0xe
 985 033f 06020000 		.4byte	.LASF48
 986 0343 04       		.byte	0x4
 987 0344 A3       		.byte	0xa3
 988 0345 8C000000 		.4byte	0x8c
 989 0349 02       		.byte	0x2
 990 034a 23       		.byte	0x23
 991 034b 20       		.uleb128 0x20
 992 034c 0E       		.uleb128 0xe
 993 034d F9010000 		.4byte	.LASF49
 994 0351 04       		.byte	0x4
 995 0352 A4       		.byte	0xa4
 996 0353 8C000000 		.4byte	0x8c
 997 0357 02       		.byte	0x2
 998 0358 23       		.byte	0x23
 999 0359 24       		.uleb128 0x24
 1000 035a 00       		.byte	0
 1001 035b 05       		.uleb128 0x5
 1002 035c AB020000 		.4byte	0x2ab
 1003 0360 04       		.uleb128 0x4
 1004 0361 D3020000 		.4byte	.LASF50
 1005 0365 04       		.byte	0x4
 1006 0366 A5       		.byte	0xa5
 1007 0367 C6020000 		.4byte	0x2c6
 1008 036b 0C       		.uleb128 0xc
 1009 036c 1C       		.byte	0x1c
 1010 036d 04       		.byte	0x4
 1011 036e AA       		.byte	0xaa
 1012 036f D6030000 		.4byte	0x3d6
 1013 0373 0E       		.uleb128 0xe
 1014 0374 C4020000 		.4byte	.LASF51
 1015 0378 04       		.byte	0x4
 1016 0379 AC       		.byte	0xac
 1017 037a 6C000000 		.4byte	0x6c
 1018 037e 02       		.byte	0x2
 1019 037f 23       		.byte	0x23
 1020 0380 00       		.uleb128 0
 1021 0381 0E       		.uleb128 0xe
 1022 0382 CE010000 		.4byte	.LASF52
 1023 0386 04       		.byte	0x4
ARM GAS  /tmp/ccTZpSLy.s 			page 19


 1024 0387 AE       		.byte	0xae
 1025 0388 6C000000 		.4byte	0x6c
 1026 038c 02       		.byte	0x2
 1027 038d 23       		.byte	0x23
 1028 038e 04       		.uleb128 0x4
 1029 038f 0E       		.uleb128 0xe
 1030 0390 3A010000 		.4byte	.LASF53
 1031 0394 04       		.byte	0x4
 1032 0395 B0       		.byte	0xb0
 1033 0396 6C000000 		.4byte	0x6c
 1034 039a 02       		.byte	0x2
 1035 039b 23       		.byte	0x23
 1036 039c 08       		.uleb128 0x8
 1037 039d 0E       		.uleb128 0xe
 1038 039e B4020000 		.4byte	.LASF54
 1039 03a2 04       		.byte	0x4
 1040 03a3 B2       		.byte	0xb2
 1041 03a4 6C000000 		.4byte	0x6c
 1042 03a8 02       		.byte	0x2
 1043 03a9 23       		.byte	0x23
 1044 03aa 0C       		.uleb128 0xc
 1045 03ab 0D       		.uleb128 0xd
 1046 03ac 6F647200 		.ascii	"odr\000"
 1047 03b0 04       		.byte	0x4
 1048 03b1 B4       		.byte	0xb4
 1049 03b2 6C000000 		.4byte	0x6c
 1050 03b6 02       		.byte	0x2
 1051 03b7 23       		.byte	0x23
 1052 03b8 10       		.uleb128 0x10
 1053 03b9 0E       		.uleb128 0xe
 1054 03ba BF020000 		.4byte	.LASF55
 1055 03be 04       		.byte	0x4
 1056 03bf B6       		.byte	0xb6
 1057 03c0 6C000000 		.4byte	0x6c
 1058 03c4 02       		.byte	0x2
 1059 03c5 23       		.byte	0x23
 1060 03c6 14       		.uleb128 0x14
 1061 03c7 0E       		.uleb128 0xe
 1062 03c8 BA020000 		.4byte	.LASF56
 1063 03cc 04       		.byte	0x4
 1064 03cd B8       		.byte	0xb8
 1065 03ce 6C000000 		.4byte	0x6c
 1066 03d2 02       		.byte	0x2
 1067 03d3 23       		.byte	0x23
 1068 03d4 18       		.uleb128 0x18
 1069 03d5 00       		.byte	0
 1070 03d6 04       		.uleb128 0x4
 1071 03d7 38000000 		.4byte	.LASF57
 1072 03db 04       		.byte	0x4
 1073 03dc B9       		.byte	0xb9
 1074 03dd 6B030000 		.4byte	0x36b
 1075 03e1 0C       		.uleb128 0xc
 1076 03e2 FC       		.byte	0xfc
 1077 03e3 04       		.byte	0x4
 1078 03e4 C2       		.byte	0xc2
 1079 03e5 6C040000 		.4byte	0x46c
 1080 03e9 0E       		.uleb128 0xe
ARM GAS  /tmp/ccTZpSLy.s 			page 20


 1081 03ea 7A010000 		.4byte	.LASF58
 1082 03ee 04       		.byte	0x4
 1083 03ef C4       		.byte	0xc4
 1084 03f0 D6030000 		.4byte	0x3d6
 1085 03f4 02       		.byte	0x2
 1086 03f5 23       		.byte	0x23
 1087 03f6 00       		.uleb128 0
 1088 03f7 0E       		.uleb128 0xe
 1089 03f8 D9000000 		.4byte	.LASF59
 1090 03fc 04       		.byte	0x4
 1091 03fd C6       		.byte	0xc6
 1092 03fe D6030000 		.4byte	0x3d6
 1093 0402 02       		.byte	0x2
 1094 0403 23       		.byte	0x23
 1095 0404 1C       		.uleb128 0x1c
 1096 0405 0E       		.uleb128 0xe
 1097 0406 0A000000 		.4byte	.LASF60
 1098 040a 04       		.byte	0x4
 1099 040b C8       		.byte	0xc8
 1100 040c D6030000 		.4byte	0x3d6
 1101 0410 02       		.byte	0x2
 1102 0411 23       		.byte	0x23
 1103 0412 38       		.uleb128 0x38
 1104 0413 0E       		.uleb128 0xe
 1105 0414 4B010000 		.4byte	.LASF61
 1106 0418 04       		.byte	0x4
 1107 0419 CA       		.byte	0xca
 1108 041a D6030000 		.4byte	0x3d6
 1109 041e 02       		.byte	0x2
 1110 041f 23       		.byte	0x23
 1111 0420 54       		.uleb128 0x54
 1112 0421 0E       		.uleb128 0xe
 1113 0422 53020000 		.4byte	.LASF62
 1114 0426 04       		.byte	0x4
 1115 0427 CD       		.byte	0xcd
 1116 0428 D6030000 		.4byte	0x3d6
 1117 042c 02       		.byte	0x2
 1118 042d 23       		.byte	0x23
 1119 042e 70       		.uleb128 0x70
 1120 042f 0E       		.uleb128 0xe
 1121 0430 4B000000 		.4byte	.LASF63
 1122 0434 04       		.byte	0x4
 1123 0435 D1       		.byte	0xd1
 1124 0436 D6030000 		.4byte	0x3d6
 1125 043a 03       		.byte	0x3
 1126 043b 23       		.byte	0x23
 1127 043c 8C01     		.uleb128 0x8c
 1128 043e 0E       		.uleb128 0xe
 1129 043f 73010000 		.4byte	.LASF64
 1130 0443 04       		.byte	0x4
 1131 0444 D5       		.byte	0xd5
 1132 0445 D6030000 		.4byte	0x3d6
 1133 0449 03       		.byte	0x3
 1134 044a 23       		.byte	0x23
 1135 044b A801     		.uleb128 0xa8
 1136 044d 0E       		.uleb128 0xe
 1137 044e A0020000 		.4byte	.LASF65
ARM GAS  /tmp/ccTZpSLy.s 			page 21


 1138 0452 04       		.byte	0x4
 1139 0453 D9       		.byte	0xd9
 1140 0454 D6030000 		.4byte	0x3d6
 1141 0458 03       		.byte	0x3
 1142 0459 23       		.byte	0x23
 1143 045a C401     		.uleb128 0xc4
 1144 045c 0E       		.uleb128 0xe
 1145 045d 7E000000 		.4byte	.LASF66
 1146 0461 04       		.byte	0x4
 1147 0462 DD       		.byte	0xdd
 1148 0463 D6030000 		.4byte	0x3d6
 1149 0467 03       		.byte	0x3
 1150 0468 23       		.byte	0x23
 1151 0469 E001     		.uleb128 0xe0
 1152 046b 00       		.byte	0
 1153 046c 04       		.uleb128 0x4
 1154 046d 35020000 		.4byte	.LASF67
 1155 0471 04       		.byte	0x4
 1156 0472 DF       		.byte	0xdf
 1157 0473 E1030000 		.4byte	0x3e1
 1158 0477 04       		.uleb128 0x4
 1159 0478 02010000 		.4byte	.LASF68
 1160 047c 04       		.byte	0x4
 1161 047d EF       		.byte	0xef
 1162 047e 6C000000 		.4byte	0x6c
 1163 0482 04       		.uleb128 0x4
 1164 0483 F1000000 		.4byte	.LASF69
 1165 0487 04       		.byte	0x4
 1166 0488 F4       		.byte	0xf4
 1167 0489 6C000000 		.4byte	0x6c
 1168 048d 04       		.uleb128 0x4
 1169 048e 81010000 		.4byte	.LASF70
 1170 0492 04       		.byte	0x4
 1171 0493 FC       		.byte	0xfc
 1172 0494 98040000 		.4byte	0x498
 1173 0498 11       		.uleb128 0x11
 1174 0499 04       		.byte	0x4
 1175 049a 60030000 		.4byte	0x360
 1176 049e 12       		.uleb128 0x12
 1177 049f 6A000000 		.4byte	.LASF82
 1178 04a3 01       		.byte	0x1
 1179 04a4 4B       		.byte	0x4b
 1180 04a5 01       		.byte	0x1
 1181 04a6 01       		.byte	0x1
 1182 04a7 C2040000 		.4byte	0x4c2
 1183 04ab 13       		.uleb128 0x13
 1184 04ac 73000000 		.4byte	.LASF71
 1185 04b0 01       		.byte	0x1
 1186 04b1 4B       		.byte	0x4b
 1187 04b2 98040000 		.4byte	0x498
 1188 04b6 13       		.uleb128 0x13
 1189 04b7 EA000000 		.4byte	.LASF72
 1190 04bb 01       		.byte	0x1
 1191 04bc 4B       		.byte	0x4b
 1192 04bd C2040000 		.4byte	0x4c2
 1193 04c1 00       		.byte	0
 1194 04c2 11       		.uleb128 0x11
ARM GAS  /tmp/ccTZpSLy.s 			page 22


 1195 04c3 04       		.byte	0x4
 1196 04c4 C8040000 		.4byte	0x4c8
 1197 04c8 14       		.uleb128 0x14
 1198 04c9 D6030000 		.4byte	0x3d6
 1199 04cd 15       		.uleb128 0x15
 1200 04ce 01       		.byte	0x1
 1201 04cf 52000000 		.4byte	.LASF73
 1202 04d3 01       		.byte	0x1
 1203 04d4 66       		.byte	0x66
 1204 04d5 01       		.byte	0x1
 1205 04d6 00000000 		.4byte	.LFB118
 1206 04da E2010000 		.4byte	.LFE118
 1207 04de 02       		.byte	0x2
 1208 04df 7D       		.byte	0x7d
 1209 04e0 00       		.sleb128 0
 1210 04e1 49060000 		.4byte	0x649
 1211 04e5 16       		.uleb128 0x16
 1212 04e6 EA000000 		.4byte	.LASF72
 1213 04ea 01       		.byte	0x1
 1214 04eb 66       		.byte	0x66
 1215 04ec 49060000 		.4byte	0x649
 1216 04f0 01       		.byte	0x1
 1217 04f1 50       		.byte	0x50
 1218 04f2 17       		.uleb128 0x17
 1219 04f3 9E040000 		.4byte	0x49e
 1220 04f7 28000000 		.4byte	.LBB20
 1221 04fb 00000000 		.4byte	.Ldebug_ranges0+0
 1222 04ff 01       		.byte	0x1
 1223 0500 75       		.byte	0x75
 1224 0501 16050000 		.4byte	0x516
 1225 0505 18       		.uleb128 0x18
 1226 0506 B6040000 		.4byte	0x4b6
 1227 050a 01       		.byte	0x1
 1228 050b 50       		.byte	0x50
 1229 050c 19       		.uleb128 0x19
 1230 050d AB040000 		.4byte	0x4ab
 1231 0511 00000240 		.4byte	0x40020000
 1232 0515 00       		.byte	0
 1233 0516 17       		.uleb128 0x17
 1234 0517 9E040000 		.4byte	0x49e
 1235 051b 30000000 		.4byte	.LBB23
 1236 051f 18000000 		.4byte	.Ldebug_ranges0+0x18
 1237 0523 01       		.byte	0x1
 1238 0524 76       		.byte	0x76
 1239 0525 3C050000 		.4byte	0x53c
 1240 0529 18       		.uleb128 0x18
 1241 052a B6040000 		.4byte	0x4b6
 1242 052e 03       		.byte	0x3
 1243 052f 70       		.byte	0x70
 1244 0530 1C       		.sleb128 28
 1245 0531 9F       		.byte	0x9f
 1246 0532 19       		.uleb128 0x19
 1247 0533 AB040000 		.4byte	0x4ab
 1248 0537 00040240 		.4byte	0x40020400
 1249 053b 00       		.byte	0
 1250 053c 17       		.uleb128 0x17
 1251 053d 9E040000 		.4byte	0x49e
ARM GAS  /tmp/ccTZpSLy.s 			page 23


 1252 0541 54000000 		.4byte	.LBB29
 1253 0545 38000000 		.4byte	.Ldebug_ranges0+0x38
 1254 0549 01       		.byte	0x1
 1255 054a 77       		.byte	0x77
 1256 054b 62050000 		.4byte	0x562
 1257 054f 18       		.uleb128 0x18
 1258 0550 B6040000 		.4byte	0x4b6
 1259 0554 03       		.byte	0x3
 1260 0555 70       		.byte	0x70
 1261 0556 38       		.sleb128 56
 1262 0557 9F       		.byte	0x9f
 1263 0558 19       		.uleb128 0x19
 1264 0559 AB040000 		.4byte	0x4ab
 1265 055d 00080240 		.4byte	0x40020800
 1266 0561 00       		.byte	0
 1267 0562 17       		.uleb128 0x17
 1268 0563 9E040000 		.4byte	0x49e
 1269 0567 9E000000 		.4byte	.LBB35
 1270 056b 58000000 		.4byte	.Ldebug_ranges0+0x58
 1271 056f 01       		.byte	0x1
 1272 0570 78       		.byte	0x78
 1273 0571 89050000 		.4byte	0x589
 1274 0575 18       		.uleb128 0x18
 1275 0576 B6040000 		.4byte	0x4b6
 1276 057a 04       		.byte	0x4
 1277 057b 70       		.byte	0x70
 1278 057c D400     		.sleb128 84
 1279 057e 9F       		.byte	0x9f
 1280 057f 19       		.uleb128 0x19
 1281 0580 AB040000 		.4byte	0x4ab
 1282 0584 000C0240 		.4byte	0x40020c00
 1283 0588 00       		.byte	0
 1284 0589 17       		.uleb128 0x17
 1285 058a 9E040000 		.4byte	0x49e
 1286 058e AA000000 		.4byte	.LBB41
 1287 0592 78000000 		.4byte	.Ldebug_ranges0+0x78
 1288 0596 01       		.byte	0x1
 1289 0597 7A       		.byte	0x7a
 1290 0598 B0050000 		.4byte	0x5b0
 1291 059c 18       		.uleb128 0x18
 1292 059d B6040000 		.4byte	0x4b6
 1293 05a1 04       		.byte	0x4
 1294 05a2 70       		.byte	0x70
 1295 05a3 F000     		.sleb128 112
 1296 05a5 9F       		.byte	0x9f
 1297 05a6 19       		.uleb128 0x19
 1298 05a7 AB040000 		.4byte	0x4ab
 1299 05ab 00100240 		.4byte	0x40021000
 1300 05af 00       		.byte	0
 1301 05b0 17       		.uleb128 0x17
 1302 05b1 9E040000 		.4byte	0x49e
 1303 05b5 FA000000 		.4byte	.LBB47
 1304 05b9 98000000 		.4byte	.Ldebug_ranges0+0x98
 1305 05bd 01       		.byte	0x1
 1306 05be 7D       		.byte	0x7d
 1307 05bf D7050000 		.4byte	0x5d7
 1308 05c3 18       		.uleb128 0x18
ARM GAS  /tmp/ccTZpSLy.s 			page 24


 1309 05c4 B6040000 		.4byte	0x4b6
 1310 05c8 04       		.byte	0x4
 1311 05c9 70       		.byte	0x70
 1312 05ca 8C01     		.sleb128 140
 1313 05cc 9F       		.byte	0x9f
 1314 05cd 19       		.uleb128 0x19
 1315 05ce AB040000 		.4byte	0x4ab
 1316 05d2 00140240 		.4byte	0x40021400
 1317 05d6 00       		.byte	0
 1318 05d7 17       		.uleb128 0x17
 1319 05d8 9E040000 		.4byte	0x49e
 1320 05dc 08010000 		.4byte	.LBB53
 1321 05e0 B8000000 		.4byte	.Ldebug_ranges0+0xb8
 1322 05e4 01       		.byte	0x1
 1323 05e5 80       		.byte	0x80
 1324 05e6 FE050000 		.4byte	0x5fe
 1325 05ea 18       		.uleb128 0x18
 1326 05eb B6040000 		.4byte	0x4b6
 1327 05ef 04       		.byte	0x4
 1328 05f0 70       		.byte	0x70
 1329 05f1 A801     		.sleb128 168
 1330 05f3 9F       		.byte	0x9f
 1331 05f4 19       		.uleb128 0x19
 1332 05f5 AB040000 		.4byte	0x4ab
 1333 05f9 00180240 		.4byte	0x40021800
 1334 05fd 00       		.byte	0
 1335 05fe 17       		.uleb128 0x17
 1336 05ff 9E040000 		.4byte	0x49e
 1337 0603 48010000 		.4byte	.LBB60
 1338 0607 E0000000 		.4byte	.Ldebug_ranges0+0xe0
 1339 060b 01       		.byte	0x1
 1340 060c 83       		.byte	0x83
 1341 060d 25060000 		.4byte	0x625
 1342 0611 18       		.uleb128 0x18
 1343 0612 B6040000 		.4byte	0x4b6
 1344 0616 04       		.byte	0x4
 1345 0617 70       		.byte	0x70
 1346 0618 C401     		.sleb128 196
 1347 061a 9F       		.byte	0x9f
 1348 061b 19       		.uleb128 0x19
 1349 061c AB040000 		.4byte	0x4ab
 1350 0620 001C0240 		.4byte	0x40021c00
 1351 0624 00       		.byte	0
 1352 0625 1A       		.uleb128 0x1a
 1353 0626 9E040000 		.4byte	0x49e
 1354 062a AA010000 		.4byte	.LBB69
 1355 062e 08010000 		.4byte	.Ldebug_ranges0+0x108
 1356 0632 01       		.byte	0x1
 1357 0633 86       		.byte	0x86
 1358 0634 18       		.uleb128 0x18
 1359 0635 B6040000 		.4byte	0x4b6
 1360 0639 04       		.byte	0x4
 1361 063a 70       		.byte	0x70
 1362 063b E001     		.sleb128 224
 1363 063d 9F       		.byte	0x9f
 1364 063e 19       		.uleb128 0x19
 1365 063f AB040000 		.4byte	0x4ab
ARM GAS  /tmp/ccTZpSLy.s 			page 25


 1366 0643 00200240 		.4byte	0x40022000
 1367 0647 00       		.byte	0
 1368 0648 00       		.byte	0
 1369 0649 11       		.uleb128 0x11
 1370 064a 04       		.byte	0x4
 1371 064b 4F060000 		.4byte	0x64f
 1372 064f 14       		.uleb128 0x14
 1373 0650 6C040000 		.4byte	0x46c
 1374 0654 1B       		.uleb128 0x1b
 1375 0655 01       		.byte	0x1
 1376 0656 11000000 		.4byte	.LASF74
 1377 065a 01       		.byte	0x1
 1378 065b 98       		.byte	0x98
 1379 065c 01       		.byte	0x1
 1380 065d 00000000 		.4byte	.LFB119
 1381 0661 BC000000 		.4byte	.LFE119
 1382 0665 00000000 		.4byte	.LLST0
 1383 0669 2A070000 		.4byte	0x72a
 1384 066d 16       		.uleb128 0x16
 1385 066e 4E020000 		.4byte	.LASF75
 1386 0672 01       		.byte	0x1
 1387 0673 98       		.byte	0x98
 1388 0674 8D040000 		.4byte	0x48d
 1389 0678 01       		.byte	0x1
 1390 0679 50       		.byte	0x50
 1391 067a 1C       		.uleb128 0x1c
 1392 067b AF020000 		.4byte	.LASF76
 1393 067f 01       		.byte	0x1
 1394 0680 99       		.byte	0x99
 1395 0681 77040000 		.4byte	0x477
 1396 0685 20000000 		.4byte	.LLST1
 1397 0689 1C       		.uleb128 0x1c
 1398 068a 3F020000 		.4byte	.LASF77
 1399 068e 01       		.byte	0x1
 1400 068f 9A       		.byte	0x9a
 1401 0690 82040000 		.4byte	0x482
 1402 0694 4D000000 		.4byte	.LLST2
 1403 0698 1D       		.uleb128 0x1d
 1404 0699 C4020000 		.4byte	.LASF51
 1405 069d 01       		.byte	0x1
 1406 069e 9C       		.byte	0x9c
 1407 069f 6C000000 		.4byte	0x6c
 1408 06a3 01       		.byte	0x1
 1409 06a4 57       		.byte	0x57
 1410 06a5 1D       		.uleb128 0x1d
 1411 06a6 CE010000 		.4byte	.LASF52
 1412 06aa 01       		.byte	0x1
 1413 06ab 9D       		.byte	0x9d
 1414 06ac 6C000000 		.4byte	0x6c
 1415 06b0 01       		.byte	0x1
 1416 06b1 56       		.byte	0x56
 1417 06b2 1D       		.uleb128 0x1d
 1418 06b3 3A010000 		.4byte	.LASF53
 1419 06b7 01       		.byte	0x1
 1420 06b8 9E       		.byte	0x9e
 1421 06b9 6C000000 		.4byte	0x6c
 1422 06bd 01       		.byte	0x1
ARM GAS  /tmp/ccTZpSLy.s 			page 26


 1423 06be 55       		.byte	0x55
 1424 06bf 1D       		.uleb128 0x1d
 1425 06c0 B4020000 		.4byte	.LASF54
 1426 06c4 01       		.byte	0x1
 1427 06c5 9F       		.byte	0x9f
 1428 06c6 6C000000 		.4byte	0x6c
 1429 06ca 01       		.byte	0x1
 1430 06cb 54       		.byte	0x54
 1431 06cc 1E       		.uleb128 0x1e
 1432 06cd F5020000 		.4byte	.LASF78
 1433 06d1 01       		.byte	0x1
 1434 06d2 A0       		.byte	0xa0
 1435 06d3 6C000000 		.4byte	0x6c
 1436 06d7 60000000 		.4byte	.LLST3
 1437 06db 1F       		.uleb128 0x1f
 1438 06dc 62697400 		.ascii	"bit\000"
 1439 06e0 01       		.byte	0x1
 1440 06e1 A1       		.byte	0xa1
 1441 06e2 6C000000 		.4byte	0x6c
 1442 06e6 7E000000 		.4byte	.LLST4
 1443 06ea 20       		.uleb128 0x20
 1444 06eb 20010000 		.4byte	.Ldebug_ranges0+0x120
 1445 06ef 1E       		.uleb128 0x1e
 1446 06f0 07030000 		.4byte	.LASF79
 1447 06f4 01       		.byte	0x1
 1448 06f5 A4       		.byte	0xa4
 1449 06f6 6C000000 		.4byte	0x6c
 1450 06fa 9D000000 		.4byte	.LLST5
 1451 06fe 1F       		.uleb128 0x1f
 1452 06ff 6D3100   		.ascii	"m1\000"
 1453 0702 01       		.byte	0x1
 1454 0703 A4       		.byte	0xa4
 1455 0704 6C000000 		.4byte	0x6c
 1456 0708 B0000000 		.4byte	.LLST6
 1457 070c 1F       		.uleb128 0x1f
 1458 070d 6D3200   		.ascii	"m2\000"
 1459 0710 01       		.byte	0x1
 1460 0711 A4       		.byte	0xa4
 1461 0712 6C000000 		.4byte	0x6c
 1462 0716 C7000000 		.4byte	.LLST7
 1463 071a 1F       		.uleb128 0x1f
 1464 071b 6D3400   		.ascii	"m4\000"
 1465 071e 01       		.byte	0x1
 1466 071f A4       		.byte	0xa4
 1467 0720 6C000000 		.4byte	0x6c
 1468 0724 E0000000 		.4byte	.LLST8
 1469 0728 00       		.byte	0
 1470 0729 00       		.byte	0
 1471 072a 21       		.uleb128 0x21
 1472 072b FA020000 		.4byte	.LASF83
 1473 072f 05       		.byte	0x5
 1474 0730 1A05     		.2byte	0x51a
 1475 0732 A8000000 		.4byte	0xa8
 1476 0736 01       		.byte	0x1
 1477 0737 01       		.byte	0x1
 1478 0738 00       		.byte	0
 1479              		.section	.debug_abbrev,"",%progbits
ARM GAS  /tmp/ccTZpSLy.s 			page 27


 1480              	.Ldebug_abbrev0:
 1481 0000 01       		.uleb128 0x1
 1482 0001 11       		.uleb128 0x11
 1483 0002 01       		.byte	0x1
 1484 0003 25       		.uleb128 0x25
 1485 0004 0E       		.uleb128 0xe
 1486 0005 13       		.uleb128 0x13
 1487 0006 0B       		.uleb128 0xb
 1488 0007 03       		.uleb128 0x3
 1489 0008 0E       		.uleb128 0xe
 1490 0009 11       		.uleb128 0x11
 1491 000a 01       		.uleb128 0x1
 1492 000b 52       		.uleb128 0x52
 1493 000c 01       		.uleb128 0x1
 1494 000d 55       		.uleb128 0x55
 1495 000e 06       		.uleb128 0x6
 1496 000f 10       		.uleb128 0x10
 1497 0010 06       		.uleb128 0x6
 1498 0011 00       		.byte	0
 1499 0012 00       		.byte	0
 1500 0013 02       		.uleb128 0x2
 1501 0014 24       		.uleb128 0x24
 1502 0015 00       		.byte	0
 1503 0016 0B       		.uleb128 0xb
 1504 0017 0B       		.uleb128 0xb
 1505 0018 3E       		.uleb128 0x3e
 1506 0019 0B       		.uleb128 0xb
 1507 001a 03       		.uleb128 0x3
 1508 001b 08       		.uleb128 0x8
 1509 001c 00       		.byte	0
 1510 001d 00       		.byte	0
 1511 001e 03       		.uleb128 0x3
 1512 001f 24       		.uleb128 0x24
 1513 0020 00       		.byte	0
 1514 0021 0B       		.uleb128 0xb
 1515 0022 0B       		.uleb128 0xb
 1516 0023 3E       		.uleb128 0x3e
 1517 0024 0B       		.uleb128 0xb
 1518 0025 03       		.uleb128 0x3
 1519 0026 0E       		.uleb128 0xe
 1520 0027 00       		.byte	0
 1521 0028 00       		.byte	0
 1522 0029 04       		.uleb128 0x4
 1523 002a 16       		.uleb128 0x16
 1524 002b 00       		.byte	0
 1525 002c 03       		.uleb128 0x3
 1526 002d 0E       		.uleb128 0xe
 1527 002e 3A       		.uleb128 0x3a
 1528 002f 0B       		.uleb128 0xb
 1529 0030 3B       		.uleb128 0x3b
 1530 0031 0B       		.uleb128 0xb
 1531 0032 49       		.uleb128 0x49
 1532 0033 13       		.uleb128 0x13
 1533 0034 00       		.byte	0
 1534 0035 00       		.byte	0
 1535 0036 05       		.uleb128 0x5
 1536 0037 35       		.uleb128 0x35
ARM GAS  /tmp/ccTZpSLy.s 			page 28


 1537 0038 00       		.byte	0
 1538 0039 49       		.uleb128 0x49
 1539 003a 13       		.uleb128 0x13
 1540 003b 00       		.byte	0
 1541 003c 00       		.byte	0
 1542 003d 06       		.uleb128 0x6
 1543 003e 01       		.uleb128 0x1
 1544 003f 01       		.byte	0x1
 1545 0040 49       		.uleb128 0x49
 1546 0041 13       		.uleb128 0x13
 1547 0042 01       		.uleb128 0x1
 1548 0043 13       		.uleb128 0x13
 1549 0044 00       		.byte	0
 1550 0045 00       		.byte	0
 1551 0046 07       		.uleb128 0x7
 1552 0047 21       		.uleb128 0x21
 1553 0048 00       		.byte	0
 1554 0049 49       		.uleb128 0x49
 1555 004a 13       		.uleb128 0x13
 1556 004b 2F       		.uleb128 0x2f
 1557 004c 0B       		.uleb128 0xb
 1558 004d 00       		.byte	0
 1559 004e 00       		.byte	0
 1560 004f 08       		.uleb128 0x8
 1561 0050 13       		.uleb128 0x13
 1562 0051 01       		.byte	0x1
 1563 0052 0B       		.uleb128 0xb
 1564 0053 0B       		.uleb128 0xb
 1565 0054 3A       		.uleb128 0x3a
 1566 0055 0B       		.uleb128 0xb
 1567 0056 3B       		.uleb128 0x3b
 1568 0057 05       		.uleb128 0x5
 1569 0058 01       		.uleb128 0x1
 1570 0059 13       		.uleb128 0x13
 1571 005a 00       		.byte	0
 1572 005b 00       		.byte	0
 1573 005c 09       		.uleb128 0x9
 1574 005d 0D       		.uleb128 0xd
 1575 005e 00       		.byte	0
 1576 005f 03       		.uleb128 0x3
 1577 0060 08       		.uleb128 0x8
 1578 0061 3A       		.uleb128 0x3a
 1579 0062 0B       		.uleb128 0xb
 1580 0063 3B       		.uleb128 0x3b
 1581 0064 05       		.uleb128 0x5
 1582 0065 49       		.uleb128 0x49
 1583 0066 13       		.uleb128 0x13
 1584 0067 38       		.uleb128 0x38
 1585 0068 0A       		.uleb128 0xa
 1586 0069 00       		.byte	0
 1587 006a 00       		.byte	0
 1588 006b 0A       		.uleb128 0xa
 1589 006c 0D       		.uleb128 0xd
 1590 006d 00       		.byte	0
 1591 006e 03       		.uleb128 0x3
 1592 006f 0E       		.uleb128 0xe
 1593 0070 3A       		.uleb128 0x3a
ARM GAS  /tmp/ccTZpSLy.s 			page 29


 1594 0071 0B       		.uleb128 0xb
 1595 0072 3B       		.uleb128 0x3b
 1596 0073 05       		.uleb128 0x5
 1597 0074 49       		.uleb128 0x49
 1598 0075 13       		.uleb128 0x13
 1599 0076 38       		.uleb128 0x38
 1600 0077 0A       		.uleb128 0xa
 1601 0078 00       		.byte	0
 1602 0079 00       		.byte	0
 1603 007a 0B       		.uleb128 0xb
 1604 007b 16       		.uleb128 0x16
 1605 007c 00       		.byte	0
 1606 007d 03       		.uleb128 0x3
 1607 007e 0E       		.uleb128 0xe
 1608 007f 3A       		.uleb128 0x3a
 1609 0080 0B       		.uleb128 0xb
 1610 0081 3B       		.uleb128 0x3b
 1611 0082 05       		.uleb128 0x5
 1612 0083 49       		.uleb128 0x49
 1613 0084 13       		.uleb128 0x13
 1614 0085 00       		.byte	0
 1615 0086 00       		.byte	0
 1616 0087 0C       		.uleb128 0xc
 1617 0088 13       		.uleb128 0x13
 1618 0089 01       		.byte	0x1
 1619 008a 0B       		.uleb128 0xb
 1620 008b 0B       		.uleb128 0xb
 1621 008c 3A       		.uleb128 0x3a
 1622 008d 0B       		.uleb128 0xb
 1623 008e 3B       		.uleb128 0x3b
 1624 008f 0B       		.uleb128 0xb
 1625 0090 01       		.uleb128 0x1
 1626 0091 13       		.uleb128 0x13
 1627 0092 00       		.byte	0
 1628 0093 00       		.byte	0
 1629 0094 0D       		.uleb128 0xd
 1630 0095 0D       		.uleb128 0xd
 1631 0096 00       		.byte	0
 1632 0097 03       		.uleb128 0x3
 1633 0098 08       		.uleb128 0x8
 1634 0099 3A       		.uleb128 0x3a
 1635 009a 0B       		.uleb128 0xb
 1636 009b 3B       		.uleb128 0x3b
 1637 009c 0B       		.uleb128 0xb
 1638 009d 49       		.uleb128 0x49
 1639 009e 13       		.uleb128 0x13
 1640 009f 38       		.uleb128 0x38
 1641 00a0 0A       		.uleb128 0xa
 1642 00a1 00       		.byte	0
 1643 00a2 00       		.byte	0
 1644 00a3 0E       		.uleb128 0xe
 1645 00a4 0D       		.uleb128 0xd
 1646 00a5 00       		.byte	0
 1647 00a6 03       		.uleb128 0x3
 1648 00a7 0E       		.uleb128 0xe
 1649 00a8 3A       		.uleb128 0x3a
 1650 00a9 0B       		.uleb128 0xb
ARM GAS  /tmp/ccTZpSLy.s 			page 30


 1651 00aa 3B       		.uleb128 0x3b
 1652 00ab 0B       		.uleb128 0xb
 1653 00ac 49       		.uleb128 0x49
 1654 00ad 13       		.uleb128 0x13
 1655 00ae 38       		.uleb128 0x38
 1656 00af 0A       		.uleb128 0xa
 1657 00b0 00       		.byte	0
 1658 00b1 00       		.byte	0
 1659 00b2 0F       		.uleb128 0xf
 1660 00b3 17       		.uleb128 0x17
 1661 00b4 01       		.byte	0x1
 1662 00b5 0B       		.uleb128 0xb
 1663 00b6 0B       		.uleb128 0xb
 1664 00b7 3A       		.uleb128 0x3a
 1665 00b8 0B       		.uleb128 0xb
 1666 00b9 3B       		.uleb128 0x3b
 1667 00ba 0B       		.uleb128 0xb
 1668 00bb 01       		.uleb128 0x1
 1669 00bc 13       		.uleb128 0x13
 1670 00bd 00       		.byte	0
 1671 00be 00       		.byte	0
 1672 00bf 10       		.uleb128 0x10
 1673 00c0 0D       		.uleb128 0xd
 1674 00c1 00       		.byte	0
 1675 00c2 03       		.uleb128 0x3
 1676 00c3 08       		.uleb128 0x8
 1677 00c4 3A       		.uleb128 0x3a
 1678 00c5 0B       		.uleb128 0xb
 1679 00c6 3B       		.uleb128 0x3b
 1680 00c7 0B       		.uleb128 0xb
 1681 00c8 49       		.uleb128 0x49
 1682 00c9 13       		.uleb128 0x13
 1683 00ca 00       		.byte	0
 1684 00cb 00       		.byte	0
 1685 00cc 11       		.uleb128 0x11
 1686 00cd 0F       		.uleb128 0xf
 1687 00ce 00       		.byte	0
 1688 00cf 0B       		.uleb128 0xb
 1689 00d0 0B       		.uleb128 0xb
 1690 00d1 49       		.uleb128 0x49
 1691 00d2 13       		.uleb128 0x13
 1692 00d3 00       		.byte	0
 1693 00d4 00       		.byte	0
 1694 00d5 12       		.uleb128 0x12
 1695 00d6 2E       		.uleb128 0x2e
 1696 00d7 01       		.byte	0x1
 1697 00d8 03       		.uleb128 0x3
 1698 00d9 0E       		.uleb128 0xe
 1699 00da 3A       		.uleb128 0x3a
 1700 00db 0B       		.uleb128 0xb
 1701 00dc 3B       		.uleb128 0x3b
 1702 00dd 0B       		.uleb128 0xb
 1703 00de 27       		.uleb128 0x27
 1704 00df 0C       		.uleb128 0xc
 1705 00e0 20       		.uleb128 0x20
 1706 00e1 0B       		.uleb128 0xb
 1707 00e2 01       		.uleb128 0x1
ARM GAS  /tmp/ccTZpSLy.s 			page 31


 1708 00e3 13       		.uleb128 0x13
 1709 00e4 00       		.byte	0
 1710 00e5 00       		.byte	0
 1711 00e6 13       		.uleb128 0x13
 1712 00e7 05       		.uleb128 0x5
 1713 00e8 00       		.byte	0
 1714 00e9 03       		.uleb128 0x3
 1715 00ea 0E       		.uleb128 0xe
 1716 00eb 3A       		.uleb128 0x3a
 1717 00ec 0B       		.uleb128 0xb
 1718 00ed 3B       		.uleb128 0x3b
 1719 00ee 0B       		.uleb128 0xb
 1720 00ef 49       		.uleb128 0x49
 1721 00f0 13       		.uleb128 0x13
 1722 00f1 00       		.byte	0
 1723 00f2 00       		.byte	0
 1724 00f3 14       		.uleb128 0x14
 1725 00f4 26       		.uleb128 0x26
 1726 00f5 00       		.byte	0
 1727 00f6 49       		.uleb128 0x49
 1728 00f7 13       		.uleb128 0x13
 1729 00f8 00       		.byte	0
 1730 00f9 00       		.byte	0
 1731 00fa 15       		.uleb128 0x15
 1732 00fb 2E       		.uleb128 0x2e
 1733 00fc 01       		.byte	0x1
 1734 00fd 3F       		.uleb128 0x3f
 1735 00fe 0C       		.uleb128 0xc
 1736 00ff 03       		.uleb128 0x3
 1737 0100 0E       		.uleb128 0xe
 1738 0101 3A       		.uleb128 0x3a
 1739 0102 0B       		.uleb128 0xb
 1740 0103 3B       		.uleb128 0x3b
 1741 0104 0B       		.uleb128 0xb
 1742 0105 27       		.uleb128 0x27
 1743 0106 0C       		.uleb128 0xc
 1744 0107 11       		.uleb128 0x11
 1745 0108 01       		.uleb128 0x1
 1746 0109 12       		.uleb128 0x12
 1747 010a 01       		.uleb128 0x1
 1748 010b 40       		.uleb128 0x40
 1749 010c 0A       		.uleb128 0xa
 1750 010d 01       		.uleb128 0x1
 1751 010e 13       		.uleb128 0x13
 1752 010f 00       		.byte	0
 1753 0110 00       		.byte	0
 1754 0111 16       		.uleb128 0x16
 1755 0112 05       		.uleb128 0x5
 1756 0113 00       		.byte	0
 1757 0114 03       		.uleb128 0x3
 1758 0115 0E       		.uleb128 0xe
 1759 0116 3A       		.uleb128 0x3a
 1760 0117 0B       		.uleb128 0xb
 1761 0118 3B       		.uleb128 0x3b
 1762 0119 0B       		.uleb128 0xb
 1763 011a 49       		.uleb128 0x49
 1764 011b 13       		.uleb128 0x13
ARM GAS  /tmp/ccTZpSLy.s 			page 32


 1765 011c 02       		.uleb128 0x2
 1766 011d 0A       		.uleb128 0xa
 1767 011e 00       		.byte	0
 1768 011f 00       		.byte	0
 1769 0120 17       		.uleb128 0x17
 1770 0121 1D       		.uleb128 0x1d
 1771 0122 01       		.byte	0x1
 1772 0123 31       		.uleb128 0x31
 1773 0124 13       		.uleb128 0x13
 1774 0125 52       		.uleb128 0x52
 1775 0126 01       		.uleb128 0x1
 1776 0127 55       		.uleb128 0x55
 1777 0128 06       		.uleb128 0x6
 1778 0129 58       		.uleb128 0x58
 1779 012a 0B       		.uleb128 0xb
 1780 012b 59       		.uleb128 0x59
 1781 012c 0B       		.uleb128 0xb
 1782 012d 01       		.uleb128 0x1
 1783 012e 13       		.uleb128 0x13
 1784 012f 00       		.byte	0
 1785 0130 00       		.byte	0
 1786 0131 18       		.uleb128 0x18
 1787 0132 05       		.uleb128 0x5
 1788 0133 00       		.byte	0
 1789 0134 31       		.uleb128 0x31
 1790 0135 13       		.uleb128 0x13
 1791 0136 02       		.uleb128 0x2
 1792 0137 0A       		.uleb128 0xa
 1793 0138 00       		.byte	0
 1794 0139 00       		.byte	0
 1795 013a 19       		.uleb128 0x19
 1796 013b 05       		.uleb128 0x5
 1797 013c 00       		.byte	0
 1798 013d 31       		.uleb128 0x31
 1799 013e 13       		.uleb128 0x13
 1800 013f 1C       		.uleb128 0x1c
 1801 0140 06       		.uleb128 0x6
 1802 0141 00       		.byte	0
 1803 0142 00       		.byte	0
 1804 0143 1A       		.uleb128 0x1a
 1805 0144 1D       		.uleb128 0x1d
 1806 0145 01       		.byte	0x1
 1807 0146 31       		.uleb128 0x31
 1808 0147 13       		.uleb128 0x13
 1809 0148 52       		.uleb128 0x52
 1810 0149 01       		.uleb128 0x1
 1811 014a 55       		.uleb128 0x55
 1812 014b 06       		.uleb128 0x6
 1813 014c 58       		.uleb128 0x58
 1814 014d 0B       		.uleb128 0xb
 1815 014e 59       		.uleb128 0x59
 1816 014f 0B       		.uleb128 0xb
 1817 0150 00       		.byte	0
 1818 0151 00       		.byte	0
 1819 0152 1B       		.uleb128 0x1b
 1820 0153 2E       		.uleb128 0x2e
 1821 0154 01       		.byte	0x1
ARM GAS  /tmp/ccTZpSLy.s 			page 33


 1822 0155 3F       		.uleb128 0x3f
 1823 0156 0C       		.uleb128 0xc
 1824 0157 03       		.uleb128 0x3
 1825 0158 0E       		.uleb128 0xe
 1826 0159 3A       		.uleb128 0x3a
 1827 015a 0B       		.uleb128 0xb
 1828 015b 3B       		.uleb128 0x3b
 1829 015c 0B       		.uleb128 0xb
 1830 015d 27       		.uleb128 0x27
 1831 015e 0C       		.uleb128 0xc
 1832 015f 11       		.uleb128 0x11
 1833 0160 01       		.uleb128 0x1
 1834 0161 12       		.uleb128 0x12
 1835 0162 01       		.uleb128 0x1
 1836 0163 40       		.uleb128 0x40
 1837 0164 06       		.uleb128 0x6
 1838 0165 01       		.uleb128 0x1
 1839 0166 13       		.uleb128 0x13
 1840 0167 00       		.byte	0
 1841 0168 00       		.byte	0
 1842 0169 1C       		.uleb128 0x1c
 1843 016a 05       		.uleb128 0x5
 1844 016b 00       		.byte	0
 1845 016c 03       		.uleb128 0x3
 1846 016d 0E       		.uleb128 0xe
 1847 016e 3A       		.uleb128 0x3a
 1848 016f 0B       		.uleb128 0xb
 1849 0170 3B       		.uleb128 0x3b
 1850 0171 0B       		.uleb128 0xb
 1851 0172 49       		.uleb128 0x49
 1852 0173 13       		.uleb128 0x13
 1853 0174 02       		.uleb128 0x2
 1854 0175 06       		.uleb128 0x6
 1855 0176 00       		.byte	0
 1856 0177 00       		.byte	0
 1857 0178 1D       		.uleb128 0x1d
 1858 0179 34       		.uleb128 0x34
 1859 017a 00       		.byte	0
 1860 017b 03       		.uleb128 0x3
 1861 017c 0E       		.uleb128 0xe
 1862 017d 3A       		.uleb128 0x3a
 1863 017e 0B       		.uleb128 0xb
 1864 017f 3B       		.uleb128 0x3b
 1865 0180 0B       		.uleb128 0xb
 1866 0181 49       		.uleb128 0x49
 1867 0182 13       		.uleb128 0x13
 1868 0183 02       		.uleb128 0x2
 1869 0184 0A       		.uleb128 0xa
 1870 0185 00       		.byte	0
 1871 0186 00       		.byte	0
 1872 0187 1E       		.uleb128 0x1e
 1873 0188 34       		.uleb128 0x34
 1874 0189 00       		.byte	0
 1875 018a 03       		.uleb128 0x3
 1876 018b 0E       		.uleb128 0xe
 1877 018c 3A       		.uleb128 0x3a
 1878 018d 0B       		.uleb128 0xb
ARM GAS  /tmp/ccTZpSLy.s 			page 34


 1879 018e 3B       		.uleb128 0x3b
 1880 018f 0B       		.uleb128 0xb
 1881 0190 49       		.uleb128 0x49
 1882 0191 13       		.uleb128 0x13
 1883 0192 02       		.uleb128 0x2
 1884 0193 06       		.uleb128 0x6
 1885 0194 00       		.byte	0
 1886 0195 00       		.byte	0
 1887 0196 1F       		.uleb128 0x1f
 1888 0197 34       		.uleb128 0x34
 1889 0198 00       		.byte	0
 1890 0199 03       		.uleb128 0x3
 1891 019a 08       		.uleb128 0x8
 1892 019b 3A       		.uleb128 0x3a
 1893 019c 0B       		.uleb128 0xb
 1894 019d 3B       		.uleb128 0x3b
 1895 019e 0B       		.uleb128 0xb
 1896 019f 49       		.uleb128 0x49
 1897 01a0 13       		.uleb128 0x13
 1898 01a1 02       		.uleb128 0x2
 1899 01a2 06       		.uleb128 0x6
 1900 01a3 00       		.byte	0
 1901 01a4 00       		.byte	0
 1902 01a5 20       		.uleb128 0x20
 1903 01a6 0B       		.uleb128 0xb
 1904 01a7 01       		.byte	0x1
 1905 01a8 55       		.uleb128 0x55
 1906 01a9 06       		.uleb128 0x6
 1907 01aa 00       		.byte	0
 1908 01ab 00       		.byte	0
 1909 01ac 21       		.uleb128 0x21
 1910 01ad 34       		.uleb128 0x34
 1911 01ae 00       		.byte	0
 1912 01af 03       		.uleb128 0x3
 1913 01b0 0E       		.uleb128 0xe
 1914 01b1 3A       		.uleb128 0x3a
 1915 01b2 0B       		.uleb128 0xb
 1916 01b3 3B       		.uleb128 0x3b
 1917 01b4 05       		.uleb128 0x5
 1918 01b5 49       		.uleb128 0x49
 1919 01b6 13       		.uleb128 0x13
 1920 01b7 3F       		.uleb128 0x3f
 1921 01b8 0C       		.uleb128 0xc
 1922 01b9 3C       		.uleb128 0x3c
 1923 01ba 0C       		.uleb128 0xc
 1924 01bb 00       		.byte	0
 1925 01bc 00       		.byte	0
 1926 01bd 00       		.byte	0
 1927              		.section	.debug_loc,"",%progbits
 1928              	.Ldebug_loc0:
 1929              	.LLST0:
 1930 0000 00000000 		.4byte	.LFB119
 1931 0004 04000000 		.4byte	.LCFI0
 1932 0008 0200     		.2byte	0x2
 1933 000a 7D       		.byte	0x7d
 1934 000b 00       		.sleb128 0
 1935 000c 04000000 		.4byte	.LCFI0
ARM GAS  /tmp/ccTZpSLy.s 			page 35


 1936 0010 BC000000 		.4byte	.LFE119
 1937 0014 0200     		.2byte	0x2
 1938 0016 7D       		.byte	0x7d
 1939 0017 20       		.sleb128 32
 1940 0018 00000000 		.4byte	0
 1941 001c 00000000 		.4byte	0
 1942              	.LLST1:
 1943 0020 00000000 		.4byte	.LVL10
 1944 0024 B2000000 		.4byte	.LVL27
 1945 0028 0100     		.2byte	0x1
 1946 002a 51       		.byte	0x51
 1947 002b B2000000 		.4byte	.LVL27
 1948 002f B4000000 		.4byte	.LVL28
 1949 0033 0500     		.2byte	0x5
 1950 0035 71       		.byte	0x71
 1951 0036 00       		.sleb128 0
 1952 0037 31       		.byte	0x31
 1953 0038 25       		.byte	0x25
 1954 0039 9F       		.byte	0x9f
 1955 003a B4000000 		.4byte	.LVL28
 1956 003e BC000000 		.4byte	.LFE119
 1957 0042 0100     		.2byte	0x1
 1958 0044 51       		.byte	0x51
 1959 0045 00000000 		.4byte	0
 1960 0049 00000000 		.4byte	0
 1961              	.LLST2:
 1962 004d 00000000 		.4byte	.LVL10
 1963 0051 18000000 		.4byte	.LVL15
 1964 0055 0100     		.2byte	0x1
 1965 0057 52       		.byte	0x52
 1966 0058 00000000 		.4byte	0
 1967 005c 00000000 		.4byte	0
 1968              	.LLST3:
 1969 0060 18000000 		.4byte	.LVL15
 1970 0064 26000000 		.4byte	.LVL16
 1971 0068 0100     		.2byte	0x1
 1972 006a 52       		.byte	0x52
 1973 006b 26000000 		.4byte	.LVL16
 1974 006f BC000000 		.4byte	.LFE119
 1975 0073 0100     		.2byte	0x1
 1976 0075 5A       		.byte	0x5a
 1977 0076 00000000 		.4byte	0
 1978 007a 00000000 		.4byte	0
 1979              	.LLST4:
 1980 007e 18000000 		.4byte	.LVL15
 1981 0082 26000000 		.4byte	.LVL16
 1982 0086 0200     		.2byte	0x2
 1983 0088 30       		.byte	0x30
 1984 0089 9F       		.byte	0x9f
 1985 008a 26000000 		.4byte	.LVL16
 1986 008e BC000000 		.4byte	.LFE119
 1987 0092 0100     		.2byte	0x1
 1988 0094 53       		.byte	0x53
 1989 0095 00000000 		.4byte	0
 1990 0099 00000000 		.4byte	0
 1991              	.LLST5:
 1992 009d 4C000000 		.4byte	.LVL22
ARM GAS  /tmp/ccTZpSLy.s 			page 36


 1993 00a1 5E000000 		.4byte	.LVL25
 1994 00a5 0100     		.2byte	0x1
 1995 00a7 52       		.byte	0x52
 1996 00a8 00000000 		.4byte	0
 1997 00ac 00000000 		.4byte	0
 1998              	.LLST6:
 1999 00b0 50000000 		.4byte	.LVL23
 2000 00b4 B2000000 		.4byte	.LVL27
 2001 00b8 0500     		.2byte	0x5
 2002 00ba 31       		.byte	0x31
 2003 00bb 73       		.byte	0x73
 2004 00bc 00       		.sleb128 0
 2005 00bd 24       		.byte	0x24
 2006 00be 9F       		.byte	0x9f
 2007 00bf 00000000 		.4byte	0
 2008 00c3 00000000 		.4byte	0
 2009              	.LLST7:
 2010 00c7 78000000 		.4byte	.LVL26
 2011 00cb B2000000 		.4byte	.LVL27
 2012 00cf 0700     		.2byte	0x7
 2013 00d1 33       		.byte	0x33
 2014 00d2 73       		.byte	0x73
 2015 00d3 00       		.sleb128 0
 2016 00d4 31       		.byte	0x31
 2017 00d5 24       		.byte	0x24
 2018 00d6 24       		.byte	0x24
 2019 00d7 9F       		.byte	0x9f
 2020 00d8 00000000 		.4byte	0
 2021 00dc 00000000 		.4byte	0
 2022              	.LLST8:
 2023 00e0 50000000 		.4byte	.LVL23
 2024 00e4 56000000 		.4byte	.LVL24
 2025 00e8 0100     		.2byte	0x1
 2026 00ea 5C       		.byte	0x5c
 2027 00eb 00000000 		.4byte	0
 2028 00ef 00000000 		.4byte	0
 2029              		.section	.debug_aranges,"",%progbits
 2030 0000 24000000 		.4byte	0x24
 2031 0004 0200     		.2byte	0x2
 2032 0006 00000000 		.4byte	.Ldebug_info0
 2033 000a 04       		.byte	0x4
 2034 000b 00       		.byte	0
 2035 000c 0000     		.2byte	0
 2036 000e 0000     		.2byte	0
 2037 0010 00000000 		.4byte	.LFB118
 2038 0014 E2010000 		.4byte	.LFE118-.LFB118
 2039 0018 00000000 		.4byte	.LFB119
 2040 001c BC000000 		.4byte	.LFE119-.LFB119
 2041 0020 00000000 		.4byte	0
 2042 0024 00000000 		.4byte	0
 2043              		.section	.debug_ranges,"",%progbits
 2044              	.Ldebug_ranges0:
 2045 0000 28000000 		.4byte	.LBB20
 2046 0004 30000000 		.4byte	.LBE20
 2047 0008 34000000 		.4byte	.LBB27
 2048 000c 4E000000 		.4byte	.LBE27
 2049 0010 00000000 		.4byte	0
ARM GAS  /tmp/ccTZpSLy.s 			page 37


 2050 0014 00000000 		.4byte	0
 2051 0018 30000000 		.4byte	.LBB23
 2052 001c 34000000 		.4byte	.LBE23
 2053 0020 4E000000 		.4byte	.LBB28
 2054 0024 54000000 		.4byte	.LBE28
 2055 0028 58000000 		.4byte	.LBB33
 2056 002c 80000000 		.4byte	.LBE33
 2057 0030 00000000 		.4byte	0
 2058 0034 00000000 		.4byte	0
 2059 0038 54000000 		.4byte	.LBB29
 2060 003c 58000000 		.4byte	.LBE29
 2061 0040 80000000 		.4byte	.LBB34
 2062 0044 9E000000 		.4byte	.LBE34
 2063 0048 A2000000 		.4byte	.LBB39
 2064 004c A4000000 		.4byte	.LBE39
 2065 0050 00000000 		.4byte	0
 2066 0054 00000000 		.4byte	0
 2067 0058 9E000000 		.4byte	.LBB35
 2068 005c A2000000 		.4byte	.LBE35
 2069 0060 A4000000 		.4byte	.LBB40
 2070 0064 AA000000 		.4byte	.LBE40
 2071 0068 AE000000 		.4byte	.LBB45
 2072 006c D6000000 		.4byte	.LBE45
 2073 0070 00000000 		.4byte	0
 2074 0074 00000000 		.4byte	0
 2075 0078 AA000000 		.4byte	.LBB41
 2076 007c AE000000 		.4byte	.LBE41
 2077 0080 D6000000 		.4byte	.LBB46
 2078 0084 FA000000 		.4byte	.LBE46
 2079 0088 FE000000 		.4byte	.LBB51
 2080 008c 00010000 		.4byte	.LBE51
 2081 0090 00000000 		.4byte	0
 2082 0094 00000000 		.4byte	0
 2083 0098 FA000000 		.4byte	.LBB47
 2084 009c FE000000 		.4byte	.LBE47
 2085 00a0 00010000 		.4byte	.LBB52
 2086 00a4 08010000 		.4byte	.LBE52
 2087 00a8 0C010000 		.4byte	.LBB58
 2088 00ac 40010000 		.4byte	.LBE58
 2089 00b0 00000000 		.4byte	0
 2090 00b4 00000000 		.4byte	0
 2091 00b8 08010000 		.4byte	.LBB53
 2092 00bc 0C010000 		.4byte	.LBE53
 2093 00c0 40010000 		.4byte	.LBB59
 2094 00c4 48010000 		.4byte	.LBE59
 2095 00c8 4C010000 		.4byte	.LBB65
 2096 00cc 70010000 		.4byte	.LBE65
 2097 00d0 74010000 		.4byte	.LBB67
 2098 00d4 76010000 		.4byte	.LBE67
 2099 00d8 00000000 		.4byte	0
 2100 00dc 00000000 		.4byte	0
 2101 00e0 48010000 		.4byte	.LBB60
 2102 00e4 4C010000 		.4byte	.LBE60
 2103 00e8 70010000 		.4byte	.LBB66
 2104 00ec 74010000 		.4byte	.LBE66
 2105 00f0 76010000 		.4byte	.LBB68
 2106 00f4 AA010000 		.4byte	.LBE68
ARM GAS  /tmp/ccTZpSLy.s 			page 38


 2107 00f8 AE010000 		.4byte	.LBB72
 2108 00fc B2010000 		.4byte	.LBE72
 2109 0100 00000000 		.4byte	0
 2110 0104 00000000 		.4byte	0
 2111 0108 AA010000 		.4byte	.LBB69
 2112 010c AE010000 		.4byte	.LBE69
 2113 0110 B2010000 		.4byte	.LBB73
 2114 0114 E0010000 		.4byte	.LBE73
 2115 0118 00000000 		.4byte	0
 2116 011c 00000000 		.4byte	0
 2117 0120 1A000000 		.4byte	.LBB74
 2118 0124 26000000 		.4byte	.LBE74
 2119 0128 34000000 		.4byte	.LBB75
 2120 012c B2000000 		.4byte	.LBE75
 2121 0130 00000000 		.4byte	0
 2122 0134 00000000 		.4byte	0
 2123 0138 00000000 		.4byte	.LFB118
 2124 013c E2010000 		.4byte	.LFE118
 2125 0140 00000000 		.4byte	.LFB119
 2126 0144 BC000000 		.4byte	.LFE119
 2127 0148 00000000 		.4byte	0
 2128 014c 00000000 		.4byte	0
 2129              		.section	.debug_line,"",%progbits
 2130              	.Ldebug_line0:
 2131 0000 0C020000 		.section	.debug_str,"MS",%progbits,1
 2131      02005301 
 2131      00000201 
 2131      FB0E0D00 
 2131      01010101 
 2132              	.LASF29:
 2133 0000 41484231 		.ascii	"AHB1LPENR\000"
 2133      4C50454E 
 2133      5200
 2134              	.LASF60:
 2135 000a 50434461 		.ascii	"PCData\000"
 2135      746100
 2136              	.LASF74:
 2137 0011 5F70616C 		.ascii	"_pal_lld_setgroupmode\000"
 2137      5F6C6C64 
 2137      5F736574 
 2137      67726F75 
 2137      706D6F64 
 2138              	.LASF19:
 2139 0027 41504231 		.ascii	"APB1RSTR\000"
 2139      52535452 
 2139      00
 2140              	.LASF23:
 2141 0030 41484232 		.ascii	"AHB2ENR\000"
 2141      454E5200 
 2142              	.LASF57:
 2143 0038 73746D33 		.ascii	"stm32_gpio_setup_t\000"
 2143      325F6770 
 2143      696F5F73 
 2143      65747570 
 2143      5F7400
 2144              	.LASF63:
 2145 004b 50464461 		.ascii	"PFData\000"
ARM GAS  /tmp/ccTZpSLy.s 			page 39


 2145      746100
 2146              	.LASF73:
 2147 0052 5F70616C 		.ascii	"_pal_lld_init\000"
 2147      5F6C6C64 
 2147      5F696E69 
 2147      7400
 2148              	.LASF3:
 2149 0060 73686F72 		.ascii	"short int\000"
 2149      7420696E 
 2149      7400
 2150              	.LASF82:
 2151 006a 696E6974 		.ascii	"initgpio\000"
 2151      6770696F 
 2151      00
 2152              	.LASF71:
 2153 0073 6770696F 		.ascii	"gpiop\000"
 2153      7000
 2154              	.LASF36:
 2155 0079 42444352 		.ascii	"BDCR\000"
 2155      00
 2156              	.LASF66:
 2157 007e 50494461 		.ascii	"PIData\000"
 2157      746100
 2158              	.LASF39:
 2159 0085 504C4C49 		.ascii	"PLLI2SCFGR\000"
 2159      32534346 
 2159      475200
 2160              	.LASF81:
 2161 0090 2F6F7074 		.ascii	"/opt/ChibiOS/ChibiOS_2.4.4/os/hal/platforms/STM32/G"
 2161      2F436869 
 2161      62694F53 
 2161      2F436869 
 2161      62694F53 
 2162 00c3 50494F76 		.ascii	"PIOv2/pal_lld.c\000"
 2162      322F7061 
 2162      6C5F6C6C 
 2162      642E6300 
 2163              	.LASF38:
 2164 00d3 53534347 		.ascii	"SSCGR\000"
 2164      5200
 2165              	.LASF59:
 2166 00d9 50424461 		.ascii	"PBData\000"
 2166      746100
 2167              	.LASF31:
 2168 00e0 41484233 		.ascii	"AHB3LPENR\000"
 2168      4C50454E 
 2168      5200
 2169              	.LASF72:
 2170 00ea 636F6E66 		.ascii	"config\000"
 2170      696700
 2171              	.LASF69:
 2172 00f1 696F6D6F 		.ascii	"iomode_t\000"
 2172      64655F74 
 2172      00
 2173              	.LASF26:
 2174 00fa 41504231 		.ascii	"APB1ENR\000"
 2174      454E5200 
ARM GAS  /tmp/ccTZpSLy.s 			page 40


 2175              	.LASF68:
 2176 0102 696F706F 		.ascii	"ioportmask_t\000"
 2176      72746D61 
 2176      736B5F74 
 2176      00
 2177              	.LASF43:
 2178 010f 4F545950 		.ascii	"OTYPER\000"
 2178      455200
 2179              	.LASF24:
 2180 0116 41484233 		.ascii	"AHB3ENR\000"
 2180      454E5200 
 2181              	.LASF44:
 2182 011e 4F535045 		.ascii	"OSPEEDR\000"
 2182      45445200 
 2183              	.LASF10:
 2184 0126 6C6F6E67 		.ascii	"long long int\000"
 2184      206C6F6E 
 2184      6720696E 
 2184      7400
 2185              	.LASF45:
 2186 0134 50555044 		.ascii	"PUPDR\000"
 2186      5200
 2187              	.LASF53:
 2188 013a 6F737065 		.ascii	"ospeedr\000"
 2188      65647200 
 2189              	.LASF7:
 2190 0142 6C6F6E67 		.ascii	"long int\000"
 2190      20696E74 
 2190      00
 2191              	.LASF61:
 2192 014b 50444461 		.ascii	"PDData\000"
 2192      746100
 2193              	.LASF40:
 2194 0152 5243435F 		.ascii	"RCC_TypeDef\000"
 2194      54797065 
 2194      44656600 
 2195              	.LASF42:
 2196 015e 4D4F4445 		.ascii	"MODER\000"
 2196      5200
 2197              	.LASF20:
 2198 0164 41504232 		.ascii	"APB2RSTR\000"
 2198      52535452 
 2198      00
 2199              	.LASF41:
 2200 016d 636C6561 		.ascii	"clear\000"
 2200      7200
 2201              	.LASF64:
 2202 0173 50474461 		.ascii	"PGData\000"
 2202      746100
 2203              	.LASF58:
 2204 017a 50414461 		.ascii	"PAData\000"
 2204      746100
 2205              	.LASF70:
 2206 0181 696F706F 		.ascii	"ioportid_t\000"
 2206      72746964 
 2206      5F7400
 2207              	.LASF2:
ARM GAS  /tmp/ccTZpSLy.s 			page 41


 2208 018c 756E7369 		.ascii	"unsigned char\000"
 2208      676E6564 
 2208      20636861 
 2208      7200
 2209              	.LASF27:
 2210 019a 41504232 		.ascii	"APB2ENR\000"
 2210      454E5200 
 2211              	.LASF1:
 2212 01a2 7369676E 		.ascii	"signed char\000"
 2212      65642063 
 2212      68617200 
 2213              	.LASF11:
 2214 01ae 6C6F6E67 		.ascii	"long long unsigned int\000"
 2214      206C6F6E 
 2214      6720756E 
 2214      7369676E 
 2214      65642069 
 2215              	.LASF8:
 2216 01c5 75696E74 		.ascii	"uint32_t\000"
 2216      33325F74 
 2216      00
 2217              	.LASF52:
 2218 01ce 6F747970 		.ascii	"otyper\000"
 2218      657200
 2219              	.LASF16:
 2220 01d5 41484232 		.ascii	"AHB2RSTR\000"
 2220      52535452 
 2220      00
 2221              	.LASF5:
 2222 01de 75696E74 		.ascii	"uint16_t\000"
 2222      31365F74 
 2222      00
 2223              	.LASF9:
 2224 01e7 6C6F6E67 		.ascii	"long unsigned int\000"
 2224      20756E73 
 2224      69676E65 
 2224      6420696E 
 2224      7400
 2225              	.LASF49:
 2226 01f9 41465248 		.ascii	"AFRH\000"
 2226      00
 2227              	.LASF13:
 2228 01fe 504C4C43 		.ascii	"PLLCFGR\000"
 2228      46475200 
 2229              	.LASF48:
 2230 0206 4146524C 		.ascii	"AFRL\000"
 2230      00
 2231              	.LASF4:
 2232 020b 73686F72 		.ascii	"short unsigned int\000"
 2232      7420756E 
 2232      7369676E 
 2232      65642069 
 2232      6E7400
 2233              	.LASF33:
 2234 021e 41504231 		.ascii	"APB1LPENR\000"
 2234      4C50454E 
 2234      5200
ARM GAS  /tmp/ccTZpSLy.s 			page 42


 2235              	.LASF12:
 2236 0228 63686172 		.ascii	"char\000"
 2236      00
 2237              	.LASF6:
 2238 022d 696E7433 		.ascii	"int32_t\000"
 2238      325F7400 
 2239              	.LASF67:
 2240 0235 50414C43 		.ascii	"PALConfig\000"
 2240      6F6E6669 
 2240      6700
 2241              	.LASF77:
 2242 023f 6D6F6465 		.ascii	"mode\000"
 2242      00
 2243              	.LASF30:
 2244 0244 41484232 		.ascii	"AHB2LPENR\000"
 2244      4C50454E 
 2244      5200
 2245              	.LASF75:
 2246 024e 706F7274 		.ascii	"port\000"
 2246      00
 2247              	.LASF62:
 2248 0253 50454461 		.ascii	"PEData\000"
 2248      746100
 2249              	.LASF18:
 2250 025a 52455345 		.ascii	"RESERVED0\000"
 2250      52564544 
 2250      3000
 2251              	.LASF21:
 2252 0264 52455345 		.ascii	"RESERVED1\000"
 2252      52564544 
 2252      3100
 2253              	.LASF25:
 2254 026e 52455345 		.ascii	"RESERVED2\000"
 2254      52564544 
 2254      3200
 2255              	.LASF28:
 2256 0278 52455345 		.ascii	"RESERVED3\000"
 2256      52564544 
 2256      3300
 2257              	.LASF32:
 2258 0282 52455345 		.ascii	"RESERVED4\000"
 2258      52564544 
 2258      3400
 2259              	.LASF35:
 2260 028c 52455345 		.ascii	"RESERVED5\000"
 2260      52564544 
 2260      3500
 2261              	.LASF37:
 2262 0296 52455345 		.ascii	"RESERVED6\000"
 2262      52564544 
 2262      3600
 2263              	.LASF65:
 2264 02a0 50484461 		.ascii	"PHData\000"
 2264      746100
 2265              	.LASF22:
 2266 02a7 41484231 		.ascii	"AHB1ENR\000"
 2266      454E5200 
ARM GAS  /tmp/ccTZpSLy.s 			page 43


 2267              	.LASF76:
 2268 02af 6D61736B 		.ascii	"mask\000"
 2268      00
 2269              	.LASF54:
 2270 02b4 70757064 		.ascii	"pupdr\000"
 2270      7200
 2271              	.LASF56:
 2272 02ba 61667268 		.ascii	"afrh\000"
 2272      00
 2273              	.LASF55:
 2274 02bf 6166726C 		.ascii	"afrl\000"
 2274      00
 2275              	.LASF51:
 2276 02c4 6D6F6465 		.ascii	"moder\000"
 2276      7200
 2277              	.LASF15:
 2278 02ca 41484231 		.ascii	"AHB1RSTR\000"
 2278      52535452 
 2278      00
 2279              	.LASF50:
 2280 02d3 4750494F 		.ascii	"GPIO_TypeDef\000"
 2280      5F547970 
 2280      65446566 
 2280      00
 2281              	.LASF80:
 2282 02e0 474E5520 		.ascii	"GNU C 4.6.3\000"
 2282      4320342E 
 2282      362E3300 
 2283              	.LASF17:
 2284 02ec 41484233 		.ascii	"AHB3RSTR\000"
 2284      52535452 
 2284      00
 2285              	.LASF78:
 2286 02f5 616C7472 		.ascii	"altr\000"
 2286      00
 2287              	.LASF83:
 2288 02fa 49544D5F 		.ascii	"ITM_RxBuffer\000"
 2288      52784275 
 2288      66666572 
 2288      00
 2289              	.LASF79:
 2290 0307 616C7472 		.ascii	"altrmask\000"
 2290      6D61736B 
 2290      00
 2291              	.LASF0:
 2292 0310 756E7369 		.ascii	"unsigned int\000"
 2292      676E6564 
 2292      20696E74 
 2292      00
 2293              	.LASF14:
 2294 031d 43464752 		.ascii	"CFGR\000"
 2294      00
 2295              	.LASF47:
 2296 0322 4C434B52 		.ascii	"LCKR\000"
 2296      00
 2297              	.LASF34:
 2298 0327 41504232 		.ascii	"APB2LPENR\000"
ARM GAS  /tmp/ccTZpSLy.s 			page 44


 2298      4C50454E 
 2298      5200
 2299              	.LASF46:
 2300 0331 42535252 		.ascii	"BSRR\000"
 2300      00
 2301              		.ident	"GCC: (Sourcery CodeBench Lite 2012.03-56) 4.6.3"
ARM GAS  /tmp/ccTZpSLy.s 			page 45


DEFINED SYMBOLS
                            *ABS*:00000000 pal_lld.c
     /tmp/ccTZpSLy.s:21     .text._pal_lld_init:00000000 $t
     /tmp/ccTZpSLy.s:27     .text._pal_lld_init:00000000 _pal_lld_init
     /tmp/ccTZpSLy.s:386    .text._pal_lld_setgroupmode:00000000 $t
     /tmp/ccTZpSLy.s:392    .text._pal_lld_setgroupmode:00000000 _pal_lld_setgroupmode
                     .debug_frame:00000010 $d

NO UNDEFINED SYMBOLS
